In file included from [01m[K/home/rizy/planner/3d-navi/3d-navi-ros2_v1/src/uav_simulator/Utils/uav_utils/include/uav_utils/utils.h:6[m[K,
                 from [01m[K/home/rizy/planner/3d-navi/3d-navi-ros2_v1/src/uav_simulator/Utils/uav_utils/src/uav_utils_test.cpp:2[m[K:
[01m[K/home/rizy/planner/3d-navi/3d-navi-ros2_v1/src/uav_simulator/Utils/uav_utils/include/uav_utils/converters.h:16:66:[m[K [01;35m[Kwarning: [m[K‘[01m[Knav_msgs::msg::Odometry_<std::allocator<void> >::ConstPtr[m[K’ is deprecated [[01;35m[K]8;;https://gcc.gnu.org/onlinedocs/gcc/Warning-Options.html#index-Wdeprecated-declarations-Wdeprecated-declarations]8;;[m[K]
   16 |                         Eigen::Vector3d& v, Eigen::Quaterniond& q[01;35m[K)[m[K
      |                                                                  [01;35m[K^[m[K
In file included from [01m[K/opt/ros/humble/include/nav_msgs/nav_msgs/msg/odometry.hpp:7[m[K,
                 from [01m[K/home/rizy/planner/3d-navi/3d-navi-ros2_v1/src/uav_simulator/Utils/uav_utils/include/uav_utils/converters.h:4[m[K,
                 from [01m[K/home/rizy/planner/3d-navi/3d-navi-ros2_v1/src/uav_simulator/Utils/uav_utils/include/uav_utils/utils.h:6[m[K,
                 from [01m[K/home/rizy/planner/3d-navi/3d-navi-ros2_v1/src/uav_simulator/Utils/uav_utils/src/uav_utils_test.cpp:2[m[K:
[01m[K/opt/ros/humble/include/nav_msgs/nav_msgs/msg/detail/odometry__struct.hpp:146:5:[m[K [01;36m[Knote: [m[Kdeclared here
  146 |     [01;36m[KConstPtr[m[K;
      |     [01;36m[K^~~~~~~~[m[K
In file included from [01m[K/home/rizy/planner/3d-navi/3d-navi-ros2_v1/src/uav_simulator/Utils/uav_utils/include/uav_utils/utils.h:6[m[K,
                 from [01m[K/home/rizy/planner/3d-navi/3d-navi-ros2_v1/src/uav_simulator/Utils/uav_utils/src/uav_utils_test.cpp:2[m[K:
[01m[K/home/rizy/planner/3d-navi/3d-navi-ros2_v1/src/uav_simulator/Utils/uav_utils/include/uav_utils/converters.h:33:84:[m[K [01;35m[Kwarning: [m[K‘[01m[Knav_msgs::msg::Odometry_<std::allocator<void> >::ConstPtr[m[K’ is deprecated [[01;35m[K]8;;https://gcc.gnu.org/onlinedocs/gcc/Warning-Options.html#index-Wdeprecated-declarations-Wdeprecated-declarations]8;;[m[K]
   33 |                       Eigen::Vector3d& v, Eigen::Quaterniond& q, Eigen::Vector3d& w[01;35m[K)[m[K
      |                                                                                    [01;35m[K^[m[K
In file included from [01m[K/opt/ros/humble/include/nav_msgs/nav_msgs/msg/odometry.hpp:7[m[K,
                 from [01m[K/home/rizy/planner/3d-navi/3d-navi-ros2_v1/src/uav_simulator/Utils/uav_utils/include/uav_utils/converters.h:4[m[K,
                 from [01m[K/home/rizy/planner/3d-navi/3d-navi-ros2_v1/src/uav_simulator/Utils/uav_utils/include/uav_utils/utils.h:6[m[K,
                 from [01m[K/home/rizy/planner/3d-navi/3d-navi-ros2_v1/src/uav_simulator/Utils/uav_utils/src/uav_utils_test.cpp:2[m[K:
[01m[K/opt/ros/humble/include/nav_msgs/nav_msgs/msg/detail/odometry__struct.hpp:146:5:[m[K [01;36m[Knote: [m[Kdeclared here
  146 |     [01;36m[KConstPtr[m[K;
      |     [01;36m[K^~~~~~~~[m[K
