[0.014s] Invoking command in '/home/rizy/planner/3d-navi/3d-navi-ros2_v1/build/uav_utils': AMENT_PREFIX_PATH=/home/rizy/planner/3d-navi/3d-navi-ros2_v1/install/cmake_utils:${AMENT_PREFIX_PATH} CMAKE_PREFIX_PATH=/home/rizy/planner/3d-navi/3d-navi-ros2_v1/install/cmake_utils:/opt/ros/humble CONDA_PROMPT_MODIFIER=(myenv) /usr/bin/cmake /home/rizy/planner/3d-navi/3d-navi-ros2_v1/src/uav_simulator/Utils/uav_utils -DAMENT_CMAKE_SYMLINK_INSTALL=1 -DCMAKE_INSTALL_PREFIX=/home/rizy/planner/3d-navi/3d-navi-ros2_v1/install/uav_utils
[0.123s] -- The C compiler identification is GNU 11.4.0
[0.243s] -- The CXX compiler identification is GNU 11.4.0
[0.254s] -- Detecting C compiler ABI info
[0.395s] -- Detecting C compiler ABI info - done
[0.403s] -- Check for working C compiler: /usr/bin/cc - skipped
[0.403s] -- Detecting C compile features
[0.404s] -- Detecting C compile features - done
[0.407s] -- Detecting CXX compiler ABI info
[0.555s] -- Detecting CXX compiler ABI info - done
[0.561s] -- Check for working CXX compiler: /usr/bin/c++ - skipped
[0.561s] -- Detecting CXX compile features
[0.562s] -- Detecting CXX compile features - done
[0.565s] -- Found ament_cmake: 1.3.12 (/opt/ros/humble/share/ament_cmake/cmake)
[0.989s] -- Found Python3: /home/rizy/anaconda3/envs/myenv/bin/python3 (found version "3.10.19") found components: Interpreter 
[1.066s] -- Override CMake install command with custom implementation using symlinks instead of copying resources
[1.099s] -- Found rclcpp: 16.0.16 (/opt/ros/humble/share/rclcpp/cmake)
[1.139s] -- Found rosidl_generator_c: 3.1.7 (/opt/ros/humble/share/rosidl_generator_c/cmake)
[1.144s] -- Found rosidl_adapter: 3.1.7 (/opt/ros/humble/share/rosidl_adapter/cmake)
[1.150s] -- Found rosidl_generator_cpp: 3.1.7 (/opt/ros/humble/share/rosidl_generator_cpp/cmake)
[1.158s] -- Using all available rosidl_typesupport_c: rosidl_typesupport_fastrtps_c;rosidl_typesupport_introspection_c
[1.170s] -- Using all available rosidl_typesupport_cpp: rosidl_typesupport_fastrtps_cpp;rosidl_typesupport_introspection_cpp
[1.207s] -- Found rmw_implementation_cmake: 6.1.2 (/opt/ros/humble/share/rmw_implementation_cmake/cmake)
[1.209s] -- Found rmw_cyclonedds_cpp: 1.3.4 (/opt/ros/humble/share/rmw_cyclonedds_cpp/cmake)
[1.227s] -- Using RMW implementation 'rmw_cyclonedds_cpp' as default
[1.236s] -- Looking for pthread.h
[1.369s] -- Looking for pthread.h - found
[1.369s] -- Performing Test CMAKE_HAVE_LIBC_PTHREAD
[1.481s] -- Performing Test CMAKE_HAVE_LIBC_PTHREAD - Success
[1.482s] -- Found Threads: TRUE  
[1.529s] -- Found rclpy: 3.3.19 (/opt/ros/humble/share/rclpy/cmake)
[1.532s] -- Found nav_msgs: 4.9.0 (/opt/ros/humble/share/nav_msgs/cmake)
[1.550s] -- Found cmake_utils: 0.0.0 (/home/rizy/planner/3d-navi/3d-navi-ros2_v1/install/cmake_utils/share/cmake_utils/cmake)
[1.551s] -- Found ament_cmake_gtest: 1.3.12 (/opt/ros/humble/share/ament_cmake_gtest/cmake)
[1.565s] -- Found ament_lint_auto: 0.12.14 (/opt/ros/humble/share/ament_lint_auto/cmake)
[1.822s] -- Found gtest sources under '/opt/ros/humble/src/gtest_vendor': C++ tests using 'Google Test' will be built
[1.835s] -- Added test 'cppcheck' to perform static code analysis on C / C++ code
[1.835s] -- Configured cppcheck include dirs: /home/rizy/planner/3d-navi/3d-navi-ros2_v1/src/uav_simulator/Utils/uav_utils/include
[1.835s] -- Configured cppcheck exclude dirs and/or files: 
[1.837s] -- Added test 'flake8' to check Python code syntax and style conventions
[1.837s] -- Added test 'lint_cmake' to check CMake code style
[1.840s] -- Added test 'pep257' to check Python code against some of the docstring style conventions in PEP 257
[1.840s] -- Added test 'uncrustify' to check C / C++ code style
[1.840s] -- Configured uncrustify additional arguments: 
[1.840s] -- Added test 'xmllint' to check XML markup files
[1.843s] -- Configuring done
[1.866s] -- Generating done
[1.869s] -- Build files have been written to: /home/rizy/planner/3d-navi/3d-navi-ros2_v1/build/uav_utils
[1.916s] Invoked command in '/home/rizy/planner/3d-navi/3d-navi-ros2_v1/build/uav_utils' returned '0': AMENT_PREFIX_PATH=/home/rizy/planner/3d-navi/3d-navi-ros2_v1/install/cmake_utils:${AMENT_PREFIX_PATH} CMAKE_PREFIX_PATH=/home/rizy/planner/3d-navi/3d-navi-ros2_v1/install/cmake_utils:/opt/ros/humble CONDA_PROMPT_MODIFIER=(myenv) /usr/bin/cmake /home/rizy/planner/3d-navi/3d-navi-ros2_v1/src/uav_simulator/Utils/uav_utils -DAMENT_CMAKE_SYMLINK_INSTALL=1 -DCMAKE_INSTALL_PREFIX=/home/rizy/planner/3d-navi/3d-navi-ros2_v1/install/uav_utils
[1.917s] Invoking command in '/home/rizy/planner/3d-navi/3d-navi-ros2_v1/build/uav_utils': AMENT_PREFIX_PATH=/home/rizy/planner/3d-navi/3d-navi-ros2_v1/install/cmake_utils:${AMENT_PREFIX_PATH} CMAKE_PREFIX_PATH=/home/rizy/planner/3d-navi/3d-navi-ros2_v1/install/cmake_utils:/opt/ros/humble CONDA_PROMPT_MODIFIER=(myenv) /usr/bin/cmake --build /home/rizy/planner/3d-navi/3d-navi-ros2_v1/build/uav_utils -- -j32 -l32
[2.054s] [ 33%] [32mBuilding CXX object gtest/CMakeFiles/gtest_main.dir/src/gtest_main.cc.o[0m
[2.054s] [ 33%] [32mBuilding CXX object gtest/CMakeFiles/gtest.dir/src/gtest-all.cc.o[0m
[3.939s] [ 50%] [32m[1mLinking CXX static library libgtest_main.a[0m
[4.119s] [ 50%] Built target gtest_main
[18.979s] [ 66%] [32m[1mLinking CXX static library libgtest.a[0m
[19.103s] [ 66%] Built target gtest
[19.128s] [ 83%] [32mBuilding CXX object CMakeFiles/uav_utils_test.dir/src/uav_utils_test.cpp.o[0m
[24.427s] In file included from [01m[K/home/rizy/planner/3d-navi/3d-navi-ros2_v1/src/uav_simulator/Utils/uav_utils/include/uav_utils/utils.h:6[m[K,
[24.427s]                  from [01m[K/home/rizy/planner/3d-navi/3d-navi-ros2_v1/src/uav_simulator/Utils/uav_utils/src/uav_utils_test.cpp:2[m[K:
[24.427s] [01m[K/home/rizy/planner/3d-navi/3d-navi-ros2_v1/src/uav_simulator/Utils/uav_utils/include/uav_utils/converters.h:16:66:[m[K [01;35m[Kwarning: [m[K‘[01m[Knav_msgs::msg::Odometry_<std::allocator<void> >::ConstPtr[m[K’ is deprecated [[01;35m[K]8;;https://gcc.gnu.org/onlinedocs/gcc/Warning-Options.html#index-Wdeprecated-declarations-Wdeprecated-declarations]8;;[m[K]
[24.427s]    16 |                         Eigen::Vector3d& v, Eigen::Quaterniond& q[01;35m[K)[m[K
[24.427s]       |                                                                  [01;35m[K^[m[K
[24.427s] In file included from [01m[K/opt/ros/humble/include/nav_msgs/nav_msgs/msg/odometry.hpp:7[m[K,
[24.427s]                  from [01m[K/home/rizy/planner/3d-navi/3d-navi-ros2_v1/src/uav_simulator/Utils/uav_utils/include/uav_utils/converters.h:4[m[K,
[24.427s]                  from [01m[K/home/rizy/planner/3d-navi/3d-navi-ros2_v1/src/uav_simulator/Utils/uav_utils/include/uav_utils/utils.h:6[m[K,
[24.427s]                  from [01m[K/home/rizy/planner/3d-navi/3d-navi-ros2_v1/src/uav_simulator/Utils/uav_utils/src/uav_utils_test.cpp:2[m[K:
[24.427s] [01m[K/opt/ros/humble/include/nav_msgs/nav_msgs/msg/detail/odometry__struct.hpp:146:5:[m[K [01;36m[Knote: [m[Kdeclared here
[24.427s]   146 |     [01;36m[KConstPtr[m[K;
[24.427s]       |     [01;36m[K^~~~~~~~[m[K
[24.443s] In file included from [01m[K/home/rizy/planner/3d-navi/3d-navi-ros2_v1/src/uav_simulator/Utils/uav_utils/include/uav_utils/utils.h:6[m[K,
[24.443s]                  from [01m[K/home/rizy/planner/3d-navi/3d-navi-ros2_v1/src/uav_simulator/Utils/uav_utils/src/uav_utils_test.cpp:2[m[K:
[24.443s] [01m[K/home/rizy/planner/3d-navi/3d-navi-ros2_v1/src/uav_simulator/Utils/uav_utils/include/uav_utils/converters.h:33:84:[m[K [01;35m[Kwarning: [m[K‘[01m[Knav_msgs::msg::Odometry_<std::allocator<void> >::ConstPtr[m[K’ is deprecated [[01;35m[K]8;;https://gcc.gnu.org/onlinedocs/gcc/Warning-Options.html#index-Wdeprecated-declarations-Wdeprecated-declarations]8;;[m[K]
[24.443s]    33 |                       Eigen::Vector3d& v, Eigen::Quaterniond& q, Eigen::Vector3d& w[01;35m[K)[m[K
[24.443s]       |                                                                                    [01;35m[K^[m[K
[24.443s] In file included from [01m[K/opt/ros/humble/include/nav_msgs/nav_msgs/msg/odometry.hpp:7[m[K,
[24.443s]                  from [01m[K/home/rizy/planner/3d-navi/3d-navi-ros2_v1/src/uav_simulator/Utils/uav_utils/include/uav_utils/converters.h:4[m[K,
[24.443s]                  from [01m[K/home/rizy/planner/3d-navi/3d-navi-ros2_v1/src/uav_simulator/Utils/uav_utils/include/uav_utils/utils.h:6[m[K,
[24.443s]                  from [01m[K/home/rizy/planner/3d-navi/3d-navi-ros2_v1/src/uav_simulator/Utils/uav_utils/src/uav_utils_test.cpp:2[m[K:
[24.443s] [01m[K/opt/ros/humble/include/nav_msgs/nav_msgs/msg/detail/odometry__struct.hpp:146:5:[m[K [01;36m[Knote: [m[Kdeclared here
[24.443s]   146 |     [01;36m[KConstPtr[m[K;
[24.443s]       |     [01;36m[K^~~~~~~~[m[K
[31.156s] [100%] [32m[1mLinking CXX executable uav_utils_test[0m
[31.321s] [100%] Built target uav_utils_test
[31.330s] Invoked command in '/home/rizy/planner/3d-navi/3d-navi-ros2_v1/build/uav_utils' returned '0': AMENT_PREFIX_PATH=/home/rizy/planner/3d-navi/3d-navi-ros2_v1/install/cmake_utils:${AMENT_PREFIX_PATH} CMAKE_PREFIX_PATH=/home/rizy/planner/3d-navi/3d-navi-ros2_v1/install/cmake_utils:/opt/ros/humble CONDA_PROMPT_MODIFIER=(myenv) /usr/bin/cmake --build /home/rizy/planner/3d-navi/3d-navi-ros2_v1/build/uav_utils -- -j32 -l32
[31.332s] Invoking command in '/home/rizy/planner/3d-navi/3d-navi-ros2_v1/build/uav_utils': AMENT_PREFIX_PATH=/home/rizy/planner/3d-navi/3d-navi-ros2_v1/install/cmake_utils:${AMENT_PREFIX_PATH} CMAKE_PREFIX_PATH=/home/rizy/planner/3d-navi/3d-navi-ros2_v1/install/cmake_utils:/opt/ros/humble CONDA_PROMPT_MODIFIER=(myenv) /usr/bin/cmake --install /home/rizy/planner/3d-navi/3d-navi-ros2_v1/build/uav_utils
[31.336s] -- Install configuration: ""
[31.337s] -- Execute custom install script
[31.337s] -- Symlinking: /home/rizy/planner/3d-navi/3d-navi-ros2_v1/install/uav_utils/share/ament_index/resource_index/package_run_dependencies/uav_utils
[31.343s] -- Symlinking: /home/rizy/planner/3d-navi/3d-navi-ros2_v1/install/uav_utils/share/ament_index/resource_index/parent_prefix_path/uav_utils
[31.351s] -- Symlinking: /home/rizy/planner/3d-navi/3d-navi-ros2_v1/install/uav_utils/share/uav_utils/environment/ament_prefix_path.sh
[31.358s] -- Symlinking: /home/rizy/planner/3d-navi/3d-navi-ros2_v1/install/uav_utils/share/uav_utils/environment/ament_prefix_path.dsv
[31.364s] -- Symlinking: /home/rizy/planner/3d-navi/3d-navi-ros2_v1/install/uav_utils/share/uav_utils/environment/path.sh
[31.370s] -- Symlinking: /home/rizy/planner/3d-navi/3d-navi-ros2_v1/install/uav_utils/share/uav_utils/environment/path.dsv
[31.377s] -- Symlinking: /home/rizy/planner/3d-navi/3d-navi-ros2_v1/install/uav_utils/share/uav_utils/local_setup.bash
[31.385s] -- Symlinking: /home/rizy/planner/3d-navi/3d-navi-ros2_v1/install/uav_utils/share/uav_utils/local_setup.sh
[31.398s] -- Symlinking: /home/rizy/planner/3d-navi/3d-navi-ros2_v1/install/uav_utils/share/uav_utils/local_setup.zsh
[31.405s] -- Symlinking: /home/rizy/planner/3d-navi/3d-navi-ros2_v1/install/uav_utils/share/uav_utils/local_setup.dsv
[31.411s] -- Symlinking: /home/rizy/planner/3d-navi/3d-navi-ros2_v1/install/uav_utils/share/uav_utils/package.dsv
[31.417s] -- Symlinking: /home/rizy/planner/3d-navi/3d-navi-ros2_v1/install/uav_utils/share/ament_index/resource_index/packages/uav_utils
[31.423s] -- Symlinking: /home/rizy/planner/3d-navi/3d-navi-ros2_v1/install/uav_utils/share/uav_utils/cmake/ament_cmake_export_include_directories-extras.cmake
[31.429s] -- Symlinking: /home/rizy/planner/3d-navi/3d-navi-ros2_v1/install/uav_utils/share/uav_utils/cmake/uav_utilsConfig.cmake
[31.435s] -- Symlinking: /home/rizy/planner/3d-navi/3d-navi-ros2_v1/install/uav_utils/share/uav_utils/cmake/uav_utilsConfig-version.cmake
[31.441s] -- Symlinking: /home/rizy/planner/3d-navi/3d-navi-ros2_v1/install/uav_utils/share/uav_utils/package.xml
[31.448s] -- Installing: /home/rizy/planner/3d-navi/3d-navi-ros2_v1/install/uav_utils/include/uav_utils
[31.448s] -- Installing: /home/rizy/planner/3d-navi/3d-navi-ros2_v1/install/uav_utils/include/uav_utils/geometry_utils.h
[31.448s] -- Installing: /home/rizy/planner/3d-navi/3d-navi-ros2_v1/install/uav_utils/include/uav_utils/utils.h
[31.448s] -- Installing: /home/rizy/planner/3d-navi/3d-navi-ros2_v1/install/uav_utils/include/uav_utils/converters.h
[31.457s] Invoked command in '/home/rizy/planner/3d-navi/3d-navi-ros2_v1/build/uav_utils' returned '0': AMENT_PREFIX_PATH=/home/rizy/planner/3d-navi/3d-navi-ros2_v1/install/cmake_utils:${AMENT_PREFIX_PATH} CMAKE_PREFIX_PATH=/home/rizy/planner/3d-navi/3d-navi-ros2_v1/install/cmake_utils:/opt/ros/humble CONDA_PROMPT_MODIFIER=(myenv) /usr/bin/cmake --install /home/rizy/planner/3d-navi/3d-navi-ros2_v1/build/uav_utils
