CMake Warning at CMakeLists.txt:48 (add_library):
  Cannot generate a safe runtime search path for target so3_control_component
  because files in some directories may conflict with libraries in implicit
  directories:

    runtime library [libpython3.10.so.1.0] in /usr/lib/x86_64-linux-gnu may be hidden by files in:
      /home/rizy/anaconda3/envs/myenv/lib

  Some of these libraries may not be found correctly.


CMake Warning at CMakeLists.txt:66 (add_executable):
  Cannot generate a safe runtime search path for target control_example
  because files in some directories may conflict with libraries in implicit
  directories:

    runtime library [libpython3.10.so.1.0] in /usr/lib/x86_64-linux-gnu may be hidden by files in:
      /home/rizy/anaconda3/envs/myenv/lib

  Some of these libraries may not be found correctly.


/home/rizy/planner/3d-navi/3d-navi-ros2_v1/src/uav_simulator/so3_control/src/so3_control_component.cpp:30:89: warning: ‘quadrotor_msgs::msg::PositionCommand_<std::allocator<void> >::ConstPtr’ is deprecated [-Wdeprecated-declarations]
   30 |     void position_cmd_callback(const quadrotor_msgs::msg::PositionCommand::ConstPtr &cmd);
      |                                                                                         ^
In file included from /home/rizy/planner/3d-navi/3d-navi-ros2_v1/build/quadrotor_msgs/rosidl_generator_cpp/quadrotor_msgs/msg/position_command.hpp:7,
                 from /home/rizy/planner/3d-navi/3d-navi-ros2_v1/src/uav_simulator/so3_control/src/so3_control_component.cpp:5:
/home/rizy/planner/3d-navi/3d-navi-ros2_v1/build/quadrotor_msgs/rosidl_generator_cpp/quadrotor_msgs/msg/detail/position_command__struct.hpp:228:5: note: declared here
  228 |     ConstPtr;
      |     ^~~~~~~~
/home/rizy/planner/3d-navi/3d-navi-ros2_v1/src/uav_simulator/so3_control/src/so3_control_component.cpp:31:69: warning: ‘nav_msgs::msg::Odometry_<std::allocator<void> >::ConstPtr’ is deprecated [-Wdeprecated-declarations]
   31 |     void odom_callback(const nav_msgs::msg::Odometry::ConstPtr &odom);
      |                                                                     ^
In file included from /opt/ros/humble/include/nav_msgs/nav_msgs/msg/odometry.hpp:7,
                 from /home/rizy/planner/3d-navi/3d-navi-ros2_v1/src/uav_simulator/so3_control/src/so3_control_component.cpp:2:
/opt/ros/humble/include/nav_msgs/nav_msgs/msg/detail/odometry__struct.hpp:146:5: note: declared here
  146 |     ConstPtr;
      |     ^~~~~~~~
/home/rizy/planner/3d-navi/3d-navi-ros2_v1/src/uav_simulator/so3_control/src/so3_control_component.cpp:32:73: warning: ‘std_msgs::msg::Bool_<std::allocator<void> >::ConstPtr’ is deprecated [-Wdeprecated-declarations]
   32 |     void enable_motors_callback(const std_msgs::msg::Bool::ConstPtr &msg);
      |                                                                         ^
In file included from /opt/ros/humble/include/std_msgs/std_msgs/msg/bool.hpp:7,
                 from /home/rizy/planner/3d-navi/3d-navi-ros2_v1/src/uav_simulator/so3_control/src/so3_control_component.cpp:10:
/opt/ros/humble/include/std_msgs/std_msgs/msg/detail/bool__struct.hpp:105:5: note: declared here
  105 |     ConstPtr;
      |     ^~~~~~~~
/home/rizy/planner/3d-navi/3d-navi-ros2_v1/src/uav_simulator/so3_control/src/so3_control_component.cpp:33:84: warning: ‘quadrotor_msgs::msg::Corrections_<std::allocator<void> >::ConstPtr’ is deprecated [-Wdeprecated-declarations]
   33 |     void corrections_callback(const quadrotor_msgs::msg::Corrections::ConstPtr &msg);
      |                                                                                    ^
In file included from /home/rizy/planner/3d-navi/3d-navi-ros2_v1/build/quadrotor_msgs/rosidl_generator_cpp/quadrotor_msgs/msg/corrections.hpp:7,
                 from /home/rizy/planner/3d-navi/3d-navi-ros2_v1/src/uav_simulator/so3_control/src/so3_control_component.cpp:4:
/home/rizy/planner/3d-navi/3d-navi-ros2_v1/build/quadrotor_msgs/rosidl_generator_cpp/quadrotor_msgs/msg/detail/corrections__struct.hpp:116:5: note: declared here
  116 |     ConstPtr;
      |     ^~~~~~~~
/home/rizy/planner/3d-navi/3d-navi-ros2_v1/src/uav_simulator/so3_control/src/so3_control_component.cpp:97:106: warning: ‘quadrotor_msgs::msg::PositionCommand_<std::allocator<void> >::ConstPtr’ is deprecated [-Wdeprecated-declarations]
   97 | void SO3ControlComponent::position_cmd_callback(const quadrotor_msgs::msg::PositionCommand::ConstPtr &cmd)
      |                                                                                                          ^
In file included from /home/rizy/planner/3d-navi/3d-navi-ros2_v1/build/quadrotor_msgs/rosidl_generator_cpp/quadrotor_msgs/msg/position_command.hpp:7,
                 from /home/rizy/planner/3d-navi/3d-navi-ros2_v1/src/uav_simulator/so3_control/src/so3_control_component.cpp:5:
/home/rizy/planner/3d-navi/3d-navi-ros2_v1/build/quadrotor_msgs/rosidl_generator_cpp/quadrotor_msgs/msg/detail/position_command__struct.hpp:228:5: note: declared here
  228 |     ConstPtr;
      |     ^~~~~~~~
/home/rizy/planner/3d-navi/3d-navi-ros2_v1/src/uav_simulator/so3_control/src/so3_control_component.cpp:121:86: warning: ‘nav_msgs::msg::Odometry_<std::allocator<void> >::ConstPtr’ is deprecated [-Wdeprecated-declarations]
  121 | void SO3ControlComponent::odom_callback(const nav_msgs::msg::Odometry::ConstPtr &odom)
      |                                                                                      ^
In file included from /opt/ros/humble/include/nav_msgs/nav_msgs/msg/odometry.hpp:7,
                 from /home/rizy/planner/3d-navi/3d-navi-ros2_v1/src/uav_simulator/so3_control/src/so3_control_component.cpp:2:
/opt/ros/humble/include/nav_msgs/nav_msgs/msg/detail/odometry__struct.hpp:146:5: note: declared here
  146 |     ConstPtr;
      |     ^~~~~~~~
/home/rizy/planner/3d-navi/3d-navi-ros2_v1/src/uav_simulator/so3_control/src/so3_control_component.cpp:172:90: warning: ‘std_msgs::msg::Bool_<std::allocator<void> >::ConstPtr’ is deprecated [-Wdeprecated-declarations]
  172 | void SO3ControlComponent::enable_motors_callback(const std_msgs::msg::Bool::ConstPtr &msg)
      |                                                                                          ^
In file included from /opt/ros/humble/include/std_msgs/std_msgs/msg/bool.hpp:7,
                 from /home/rizy/planner/3d-navi/3d-navi-ros2_v1/src/uav_simulator/so3_control/src/so3_control_component.cpp:10:
/opt/ros/humble/include/std_msgs/std_msgs/msg/detail/bool__struct.hpp:105:5: note: declared here
  105 |     ConstPtr;
      |     ^~~~~~~~
/home/rizy/planner/3d-navi/3d-navi-ros2_v1/src/uav_simulator/so3_control/src/so3_control_component.cpp:183:58: warning: ‘quadrotor_msgs::msg::Corrections_<std::allocator<void> >::ConstPtr’ is deprecated [-Wdeprecated-declarations]
  183 |     const quadrotor_msgs::msg::Corrections::ConstPtr &msg)
      |                                                          ^
In file included from /home/rizy/planner/3d-navi/3d-navi-ros2_v1/build/quadrotor_msgs/rosidl_generator_cpp/quadrotor_msgs/msg/corrections.hpp:7,
                 from /home/rizy/planner/3d-navi/3d-navi-ros2_v1/src/uav_simulator/so3_control/src/so3_control_component.cpp:4:
/home/rizy/planner/3d-navi/3d-navi-ros2_v1/build/quadrotor_msgs/rosidl_generator_cpp/quadrotor_msgs/msg/detail/corrections__struct.hpp:116:5: note: declared here
  116 |     ConstPtr;
      |     ^~~~~~~~
