-- Found ament_cmake: 1.3.12 (/opt/ros/humble/share/ament_cmake/cmake)
-- Override CMake install command with custom implementation using symlinks instead of copying resources
-- Found rclcpp: 16.0.16 (/opt/ros/humble/share/rclcpp/cmake)
-- Found rosidl_generator_c: 3.1.7 (/opt/ros/humble/share/rosidl_generator_c/cmake)
-- Found rosidl_adapter: 3.1.7 (/opt/ros/humble/share/rosidl_adapter/cmake)
-- Found rosidl_generator_cpp: 3.1.7 (/opt/ros/humble/share/rosidl_generator_cpp/cmake)
-- Using all available rosidl_typesupport_c: rosidl_typesupport_fastrtps_c;rosidl_typesupport_introspection_c
-- Using all available rosidl_typesupport_cpp: rosidl_typesupport_fastrtps_cpp;rosidl_typesupport_introspection_cpp
-- Found rmw_implementation_cmake: 6.1.2 (/opt/ros/humble/share/rmw_implementation_cmake/cmake)
-- Found rmw_cyclonedds_cpp: 1.3.4 (/opt/ros/humble/share/rmw_cyclonedds_cpp/cmake)
-- Using RMW implementation 'rmw_cyclonedds_cpp' as default
-- Found rclpy: 3.3.19 (/opt/ros/humble/share/rclpy/cmake)
-- Found nav_msgs: 4.9.0 (/opt/ros/humble/share/nav_msgs/cmake)
-- Found cmake_utils: 0.0.0 (/home/rizy/planner/3d-navi/3d-navi-ros2_v1/install/cmake_utils/share/cmake_utils/cmake)
-- Found ament_cmake_gtest: 1.3.12 (/opt/ros/humble/share/ament_cmake_gtest/cmake)
-- Found ament_lint_auto: 0.12.14 (/opt/ros/humble/share/ament_lint_auto/cmake)
-- Found gtest sources under '/opt/ros/humble/src/gtest_vendor': C++ tests using 'Google Test' will be built
-- Added test 'cppcheck' to perform static code analysis on C / C++ code
-- Configured cppcheck include dirs: /home/rizy/planner/3d-navi/3d-navi-ros2_v1/src/uav_simulator/Utils/uav_utils/include
-- Configured cppcheck exclude dirs and/or files: 
-- Added test 'flake8' to check Python code syntax and style conventions
-- Added test 'lint_cmake' to check CMake code style
-- Added test 'pep257' to check Python code against some of the docstring style conventions in PEP 257
-- Added test 'uncrustify' to check C / C++ code style
-- Configured uncrustify additional arguments: 
-- Added test 'xmllint' to check XML markup files
-- Configuring done
-- Generating done
-- Build files have been written to: /home/rizy/planner/3d-navi/3d-navi-ros2_v1/build/uav_utils
[35m[1mConsolidate compiler generated dependencies of target gtest[0m
[35m[1mConsolidate compiler generated dependencies of target gtest_main[0m
[ 33%] Built target gtest_main
[ 66%] Built target gtest
[35m[1mConsolidate compiler generated dependencies of target uav_utils_test[0m
[100%] Built target uav_utils_test
-- Install configuration: ""
-- Execute custom install script
-- Up-to-date symlink: /home/rizy/planner/3d-navi/3d-navi-ros2_v1/install/uav_utils/share/ament_index/resource_index/package_run_dependencies/uav_utils
-- Up-to-date symlink: /home/rizy/planner/3d-navi/3d-navi-ros2_v1/install/uav_utils/share/ament_index/resource_index/parent_prefix_path/uav_utils
-- Up-to-date symlink: /home/rizy/planner/3d-navi/3d-navi-ros2_v1/install/uav_utils/share/uav_utils/environment/ament_prefix_path.sh
-- Up-to-date symlink: /home/rizy/planner/3d-navi/3d-navi-ros2_v1/install/uav_utils/share/uav_utils/environment/ament_prefix_path.dsv
-- Up-to-date symlink: /home/rizy/planner/3d-navi/3d-navi-ros2_v1/install/uav_utils/share/uav_utils/environment/path.sh
-- Up-to-date symlink: /home/rizy/planner/3d-navi/3d-navi-ros2_v1/install/uav_utils/share/uav_utils/environment/path.dsv
-- Up-to-date symlink: /home/rizy/planner/3d-navi/3d-navi-ros2_v1/install/uav_utils/share/uav_utils/local_setup.bash
-- Up-to-date symlink: /home/rizy/planner/3d-navi/3d-navi-ros2_v1/install/uav_utils/share/uav_utils/local_setup.sh
-- Up-to-date symlink: /home/rizy/planner/3d-navi/3d-navi-ros2_v1/install/uav_utils/share/uav_utils/local_setup.zsh
-- Up-to-date symlink: /home/rizy/planner/3d-navi/3d-navi-ros2_v1/install/uav_utils/share/uav_utils/local_setup.dsv
-- Symlinking: /home/rizy/planner/3d-navi/3d-navi-ros2_v1/install/uav_utils/share/uav_utils/package.dsv
-- Up-to-date symlink: /home/rizy/planner/3d-navi/3d-navi-ros2_v1/install/uav_utils/share/ament_index/resource_index/packages/uav_utils
-- Up-to-date symlink: /home/rizy/planner/3d-navi/3d-navi-ros2_v1/install/uav_utils/share/uav_utils/cmake/ament_cmake_export_include_directories-extras.cmake
-- Up-to-date symlink: /home/rizy/planner/3d-navi/3d-navi-ros2_v1/install/uav_utils/share/uav_utils/cmake/uav_utilsConfig.cmake
-- Up-to-date symlink: /home/rizy/planner/3d-navi/3d-navi-ros2_v1/install/uav_utils/share/uav_utils/cmake/uav_utilsConfig-version.cmake
-- Up-to-date symlink: /home/rizy/planner/3d-navi/3d-navi-ros2_v1/install/uav_utils/share/uav_utils/package.xml
-- Up-to-date: /home/rizy/planner/3d-navi/3d-navi-ros2_v1/install/uav_utils/include/uav_utils
-- Up-to-date: /home/rizy/planner/3d-navi/3d-navi-ros2_v1/install/uav_utils/include/uav_utils/geometry_utils.h
-- Up-to-date: /home/rizy/planner/3d-navi/3d-navi-ros2_v1/install/uav_utils/include/uav_utils/utils.h
-- Up-to-date: /home/rizy/planner/3d-navi/3d-navi-ros2_v1/install/uav_utils/include/uav_utils/converters.h
