[0.041s] Invoking command in '/home/rizy/planner/3d-navi/3d-navi-ros2_v1/build/quadrotor_msgs': CMAKE_PREFIX_PATH=/opt/ros/humble CONDA_PROMPT_MODIFIER=(myenv) /usr/bin/cmake /home/rizy/planner/3d-navi/3d-navi-ros2_v1/src/uav_simulator/Utils/quadrotor_msgs -DPython3_EXECUTABLE=/usr/bin/python3 -Dfmt_DIR=/usr/lib/x86_64-linux-gnu/cmake/fmt -DAMENT_CMAKE_SYMLINK_INSTALL=1 -DCMAKE_INSTALL_PREFIX=/home/rizy/planner/3d-navi/3d-navi-ros2_v1/install/quadrotor_msgs
[0.110s] -- The C compiler identification is GNU 11.4.0
[0.171s] -- The CXX compiler identification is GNU 11.4.0
[0.182s] -- Detecting C compiler ABI info
[0.265s] -- Detecting C compiler ABI info - done
[0.269s] -- Check for working C compiler: /usr/bin/cc - skipped
[0.269s] -- Detecting C compile features
[0.269s] -- Detecting C compile features - done
[0.271s] -- Detecting CXX compiler ABI info
[0.376s] -- Detecting CXX compiler ABI info - done
[0.380s] -- Check for working CXX compiler: /usr/bin/c++ - skipped
[0.380s] -- Detecting CXX compile features
[0.381s] -- Detecting CXX compile features - done
[0.386s] -- Found ament_cmake: 1.3.12 (/opt/ros/humble/share/ament_cmake/cmake)
[0.742s] -- Found Python3: /usr/bin/python3 (found version "3.10.12") found components: Interpreter 
[0.809s] -- Override CMake install command with custom implementation using symlinks instead of copying resources
[0.836s] -- Found geometry_msgs: 4.9.0 (/opt/ros/humble/share/geometry_msgs/cmake)
[0.867s] -- Found rosidl_generator_c: 3.1.7 (/opt/ros/humble/share/rosidl_generator_c/cmake)
[0.871s] -- Found rosidl_adapter: 3.1.7 (/opt/ros/humble/share/rosidl_adapter/cmake)
[0.877s] -- Found rosidl_generator_cpp: 3.1.7 (/opt/ros/humble/share/rosidl_generator_cpp/cmake)
[0.889s] -- Using all available rosidl_typesupport_c: rosidl_typesupport_fastrtps_c;rosidl_typesupport_introspection_c
[0.899s] -- Using all available rosidl_typesupport_cpp: rosidl_typesupport_fastrtps_cpp;rosidl_typesupport_introspection_cpp
[0.932s] -- Found nav_msgs: 4.9.0 (/opt/ros/humble/share/nav_msgs/cmake)
[0.946s] -- Found rclcpp: 16.0.16 (/opt/ros/humble/share/rclcpp/cmake)
[0.974s] -- Found rmw_implementation_cmake: 6.1.2 (/opt/ros/humble/share/rmw_implementation_cmake/cmake)
[0.978s] -- Found rmw_cyclonedds_cpp: 1.3.4 (/opt/ros/humble/share/rmw_cyclonedds_cpp/cmake)
[0.997s] -- Using RMW implementation 'rmw_cyclonedds_cpp' as default
[1.004s] -- Looking for pthread.h
[1.093s] -- Looking for pthread.h - found
[1.093s] -- Performing Test CMAKE_HAVE_LIBC_PTHREAD
[1.182s] -- Performing Test CMAKE_HAVE_LIBC_PTHREAD - Success
[1.183s] -- Found Threads: TRUE  
[1.213s] -- Found rosidl_default_generators: 1.2.0 (/opt/ros/humble/share/rosidl_default_generators/cmake)
[1.581s] -- Found ament_cmake_ros: 0.10.0 (/opt/ros/humble/share/ament_cmake_ros/cmake)
[2.026s] -- Using all available rosidl_typesupport_c: rosidl_typesupport_fastrtps_c;rosidl_typesupport_introspection_c
[2.198s] -- Using all available rosidl_typesupport_cpp: rosidl_typesupport_fastrtps_cpp;rosidl_typesupport_introspection_cpp
[2.217s] -- Found PythonInterp: /home/rizy/anaconda3/envs/myenv/bin/python3 (found suitable version "3.10.19", minimum required is "3.6") 
[2.219s] -- Found python_cmake_module: 0.10.0 (/opt/ros/humble/share/python_cmake_module/cmake)
[2.240s] -- Found PythonLibs: /home/rizy/anaconda3/envs/myenv/lib/libpython3.10.so (found suitable version "3.10.19", minimum required is "3.5") 
[2.240s] -- Using PYTHON_EXECUTABLE: /home/rizy/anaconda3/envs/myenv/bin/python3
[2.240s] -- Using PYTHON_INCLUDE_DIRS: /home/rizy/anaconda3/envs/myenv/include/python3.10
[2.240s] -- Using PYTHON_LIBRARIES: /home/rizy/anaconda3/envs/myenv/lib/libpython3.10.so
[2.261s] -- Found PythonExtra: .so  
[2.478s] -- Using numpy include directory: /home/rizy/.local/lib/python3.10/site-packages/numpy/core/include
[2.493s] -- Found ament_lint_auto: 0.12.14 (/opt/ros/humble/share/ament_lint_auto/cmake)
[2.516s] -- Added test 'cppcheck' to perform static code analysis on C / C++ code
[2.516s] -- Configured cppcheck include dirs: /home/rizy/planner/3d-navi/3d-navi-ros2_v1/src/uav_simulator/Utils/quadrotor_msgs/include
[2.516s] -- Configured cppcheck exclude dirs and/or files: 
[2.517s] -- Added test 'lint_cmake' to check CMake code style
[2.518s] -- Added test 'uncrustify' to check C / C++ code style
[2.518s] -- Configured uncrustify additional arguments: 
[2.518s] -- Added test 'xmllint' to check XML markup files
[2.520s] -- Configuring done
[2.566s] CMake Warning at /opt/ros/humble/share/rosidl_generator_py/cmake/rosidl_generator_py_generate_interfaces.cmake:166 (add_library):
[2.566s]   Cannot generate a safe runtime search path for target
[2.566s]   quadrotor_msgs__rosidl_generator_py because files in some directories may
[2.566s]   conflict with libraries in implicit directories:
[2.566s] 
[2.566s]     runtime library [libpython3.10.so.1.0] in /usr/lib/x86_64-linux-gnu may be hidden by files in:
[2.566s]       /home/rizy/anaconda3/envs/myenv/lib
[2.566s] 
[2.566s]   Some of these libraries may not be found correctly.
[2.567s] Call Stack (most recent call first):
[2.567s]   /opt/ros/humble/share/ament_cmake_core/cmake/core/ament_execute_extensions.cmake:48 (include)
[2.567s]   /opt/ros/humble/share/rosidl_cmake/cmake/rosidl_generate_interfaces.cmake:286 (ament_execute_extensions)
[2.567s]   CMakeLists.txt:20 (rosidl_generate_interfaces)
[2.567s] 
[2.567s] 
[2.569s] CMake Warning at /opt/ros/humble/share/rosidl_generator_py/cmake/rosidl_generator_py_generate_interfaces.cmake:226 (add_library):
[2.570s]   Cannot generate a safe runtime search path for target
[2.570s]   quadrotor_msgs__rosidl_typesupport_fastrtps_c__pyext because files in some
[2.570s]   directories may conflict with libraries in implicit directories:
[2.570s] 
[2.570s]     runtime library [libpython3.10.so.1.0] in /usr/lib/x86_64-linux-gnu may be hidden by files in:
[2.570s]       /home/rizy/anaconda3/envs/myenv/lib
[2.570s] 
[2.570s]   Some of these libraries may not be found correctly.
[2.570s] Call Stack (most recent call first):
[2.570s]   /opt/ros/humble/share/ament_cmake_core/cmake/core/ament_execute_extensions.cmake:48 (include)
[2.570s]   /opt/ros/humble/share/rosidl_cmake/cmake/rosidl_generate_interfaces.cmake:286 (ament_execute_extensions)
[2.570s]   CMakeLists.txt:20 (rosidl_generate_interfaces)
[2.570s] 
[2.570s] 
[2.572s] CMake Warning at /opt/ros/humble/share/rosidl_generator_py/cmake/rosidl_generator_py_generate_interfaces.cmake:226 (add_library):
[2.572s]   Cannot generate a safe runtime search path for target
[2.572s]   quadrotor_msgs__rosidl_typesupport_introspection_c__pyext because files in
[2.572s]   some directories may conflict with libraries in implicit directories:
[2.572s] 
[2.572s]     runtime library [libpython3.10.so.1.0] in /usr/lib/x86_64-linux-gnu may be hidden by files in:
[2.572s]       /home/rizy/anaconda3/envs/myenv/lib
[2.572s] 
[2.573s]   Some of these libraries may not be found correctly.
[2.573s] Call Stack (most recent call first):
[2.573s]   /opt/ros/humble/share/ament_cmake_core/cmake/core/ament_execute_extensions.cmake:48 (include)
[2.573s]   /opt/ros/humble/share/rosidl_cmake/cmake/rosidl_generate_interfaces.cmake:286 (ament_execute_extensions)
[2.573s]   CMakeLists.txt:20 (rosidl_generate_interfaces)
[2.573s] 
[2.573s] 
[2.575s] CMake Warning at /opt/ros/humble/share/rosidl_generator_py/cmake/rosidl_generator_py_generate_interfaces.cmake:226 (add_library):
[2.575s]   Cannot generate a safe runtime search path for target
[2.575s]   quadrotor_msgs__rosidl_typesupport_c__pyext because files in some
[2.575s]   directories may conflict with libraries in implicit directories:
[2.575s] 
[2.575s]     runtime library [libpython3.10.so.1.0] in /usr/lib/x86_64-linux-gnu may be hidden by files in:
[2.575s]       /home/rizy/anaconda3/envs/myenv/lib
[2.575s] 
[2.575s]   Some of these libraries may not be found correctly.
[2.575s] Call Stack (most recent call first):
[2.575s]   /opt/ros/humble/share/ament_cmake_core/cmake/core/ament_execute_extensions.cmake:48 (include)
[2.575s]   /opt/ros/humble/share/rosidl_cmake/cmake/rosidl_generate_interfaces.cmake:286 (ament_execute_extensions)
[2.575s]   CMakeLists.txt:20 (rosidl_generate_interfaces)
[2.575s] 
[2.575s] 
[2.587s] -- Generating done
[2.599s] -- Build files have been written to: /home/rizy/planner/3d-navi/3d-navi-ros2_v1/build/quadrotor_msgs
[2.620s] Invoked command in '/home/rizy/planner/3d-navi/3d-navi-ros2_v1/build/quadrotor_msgs' returned '0': CMAKE_PREFIX_PATH=/opt/ros/humble CONDA_PROMPT_MODIFIER=(myenv) /usr/bin/cmake /home/rizy/planner/3d-navi/3d-navi-ros2_v1/src/uav_simulator/Utils/quadrotor_msgs -DPython3_EXECUTABLE=/usr/bin/python3 -Dfmt_DIR=/usr/lib/x86_64-linux-gnu/cmake/fmt -DAMENT_CMAKE_SYMLINK_INSTALL=1 -DCMAKE_INSTALL_PREFIX=/home/rizy/planner/3d-navi/3d-navi-ros2_v1/install/quadrotor_msgs
[2.621s] Invoking command in '/home/rizy/planner/3d-navi/3d-navi-ros2_v1/build/quadrotor_msgs': CMAKE_PREFIX_PATH=/opt/ros/humble CONDA_PROMPT_MODIFIER=(myenv) /usr/bin/cmake --build /home/rizy/planner/3d-navi/3d-navi-ros2_v1/build/quadrotor_msgs -- -j32 -l32
[2.689s] [  1%] Generating C code for ROS interfaces
[2.704s] [  1%] Generating C++ code for ROS interfaces
[2.708s] [  1%] Built target ament_cmake_python_symlink_quadrotor_msgs
[2.927s] running egg_info
[2.941s] writing quadrotor_msgs.egg-info/PKG-INFO
[2.941s] writing dependency_links to quadrotor_msgs.egg-info/dependency_links.txt
[2.942s] writing top-level names to quadrotor_msgs.egg-info/top_level.txt
[2.977s] reading manifest file 'quadrotor_msgs.egg-info/SOURCES.txt'
[2.977s] writing manifest file 'quadrotor_msgs.egg-info/SOURCES.txt'
[3.021s] [  1%] Built target ament_cmake_python_build_quadrotor_msgs_egg
[3.573s] [  1%] Built target quadrotor_msgs__cpp
[3.584s] Consolidate compiler generated dependencies of target quadrotor_msgs__rosidl_generator_c
[3.587s] [  2%] Generating C++ introspection for ROS interfaces
[3.589s] [  2%] Generating C++ type support for eProsima Fast-RTPS
[3.590s] [  3%] Generating C++ type support dispatch for ROS interfaces
[3.600s] [  6%] Building C object CMakeFiles/quadrotor_msgs__rosidl_generator_c.dir/rosidl_generator_c/quadrotor_msgs/msg/detail/gains__functions.c.o
[3.600s] [  8%] Building C object CMakeFiles/quadrotor_msgs__rosidl_generator_c.dir/rosidl_generator_c/quadrotor_msgs/msg/detail/ppr_output_data__functions.c.o
[3.600s] [  8%] Building C object CMakeFiles/quadrotor_msgs__rosidl_generator_c.dir/rosidl_generator_c/quadrotor_msgs/msg/detail/so3_command__functions.c.o
[3.600s] [  8%] Building C object CMakeFiles/quadrotor_msgs__rosidl_generator_c.dir/rosidl_generator_c/quadrotor_msgs/msg/detail/aux_command__functions.c.o
[3.600s] [  8%] Building C object CMakeFiles/quadrotor_msgs__rosidl_generator_c.dir/rosidl_generator_c/quadrotor_msgs/msg/detail/serial__functions.c.o
[3.601s] [  9%] Building C object CMakeFiles/quadrotor_msgs__rosidl_generator_c.dir/rosidl_generator_c/quadrotor_msgs/msg/detail/status_data__functions.c.o
[3.602s] [  9%] Building C object CMakeFiles/quadrotor_msgs__rosidl_generator_c.dir/rosidl_generator_c/quadrotor_msgs/msg/detail/output_data__functions.c.o
[3.603s] [  9%] Building C object CMakeFiles/quadrotor_msgs__rosidl_generator_c.dir/rosidl_generator_c/quadrotor_msgs/msg/detail/corrections__functions.c.o
[3.603s] [  9%] Building C object CMakeFiles/quadrotor_msgs__rosidl_generator_c.dir/rosidl_generator_c/quadrotor_msgs/msg/detail/position_command__functions.c.o
[3.603s] [ 10%] Building C object CMakeFiles/quadrotor_msgs__rosidl_generator_c.dir/rosidl_generator_c/quadrotor_msgs/msg/detail/lqr_trajectory__functions.c.o
[3.605s] [ 11%] Building C object CMakeFiles/quadrotor_msgs__rosidl_generator_c.dir/rosidl_generator_c/quadrotor_msgs/msg/detail/trpy_command__functions.c.o
[3.605s] [ 12%] Building C object CMakeFiles/quadrotor_msgs__rosidl_generator_c.dir/rosidl_generator_c/quadrotor_msgs/msg/detail/polynomial_trajectory__functions.c.o
[3.607s] [ 13%] Building C object CMakeFiles/quadrotor_msgs__rosidl_generator_c.dir/rosidl_generator_c/quadrotor_msgs/msg/detail/odometry__functions.c.o
[3.678s] [ 14%] Linking C shared library libquadrotor_msgs__rosidl_generator_c.so
[3.735s] [ 14%] Built target quadrotor_msgs__rosidl_generator_c
[3.747s] [ 16%] Generating C type support for eProsima Fast-RTPS
[3.747s] [ 16%] Generating C type support dispatch for ROS interfaces
[3.747s] [ 16%] Generating C introspection for ROS interfaces
[4.236s] Consolidate compiler generated dependencies of target quadrotor_msgs__rosidl_typesupport_cpp
[4.260s] [ 17%] Building CXX object CMakeFiles/quadrotor_msgs__rosidl_typesupport_cpp.dir/rosidl_typesupport_cpp/quadrotor_msgs/msg/aux_command__type_support.cpp.o
[4.260s] [ 17%] Building CXX object CMakeFiles/quadrotor_msgs__rosidl_typesupport_cpp.dir/rosidl_typesupport_cpp/quadrotor_msgs/msg/corrections__type_support.cpp.o
[4.268s] [ 18%] Building CXX object CMakeFiles/quadrotor_msgs__rosidl_typesupport_cpp.dir/rosidl_typesupport_cpp/quadrotor_msgs/msg/serial__type_support.cpp.o
[4.268s] [ 18%] Building CXX object CMakeFiles/quadrotor_msgs__rosidl_typesupport_cpp.dir/rosidl_typesupport_cpp/quadrotor_msgs/msg/ppr_output_data__type_support.cpp.o
[4.268s] [ 19%] Building CXX object CMakeFiles/quadrotor_msgs__rosidl_typesupport_cpp.dir/rosidl_typesupport_cpp/quadrotor_msgs/msg/position_command__type_support.cpp.o
[4.268s] [ 19%] Building CXX object CMakeFiles/quadrotor_msgs__rosidl_typesupport_cpp.dir/rosidl_typesupport_cpp/quadrotor_msgs/msg/trpy_command__type_support.cpp.o
[4.270s] [ 20%] Building CXX object CMakeFiles/quadrotor_msgs__rosidl_typesupport_cpp.dir/rosidl_typesupport_cpp/quadrotor_msgs/msg/so3_command__type_support.cpp.o
[4.270s] [ 22%] Building CXX object CMakeFiles/quadrotor_msgs__rosidl_typesupport_cpp.dir/rosidl_typesupport_cpp/quadrotor_msgs/msg/gains__type_support.cpp.o
[4.270s] [ 22%] Building CXX object CMakeFiles/quadrotor_msgs__rosidl_typesupport_cpp.dir/rosidl_typesupport_cpp/quadrotor_msgs/msg/lqr_trajectory__type_support.cpp.o
[4.271s] [ 23%] Building CXX object CMakeFiles/quadrotor_msgs__rosidl_typesupport_cpp.dir/rosidl_typesupport_cpp/quadrotor_msgs/msg/output_data__type_support.cpp.o
[4.271s] [ 24%] Building CXX object CMakeFiles/quadrotor_msgs__rosidl_typesupport_cpp.dir/rosidl_typesupport_cpp/quadrotor_msgs/msg/polynomial_trajectory__type_support.cpp.o
[4.272s] [ 25%] Building CXX object CMakeFiles/quadrotor_msgs__rosidl_typesupport_cpp.dir/rosidl_typesupport_cpp/quadrotor_msgs/msg/odometry__type_support.cpp.o
[4.272s] [ 26%] Building CXX object CMakeFiles/quadrotor_msgs__rosidl_typesupport_cpp.dir/rosidl_typesupport_cpp/quadrotor_msgs/msg/status_data__type_support.cpp.o
[4.298s] Consolidate compiler generated dependencies of target quadrotor_msgs__rosidl_typesupport_introspection_cpp
[4.327s] [ 26%] Building CXX object CMakeFiles/quadrotor_msgs__rosidl_typesupport_introspection_cpp.dir/rosidl_typesupport_introspection_cpp/quadrotor_msgs/msg/detail/corrections__type_support.cpp.o
[4.328s] [ 26%] Building CXX object CMakeFiles/quadrotor_msgs__rosidl_typesupport_introspection_cpp.dir/rosidl_typesupport_introspection_cpp/quadrotor_msgs/msg/detail/position_command__type_support.cpp.o
[4.330s] [ 27%] Building CXX object CMakeFiles/quadrotor_msgs__rosidl_typesupport_introspection_cpp.dir/rosidl_typesupport_introspection_cpp/quadrotor_msgs/msg/detail/ppr_output_data__type_support.cpp.o
[4.331s] [ 29%] Building CXX object CMakeFiles/quadrotor_msgs__rosidl_typesupport_introspection_cpp.dir/rosidl_typesupport_introspection_cpp/quadrotor_msgs/msg/detail/lqr_trajectory__type_support.cpp.o
[4.331s] [ 29%] Building CXX object CMakeFiles/quadrotor_msgs__rosidl_typesupport_introspection_cpp.dir/rosidl_typesupport_introspection_cpp/quadrotor_msgs/msg/detail/aux_command__type_support.cpp.o
[4.332s] [ 30%] Building CXX object CMakeFiles/quadrotor_msgs__rosidl_typesupport_introspection_cpp.dir/rosidl_typesupport_introspection_cpp/quadrotor_msgs/msg/detail/serial__type_support.cpp.o
[4.336s] [ 31%] Building CXX object CMakeFiles/quadrotor_msgs__rosidl_typesupport_introspection_cpp.dir/rosidl_typesupport_introspection_cpp/quadrotor_msgs/msg/detail/so3_command__type_support.cpp.o
[4.336s] [ 32%] Building CXX object CMakeFiles/quadrotor_msgs__rosidl_typesupport_introspection_cpp.dir/rosidl_typesupport_introspection_cpp/quadrotor_msgs/msg/detail/gains__type_support.cpp.o
[4.336s] [ 33%] Building CXX object CMakeFiles/quadrotor_msgs__rosidl_typesupport_introspection_cpp.dir/rosidl_typesupport_introspection_cpp/quadrotor_msgs/msg/detail/output_data__type_support.cpp.o
[4.342s] [ 33%] Building CXX object CMakeFiles/quadrotor_msgs__rosidl_typesupport_introspection_cpp.dir/rosidl_typesupport_introspection_cpp/quadrotor_msgs/msg/detail/status_data__type_support.cpp.o
[4.344s] [ 35%] Building CXX object CMakeFiles/quadrotor_msgs__rosidl_typesupport_introspection_cpp.dir/rosidl_typesupport_introspection_cpp/quadrotor_msgs/msg/detail/trpy_command__type_support.cpp.o
[4.344s] [ 35%] Building CXX object CMakeFiles/quadrotor_msgs__rosidl_typesupport_introspection_cpp.dir/rosidl_typesupport_introspection_cpp/quadrotor_msgs/msg/detail/polynomial_trajectory__type_support.cpp.o
[4.347s] [ 36%] Building CXX object CMakeFiles/quadrotor_msgs__rosidl_typesupport_introspection_cpp.dir/rosidl_typesupport_introspection_cpp/quadrotor_msgs/msg/detail/odometry__type_support.cpp.o
[4.762s] Consolidate compiler generated dependencies of target quadrotor_msgs__rosidl_typesupport_c
[4.762s] [ 37%] Building CXX object CMakeFiles/quadrotor_msgs__rosidl_typesupport_c.dir/rosidl_typesupport_c/quadrotor_msgs/msg/aux_command__type_support.cpp.o
[4.763s] [ 38%] Building CXX object CMakeFiles/quadrotor_msgs__rosidl_typesupport_c.dir/rosidl_typesupport_c/quadrotor_msgs/msg/corrections__type_support.cpp.o
[4.763s] [ 38%] Building CXX object CMakeFiles/quadrotor_msgs__rosidl_typesupport_c.dir/rosidl_typesupport_c/quadrotor_msgs/msg/gains__type_support.cpp.o
[4.763s] [ 39%] Building CXX object CMakeFiles/quadrotor_msgs__rosidl_typesupport_c.dir/rosidl_typesupport_c/quadrotor_msgs/msg/lqr_trajectory__type_support.cpp.o
[4.763s] [ 40%] Building CXX object CMakeFiles/quadrotor_msgs__rosidl_typesupport_c.dir/rosidl_typesupport_c/quadrotor_msgs/msg/output_data__type_support.cpp.o
[4.763s] [ 41%] Building CXX object CMakeFiles/quadrotor_msgs__rosidl_typesupport_c.dir/rosidl_typesupport_c/quadrotor_msgs/msg/position_command__type_support.cpp.o
[4.763s] [ 41%] Building CXX object CMakeFiles/quadrotor_msgs__rosidl_typesupport_c.dir/rosidl_typesupport_c/quadrotor_msgs/msg/ppr_output_data__type_support.cpp.o
[4.763s] [ 43%] Building CXX object CMakeFiles/quadrotor_msgs__rosidl_typesupport_c.dir/rosidl_typesupport_c/quadrotor_msgs/msg/serial__type_support.cpp.o
[4.765s] [ 43%] Building CXX object CMakeFiles/quadrotor_msgs__rosidl_typesupport_c.dir/rosidl_typesupport_c/quadrotor_msgs/msg/so3_command__type_support.cpp.o
[4.773s] [ 44%] Building CXX object CMakeFiles/quadrotor_msgs__rosidl_typesupport_c.dir/rosidl_typesupport_c/quadrotor_msgs/msg/status_data__type_support.cpp.o
[4.773s] Consolidate compiler generated dependencies of target quadrotor_msgs__rosidl_typesupport_introspection_c
[4.774s] [ 44%] Building CXX object CMakeFiles/quadrotor_msgs__rosidl_typesupport_c.dir/rosidl_typesupport_c/quadrotor_msgs/msg/trpy_command__type_support.cpp.o
[4.779s] Consolidate compiler generated dependencies of target quadrotor_msgs__rosidl_typesupport_fastrtps_cpp
[4.779s] [ 45%] Linking CXX shared library libquadrotor_msgs__rosidl_typesupport_cpp.so
[4.785s] [ 46%] Building CXX object CMakeFiles/quadrotor_msgs__rosidl_typesupport_c.dir/rosidl_typesupport_c/quadrotor_msgs/msg/odometry__type_support.cpp.o
[4.799s] [ 47%] Building C object CMakeFiles/quadrotor_msgs__rosidl_typesupport_introspection_c.dir/rosidl_typesupport_introspection_c/quadrotor_msgs/msg/detail/aux_command__type_support.c.o
[4.803s] Consolidate compiler generated dependencies of target quadrotor_msgs__rosidl_typesupport_fastrtps_c
[4.807s] [ 47%] Building C object CMakeFiles/quadrotor_msgs__rosidl_typesupport_introspection_c.dir/rosidl_typesupport_introspection_c/quadrotor_msgs/msg/detail/corrections__type_support.c.o
[4.810s] [ 48%] Building C object CMakeFiles/quadrotor_msgs__rosidl_typesupport_introspection_c.dir/rosidl_typesupport_introspection_c/quadrotor_msgs/msg/detail/lqr_trajectory__type_support.c.o
[4.820s] [ 49%] Building C object CMakeFiles/quadrotor_msgs__rosidl_typesupport_introspection_c.dir/rosidl_typesupport_introspection_c/quadrotor_msgs/msg/detail/gains__type_support.c.o
[4.833s] [ 50%] Building CXX object CMakeFiles/quadrotor_msgs__rosidl_typesupport_c.dir/rosidl_typesupport_c/quadrotor_msgs/msg/polynomial_trajectory__type_support.cpp.o
[4.840s] [ 51%] Building CXX object CMakeFiles/quadrotor_msgs__rosidl_typesupport_fastrtps_cpp.dir/rosidl_typesupport_fastrtps_cpp/quadrotor_msgs/msg/detail/dds_fastrtps/corrections__type_support.cpp.o
[4.840s] [ 51%] Building C object CMakeFiles/quadrotor_msgs__rosidl_typesupport_introspection_c.dir/rosidl_typesupport_introspection_c/quadrotor_msgs/msg/detail/position_command__type_support.c.o
[4.843s] [ 52%] Building CXX object CMakeFiles/quadrotor_msgs__rosidl_typesupport_fastrtps_c.dir/rosidl_typesupport_fastrtps_c/quadrotor_msgs/msg/detail/aux_command__type_support_c.cpp.o
[4.843s] [ 52%] Building CXX object CMakeFiles/quadrotor_msgs__rosidl_typesupport_fastrtps_cpp.dir/rosidl_typesupport_fastrtps_cpp/quadrotor_msgs/msg/detail/dds_fastrtps/lqr_trajectory__type_support.cpp.o
[4.843s] [ 53%] Building CXX object CMakeFiles/quadrotor_msgs__rosidl_typesupport_fastrtps_cpp.dir/rosidl_typesupport_fastrtps_cpp/quadrotor_msgs/msg/detail/dds_fastrtps/aux_command__type_support.cpp.o
[4.843s] [ 54%] Building CXX object CMakeFiles/quadrotor_msgs__rosidl_typesupport_fastrtps_cpp.dir/rosidl_typesupport_fastrtps_cpp/quadrotor_msgs/msg/detail/dds_fastrtps/gains__type_support.cpp.o
[4.846s] [ 55%] Building C object CMakeFiles/quadrotor_msgs__rosidl_typesupport_introspection_c.dir/rosidl_typesupport_introspection_c/quadrotor_msgs/msg/detail/output_data__type_support.c.o
[4.847s] [ 56%] Building C object CMakeFiles/quadrotor_msgs__rosidl_typesupport_introspection_c.dir/rosidl_typesupport_introspection_c/quadrotor_msgs/msg/detail/ppr_output_data__type_support.c.o
[4.858s] [ 57%] Building C object CMakeFiles/quadrotor_msgs__rosidl_typesupport_introspection_c.dir/rosidl_typesupport_introspection_c/quadrotor_msgs/msg/detail/so3_command__type_support.c.o
[4.873s] [ 58%] Building C object CMakeFiles/quadrotor_msgs__rosidl_typesupport_introspection_c.dir/rosidl_typesupport_introspection_c/quadrotor_msgs/msg/detail/serial__type_support.c.o
[4.874s] [ 59%] Building C object CMakeFiles/quadrotor_msgs__rosidl_typesupport_introspection_c.dir/rosidl_typesupport_introspection_c/quadrotor_msgs/msg/detail/status_data__type_support.c.o
[4.874s] [ 59%] Building CXX object CMakeFiles/quadrotor_msgs__rosidl_typesupport_fastrtps_c.dir/rosidl_typesupport_fastrtps_c/quadrotor_msgs/msg/detail/corrections__type_support_c.cpp.o
[4.883s] [ 60%] Building CXX object CMakeFiles/quadrotor_msgs__rosidl_typesupport_fastrtps_c.dir/rosidl_typesupport_fastrtps_c/quadrotor_msgs/msg/detail/gains__type_support_c.cpp.o
[4.894s] [ 61%] Building CXX object CMakeFiles/quadrotor_msgs__rosidl_typesupport_fastrtps_cpp.dir/rosidl_typesupport_fastrtps_cpp/quadrotor_msgs/msg/detail/dds_fastrtps/output_data__type_support.cpp.o
[4.911s] [ 61%] Built target quadrotor_msgs__rosidl_typesupport_cpp
[4.911s] [ 62%] Building C object CMakeFiles/quadrotor_msgs__rosidl_typesupport_introspection_c.dir/rosidl_typesupport_introspection_c/quadrotor_msgs/msg/detail/trpy_command__type_support.c.o
[4.911s] [ 62%] Building CXX object CMakeFiles/quadrotor_msgs__rosidl_typesupport_fastrtps_c.dir/rosidl_typesupport_fastrtps_c/quadrotor_msgs/msg/detail/lqr_trajectory__type_support_c.cpp.o
[4.916s] [ 63%] Linking CXX shared library libquadrotor_msgs__rosidl_typesupport_c.so
[4.916s] [ 64%] Building CXX object CMakeFiles/quadrotor_msgs__rosidl_typesupport_fastrtps_cpp.dir/rosidl_typesupport_fastrtps_cpp/quadrotor_msgs/msg/detail/dds_fastrtps/position_command__type_support.cpp.o
[4.922s] [ 65%] Building CXX object CMakeFiles/quadrotor_msgs__rosidl_typesupport_fastrtps_cpp.dir/rosidl_typesupport_fastrtps_cpp/quadrotor_msgs/msg/detail/dds_fastrtps/ppr_output_data__type_support.cpp.o
[4.926s] [ 65%] Building CXX object CMakeFiles/quadrotor_msgs__rosidl_typesupport_fastrtps_cpp.dir/rosidl_typesupport_fastrtps_cpp/quadrotor_msgs/msg/detail/dds_fastrtps/serial__type_support.cpp.o
[4.927s] [ 66%] Building CXX object CMakeFiles/quadrotor_msgs__rosidl_typesupport_fastrtps_cpp.dir/rosidl_typesupport_fastrtps_cpp/quadrotor_msgs/msg/detail/dds_fastrtps/so3_command__type_support.cpp.o
[4.927s] [ 67%] Building CXX object CMakeFiles/quadrotor_msgs__rosidl_typesupport_fastrtps_c.dir/rosidl_typesupport_fastrtps_c/quadrotor_msgs/msg/detail/output_data__type_support_c.cpp.o
[4.929s] [ 68%] Building C object CMakeFiles/quadrotor_msgs__rosidl_typesupport_introspection_c.dir/rosidl_typesupport_introspection_c/quadrotor_msgs/msg/detail/odometry__type_support.c.o
[4.940s] [ 69%] Building CXX object CMakeFiles/quadrotor_msgs__rosidl_typesupport_fastrtps_c.dir/rosidl_typesupport_fastrtps_c/quadrotor_msgs/msg/detail/position_command__type_support_c.cpp.o
[4.959s] Consolidate compiler generated dependencies of target decode_msgs
[4.964s] [ 70%] Building CXX object CMakeFiles/quadrotor_msgs__rosidl_typesupport_fastrtps_c.dir/rosidl_typesupport_fastrtps_c/quadrotor_msgs/msg/detail/ppr_output_data__type_support_c.cpp.o
[4.975s] [ 71%] Building CXX object CMakeFiles/quadrotor_msgs__rosidl_typesupport_fastrtps_cpp.dir/rosidl_typesupport_fastrtps_cpp/quadrotor_msgs/msg/detail/dds_fastrtps/status_data__type_support.cpp.o
[4.982s] [ 72%] Building C object CMakeFiles/quadrotor_msgs__rosidl_typesupport_introspection_c.dir/rosidl_typesupport_introspection_c/quadrotor_msgs/msg/detail/polynomial_trajectory__type_support.c.o
[5.005s] [ 73%] Building CXX object CMakeFiles/quadrotor_msgs__rosidl_typesupport_fastrtps_c.dir/rosidl_typesupport_fastrtps_c/quadrotor_msgs/msg/detail/serial__type_support_c.cpp.o
[5.005s] [ 73%] Building CXX object CMakeFiles/decode_msgs.dir/src/decode_msgs.cpp.o
[5.008s] Consolidate compiler generated dependencies of target encode_msgs
[5.024s] [ 74%] Building CXX object CMakeFiles/quadrotor_msgs__rosidl_typesupport_fastrtps_cpp.dir/rosidl_typesupport_fastrtps_cpp/quadrotor_msgs/msg/detail/dds_fastrtps/trpy_command__type_support.cpp.o
[5.031s] [ 74%] Building CXX object CMakeFiles/quadrotor_msgs__rosidl_typesupport_fastrtps_c.dir/rosidl_typesupport_fastrtps_c/quadrotor_msgs/msg/detail/so3_command__type_support_c.cpp.o
[5.035s] [ 75%] Building CXX object CMakeFiles/quadrotor_msgs__rosidl_typesupport_fastrtps_c.dir/rosidl_typesupport_fastrtps_c/quadrotor_msgs/msg/detail/status_data__type_support_c.cpp.o
[5.036s] [ 75%] Building CXX object CMakeFiles/quadrotor_msgs__rosidl_typesupport_fastrtps_cpp.dir/rosidl_typesupport_fastrtps_cpp/quadrotor_msgs/msg/detail/dds_fastrtps/polynomial_trajectory__type_support.cpp.o
[5.046s] [ 76%] Building CXX object CMakeFiles/quadrotor_msgs__rosidl_typesupport_fastrtps_c.dir/rosidl_typesupport_fastrtps_c/quadrotor_msgs/msg/detail/trpy_command__type_support_c.cpp.o
[5.048s] [ 77%] Building CXX object CMakeFiles/quadrotor_msgs__rosidl_typesupport_fastrtps_cpp.dir/rosidl_typesupport_fastrtps_cpp/quadrotor_msgs/msg/detail/dds_fastrtps/odometry__type_support.cpp.o
[5.073s] [ 78%] Building CXX object CMakeFiles/encode_msgs.dir/src/encode_msgs.cpp.o
[5.073s] [ 79%] Building CXX object CMakeFiles/quadrotor_msgs__rosidl_typesupport_fastrtps_c.dir/rosidl_typesupport_fastrtps_c/quadrotor_msgs/msg/detail/odometry__type_support_c.cpp.o
[5.075s] [ 79%] Built target quadrotor_msgs__rosidl_typesupport_c
[5.085s] [ 79%] Building CXX object CMakeFiles/quadrotor_msgs__rosidl_typesupport_fastrtps_c.dir/rosidl_typesupport_fastrtps_c/quadrotor_msgs/msg/detail/polynomial_trajectory__type_support_c.cpp.o
[5.117s] [ 80%] Linking C shared library libquadrotor_msgs__rosidl_typesupport_introspection_c.so
[5.219s] [ 80%] Built target quadrotor_msgs__rosidl_typesupport_introspection_c
[5.251s] [ 81%] Linking CXX shared library libquadrotor_msgs__rosidl_typesupport_introspection_cpp.so
[5.476s] [ 81%] Built target quadrotor_msgs__rosidl_typesupport_introspection_cpp
[5.645s] [ 82%] Linking CXX shared library libquadrotor_msgs__rosidl_typesupport_fastrtps_c.so
[5.741s] [ 83%] Linking CXX shared library libquadrotor_msgs__rosidl_typesupport_fastrtps_cpp.so
[5.742s] [ 83%] Built target quadrotor_msgs__rosidl_typesupport_fastrtps_c
[5.834s] [ 83%] Built target quadrotor_msgs__rosidl_typesupport_fastrtps_cpp
[5.870s] [ 84%] Built target quadrotor_msgs
[5.870s] [ 84%] Linking CXX shared library libencode_msgs.so
[5.900s] [ 85%] Built target quadrotor_msgs__py
[5.921s] Consolidate compiler generated dependencies of target quadrotor_msgs__rosidl_generator_py
[5.937s] [ 91%] Building C object CMakeFiles/quadrotor_msgs__rosidl_generator_py.dir/rosidl_generator_py/quadrotor_msgs/msg/_output_data_s.c.o
[5.937s] [ 91%] Building C object CMakeFiles/quadrotor_msgs__rosidl_generator_py.dir/rosidl_generator_py/quadrotor_msgs/msg/_serial_s.c.o
[5.937s] [ 91%] Building C object CMakeFiles/quadrotor_msgs__rosidl_generator_py.dir/rosidl_generator_py/quadrotor_msgs/msg/_position_command_s.c.o
[5.937s] [ 91%] Building C object CMakeFiles/quadrotor_msgs__rosidl_generator_py.dir/rosidl_generator_py/quadrotor_msgs/msg/_lqr_trajectory_s.c.o
[5.937s] [ 91%] Building C object CMakeFiles/quadrotor_msgs__rosidl_generator_py.dir/rosidl_generator_py/quadrotor_msgs/msg/_corrections_s.c.o
[5.937s] [ 91%] Building C object CMakeFiles/quadrotor_msgs__rosidl_generator_py.dir/rosidl_generator_py/quadrotor_msgs/msg/_gains_s.c.o
[5.937s] [ 91%] Building C object CMakeFiles/quadrotor_msgs__rosidl_generator_py.dir/rosidl_generator_py/quadrotor_msgs/msg/_aux_command_s.c.o
[5.937s] [ 91%] Building C object CMakeFiles/quadrotor_msgs__rosidl_generator_py.dir/rosidl_generator_py/quadrotor_msgs/msg/_status_data_s.c.o
[5.937s] [ 91%] Building C object CMakeFiles/quadrotor_msgs__rosidl_generator_py.dir/rosidl_generator_py/quadrotor_msgs/msg/_so3_command_s.c.o
[5.939s] [ 92%] Building C object CMakeFiles/quadrotor_msgs__rosidl_generator_py.dir/rosidl_generator_py/quadrotor_msgs/msg/_odometry_s.c.o
[5.942s] [ 93%] Building C object CMakeFiles/quadrotor_msgs__rosidl_generator_py.dir/rosidl_generator_py/quadrotor_msgs/msg/_trpy_command_s.c.o
[5.945s] [ 94%] Building C object CMakeFiles/quadrotor_msgs__rosidl_generator_py.dir/rosidl_generator_py/quadrotor_msgs/msg/_ppr_output_data_s.c.o
[5.949s] [ 94%] Building C object CMakeFiles/quadrotor_msgs__rosidl_generator_py.dir/rosidl_generator_py/quadrotor_msgs/msg/_polynomial_trajectory_s.c.o
[6.016s] [ 94%] Built target encode_msgs
[6.127s] [ 95%] Linking C shared library rosidl_generator_py/quadrotor_msgs/libquadrotor_msgs__rosidl_generator_py.so
[6.192s] [ 95%] Built target quadrotor_msgs__rosidl_generator_py
[6.212s] Consolidate compiler generated dependencies of target quadrotor_msgs__rosidl_typesupport_c__pyext
[6.215s] Consolidate compiler generated dependencies of target quadrotor_msgs__rosidl_typesupport_introspection_c__pyext
[6.215s] Consolidate compiler generated dependencies of target quadrotor_msgs__rosidl_typesupport_fastrtps_c__pyext
[6.228s] [ 95%] Building C object CMakeFiles/quadrotor_msgs__rosidl_typesupport_c__pyext.dir/rosidl_generator_py/quadrotor_msgs/_quadrotor_msgs_s.ep.rosidl_typesupport_c.c.o
[6.234s] [ 96%] Building C object CMakeFiles/quadrotor_msgs__rosidl_typesupport_introspection_c__pyext.dir/rosidl_generator_py/quadrotor_msgs/_quadrotor_msgs_s.ep.rosidl_typesupport_introspection_c.c.o
[6.234s] [ 96%] Building C object CMakeFiles/quadrotor_msgs__rosidl_typesupport_fastrtps_c__pyext.dir/rosidl_generator_py/quadrotor_msgs/_quadrotor_msgs_s.ep.rosidl_typesupport_fastrtps_c.c.o
[6.363s] [ 97%] Linking C shared library rosidl_generator_py/quadrotor_msgs/quadrotor_msgs_s__rosidl_typesupport_fastrtps_c.cpython-310-x86_64-linux-gnu.so
[6.369s] [ 98%] Linking C shared library rosidl_generator_py/quadrotor_msgs/quadrotor_msgs_s__rosidl_typesupport_introspection_c.cpython-310-x86_64-linux-gnu.so
[6.390s] [ 99%] Linking C shared library rosidl_generator_py/quadrotor_msgs/quadrotor_msgs_s__rosidl_typesupport_c.cpython-310-x86_64-linux-gnu.so
[6.430s] [ 99%] Built target quadrotor_msgs__rosidl_typesupport_fastrtps_c__pyext
[6.438s] [ 99%] Built target quadrotor_msgs__rosidl_typesupport_introspection_c__pyext
[6.459s] [ 99%] Built target quadrotor_msgs__rosidl_typesupport_c__pyext
[6.638s] [100%] Linking CXX shared library libdecode_msgs.so
[6.803s] [100%] Built target decode_msgs
[6.827s] Invoked command in '/home/rizy/planner/3d-navi/3d-navi-ros2_v1/build/quadrotor_msgs' returned '0': CMAKE_PREFIX_PATH=/opt/ros/humble CONDA_PROMPT_MODIFIER=(myenv) /usr/bin/cmake --build /home/rizy/planner/3d-navi/3d-navi-ros2_v1/build/quadrotor_msgs -- -j32 -l32
[6.829s] Invoking command in '/home/rizy/planner/3d-navi/3d-navi-ros2_v1/build/quadrotor_msgs': CMAKE_PREFIX_PATH=/opt/ros/humble CONDA_PROMPT_MODIFIER=(myenv) /usr/bin/cmake --install /home/rizy/planner/3d-navi/3d-navi-ros2_v1/build/quadrotor_msgs
[6.847s] -- Install configuration: ""
[6.847s] -- Execute custom install script
[6.847s] -- Up-to-date symlink: /home/rizy/planner/3d-navi/3d-navi-ros2_v1/install/quadrotor_msgs/share/ament_index/resource_index/rosidl_interfaces/quadrotor_msgs
[6.847s] -- Up-to-date symlink: /home/rizy/planner/3d-navi/3d-navi-ros2_v1/install/quadrotor_msgs/include/quadrotor_msgs/quadrotor_msgs/msg/aux_command.h
[6.847s] -- Up-to-date symlink: /home/rizy/planner/3d-navi/3d-navi-ros2_v1/install/quadrotor_msgs/include/quadrotor_msgs/quadrotor_msgs/msg/corrections.h
[6.847s] -- Up-to-date symlink: /home/rizy/planner/3d-navi/3d-navi-ros2_v1/install/quadrotor_msgs/include/quadrotor_msgs/quadrotor_msgs/msg/detail/aux_command__functions.h
[6.847s] -- Up-to-date symlink: /home/rizy/planner/3d-navi/3d-navi-ros2_v1/install/quadrotor_msgs/include/quadrotor_msgs/quadrotor_msgs/msg/detail/aux_command__struct.h
[6.847s] -- Up-to-date symlink: /home/rizy/planner/3d-navi/3d-navi-ros2_v1/install/quadrotor_msgs/include/quadrotor_msgs/quadrotor_msgs/msg/detail/aux_command__type_support.h
[6.847s] -- Up-to-date symlink: /home/rizy/planner/3d-navi/3d-navi-ros2_v1/install/quadrotor_msgs/include/quadrotor_msgs/quadrotor_msgs/msg/detail/corrections__functions.h
[6.847s] -- Up-to-date symlink: /home/rizy/planner/3d-navi/3d-navi-ros2_v1/install/quadrotor_msgs/include/quadrotor_msgs/quadrotor_msgs/msg/detail/corrections__struct.h
[6.847s] -- Up-to-date symlink: /home/rizy/planner/3d-navi/3d-navi-ros2_v1/install/quadrotor_msgs/include/quadrotor_msgs/quadrotor_msgs/msg/detail/corrections__type_support.h
[6.847s] -- Up-to-date symlink: /home/rizy/planner/3d-navi/3d-navi-ros2_v1/install/quadrotor_msgs/include/quadrotor_msgs/quadrotor_msgs/msg/detail/gains__functions.h
[6.847s] -- Up-to-date symlink: /home/rizy/planner/3d-navi/3d-navi-ros2_v1/install/quadrotor_msgs/include/quadrotor_msgs/quadrotor_msgs/msg/detail/gains__struct.h
[6.847s] -- Up-to-date symlink: /home/rizy/planner/3d-navi/3d-navi-ros2_v1/install/quadrotor_msgs/include/quadrotor_msgs/quadrotor_msgs/msg/detail/gains__type_support.h
[6.847s] -- Up-to-date symlink: /home/rizy/planner/3d-navi/3d-navi-ros2_v1/install/quadrotor_msgs/include/quadrotor_msgs/quadrotor_msgs/msg/detail/lqr_trajectory__functions.h
[6.847s] -- Up-to-date symlink: /home/rizy/planner/3d-navi/3d-navi-ros2_v1/install/quadrotor_msgs/include/quadrotor_msgs/quadrotor_msgs/msg/detail/lqr_trajectory__struct.h
[6.847s] -- Up-to-date symlink: /home/rizy/planner/3d-navi/3d-navi-ros2_v1/install/quadrotor_msgs/include/quadrotor_msgs/quadrotor_msgs/msg/detail/lqr_trajectory__type_support.h
[6.847s] -- Up-to-date symlink: /home/rizy/planner/3d-navi/3d-navi-ros2_v1/install/quadrotor_msgs/include/quadrotor_msgs/quadrotor_msgs/msg/detail/odometry__functions.h
[6.847s] -- Up-to-date symlink: /home/rizy/planner/3d-navi/3d-navi-ros2_v1/install/quadrotor_msgs/include/quadrotor_msgs/quadrotor_msgs/msg/detail/odometry__struct.h
[6.847s] -- Up-to-date symlink: /home/rizy/planner/3d-navi/3d-navi-ros2_v1/install/quadrotor_msgs/include/quadrotor_msgs/quadrotor_msgs/msg/detail/odometry__type_support.h
[6.847s] -- Up-to-date symlink: /home/rizy/planner/3d-navi/3d-navi-ros2_v1/install/quadrotor_msgs/include/quadrotor_msgs/quadrotor_msgs/msg/detail/output_data__functions.h
[6.848s] -- Up-to-date symlink: /home/rizy/planner/3d-navi/3d-navi-ros2_v1/install/quadrotor_msgs/include/quadrotor_msgs/quadrotor_msgs/msg/detail/output_data__struct.h
[6.848s] -- Up-to-date symlink: /home/rizy/planner/3d-navi/3d-navi-ros2_v1/install/quadrotor_msgs/include/quadrotor_msgs/quadrotor_msgs/msg/detail/output_data__type_support.h
[6.848s] -- Up-to-date symlink: /home/rizy/planner/3d-navi/3d-navi-ros2_v1/install/quadrotor_msgs/include/quadrotor_msgs/quadrotor_msgs/msg/detail/polynomial_trajectory__functions.h
[6.848s] -- Up-to-date symlink: /home/rizy/planner/3d-navi/3d-navi-ros2_v1/install/quadrotor_msgs/include/quadrotor_msgs/quadrotor_msgs/msg/detail/polynomial_trajectory__struct.h
[6.848s] -- Up-to-date symlink: /home/rizy/planner/3d-navi/3d-navi-ros2_v1/install/quadrotor_msgs/include/quadrotor_msgs/quadrotor_msgs/msg/detail/polynomial_trajectory__type_support.h
[6.848s] -- Up-to-date symlink: /home/rizy/planner/3d-navi/3d-navi-ros2_v1/install/quadrotor_msgs/include/quadrotor_msgs/quadrotor_msgs/msg/detail/position_command__functions.h
[6.848s] -- Up-to-date symlink: /home/rizy/planner/3d-navi/3d-navi-ros2_v1/install/quadrotor_msgs/include/quadrotor_msgs/quadrotor_msgs/msg/detail/position_command__struct.h
[6.848s] -- Up-to-date symlink: /home/rizy/planner/3d-navi/3d-navi-ros2_v1/install/quadrotor_msgs/include/quadrotor_msgs/quadrotor_msgs/msg/detail/position_command__type_support.h
[6.848s] -- Up-to-date symlink: /home/rizy/planner/3d-navi/3d-navi-ros2_v1/install/quadrotor_msgs/include/quadrotor_msgs/quadrotor_msgs/msg/detail/ppr_output_data__functions.h
[6.848s] -- Up-to-date symlink: /home/rizy/planner/3d-navi/3d-navi-ros2_v1/install/quadrotor_msgs/include/quadrotor_msgs/quadrotor_msgs/msg/detail/ppr_output_data__struct.h
[6.848s] -- Up-to-date symlink: /home/rizy/planner/3d-navi/3d-navi-ros2_v1/install/quadrotor_msgs/include/quadrotor_msgs/quadrotor_msgs/msg/detail/ppr_output_data__type_support.h
[6.848s] -- Up-to-date symlink: /home/rizy/planner/3d-navi/3d-navi-ros2_v1/install/quadrotor_msgs/include/quadrotor_msgs/quadrotor_msgs/msg/detail/serial__functions.h
[6.848s] -- Up-to-date symlink: /home/rizy/planner/3d-navi/3d-navi-ros2_v1/install/quadrotor_msgs/include/quadrotor_msgs/quadrotor_msgs/msg/detail/serial__struct.h
[6.848s] -- Up-to-date symlink: /home/rizy/planner/3d-navi/3d-navi-ros2_v1/install/quadrotor_msgs/include/quadrotor_msgs/quadrotor_msgs/msg/detail/serial__type_support.h
[6.848s] -- Up-to-date symlink: /home/rizy/planner/3d-navi/3d-navi-ros2_v1/install/quadrotor_msgs/include/quadrotor_msgs/quadrotor_msgs/msg/detail/so3_command__functions.h
[6.848s] -- Up-to-date symlink: /home/rizy/planner/3d-navi/3d-navi-ros2_v1/install/quadrotor_msgs/include/quadrotor_msgs/quadrotor_msgs/msg/detail/so3_command__struct.h
[6.848s] -- Up-to-date symlink: /home/rizy/planner/3d-navi/3d-navi-ros2_v1/install/quadrotor_msgs/include/quadrotor_msgs/quadrotor_msgs/msg/detail/so3_command__type_support.h
[6.848s] -- Up-to-date symlink: /home/rizy/planner/3d-navi/3d-navi-ros2_v1/install/quadrotor_msgs/include/quadrotor_msgs/quadrotor_msgs/msg/detail/status_data__functions.h
[6.848s] -- Up-to-date symlink: /home/rizy/planner/3d-navi/3d-navi-ros2_v1/install/quadrotor_msgs/include/quadrotor_msgs/quadrotor_msgs/msg/detail/status_data__struct.h
[6.848s] -- Up-to-date symlink: /home/rizy/planner/3d-navi/3d-navi-ros2_v1/install/quadrotor_msgs/include/quadrotor_msgs/quadrotor_msgs/msg/detail/status_data__type_support.h
[6.848s] -- Up-to-date symlink: /home/rizy/planner/3d-navi/3d-navi-ros2_v1/install/quadrotor_msgs/include/quadrotor_msgs/quadrotor_msgs/msg/detail/trpy_command__functions.h
[6.848s] -- Up-to-date symlink: /home/rizy/planner/3d-navi/3d-navi-ros2_v1/install/quadrotor_msgs/include/quadrotor_msgs/quadrotor_msgs/msg/detail/trpy_command__struct.h
[6.848s] -- Up-to-date symlink: /home/rizy/planner/3d-navi/3d-navi-ros2_v1/install/quadrotor_msgs/include/quadrotor_msgs/quadrotor_msgs/msg/detail/trpy_command__type_support.h
[6.848s] -- Up-to-date symlink: /home/rizy/planner/3d-navi/3d-navi-ros2_v1/install/quadrotor_msgs/include/quadrotor_msgs/quadrotor_msgs/msg/gains.h
[6.848s] -- Up-to-date symlink: /home/rizy/planner/3d-navi/3d-navi-ros2_v1/install/quadrotor_msgs/include/quadrotor_msgs/quadrotor_msgs/msg/lqr_trajectory.h
[6.848s] -- Up-to-date symlink: /home/rizy/planner/3d-navi/3d-navi-ros2_v1/install/quadrotor_msgs/include/quadrotor_msgs/quadrotor_msgs/msg/odometry.h
[6.848s] -- Up-to-date symlink: /home/rizy/planner/3d-navi/3d-navi-ros2_v1/install/quadrotor_msgs/include/quadrotor_msgs/quadrotor_msgs/msg/output_data.h
[6.849s] -- Up-to-date symlink: /home/rizy/planner/3d-navi/3d-navi-ros2_v1/install/quadrotor_msgs/include/quadrotor_msgs/quadrotor_msgs/msg/polynomial_trajectory.h
[6.849s] -- Up-to-date symlink: /home/rizy/planner/3d-navi/3d-navi-ros2_v1/install/quadrotor_msgs/include/quadrotor_msgs/quadrotor_msgs/msg/position_command.h
[6.849s] -- Up-to-date symlink: /home/rizy/planner/3d-navi/3d-navi-ros2_v1/install/quadrotor_msgs/include/quadrotor_msgs/quadrotor_msgs/msg/ppr_output_data.h
[6.849s] -- Up-to-date symlink: /home/rizy/planner/3d-navi/3d-navi-ros2_v1/install/quadrotor_msgs/include/quadrotor_msgs/quadrotor_msgs/msg/rosidl_generator_c__visibility_control.h
[6.849s] -- Up-to-date symlink: /home/rizy/planner/3d-navi/3d-navi-ros2_v1/install/quadrotor_msgs/include/quadrotor_msgs/quadrotor_msgs/msg/serial.h
[6.849s] -- Up-to-date symlink: /home/rizy/planner/3d-navi/3d-navi-ros2_v1/install/quadrotor_msgs/include/quadrotor_msgs/quadrotor_msgs/msg/so3_command.h
[6.849s] -- Up-to-date symlink: /home/rizy/planner/3d-navi/3d-navi-ros2_v1/install/quadrotor_msgs/include/quadrotor_msgs/quadrotor_msgs/msg/status_data.h
[6.849s] -- Up-to-date symlink: /home/rizy/planner/3d-navi/3d-navi-ros2_v1/install/quadrotor_msgs/include/quadrotor_msgs/quadrotor_msgs/msg/trpy_command.h
[6.849s] -- Up-to-date symlink: /home/rizy/planner/3d-navi/3d-navi-ros2_v1/install/quadrotor_msgs/share/quadrotor_msgs/environment/library_path.sh
[6.849s] -- Up-to-date symlink: /home/rizy/planner/3d-navi/3d-navi-ros2_v1/install/quadrotor_msgs/share/quadrotor_msgs/environment/library_path.dsv
[6.849s] -- Up-to-date symlink: /home/rizy/planner/3d-navi/3d-navi-ros2_v1/install/quadrotor_msgs/include/quadrotor_msgs/quadrotor_msgs/msg/detail/aux_command__rosidl_typesupport_fastrtps_c.h
[6.849s] -- Up-to-date symlink: /home/rizy/planner/3d-navi/3d-navi-ros2_v1/install/quadrotor_msgs/include/quadrotor_msgs/quadrotor_msgs/msg/detail/corrections__rosidl_typesupport_fastrtps_c.h
[6.850s] -- Up-to-date symlink: /home/rizy/planner/3d-navi/3d-navi-ros2_v1/install/quadrotor_msgs/include/quadrotor_msgs/quadrotor_msgs/msg/detail/gains__rosidl_typesupport_fastrtps_c.h
[6.850s] -- Up-to-date symlink: /home/rizy/planner/3d-navi/3d-navi-ros2_v1/install/quadrotor_msgs/include/quadrotor_msgs/quadrotor_msgs/msg/detail/lqr_trajectory__rosidl_typesupport_fastrtps_c.h
[6.850s] -- Up-to-date symlink: /home/rizy/planner/3d-navi/3d-navi-ros2_v1/install/quadrotor_msgs/include/quadrotor_msgs/quadrotor_msgs/msg/detail/odometry__rosidl_typesupport_fastrtps_c.h
[6.850s] -- Up-to-date symlink: /home/rizy/planner/3d-navi/3d-navi-ros2_v1/install/quadrotor_msgs/include/quadrotor_msgs/quadrotor_msgs/msg/detail/output_data__rosidl_typesupport_fastrtps_c.h
[6.850s] -- Up-to-date symlink: /home/rizy/planner/3d-navi/3d-navi-ros2_v1/install/quadrotor_msgs/include/quadrotor_msgs/quadrotor_msgs/msg/detail/polynomial_trajectory__rosidl_typesupport_fastrtps_c.h
[6.850s] -- Up-to-date symlink: /home/rizy/planner/3d-navi/3d-navi-ros2_v1/install/quadrotor_msgs/include/quadrotor_msgs/quadrotor_msgs/msg/detail/position_command__rosidl_typesupport_fastrtps_c.h
[6.850s] -- Up-to-date symlink: /home/rizy/planner/3d-navi/3d-navi-ros2_v1/install/quadrotor_msgs/include/quadrotor_msgs/quadrotor_msgs/msg/detail/ppr_output_data__rosidl_typesupport_fastrtps_c.h
[6.850s] -- Up-to-date symlink: /home/rizy/planner/3d-navi/3d-navi-ros2_v1/install/quadrotor_msgs/include/quadrotor_msgs/quadrotor_msgs/msg/detail/serial__rosidl_typesupport_fastrtps_c.h
[6.850s] -- Up-to-date symlink: /home/rizy/planner/3d-navi/3d-navi-ros2_v1/install/quadrotor_msgs/include/quadrotor_msgs/quadrotor_msgs/msg/detail/so3_command__rosidl_typesupport_fastrtps_c.h
[6.850s] -- Up-to-date symlink: /home/rizy/planner/3d-navi/3d-navi-ros2_v1/install/quadrotor_msgs/include/quadrotor_msgs/quadrotor_msgs/msg/detail/status_data__rosidl_typesupport_fastrtps_c.h
[6.850s] -- Up-to-date symlink: /home/rizy/planner/3d-navi/3d-navi-ros2_v1/install/quadrotor_msgs/include/quadrotor_msgs/quadrotor_msgs/msg/detail/trpy_command__rosidl_typesupport_fastrtps_c.h
[6.850s] -- Up-to-date symlink: /home/rizy/planner/3d-navi/3d-navi-ros2_v1/install/quadrotor_msgs/include/quadrotor_msgs/quadrotor_msgs/msg/rosidl_typesupport_fastrtps_c__visibility_control.h
[6.851s] -- Up-to-date symlink: /home/rizy/planner/3d-navi/3d-navi-ros2_v1/install/quadrotor_msgs/include/quadrotor_msgs/quadrotor_msgs/msg/aux_command.hpp
[6.851s] -- Up-to-date symlink: /home/rizy/planner/3d-navi/3d-navi-ros2_v1/install/quadrotor_msgs/include/quadrotor_msgs/quadrotor_msgs/msg/corrections.hpp
[6.851s] -- Up-to-date symlink: /home/rizy/planner/3d-navi/3d-navi-ros2_v1/install/quadrotor_msgs/include/quadrotor_msgs/quadrotor_msgs/msg/detail/aux_command__builder.hpp
[6.851s] -- Up-to-date symlink: /home/rizy/planner/3d-navi/3d-navi-ros2_v1/install/quadrotor_msgs/include/quadrotor_msgs/quadrotor_msgs/msg/detail/aux_command__struct.hpp
[6.851s] -- Up-to-date symlink: /home/rizy/planner/3d-navi/3d-navi-ros2_v1/install/quadrotor_msgs/include/quadrotor_msgs/quadrotor_msgs/msg/detail/aux_command__traits.hpp
[6.852s] -- Up-to-date symlink: /home/rizy/planner/3d-navi/3d-navi-ros2_v1/install/quadrotor_msgs/include/quadrotor_msgs/quadrotor_msgs/msg/detail/aux_command__type_support.hpp
[6.852s] -- Up-to-date symlink: /home/rizy/planner/3d-navi/3d-navi-ros2_v1/install/quadrotor_msgs/include/quadrotor_msgs/quadrotor_msgs/msg/detail/corrections__builder.hpp
[6.852s] -- Up-to-date symlink: /home/rizy/planner/3d-navi/3d-navi-ros2_v1/install/quadrotor_msgs/include/quadrotor_msgs/quadrotor_msgs/msg/detail/corrections__struct.hpp
[6.852s] -- Up-to-date symlink: /home/rizy/planner/3d-navi/3d-navi-ros2_v1/install/quadrotor_msgs/include/quadrotor_msgs/quadrotor_msgs/msg/detail/corrections__traits.hpp
[6.852s] -- Up-to-date symlink: /home/rizy/planner/3d-navi/3d-navi-ros2_v1/install/quadrotor_msgs/include/quadrotor_msgs/quadrotor_msgs/msg/detail/corrections__type_support.hpp
[6.852s] -- Up-to-date symlink: /home/rizy/planner/3d-navi/3d-navi-ros2_v1/install/quadrotor_msgs/include/quadrotor_msgs/quadrotor_msgs/msg/detail/gains__builder.hpp
[6.852s] -- Up-to-date symlink: /home/rizy/planner/3d-navi/3d-navi-ros2_v1/install/quadrotor_msgs/include/quadrotor_msgs/quadrotor_msgs/msg/detail/gains__struct.hpp
[6.852s] -- Up-to-date symlink: /home/rizy/planner/3d-navi/3d-navi-ros2_v1/install/quadrotor_msgs/include/quadrotor_msgs/quadrotor_msgs/msg/detail/gains__traits.hpp
[6.852s] -- Up-to-date symlink: /home/rizy/planner/3d-navi/3d-navi-ros2_v1/install/quadrotor_msgs/include/quadrotor_msgs/quadrotor_msgs/msg/detail/gains__type_support.hpp
[6.852s] -- Up-to-date symlink: /home/rizy/planner/3d-navi/3d-navi-ros2_v1/install/quadrotor_msgs/include/quadrotor_msgs/quadrotor_msgs/msg/detail/lqr_trajectory__builder.hpp
[6.852s] -- Up-to-date symlink: /home/rizy/planner/3d-navi/3d-navi-ros2_v1/install/quadrotor_msgs/include/quadrotor_msgs/quadrotor_msgs/msg/detail/lqr_trajectory__struct.hpp
[6.852s] -- Up-to-date symlink: /home/rizy/planner/3d-navi/3d-navi-ros2_v1/install/quadrotor_msgs/include/quadrotor_msgs/quadrotor_msgs/msg/detail/lqr_trajectory__traits.hpp
[6.852s] -- Up-to-date symlink: /home/rizy/planner/3d-navi/3d-navi-ros2_v1/install/quadrotor_msgs/include/quadrotor_msgs/quadrotor_msgs/msg/detail/lqr_trajectory__type_support.hpp
[6.853s] -- Up-to-date symlink: /home/rizy/planner/3d-navi/3d-navi-ros2_v1/install/quadrotor_msgs/include/quadrotor_msgs/quadrotor_msgs/msg/detail/odometry__builder.hpp
[6.853s] -- Up-to-date symlink: /home/rizy/planner/3d-navi/3d-navi-ros2_v1/install/quadrotor_msgs/include/quadrotor_msgs/quadrotor_msgs/msg/detail/odometry__struct.hpp
[6.853s] -- Up-to-date symlink: /home/rizy/planner/3d-navi/3d-navi-ros2_v1/install/quadrotor_msgs/include/quadrotor_msgs/quadrotor_msgs/msg/detail/odometry__traits.hpp
[6.853s] -- Up-to-date symlink: /home/rizy/planner/3d-navi/3d-navi-ros2_v1/install/quadrotor_msgs/include/quadrotor_msgs/quadrotor_msgs/msg/detail/odometry__type_support.hpp
[6.853s] -- Up-to-date symlink: /home/rizy/planner/3d-navi/3d-navi-ros2_v1/install/quadrotor_msgs/include/quadrotor_msgs/quadrotor_msgs/msg/detail/output_data__builder.hpp
[6.853s] -- Up-to-date symlink: /home/rizy/planner/3d-navi/3d-navi-ros2_v1/install/quadrotor_msgs/include/quadrotor_msgs/quadrotor_msgs/msg/detail/output_data__struct.hpp
[6.853s] -- Up-to-date symlink: /home/rizy/planner/3d-navi/3d-navi-ros2_v1/install/quadrotor_msgs/include/quadrotor_msgs/quadrotor_msgs/msg/detail/output_data__traits.hpp
[6.853s] -- Up-to-date symlink: /home/rizy/planner/3d-navi/3d-navi-ros2_v1/install/quadrotor_msgs/include/quadrotor_msgs/quadrotor_msgs/msg/detail/output_data__type_support.hpp
[6.853s] -- Up-to-date symlink: /home/rizy/planner/3d-navi/3d-navi-ros2_v1/install/quadrotor_msgs/include/quadrotor_msgs/quadrotor_msgs/msg/detail/polynomial_trajectory__builder.hpp
[6.853s] -- Up-to-date symlink: /home/rizy/planner/3d-navi/3d-navi-ros2_v1/install/quadrotor_msgs/include/quadrotor_msgs/quadrotor_msgs/msg/detail/polynomial_trajectory__struct.hpp
[6.853s] -- Up-to-date symlink: /home/rizy/planner/3d-navi/3d-navi-ros2_v1/install/quadrotor_msgs/include/quadrotor_msgs/quadrotor_msgs/msg/detail/polynomial_trajectory__traits.hpp
[6.853s] -- Up-to-date symlink: /home/rizy/planner/3d-navi/3d-navi-ros2_v1/install/quadrotor_msgs/include/quadrotor_msgs/quadrotor_msgs/msg/detail/polynomial_trajectory__type_support.hpp
[6.853s] -- Up-to-date symlink: /home/rizy/planner/3d-navi/3d-navi-ros2_v1/install/quadrotor_msgs/include/quadrotor_msgs/quadrotor_msgs/msg/detail/position_command__builder.hpp
[6.853s] -- Up-to-date symlink: /home/rizy/planner/3d-navi/3d-navi-ros2_v1/install/quadrotor_msgs/include/quadrotor_msgs/quadrotor_msgs/msg/detail/position_command__struct.hpp
[6.854s] -- Up-to-date symlink: /home/rizy/planner/3d-navi/3d-navi-ros2_v1/install/quadrotor_msgs/include/quadrotor_msgs/quadrotor_msgs/msg/detail/position_command__traits.hpp
[6.854s] -- Up-to-date symlink: /home/rizy/planner/3d-navi/3d-navi-ros2_v1/install/quadrotor_msgs/include/quadrotor_msgs/quadrotor_msgs/msg/detail/position_command__type_support.hpp
[6.854s] -- Up-to-date symlink: /home/rizy/planner/3d-navi/3d-navi-ros2_v1/install/quadrotor_msgs/include/quadrotor_msgs/quadrotor_msgs/msg/detail/ppr_output_data__builder.hpp
[6.854s] -- Up-to-date symlink: /home/rizy/planner/3d-navi/3d-navi-ros2_v1/install/quadrotor_msgs/include/quadrotor_msgs/quadrotor_msgs/msg/detail/ppr_output_data__struct.hpp
[6.854s] -- Up-to-date symlink: /home/rizy/planner/3d-navi/3d-navi-ros2_v1/install/quadrotor_msgs/include/quadrotor_msgs/quadrotor_msgs/msg/detail/ppr_output_data__traits.hpp
[6.854s] -- Up-to-date symlink: /home/rizy/planner/3d-navi/3d-navi-ros2_v1/install/quadrotor_msgs/include/quadrotor_msgs/quadrotor_msgs/msg/detail/ppr_output_data__type_support.hpp
[6.854s] -- Up-to-date symlink: /home/rizy/planner/3d-navi/3d-navi-ros2_v1/install/quadrotor_msgs/include/quadrotor_msgs/quadrotor_msgs/msg/detail/serial__builder.hpp
[6.854s] -- Up-to-date symlink: /home/rizy/planner/3d-navi/3d-navi-ros2_v1/install/quadrotor_msgs/include/quadrotor_msgs/quadrotor_msgs/msg/detail/serial__struct.hpp
[6.854s] -- Up-to-date symlink: /home/rizy/planner/3d-navi/3d-navi-ros2_v1/install/quadrotor_msgs/include/quadrotor_msgs/quadrotor_msgs/msg/detail/serial__traits.hpp
[6.854s] -- Up-to-date symlink: /home/rizy/planner/3d-navi/3d-navi-ros2_v1/install/quadrotor_msgs/include/quadrotor_msgs/quadrotor_msgs/msg/detail/serial__type_support.hpp
[6.854s] -- Up-to-date symlink: /home/rizy/planner/3d-navi/3d-navi-ros2_v1/install/quadrotor_msgs/include/quadrotor_msgs/quadrotor_msgs/msg/detail/so3_command__builder.hpp
[6.855s] -- Up-to-date symlink: /home/rizy/planner/3d-navi/3d-navi-ros2_v1/install/quadrotor_msgs/include/quadrotor_msgs/quadrotor_msgs/msg/detail/so3_command__struct.hpp
[6.855s] -- Up-to-date symlink: /home/rizy/planner/3d-navi/3d-navi-ros2_v1/install/quadrotor_msgs/include/quadrotor_msgs/quadrotor_msgs/msg/detail/so3_command__traits.hpp
[6.855s] -- Up-to-date symlink: /home/rizy/planner/3d-navi/3d-navi-ros2_v1/install/quadrotor_msgs/include/quadrotor_msgs/quadrotor_msgs/msg/detail/so3_command__type_support.hpp
[6.855s] -- Up-to-date symlink: /home/rizy/planner/3d-navi/3d-navi-ros2_v1/install/quadrotor_msgs/include/quadrotor_msgs/quadrotor_msgs/msg/detail/status_data__builder.hpp
[6.855s] -- Up-to-date symlink: /home/rizy/planner/3d-navi/3d-navi-ros2_v1/install/quadrotor_msgs/include/quadrotor_msgs/quadrotor_msgs/msg/detail/status_data__struct.hpp
[6.855s] -- Up-to-date symlink: /home/rizy/planner/3d-navi/3d-navi-ros2_v1/install/quadrotor_msgs/include/quadrotor_msgs/quadrotor_msgs/msg/detail/status_data__traits.hpp
[6.855s] -- Up-to-date symlink: /home/rizy/planner/3d-navi/3d-navi-ros2_v1/install/quadrotor_msgs/include/quadrotor_msgs/quadrotor_msgs/msg/detail/status_data__type_support.hpp
[6.855s] -- Up-to-date symlink: /home/rizy/planner/3d-navi/3d-navi-ros2_v1/install/quadrotor_msgs/include/quadrotor_msgs/quadrotor_msgs/msg/detail/trpy_command__builder.hpp
[6.855s] -- Up-to-date symlink: /home/rizy/planner/3d-navi/3d-navi-ros2_v1/install/quadrotor_msgs/include/quadrotor_msgs/quadrotor_msgs/msg/detail/trpy_command__struct.hpp
[6.855s] -- Up-to-date symlink: /home/rizy/planner/3d-navi/3d-navi-ros2_v1/install/quadrotor_msgs/include/quadrotor_msgs/quadrotor_msgs/msg/detail/trpy_command__traits.hpp
[6.855s] -- Up-to-date symlink: /home/rizy/planner/3d-navi/3d-navi-ros2_v1/install/quadrotor_msgs/include/quadrotor_msgs/quadrotor_msgs/msg/detail/trpy_command__type_support.hpp
[6.856s] -- Up-to-date symlink: /home/rizy/planner/3d-navi/3d-navi-ros2_v1/install/quadrotor_msgs/include/quadrotor_msgs/quadrotor_msgs/msg/gains.hpp
[6.856s] -- Up-to-date symlink: /home/rizy/planner/3d-navi/3d-navi-ros2_v1/install/quadrotor_msgs/include/quadrotor_msgs/quadrotor_msgs/msg/lqr_trajectory.hpp
[6.856s] -- Up-to-date symlink: /home/rizy/planner/3d-navi/3d-navi-ros2_v1/install/quadrotor_msgs/include/quadrotor_msgs/quadrotor_msgs/msg/odometry.hpp
[6.856s] -- Up-to-date symlink: /home/rizy/planner/3d-navi/3d-navi-ros2_v1/install/quadrotor_msgs/include/quadrotor_msgs/quadrotor_msgs/msg/output_data.hpp
[6.856s] -- Up-to-date symlink: /home/rizy/planner/3d-navi/3d-navi-ros2_v1/install/quadrotor_msgs/include/quadrotor_msgs/quadrotor_msgs/msg/polynomial_trajectory.hpp
[6.856s] -- Up-to-date symlink: /home/rizy/planner/3d-navi/3d-navi-ros2_v1/install/quadrotor_msgs/include/quadrotor_msgs/quadrotor_msgs/msg/position_command.hpp
[6.856s] -- Up-to-date symlink: /home/rizy/planner/3d-navi/3d-navi-ros2_v1/install/quadrotor_msgs/include/quadrotor_msgs/quadrotor_msgs/msg/ppr_output_data.hpp
[6.856s] -- Up-to-date symlink: /home/rizy/planner/3d-navi/3d-navi-ros2_v1/install/quadrotor_msgs/include/quadrotor_msgs/quadrotor_msgs/msg/rosidl_generator_cpp__visibility_control.hpp
[6.856s] -- Up-to-date symlink: /home/rizy/planner/3d-navi/3d-navi-ros2_v1/install/quadrotor_msgs/include/quadrotor_msgs/quadrotor_msgs/msg/serial.hpp
[6.856s] -- Up-to-date symlink: /home/rizy/planner/3d-navi/3d-navi-ros2_v1/install/quadrotor_msgs/include/quadrotor_msgs/quadrotor_msgs/msg/so3_command.hpp
[6.856s] -- Up-to-date symlink: /home/rizy/planner/3d-navi/3d-navi-ros2_v1/install/quadrotor_msgs/include/quadrotor_msgs/quadrotor_msgs/msg/status_data.hpp
[6.856s] -- Up-to-date symlink: /home/rizy/planner/3d-navi/3d-navi-ros2_v1/install/quadrotor_msgs/include/quadrotor_msgs/quadrotor_msgs/msg/trpy_command.hpp
[6.857s] -- Up-to-date symlink: /home/rizy/planner/3d-navi/3d-navi-ros2_v1/install/quadrotor_msgs/include/quadrotor_msgs/quadrotor_msgs/msg/detail/aux_command__rosidl_typesupport_fastrtps_cpp.hpp
[6.857s] -- Up-to-date symlink: /home/rizy/planner/3d-navi/3d-navi-ros2_v1/install/quadrotor_msgs/include/quadrotor_msgs/quadrotor_msgs/msg/detail/corrections__rosidl_typesupport_fastrtps_cpp.hpp
[6.857s] -- Up-to-date symlink: /home/rizy/planner/3d-navi/3d-navi-ros2_v1/install/quadrotor_msgs/include/quadrotor_msgs/quadrotor_msgs/msg/detail/gains__rosidl_typesupport_fastrtps_cpp.hpp
[6.857s] -- Up-to-date symlink: /home/rizy/planner/3d-navi/3d-navi-ros2_v1/install/quadrotor_msgs/include/quadrotor_msgs/quadrotor_msgs/msg/detail/lqr_trajectory__rosidl_typesupport_fastrtps_cpp.hpp
[6.857s] -- Up-to-date symlink: /home/rizy/planner/3d-navi/3d-navi-ros2_v1/install/quadrotor_msgs/include/quadrotor_msgs/quadrotor_msgs/msg/detail/odometry__rosidl_typesupport_fastrtps_cpp.hpp
[6.857s] -- Up-to-date symlink: /home/rizy/planner/3d-navi/3d-navi-ros2_v1/install/quadrotor_msgs/include/quadrotor_msgs/quadrotor_msgs/msg/detail/output_data__rosidl_typesupport_fastrtps_cpp.hpp
[6.857s] -- Up-to-date symlink: /home/rizy/planner/3d-navi/3d-navi-ros2_v1/install/quadrotor_msgs/include/quadrotor_msgs/quadrotor_msgs/msg/detail/polynomial_trajectory__rosidl_typesupport_fastrtps_cpp.hpp
[6.858s] -- Up-to-date symlink: /home/rizy/planner/3d-navi/3d-navi-ros2_v1/install/quadrotor_msgs/include/quadrotor_msgs/quadrotor_msgs/msg/detail/position_command__rosidl_typesupport_fastrtps_cpp.hpp
[6.858s] -- Up-to-date symlink: /home/rizy/planner/3d-navi/3d-navi-ros2_v1/install/quadrotor_msgs/include/quadrotor_msgs/quadrotor_msgs/msg/detail/ppr_output_data__rosidl_typesupport_fastrtps_cpp.hpp
[6.858s] -- Up-to-date symlink: /home/rizy/planner/3d-navi/3d-navi-ros2_v1/install/quadrotor_msgs/include/quadrotor_msgs/quadrotor_msgs/msg/detail/serial__rosidl_typesupport_fastrtps_cpp.hpp
[6.858s] -- Up-to-date symlink: /home/rizy/planner/3d-navi/3d-navi-ros2_v1/install/quadrotor_msgs/include/quadrotor_msgs/quadrotor_msgs/msg/detail/so3_command__rosidl_typesupport_fastrtps_cpp.hpp
[6.858s] -- Up-to-date symlink: /home/rizy/planner/3d-navi/3d-navi-ros2_v1/install/quadrotor_msgs/include/quadrotor_msgs/quadrotor_msgs/msg/detail/status_data__rosidl_typesupport_fastrtps_cpp.hpp
[6.858s] -- Up-to-date symlink: /home/rizy/planner/3d-navi/3d-navi-ros2_v1/install/quadrotor_msgs/include/quadrotor_msgs/quadrotor_msgs/msg/detail/trpy_command__rosidl_typesupport_fastrtps_cpp.hpp
[6.858s] -- Up-to-date symlink: /home/rizy/planner/3d-navi/3d-navi-ros2_v1/install/quadrotor_msgs/include/quadrotor_msgs/quadrotor_msgs/msg/rosidl_typesupport_fastrtps_cpp__visibility_control.h
[6.858s] -- Up-to-date symlink: /home/rizy/planner/3d-navi/3d-navi-ros2_v1/install/quadrotor_msgs/include/quadrotor_msgs/quadrotor_msgs/msg/detail/aux_command__rosidl_typesupport_introspection_c.h
[6.859s] -- Up-to-date symlink: /home/rizy/planner/3d-navi/3d-navi-ros2_v1/install/quadrotor_msgs/include/quadrotor_msgs/quadrotor_msgs/msg/detail/corrections__rosidl_typesupport_introspection_c.h
[6.859s] -- Up-to-date symlink: /home/rizy/planner/3d-navi/3d-navi-ros2_v1/install/quadrotor_msgs/include/quadrotor_msgs/quadrotor_msgs/msg/detail/gains__rosidl_typesupport_introspection_c.h
[6.859s] -- Up-to-date symlink: /home/rizy/planner/3d-navi/3d-navi-ros2_v1/install/quadrotor_msgs/include/quadrotor_msgs/quadrotor_msgs/msg/detail/lqr_trajectory__rosidl_typesupport_introspection_c.h
[6.859s] -- Up-to-date symlink: /home/rizy/planner/3d-navi/3d-navi-ros2_v1/install/quadrotor_msgs/include/quadrotor_msgs/quadrotor_msgs/msg/detail/odometry__rosidl_typesupport_introspection_c.h
[6.859s] -- Up-to-date symlink: /home/rizy/planner/3d-navi/3d-navi-ros2_v1/install/quadrotor_msgs/include/quadrotor_msgs/quadrotor_msgs/msg/detail/output_data__rosidl_typesupport_introspection_c.h
[6.859s] -- Up-to-date symlink: /home/rizy/planner/3d-navi/3d-navi-ros2_v1/install/quadrotor_msgs/include/quadrotor_msgs/quadrotor_msgs/msg/detail/polynomial_trajectory__rosidl_typesupport_introspection_c.h
[6.859s] -- Up-to-date symlink: /home/rizy/planner/3d-navi/3d-navi-ros2_v1/install/quadrotor_msgs/include/quadrotor_msgs/quadrotor_msgs/msg/detail/position_command__rosidl_typesupport_introspection_c.h
[6.859s] -- Up-to-date symlink: /home/rizy/planner/3d-navi/3d-navi-ros2_v1/install/quadrotor_msgs/include/quadrotor_msgs/quadrotor_msgs/msg/detail/ppr_output_data__rosidl_typesupport_introspection_c.h
[6.859s] -- Up-to-date symlink: /home/rizy/planner/3d-navi/3d-navi-ros2_v1/install/quadrotor_msgs/include/quadrotor_msgs/quadrotor_msgs/msg/detail/serial__rosidl_typesupport_introspection_c.h
[6.859s] -- Up-to-date symlink: /home/rizy/planner/3d-navi/3d-navi-ros2_v1/install/quadrotor_msgs/include/quadrotor_msgs/quadrotor_msgs/msg/detail/so3_command__rosidl_typesupport_introspection_c.h
[6.859s] -- Up-to-date symlink: /home/rizy/planner/3d-navi/3d-navi-ros2_v1/install/quadrotor_msgs/include/quadrotor_msgs/quadrotor_msgs/msg/detail/status_data__rosidl_typesupport_introspection_c.h
[6.860s] -- Up-to-date symlink: /home/rizy/planner/3d-navi/3d-navi-ros2_v1/install/quadrotor_msgs/include/quadrotor_msgs/quadrotor_msgs/msg/detail/trpy_command__rosidl_typesupport_introspection_c.h
[6.860s] -- Up-to-date symlink: /home/rizy/planner/3d-navi/3d-navi-ros2_v1/install/quadrotor_msgs/include/quadrotor_msgs/quadrotor_msgs/msg/rosidl_typesupport_introspection_c__visibility_control.h
[6.860s] -- Up-to-date symlink: /home/rizy/planner/3d-navi/3d-navi-ros2_v1/install/quadrotor_msgs/include/quadrotor_msgs/quadrotor_msgs/msg/detail/aux_command__rosidl_typesupport_introspection_cpp.hpp
[6.860s] -- Up-to-date symlink: /home/rizy/planner/3d-navi/3d-navi-ros2_v1/install/quadrotor_msgs/include/quadrotor_msgs/quadrotor_msgs/msg/detail/corrections__rosidl_typesupport_introspection_cpp.hpp
[6.860s] -- Up-to-date symlink: /home/rizy/planner/3d-navi/3d-navi-ros2_v1/install/quadrotor_msgs/include/quadrotor_msgs/quadrotor_msgs/msg/detail/gains__rosidl_typesupport_introspection_cpp.hpp
[6.861s] -- Up-to-date symlink: /home/rizy/planner/3d-navi/3d-navi-ros2_v1/install/quadrotor_msgs/include/quadrotor_msgs/quadrotor_msgs/msg/detail/lqr_trajectory__rosidl_typesupport_introspection_cpp.hpp
[6.861s] -- Up-to-date symlink: /home/rizy/planner/3d-navi/3d-navi-ros2_v1/install/quadrotor_msgs/include/quadrotor_msgs/quadrotor_msgs/msg/detail/odometry__rosidl_typesupport_introspection_cpp.hpp
[6.863s] -- Up-to-date symlink: /home/rizy/planner/3d-navi/3d-navi-ros2_v1/install/quadrotor_msgs/include/quadrotor_msgs/quadrotor_msgs/msg/detail/output_data__rosidl_typesupport_introspection_cpp.hpp
[6.863s] -- Up-to-date symlink: /home/rizy/planner/3d-navi/3d-navi-ros2_v1/install/quadrotor_msgs/include/quadrotor_msgs/quadrotor_msgs/msg/detail/polynomial_trajectory__rosidl_typesupport_introspection_cpp.hpp
[6.863s] -- Up-to-date symlink: /home/rizy/planner/3d-navi/3d-navi-ros2_v1/install/quadrotor_msgs/include/quadrotor_msgs/quadrotor_msgs/msg/detail/position_command__rosidl_typesupport_introspection_cpp.hpp
[6.863s] -- Up-to-date symlink: /home/rizy/planner/3d-navi/3d-navi-ros2_v1/install/quadrotor_msgs/include/quadrotor_msgs/quadrotor_msgs/msg/detail/ppr_output_data__rosidl_typesupport_introspection_cpp.hpp
[6.863s] -- Up-to-date symlink: /home/rizy/planner/3d-navi/3d-navi-ros2_v1/install/quadrotor_msgs/include/quadrotor_msgs/quadrotor_msgs/msg/detail/serial__rosidl_typesupport_introspection_cpp.hpp
[6.863s] -- Up-to-date symlink: /home/rizy/planner/3d-navi/3d-navi-ros2_v1/install/quadrotor_msgs/include/quadrotor_msgs/quadrotor_msgs/msg/detail/so3_command__rosidl_typesupport_introspection_cpp.hpp
[6.863s] -- Up-to-date symlink: /home/rizy/planner/3d-navi/3d-navi-ros2_v1/install/quadrotor_msgs/include/quadrotor_msgs/quadrotor_msgs/msg/detail/status_data__rosidl_typesupport_introspection_cpp.hpp
[6.863s] -- Up-to-date symlink: /home/rizy/planner/3d-navi/3d-navi-ros2_v1/install/quadrotor_msgs/include/quadrotor_msgs/quadrotor_msgs/msg/detail/trpy_command__rosidl_typesupport_introspection_cpp.hpp
[6.863s] -- Up-to-date symlink: /home/rizy/planner/3d-navi/3d-navi-ros2_v1/install/quadrotor_msgs/share/quadrotor_msgs/environment/pythonpath.sh
[6.863s] -- Up-to-date symlink: /home/rizy/planner/3d-navi/3d-navi-ros2_v1/install/quadrotor_msgs/share/quadrotor_msgs/environment/pythonpath.dsv
[6.864s] -- Symlinking: /home/rizy/planner/3d-navi/3d-navi-ros2_v1/install/quadrotor_msgs/local/lib/python3.10/dist-packages/quadrotor_msgs-0.0.0-py3.10.egg-info/PKG-INFO
[6.902s] -- Symlinking: /home/rizy/planner/3d-navi/3d-navi-ros2_v1/install/quadrotor_msgs/local/lib/python3.10/dist-packages/quadrotor_msgs-0.0.0-py3.10.egg-info/SOURCES.txt
[6.902s] -- Symlinking: /home/rizy/planner/3d-navi/3d-navi-ros2_v1/install/quadrotor_msgs/local/lib/python3.10/dist-packages/quadrotor_msgs-0.0.0-py3.10.egg-info/dependency_links.txt
[6.904s] -- Symlinking: /home/rizy/planner/3d-navi/3d-navi-ros2_v1/install/quadrotor_msgs/local/lib/python3.10/dist-packages/quadrotor_msgs-0.0.0-py3.10.egg-info/top_level.txt
[6.918s] -- Symlinking: /home/rizy/planner/3d-navi/3d-navi-ros2_v1/install/quadrotor_msgs/local/lib/python3.10/dist-packages/quadrotor_msgs/__init__.py
[6.930s] -- Symlinking: /home/rizy/planner/3d-navi/3d-navi-ros2_v1/install/quadrotor_msgs/local/lib/python3.10/dist-packages/quadrotor_msgs/_quadrotor_msgs_s.ep.rosidl_typesupport_c.c
[6.949s] -- Symlinking: /home/rizy/planner/3d-navi/3d-navi-ros2_v1/install/quadrotor_msgs/local/lib/python3.10/dist-packages/quadrotor_msgs/_quadrotor_msgs_s.ep.rosidl_typesupport_fastrtps_c.c
[6.967s] -- Symlinking: /home/rizy/planner/3d-navi/3d-navi-ros2_v1/install/quadrotor_msgs/local/lib/python3.10/dist-packages/quadrotor_msgs/_quadrotor_msgs_s.ep.rosidl_typesupport_introspection_c.c
[6.983s] -- Symlinking: /home/rizy/planner/3d-navi/3d-navi-ros2_v1/install/quadrotor_msgs/local/lib/python3.10/dist-packages/quadrotor_msgs/libquadrotor_msgs__rosidl_generator_py.so
[6.997s] -- Symlinking: /home/rizy/planner/3d-navi/3d-navi-ros2_v1/install/quadrotor_msgs/local/lib/python3.10/dist-packages/quadrotor_msgs/msg/__init__.py
[7.014s] -- Symlinking: /home/rizy/planner/3d-navi/3d-navi-ros2_v1/install/quadrotor_msgs/local/lib/python3.10/dist-packages/quadrotor_msgs/msg/_aux_command.py
[7.022s] -- Symlinking: /home/rizy/planner/3d-navi/3d-navi-ros2_v1/install/quadrotor_msgs/local/lib/python3.10/dist-packages/quadrotor_msgs/msg/_aux_command_s.c
[7.035s] -- Symlinking: /home/rizy/planner/3d-navi/3d-navi-ros2_v1/install/quadrotor_msgs/local/lib/python3.10/dist-packages/quadrotor_msgs/msg/_corrections.py
[7.054s] -- Symlinking: /home/rizy/planner/3d-navi/3d-navi-ros2_v1/install/quadrotor_msgs/local/lib/python3.10/dist-packages/quadrotor_msgs/msg/_corrections_s.c
[7.064s] -- Symlinking: /home/rizy/planner/3d-navi/3d-navi-ros2_v1/install/quadrotor_msgs/local/lib/python3.10/dist-packages/quadrotor_msgs/msg/_gains.py
[7.079s] -- Symlinking: /home/rizy/planner/3d-navi/3d-navi-ros2_v1/install/quadrotor_msgs/local/lib/python3.10/dist-packages/quadrotor_msgs/msg/_gains_s.c
[7.096s] -- Symlinking: /home/rizy/planner/3d-navi/3d-navi-ros2_v1/install/quadrotor_msgs/local/lib/python3.10/dist-packages/quadrotor_msgs/msg/_lqr_trajectory.py
[7.112s] -- Symlinking: /home/rizy/planner/3d-navi/3d-navi-ros2_v1/install/quadrotor_msgs/local/lib/python3.10/dist-packages/quadrotor_msgs/msg/_lqr_trajectory_s.c
[7.124s] -- Symlinking: /home/rizy/planner/3d-navi/3d-navi-ros2_v1/install/quadrotor_msgs/local/lib/python3.10/dist-packages/quadrotor_msgs/msg/_odometry.py
[7.135s] -- Symlinking: /home/rizy/planner/3d-navi/3d-navi-ros2_v1/install/quadrotor_msgs/local/lib/python3.10/dist-packages/quadrotor_msgs/msg/_odometry_s.c
[7.152s] -- Symlinking: /home/rizy/planner/3d-navi/3d-navi-ros2_v1/install/quadrotor_msgs/local/lib/python3.10/dist-packages/quadrotor_msgs/msg/_output_data.py
[7.164s] -- Symlinking: /home/rizy/planner/3d-navi/3d-navi-ros2_v1/install/quadrotor_msgs/local/lib/python3.10/dist-packages/quadrotor_msgs/msg/_output_data_s.c
[7.172s] -- Symlinking: /home/rizy/planner/3d-navi/3d-navi-ros2_v1/install/quadrotor_msgs/local/lib/python3.10/dist-packages/quadrotor_msgs/msg/_polynomial_trajectory.py
[7.186s] -- Symlinking: /home/rizy/planner/3d-navi/3d-navi-ros2_v1/install/quadrotor_msgs/local/lib/python3.10/dist-packages/quadrotor_msgs/msg/_polynomial_trajectory_s.c
[7.203s] -- Symlinking: /home/rizy/planner/3d-navi/3d-navi-ros2_v1/install/quadrotor_msgs/local/lib/python3.10/dist-packages/quadrotor_msgs/msg/_position_command.py
[7.215s] -- Symlinking: /home/rizy/planner/3d-navi/3d-navi-ros2_v1/install/quadrotor_msgs/local/lib/python3.10/dist-packages/quadrotor_msgs/msg/_position_command_s.c
[7.223s] -- Symlinking: /home/rizy/planner/3d-navi/3d-navi-ros2_v1/install/quadrotor_msgs/local/lib/python3.10/dist-packages/quadrotor_msgs/msg/_ppr_output_data.py
[7.232s] -- Symlinking: /home/rizy/planner/3d-navi/3d-navi-ros2_v1/install/quadrotor_msgs/local/lib/python3.10/dist-packages/quadrotor_msgs/msg/_ppr_output_data_s.c
[7.239s] -- Symlinking: /home/rizy/planner/3d-navi/3d-navi-ros2_v1/install/quadrotor_msgs/local/lib/python3.10/dist-packages/quadrotor_msgs/msg/_serial.py
[7.247s] -- Symlinking: /home/rizy/planner/3d-navi/3d-navi-ros2_v1/install/quadrotor_msgs/local/lib/python3.10/dist-packages/quadrotor_msgs/msg/_serial_s.c
[7.266s] -- Symlinking: /home/rizy/planner/3d-navi/3d-navi-ros2_v1/install/quadrotor_msgs/local/lib/python3.10/dist-packages/quadrotor_msgs/msg/_so3_command.py
[7.274s] -- Symlinking: /home/rizy/planner/3d-navi/3d-navi-ros2_v1/install/quadrotor_msgs/local/lib/python3.10/dist-packages/quadrotor_msgs/msg/_so3_command_s.c
[7.291s] -- Symlinking: /home/rizy/planner/3d-navi/3d-navi-ros2_v1/install/quadrotor_msgs/local/lib/python3.10/dist-packages/quadrotor_msgs/msg/_status_data.py
[7.306s] -- Symlinking: /home/rizy/planner/3d-navi/3d-navi-ros2_v1/install/quadrotor_msgs/local/lib/python3.10/dist-packages/quadrotor_msgs/msg/_status_data_s.c
[7.315s] -- Symlinking: /home/rizy/planner/3d-navi/3d-navi-ros2_v1/install/quadrotor_msgs/local/lib/python3.10/dist-packages/quadrotor_msgs/msg/_trpy_command.py
[7.324s] -- Symlinking: /home/rizy/planner/3d-navi/3d-navi-ros2_v1/install/quadrotor_msgs/local/lib/python3.10/dist-packages/quadrotor_msgs/msg/_trpy_command_s.c
[7.332s] -- Symlinking: /home/rizy/planner/3d-navi/3d-navi-ros2_v1/install/quadrotor_msgs/local/lib/python3.10/dist-packages/quadrotor_msgs/quadrotor_msgs_s__rosidl_typesupport_c.cpython-310-x86_64-linux-gnu.so
[7.339s] -- Symlinking: /home/rizy/planner/3d-navi/3d-navi-ros2_v1/install/quadrotor_msgs/local/lib/python3.10/dist-packages/quadrotor_msgs/quadrotor_msgs_s__rosidl_typesupport_fastrtps_c.cpython-310-x86_64-linux-gnu.so
[7.347s] -- Symlinking: /home/rizy/planner/3d-navi/3d-navi-ros2_v1/install/quadrotor_msgs/local/lib/python3.10/dist-packages/quadrotor_msgs/quadrotor_msgs_s__rosidl_typesupport_introspection_c.cpython-310-x86_64-linux-gnu.so
[7.361s] -- Up-to-date symlink: /home/rizy/planner/3d-navi/3d-navi-ros2_v1/install/quadrotor_msgs/local/lib/python3.10/dist-packages/quadrotor_msgs/quadrotor_msgs_s__rosidl_typesupport_fastrtps_c.cpython-310-x86_64-linux-gnu.so
[7.362s] -- Up-to-date symlink: /home/rizy/planner/3d-navi/3d-navi-ros2_v1/install/quadrotor_msgs/local/lib/python3.10/dist-packages/quadrotor_msgs/quadrotor_msgs_s__rosidl_typesupport_introspection_c.cpython-310-x86_64-linux-gnu.so
[7.362s] -- Up-to-date symlink: /home/rizy/planner/3d-navi/3d-navi-ros2_v1/install/quadrotor_msgs/local/lib/python3.10/dist-packages/quadrotor_msgs/quadrotor_msgs_s__rosidl_typesupport_c.cpython-310-x86_64-linux-gnu.so
[7.362s] -- Up-to-date symlink: /home/rizy/planner/3d-navi/3d-navi-ros2_v1/install/quadrotor_msgs/share/quadrotor_msgs/msg/AuxCommand.idl
[7.362s] -- Up-to-date symlink: /home/rizy/planner/3d-navi/3d-navi-ros2_v1/install/quadrotor_msgs/share/quadrotor_msgs/msg/Corrections.idl
[7.362s] -- Up-to-date symlink: /home/rizy/planner/3d-navi/3d-navi-ros2_v1/install/quadrotor_msgs/share/quadrotor_msgs/msg/Gains.idl
[7.362s] -- Up-to-date symlink: /home/rizy/planner/3d-navi/3d-navi-ros2_v1/install/quadrotor_msgs/share/quadrotor_msgs/msg/LQRTrajectory.idl
[7.362s] -- Up-to-date symlink: /home/rizy/planner/3d-navi/3d-navi-ros2_v1/install/quadrotor_msgs/share/quadrotor_msgs/msg/OutputData.idl
[7.362s] -- Up-to-date symlink: /home/rizy/planner/3d-navi/3d-navi-ros2_v1/install/quadrotor_msgs/share/quadrotor_msgs/msg/PositionCommand.idl
[7.362s] -- Up-to-date symlink: /home/rizy/planner/3d-navi/3d-navi-ros2_v1/install/quadrotor_msgs/share/quadrotor_msgs/msg/PPROutputData.idl
[7.362s] -- Up-to-date symlink: /home/rizy/planner/3d-navi/3d-navi-ros2_v1/install/quadrotor_msgs/share/quadrotor_msgs/msg/Serial.idl
[7.363s] -- Up-to-date symlink: /home/rizy/planner/3d-navi/3d-navi-ros2_v1/install/quadrotor_msgs/share/quadrotor_msgs/msg/SO3Command.idl
[7.363s] -- Up-to-date symlink: /home/rizy/planner/3d-navi/3d-navi-ros2_v1/install/quadrotor_msgs/share/quadrotor_msgs/msg/StatusData.idl
[7.363s] -- Up-to-date symlink: /home/rizy/planner/3d-navi/3d-navi-ros2_v1/install/quadrotor_msgs/share/quadrotor_msgs/msg/TRPYCommand.idl
[7.363s] -- Up-to-date symlink: /home/rizy/planner/3d-navi/3d-navi-ros2_v1/install/quadrotor_msgs/share/quadrotor_msgs/msg/Odometry.idl
[7.363s] -- Up-to-date symlink: /home/rizy/planner/3d-navi/3d-navi-ros2_v1/install/quadrotor_msgs/share/quadrotor_msgs/msg/PolynomialTrajectory.idl
[7.363s] -- Up-to-date symlink: /home/rizy/planner/3d-navi/3d-navi-ros2_v1/install/quadrotor_msgs/share/quadrotor_msgs/msg/AuxCommand.msg
[7.363s] -- Up-to-date symlink: /home/rizy/planner/3d-navi/3d-navi-ros2_v1/install/quadrotor_msgs/share/quadrotor_msgs/msg/Corrections.msg
[7.363s] -- Up-to-date symlink: /home/rizy/planner/3d-navi/3d-navi-ros2_v1/install/quadrotor_msgs/share/quadrotor_msgs/msg/Gains.msg
[7.363s] -- Up-to-date symlink: /home/rizy/planner/3d-navi/3d-navi-ros2_v1/install/quadrotor_msgs/share/quadrotor_msgs/msg/LQRTrajectory.msg
[7.363s] -- Up-to-date symlink: /home/rizy/planner/3d-navi/3d-navi-ros2_v1/install/quadrotor_msgs/share/quadrotor_msgs/msg/OutputData.msg
[7.363s] -- Up-to-date symlink: /home/rizy/planner/3d-navi/3d-navi-ros2_v1/install/quadrotor_msgs/share/quadrotor_msgs/msg/PositionCommand.msg
[7.363s] -- Up-to-date symlink: /home/rizy/planner/3d-navi/3d-navi-ros2_v1/install/quadrotor_msgs/share/quadrotor_msgs/msg/PPROutputData.msg
[7.364s] -- Up-to-date symlink: /home/rizy/planner/3d-navi/3d-navi-ros2_v1/install/quadrotor_msgs/share/quadrotor_msgs/msg/Serial.msg
[7.364s] -- Up-to-date symlink: /home/rizy/planner/3d-navi/3d-navi-ros2_v1/install/quadrotor_msgs/share/quadrotor_msgs/msg/SO3Command.msg
[7.364s] -- Up-to-date symlink: /home/rizy/planner/3d-navi/3d-navi-ros2_v1/install/quadrotor_msgs/share/quadrotor_msgs/msg/StatusData.msg
[7.364s] -- Up-to-date symlink: /home/rizy/planner/3d-navi/3d-navi-ros2_v1/install/quadrotor_msgs/share/quadrotor_msgs/msg/TRPYCommand.msg
[7.364s] -- Up-to-date symlink: /home/rizy/planner/3d-navi/3d-navi-ros2_v1/install/quadrotor_msgs/share/quadrotor_msgs/msg/Odometry.msg
[7.364s] -- Up-to-date symlink: /home/rizy/planner/3d-navi/3d-navi-ros2_v1/install/quadrotor_msgs/share/quadrotor_msgs/msg/PolynomialTrajectory.msg
[7.364s] -- Up-to-date symlink: /home/rizy/planner/3d-navi/3d-navi-ros2_v1/install/quadrotor_msgs/lib/libdecode_msgs.so
[7.364s] -- Up-to-date symlink: /home/rizy/planner/3d-navi/3d-navi-ros2_v1/install/quadrotor_msgs/lib/libencode_msgs.so
[7.364s] -- Up-to-date symlink: /home/rizy/planner/3d-navi/3d-navi-ros2_v1/install/quadrotor_msgs/share/ament_index/resource_index/package_run_dependencies/quadrotor_msgs
[7.364s] -- Up-to-date symlink: /home/rizy/planner/3d-navi/3d-navi-ros2_v1/install/quadrotor_msgs/share/ament_index/resource_index/parent_prefix_path/quadrotor_msgs
[7.364s] -- Up-to-date symlink: /home/rizy/planner/3d-navi/3d-navi-ros2_v1/install/quadrotor_msgs/share/quadrotor_msgs/environment/ament_prefix_path.sh
[7.364s] -- Up-to-date symlink: /home/rizy/planner/3d-navi/3d-navi-ros2_v1/install/quadrotor_msgs/share/quadrotor_msgs/environment/ament_prefix_path.dsv
[7.365s] -- Up-to-date symlink: /home/rizy/planner/3d-navi/3d-navi-ros2_v1/install/quadrotor_msgs/share/quadrotor_msgs/environment/path.sh
[7.365s] -- Up-to-date symlink: /home/rizy/planner/3d-navi/3d-navi-ros2_v1/install/quadrotor_msgs/share/quadrotor_msgs/environment/path.dsv
[7.365s] -- Up-to-date symlink: /home/rizy/planner/3d-navi/3d-navi-ros2_v1/install/quadrotor_msgs/share/quadrotor_msgs/local_setup.bash
[7.365s] -- Up-to-date symlink: /home/rizy/planner/3d-navi/3d-navi-ros2_v1/install/quadrotor_msgs/share/quadrotor_msgs/local_setup.sh
[7.365s] -- Up-to-date symlink: /home/rizy/planner/3d-navi/3d-navi-ros2_v1/install/quadrotor_msgs/share/quadrotor_msgs/local_setup.zsh
[7.365s] -- Up-to-date symlink: /home/rizy/planner/3d-navi/3d-navi-ros2_v1/install/quadrotor_msgs/share/quadrotor_msgs/local_setup.dsv
[7.365s] -- Symlinking: /home/rizy/planner/3d-navi/3d-navi-ros2_v1/install/quadrotor_msgs/share/quadrotor_msgs/package.dsv
[7.381s] -- Up-to-date symlink: /home/rizy/planner/3d-navi/3d-navi-ros2_v1/install/quadrotor_msgs/share/ament_index/resource_index/packages/quadrotor_msgs
[7.381s] -- Up-to-date symlink: /home/rizy/planner/3d-navi/3d-navi-ros2_v1/install/quadrotor_msgs/share/quadrotor_msgs/cmake/rosidl_cmake-extras.cmake
[7.381s] -- Up-to-date symlink: /home/rizy/planner/3d-navi/3d-navi-ros2_v1/install/quadrotor_msgs/share/quadrotor_msgs/cmake/ament_cmake_export_dependencies-extras.cmake
[7.381s] -- Up-to-date symlink: /home/rizy/planner/3d-navi/3d-navi-ros2_v1/install/quadrotor_msgs/share/quadrotor_msgs/cmake/ament_cmake_export_include_directories-extras.cmake
[7.381s] -- Up-to-date symlink: /home/rizy/planner/3d-navi/3d-navi-ros2_v1/install/quadrotor_msgs/share/quadrotor_msgs/cmake/ament_cmake_export_libraries-extras.cmake
[7.381s] -- Up-to-date symlink: /home/rizy/planner/3d-navi/3d-navi-ros2_v1/install/quadrotor_msgs/share/quadrotor_msgs/cmake/ament_cmake_export_targets-extras.cmake
[7.381s] -- Up-to-date symlink: /home/rizy/planner/3d-navi/3d-navi-ros2_v1/install/quadrotor_msgs/share/quadrotor_msgs/cmake/rosidl_cmake_export_typesupport_targets-extras.cmake
[7.381s] -- Up-to-date symlink: /home/rizy/planner/3d-navi/3d-navi-ros2_v1/install/quadrotor_msgs/share/quadrotor_msgs/cmake/rosidl_cmake_export_typesupport_libraries-extras.cmake
[7.381s] -- Up-to-date symlink: /home/rizy/planner/3d-navi/3d-navi-ros2_v1/install/quadrotor_msgs/share/quadrotor_msgs/cmake/quadrotor_msgsConfig.cmake
[7.381s] -- Up-to-date symlink: /home/rizy/planner/3d-navi/3d-navi-ros2_v1/install/quadrotor_msgs/share/quadrotor_msgs/cmake/quadrotor_msgsConfig-version.cmake
[7.381s] -- Up-to-date symlink: /home/rizy/planner/3d-navi/3d-navi-ros2_v1/install/quadrotor_msgs/share/quadrotor_msgs/package.xml
[7.382s] -- Installing: /home/rizy/planner/3d-navi/3d-navi-ros2_v1/install/quadrotor_msgs/lib/libquadrotor_msgs__rosidl_generator_c.so
[7.382s] -- Set runtime path of "/home/rizy/planner/3d-navi/3d-navi-ros2_v1/install/quadrotor_msgs/lib/libquadrotor_msgs__rosidl_generator_c.so" to ""
[7.382s] -- Installing: /home/rizy/planner/3d-navi/3d-navi-ros2_v1/install/quadrotor_msgs/lib/libquadrotor_msgs__rosidl_typesupport_fastrtps_c.so
[7.383s] -- Set runtime path of "/home/rizy/planner/3d-navi/3d-navi-ros2_v1/install/quadrotor_msgs/lib/libquadrotor_msgs__rosidl_typesupport_fastrtps_c.so" to ""
[7.383s] -- Installing: /home/rizy/planner/3d-navi/3d-navi-ros2_v1/install/quadrotor_msgs/lib/libquadrotor_msgs__rosidl_typesupport_fastrtps_cpp.so
[7.384s] -- Set runtime path of "/home/rizy/planner/3d-navi/3d-navi-ros2_v1/install/quadrotor_msgs/lib/libquadrotor_msgs__rosidl_typesupport_fastrtps_cpp.so" to ""
[7.384s] -- Installing: /home/rizy/planner/3d-navi/3d-navi-ros2_v1/install/quadrotor_msgs/lib/libquadrotor_msgs__rosidl_typesupport_introspection_c.so
[7.385s] -- Set runtime path of "/home/rizy/planner/3d-navi/3d-navi-ros2_v1/install/quadrotor_msgs/lib/libquadrotor_msgs__rosidl_typesupport_introspection_c.so" to ""
[7.385s] -- Installing: /home/rizy/planner/3d-navi/3d-navi-ros2_v1/install/quadrotor_msgs/lib/libquadrotor_msgs__rosidl_typesupport_c.so
[7.385s] -- Set runtime path of "/home/rizy/planner/3d-navi/3d-navi-ros2_v1/install/quadrotor_msgs/lib/libquadrotor_msgs__rosidl_typesupport_c.so" to ""
[7.386s] -- Installing: /home/rizy/planner/3d-navi/3d-navi-ros2_v1/install/quadrotor_msgs/lib/libquadrotor_msgs__rosidl_typesupport_introspection_cpp.so
[7.388s] -- Set runtime path of "/home/rizy/planner/3d-navi/3d-navi-ros2_v1/install/quadrotor_msgs/lib/libquadrotor_msgs__rosidl_typesupport_introspection_cpp.so" to ""
[7.388s] -- Installing: /home/rizy/planner/3d-navi/3d-navi-ros2_v1/install/quadrotor_msgs/lib/libquadrotor_msgs__rosidl_typesupport_cpp.so
[7.388s] -- Set runtime path of "/home/rizy/planner/3d-navi/3d-navi-ros2_v1/install/quadrotor_msgs/lib/libquadrotor_msgs__rosidl_typesupport_cpp.so" to ""
[7.451s] Listing '/home/rizy/planner/3d-navi/3d-navi-ros2_v1/install/quadrotor_msgs/local/lib/python3.10/dist-packages/quadrotor_msgs'...
[7.451s] Compiling '/home/rizy/planner/3d-navi/3d-navi-ros2_v1/install/quadrotor_msgs/local/lib/python3.10/dist-packages/quadrotor_msgs/__init__.py'...
[7.451s] Listing '/home/rizy/planner/3d-navi/3d-navi-ros2_v1/install/quadrotor_msgs/local/lib/python3.10/dist-packages/quadrotor_msgs/msg'...
[7.452s] Compiling '/home/rizy/planner/3d-navi/3d-navi-ros2_v1/install/quadrotor_msgs/local/lib/python3.10/dist-packages/quadrotor_msgs/msg/__init__.py'...
[7.452s] Compiling '/home/rizy/planner/3d-navi/3d-navi-ros2_v1/install/quadrotor_msgs/local/lib/python3.10/dist-packages/quadrotor_msgs/msg/_aux_command.py'...
[7.452s] Compiling '/home/rizy/planner/3d-navi/3d-navi-ros2_v1/install/quadrotor_msgs/local/lib/python3.10/dist-packages/quadrotor_msgs/msg/_corrections.py'...
[7.452s] Compiling '/home/rizy/planner/3d-navi/3d-navi-ros2_v1/install/quadrotor_msgs/local/lib/python3.10/dist-packages/quadrotor_msgs/msg/_gains.py'...
[7.452s] Compiling '/home/rizy/planner/3d-navi/3d-navi-ros2_v1/install/quadrotor_msgs/local/lib/python3.10/dist-packages/quadrotor_msgs/msg/_lqr_trajectory.py'...
[7.452s] Compiling '/home/rizy/planner/3d-navi/3d-navi-ros2_v1/install/quadrotor_msgs/local/lib/python3.10/dist-packages/quadrotor_msgs/msg/_odometry.py'...
[7.452s] Compiling '/home/rizy/planner/3d-navi/3d-navi-ros2_v1/install/quadrotor_msgs/local/lib/python3.10/dist-packages/quadrotor_msgs/msg/_output_data.py'...
[7.452s] Compiling '/home/rizy/planner/3d-navi/3d-navi-ros2_v1/install/quadrotor_msgs/local/lib/python3.10/dist-packages/quadrotor_msgs/msg/_polynomial_trajectory.py'...
[7.452s] Compiling '/home/rizy/planner/3d-navi/3d-navi-ros2_v1/install/quadrotor_msgs/local/lib/python3.10/dist-packages/quadrotor_msgs/msg/_position_command.py'...
[7.452s] Compiling '/home/rizy/planner/3d-navi/3d-navi-ros2_v1/install/quadrotor_msgs/local/lib/python3.10/dist-packages/quadrotor_msgs/msg/_ppr_output_data.py'...
[7.452s] Compiling '/home/rizy/planner/3d-navi/3d-navi-ros2_v1/install/quadrotor_msgs/local/lib/python3.10/dist-packages/quadrotor_msgs/msg/_serial.py'...
[7.452s] Compiling '/home/rizy/planner/3d-navi/3d-navi-ros2_v1/install/quadrotor_msgs/local/lib/python3.10/dist-packages/quadrotor_msgs/msg/_so3_command.py'...
[7.452s] Compiling '/home/rizy/planner/3d-navi/3d-navi-ros2_v1/install/quadrotor_msgs/local/lib/python3.10/dist-packages/quadrotor_msgs/msg/_status_data.py'...
[7.452s] Compiling '/home/rizy/planner/3d-navi/3d-navi-ros2_v1/install/quadrotor_msgs/local/lib/python3.10/dist-packages/quadrotor_msgs/msg/_trpy_command.py'...
[7.467s] -- Installing: /home/rizy/planner/3d-navi/3d-navi-ros2_v1/install/quadrotor_msgs/lib/libquadrotor_msgs__rosidl_generator_py.so
[7.468s] -- Set runtime path of "/home/rizy/planner/3d-navi/3d-navi-ros2_v1/install/quadrotor_msgs/lib/libquadrotor_msgs__rosidl_generator_py.so" to ""
[7.468s] -- Up-to-date: /home/rizy/planner/3d-navi/3d-navi-ros2_v1/install/quadrotor_msgs/share/quadrotor_msgs/cmake/export_quadrotor_msgs__rosidl_generator_cExport.cmake
[7.468s] -- Up-to-date: /home/rizy/planner/3d-navi/3d-navi-ros2_v1/install/quadrotor_msgs/share/quadrotor_msgs/cmake/export_quadrotor_msgs__rosidl_generator_cExport-noconfig.cmake
[7.468s] -- Up-to-date: /home/rizy/planner/3d-navi/3d-navi-ros2_v1/install/quadrotor_msgs/share/quadrotor_msgs/cmake/export_quadrotor_msgs__rosidl_typesupport_fastrtps_cExport.cmake
[7.468s] -- Up-to-date: /home/rizy/planner/3d-navi/3d-navi-ros2_v1/install/quadrotor_msgs/share/quadrotor_msgs/cmake/export_quadrotor_msgs__rosidl_typesupport_fastrtps_cExport-noconfig.cmake
[7.468s] -- Up-to-date: /home/rizy/planner/3d-navi/3d-navi-ros2_v1/install/quadrotor_msgs/share/quadrotor_msgs/cmake/export_quadrotor_msgs__rosidl_generator_cppExport.cmake
[7.468s] -- Up-to-date: /home/rizy/planner/3d-navi/3d-navi-ros2_v1/install/quadrotor_msgs/share/quadrotor_msgs/cmake/export_quadrotor_msgs__rosidl_typesupport_fastrtps_cppExport.cmake
[7.468s] -- Up-to-date: /home/rizy/planner/3d-navi/3d-navi-ros2_v1/install/quadrotor_msgs/share/quadrotor_msgs/cmake/export_quadrotor_msgs__rosidl_typesupport_fastrtps_cppExport-noconfig.cmake
[7.468s] -- Up-to-date: /home/rizy/planner/3d-navi/3d-navi-ros2_v1/install/quadrotor_msgs/share/quadrotor_msgs/cmake/quadrotor_msgs__rosidl_typesupport_introspection_cExport.cmake
[7.468s] -- Up-to-date: /home/rizy/planner/3d-navi/3d-navi-ros2_v1/install/quadrotor_msgs/share/quadrotor_msgs/cmake/quadrotor_msgs__rosidl_typesupport_introspection_cExport-noconfig.cmake
[7.468s] -- Up-to-date: /home/rizy/planner/3d-navi/3d-navi-ros2_v1/install/quadrotor_msgs/share/quadrotor_msgs/cmake/quadrotor_msgs__rosidl_typesupport_cExport.cmake
[7.468s] -- Up-to-date: /home/rizy/planner/3d-navi/3d-navi-ros2_v1/install/quadrotor_msgs/share/quadrotor_msgs/cmake/quadrotor_msgs__rosidl_typesupport_cExport-noconfig.cmake
[7.468s] -- Up-to-date: /home/rizy/planner/3d-navi/3d-navi-ros2_v1/install/quadrotor_msgs/share/quadrotor_msgs/cmake/quadrotor_msgs__rosidl_typesupport_introspection_cppExport.cmake
[7.468s] -- Up-to-date: /home/rizy/planner/3d-navi/3d-navi-ros2_v1/install/quadrotor_msgs/share/quadrotor_msgs/cmake/quadrotor_msgs__rosidl_typesupport_introspection_cppExport-noconfig.cmake
[7.468s] -- Up-to-date: /home/rizy/planner/3d-navi/3d-navi-ros2_v1/install/quadrotor_msgs/share/quadrotor_msgs/cmake/quadrotor_msgs__rosidl_typesupport_cppExport.cmake
[7.468s] -- Up-to-date: /home/rizy/planner/3d-navi/3d-navi-ros2_v1/install/quadrotor_msgs/share/quadrotor_msgs/cmake/quadrotor_msgs__rosidl_typesupport_cppExport-noconfig.cmake
[7.468s] -- Up-to-date: /home/rizy/planner/3d-navi/3d-navi-ros2_v1/install/quadrotor_msgs/share/quadrotor_msgs/cmake/export_quadrotor_msgs__rosidl_generator_pyExport.cmake
[7.468s] -- Up-to-date: /home/rizy/planner/3d-navi/3d-navi-ros2_v1/install/quadrotor_msgs/share/quadrotor_msgs/cmake/export_quadrotor_msgs__rosidl_generator_pyExport-noconfig.cmake
[7.480s] Invoked command in '/home/rizy/planner/3d-navi/3d-navi-ros2_v1/build/quadrotor_msgs' returned '0': CMAKE_PREFIX_PATH=/opt/ros/humble CONDA_PROMPT_MODIFIER=(myenv) /usr/bin/cmake --install /home/rizy/planner/3d-navi/3d-navi-ros2_v1/build/quadrotor_msgs
