[0.033s] Invoking command in '/home/rizy/planner/3d-navi/3d-navi-ros2_v1/build/traj_utils': CMAKE_PREFIX_PATH=/opt/ros/humble CONDA_PROMPT_MODIFIER=(myenv) /usr/bin/cmake /home/rizy/planner/3d-navi/3d-navi-ros2_v1/src/planner/traj_utils -DAMENT_CMAKE_SYMLINK_INSTALL=1 -DCMAKE_INSTALL_PREFIX=/home/rizy/planner/3d-navi/3d-navi-ros2_v1/install/traj_utils
[0.092s] -- The C compiler identification is GNU 11.4.0
[0.150s] -- The CXX compiler identification is GNU 11.4.0
[0.159s] -- Detecting C compiler ABI info
[0.250s] -- Detecting C compiler ABI info - done
[0.255s] -- Check for working C compiler: /usr/bin/cc - skipped
[0.256s] -- Detecting C compile features
[0.257s] -- Detecting C compile features - done
[0.259s] -- Detecting CXX compiler ABI info
[0.354s] -- Detecting CXX compiler ABI info - done
[0.359s] -- Check for working CXX compiler: /usr/bin/c++ - skipped
[0.360s] -- Detecting CXX compile features
[0.360s] -- Detecting CXX compile features - done
[0.362s] -- Found ament_cmake: 1.3.12 (/opt/ros/humble/share/ament_cmake/cmake)
[0.747s] -- Found Python3: /home/rizy/anaconda3/envs/myenv/bin/python3 (found version "3.10.19") found components: Interpreter 
[0.802s] -- Override CMake install command with custom implementation using symlinks instead of copying resources
[0.831s] -- Found rclcpp: 16.0.16 (/opt/ros/humble/share/rclcpp/cmake)
[0.873s] -- Found rosidl_generator_c: 3.1.7 (/opt/ros/humble/share/rosidl_generator_c/cmake)
[0.878s] -- Found rosidl_adapter: 3.1.7 (/opt/ros/humble/share/rosidl_adapter/cmake)
[0.886s] -- Found rosidl_generator_cpp: 3.1.7 (/opt/ros/humble/share/rosidl_generator_cpp/cmake)
[0.898s] -- Using all available rosidl_typesupport_c: rosidl_typesupport_fastrtps_c;rosidl_typesupport_introspection_c
[0.912s] -- Using all available rosidl_typesupport_cpp: rosidl_typesupport_fastrtps_cpp;rosidl_typesupport_introspection_cpp
[0.958s] -- Found rmw_implementation_cmake: 6.1.2 (/opt/ros/humble/share/rmw_implementation_cmake/cmake)
[0.961s] -- Found rmw_cyclonedds_cpp: 1.3.4 (/opt/ros/humble/share/rmw_cyclonedds_cpp/cmake)
[0.980s] -- Using RMW implementation 'rmw_cyclonedds_cpp' as default
[0.992s] -- Looking for pthread.h
[1.132s] -- Looking for pthread.h - found
[1.133s] -- Performing Test CMAKE_HAVE_LIBC_PTHREAD
[1.277s] -- Performing Test CMAKE_HAVE_LIBC_PTHREAD - Success
[1.277s] -- Found Threads: TRUE  
[1.320s] -- Found geometry_msgs: 4.9.0 (/opt/ros/humble/share/geometry_msgs/cmake)
[1.333s] -- Found visualization_msgs: 4.9.0 (/opt/ros/humble/share/visualization_msgs/cmake)
[1.373s] -- Found rosidl_default_generators: 1.2.0 (/opt/ros/humble/share/rosidl_default_generators/cmake)
[1.412s] -- Checking for module 'eigen3'
[1.439s] --   Found eigen3, version 3.4.0
[1.513s] -- Found Eigen: /usr/include/eigen3 (Required is at least version "3.1") 
[1.513s] -- Eigen found (include: /usr/include/eigen3, version: 3.4.0)
[1.537s] -- Found Boost: /usr/lib/x86_64-linux-gnu/cmake/Boost-1.74.0/BoostConfig.cmake (found suitable version "1.74.0", minimum required is "1.65.0") found components: system filesystem date_time iostreams serialization 
[1.564s] -- Checking for module 'flann'
[1.587s] --   Found flann, version 1.9.1
[1.672s] -- Found FLANN: /usr/lib/x86_64-linux-gnu/libflann_cpp.so  
[1.672s] -- FLANN found (include: /usr/include, lib: /usr/lib/x86_64-linux-gnu/libflann_cpp.so)
[1.706s] -- Found GLEW: /usr/lib/x86_64-linux-gnu/libGLEW.so  
[1.721s] -- Found OpenGL: /usr/lib/x86_64-linux-gnu/libOpenGL.so  found components: OpenGL GLX 
[2.024s] -- Found MPI_C: /usr/lib/x86_64-linux-gnu/libmpi.so (found version "3.1") 
[2.025s] -- Found MPI: TRUE (found version "3.1") found components: C 
[2.031s] -- Found JsonCpp: /usr/lib/x86_64-linux-gnu/libjsoncpp.so (found suitable version "1.9.5", minimum required is "0.7.0") 
[2.052s] -- Found ZLIB: /usr/lib/x86_64-linux-gnu/libz.so (found version "1.2.11") 
[2.072s] -- Found PNG: /usr/lib/x86_64-linux-gnu/libpng.so (found version "1.6.37") 
[2.088s] -- Found Eigen3: /usr/include/eigen3 (found version "3.4.0") 
[2.290s] -- Found X11: /usr/include   
[2.291s] -- Looking for XOpenDisplay in /usr/lib/x86_64-linux-gnu/libX11.so;/usr/lib/x86_64-linux-gnu/libXext.so
[2.419s] -- Looking for XOpenDisplay in /usr/lib/x86_64-linux-gnu/libX11.so;/usr/lib/x86_64-linux-gnu/libXext.so - found
[2.419s] -- Looking for gethostbyname
[2.537s] -- Looking for gethostbyname - found
[2.538s] -- Looking for connect
[2.660s] -- Looking for connect - found
[2.661s] -- Looking for remove
[2.765s] -- Looking for remove - found
[2.765s] -- Looking for shmat
[2.895s] -- Looking for shmat - found
[2.895s] -- Looking for IceConnectionNumber in ICE
[3.005s] -- Looking for IceConnectionNumber in ICE - found
[3.136s] -- Found EXPAT: /usr/lib/x86_64-linux-gnu/libexpat.so (found version "2.4.7") 
[3.137s] -- Found double-conversion: /usr/lib/x86_64-linux-gnu/libdouble-conversion.so  
[3.139s] -- Found LZ4: /usr/lib/x86_64-linux-gnu/liblz4.so (found version "1.9.3") 
[3.140s] -- Found LZMA: /usr/lib/x86_64-linux-gnu/liblzma.so (found version "5.2.5") 
[3.152s] -- Found JPEG: /usr/lib/x86_64-linux-gnu/libjpeg.so (found version "80") 
[3.161s] -- Found TIFF: /usr/lib/x86_64-linux-gnu/libtiff.so (found version "4.3.0")  
[3.164s] -- Found Freetype: /usr/lib/x86_64-linux-gnu/libfreetype.so (found version "2.11.1") 
[3.178s] -- Found utf8cpp: /usr/include/utf8cpp  
[3.271s] -- Checking for module 'libusb-1.0'
[3.292s] --   Found libusb-1.0, version 1.0.25
[3.340s] -- Found libusb: /usr/lib/x86_64-linux-gnu/libusb-1.0.so  
[3.342s] -- Found OpenNI: /usr/lib/libOpenNI.so;libusb::libusb (found version "1.5.4.0") 
[3.342s] -- OpenNI found (version: 1.5.4.0, include: /usr/include/ni, lib: /usr/lib/libOpenNI.so;libusb::libusb)
[3.430s] -- Found OpenNI2: /usr/lib/x86_64-linux-gnu/libOpenNI2.so;libusb::libusb (found version "2.2.0.33") 
[3.430s] -- OpenNI2 found (version: 2.2.0.33, include: /usr/include/openni2, lib: /usr/lib/x86_64-linux-gnu/libOpenNI2.so;libusb::libusb)
[3.431s] [0m** WARNING ** io features related to pcap will be disabled[0m
[3.583s] -- Eigen found (include: /usr/include/eigen3, version: 3.4.0)
[3.599s] -- OpenNI found (version: 1.5.4.0, include: /usr/include/ni, lib: /usr/lib/libOpenNI.so;libusb::libusb)
[3.611s] -- OpenNI2 found (version: 2.2.0.33, include: /usr/include/openni2, lib: /usr/lib/x86_64-linux-gnu/libOpenNI2.so;libusb::libusb)
[3.869s] -- Found Qhull version 8.0.2
[4.144s] -- OpenNI found (version: 1.5.4.0, include: /usr/include/ni, lib: /usr/lib/libOpenNI.so;libusb::libusb)
[4.424s] -- looking for PCL_COMMON
[4.424s] -- Found PCL_COMMON: /usr/lib/x86_64-linux-gnu/libpcl_common.so  
[4.425s] -- looking for PCL_KDTREE
[4.425s] -- Found PCL_KDTREE: /usr/lib/x86_64-linux-gnu/libpcl_kdtree.so  
[4.426s] -- looking for PCL_OCTREE
[4.432s] -- Found PCL_OCTREE: /usr/lib/x86_64-linux-gnu/libpcl_octree.so  
[4.432s] -- looking for PCL_SEARCH
[4.432s] -- Found PCL_SEARCH: /usr/lib/x86_64-linux-gnu/libpcl_search.so  
[4.432s] -- looking for PCL_SAMPLE_CONSENSUS
[4.432s] -- Found PCL_SAMPLE_CONSENSUS: /usr/lib/x86_64-linux-gnu/libpcl_sample_consensus.so  
[4.432s] -- looking for PCL_FILTERS
[4.432s] -- Found PCL_FILTERS: /usr/lib/x86_64-linux-gnu/libpcl_filters.so  
[4.432s] -- looking for PCL_2D
[4.432s] -- Found PCL_2D: /usr/include/pcl-1.12  
[4.432s] -- looking for PCL_GEOMETRY
[4.432s] -- Found PCL_GEOMETRY: /usr/include/pcl-1.12  
[4.433s] -- looking for PCL_IO
[4.433s] -- Found PCL_IO: /usr/lib/x86_64-linux-gnu/libpcl_io.so  
[4.434s] -- looking for PCL_FEATURES
[4.434s] -- Found PCL_FEATURES: /usr/lib/x86_64-linux-gnu/libpcl_features.so  
[4.435s] -- looking for PCL_ML
[4.436s] -- Found PCL_ML: /usr/lib/x86_64-linux-gnu/libpcl_ml.so  
[4.436s] -- looking for PCL_SEGMENTATION
[4.436s] -- Found PCL_SEGMENTATION: /usr/lib/x86_64-linux-gnu/libpcl_segmentation.so  
[4.437s] -- looking for PCL_VISUALIZATION
[4.440s] -- Found PCL_VISUALIZATION: /usr/lib/x86_64-linux-gnu/libpcl_visualization.so  
[4.441s] -- looking for PCL_SURFACE
[4.441s] -- Found PCL_SURFACE: /usr/lib/x86_64-linux-gnu/libpcl_surface.so  
[4.441s] -- looking for PCL_REGISTRATION
[4.441s] -- Found PCL_REGISTRATION: /usr/lib/x86_64-linux-gnu/libpcl_registration.so  
[4.441s] -- looking for PCL_KEYPOINTS
[4.441s] -- Found PCL_KEYPOINTS: /usr/lib/x86_64-linux-gnu/libpcl_keypoints.so  
[4.441s] -- looking for PCL_TRACKING
[4.442s] -- Found PCL_TRACKING: /usr/lib/x86_64-linux-gnu/libpcl_tracking.so  
[4.442s] -- looking for PCL_RECOGNITION
[4.448s] -- Found PCL_RECOGNITION: /usr/lib/x86_64-linux-gnu/libpcl_recognition.so  
[4.449s] -- looking for PCL_STEREO
[4.449s] -- Found PCL_STEREO: /usr/lib/x86_64-linux-gnu/libpcl_stereo.so  
[4.449s] -- looking for PCL_APPS
[4.449s] -- Found PCL_APPS: /usr/lib/x86_64-linux-gnu/libpcl_apps.so  
[4.449s] -- looking for PCL_IN_HAND_SCANNER
[4.449s] -- Found PCL_IN_HAND_SCANNER: /usr/include/pcl-1.12  
[4.449s] -- looking for PCL_MODELER
[4.449s] -- Found PCL_MODELER: /usr/include/pcl-1.12  
[4.449s] -- looking for PCL_POINT_CLOUD_EDITOR
[4.449s] -- Found PCL_POINT_CLOUD_EDITOR: /usr/include/pcl-1.12  
[4.449s] -- looking for PCL_OUTOFCORE
[4.449s] -- Found PCL_OUTOFCORE: /usr/lib/x86_64-linux-gnu/libpcl_outofcore.so  
[4.449s] -- looking for PCL_PEOPLE
[4.452s] -- Found PCL_PEOPLE: /usr/lib/x86_64-linux-gnu/libpcl_people.so  
[4.453s] -- Found PCL: pcl_common;pcl_kdtree;pcl_octree;pcl_search;pcl_sample_consensus;pcl_filters;pcl_io;pcl_features;pcl_ml;pcl_segmentation;pcl_visualization;pcl_surface;pcl_registration;pcl_keypoints;pcl_tracking;pcl_recognition;pcl_stereo;pcl_apps;pcl_outofcore;pcl_people;Boost::system;Boost::filesystem;Boost::date_time;Boost::iostreams;Boost::serialization;/usr/lib/libOpenNI.so;libusb::libusb;/usr/lib/x86_64-linux-gnu/libOpenNI2.so;libusb::libusb;VTK::ChartsCore;VTK::CommonColor;VTK::CommonComputationalGeometry;VTK::CommonCore;VTK::CommonDataModel;VTK::CommonExecutionModel;VTK::CommonMath;VTK::CommonMisc;VTK::CommonTransforms;VTK::FiltersCore;VTK::FiltersExtraction;VTK::FiltersGeneral;VTK::FiltersGeometry;VTK::FiltersModeling;VTK::FiltersSources;VTK::ImagingCore;VTK::ImagingSources;VTK::InteractionImage;VTK::InteractionStyle;VTK::InteractionWidgets;VTK::IOCore;VTK::IOGeometry;VTK::IOImage;VTK::IOLegacy;VTK::IOPLY;VTK::RenderingAnnotation;VTK::RenderingCore;VTK::RenderingContext2D;VTK::RenderingLOD;VTK::RenderingFreeType;VTK::ViewsCore;VTK::ViewsContext2D;VTK::RenderingOpenGL2;VTK::GUISupportQt;FLANN::FLANN;QHULL::QHULL  
[5.198s] -- Found ament_cmake_ros: 0.10.0 (/opt/ros/humble/share/ament_cmake_ros/cmake)
[6.112s] -- Using all available rosidl_typesupport_c: rosidl_typesupport_fastrtps_c;rosidl_typesupport_introspection_c
[6.709s] -- Using all available rosidl_typesupport_cpp: rosidl_typesupport_fastrtps_cpp;rosidl_typesupport_introspection_cpp
[6.814s] -- Found PythonInterp: /home/rizy/anaconda3/envs/myenv/bin/python3 (found suitable version "3.10.19", minimum required is "3.6") 
[6.823s] -- Found python_cmake_module: 0.10.0 (/opt/ros/humble/share/python_cmake_module/cmake)
[6.912s] -- Found PythonLibs: /home/rizy/anaconda3/envs/myenv/lib/libpython3.10.so (found suitable version "3.10.19", minimum required is "3.5") 
[6.921s] -- Using PYTHON_EXECUTABLE: /home/rizy/anaconda3/envs/myenv/bin/python3
[6.921s] -- Using PYTHON_INCLUDE_DIRS: /home/rizy/anaconda3/envs/myenv/include/python3.10
[6.921s] -- Using PYTHON_LIBRARIES: /home/rizy/anaconda3/envs/myenv/lib/libpython3.10.so
[7.012s] -- Found PythonExtra: .so  
[7.776s] -- Using numpy include directory: /home/rizy/.local/lib/python3.10/site-packages/numpy/core/include
[7.808s] -- Found ament_lint_auto: 0.12.14 (/opt/ros/humble/share/ament_lint_auto/cmake)
[7.855s] -- Added test 'cppcheck' to perform static code analysis on C / C++ code
[7.868s] -- Configured cppcheck include dirs: /home/rizy/planner/3d-navi/3d-navi-ros2_v1/src/planner/traj_utils/include
[7.868s] -- Configured cppcheck exclude dirs and/or files: 
[7.868s] -- Added test 'lint_cmake' to check CMake code style
[7.870s] -- Added test 'uncrustify' to check C / C++ code style
[7.870s] -- Configured uncrustify additional arguments: 
[7.871s] -- Added test 'xmllint' to check XML markup files
[7.885s] -- Configuring done
[8.017s] [33mCMake Warning at /opt/ros/humble/share/rosidl_generator_py/cmake/rosidl_generator_py_generate_interfaces.cmake:166 (add_library):
[8.017s]   Cannot generate a safe runtime search path for target
[8.017s]   traj_utils__rosidl_generator_py because files in some directories may
[8.017s]   conflict with libraries in implicit directories:
[8.017s] 
[8.017s]     runtime library [libpython3.10.so.1.0] in /usr/lib/x86_64-linux-gnu may be hidden by files in:
[8.017s]       /home/rizy/anaconda3/envs/myenv/lib
[8.017s] 
[8.017s]   Some of these libraries may not be found correctly.
[8.018s] Call Stack (most recent call first):
[8.018s]   /opt/ros/humble/share/ament_cmake_core/cmake/core/ament_execute_extensions.cmake:48 (include)
[8.018s]   /opt/ros/humble/share/rosidl_cmake/cmake/rosidl_generate_interfaces.cmake:286 (ament_execute_extensions)
[8.018s]   CMakeLists.txt:26 (rosidl_generate_interfaces)
[8.018s] 
[8.018s] [0m
[8.040s] [33mCMake Warning at /opt/ros/humble/share/rosidl_generator_py/cmake/rosidl_generator_py_generate_interfaces.cmake:226 (add_library):
[8.040s]   Cannot generate a safe runtime search path for target
[8.040s]   traj_utils__rosidl_typesupport_fastrtps_c__pyext because files in some
[8.040s]   directories may conflict with libraries in implicit directories:
[8.040s] 
[8.040s]     runtime library [libpython3.10.so.1.0] in /usr/lib/x86_64-linux-gnu may be hidden by files in:
[8.040s]       /home/rizy/anaconda3/envs/myenv/lib
[8.040s] 
[8.040s]   Some of these libraries may not be found correctly.
[8.040s] Call Stack (most recent call first):
[8.040s]   /opt/ros/humble/share/ament_cmake_core/cmake/core/ament_execute_extensions.cmake:48 (include)
[8.040s]   /opt/ros/humble/share/rosidl_cmake/cmake/rosidl_generate_interfaces.cmake:286 (ament_execute_extensions)
[8.040s]   CMakeLists.txt:26 (rosidl_generate_interfaces)
[8.041s] 
[8.041s] [0m
[8.062s] [33mCMake Warning at /opt/ros/humble/share/rosidl_generator_py/cmake/rosidl_generator_py_generate_interfaces.cmake:226 (add_library):
[8.062s]   Cannot generate a safe runtime search path for target
[8.062s]   traj_utils__rosidl_typesupport_introspection_c__pyext because files in some
[8.062s]   directories may conflict with libraries in implicit directories:
[8.062s] 
[8.062s]     runtime library [libpython3.10.so.1.0] in /usr/lib/x86_64-linux-gnu may be hidden by files in:
[8.062s]       /home/rizy/anaconda3/envs/myenv/lib
[8.062s] 
[8.062s]   Some of these libraries may not be found correctly.
[8.062s] Call Stack (most recent call first):
[8.062s]   /opt/ros/humble/share/ament_cmake_core/cmake/core/ament_execute_extensions.cmake:48 (include)
[8.062s]   /opt/ros/humble/share/rosidl_cmake/cmake/rosidl_generate_interfaces.cmake:286 (ament_execute_extensions)
[8.062s]   CMakeLists.txt:26 (rosidl_generate_interfaces)
[8.062s] 
[8.062s] [0m
[8.071s] [33mCMake Warning at /opt/ros/humble/share/rosidl_generator_py/cmake/rosidl_generator_py_generate_interfaces.cmake:226 (add_library):
[8.071s]   Cannot generate a safe runtime search path for target
[8.071s]   traj_utils__rosidl_typesupport_c__pyext because files in some directories
[8.071s]   may conflict with libraries in implicit directories:
[8.071s] 
[8.071s]     runtime library [libpython3.10.so.1.0] in /usr/lib/x86_64-linux-gnu may be hidden by files in:
[8.071s]       /home/rizy/anaconda3/envs/myenv/lib
[8.071s] 
[8.071s]   Some of these libraries may not be found correctly.
[8.071s] Call Stack (most recent call first):
[8.071s]   /opt/ros/humble/share/ament_cmake_core/cmake/core/ament_execute_extensions.cmake:48 (include)
[8.072s]   /opt/ros/humble/share/rosidl_cmake/cmake/rosidl_generate_interfaces.cmake:286 (ament_execute_extensions)
[8.072s]   CMakeLists.txt:26 (rosidl_generate_interfaces)
[8.072s] 
[8.072s] [0m
[8.150s] [33mCMake Warning at CMakeLists.txt:57 (add_library):
[8.150s]   Cannot generate a safe runtime search path for target traj_utils_lib
[8.150s]   because files in some directories may conflict with libraries in implicit
[8.150s]   directories:
[8.150s] 
[8.150s]     runtime library [libpng16.so.16] in /usr/lib/x86_64-linux-gnu may be hidden by files in:
[8.150s]       /home/rizy/anaconda3/lib
[8.150s]     runtime library [libz.so.1] in /usr/lib/x86_64-linux-gnu may be hidden by files in:
[8.150s]       /home/rizy/anaconda3/lib
[8.150s]     runtime library [libfreetype.so.6] in /usr/lib/x86_64-linux-gnu may be hidden by files in:
[8.151s]       /home/rizy/anaconda3/lib
[8.151s]     runtime library [libX11.so.6] in /usr/lib/x86_64-linux-gnu may be hidden by files in:
[8.151s]       /home/rizy/anaconda3/lib
[8.151s]     runtime library [libQt5OpenGL.so.5] in /usr/lib/x86_64-linux-gnu may be hidden by files in:
[8.151s]       /home/rizy/anaconda3/lib
[8.151s]     runtime library [libQt5Widgets.so.5] in /usr/lib/x86_64-linux-gnu may be hidden by files in:
[8.151s]       /home/rizy/anaconda3/lib
[8.151s]     runtime library [libQt5Gui.so.5] in /usr/lib/x86_64-linux-gnu may be hidden by files in:
[8.151s]       /home/rizy/anaconda3/lib
[8.151s]     runtime library [libEGL.so.1] in /usr/lib/x86_64-linux-gnu may be hidden by files in:
[8.151s]       /home/rizy/anaconda3/lib
[8.151s]     runtime library [libGL.so.1] in /usr/lib/x86_64-linux-gnu may be hidden by files in:
[8.151s]       /home/rizy/anaconda3/lib
[8.151s]     runtime library [libQt5Core.so.5] in /usr/lib/x86_64-linux-gnu may be hidden by files in:
[8.151s]       /home/rizy/anaconda3/lib
[8.151s]     runtime library [libtbb.so.12] in /usr/lib/x86_64-linux-gnu may be hidden by files in:
[8.151s]       /home/rizy/anaconda3/lib
[8.151s] 
[8.151s]   Some of these libraries may not be found correctly.
[8.151s] 
[8.151s] [0m
[8.155s] [33mCMake Warning at CMakeLists.txt:57 (add_library):
[8.164s]   Cannot generate a safe dependent library path for target traj_utils_lib
[8.164s]   because files in some directories may conflict with libraries in implicit
[8.164s]   directories:
[8.164s] 
[8.164s]     runtime library [libEGL.so.1] in /usr/lib/x86_64-linux-gnu may be hidden by files in:
[8.164s]       /home/rizy/anaconda3/lib
[8.164s]     runtime library [libGL.so.1] in /usr/lib/x86_64-linux-gnu may be hidden by files in:
[8.164s]       /home/rizy/anaconda3/lib
[8.164s] 
[8.164s]   Some of these libraries may not be found correctly.
[8.164s] 
[8.164s] [0m
[8.179s] -- Generating done
[8.262s] -- Build files have been written to: /home/rizy/planner/3d-navi/3d-navi-ros2_v1/build/traj_utils
[8.531s] Invoked command in '/home/rizy/planner/3d-navi/3d-navi-ros2_v1/build/traj_utils' returned '0': CMAKE_PREFIX_PATH=/opt/ros/humble CONDA_PROMPT_MODIFIER=(myenv) /usr/bin/cmake /home/rizy/planner/3d-navi/3d-navi-ros2_v1/src/planner/traj_utils -DAMENT_CMAKE_SYMLINK_INSTALL=1 -DCMAKE_INSTALL_PREFIX=/home/rizy/planner/3d-navi/3d-navi-ros2_v1/install/traj_utils
[8.533s] Invoking command in '/home/rizy/planner/3d-navi/3d-navi-ros2_v1/build/traj_utils': CMAKE_PREFIX_PATH=/opt/ros/humble CONDA_PROMPT_MODIFIER=(myenv) /usr/bin/cmake --build /home/rizy/planner/3d-navi/3d-navi-ros2_v1/build/traj_utils -- -j32 -l32
[8.673s] [  2%] [34m[1mGenerating C code for ROS interfaces[0m
[8.720s] [  4%] [34m[1mGenerating C++ code for ROS interfaces[0m
[8.747s] [  6%] [32mBuilding CXX object CMakeFiles/traj_utils_lib.dir/src/polynomial_traj.cpp.o[0m
[8.751s] [  8%] [32mBuilding CXX object CMakeFiles/traj_utils_lib.dir/src/planning_visualization.cpp.o[0m
[8.762s] [  8%] Built target ament_cmake_python_symlink_traj_utils
[9.072s] running egg_info
[9.084s] creating traj_utils.egg-info
[9.085s] writing traj_utils.egg-info/PKG-INFO
[9.086s] writing dependency_links to traj_utils.egg-info/dependency_links.txt
[9.086s] writing top-level names to traj_utils.egg-info/top_level.txt
[9.086s] writing manifest file 'traj_utils.egg-info/SOURCES.txt'
[9.124s] reading manifest file 'traj_utils.egg-info/SOURCES.txt'
[9.125s] writing manifest file 'traj_utils.egg-info/SOURCES.txt'
[9.283s] [  8%] Built target ament_cmake_python_build_traj_utils_egg
[9.375s] [  8%] Built target traj_utils__cpp
[9.417s] [ 10%] [34m[1mGenerating C++ type support dispatch for ROS interfaces[0m
[9.422s] [ 12%] [34m[1mGenerating C++ type support for eProsima Fast-RTPS[0m
[9.429s] [ 14%] [34m[1mGenerating C++ introspection for ROS interfaces[0m
[9.573s] [ 16%] [32mBuilding C object CMakeFiles/traj_utils__rosidl_generator_c.dir/rosidl_generator_c/traj_utils/msg/detail/data_disp__functions.c.o[0m
[9.573s] [ 18%] [32mBuilding C object CMakeFiles/traj_utils__rosidl_generator_c.dir/rosidl_generator_c/traj_utils/msg/detail/bspline__functions.c.o[0m
[9.574s] [ 20%] [32mBuilding C object CMakeFiles/traj_utils__rosidl_generator_c.dir/rosidl_generator_c/traj_utils/msg/detail/multi_bsplines__functions.c.o[0m
[9.786s] [ 22%] [32m[1mLinking C shared library libtraj_utils__rosidl_generator_c.so[0m
[9.911s] [ 22%] Built target traj_utils__rosidl_generator_c
[9.949s] [ 24%] [34m[1mGenerating C introspection for ROS interfaces[0m
[9.950s] [ 26%] [34m[1mGenerating C type support dispatch for ROS interfaces[0m
[9.953s] [ 28%] [34m[1mGenerating C type support for eProsima Fast-RTPS[0m
[9.958s] [ 30%] [32mBuilding CXX object CMakeFiles/traj_utils__rosidl_typesupport_cpp.dir/rosidl_typesupport_cpp/traj_utils/msg/data_disp__type_support.cpp.o[0m
[9.962s] [ 32%] [32mBuilding CXX object CMakeFiles/traj_utils__rosidl_typesupport_cpp.dir/rosidl_typesupport_cpp/traj_utils/msg/multi_bsplines__type_support.cpp.o[0m
[9.965s] [ 34%] [32mBuilding CXX object CMakeFiles/traj_utils__rosidl_typesupport_cpp.dir/rosidl_typesupport_cpp/traj_utils/msg/bspline__type_support.cpp.o[0m
[9.973s] [ 36%] [32mBuilding CXX object CMakeFiles/traj_utils__rosidl_typesupport_introspection_cpp.dir/rosidl_typesupport_introspection_cpp/traj_utils/msg/detail/bspline__type_support.cpp.o[0m
[9.980s] [ 38%] [32mBuilding CXX object CMakeFiles/traj_utils__rosidl_typesupport_introspection_cpp.dir/rosidl_typesupport_introspection_cpp/traj_utils/msg/detail/data_disp__type_support.cpp.o[0m
[9.993s] [ 42%] [32mBuilding CXX object CMakeFiles/traj_utils__rosidl_typesupport_introspection_cpp.dir/rosidl_typesupport_introspection_cpp/traj_utils/msg/detail/multi_bsplines__type_support.cpp.o[0m
[9.994s] [ 42%] [32mBuilding CXX object CMakeFiles/traj_utils__rosidl_typesupport_fastrtps_cpp.dir/rosidl_typesupport_fastrtps_cpp/traj_utils/msg/detail/dds_fastrtps/bspline__type_support.cpp.o[0m
[10.002s] [ 44%] [32mBuilding CXX object CMakeFiles/traj_utils__rosidl_typesupport_fastrtps_cpp.dir/rosidl_typesupport_fastrtps_cpp/traj_utils/msg/detail/dds_fastrtps/data_disp__type_support.cpp.o[0m
[10.010s] [ 46%] [32mBuilding CXX object CMakeFiles/traj_utils__rosidl_typesupport_fastrtps_cpp.dir/rosidl_typesupport_fastrtps_cpp/traj_utils/msg/detail/dds_fastrtps/multi_bsplines__type_support.cpp.o[0m
[10.603s] [ 48%] [32mBuilding CXX object CMakeFiles/traj_utils__rosidl_typesupport_c.dir/rosidl_typesupport_c/traj_utils/msg/bspline__type_support.cpp.o[0m
[10.609s] [ 50%] [32mBuilding CXX object CMakeFiles/traj_utils__rosidl_typesupport_c.dir/rosidl_typesupport_c/traj_utils/msg/data_disp__type_support.cpp.o[0m
[10.611s] [ 52%] [32mBuilding CXX object CMakeFiles/traj_utils__rosidl_typesupport_c.dir/rosidl_typesupport_c/traj_utils/msg/multi_bsplines__type_support.cpp.o[0m
[10.683s] [ 54%] [32mBuilding C object CMakeFiles/traj_utils__rosidl_typesupport_introspection_c.dir/rosidl_typesupport_introspection_c/traj_utils/msg/detail/bspline__type_support.c.o[0m
[10.685s] [ 56%] [32mBuilding C object CMakeFiles/traj_utils__rosidl_typesupport_introspection_c.dir/rosidl_typesupport_introspection_c/traj_utils/msg/detail/multi_bsplines__type_support.c.o[0m
[10.686s] [ 58%] [32mBuilding C object CMakeFiles/traj_utils__rosidl_typesupport_introspection_c.dir/rosidl_typesupport_introspection_c/traj_utils/msg/detail/data_disp__type_support.c.o[0m
[10.714s] [ 60%] [32m[1mLinking CXX shared library libtraj_utils__rosidl_typesupport_c.so[0m
[10.779s] [ 62%] [32m[1mLinking CXX shared library libtraj_utils__rosidl_typesupport_cpp.so[0m
[10.813s] [ 68%] [32mBuilding CXX object CMakeFiles/traj_utils__rosidl_typesupport_fastrtps_c.dir/rosidl_typesupport_fastrtps_c/traj_utils/msg/detail/data_disp__type_support_c.cpp.o[0m
[10.813s] [ 68%] [32mBuilding CXX object CMakeFiles/traj_utils__rosidl_typesupport_fastrtps_c.dir/rosidl_typesupport_fastrtps_c/traj_utils/msg/detail/bspline__type_support_c.cpp.o[0m
[10.813s] [ 68%] [32mBuilding CXX object CMakeFiles/traj_utils__rosidl_typesupport_fastrtps_c.dir/rosidl_typesupport_fastrtps_c/traj_utils/msg/detail/multi_bsplines__type_support_c.cpp.o[0m
[10.875s] [ 70%] [32m[1mLinking C shared library libtraj_utils__rosidl_typesupport_introspection_c.so[0m
[10.884s] [ 70%] Built target traj_utils__rosidl_typesupport_c
[10.920s] [ 70%] Built target traj_utils__rosidl_typesupport_cpp
[10.987s] [ 70%] Built target traj_utils__rosidl_typesupport_introspection_c
[11.223s] [ 72%] [32m[1mLinking CXX shared library libtraj_utils__rosidl_typesupport_fastrtps_cpp.so[0m
[11.484s] [ 74%] [32m[1mLinking CXX shared library libtraj_utils__rosidl_typesupport_introspection_cpp.so[0m
[11.525s] [ 74%] Built target traj_utils__rosidl_typesupport_fastrtps_cpp
[11.612s] [ 76%] [32m[1mLinking CXX shared library libtraj_utils__rosidl_typesupport_fastrtps_c.so[0m
[11.704s] [ 76%] Built target traj_utils__rosidl_typesupport_introspection_cpp
[11.810s] [ 76%] Built target traj_utils__rosidl_typesupport_fastrtps_c
[11.856s] [ 76%] Built target traj_utils
[11.895s] [ 78%] [34m[1mGenerating Python code for ROS interfaces[0m
[12.554s] [ 78%] Built target traj_utils__py
[12.624s] [ 80%] [32mBuilding C object CMakeFiles/traj_utils__rosidl_generator_py.dir/rosidl_generator_py/traj_utils/msg/_data_disp_s.c.o[0m
[12.635s] [ 82%] [32mBuilding C object CMakeFiles/traj_utils__rosidl_generator_py.dir/rosidl_generator_py/traj_utils/msg/_bspline_s.c.o[0m
[12.643s] [ 84%] [32mBuilding C object CMakeFiles/traj_utils__rosidl_generator_py.dir/rosidl_generator_py/traj_utils/msg/_multi_bsplines_s.c.o[0m
[12.988s] [ 86%] [32m[1mLinking C shared library rosidl_generator_py/traj_utils/libtraj_utils__rosidl_generator_py.so[0m
[13.133s] [ 86%] Built target traj_utils__rosidl_generator_py
[13.180s] [ 88%] [32mBuilding C object CMakeFiles/traj_utils__rosidl_typesupport_fastrtps_c__pyext.dir/rosidl_generator_py/traj_utils/_traj_utils_s.ep.rosidl_typesupport_fastrtps_c.c.o[0m
[13.180s] [ 90%] [32mBuilding C object CMakeFiles/traj_utils__rosidl_typesupport_introspection_c__pyext.dir/rosidl_generator_py/traj_utils/_traj_utils_s.ep.rosidl_typesupport_introspection_c.c.o[0m
[13.190s] [ 92%] [32mBuilding C object CMakeFiles/traj_utils__rosidl_typesupport_c__pyext.dir/rosidl_generator_py/traj_utils/_traj_utils_s.ep.rosidl_typesupport_c.c.o[0m
[13.393s] [ 94%] [32m[1mLinking C shared library rosidl_generator_py/traj_utils/traj_utils_s__rosidl_typesupport_c.cpython-310-x86_64-linux-gnu.so[0m
[13.407s] [ 96%] [32m[1mLinking C shared library rosidl_generator_py/traj_utils/traj_utils_s__rosidl_typesupport_introspection_c.cpython-310-x86_64-linux-gnu.so[0m
[13.427s] [ 98%] [32m[1mLinking C shared library rosidl_generator_py/traj_utils/traj_utils_s__rosidl_typesupport_fastrtps_c.cpython-310-x86_64-linux-gnu.so[0m
[13.496s] [ 98%] Built target traj_utils__rosidl_typesupport_c__pyext
[13.524s] [ 98%] Built target traj_utils__rosidl_typesupport_introspection_c__pyext
[13.534s] [ 98%] Built target traj_utils__rosidl_typesupport_fastrtps_c__pyext
[15.558s] [01m[K/home/rizy/planner/3d-navi/3d-navi-ros2_v1/src/planner/traj_utils/src/planning_visualization.cpp:[m[K In member function ‘[01m[Kvoid ego_planner::PlanningVisualization::displayMarkerList(rclcpp::Publisher<visualization_msgs::msg::Marker_<std::allocator<void> > >::SharedPtr&, const std::vector<Eigen::Matrix<double, 3, 1> >&, double, Eigen::Vector4d, int, bool)[m[K’:
[15.558s] [01m[K/home/rizy/planner/3d-navi/3d-navi-ros2_v1/src/planner/traj_utils/src/planning_visualization.cpp:11:85:[m[K [01;35m[Kwarning: [m[Kunused parameter ‘[01m[Kshow_sphere[m[K’ [[01;35m[K]8;;https://gcc.gnu.org/onlinedocs/gcc/Warning-Options.html#index-Wunused-parameter-Wunused-parameter]8;;[m[K]
[15.558s]    11 |                                                 Eigen::Vector4d color, int id, [01;35m[Kbool show_sphere[m[K /* = true */)
[15.558s]       |                                                                                [01;35m[K~~~~~^~~~~~~~~~~[m[K
[15.569s] [01m[K/home/rizy/planner/3d-navi/3d-navi-ros2_v1/src/planner/traj_utils/src/planning_visualization.cpp:[m[K In member function ‘[01m[Kvoid ego_planner::PlanningVisualization::displayMultiInitPathList(std::vector<std::vector<Eigen::Matrix<double, 3, 1> > >, double)[m[K’:
[15.569s] [01m[K/home/rizy/planner/3d-navi/3d-navi-ros2_v1/src/planner/traj_utils/src/planning_visualization.cpp:177:25:[m[K [01;35m[Kwarning: [m[Kcomparison of integer expressions of different signedness: ‘[01m[Kint[m[K’ and ‘[01m[Kstd::vector<std::vector<Eigen::Matrix<double, 3, 1> > >::size_type[m[K’ {aka ‘[01m[Klong unsigned int[m[K’} [[01;35m[K]8;;https://gcc.gnu.org/onlinedocs/gcc/Warning-Options.html#index-Wsign-compare-Wsign-compare]8;;[m[K]
[15.569s]   177 |     for (int id = 0; [01;35m[Kid < init_trajs.size()[m[K; id++)
[15.569s]       |                      [01;35m[K~~~^~~~~~~~~~~~~~~~~~~[m[K
[36.077s] [100%] [32m[1mLinking CXX shared library libtraj_utils_lib.so[0m
[36.606s] [100%] Built target traj_utils_lib
[36.615s] Invoked command in '/home/rizy/planner/3d-navi/3d-navi-ros2_v1/build/traj_utils' returned '0': CMAKE_PREFIX_PATH=/opt/ros/humble CONDA_PROMPT_MODIFIER=(myenv) /usr/bin/cmake --build /home/rizy/planner/3d-navi/3d-navi-ros2_v1/build/traj_utils -- -j32 -l32
[36.617s] Invoking command in '/home/rizy/planner/3d-navi/3d-navi-ros2_v1/build/traj_utils': CMAKE_PREFIX_PATH=/opt/ros/humble CONDA_PROMPT_MODIFIER=(myenv) /usr/bin/cmake --install /home/rizy/planner/3d-navi/3d-navi-ros2_v1/build/traj_utils
[36.622s] -- Install configuration: "Release"
[36.622s] -- Execute custom install script
[36.623s] -- Symlinking: /home/rizy/planner/3d-navi/3d-navi-ros2_v1/install/traj_utils/share/ament_index/resource_index/rosidl_interfaces/traj_utils
[36.632s] -- Symlinking: /home/rizy/planner/3d-navi/3d-navi-ros2_v1/install/traj_utils/include/traj_utils/traj_utils/msg/bspline.h
[36.645s] -- Symlinking: /home/rizy/planner/3d-navi/3d-navi-ros2_v1/install/traj_utils/include/traj_utils/traj_utils/msg/data_disp.h
[36.651s] -- Symlinking: /home/rizy/planner/3d-navi/3d-navi-ros2_v1/install/traj_utils/include/traj_utils/traj_utils/msg/detail/bspline__functions.h
[36.657s] -- Symlinking: /home/rizy/planner/3d-navi/3d-navi-ros2_v1/install/traj_utils/include/traj_utils/traj_utils/msg/detail/bspline__struct.h
[36.662s] -- Symlinking: /home/rizy/planner/3d-navi/3d-navi-ros2_v1/install/traj_utils/include/traj_utils/traj_utils/msg/detail/bspline__type_support.h
[36.668s] -- Symlinking: /home/rizy/planner/3d-navi/3d-navi-ros2_v1/install/traj_utils/include/traj_utils/traj_utils/msg/detail/data_disp__functions.h
[36.673s] -- Symlinking: /home/rizy/planner/3d-navi/3d-navi-ros2_v1/install/traj_utils/include/traj_utils/traj_utils/msg/detail/data_disp__struct.h
[36.679s] -- Symlinking: /home/rizy/planner/3d-navi/3d-navi-ros2_v1/install/traj_utils/include/traj_utils/traj_utils/msg/detail/data_disp__type_support.h
[36.684s] -- Symlinking: /home/rizy/planner/3d-navi/3d-navi-ros2_v1/install/traj_utils/include/traj_utils/traj_utils/msg/detail/multi_bsplines__functions.h
[36.689s] -- Symlinking: /home/rizy/planner/3d-navi/3d-navi-ros2_v1/install/traj_utils/include/traj_utils/traj_utils/msg/detail/multi_bsplines__struct.h
[36.695s] -- Symlinking: /home/rizy/planner/3d-navi/3d-navi-ros2_v1/install/traj_utils/include/traj_utils/traj_utils/msg/detail/multi_bsplines__type_support.h
[36.700s] -- Symlinking: /home/rizy/planner/3d-navi/3d-navi-ros2_v1/install/traj_utils/include/traj_utils/traj_utils/msg/multi_bsplines.h
[36.705s] -- Symlinking: /home/rizy/planner/3d-navi/3d-navi-ros2_v1/install/traj_utils/include/traj_utils/traj_utils/msg/rosidl_generator_c__visibility_control.h
[36.711s] -- Symlinking: /home/rizy/planner/3d-navi/3d-navi-ros2_v1/install/traj_utils/share/traj_utils/environment/library_path.sh
[36.716s] -- Symlinking: /home/rizy/planner/3d-navi/3d-navi-ros2_v1/install/traj_utils/share/traj_utils/environment/library_path.dsv
[36.722s] -- Symlinking: /home/rizy/planner/3d-navi/3d-navi-ros2_v1/install/traj_utils/include/traj_utils/traj_utils/msg/detail/bspline__rosidl_typesupport_fastrtps_c.h
[36.729s] -- Symlinking: /home/rizy/planner/3d-navi/3d-navi-ros2_v1/install/traj_utils/include/traj_utils/traj_utils/msg/detail/data_disp__rosidl_typesupport_fastrtps_c.h
[36.741s] -- Symlinking: /home/rizy/planner/3d-navi/3d-navi-ros2_v1/install/traj_utils/include/traj_utils/traj_utils/msg/detail/multi_bsplines__rosidl_typesupport_fastrtps_c.h
[36.749s] -- Symlinking: /home/rizy/planner/3d-navi/3d-navi-ros2_v1/install/traj_utils/include/traj_utils/traj_utils/msg/rosidl_typesupport_fastrtps_c__visibility_control.h
[36.755s] -- Symlinking: /home/rizy/planner/3d-navi/3d-navi-ros2_v1/install/traj_utils/include/traj_utils/traj_utils/msg/bspline.hpp
[36.761s] -- Symlinking: /home/rizy/planner/3d-navi/3d-navi-ros2_v1/install/traj_utils/include/traj_utils/traj_utils/msg/data_disp.hpp
[36.767s] -- Symlinking: /home/rizy/planner/3d-navi/3d-navi-ros2_v1/install/traj_utils/include/traj_utils/traj_utils/msg/detail/bspline__builder.hpp
[36.772s] -- Symlinking: /home/rizy/planner/3d-navi/3d-navi-ros2_v1/install/traj_utils/include/traj_utils/traj_utils/msg/detail/bspline__struct.hpp
[36.778s] -- Symlinking: /home/rizy/planner/3d-navi/3d-navi-ros2_v1/install/traj_utils/include/traj_utils/traj_utils/msg/detail/bspline__traits.hpp
[36.783s] -- Symlinking: /home/rizy/planner/3d-navi/3d-navi-ros2_v1/install/traj_utils/include/traj_utils/traj_utils/msg/detail/bspline__type_support.hpp
[36.790s] -- Symlinking: /home/rizy/planner/3d-navi/3d-navi-ros2_v1/install/traj_utils/include/traj_utils/traj_utils/msg/detail/data_disp__builder.hpp
[36.797s] -- Symlinking: /home/rizy/planner/3d-navi/3d-navi-ros2_v1/install/traj_utils/include/traj_utils/traj_utils/msg/detail/data_disp__struct.hpp
[36.803s] -- Symlinking: /home/rizy/planner/3d-navi/3d-navi-ros2_v1/install/traj_utils/include/traj_utils/traj_utils/msg/detail/data_disp__traits.hpp
[36.809s] -- Symlinking: /home/rizy/planner/3d-navi/3d-navi-ros2_v1/install/traj_utils/include/traj_utils/traj_utils/msg/detail/data_disp__type_support.hpp
[36.815s] -- Symlinking: /home/rizy/planner/3d-navi/3d-navi-ros2_v1/install/traj_utils/include/traj_utils/traj_utils/msg/detail/multi_bsplines__builder.hpp
[36.822s] -- Symlinking: /home/rizy/planner/3d-navi/3d-navi-ros2_v1/install/traj_utils/include/traj_utils/traj_utils/msg/detail/multi_bsplines__struct.hpp
[36.836s] -- Symlinking: /home/rizy/planner/3d-navi/3d-navi-ros2_v1/install/traj_utils/include/traj_utils/traj_utils/msg/detail/multi_bsplines__traits.hpp
[36.847s] -- Symlinking: /home/rizy/planner/3d-navi/3d-navi-ros2_v1/install/traj_utils/include/traj_utils/traj_utils/msg/detail/multi_bsplines__type_support.hpp
[36.854s] -- Symlinking: /home/rizy/planner/3d-navi/3d-navi-ros2_v1/install/traj_utils/include/traj_utils/traj_utils/msg/multi_bsplines.hpp
[36.861s] -- Symlinking: /home/rizy/planner/3d-navi/3d-navi-ros2_v1/install/traj_utils/include/traj_utils/traj_utils/msg/rosidl_generator_cpp__visibility_control.hpp
[36.868s] -- Symlinking: /home/rizy/planner/3d-navi/3d-navi-ros2_v1/install/traj_utils/include/traj_utils/traj_utils/msg/detail/bspline__rosidl_typesupport_fastrtps_cpp.hpp
[36.875s] -- Symlinking: /home/rizy/planner/3d-navi/3d-navi-ros2_v1/install/traj_utils/include/traj_utils/traj_utils/msg/detail/data_disp__rosidl_typesupport_fastrtps_cpp.hpp
[36.880s] -- Symlinking: /home/rizy/planner/3d-navi/3d-navi-ros2_v1/install/traj_utils/include/traj_utils/traj_utils/msg/detail/multi_bsplines__rosidl_typesupport_fastrtps_cpp.hpp
[36.887s] -- Symlinking: /home/rizy/planner/3d-navi/3d-navi-ros2_v1/install/traj_utils/include/traj_utils/traj_utils/msg/rosidl_typesupport_fastrtps_cpp__visibility_control.h
[36.893s] -- Symlinking: /home/rizy/planner/3d-navi/3d-navi-ros2_v1/install/traj_utils/include/traj_utils/traj_utils/msg/detail/bspline__rosidl_typesupport_introspection_c.h
[36.899s] -- Symlinking: /home/rizy/planner/3d-navi/3d-navi-ros2_v1/install/traj_utils/include/traj_utils/traj_utils/msg/detail/data_disp__rosidl_typesupport_introspection_c.h
[36.906s] -- Symlinking: /home/rizy/planner/3d-navi/3d-navi-ros2_v1/install/traj_utils/include/traj_utils/traj_utils/msg/detail/multi_bsplines__rosidl_typesupport_introspection_c.h
[36.914s] -- Symlinking: /home/rizy/planner/3d-navi/3d-navi-ros2_v1/install/traj_utils/include/traj_utils/traj_utils/msg/rosidl_typesupport_introspection_c__visibility_control.h
[36.921s] -- Symlinking: /home/rizy/planner/3d-navi/3d-navi-ros2_v1/install/traj_utils/include/traj_utils/traj_utils/msg/detail/bspline__rosidl_typesupport_introspection_cpp.hpp
[36.929s] -- Symlinking: /home/rizy/planner/3d-navi/3d-navi-ros2_v1/install/traj_utils/include/traj_utils/traj_utils/msg/detail/data_disp__rosidl_typesupport_introspection_cpp.hpp
[36.941s] -- Symlinking: /home/rizy/planner/3d-navi/3d-navi-ros2_v1/install/traj_utils/include/traj_utils/traj_utils/msg/detail/multi_bsplines__rosidl_typesupport_introspection_cpp.hpp
[36.948s] -- Symlinking: /home/rizy/planner/3d-navi/3d-navi-ros2_v1/install/traj_utils/share/traj_utils/environment/pythonpath.sh
[36.957s] -- Symlinking: /home/rizy/planner/3d-navi/3d-navi-ros2_v1/install/traj_utils/share/traj_utils/environment/pythonpath.dsv
[36.966s] -- Symlinking: /home/rizy/planner/3d-navi/3d-navi-ros2_v1/install/traj_utils/lib/python3.10/site-packages/traj_utils-0.0.0-py3.10.egg-info/PKG-INFO
[36.985s] -- Symlinking: /home/rizy/planner/3d-navi/3d-navi-ros2_v1/install/traj_utils/lib/python3.10/site-packages/traj_utils-0.0.0-py3.10.egg-info/SOURCES.txt
[36.993s] -- Symlinking: /home/rizy/planner/3d-navi/3d-navi-ros2_v1/install/traj_utils/lib/python3.10/site-packages/traj_utils-0.0.0-py3.10.egg-info/dependency_links.txt
[36.999s] -- Symlinking: /home/rizy/planner/3d-navi/3d-navi-ros2_v1/install/traj_utils/lib/python3.10/site-packages/traj_utils-0.0.0-py3.10.egg-info/top_level.txt
[37.006s] -- Symlinking: /home/rizy/planner/3d-navi/3d-navi-ros2_v1/install/traj_utils/lib/python3.10/site-packages/traj_utils/__init__.py
[37.012s] -- Symlinking: /home/rizy/planner/3d-navi/3d-navi-ros2_v1/install/traj_utils/lib/python3.10/site-packages/traj_utils/_traj_utils_s.ep.rosidl_typesupport_c.c
[37.018s] -- Symlinking: /home/rizy/planner/3d-navi/3d-navi-ros2_v1/install/traj_utils/lib/python3.10/site-packages/traj_utils/_traj_utils_s.ep.rosidl_typesupport_fastrtps_c.c
[37.026s] -- Symlinking: /home/rizy/planner/3d-navi/3d-navi-ros2_v1/install/traj_utils/lib/python3.10/site-packages/traj_utils/_traj_utils_s.ep.rosidl_typesupport_introspection_c.c
[37.035s] -- Symlinking: /home/rizy/planner/3d-navi/3d-navi-ros2_v1/install/traj_utils/lib/python3.10/site-packages/traj_utils/libtraj_utils__rosidl_generator_py.so
[37.046s] -- Symlinking: /home/rizy/planner/3d-navi/3d-navi-ros2_v1/install/traj_utils/lib/python3.10/site-packages/traj_utils/msg/__init__.py
[37.056s] -- Symlinking: /home/rizy/planner/3d-navi/3d-navi-ros2_v1/install/traj_utils/lib/python3.10/site-packages/traj_utils/msg/_bspline.py
[37.064s] -- Symlinking: /home/rizy/planner/3d-navi/3d-navi-ros2_v1/install/traj_utils/lib/python3.10/site-packages/traj_utils/msg/_bspline_s.c
[37.073s] -- Symlinking: /home/rizy/planner/3d-navi/3d-navi-ros2_v1/install/traj_utils/lib/python3.10/site-packages/traj_utils/msg/_data_disp.py
[37.080s] -- Symlinking: /home/rizy/planner/3d-navi/3d-navi-ros2_v1/install/traj_utils/lib/python3.10/site-packages/traj_utils/msg/_data_disp_s.c
[37.088s] -- Symlinking: /home/rizy/planner/3d-navi/3d-navi-ros2_v1/install/traj_utils/lib/python3.10/site-packages/traj_utils/msg/_multi_bsplines.py
[37.094s] -- Symlinking: /home/rizy/planner/3d-navi/3d-navi-ros2_v1/install/traj_utils/lib/python3.10/site-packages/traj_utils/msg/_multi_bsplines_s.c
[37.100s] -- Symlinking: /home/rizy/planner/3d-navi/3d-navi-ros2_v1/install/traj_utils/lib/python3.10/site-packages/traj_utils/traj_utils_s__rosidl_typesupport_c.cpython-310-x86_64-linux-gnu.so
[37.106s] -- Symlinking: /home/rizy/planner/3d-navi/3d-navi-ros2_v1/install/traj_utils/lib/python3.10/site-packages/traj_utils/traj_utils_s__rosidl_typesupport_fastrtps_c.cpython-310-x86_64-linux-gnu.so
[37.114s] -- Symlinking: /home/rizy/planner/3d-navi/3d-navi-ros2_v1/install/traj_utils/lib/python3.10/site-packages/traj_utils/traj_utils_s__rosidl_typesupport_introspection_c.cpython-310-x86_64-linux-gnu.so
[37.121s] -- Up-to-date symlink: /home/rizy/planner/3d-navi/3d-navi-ros2_v1/install/traj_utils/lib/python3.10/site-packages/traj_utils/traj_utils_s__rosidl_typesupport_fastrtps_c.cpython-310-x86_64-linux-gnu.so
[37.122s] -- Up-to-date symlink: /home/rizy/planner/3d-navi/3d-navi-ros2_v1/install/traj_utils/lib/python3.10/site-packages/traj_utils/traj_utils_s__rosidl_typesupport_introspection_c.cpython-310-x86_64-linux-gnu.so
[37.122s] -- Up-to-date symlink: /home/rizy/planner/3d-navi/3d-navi-ros2_v1/install/traj_utils/lib/python3.10/site-packages/traj_utils/traj_utils_s__rosidl_typesupport_c.cpython-310-x86_64-linux-gnu.so
[37.122s] -- Symlinking: /home/rizy/planner/3d-navi/3d-navi-ros2_v1/install/traj_utils/share/traj_utils/msg/Bspline.idl
[37.131s] -- Symlinking: /home/rizy/planner/3d-navi/3d-navi-ros2_v1/install/traj_utils/share/traj_utils/msg/DataDisp.idl
[37.141s] -- Symlinking: /home/rizy/planner/3d-navi/3d-navi-ros2_v1/install/traj_utils/share/traj_utils/msg/MultiBsplines.idl
[37.150s] -- Symlinking: /home/rizy/planner/3d-navi/3d-navi-ros2_v1/install/traj_utils/share/traj_utils/msg/Bspline.msg
[37.156s] -- Symlinking: /home/rizy/planner/3d-navi/3d-navi-ros2_v1/install/traj_utils/share/traj_utils/msg/DataDisp.msg
[37.162s] -- Symlinking: /home/rizy/planner/3d-navi/3d-navi-ros2_v1/install/traj_utils/share/traj_utils/msg/MultiBsplines.msg
[37.168s] -- Symlinking: /home/rizy/planner/3d-navi/3d-navi-ros2_v1/install/traj_utils/lib/libtraj_utils_lib.so
[37.174s] -- Symlinking: /home/rizy/planner/3d-navi/3d-navi-ros2_v1/install/traj_utils/include/traj_utils/traj_utils/plan_container.hpp
[37.180s] -- Symlinking: /home/rizy/planner/3d-navi/3d-navi-ros2_v1/install/traj_utils/include/traj_utils/traj_utils/planning_visualization.h
[37.185s] -- Symlinking: /home/rizy/planner/3d-navi/3d-navi-ros2_v1/install/traj_utils/include/traj_utils/traj_utils/polynomial_traj.h
[37.191s] -- Symlinking: /home/rizy/planner/3d-navi/3d-navi-ros2_v1/install/traj_utils/share/ament_index/resource_index/package_run_dependencies/traj_utils
[37.197s] -- Symlinking: /home/rizy/planner/3d-navi/3d-navi-ros2_v1/install/traj_utils/share/ament_index/resource_index/parent_prefix_path/traj_utils
[37.202s] -- Symlinking: /home/rizy/planner/3d-navi/3d-navi-ros2_v1/install/traj_utils/share/traj_utils/environment/ament_prefix_path.sh
[37.208s] -- Symlinking: /home/rizy/planner/3d-navi/3d-navi-ros2_v1/install/traj_utils/share/traj_utils/environment/ament_prefix_path.dsv
[37.216s] -- Symlinking: /home/rizy/planner/3d-navi/3d-navi-ros2_v1/install/traj_utils/share/traj_utils/environment/path.sh
[37.223s] -- Symlinking: /home/rizy/planner/3d-navi/3d-navi-ros2_v1/install/traj_utils/share/traj_utils/environment/path.dsv
[37.229s] -- Symlinking: /home/rizy/planner/3d-navi/3d-navi-ros2_v1/install/traj_utils/share/traj_utils/local_setup.bash
[37.234s] -- Symlinking: /home/rizy/planner/3d-navi/3d-navi-ros2_v1/install/traj_utils/share/traj_utils/local_setup.sh
[37.241s] -- Symlinking: /home/rizy/planner/3d-navi/3d-navi-ros2_v1/install/traj_utils/share/traj_utils/local_setup.zsh
[37.258s] -- Symlinking: /home/rizy/planner/3d-navi/3d-navi-ros2_v1/install/traj_utils/share/traj_utils/local_setup.dsv
[37.264s] -- Symlinking: /home/rizy/planner/3d-navi/3d-navi-ros2_v1/install/traj_utils/share/traj_utils/package.dsv
[37.270s] -- Symlinking: /home/rizy/planner/3d-navi/3d-navi-ros2_v1/install/traj_utils/share/ament_index/resource_index/packages/traj_utils
[37.275s] -- Symlinking: /home/rizy/planner/3d-navi/3d-navi-ros2_v1/install/traj_utils/share/traj_utils/cmake/rosidl_cmake-extras.cmake
[37.280s] -- Symlinking: /home/rizy/planner/3d-navi/3d-navi-ros2_v1/install/traj_utils/share/traj_utils/cmake/ament_cmake_export_dependencies-extras.cmake
[37.286s] -- Symlinking: /home/rizy/planner/3d-navi/3d-navi-ros2_v1/install/traj_utils/share/traj_utils/cmake/ament_cmake_export_include_directories-extras.cmake
[37.294s] -- Symlinking: /home/rizy/planner/3d-navi/3d-navi-ros2_v1/install/traj_utils/share/traj_utils/cmake/ament_cmake_export_libraries-extras.cmake
[37.302s] -- Symlinking: /home/rizy/planner/3d-navi/3d-navi-ros2_v1/install/traj_utils/share/traj_utils/cmake/ament_cmake_export_targets-extras.cmake
[37.309s] -- Symlinking: /home/rizy/planner/3d-navi/3d-navi-ros2_v1/install/traj_utils/share/traj_utils/cmake/rosidl_cmake_export_typesupport_targets-extras.cmake
[37.317s] -- Symlinking: /home/rizy/planner/3d-navi/3d-navi-ros2_v1/install/traj_utils/share/traj_utils/cmake/rosidl_cmake_export_typesupport_libraries-extras.cmake
[37.323s] -- Symlinking: /home/rizy/planner/3d-navi/3d-navi-ros2_v1/install/traj_utils/share/traj_utils/cmake/traj_utilsConfig.cmake
[37.331s] -- Symlinking: /home/rizy/planner/3d-navi/3d-navi-ros2_v1/install/traj_utils/share/traj_utils/cmake/traj_utilsConfig-version.cmake
[37.343s] -- Symlinking: /home/rizy/planner/3d-navi/3d-navi-ros2_v1/install/traj_utils/share/traj_utils/package.xml
[37.350s] -- Installing: /home/rizy/planner/3d-navi/3d-navi-ros2_v1/install/traj_utils/lib/libtraj_utils__rosidl_generator_c.so
[37.350s] -- Set runtime path of "/home/rizy/planner/3d-navi/3d-navi-ros2_v1/install/traj_utils/lib/libtraj_utils__rosidl_generator_c.so" to ""
[37.350s] -- Installing: /home/rizy/planner/3d-navi/3d-navi-ros2_v1/install/traj_utils/lib/libtraj_utils__rosidl_typesupport_fastrtps_c.so
[37.351s] -- Set runtime path of "/home/rizy/planner/3d-navi/3d-navi-ros2_v1/install/traj_utils/lib/libtraj_utils__rosidl_typesupport_fastrtps_c.so" to ""
[37.351s] -- Installing: /home/rizy/planner/3d-navi/3d-navi-ros2_v1/install/traj_utils/lib/libtraj_utils__rosidl_typesupport_fastrtps_cpp.so
[37.351s] -- Set runtime path of "/home/rizy/planner/3d-navi/3d-navi-ros2_v1/install/traj_utils/lib/libtraj_utils__rosidl_typesupport_fastrtps_cpp.so" to ""
[37.352s] -- Installing: /home/rizy/planner/3d-navi/3d-navi-ros2_v1/install/traj_utils/lib/libtraj_utils__rosidl_typesupport_introspection_c.so
[37.352s] -- Set runtime path of "/home/rizy/planner/3d-navi/3d-navi-ros2_v1/install/traj_utils/lib/libtraj_utils__rosidl_typesupport_introspection_c.so" to ""
[37.352s] -- Installing: /home/rizy/planner/3d-navi/3d-navi-ros2_v1/install/traj_utils/lib/libtraj_utils__rosidl_typesupport_c.so
[37.352s] -- Set runtime path of "/home/rizy/planner/3d-navi/3d-navi-ros2_v1/install/traj_utils/lib/libtraj_utils__rosidl_typesupport_c.so" to ""
[37.352s] -- Installing: /home/rizy/planner/3d-navi/3d-navi-ros2_v1/install/traj_utils/lib/libtraj_utils__rosidl_typesupport_introspection_cpp.so
[37.353s] -- Set runtime path of "/home/rizy/planner/3d-navi/3d-navi-ros2_v1/install/traj_utils/lib/libtraj_utils__rosidl_typesupport_introspection_cpp.so" to ""
[37.353s] -- Installing: /home/rizy/planner/3d-navi/3d-navi-ros2_v1/install/traj_utils/lib/libtraj_utils__rosidl_typesupport_cpp.so
[37.353s] -- Set runtime path of "/home/rizy/planner/3d-navi/3d-navi-ros2_v1/install/traj_utils/lib/libtraj_utils__rosidl_typesupport_cpp.so" to ""
[37.376s] Listing '/home/rizy/planner/3d-navi/3d-navi-ros2_v1/install/traj_utils/lib/python3.10/site-packages/traj_utils'...
[37.376s] Compiling '/home/rizy/planner/3d-navi/3d-navi-ros2_v1/install/traj_utils/lib/python3.10/site-packages/traj_utils/__init__.py'...
[37.376s] Listing '/home/rizy/planner/3d-navi/3d-navi-ros2_v1/install/traj_utils/lib/python3.10/site-packages/traj_utils/msg'...
[37.376s] Compiling '/home/rizy/planner/3d-navi/3d-navi-ros2_v1/install/traj_utils/lib/python3.10/site-packages/traj_utils/msg/__init__.py'...
[37.377s] Compiling '/home/rizy/planner/3d-navi/3d-navi-ros2_v1/install/traj_utils/lib/python3.10/site-packages/traj_utils/msg/_bspline.py'...
[37.377s] Compiling '/home/rizy/planner/3d-navi/3d-navi-ros2_v1/install/traj_utils/lib/python3.10/site-packages/traj_utils/msg/_data_disp.py'...
[37.377s] Compiling '/home/rizy/planner/3d-navi/3d-navi-ros2_v1/install/traj_utils/lib/python3.10/site-packages/traj_utils/msg/_multi_bsplines.py'...
[37.380s] -- Installing: /home/rizy/planner/3d-navi/3d-navi-ros2_v1/install/traj_utils/lib/libtraj_utils__rosidl_generator_py.so
[37.381s] -- Set runtime path of "/home/rizy/planner/3d-navi/3d-navi-ros2_v1/install/traj_utils/lib/libtraj_utils__rosidl_generator_py.so" to ""
[37.381s] -- Installing: /home/rizy/planner/3d-navi/3d-navi-ros2_v1/install/traj_utils/share/traj_utils/cmake/export_traj_utils__rosidl_generator_cExport.cmake
[37.381s] -- Installing: /home/rizy/planner/3d-navi/3d-navi-ros2_v1/install/traj_utils/share/traj_utils/cmake/export_traj_utils__rosidl_generator_cExport-release.cmake
[37.381s] -- Installing: /home/rizy/planner/3d-navi/3d-navi-ros2_v1/install/traj_utils/share/traj_utils/cmake/export_traj_utils__rosidl_typesupport_fastrtps_cExport.cmake
[37.381s] -- Installing: /home/rizy/planner/3d-navi/3d-navi-ros2_v1/install/traj_utils/share/traj_utils/cmake/export_traj_utils__rosidl_typesupport_fastrtps_cExport-release.cmake
[37.381s] -- Installing: /home/rizy/planner/3d-navi/3d-navi-ros2_v1/install/traj_utils/share/traj_utils/cmake/export_traj_utils__rosidl_generator_cppExport.cmake
[37.381s] -- Installing: /home/rizy/planner/3d-navi/3d-navi-ros2_v1/install/traj_utils/share/traj_utils/cmake/export_traj_utils__rosidl_typesupport_fastrtps_cppExport.cmake
[37.381s] -- Installing: /home/rizy/planner/3d-navi/3d-navi-ros2_v1/install/traj_utils/share/traj_utils/cmake/export_traj_utils__rosidl_typesupport_fastrtps_cppExport-release.cmake
[37.381s] -- Installing: /home/rizy/planner/3d-navi/3d-navi-ros2_v1/install/traj_utils/share/traj_utils/cmake/traj_utils__rosidl_typesupport_introspection_cExport.cmake
[37.381s] -- Installing: /home/rizy/planner/3d-navi/3d-navi-ros2_v1/install/traj_utils/share/traj_utils/cmake/traj_utils__rosidl_typesupport_introspection_cExport-release.cmake
[37.381s] -- Installing: /home/rizy/planner/3d-navi/3d-navi-ros2_v1/install/traj_utils/share/traj_utils/cmake/traj_utils__rosidl_typesupport_cExport.cmake
[37.382s] -- Installing: /home/rizy/planner/3d-navi/3d-navi-ros2_v1/install/traj_utils/share/traj_utils/cmake/traj_utils__rosidl_typesupport_cExport-release.cmake
[37.382s] -- Installing: /home/rizy/planner/3d-navi/3d-navi-ros2_v1/install/traj_utils/share/traj_utils/cmake/traj_utils__rosidl_typesupport_introspection_cppExport.cmake
[37.382s] -- Installing: /home/rizy/planner/3d-navi/3d-navi-ros2_v1/install/traj_utils/share/traj_utils/cmake/traj_utils__rosidl_typesupport_introspection_cppExport-release.cmake
[37.382s] -- Installing: /home/rizy/planner/3d-navi/3d-navi-ros2_v1/install/traj_utils/share/traj_utils/cmake/traj_utils__rosidl_typesupport_cppExport.cmake
[37.382s] -- Installing: /home/rizy/planner/3d-navi/3d-navi-ros2_v1/install/traj_utils/share/traj_utils/cmake/traj_utils__rosidl_typesupport_cppExport-release.cmake
[37.382s] -- Installing: /home/rizy/planner/3d-navi/3d-navi-ros2_v1/install/traj_utils/share/traj_utils/cmake/export_traj_utils__rosidl_generator_pyExport.cmake
[37.382s] -- Installing: /home/rizy/planner/3d-navi/3d-navi-ros2_v1/install/traj_utils/share/traj_utils/cmake/export_traj_utils__rosidl_generator_pyExport-release.cmake
