[0.040s] Invoking command in '/home/rizy/planner/3d-navi/3d-navi-ros2_v1/build/pose_utils': CMAKE_PREFIX_PATH=/opt/ros/humble CONDA_PROMPT_MODIFIER=(myenv) /usr/bin/cmake --build /home/rizy/planner/3d-navi/3d-navi-ros2_v1/build/pose_utils -- -j32 -l32
[0.080s] [35m[1mConsolidate compiler generated dependencies of target pose_utils[0m
[0.104s] [100%] Built target pose_utils
[0.156s] Invoked command in '/home/rizy/planner/3d-navi/3d-navi-ros2_v1/build/pose_utils' returned '0': CMAKE_PREFIX_PATH=/opt/ros/humble CONDA_PROMPT_MODIFIER=(myenv) /usr/bin/cmake --build /home/rizy/planner/3d-navi/3d-navi-ros2_v1/build/pose_utils -- -j32 -l32
[0.157s] Invoking command in '/home/rizy/planner/3d-navi/3d-navi-ros2_v1/build/pose_utils': CMAKE_PREFIX_PATH=/opt/ros/humble CONDA_PROMPT_MODIFIER=(myenv) /usr/bin/cmake --install /home/rizy/planner/3d-navi/3d-navi-ros2_v1/build/pose_utils
[0.164s] -- Install configuration: ""
[0.165s] -- Execute custom install script
[0.165s] -- Up-to-date symlink: /home/rizy/planner/3d-navi/3d-navi-ros2_v1/install/pose_utils/lib/libpose_utils.so
[0.165s] -- Up-to-date symlink: /home/rizy/planner/3d-navi/3d-navi-ros2_v1/install/pose_utils/include/pose_utils/pose_utils.h
[0.165s] -- Up-to-date symlink: /home/rizy/planner/3d-navi/3d-navi-ros2_v1/install/pose_utils/share/pose_utils/environment/library_path.sh
[0.165s] -- Up-to-date symlink: /home/rizy/planner/3d-navi/3d-navi-ros2_v1/install/pose_utils/share/pose_utils/environment/library_path.dsv
[0.165s] -- Up-to-date symlink: /home/rizy/planner/3d-navi/3d-navi-ros2_v1/install/pose_utils/share/ament_index/resource_index/package_run_dependencies/pose_utils
[0.165s] -- Up-to-date symlink: /home/rizy/planner/3d-navi/3d-navi-ros2_v1/install/pose_utils/share/ament_index/resource_index/parent_prefix_path/pose_utils
[0.165s] -- Up-to-date symlink: /home/rizy/planner/3d-navi/3d-navi-ros2_v1/install/pose_utils/share/pose_utils/environment/ament_prefix_path.sh
[0.165s] -- Up-to-date symlink: /home/rizy/planner/3d-navi/3d-navi-ros2_v1/install/pose_utils/share/pose_utils/environment/ament_prefix_path.dsv
[0.165s] -- Up-to-date symlink: /home/rizy/planner/3d-navi/3d-navi-ros2_v1/install/pose_utils/share/pose_utils/environment/path.sh
[0.165s] -- Up-to-date symlink: /home/rizy/planner/3d-navi/3d-navi-ros2_v1/install/pose_utils/share/pose_utils/environment/path.dsv
[0.165s] -- Up-to-date symlink: /home/rizy/planner/3d-navi/3d-navi-ros2_v1/install/pose_utils/share/pose_utils/local_setup.bash
[0.165s] -- Up-to-date symlink: /home/rizy/planner/3d-navi/3d-navi-ros2_v1/install/pose_utils/share/pose_utils/local_setup.sh
[0.165s] -- Up-to-date symlink: /home/rizy/planner/3d-navi/3d-navi-ros2_v1/install/pose_utils/share/pose_utils/local_setup.zsh
[0.165s] -- Up-to-date symlink: /home/rizy/planner/3d-navi/3d-navi-ros2_v1/install/pose_utils/share/pose_utils/local_setup.dsv
[0.165s] -- Symlinking: /home/rizy/planner/3d-navi/3d-navi-ros2_v1/install/pose_utils/share/pose_utils/package.dsv
[0.176s] -- Up-to-date symlink: /home/rizy/planner/3d-navi/3d-navi-ros2_v1/install/pose_utils/share/ament_index/resource_index/packages/pose_utils
[0.176s] -- Up-to-date symlink: /home/rizy/planner/3d-navi/3d-navi-ros2_v1/install/pose_utils/share/pose_utils/cmake/ament_cmake_export_include_directories-extras.cmake
[0.176s] -- Up-to-date symlink: /home/rizy/planner/3d-navi/3d-navi-ros2_v1/install/pose_utils/share/pose_utils/cmake/ament_cmake_export_libraries-extras.cmake
[0.176s] -- Up-to-date symlink: /home/rizy/planner/3d-navi/3d-navi-ros2_v1/install/pose_utils/share/pose_utils/cmake/pose_utilsConfig.cmake
[0.176s] -- Up-to-date symlink: /home/rizy/planner/3d-navi/3d-navi-ros2_v1/install/pose_utils/share/pose_utils/cmake/pose_utilsConfig-version.cmake
[0.176s] -- Up-to-date symlink: /home/rizy/planner/3d-navi/3d-navi-ros2_v1/install/pose_utils/share/pose_utils/package.xml
[0.180s] Invoked command in '/home/rizy/planner/3d-navi/3d-navi-ros2_v1/build/pose_utils' returned '0': CMAKE_PREFIX_PATH=/opt/ros/humble CONDA_PROMPT_MODIFIER=(myenv) /usr/bin/cmake --install /home/rizy/planner/3d-navi/3d-navi-ros2_v1/build/pose_utils
