[0.030s] Invoking command in '/home/rizy/planner/3d-navi/3d-navi-ros2_v1/build/cmake_utils': CMAKE_PREFIX_PATH=/opt/ros/humble CONDA_PROMPT_MODIFIER=(myenv) /usr/bin/cmake /home/rizy/planner/3d-navi/3d-navi-ros2_v1/src/uav_simulator/Utils/cmake_utils -DAMENT_CMAKE_SYMLINK_INSTALL=1 -DCMAKE_INSTALL_PREFIX=/home/rizy/planner/3d-navi/3d-navi-ros2_v1/install/cmake_utils
[0.091s] -- The C compiler identification is GNU 11.4.0
[0.168s] -- The CXX compiler identification is GNU 11.4.0
[0.175s] -- Detecting C compiler ABI info
[0.273s] -- Detecting C compiler ABI info - done
[0.276s] -- Check for working C compiler: /usr/bin/cc - skipped
[0.276s] -- Detecting C compile features
[0.276s] -- Detecting C compile features - done
[0.279s] -- Detecting CXX compiler ABI info
[0.374s] -- Detecting CXX compiler ABI info - done
[0.383s] -- Check for working CXX compiler: /usr/bin/c++ - skipped
[0.383s] -- Detecting CXX compile features
[0.384s] -- Detecting CXX compile features - done
[0.386s] -- Found ament_cmake: 1.3.12 (/opt/ros/humble/share/ament_cmake/cmake)
[0.709s] -- Found Python3: /home/rizy/anaconda3/envs/myenv/bin/python3 (found version "3.10.19") found components: Interpreter 
[0.791s] -- Override CMake install command with custom implementation using symlinks instead of copying resources
[0.814s] -- Found rclcpp: 16.0.16 (/opt/ros/humble/share/rclcpp/cmake)
[0.850s] -- Found rosidl_generator_c: 3.1.7 (/opt/ros/humble/share/rosidl_generator_c/cmake)
[0.854s] -- Found rosidl_adapter: 3.1.7 (/opt/ros/humble/share/rosidl_adapter/cmake)
[0.864s] -- Found rosidl_generator_cpp: 3.1.7 (/opt/ros/humble/share/rosidl_generator_cpp/cmake)
[0.879s] -- Using all available rosidl_typesupport_c: rosidl_typesupport_fastrtps_c;rosidl_typesupport_introspection_c
[0.902s] -- Using all available rosidl_typesupport_cpp: rosidl_typesupport_fastrtps_cpp;rosidl_typesupport_introspection_cpp
[0.957s] -- Found rmw_implementation_cmake: 6.1.2 (/opt/ros/humble/share/rmw_implementation_cmake/cmake)
[0.957s] -- Found rmw_cyclonedds_cpp: 1.3.4 (/opt/ros/humble/share/rmw_cyclonedds_cpp/cmake)
[0.975s] -- Using RMW implementation 'rmw_cyclonedds_cpp' as default
[0.986s] -- Looking for pthread.h
[1.144s] -- Looking for pthread.h - found
[1.144s] -- Performing Test CMAKE_HAVE_LIBC_PTHREAD
[1.272s] -- Performing Test CMAKE_HAVE_LIBC_PTHREAD - Success
[1.273s] -- Found Threads: TRUE  
[1.324s] -- Found ament_lint_auto: 0.12.14 (/opt/ros/humble/share/ament_lint_auto/cmake)
[1.517s] -- Added test 'lint_cmake' to check CMake code style
[1.517s] -- Added test 'xmllint' to check XML markup files
[1.519s] -- Configuring done
[1.527s] -- Generating done
[1.530s] -- Build files have been written to: /home/rizy/planner/3d-navi/3d-navi-ros2_v1/build/cmake_utils
[1.565s] Invoked command in '/home/rizy/planner/3d-navi/3d-navi-ros2_v1/build/cmake_utils' returned '0': CMAKE_PREFIX_PATH=/opt/ros/humble CONDA_PROMPT_MODIFIER=(myenv) /usr/bin/cmake /home/rizy/planner/3d-navi/3d-navi-ros2_v1/src/uav_simulator/Utils/cmake_utils -DAMENT_CMAKE_SYMLINK_INSTALL=1 -DCMAKE_INSTALL_PREFIX=/home/rizy/planner/3d-navi/3d-navi-ros2_v1/install/cmake_utils
[1.567s] Invoking command in '/home/rizy/planner/3d-navi/3d-navi-ros2_v1/build/cmake_utils': CMAKE_PREFIX_PATH=/opt/ros/humble CONDA_PROMPT_MODIFIER=(myenv) /usr/bin/cmake --build /home/rizy/planner/3d-navi/3d-navi-ros2_v1/build/cmake_utils -- -j32 -l32
[1.645s] Invoked command in '/home/rizy/planner/3d-navi/3d-navi-ros2_v1/build/cmake_utils' returned '0': CMAKE_PREFIX_PATH=/opt/ros/humble CONDA_PROMPT_MODIFIER=(myenv) /usr/bin/cmake --build /home/rizy/planner/3d-navi/3d-navi-ros2_v1/build/cmake_utils -- -j32 -l32
[1.677s] Invoking command in '/home/rizy/planner/3d-navi/3d-navi-ros2_v1/build/cmake_utils': CMAKE_PREFIX_PATH=/opt/ros/humble CONDA_PROMPT_MODIFIER=(myenv) /usr/bin/cmake --install /home/rizy/planner/3d-navi/3d-navi-ros2_v1/build/cmake_utils
[1.692s] -- Install configuration: ""
[1.693s] -- Execute custom install script
[1.693s] -- Symlinking: /home/rizy/planner/3d-navi/3d-navi-ros2_v1/install/cmake_utils/share/ament_index/resource_index/package_run_dependencies/cmake_utils
[1.714s] -- Symlinking: /home/rizy/planner/3d-navi/3d-navi-ros2_v1/install/cmake_utils/share/ament_index/resource_index/parent_prefix_path/cmake_utils
[1.734s] -- Symlinking: /home/rizy/planner/3d-navi/3d-navi-ros2_v1/install/cmake_utils/share/cmake_utils/environment/ament_prefix_path.sh
[1.757s] -- Symlinking: /home/rizy/planner/3d-navi/3d-navi-ros2_v1/install/cmake_utils/share/cmake_utils/environment/ament_prefix_path.dsv
[1.775s] -- Symlinking: /home/rizy/planner/3d-navi/3d-navi-ros2_v1/install/cmake_utils/share/cmake_utils/environment/path.sh
[1.795s] -- Symlinking: /home/rizy/planner/3d-navi/3d-navi-ros2_v1/install/cmake_utils/share/cmake_utils/environment/path.dsv
[1.818s] -- Symlinking: /home/rizy/planner/3d-navi/3d-navi-ros2_v1/install/cmake_utils/share/cmake_utils/local_setup.bash
[1.840s] -- Symlinking: /home/rizy/planner/3d-navi/3d-navi-ros2_v1/install/cmake_utils/share/cmake_utils/local_setup.sh
[1.871s] -- Symlinking: /home/rizy/planner/3d-navi/3d-navi-ros2_v1/install/cmake_utils/share/cmake_utils/local_setup.zsh
[1.881s] -- Symlinking: /home/rizy/planner/3d-navi/3d-navi-ros2_v1/install/cmake_utils/share/cmake_utils/local_setup.dsv
[1.904s] -- Symlinking: /home/rizy/planner/3d-navi/3d-navi-ros2_v1/install/cmake_utils/share/cmake_utils/package.dsv
[1.926s] -- Symlinking: /home/rizy/planner/3d-navi/3d-navi-ros2_v1/install/cmake_utils/share/ament_index/resource_index/packages/cmake_utils
[1.943s] -- Symlinking: /home/rizy/planner/3d-navi/3d-navi-ros2_v1/install/cmake_utils/share/cmake_utils/cmake/cmake_utilsConfig.cmake
[1.963s] -- Symlinking: /home/rizy/planner/3d-navi/3d-navi-ros2_v1/install/cmake_utils/share/cmake_utils/cmake/cmake_utilsConfig-version.cmake
[1.987s] -- Symlinking: /home/rizy/planner/3d-navi/3d-navi-ros2_v1/install/cmake_utils/share/cmake_utils/package.xml
[2.016s] Invoked command in '/home/rizy/planner/3d-navi/3d-navi-ros2_v1/build/cmake_utils' returned '0': CMAKE_PREFIX_PATH=/opt/ros/humble CONDA_PROMPT_MODIFIER=(myenv) /usr/bin/cmake --install /home/rizy/planner/3d-navi/3d-navi-ros2_v1/build/cmake_utils
