-- The CXX compiler identification is GNU 11.4.0
-- Detecting CXX compiler ABI info
-- Detecting CXX compiler ABI info - done
-- Check for working CXX compiler: /usr/bin/c++ - skipped
-- Detecting CXX compile features
-- Detecting CXX compile features - done
-- Found Boost: /usr/lib/x86_64-linux-gnu/cmake/Boost-1.74.0/BoostConfig.cmake (found suitable version "1.74.0", minimum required is "1.65") found components: serialization system filesystem thread program_options date_time timer chrono regex 
-- GTSAM include directory:  /home/rizy/planner/3d-navi/3d-navi-ros2_v1/PCT_planner_re/planner/lib/3rdparty/gtsam-4.1.1/install/lib/cmake/GTSAM/../../../include
-- pybind11 v2.11.0 dev1
-- Found PythonInterp: /home/rizy/anaconda3/envs/myenv/bin/python (found suitable version "3.10.19", minimum required is "3.6") 
-- Found PythonLibs: /home/rizy/anaconda3/envs/myenv/lib/libpython3.10.so
-- Performing Test HAS_FLTO
-- Performing Test HAS_FLTO - Success
-- Configuring done
-- Generating done
-- Build files have been written to: /home/rizy/planner/3d-navi/3d-navi-ros2_v1/build/planning_core
[  4%] [32mBuilding CXX object src/a_star/CMakeFiles/a_star_search.dir/a_star_search.cc.o[0m
[  4%] [32mBuilding CXX object src/common/smoothing/CMakeFiles/common_smoothing.dir/affine_constraint.cc.o[0m
[  6%] [32mBuilding CXX object src/map_manager/CMakeFiles/map_manager.dir/dense_elevation_map.cc.o[0m
[  8%] [32mBuilding CXX object src/common/smoothing/CMakeFiles/common_smoothing.dir/osqp_spline1d_solver.cc.o[0m
[ 10%] [32mBuilding CXX object src/common/smoothing/CMakeFiles/common_smoothing.dir/osqp_spline2d_solver.cc.o[0m
[ 13%] [32mBuilding CXX object src/common/smoothing/CMakeFiles/common_smoothing.dir/polynomialxd.cc.o[0m
[ 17%] [32mBuilding CXX object src/common/smoothing/CMakeFiles/common_smoothing.dir/spline1d_seg.cc.o[0m
[ 17%] [32mBuilding CXX object src/common/smoothing/CMakeFiles/common_smoothing.dir/spline1d_kernel_helper.cc.o[0m
[ 19%] [32mBuilding CXX object src/common/smoothing/CMakeFiles/common_smoothing.dir/spline1d_kernel.cc.o[0m
[ 21%] [32mBuilding CXX object src/common/smoothing/CMakeFiles/common_smoothing.dir/discrete_points_math.cc.o[0m
[ 23%] [32mBuilding CXX object src/common/smoothing/CMakeFiles/common_smoothing.dir/spline2d_kernel.cc.o[0m
[ 34%] [32mBuilding CXX object src/common/smoothing/CMakeFiles/common_smoothing.dir/spline2d_seg.cc.o[0m
[ 34%] [32mBuilding CXX object src/common/smoothing/CMakeFiles/common_smoothing.dir/spline1d.cc.o[0m
[ 34%] [32mBuilding CXX object src/common/smoothing/CMakeFiles/common_smoothing.dir/spline1d_constraint.cc.o[0m
[ 34%] [32mBuilding CXX object src/common/smoothing/CMakeFiles/common_smoothing.dir/spline2d.cc.o[0m
[ 34%] [32mBuilding CXX object src/common/smoothing/CMakeFiles/common_smoothing.dir/spline2d_constraint.cc.o[0m
[ 39%] [32mBuilding CXX object src/common/smoothing/CMakeFiles/common_smoothing.dir/solver/osqp/osqp_interface.cc.o[0m
[ 39%] [32mBuilding CXX object src/common/smoothing/CMakeFiles/common_smoothing.dir/utils/math.cc.o[0m
[ 41%] [32m[1mLinking CXX shared library libmap_manager.so[0m
[ 41%] Built target map_manager
[ 43%] [32mBuilding CXX object src/map_manager/CMakeFiles/py_map_manager.dir/python_interface.cc.o[0m
[ 45%] [32m[1mLinking CXX shared library libcommon_smoothing.so[0m
[ 47%] [32m[1mLinking CXX shared library liba_star_search.so[0m
[ 47%] Built target common_smoothing
[ 58%] [32mBuilding CXX object src/trajectory_optimization/CMakeFiles/gpmp_optimizer.dir/gpmp_optimizer/factors/gp_interpolate_heading_rate_factor.cc.o[0m
[ 58%] [32mBuilding CXX object src/trajectory_optimization/CMakeFiles/gpmp_optimizer.dir/gpmp_optimizer/factors_wnoa/gp_interpolate_obstacle_factor.cc.o[0m
[ 58%] [32mBuilding CXX object src/trajectory_optimization/CMakeFiles/gpmp_optimizer.dir/gpmp_optimizer/factors/gp_heading_rate_factor.cc.o[0m
[ 58%] [32mBuilding CXX object src/trajectory_optimization/CMakeFiles/gpmp_optimizer.dir/gpmp_optimizer/factors_wnoa/gp_obstacle_factor.cc.o[0m
[ 58%] [32mBuilding CXX object src/trajectory_optimization/CMakeFiles/gpmp_optimizer.dir/gpmp_optimizer/interpolator/wnoj_trajectory_interpolator.cc.o[0m
[ 69%] [32mBuilding CXX object src/trajectory_optimization/CMakeFiles/gpmp_optimizer.dir/gpmp_optimizer/interpolator/wnoa_trajectory_interpolator.cc.o[0m
[ 69%] [32mBuilding CXX object src/trajectory_optimization/CMakeFiles/gpmp_optimizer.dir/height_smoother/height_smoother.cc.o[0m
[ 69%] [32mBuilding CXX object src/trajectory_optimization/CMakeFiles/gpmp_optimizer.dir/gpmp_optimizer/factors_origin/gp_prior_factor.cc.o[0m
[ 69%] [32mBuilding CXX object src/trajectory_optimization/CMakeFiles/gpmp_optimizer.dir/gpmp_optimizer/factors/gp_interpolate_obstacle_factor.cc.o[0m
[ 73%] [32mBuilding CXX object src/trajectory_optimization/CMakeFiles/gpmp_optimizer.dir/gpmp_optimizer/factors_wnoa/gp_prior_factor.cc.o[0m
[ 73%] [32mBuilding CXX object src/trajectory_optimization/CMakeFiles/gpmp_optimizer.dir/gpmp_optimizer/gpmp_optimizer_wnoa.cc.o[0m
[ 76%] [32mBuilding CXX object src/trajectory_optimization/CMakeFiles/gpmp_optimizer.dir/gpmp_optimizer/gpmp_optimizer.cc.o[0m
[ 78%] [32mBuilding CXX object src/trajectory_optimization/CMakeFiles/gpmp_optimizer.dir/gpmp_optimizer/factors/gp_obstacle_factor.cc.o[0m
[ 78%] [32mBuilding CXX object src/trajectory_optimization/CMakeFiles/gpmp_optimizer.dir/gpmp_optimizer/factors/gp_prior_factor.cc.o[0m
[ 78%] Built target a_star_search
[ 80%] [32mBuilding CXX object src/a_star/CMakeFiles/a_star.dir/python_interface.cc.o[0m
[ 82%] [32m[1mLinking CXX shared module py_map_manager.cpython-310-x86_64-linux-gnu.so[0m
[ 82%] Built target py_map_manager
[ 84%] [32m[1mLinking CXX shared module a_star.cpython-310-x86_64-linux-gnu.so[0m
[ 84%] Built target a_star
[ 86%] [32m[1mLinking CXX shared library libgpmp_optimizer.so[0m
[ 86%] Built target gpmp_optimizer
[ 89%] [32mBuilding CXX object src/ele_planner/CMakeFiles/ele_planner_lib.dir/offline_ele_planner.cc.o[0m
[ 91%] [32mBuilding CXX object src/trajectory_optimization/CMakeFiles/traj_opt.dir/python_interface.cc.o[0m
[ 93%] [32m[1mLinking CXX shared library libele_planner_lib.so[0m
[ 93%] Built target ele_planner_lib
[ 95%] [32mBuilding CXX object src/ele_planner/CMakeFiles/ele_planner.dir/python_interface.cc.o[0m
[ 97%] [32m[1mLinking CXX shared module ele_planner.cpython-310-x86_64-linux-gnu.so[0m
[100%] [32m[1mLinking CXX shared module traj_opt.cpython-310-x86_64-linux-gnu.so[0m
[100%] Built target traj_opt
[100%] Built target ele_planner
