[0.040s] Invoking command in '/home/rizy/planner/3d-navi/3d-navi-ros2_v1/build/waypoint_generator': CMAKE_PREFIX_PATH=/opt/ros/humble CONDA_PROMPT_MODIFIER=(myenv) /usr/bin/cmake --build /home/rizy/planner/3d-navi/3d-navi-ros2_v1/build/waypoint_generator -- -j32 -l32
[0.094s] [35m[1mConsolidate compiler generated dependencies of target waypoint_generator[0m
[0.131s] [100%] Built target waypoint_generator
[0.149s] Invoked command in '/home/rizy/planner/3d-navi/3d-navi-ros2_v1/build/waypoint_generator' returned '0': CMAKE_PREFIX_PATH=/opt/ros/humble CONDA_PROMPT_MODIFIER=(myenv) /usr/bin/cmake --build /home/rizy/planner/3d-navi/3d-navi-ros2_v1/build/waypoint_generator -- -j32 -l32
[0.151s] Invoking command in '/home/rizy/planner/3d-navi/3d-navi-ros2_v1/build/waypoint_generator': CMAKE_PREFIX_PATH=/opt/ros/humble CONDA_PROMPT_MODIFIER=(myenv) /usr/bin/cmake --install /home/rizy/planner/3d-navi/3d-navi-ros2_v1/build/waypoint_generator
[0.160s] -- Install configuration: ""
[0.161s] -- Execute custom install script
[0.161s] -- Up-to-date symlink: /home/rizy/planner/3d-navi/3d-navi-ros2_v1/install/waypoint_generator/lib/waypoint_generator/waypoint_generator
[0.161s] -- Up-to-date symlink: /home/rizy/planner/3d-navi/3d-navi-ros2_v1/install/waypoint_generator/share/ament_index/resource_index/package_run_dependencies/waypoint_generator
[0.161s] -- Up-to-date symlink: /home/rizy/planner/3d-navi/3d-navi-ros2_v1/install/waypoint_generator/share/ament_index/resource_index/parent_prefix_path/waypoint_generator
[0.161s] -- Up-to-date symlink: /home/rizy/planner/3d-navi/3d-navi-ros2_v1/install/waypoint_generator/share/waypoint_generator/environment/ament_prefix_path.sh
[0.161s] -- Up-to-date symlink: /home/rizy/planner/3d-navi/3d-navi-ros2_v1/install/waypoint_generator/share/waypoint_generator/environment/ament_prefix_path.dsv
[0.161s] -- Up-to-date symlink: /home/rizy/planner/3d-navi/3d-navi-ros2_v1/install/waypoint_generator/share/waypoint_generator/environment/path.sh
[0.161s] -- Up-to-date symlink: /home/rizy/planner/3d-navi/3d-navi-ros2_v1/install/waypoint_generator/share/waypoint_generator/environment/path.dsv
[0.161s] -- Up-to-date symlink: /home/rizy/planner/3d-navi/3d-navi-ros2_v1/install/waypoint_generator/share/waypoint_generator/local_setup.bash
[0.161s] -- Up-to-date symlink: /home/rizy/planner/3d-navi/3d-navi-ros2_v1/install/waypoint_generator/share/waypoint_generator/local_setup.sh
[0.162s] -- Up-to-date symlink: /home/rizy/planner/3d-navi/3d-navi-ros2_v1/install/waypoint_generator/share/waypoint_generator/local_setup.zsh
[0.163s] -- Up-to-date symlink: /home/rizy/planner/3d-navi/3d-navi-ros2_v1/install/waypoint_generator/share/waypoint_generator/local_setup.dsv
[0.163s] -- Symlinking: /home/rizy/planner/3d-navi/3d-navi-ros2_v1/install/waypoint_generator/share/waypoint_generator/package.dsv
[0.180s] -- Up-to-date symlink: /home/rizy/planner/3d-navi/3d-navi-ros2_v1/install/waypoint_generator/share/ament_index/resource_index/packages/waypoint_generator
[0.180s] -- Up-to-date symlink: /home/rizy/planner/3d-navi/3d-navi-ros2_v1/install/waypoint_generator/share/waypoint_generator/cmake/waypoint_generatorConfig.cmake
[0.180s] -- Up-to-date symlink: /home/rizy/planner/3d-navi/3d-navi-ros2_v1/install/waypoint_generator/share/waypoint_generator/cmake/waypoint_generatorConfig-version.cmake
[0.180s] -- Up-to-date symlink: /home/rizy/planner/3d-navi/3d-navi-ros2_v1/install/waypoint_generator/share/waypoint_generator/package.xml
[0.204s] Invoked command in '/home/rizy/planner/3d-navi/3d-navi-ros2_v1/build/waypoint_generator' returned '0': CMAKE_PREFIX_PATH=/opt/ros/humble CONDA_PROMPT_MODIFIER=(myenv) /usr/bin/cmake --install /home/rizy/planner/3d-navi/3d-navi-ros2_v1/build/waypoint_generator
