[0.007s] Invoking command in '/home/rizy/planner/3d-navi/3d-navi-ros2_v1/build/rosmsg_tcp_bridge': AMENT_PREFIX_PATH=/home/rizy/planner/3d-navi/3d-navi-ros2_v1/install/traj_utils:${AMENT_PREFIX_PATH} CMAKE_PREFIX_PATH=/home/rizy/planner/3d-navi/3d-navi-ros2_v1/install/traj_utils:/opt/ros/humble CONDA_PROMPT_MODIFIER=(myenv) LD_LIBRARY_PATH=/home/rizy/planner/3d-navi/3d-navi-ros2_v1/install/traj_utils/lib:${LD_LIBRARY_PATH} PYTHONPATH=/home/rizy/planner/3d-navi/3d-navi-ros2_v1/install/traj_utils/local/lib/python3.10/dist-packages:/home/rizy/planner/3d-navi/3d-navi-ros2_v1/install/traj_utils/lib/python3.10/site-packages:${PYTHONPATH} /usr/bin/cmake /home/rizy/planner/3d-navi/3d-navi-ros2_v1/src/planner/rosmsg_tcp_bridge -DAMENT_CMAKE_SYMLINK_INSTALL=1 -DCMAKE_INSTALL_PREFIX=/home/rizy/planner/3d-navi/3d-navi-ros2_v1/install/rosmsg_tcp_bridge
[0.016s] -- Found ament_cmake: 1.3.12 (/opt/ros/humble/share/ament_cmake/cmake)
[0.100s] -- Override CMake install command with custom implementation using symlinks instead of copying resources
[0.104s] -- Found rclcpp: 16.0.16 (/opt/ros/humble/share/rclcpp/cmake)
[0.122s] -- Found rosidl_generator_c: 3.1.7 (/opt/ros/humble/share/rosidl_generator_c/cmake)
[0.123s] -- Found rosidl_adapter: 3.1.7 (/opt/ros/humble/share/rosidl_adapter/cmake)
[0.126s] -- Found rosidl_generator_cpp: 3.1.7 (/opt/ros/humble/share/rosidl_generator_cpp/cmake)
[0.132s] -- Using all available rosidl_typesupport_c: rosidl_typesupport_fastrtps_c;rosidl_typesupport_introspection_c
[0.138s] -- Using all available rosidl_typesupport_cpp: rosidl_typesupport_fastrtps_cpp;rosidl_typesupport_introspection_cpp
[0.154s] -- Found rmw_implementation_cmake: 6.1.2 (/opt/ros/humble/share/rmw_implementation_cmake/cmake)
[0.154s] -- Found rmw_cyclonedds_cpp: 1.3.4 (/opt/ros/humble/share/rmw_cyclonedds_cpp/cmake)
[0.163s] -- Using RMW implementation 'rmw_cyclonedds_cpp' as default
[0.189s] -- Found geometry_msgs: 4.9.0 (/opt/ros/humble/share/geometry_msgs/cmake)
[0.196s] -- Found nav_msgs: 4.9.0 (/opt/ros/humble/share/nav_msgs/cmake)
[0.204s] -- Found traj_utils: 0.0.0 (/home/rizy/planner/3d-navi/3d-navi-ros2_v1/install/traj_utils/share/traj_utils/cmake)
[0.218s] -- Found ament_lint_auto: 0.12.14 (/opt/ros/humble/share/ament_lint_auto/cmake)
[0.264s] -- Added test 'cppcheck' to perform static code analysis on C / C++ code
[0.264s] -- Configured cppcheck include dirs: /home/rizy/planner/3d-navi/3d-navi-ros2_v1/src/planner/rosmsg_tcp_bridge/include
[0.264s] -- Configured cppcheck exclude dirs and/or files: 
[0.264s] -- Added test 'flake8' to check Python code syntax and style conventions
[0.265s] -- Added test 'lint_cmake' to check CMake code style
[0.265s] -- Added test 'pep257' to check Python code against some of the docstring style conventions in PEP 257
[0.266s] -- Added test 'uncrustify' to check C / C++ code style
[0.266s] -- Configured uncrustify additional arguments: 
[0.268s] -- Added test 'xmllint' to check XML markup files
[0.269s] -- Configuring done
[0.276s] [33mCMake Warning at CMakeLists.txt:44 (add_executable):
[0.276s]   Cannot generate a safe runtime search path for target bridge_node because
[0.276s]   files in some directories may conflict with libraries in implicit
[0.276s]   directories:
[0.276s] 
[0.276s]     runtime library [libpython3.10.so.1.0] in /usr/lib/x86_64-linux-gnu may be hidden by files in:
[0.276s]       /home/rizy/anaconda3/envs/myenv/lib
[0.276s] 
[0.276s]   Some of these libraries may not be found correctly.
[0.276s] 
[0.276s] [0m
[0.277s] -- Generating done
[0.279s] -- Build files have been written to: /home/rizy/planner/3d-navi/3d-navi-ros2_v1/build/rosmsg_tcp_bridge
[0.300s] Invoked command in '/home/rizy/planner/3d-navi/3d-navi-ros2_v1/build/rosmsg_tcp_bridge' returned '0': AMENT_PREFIX_PATH=/home/rizy/planner/3d-navi/3d-navi-ros2_v1/install/traj_utils:${AMENT_PREFIX_PATH} CMAKE_PREFIX_PATH=/home/rizy/planner/3d-navi/3d-navi-ros2_v1/install/traj_utils:/opt/ros/humble CONDA_PROMPT_MODIFIER=(myenv) LD_LIBRARY_PATH=/home/rizy/planner/3d-navi/3d-navi-ros2_v1/install/traj_utils/lib:${LD_LIBRARY_PATH} PYTHONPATH=/home/rizy/planner/3d-navi/3d-navi-ros2_v1/install/traj_utils/local/lib/python3.10/dist-packages:/home/rizy/planner/3d-navi/3d-navi-ros2_v1/install/traj_utils/lib/python3.10/site-packages:${PYTHONPATH} /usr/bin/cmake /home/rizy/planner/3d-navi/3d-navi-ros2_v1/src/planner/rosmsg_tcp_bridge -DAMENT_CMAKE_SYMLINK_INSTALL=1 -DCMAKE_INSTALL_PREFIX=/home/rizy/planner/3d-navi/3d-navi-ros2_v1/install/rosmsg_tcp_bridge
[0.301s] Invoking command in '/home/rizy/planner/3d-navi/3d-navi-ros2_v1/build/rosmsg_tcp_bridge': AMENT_PREFIX_PATH=/home/rizy/planner/3d-navi/3d-navi-ros2_v1/install/traj_utils:${AMENT_PREFIX_PATH} CMAKE_PREFIX_PATH=/home/rizy/planner/3d-navi/3d-navi-ros2_v1/install/traj_utils:/opt/ros/humble CONDA_PROMPT_MODIFIER=(myenv) LD_LIBRARY_PATH=/home/rizy/planner/3d-navi/3d-navi-ros2_v1/install/traj_utils/lib:${LD_LIBRARY_PATH} PYTHONPATH=/home/rizy/planner/3d-navi/3d-navi-ros2_v1/install/traj_utils/local/lib/python3.10/dist-packages:/home/rizy/planner/3d-navi/3d-navi-ros2_v1/install/traj_utils/lib/python3.10/site-packages:${PYTHONPATH} /usr/bin/cmake --build /home/rizy/planner/3d-navi/3d-navi-ros2_v1/build/rosmsg_tcp_bridge -- -j32 -l32
[0.332s] [35m[1mConsolidate compiler generated dependencies of target bridge_node[0m
[0.349s] [100%] Built target bridge_node
[0.357s] Invoked command in '/home/rizy/planner/3d-navi/3d-navi-ros2_v1/build/rosmsg_tcp_bridge' returned '0': AMENT_PREFIX_PATH=/home/rizy/planner/3d-navi/3d-navi-ros2_v1/install/traj_utils:${AMENT_PREFIX_PATH} CMAKE_PREFIX_PATH=/home/rizy/planner/3d-navi/3d-navi-ros2_v1/install/traj_utils:/opt/ros/humble CONDA_PROMPT_MODIFIER=(myenv) LD_LIBRARY_PATH=/home/rizy/planner/3d-navi/3d-navi-ros2_v1/install/traj_utils/lib:${LD_LIBRARY_PATH} PYTHONPATH=/home/rizy/planner/3d-navi/3d-navi-ros2_v1/install/traj_utils/local/lib/python3.10/dist-packages:/home/rizy/planner/3d-navi/3d-navi-ros2_v1/install/traj_utils/lib/python3.10/site-packages:${PYTHONPATH} /usr/bin/cmake --build /home/rizy/planner/3d-navi/3d-navi-ros2_v1/build/rosmsg_tcp_bridge -- -j32 -l32
[0.359s] Invoking command in '/home/rizy/planner/3d-navi/3d-navi-ros2_v1/build/rosmsg_tcp_bridge': AMENT_PREFIX_PATH=/home/rizy/planner/3d-navi/3d-navi-ros2_v1/install/traj_utils:${AMENT_PREFIX_PATH} CMAKE_PREFIX_PATH=/home/rizy/planner/3d-navi/3d-navi-ros2_v1/install/traj_utils:/opt/ros/humble CONDA_PROMPT_MODIFIER=(myenv) LD_LIBRARY_PATH=/home/rizy/planner/3d-navi/3d-navi-ros2_v1/install/traj_utils/lib:${LD_LIBRARY_PATH} PYTHONPATH=/home/rizy/planner/3d-navi/3d-navi-ros2_v1/install/traj_utils/local/lib/python3.10/dist-packages:/home/rizy/planner/3d-navi/3d-navi-ros2_v1/install/traj_utils/lib/python3.10/site-packages:${PYTHONPATH} /usr/bin/cmake --install /home/rizy/planner/3d-navi/3d-navi-ros2_v1/build/rosmsg_tcp_bridge
[0.363s] -- Install configuration: "Release"
[0.364s] -- Execute custom install script
[0.364s] -- Up-to-date symlink: /home/rizy/planner/3d-navi/3d-navi-ros2_v1/install/rosmsg_tcp_bridge/lib/rosmsg_tcp_bridge/bridge_node
[0.364s] -- Up-to-date symlink: /home/rizy/planner/3d-navi/3d-navi-ros2_v1/install/rosmsg_tcp_bridge/share/rosmsg_tcp_bridge/launch/bridge.launch.py
[0.364s] -- Up-to-date symlink: /home/rizy/planner/3d-navi/3d-navi-ros2_v1/install/rosmsg_tcp_bridge/share/ament_index/resource_index/package_run_dependencies/rosmsg_tcp_bridge
[0.364s] -- Up-to-date symlink: /home/rizy/planner/3d-navi/3d-navi-ros2_v1/install/rosmsg_tcp_bridge/share/ament_index/resource_index/parent_prefix_path/rosmsg_tcp_bridge
[0.364s] -- Up-to-date symlink: /home/rizy/planner/3d-navi/3d-navi-ros2_v1/install/rosmsg_tcp_bridge/share/rosmsg_tcp_bridge/environment/ament_prefix_path.sh
[0.365s] -- Up-to-date symlink: /home/rizy/planner/3d-navi/3d-navi-ros2_v1/install/rosmsg_tcp_bridge/share/rosmsg_tcp_bridge/environment/ament_prefix_path.dsv
[0.365s] -- Up-to-date symlink: /home/rizy/planner/3d-navi/3d-navi-ros2_v1/install/rosmsg_tcp_bridge/share/rosmsg_tcp_bridge/environment/path.sh
[0.365s] -- Up-to-date symlink: /home/rizy/planner/3d-navi/3d-navi-ros2_v1/install/rosmsg_tcp_bridge/share/rosmsg_tcp_bridge/environment/path.dsv
[0.365s] -- Up-to-date symlink: /home/rizy/planner/3d-navi/3d-navi-ros2_v1/install/rosmsg_tcp_bridge/share/rosmsg_tcp_bridge/local_setup.bash
[0.365s] -- Up-to-date symlink: /home/rizy/planner/3d-navi/3d-navi-ros2_v1/install/rosmsg_tcp_bridge/share/rosmsg_tcp_bridge/local_setup.sh
[0.365s] -- Up-to-date symlink: /home/rizy/planner/3d-navi/3d-navi-ros2_v1/install/rosmsg_tcp_bridge/share/rosmsg_tcp_bridge/local_setup.zsh
[0.365s] -- Up-to-date symlink: /home/rizy/planner/3d-navi/3d-navi-ros2_v1/install/rosmsg_tcp_bridge/share/rosmsg_tcp_bridge/local_setup.dsv
[0.366s] -- Symlinking: /home/rizy/planner/3d-navi/3d-navi-ros2_v1/install/rosmsg_tcp_bridge/share/rosmsg_tcp_bridge/package.dsv
[0.374s] -- Up-to-date symlink: /home/rizy/planner/3d-navi/3d-navi-ros2_v1/install/rosmsg_tcp_bridge/share/ament_index/resource_index/packages/rosmsg_tcp_bridge
[0.374s] -- Up-to-date symlink: /home/rizy/planner/3d-navi/3d-navi-ros2_v1/install/rosmsg_tcp_bridge/share/rosmsg_tcp_bridge/cmake/rosmsg_tcp_bridgeConfig.cmake
[0.377s] -- Up-to-date symlink: /home/rizy/planner/3d-navi/3d-navi-ros2_v1/install/rosmsg_tcp_bridge/share/rosmsg_tcp_bridge/cmake/rosmsg_tcp_bridgeConfig-version.cmake
[0.377s] -- Up-to-date symlink: /home/rizy/planner/3d-navi/3d-navi-ros2_v1/install/rosmsg_tcp_bridge/share/rosmsg_tcp_bridge/package.xml
[0.377s] Invoked command in '/home/rizy/planner/3d-navi/3d-navi-ros2_v1/build/rosmsg_tcp_bridge' returned '0': AMENT_PREFIX_PATH=/home/rizy/planner/3d-navi/3d-navi-ros2_v1/install/traj_utils:${AMENT_PREFIX_PATH} CMAKE_PREFIX_PATH=/home/rizy/planner/3d-navi/3d-navi-ros2_v1/install/traj_utils:/opt/ros/humble CONDA_PROMPT_MODIFIER=(myenv) LD_LIBRARY_PATH=/home/rizy/planner/3d-navi/3d-navi-ros2_v1/install/traj_utils/lib:${LD_LIBRARY_PATH} PYTHONPATH=/home/rizy/planner/3d-navi/3d-navi-ros2_v1/install/traj_utils/local/lib/python3.10/dist-packages:/home/rizy/planner/3d-navi/3d-navi-ros2_v1/install/traj_utils/lib/python3.10/site-packages:${PYTHONPATH} /usr/bin/cmake --install /home/rizy/planner/3d-navi/3d-navi-ros2_v1/build/rosmsg_tcp_bridge
