[0.034s] Invoking command in '/home/rizy/planner/3d-navi/3d-navi-ros2_v1/build/waypoint_generator': CMAKE_PREFIX_PATH=/opt/ros/humble CONDA_PROMPT_MODIFIER=(myenv) /usr/bin/cmake /home/rizy/planner/3d-navi/3d-navi-ros2_v1/src/uav_simulator/Utils/waypoint_generator -DPython3_EXECUTABLE=/usr/bin/python3 -Dfmt_DIR=/usr/lib/x86_64-linux-gnu/cmake/fmt -DAMENT_CMAKE_SYMLINK_INSTALL=1 -DCMAKE_INSTALL_PREFIX=/home/rizy/planner/3d-navi/3d-navi-ros2_v1/install/waypoint_generator
[0.094s] -- The C compiler identification is GNU 11.4.0
[0.163s] -- The CXX compiler identification is GNU 11.4.0
[0.173s] -- Detecting C compiler ABI info
[0.272s] -- Detecting C compiler ABI info - done
[0.277s] -- Check for working C compiler: /usr/bin/cc - skipped
[0.278s] -- Detecting C compile features
[0.278s] -- Detecting C compile features - done
[0.280s] -- Detecting CXX compiler ABI info
[0.372s] -- Detecting CXX compiler ABI info - done
[0.378s] -- Check for working CXX compiler: /usr/bin/c++ - skipped
[0.378s] -- Detecting CXX compile features
[0.378s] -- Detecting CXX compile features - done
[0.379s] -- Found ament_cmake: 1.3.12 (/opt/ros/humble/share/ament_cmake/cmake)
[0.753s] -- Found Python3: /usr/bin/python3 (found version "3.10.12") found components: Interpreter 
[0.815s] -- Override CMake install command with custom implementation using symlinks instead of copying resources
[0.840s] -- Found rclcpp: 16.0.16 (/opt/ros/humble/share/rclcpp/cmake)
[0.877s] -- Found rosidl_generator_c: 3.1.7 (/opt/ros/humble/share/rosidl_generator_c/cmake)
[0.883s] -- Found rosidl_adapter: 3.1.7 (/opt/ros/humble/share/rosidl_adapter/cmake)
[0.889s] -- Found rosidl_generator_cpp: 3.1.7 (/opt/ros/humble/share/rosidl_generator_cpp/cmake)
[0.901s] -- Using all available rosidl_typesupport_c: rosidl_typesupport_fastrtps_c;rosidl_typesupport_introspection_c
[0.916s] -- Using all available rosidl_typesupport_cpp: rosidl_typesupport_fastrtps_cpp;rosidl_typesupport_introspection_cpp
[0.944s] -- Found rmw_implementation_cmake: 6.1.2 (/opt/ros/humble/share/rmw_implementation_cmake/cmake)
[0.946s] -- Found rmw_cyclonedds_cpp: 1.3.4 (/opt/ros/humble/share/rmw_cyclonedds_cpp/cmake)
[0.957s] -- Using RMW implementation 'rmw_cyclonedds_cpp' as default
[0.967s] -- Looking for pthread.h
[1.064s] -- Looking for pthread.h - found
[1.064s] -- Performing Test CMAKE_HAVE_LIBC_PTHREAD
[1.166s] -- Performing Test CMAKE_HAVE_LIBC_PTHREAD - Success
[1.166s] -- Found Threads: TRUE  
[1.204s] -- Found tf2: 0.25.17 (/opt/ros/humble/share/tf2/cmake)
[1.222s] -- Found tf2_geometry_msgs: 0.25.17 (/opt/ros/humble/share/tf2_geometry_msgs/cmake)
[1.243s] -- Found eigen3_cmake_module: 0.1.1 (/opt/ros/humble/share/eigen3_cmake_module/cmake)
[1.244s] -- Found Eigen3: TRUE (found version "3.4.0") 
[1.244s] -- Ensuring Eigen3 include directory is part of orocos-kdl CMake target
[1.312s] -- Found nav_msgs: 4.9.0 (/opt/ros/humble/share/nav_msgs/cmake)
[1.326s] -- Found ament_lint_auto: 0.12.14 (/opt/ros/humble/share/ament_lint_auto/cmake)
[1.408s] -- Added test 'cppcheck' to perform static code analysis on C / C++ code
[1.408s] -- Configured cppcheck include dirs: /home/rizy/planner/3d-navi/3d-navi-ros2_v1/src/uav_simulator/Utils/waypoint_generator/include
[1.408s] -- Configured cppcheck exclude dirs and/or files: 
[1.411s] -- Added test 'lint_cmake' to check CMake code style
[1.411s] -- Added test 'uncrustify' to check C / C++ code style
[1.411s] -- Configured uncrustify additional arguments: 
[1.411s] -- Added test 'xmllint' to check XML markup files
[1.411s] -- Configuring done
[1.433s] -- Generating done
[1.434s] -- Build files have been written to: /home/rizy/planner/3d-navi/3d-navi-ros2_v1/build/waypoint_generator
[1.450s] Invoked command in '/home/rizy/planner/3d-navi/3d-navi-ros2_v1/build/waypoint_generator' returned '0': CMAKE_PREFIX_PATH=/opt/ros/humble CONDA_PROMPT_MODIFIER=(myenv) /usr/bin/cmake /home/rizy/planner/3d-navi/3d-navi-ros2_v1/src/uav_simulator/Utils/waypoint_generator -DPython3_EXECUTABLE=/usr/bin/python3 -Dfmt_DIR=/usr/lib/x86_64-linux-gnu/cmake/fmt -DAMENT_CMAKE_SYMLINK_INSTALL=1 -DCMAKE_INSTALL_PREFIX=/home/rizy/planner/3d-navi/3d-navi-ros2_v1/install/waypoint_generator
[1.453s] Invoking command in '/home/rizy/planner/3d-navi/3d-navi-ros2_v1/build/waypoint_generator': CMAKE_PREFIX_PATH=/opt/ros/humble CONDA_PROMPT_MODIFIER=(myenv) /usr/bin/cmake --build /home/rizy/planner/3d-navi/3d-navi-ros2_v1/build/waypoint_generator -- -j32 -l32
[1.520s] Consolidate compiler generated dependencies of target waypoint_generator
[1.542s] [ 50%] Linking CXX executable waypoint_generator
[1.753s] [100%] Built target waypoint_generator
[1.767s] Invoked command in '/home/rizy/planner/3d-navi/3d-navi-ros2_v1/build/waypoint_generator' returned '0': CMAKE_PREFIX_PATH=/opt/ros/humble CONDA_PROMPT_MODIFIER=(myenv) /usr/bin/cmake --build /home/rizy/planner/3d-navi/3d-navi-ros2_v1/build/waypoint_generator -- -j32 -l32
[1.770s] Invoking command in '/home/rizy/planner/3d-navi/3d-navi-ros2_v1/build/waypoint_generator': CMAKE_PREFIX_PATH=/opt/ros/humble CONDA_PROMPT_MODIFIER=(myenv) /usr/bin/cmake --install /home/rizy/planner/3d-navi/3d-navi-ros2_v1/build/waypoint_generator
[1.780s] -- Install configuration: ""
[1.780s] -- Execute custom install script
[1.780s] -- Up-to-date symlink: /home/rizy/planner/3d-navi/3d-navi-ros2_v1/install/waypoint_generator/lib/waypoint_generator/waypoint_generator
[1.780s] -- Up-to-date symlink: /home/rizy/planner/3d-navi/3d-navi-ros2_v1/install/waypoint_generator/share/ament_index/resource_index/package_run_dependencies/waypoint_generator
[1.781s] -- Up-to-date symlink: /home/rizy/planner/3d-navi/3d-navi-ros2_v1/install/waypoint_generator/share/ament_index/resource_index/parent_prefix_path/waypoint_generator
[1.781s] -- Up-to-date symlink: /home/rizy/planner/3d-navi/3d-navi-ros2_v1/install/waypoint_generator/share/waypoint_generator/environment/ament_prefix_path.sh
[1.781s] -- Up-to-date symlink: /home/rizy/planner/3d-navi/3d-navi-ros2_v1/install/waypoint_generator/share/waypoint_generator/environment/ament_prefix_path.dsv
[1.781s] -- Up-to-date symlink: /home/rizy/planner/3d-navi/3d-navi-ros2_v1/install/waypoint_generator/share/waypoint_generator/environment/path.sh
[1.782s] -- Up-to-date symlink: /home/rizy/planner/3d-navi/3d-navi-ros2_v1/install/waypoint_generator/share/waypoint_generator/environment/path.dsv
[1.782s] -- Up-to-date symlink: /home/rizy/planner/3d-navi/3d-navi-ros2_v1/install/waypoint_generator/share/waypoint_generator/local_setup.bash
[1.782s] -- Up-to-date symlink: /home/rizy/planner/3d-navi/3d-navi-ros2_v1/install/waypoint_generator/share/waypoint_generator/local_setup.sh
[1.782s] -- Up-to-date symlink: /home/rizy/planner/3d-navi/3d-navi-ros2_v1/install/waypoint_generator/share/waypoint_generator/local_setup.zsh
[1.782s] -- Up-to-date symlink: /home/rizy/planner/3d-navi/3d-navi-ros2_v1/install/waypoint_generator/share/waypoint_generator/local_setup.dsv
[1.782s] -- Symlinking: /home/rizy/planner/3d-navi/3d-navi-ros2_v1/install/waypoint_generator/share/waypoint_generator/package.dsv
[1.796s] -- Up-to-date symlink: /home/rizy/planner/3d-navi/3d-navi-ros2_v1/install/waypoint_generator/share/ament_index/resource_index/packages/waypoint_generator
[1.797s] -- Up-to-date symlink: /home/rizy/planner/3d-navi/3d-navi-ros2_v1/install/waypoint_generator/share/waypoint_generator/cmake/waypoint_generatorConfig.cmake
[1.797s] -- Up-to-date symlink: /home/rizy/planner/3d-navi/3d-navi-ros2_v1/install/waypoint_generator/share/waypoint_generator/cmake/waypoint_generatorConfig-version.cmake
[1.797s] -- Up-to-date symlink: /home/rizy/planner/3d-navi/3d-navi-ros2_v1/install/waypoint_generator/share/waypoint_generator/package.xml
[1.804s] Invoked command in '/home/rizy/planner/3d-navi/3d-navi-ros2_v1/build/waypoint_generator' returned '0': CMAKE_PREFIX_PATH=/opt/ros/humble CONDA_PROMPT_MODIFIER=(myenv) /usr/bin/cmake --install /home/rizy/planner/3d-navi/3d-navi-ros2_v1/build/waypoint_generator
