[0.035s] Invoking command in '/home/rizy/planner/3d-navi/3d-navi-ros2_v1/build/map_generator': CMAKE_PREFIX_PATH=/opt/ros/humble CONDA_PROMPT_MODIFIER=(myenv) /usr/bin/cmake /home/rizy/planner/3d-navi/3d-navi-ros2_v1/src/uav_simulator/map_generator -DAMENT_CMAKE_SYMLINK_INSTALL=1 -DCMAKE_INSTALL_PREFIX=/home/rizy/planner/3d-navi/3d-navi-ros2_v1/install/map_generator
[0.047s] -- Found ament_cmake: 1.3.12 (/opt/ros/humble/share/ament_cmake/cmake)
[0.149s] -- Override CMake install command with custom implementation using symlinks instead of copying resources
[0.153s] -- Found rclcpp: 16.0.16 (/opt/ros/humble/share/rclcpp/cmake)
[0.171s] -- Found rosidl_generator_c: 3.1.7 (/opt/ros/humble/share/rosidl_generator_c/cmake)
[0.172s] -- Found rosidl_adapter: 3.1.7 (/opt/ros/humble/share/rosidl_adapter/cmake)
[0.175s] -- Found rosidl_generator_cpp: 3.1.7 (/opt/ros/humble/share/rosidl_generator_cpp/cmake)
[0.180s] -- Using all available rosidl_typesupport_c: rosidl_typesupport_fastrtps_c;rosidl_typesupport_introspection_c
[0.187s] -- Using all available rosidl_typesupport_cpp: rosidl_typesupport_fastrtps_cpp;rosidl_typesupport_introspection_cpp
[0.204s] -- Found rmw_implementation_cmake: 6.1.2 (/opt/ros/humble/share/rmw_implementation_cmake/cmake)
[0.205s] -- Found rmw_cyclonedds_cpp: 1.3.4 (/opt/ros/humble/share/rmw_cyclonedds_cpp/cmake)
[0.217s] -- Using RMW implementation 'rmw_cyclonedds_cpp' as default
[0.243s] -- Found rclpy: 3.3.19 (/opt/ros/humble/share/rclpy/cmake)
[0.243s] -- Found geometry_msgs: 4.9.0 (/opt/ros/humble/share/geometry_msgs/cmake)
[0.257s] -- Eigen found (include: /usr/include/eigen3, version: 3.4.0)
[0.286s] -- FLANN found (include: /usr/include, lib: /usr/lib/x86_64-linux-gnu/libflann_cpp.so)
[0.581s] -- OpenNI found (version: 1.5.4.0, include: /usr/include/ni, lib: /usr/lib/libOpenNI.so;libusb::libusb)
[0.585s] -- OpenNI2 found (version: 2.2.0.33, include: /usr/include/openni2, lib: /usr/lib/x86_64-linux-gnu/libOpenNI2.so;libusb::libusb)
[0.585s] [0m** WARNING ** io features related to pcap will be disabled[0m
[0.695s] -- Eigen found (include: /usr/include/eigen3, version: 3.4.0)
[0.700s] -- OpenNI found (version: 1.5.4.0, include: /usr/include/ni, lib: /usr/lib/libOpenNI.so;libusb::libusb)
[0.706s] -- OpenNI2 found (version: 2.2.0.33, include: /usr/include/openni2, lib: /usr/lib/x86_64-linux-gnu/libOpenNI2.so;libusb::libusb)
[0.808s] -- Found Qhull version 8.0.2
[0.932s] -- OpenNI found (version: 1.5.4.0, include: /usr/include/ni, lib: /usr/lib/libOpenNI.so;libusb::libusb)
[1.040s] -- looking for PCL_COMMON
[1.040s] -- looking for PCL_KDTREE
[1.040s] -- looking for PCL_OCTREE
[1.040s] -- looking for PCL_SEARCH
[1.040s] -- looking for PCL_SAMPLE_CONSENSUS
[1.040s] -- looking for PCL_FILTERS
[1.040s] -- looking for PCL_2D
[1.040s] -- looking for PCL_GEOMETRY
[1.040s] -- looking for PCL_IO
[1.040s] -- looking for PCL_FEATURES
[1.041s] -- looking for PCL_ML
[1.041s] -- looking for PCL_SEGMENTATION
[1.041s] -- looking for PCL_VISUALIZATION
[1.041s] -- looking for PCL_SURFACE
[1.041s] -- looking for PCL_REGISTRATION
[1.041s] -- looking for PCL_KEYPOINTS
[1.041s] -- looking for PCL_TRACKING
[1.041s] -- looking for PCL_RECOGNITION
[1.042s] -- looking for PCL_STEREO
[1.042s] -- looking for PCL_APPS
[1.042s] -- looking for PCL_IN_HAND_SCANNER
[1.043s] -- looking for PCL_MODELER
[1.044s] -- looking for PCL_POINT_CLOUD_EDITOR
[1.044s] -- looking for PCL_OUTOFCORE
[1.044s] -- looking for PCL_PEOPLE
[1.048s] -- Found pcl_conversions: 2.4.5 (/opt/ros/humble/share/pcl_conversions/cmake)
[1.082s] -- Found nav_msgs: 4.9.0 (/opt/ros/humble/share/nav_msgs/cmake)
[1.091s] -- Found ament_lint_auto: 0.12.14 (/opt/ros/humble/share/ament_lint_auto/cmake)
[1.145s] -- Added test 'cppcheck' to perform static code analysis on C / C++ code
[1.145s] -- Configured cppcheck include dirs: 
[1.145s] -- Configured cppcheck exclude dirs and/or files: 
[1.145s] -- Added test 'lint_cmake' to check CMake code style
[1.145s] -- Added test 'uncrustify' to check C / C++ code style
[1.145s] -- Configured uncrustify additional arguments: 
[1.146s] -- Added test 'xmllint' to check XML markup files
[1.146s] -- Configuring done
[1.167s] -- Generating done
[1.173s] -- Build files have been written to: /home/rizy/planner/3d-navi/3d-navi-ros2_v1/build/map_generator
[1.186s] Invoked command in '/home/rizy/planner/3d-navi/3d-navi-ros2_v1/build/map_generator' returned '0': CMAKE_PREFIX_PATH=/opt/ros/humble CONDA_PROMPT_MODIFIER=(myenv) /usr/bin/cmake /home/rizy/planner/3d-navi/3d-navi-ros2_v1/src/uav_simulator/map_generator -DAMENT_CMAKE_SYMLINK_INSTALL=1 -DCMAKE_INSTALL_PREFIX=/home/rizy/planner/3d-navi/3d-navi-ros2_v1/install/map_generator
[1.187s] Invoking command in '/home/rizy/planner/3d-navi/3d-navi-ros2_v1/build/map_generator': CMAKE_PREFIX_PATH=/opt/ros/humble CONDA_PROMPT_MODIFIER=(myenv) /usr/bin/cmake --build /home/rizy/planner/3d-navi/3d-navi-ros2_v1/build/map_generator -- -j32 -l32
[1.229s] [35m[1mConsolidate compiler generated dependencies of target random_forest[0m
[1.254s] [100%] Built target random_forest
[1.263s] Invoked command in '/home/rizy/planner/3d-navi/3d-navi-ros2_v1/build/map_generator' returned '0': CMAKE_PREFIX_PATH=/opt/ros/humble CONDA_PROMPT_MODIFIER=(myenv) /usr/bin/cmake --build /home/rizy/planner/3d-navi/3d-navi-ros2_v1/build/map_generator -- -j32 -l32
[1.264s] Invoking command in '/home/rizy/planner/3d-navi/3d-navi-ros2_v1/build/map_generator': CMAKE_PREFIX_PATH=/opt/ros/humble CONDA_PROMPT_MODIFIER=(myenv) /usr/bin/cmake --install /home/rizy/planner/3d-navi/3d-navi-ros2_v1/build/map_generator
[1.269s] -- Install configuration: "Release"
[1.269s] -- Execute custom install script
[1.270s] -- Up-to-date symlink: /home/rizy/planner/3d-navi/3d-navi-ros2_v1/install/map_generator/lib/map_generator/random_forest
[1.270s] -- Up-to-date symlink: /home/rizy/planner/3d-navi/3d-navi-ros2_v1/install/map_generator/share/ament_index/resource_index/package_run_dependencies/map_generator
[1.270s] -- Up-to-date symlink: /home/rizy/planner/3d-navi/3d-navi-ros2_v1/install/map_generator/share/ament_index/resource_index/parent_prefix_path/map_generator
[1.270s] -- Up-to-date symlink: /home/rizy/planner/3d-navi/3d-navi-ros2_v1/install/map_generator/share/map_generator/environment/ament_prefix_path.sh
[1.270s] -- Up-to-date symlink: /home/rizy/planner/3d-navi/3d-navi-ros2_v1/install/map_generator/share/map_generator/environment/ament_prefix_path.dsv
[1.270s] -- Up-to-date symlink: /home/rizy/planner/3d-navi/3d-navi-ros2_v1/install/map_generator/share/map_generator/environment/path.sh
[1.270s] -- Up-to-date symlink: /home/rizy/planner/3d-navi/3d-navi-ros2_v1/install/map_generator/share/map_generator/environment/path.dsv
[1.270s] -- Up-to-date symlink: /home/rizy/planner/3d-navi/3d-navi-ros2_v1/install/map_generator/share/map_generator/local_setup.bash
[1.270s] -- Up-to-date symlink: /home/rizy/planner/3d-navi/3d-navi-ros2_v1/install/map_generator/share/map_generator/local_setup.sh
[1.271s] -- Up-to-date symlink: /home/rizy/planner/3d-navi/3d-navi-ros2_v1/install/map_generator/share/map_generator/local_setup.zsh
[1.271s] -- Up-to-date symlink: /home/rizy/planner/3d-navi/3d-navi-ros2_v1/install/map_generator/share/map_generator/local_setup.dsv
[1.271s] -- Symlinking: /home/rizy/planner/3d-navi/3d-navi-ros2_v1/install/map_generator/share/map_generator/package.dsv
[1.277s] -- Up-to-date symlink: /home/rizy/planner/3d-navi/3d-navi-ros2_v1/install/map_generator/share/ament_index/resource_index/packages/map_generator
[1.277s] -- Up-to-date symlink: /home/rizy/planner/3d-navi/3d-navi-ros2_v1/install/map_generator/share/map_generator/cmake/map_generatorConfig.cmake
[1.277s] -- Up-to-date symlink: /home/rizy/planner/3d-navi/3d-navi-ros2_v1/install/map_generator/share/map_generator/cmake/map_generatorConfig-version.cmake
[1.277s] -- Up-to-date symlink: /home/rizy/planner/3d-navi/3d-navi-ros2_v1/install/map_generator/share/map_generator/package.xml
[1.279s] Invoked command in '/home/rizy/planner/3d-navi/3d-navi-ros2_v1/build/map_generator' returned '0': CMAKE_PREFIX_PATH=/opt/ros/humble CONDA_PROMPT_MODIFIER=(myenv) /usr/bin/cmake --install /home/rizy/planner/3d-navi/3d-navi-ros2_v1/build/map_generator
