[0.013s] Invoking command in '/home/rizy/planner/3d-navi/3d-navi-ros2_v1/build/drone_detect': CMAKE_PREFIX_PATH=/opt/ros/humble CONDA_PROMPT_MODIFIER=(myenv) /usr/bin/cmake /home/rizy/planner/3d-navi/3d-navi-ros2_v1/src/planner/drone_detect -DPython3_EXECUTABLE=/usr/bin/python3 -Dfmt_DIR=/usr/lib/x86_64-linux-gnu/cmake/fmt -DAMENT_CMAKE_SYMLINK_INSTALL=1 -DCMAKE_INSTALL_PREFIX=/home/rizy/planner/3d-navi/3d-navi-ros2_v1/install/drone_detect
[0.077s] -- The C compiler identification is GNU 11.4.0
[0.125s] -- The CXX compiler identification is GNU 11.4.0
[0.129s] -- Detecting C compiler ABI info
[0.206s] -- Detecting C compiler ABI info - done
[0.210s] -- Check for working C compiler: /usr/bin/cc - skipped
[0.210s] -- Detecting C compile features
[0.210s] -- Detecting C compile features - done
[0.212s] -- Detecting CXX compiler ABI info
[0.289s] -- Detecting CXX compiler ABI info - done
[0.294s] -- Check for working CXX compiler: /usr/bin/c++ - skipped
[0.294s] -- Detecting CXX compile features
[0.294s] -- Detecting CXX compile features - done
[0.299s] -- Found ament_cmake: 1.3.12 (/opt/ros/humble/share/ament_cmake/cmake)
[0.610s] -- Found Python3: /usr/bin/python3 (found version "3.10.12") found components: Interpreter 
[0.655s] -- Override CMake install command with custom implementation using symlinks instead of copying resources
[0.684s] -- Found rclcpp: 16.0.16 (/opt/ros/humble/share/rclcpp/cmake)
[0.719s] -- Found rosidl_generator_c: 3.1.7 (/opt/ros/humble/share/rosidl_generator_c/cmake)
[0.723s] -- Found rosidl_adapter: 3.1.7 (/opt/ros/humble/share/rosidl_adapter/cmake)
[0.730s] -- Found rosidl_generator_cpp: 3.1.7 (/opt/ros/humble/share/rosidl_generator_cpp/cmake)
[0.737s] -- Using all available rosidl_typesupport_c: rosidl_typesupport_fastrtps_c;rosidl_typesupport_introspection_c
[0.749s] -- Using all available rosidl_typesupport_cpp: rosidl_typesupport_fastrtps_cpp;rosidl_typesupport_introspection_cpp
[0.779s] -- Found rmw_implementation_cmake: 6.1.2 (/opt/ros/humble/share/rmw_implementation_cmake/cmake)
[0.780s] -- Found rmw_cyclonedds_cpp: 1.3.4 (/opt/ros/humble/share/rmw_cyclonedds_cpp/cmake)
[0.796s] -- Using RMW implementation 'rmw_cyclonedds_cpp' as default
[0.807s] -- Looking for pthread.h
[0.886s] -- Looking for pthread.h - found
[0.887s] -- Performing Test CMAKE_HAVE_LIBC_PTHREAD
[0.976s] -- Performing Test CMAKE_HAVE_LIBC_PTHREAD - Success
[0.976s] -- Found Threads: TRUE  
[1.018s] -- Found sensor_msgs: 4.9.0 (/opt/ros/humble/share/sensor_msgs/cmake)
[1.040s] -- Found nav_msgs: 4.9.0 (/opt/ros/humble/share/nav_msgs/cmake)
[1.050s] -- Found std_srvs: 4.9.0 (/opt/ros/humble/share/std_srvs/cmake)
[1.057s] -- Found cv_bridge: 3.2.1 (/opt/ros/humble/share/cv_bridge/cmake)
[1.074s] -- Found OpenCV: /usr (found version "4.5.4") 
[1.083s] -- Found Boost: /usr/lib/x86_64-linux-gnu/cmake/Boost-1.74.0/BoostConfig.cmake (found version "1.74.0")  
[1.085s] -- Found message_filters: 4.3.11 (/opt/ros/humble/share/message_filters/cmake)
[1.089s] -- Found ament_lint_auto: 0.12.14 (/opt/ros/humble/share/ament_lint_auto/cmake)
[1.174s] -- Added test 'cppcheck' to perform static code analysis on C / C++ code
[1.174s] -- Configured cppcheck include dirs: /home/rizy/planner/3d-navi/3d-navi-ros2_v1/src/planner/drone_detect/include
[1.174s] -- Configured cppcheck exclude dirs and/or files: 
[1.174s] -- Added test 'flake8' to check Python code syntax and style conventions
[1.174s] -- Added test 'lint_cmake' to check CMake code style
[1.175s] -- Added test 'pep257' to check Python code against some of the docstring style conventions in PEP 257
[1.176s] -- Added test 'uncrustify' to check C / C++ code style
[1.176s] -- Configured uncrustify additional arguments: 
[1.177s] -- Added test 'xmllint' to check XML markup files
[1.178s] -- Configuring done
[1.195s] -- Generating done
[1.203s] -- Build files have been written to: /home/rizy/planner/3d-navi/3d-navi-ros2_v1/build/drone_detect
[1.234s] Invoked command in '/home/rizy/planner/3d-navi/3d-navi-ros2_v1/build/drone_detect' returned '0': CMAKE_PREFIX_PATH=/opt/ros/humble CONDA_PROMPT_MODIFIER=(myenv) /usr/bin/cmake /home/rizy/planner/3d-navi/3d-navi-ros2_v1/src/planner/drone_detect -DPython3_EXECUTABLE=/usr/bin/python3 -Dfmt_DIR=/usr/lib/x86_64-linux-gnu/cmake/fmt -DAMENT_CMAKE_SYMLINK_INSTALL=1 -DCMAKE_INSTALL_PREFIX=/home/rizy/planner/3d-navi/3d-navi-ros2_v1/install/drone_detect
[1.237s] Invoking command in '/home/rizy/planner/3d-navi/3d-navi-ros2_v1/build/drone_detect': CMAKE_PREFIX_PATH=/opt/ros/humble CONDA_PROMPT_MODIFIER=(myenv) /usr/bin/cmake --build /home/rizy/planner/3d-navi/3d-navi-ros2_v1/build/drone_detect -- -j32 -l32
[1.283s] Consolidate compiler generated dependencies of target drone_detect
[1.302s] [ 33%] Linking CXX executable drone_detect
[2.210s] [100%] Built target drone_detect
[2.228s] Invoked command in '/home/rizy/planner/3d-navi/3d-navi-ros2_v1/build/drone_detect' returned '0': CMAKE_PREFIX_PATH=/opt/ros/humble CONDA_PROMPT_MODIFIER=(myenv) /usr/bin/cmake --build /home/rizy/planner/3d-navi/3d-navi-ros2_v1/build/drone_detect -- -j32 -l32
[2.239s] Invoking command in '/home/rizy/planner/3d-navi/3d-navi-ros2_v1/build/drone_detect': CMAKE_PREFIX_PATH=/opt/ros/humble CONDA_PROMPT_MODIFIER=(myenv) /usr/bin/cmake --install /home/rizy/planner/3d-navi/3d-navi-ros2_v1/build/drone_detect
[2.244s] -- Install configuration: "Release"
[2.244s] -- Execute custom install script
[2.244s] -- Symlinking: /home/rizy/planner/3d-navi/3d-navi-ros2_v1/install/drone_detect/lib/drone_detect/drone_detect
[2.254s] -- Symlinking: /home/rizy/planner/3d-navi/3d-navi-ros2_v1/install/drone_detect/share/drone_detect/doc/demo.jpg
[2.262s] -- Symlinking: /home/rizy/planner/3d-navi/3d-navi-ros2_v1/install/drone_detect/share/drone_detect/doc/example.jpg
[2.273s] -- Symlinking: /home/rizy/planner/3d-navi/3d-navi-ros2_v1/install/drone_detect/share/drone_detect/launch/drone_detect.launch.py
[2.280s] -- Symlinking: /home/rizy/planner/3d-navi/3d-navi-ros2_v1/install/drone_detect/share/drone_detect/launch/ros_package_template_overlying_params.launch.py
[2.285s] -- Symlinking: /home/rizy/planner/3d-navi/3d-navi-ros2_v1/install/drone_detect/share/drone_detect/config/camera.yaml
[2.292s] -- Symlinking: /home/rizy/planner/3d-navi/3d-navi-ros2_v1/install/drone_detect/share/drone_detect/config/default.yaml
[2.299s] -- Symlinking: /home/rizy/planner/3d-navi/3d-navi-ros2_v1/install/drone_detect/share/ament_index/resource_index/package_run_dependencies/drone_detect
[2.315s] -- Symlinking: /home/rizy/planner/3d-navi/3d-navi-ros2_v1/install/drone_detect/share/ament_index/resource_index/parent_prefix_path/drone_detect
[2.324s] -- Symlinking: /home/rizy/planner/3d-navi/3d-navi-ros2_v1/install/drone_detect/share/drone_detect/environment/ament_prefix_path.sh
[2.330s] -- Symlinking: /home/rizy/planner/3d-navi/3d-navi-ros2_v1/install/drone_detect/share/drone_detect/environment/ament_prefix_path.dsv
[2.336s] -- Symlinking: /home/rizy/planner/3d-navi/3d-navi-ros2_v1/install/drone_detect/share/drone_detect/environment/path.sh
[2.343s] -- Symlinking: /home/rizy/planner/3d-navi/3d-navi-ros2_v1/install/drone_detect/share/drone_detect/environment/path.dsv
[2.350s] -- Symlinking: /home/rizy/planner/3d-navi/3d-navi-ros2_v1/install/drone_detect/share/drone_detect/local_setup.bash
[2.365s] -- Symlinking: /home/rizy/planner/3d-navi/3d-navi-ros2_v1/install/drone_detect/share/drone_detect/local_setup.sh
[2.379s] -- Symlinking: /home/rizy/planner/3d-navi/3d-navi-ros2_v1/install/drone_detect/share/drone_detect/local_setup.zsh
[2.388s] -- Symlinking: /home/rizy/planner/3d-navi/3d-navi-ros2_v1/install/drone_detect/share/drone_detect/local_setup.dsv
[2.395s] -- Symlinking: /home/rizy/planner/3d-navi/3d-navi-ros2_v1/install/drone_detect/share/drone_detect/package.dsv
[2.403s] -- Symlinking: /home/rizy/planner/3d-navi/3d-navi-ros2_v1/install/drone_detect/share/ament_index/resource_index/packages/drone_detect
[2.413s] -- Symlinking: /home/rizy/planner/3d-navi/3d-navi-ros2_v1/install/drone_detect/share/drone_detect/cmake/drone_detectConfig.cmake
[2.420s] -- Symlinking: /home/rizy/planner/3d-navi/3d-navi-ros2_v1/install/drone_detect/share/drone_detect/cmake/drone_detectConfig-version.cmake
[2.428s] -- Symlinking: /home/rizy/planner/3d-navi/3d-navi-ros2_v1/install/drone_detect/share/drone_detect/package.xml
[2.435s] -- Installing: /home/rizy/planner/3d-navi/3d-navi-ros2_v1/install/drone_detect/include/drone_detect
[2.435s] -- Installing: /home/rizy/planner/3d-navi/3d-navi-ros2_v1/install/drone_detect/include/drone_detect/drone_detector.h
[2.438s] Invoked command in '/home/rizy/planner/3d-navi/3d-navi-ros2_v1/build/drone_detect' returned '0': CMAKE_PREFIX_PATH=/opt/ros/humble CONDA_PROMPT_MODIFIER=(myenv) /usr/bin/cmake --install /home/rizy/planner/3d-navi/3d-navi-ros2_v1/build/drone_detect
