[0.018s] Invoking command in '/home/rizy/planner/3d-navi/3d-navi-ros2_v1/build/path_searching': AMENT_PREFIX_PATH=/home/rizy/planner/3d-navi/3d-navi-ros2_v1/install/plan_env:${AMENT_PREFIX_PATH} CMAKE_PREFIX_PATH=/home/rizy/planner/3d-navi/3d-navi-ros2_v1/install/plan_env:/opt/ros/humble CONDA_PROMPT_MODIFIER=(myenv) LD_LIBRARY_PATH=/home/rizy/planner/3d-navi/3d-navi-ros2_v1/install/plan_env/lib:${LD_LIBRARY_PATH} /usr/bin/cmake /home/rizy/planner/3d-navi/3d-navi-ros2_v1/src/planner/path_searching -DAMENT_CMAKE_SYMLINK_INSTALL=1 -DCMAKE_INSTALL_PREFIX=/home/rizy/planner/3d-navi/3d-navi-ros2_v1/install/path_searching
[0.084s] -- The C compiler identification is GNU 11.4.0
[0.149s] -- The CXX compiler identification is GNU 11.4.0
[0.155s] -- Detecting C compiler ABI info
[0.216s] -- Detecting C compiler ABI info - done
[0.220s] -- Check for working C compiler: /usr/bin/cc - skipped
[0.220s] -- Detecting C compile features
[0.221s] -- Detecting C compile features - done
[0.223s] -- Detecting CXX compiler ABI info
[0.300s] -- Detecting CXX compiler ABI info - done
[0.304s] -- Check for working CXX compiler: /usr/bin/c++ - skipped
[0.304s] -- Detecting CXX compile features
[0.304s] -- Detecting CXX compile features - done
[0.306s] -- Found ament_cmake: 1.3.12 (/opt/ros/humble/share/ament_cmake/cmake)
[0.586s] -- Found Python3: /home/rizy/anaconda3/envs/myenv/bin/python3 (found version "3.10.19") found components: Interpreter 
[0.622s] -- Override CMake install command with custom implementation using symlinks instead of copying resources
[0.643s] -- Found rclcpp: 16.0.16 (/opt/ros/humble/share/rclcpp/cmake)
[0.676s] -- Found rosidl_generator_c: 3.1.7 (/opt/ros/humble/share/rosidl_generator_c/cmake)
[0.680s] -- Found rosidl_adapter: 3.1.7 (/opt/ros/humble/share/rosidl_adapter/cmake)
[0.685s] -- Found rosidl_generator_cpp: 3.1.7 (/opt/ros/humble/share/rosidl_generator_cpp/cmake)
[0.692s] -- Using all available rosidl_typesupport_c: rosidl_typesupport_fastrtps_c;rosidl_typesupport_introspection_c
[0.702s] -- Using all available rosidl_typesupport_cpp: rosidl_typesupport_fastrtps_cpp;rosidl_typesupport_introspection_cpp
[0.729s] -- Found rmw_implementation_cmake: 6.1.2 (/opt/ros/humble/share/rmw_implementation_cmake/cmake)
[0.731s] -- Found rmw_cyclonedds_cpp: 1.3.4 (/opt/ros/humble/share/rmw_cyclonedds_cpp/cmake)
[0.742s] -- Using RMW implementation 'rmw_cyclonedds_cpp' as default
[0.750s] -- Looking for pthread.h
[0.808s] -- Looking for pthread.h - found
[0.808s] -- Performing Test CMAKE_HAVE_LIBC_PTHREAD
[0.859s] -- Performing Test CMAKE_HAVE_LIBC_PTHREAD - Success
[0.859s] -- Found Threads: TRUE  
[0.894s] -- Found rclpy: 3.3.19 (/opt/ros/humble/share/rclpy/cmake)
[0.895s] -- Found visualization_msgs: 4.9.0 (/opt/ros/humble/share/visualization_msgs/cmake)
[0.924s] -- Found nav_msgs: 4.9.0 (/opt/ros/humble/share/nav_msgs/cmake)
[0.932s] -- Found plan_env: 0.0.0 (/home/rizy/planner/3d-navi/3d-navi-ros2_v1/install/plan_env/share/plan_env/cmake)
[0.934s] -- Found cv_bridge: 3.2.1 (/opt/ros/humble/share/cv_bridge/cmake)
[0.959s] -- Checking for module 'eigen3'
[0.976s] --   Found eigen3, version 3.4.0
[1.008s] -- Found Eigen: /usr/include/eigen3 (Required is at least version "3.1") 
[1.008s] -- Eigen found (include: /usr/include/eigen3, version: 3.4.0)
[1.025s] -- Found Boost: /usr/lib/x86_64-linux-gnu/cmake/Boost-1.74.0/BoostConfig.cmake (found suitable version "1.74.0", minimum required is "1.65.0") found components: system filesystem date_time iostreams serialization 
[1.038s] -- Checking for module 'flann'
[1.048s] --   Found flann, version 1.9.1
[1.100s] -- Found FLANN: /usr/lib/x86_64-linux-gnu/libflann_cpp.so  
[1.100s] -- FLANN found (include: /usr/include, lib: /usr/lib/x86_64-linux-gnu/libflann_cpp.so)
[1.119s] -- Found GLEW: /usr/lib/x86_64-linux-gnu/libGLEW.so  
[1.122s] -- Found OpenGL: /usr/lib/x86_64-linux-gnu/libOpenGL.so  found components: OpenGL GLX 
[1.222s] -- Found MPI_C: /usr/lib/x86_64-linux-gnu/libmpi.so (found version "3.1") 
[1.222s] -- Found MPI: TRUE (found version "3.1") found components: C 
[1.224s] -- Found JsonCpp: /usr/lib/x86_64-linux-gnu/libjsoncpp.so (found suitable version "1.9.5", minimum required is "0.7.0") 
[1.230s] -- Found ZLIB: /usr/lib/x86_64-linux-gnu/libz.so (found version "1.2.11") 
[1.241s] -- Found PNG: /usr/lib/x86_64-linux-gnu/libpng.so (found version "1.6.37") 
[1.247s] -- Found Eigen3: /usr/include/eigen3 (found version "3.4.0") 
[1.329s] -- Found X11: /usr/include   
[1.329s] -- Looking for XOpenDisplay in /usr/lib/x86_64-linux-gnu/libX11.so;/usr/lib/x86_64-linux-gnu/libXext.so
[1.379s] -- Looking for XOpenDisplay in /usr/lib/x86_64-linux-gnu/libX11.so;/usr/lib/x86_64-linux-gnu/libXext.so - found
[1.380s] -- Looking for gethostbyname
[1.425s] -- Looking for gethostbyname - found
[1.425s] -- Looking for connect
[1.476s] -- Looking for connect - found
[1.476s] -- Looking for remove
[1.520s] -- Looking for remove - found
[1.520s] -- Looking for shmat
[1.568s] -- Looking for shmat - found
[1.568s] -- Looking for IceConnectionNumber in ICE
[1.623s] -- Looking for IceConnectionNumber in ICE - found
[1.695s] -- Found EXPAT: /usr/lib/x86_64-linux-gnu/libexpat.so (found version "2.4.7") 
[1.696s] -- Found double-conversion: /usr/lib/x86_64-linux-gnu/libdouble-conversion.so  
[1.697s] -- Found LZ4: /usr/lib/x86_64-linux-gnu/liblz4.so (found version "1.9.3") 
[1.698s] -- Found LZMA: /usr/lib/x86_64-linux-gnu/liblzma.so (found version "5.2.5") 
[1.707s] -- Found JPEG: /usr/lib/x86_64-linux-gnu/libjpeg.so (found version "80") 
[1.710s] -- Found TIFF: /usr/lib/x86_64-linux-gnu/libtiff.so (found version "4.3.0")  
[1.712s] -- Found Freetype: /usr/lib/x86_64-linux-gnu/libfreetype.so (found version "2.11.1") 
[1.715s] -- Found utf8cpp: /usr/include/utf8cpp  
[1.786s] -- Checking for module 'libusb-1.0'
[1.797s] --   Found libusb-1.0, version 1.0.25
[1.830s] -- Found libusb: /usr/lib/x86_64-linux-gnu/libusb-1.0.so  
[1.830s] -- Found OpenNI: /usr/lib/libOpenNI.so;libusb::libusb (found version "1.5.4.0") 
[1.830s] -- OpenNI found (version: 1.5.4.0, include: /usr/include/ni, lib: /usr/lib/libOpenNI.so;libusb::libusb)
[1.887s] -- Found OpenNI2: /usr/lib/x86_64-linux-gnu/libOpenNI2.so;libusb::libusb (found version "2.2.0.33") 
[1.887s] -- OpenNI2 found (version: 2.2.0.33, include: /usr/include/openni2, lib: /usr/lib/x86_64-linux-gnu/libOpenNI2.so;libusb::libusb)
[1.887s] [0m** WARNING ** io features related to pcap will be disabled[0m
[1.984s] -- Eigen found (include: /usr/include/eigen3, version: 3.4.0)
[1.988s] -- OpenNI found (version: 1.5.4.0, include: /usr/include/ni, lib: /usr/lib/libOpenNI.so;libusb::libusb)
[1.992s] -- OpenNI2 found (version: 2.2.0.33, include: /usr/include/openni2, lib: /usr/lib/x86_64-linux-gnu/libOpenNI2.so;libusb::libusb)
[2.090s] -- Found Qhull version 8.0.2
[2.189s] -- OpenNI found (version: 1.5.4.0, include: /usr/include/ni, lib: /usr/lib/libOpenNI.so;libusb::libusb)
[2.278s] -- looking for PCL_COMMON
[2.279s] -- Found PCL_COMMON: /usr/lib/x86_64-linux-gnu/libpcl_common.so  
[2.279s] -- looking for PCL_KDTREE
[2.279s] -- Found PCL_KDTREE: /usr/lib/x86_64-linux-gnu/libpcl_kdtree.so  
[2.279s] -- looking for PCL_OCTREE
[2.280s] -- Found PCL_OCTREE: /usr/lib/x86_64-linux-gnu/libpcl_octree.so  
[2.280s] -- looking for PCL_SEARCH
[2.280s] -- Found PCL_SEARCH: /usr/lib/x86_64-linux-gnu/libpcl_search.so  
[2.280s] -- looking for PCL_SAMPLE_CONSENSUS
[2.281s] -- Found PCL_SAMPLE_CONSENSUS: /usr/lib/x86_64-linux-gnu/libpcl_sample_consensus.so  
[2.281s] -- looking for PCL_FILTERS
[2.281s] -- Found PCL_FILTERS: /usr/lib/x86_64-linux-gnu/libpcl_filters.so  
[2.281s] -- looking for PCL_2D
[2.281s] -- Found PCL_2D: /usr/include/pcl-1.12  
[2.281s] -- looking for PCL_GEOMETRY
[2.281s] -- Found PCL_GEOMETRY: /usr/include/pcl-1.12  
[2.282s] -- looking for PCL_IO
[2.282s] -- Found PCL_IO: /usr/lib/x86_64-linux-gnu/libpcl_io.so  
[2.282s] -- looking for PCL_FEATURES
[2.282s] -- Found PCL_FEATURES: /usr/lib/x86_64-linux-gnu/libpcl_features.so  
[2.283s] -- looking for PCL_ML
[2.283s] -- Found PCL_ML: /usr/lib/x86_64-linux-gnu/libpcl_ml.so  
[2.283s] -- looking for PCL_SEGMENTATION
[2.283s] -- Found PCL_SEGMENTATION: /usr/lib/x86_64-linux-gnu/libpcl_segmentation.so  
[2.284s] -- looking for PCL_VISUALIZATION
[2.284s] -- Found PCL_VISUALIZATION: /usr/lib/x86_64-linux-gnu/libpcl_visualization.so  
[2.284s] -- looking for PCL_SURFACE
[2.284s] -- Found PCL_SURFACE: /usr/lib/x86_64-linux-gnu/libpcl_surface.so  
[2.285s] -- looking for PCL_REGISTRATION
[2.285s] -- Found PCL_REGISTRATION: /usr/lib/x86_64-linux-gnu/libpcl_registration.so  
[2.285s] -- looking for PCL_KEYPOINTS
[2.285s] -- Found PCL_KEYPOINTS: /usr/lib/x86_64-linux-gnu/libpcl_keypoints.so  
[2.286s] -- looking for PCL_TRACKING
[2.286s] -- Found PCL_TRACKING: /usr/lib/x86_64-linux-gnu/libpcl_tracking.so  
[2.286s] -- looking for PCL_RECOGNITION
[2.287s] -- Found PCL_RECOGNITION: /usr/lib/x86_64-linux-gnu/libpcl_recognition.so  
[2.287s] -- looking for PCL_STEREO
[2.287s] -- Found PCL_STEREO: /usr/lib/x86_64-linux-gnu/libpcl_stereo.so  
[2.287s] -- looking for PCL_APPS
[2.288s] -- Found PCL_APPS: /usr/lib/x86_64-linux-gnu/libpcl_apps.so  
[2.288s] -- looking for PCL_IN_HAND_SCANNER
[2.288s] -- Found PCL_IN_HAND_SCANNER: /usr/include/pcl-1.12  
[2.288s] -- looking for PCL_MODELER
[2.288s] -- Found PCL_MODELER: /usr/include/pcl-1.12  
[2.288s] -- looking for PCL_POINT_CLOUD_EDITOR
[2.288s] -- Found PCL_POINT_CLOUD_EDITOR: /usr/include/pcl-1.12  
[2.288s] -- looking for PCL_OUTOFCORE
[2.289s] -- Found PCL_OUTOFCORE: /usr/lib/x86_64-linux-gnu/libpcl_outofcore.so  
[2.289s] -- looking for PCL_PEOPLE
[2.289s] -- Found PCL_PEOPLE: /usr/lib/x86_64-linux-gnu/libpcl_people.so  
[2.290s] -- Found PCL: pcl_common;pcl_kdtree;pcl_octree;pcl_search;pcl_sample_consensus;pcl_filters;pcl_io;pcl_features;pcl_ml;pcl_segmentation;pcl_visualization;pcl_surface;pcl_registration;pcl_keypoints;pcl_tracking;pcl_recognition;pcl_stereo;pcl_apps;pcl_outofcore;pcl_people;Boost::system;Boost::filesystem;Boost::date_time;Boost::iostreams;Boost::serialization;/usr/lib/libOpenNI.so;libusb::libusb;/usr/lib/x86_64-linux-gnu/libOpenNI2.so;libusb::libusb;VTK::ChartsCore;VTK::CommonColor;VTK::CommonComputationalGeometry;VTK::CommonCore;VTK::CommonDataModel;VTK::CommonExecutionModel;VTK::CommonMath;VTK::CommonMisc;VTK::CommonTransforms;VTK::FiltersCore;VTK::FiltersExtraction;VTK::FiltersGeneral;VTK::FiltersGeometry;VTK::FiltersModeling;VTK::FiltersSources;VTK::ImagingCore;VTK::ImagingSources;VTK::InteractionImage;VTK::InteractionStyle;VTK::InteractionWidgets;VTK::IOCore;VTK::IOGeometry;VTK::IOImage;VTK::IOLegacy;VTK::IOPLY;VTK::RenderingAnnotation;VTK::RenderingCore;VTK::RenderingContext2D;VTK::RenderingLOD;VTK::RenderingFreeType;VTK::ViewsCore;VTK::ViewsContext2D;VTK::RenderingOpenGL2;VTK::GUISupportQt;FLANN::FLANN;QHULL::QHULL  
[2.291s] -- Found pcl_conversions: 2.4.5 (/opt/ros/humble/share/pcl_conversions/cmake)
[2.307s] -- Found ament_lint_auto: 0.12.14 (/opt/ros/humble/share/ament_lint_auto/cmake)
[2.378s] -- Added test 'cppcheck' to perform static code analysis on C / C++ code
[2.378s] -- Configured cppcheck include dirs: /home/rizy/planner/3d-navi/3d-navi-ros2_v1/src/planner/path_searching/include
[2.378s] -- Configured cppcheck exclude dirs and/or files: 
[2.379s] -- Added test 'lint_cmake' to check CMake code style
[2.381s] -- Added test 'uncrustify' to check C / C++ code style
[2.381s] -- Configured uncrustify additional arguments: 
[2.381s] -- Added test 'xmllint' to check XML markup files
[2.383s] -- Configuring done
[2.404s] [33mCMake Warning at CMakeLists.txt:50 (add_library):
[2.404s]   Cannot generate a safe runtime search path for target path_searching
[2.404s]   because files in some directories may conflict with libraries in implicit
[2.404s]   directories:
[2.404s] 
[2.404s]     runtime library [libpng16.so.16] in /usr/lib/x86_64-linux-gnu may be hidden by files in:
[2.404s]       /home/rizy/anaconda3/lib
[2.404s]     runtime library [libz.so.1] in /usr/lib/x86_64-linux-gnu may be hidden by files in:
[2.404s]       /home/rizy/anaconda3/lib
[2.404s]     runtime library [libfreetype.so.6] in /usr/lib/x86_64-linux-gnu may be hidden by files in:
[2.404s]       /home/rizy/anaconda3/lib
[2.404s]     runtime library [libX11.so.6] in /usr/lib/x86_64-linux-gnu may be hidden by files in:
[2.404s]       /home/rizy/anaconda3/lib
[2.404s]     runtime library [libQt5OpenGL.so.5] in /usr/lib/x86_64-linux-gnu may be hidden by files in:
[2.404s]       /home/rizy/anaconda3/lib
[2.404s]     runtime library [libQt5Widgets.so.5] in /usr/lib/x86_64-linux-gnu may be hidden by files in:
[2.404s]       /home/rizy/anaconda3/lib
[2.404s]     runtime library [libQt5Gui.so.5] in /usr/lib/x86_64-linux-gnu may be hidden by files in:
[2.404s]       /home/rizy/anaconda3/lib
[2.404s]     runtime library [libEGL.so.1] in /usr/lib/x86_64-linux-gnu may be hidden by files in:
[2.404s]       /home/rizy/anaconda3/lib
[2.404s]     runtime library [libGL.so.1] in /usr/lib/x86_64-linux-gnu may be hidden by files in:
[2.404s]       /home/rizy/anaconda3/lib
[2.404s]     runtime library [libQt5Core.so.5] in /usr/lib/x86_64-linux-gnu may be hidden by files in:
[2.405s]       /home/rizy/anaconda3/lib
[2.405s]     runtime library [libtbb.so.12] in /usr/lib/x86_64-linux-gnu may be hidden by files in:
[2.405s]       /home/rizy/anaconda3/lib
[2.405s] 
[2.405s]   Some of these libraries may not be found correctly.
[2.405s] 
[2.405s] [0m
[2.405s] [33mCMake Warning at CMakeLists.txt:50 (add_library):
[2.405s]   Cannot generate a safe dependent library path for target path_searching
[2.405s]   because files in some directories may conflict with libraries in implicit
[2.405s]   directories:
[2.405s] 
[2.405s]     runtime library [libEGL.so.1] in /usr/lib/x86_64-linux-gnu may be hidden by files in:
[2.405s]       /home/rizy/anaconda3/lib
[2.405s]     runtime library [libGL.so.1] in /usr/lib/x86_64-linux-gnu may be hidden by files in:
[2.405s]       /home/rizy/anaconda3/lib
[2.405s] 
[2.405s]   Some of these libraries may not be found correctly.
[2.405s] 
[2.405s] [0m
[2.405s] -- Generating done
[2.411s] -- Build files have been written to: /home/rizy/planner/3d-navi/3d-navi-ros2_v1/build/path_searching
