[100%] Built target bspline_opt
-- Install configuration: "Release"
-- Execute custom install script
-- Up-to-date symlink: /home/rizy/planner/3d-navi/3d-navi-ros2_v1/install/bspline_opt/lib/libbspline_opt.a
-- Up-to-date symlink: /home/rizy/planner/3d-navi/3d-navi-ros2_v1/install/bspline_opt/include/bspline_opt/bspline_optimizer.h
-- Up-to-date symlink: /home/rizy/planner/3d-navi/3d-navi-ros2_v1/install/bspline_opt/include/bspline_opt/gradient_descent_optimizer.h
-- Up-to-date symlink: /home/rizy/planner/3d-navi/3d-navi-ros2_v1/install/bspline_opt/include/bspline_opt/lbfgs.hpp
-- Up-to-date symlink: /home/rizy/planner/3d-navi/3d-navi-ros2_v1/install/bspline_opt/include/bspline_opt/uniform_bspline.h
-- Up-to-date symlink: /home/rizy/planner/3d-navi/3d-navi-ros2_v1/install/bspline_opt/share/bspline_opt/environment/library_path.sh
-- Up-to-date symlink: /home/rizy/planner/3d-navi/3d-navi-ros2_v1/install/bspline_opt/share/bspline_opt/environment/library_path.dsv
-- Up-to-date symlink: /home/rizy/planner/3d-navi/3d-navi-ros2_v1/install/bspline_opt/share/ament_index/resource_index/package_run_dependencies/bspline_opt
-- Up-to-date symlink: /home/rizy/planner/3d-navi/3d-navi-ros2_v1/install/bspline_opt/share/ament_index/resource_index/parent_prefix_path/bspline_opt
-- Up-to-date symlink: /home/rizy/planner/3d-navi/3d-navi-ros2_v1/install/bspline_opt/share/bspline_opt/environment/ament_prefix_path.sh
-- Up-to-date symlink: /home/rizy/planner/3d-navi/3d-navi-ros2_v1/install/bspline_opt/share/bspline_opt/environment/ament_prefix_path.dsv
-- Up-to-date symlink: /home/rizy/planner/3d-navi/3d-navi-ros2_v1/install/bspline_opt/share/bspline_opt/environment/path.sh
-- Up-to-date symlink: /home/rizy/planner/3d-navi/3d-navi-ros2_v1/install/bspline_opt/share/bspline_opt/environment/path.dsv
-- Up-to-date symlink: /home/rizy/planner/3d-navi/3d-navi-ros2_v1/install/bspline_opt/share/bspline_opt/local_setup.bash
-- Up-to-date symlink: /home/rizy/planner/3d-navi/3d-navi-ros2_v1/install/bspline_opt/share/bspline_opt/local_setup.sh
-- Up-to-date symlink: /home/rizy/planner/3d-navi/3d-navi-ros2_v1/install/bspline_opt/share/bspline_opt/local_setup.zsh
-- Up-to-date symlink: /home/rizy/planner/3d-navi/3d-navi-ros2_v1/install/bspline_opt/share/bspline_opt/local_setup.dsv
-- Symlinking: /home/rizy/planner/3d-navi/3d-navi-ros2_v1/install/bspline_opt/share/bspline_opt/package.dsv
-- Up-to-date symlink: /home/rizy/planner/3d-navi/3d-navi-ros2_v1/install/bspline_opt/share/ament_index/resource_index/packages/bspline_opt
-- Up-to-date symlink: /home/rizy/planner/3d-navi/3d-navi-ros2_v1/install/bspline_opt/share/bspline_opt/cmake/ament_cmake_export_include_directories-extras.cmake
-- Up-to-date symlink: /home/rizy/planner/3d-navi/3d-navi-ros2_v1/install/bspline_opt/share/bspline_opt/cmake/ament_cmake_export_libraries-extras.cmake
-- Up-to-date symlink: /home/rizy/planner/3d-navi/3d-navi-ros2_v1/install/bspline_opt/share/bspline_opt/cmake/bspline_optConfig.cmake
-- Up-to-date symlink: /home/rizy/planner/3d-navi/3d-navi-ros2_v1/install/bspline_opt/share/bspline_opt/cmake/bspline_optConfig-version.cmake
-- Up-to-date symlink: /home/rizy/planner/3d-navi/3d-navi-ros2_v1/install/bspline_opt/share/bspline_opt/package.xml
