[0.035s] Invoking command in '/home/rizy/planner/3d-navi/3d-navi-ros2_v1/build/bspline_opt': AMENT_PREFIX_PATH=/home/rizy/planner/3d-navi/3d-navi-ros2_v1/install/path_searching:/home/rizy/planner/3d-navi/3d-navi-ros2_v1/install/traj_utils:/home/rizy/planner/3d-navi/3d-navi-ros2_v1/install/plan_env:${AMENT_PREFIX_PATH} CMAKE_PREFIX_PATH=/home/rizy/planner/3d-navi/3d-navi-ros2_v1/install/path_searching:/home/rizy/planner/3d-navi/3d-navi-ros2_v1/install/traj_utils:/home/rizy/planner/3d-navi/3d-navi-ros2_v1/install/plan_env:/opt/ros/humble CONDA_PROMPT_MODIFIER=(myenv) LD_LIBRARY_PATH=/home/rizy/planner/3d-navi/3d-navi-ros2_v1/install/path_searching/lib:/home/rizy/planner/3d-navi/3d-navi-ros2_v1/install/traj_utils/lib:/home/rizy/planner/3d-navi/3d-navi-ros2_v1/install/plan_env/lib:${LD_LIBRARY_PATH} PYTHONPATH=/home/rizy/planner/3d-navi/3d-navi-ros2_v1/install/traj_utils/local/lib/python3.10/dist-packages:/home/rizy/planner/3d-navi/3d-navi-ros2_v1/install/traj_utils/lib/python3.10/site-packages:${PYTHONPATH} /usr/bin/cmake --build /home/rizy/planner/3d-navi/3d-navi-ros2_v1/build/bspline_opt -- -j32 -l32
[0.103s] [100%] Built target bspline_opt
[0.119s] Invoked command in '/home/rizy/planner/3d-navi/3d-navi-ros2_v1/build/bspline_opt' returned '0': AMENT_PREFIX_PATH=/home/rizy/planner/3d-navi/3d-navi-ros2_v1/install/path_searching:/home/rizy/planner/3d-navi/3d-navi-ros2_v1/install/traj_utils:/home/rizy/planner/3d-navi/3d-navi-ros2_v1/install/plan_env:${AMENT_PREFIX_PATH} CMAKE_PREFIX_PATH=/home/rizy/planner/3d-navi/3d-navi-ros2_v1/install/path_searching:/home/rizy/planner/3d-navi/3d-navi-ros2_v1/install/traj_utils:/home/rizy/planner/3d-navi/3d-navi-ros2_v1/install/plan_env:/opt/ros/humble CONDA_PROMPT_MODIFIER=(myenv) LD_LIBRARY_PATH=/home/rizy/planner/3d-navi/3d-navi-ros2_v1/install/path_searching/lib:/home/rizy/planner/3d-navi/3d-navi-ros2_v1/install/traj_utils/lib:/home/rizy/planner/3d-navi/3d-navi-ros2_v1/install/plan_env/lib:${LD_LIBRARY_PATH} PYTHONPATH=/home/rizy/planner/3d-navi/3d-navi-ros2_v1/install/traj_utils/local/lib/python3.10/dist-packages:/home/rizy/planner/3d-navi/3d-navi-ros2_v1/install/traj_utils/lib/python3.10/site-packages:${PYTHONPATH} /usr/bin/cmake --build /home/rizy/planner/3d-navi/3d-navi-ros2_v1/build/bspline_opt -- -j32 -l32
[0.121s] Invoking command in '/home/rizy/planner/3d-navi/3d-navi-ros2_v1/build/bspline_opt': AMENT_PREFIX_PATH=/home/rizy/planner/3d-navi/3d-navi-ros2_v1/install/path_searching:/home/rizy/planner/3d-navi/3d-navi-ros2_v1/install/traj_utils:/home/rizy/planner/3d-navi/3d-navi-ros2_v1/install/plan_env:${AMENT_PREFIX_PATH} CMAKE_PREFIX_PATH=/home/rizy/planner/3d-navi/3d-navi-ros2_v1/install/path_searching:/home/rizy/planner/3d-navi/3d-navi-ros2_v1/install/traj_utils:/home/rizy/planner/3d-navi/3d-navi-ros2_v1/install/plan_env:/opt/ros/humble CONDA_PROMPT_MODIFIER=(myenv) LD_LIBRARY_PATH=/home/rizy/planner/3d-navi/3d-navi-ros2_v1/install/path_searching/lib:/home/rizy/planner/3d-navi/3d-navi-ros2_v1/install/traj_utils/lib:/home/rizy/planner/3d-navi/3d-navi-ros2_v1/install/plan_env/lib:${LD_LIBRARY_PATH} PYTHONPATH=/home/rizy/planner/3d-navi/3d-navi-ros2_v1/install/traj_utils/local/lib/python3.10/dist-packages:/home/rizy/planner/3d-navi/3d-navi-ros2_v1/install/traj_utils/lib/python3.10/site-packages:${PYTHONPATH} /usr/bin/cmake --install /home/rizy/planner/3d-navi/3d-navi-ros2_v1/build/bspline_opt
[0.126s] -- Install configuration: "Release"
[0.127s] -- Execute custom install script
[0.128s] -- Up-to-date symlink: /home/rizy/planner/3d-navi/3d-navi-ros2_v1/install/bspline_opt/lib/libbspline_opt.a
[0.128s] -- Up-to-date symlink: /home/rizy/planner/3d-navi/3d-navi-ros2_v1/install/bspline_opt/include/bspline_opt/bspline_optimizer.h
[0.128s] -- Up-to-date symlink: /home/rizy/planner/3d-navi/3d-navi-ros2_v1/install/bspline_opt/include/bspline_opt/gradient_descent_optimizer.h
[0.128s] -- Up-to-date symlink: /home/rizy/planner/3d-navi/3d-navi-ros2_v1/install/bspline_opt/include/bspline_opt/lbfgs.hpp
[0.128s] -- Up-to-date symlink: /home/rizy/planner/3d-navi/3d-navi-ros2_v1/install/bspline_opt/include/bspline_opt/uniform_bspline.h
[0.129s] -- Up-to-date symlink: /home/rizy/planner/3d-navi/3d-navi-ros2_v1/install/bspline_opt/share/bspline_opt/environment/library_path.sh
[0.129s] -- Up-to-date symlink: /home/rizy/planner/3d-navi/3d-navi-ros2_v1/install/bspline_opt/share/bspline_opt/environment/library_path.dsv
[0.129s] -- Up-to-date symlink: /home/rizy/planner/3d-navi/3d-navi-ros2_v1/install/bspline_opt/share/ament_index/resource_index/package_run_dependencies/bspline_opt
[0.129s] -- Up-to-date symlink: /home/rizy/planner/3d-navi/3d-navi-ros2_v1/install/bspline_opt/share/ament_index/resource_index/parent_prefix_path/bspline_opt
[0.129s] -- Up-to-date symlink: /home/rizy/planner/3d-navi/3d-navi-ros2_v1/install/bspline_opt/share/bspline_opt/environment/ament_prefix_path.sh
[0.129s] -- Up-to-date symlink: /home/rizy/planner/3d-navi/3d-navi-ros2_v1/install/bspline_opt/share/bspline_opt/environment/ament_prefix_path.dsv
[0.129s] -- Up-to-date symlink: /home/rizy/planner/3d-navi/3d-navi-ros2_v1/install/bspline_opt/share/bspline_opt/environment/path.sh
[0.129s] -- Up-to-date symlink: /home/rizy/planner/3d-navi/3d-navi-ros2_v1/install/bspline_opt/share/bspline_opt/environment/path.dsv
[0.129s] -- Up-to-date symlink: /home/rizy/planner/3d-navi/3d-navi-ros2_v1/install/bspline_opt/share/bspline_opt/local_setup.bash
[0.129s] -- Up-to-date symlink: /home/rizy/planner/3d-navi/3d-navi-ros2_v1/install/bspline_opt/share/bspline_opt/local_setup.sh
[0.129s] -- Up-to-date symlink: /home/rizy/planner/3d-navi/3d-navi-ros2_v1/install/bspline_opt/share/bspline_opt/local_setup.zsh
[0.129s] -- Up-to-date symlink: /home/rizy/planner/3d-navi/3d-navi-ros2_v1/install/bspline_opt/share/bspline_opt/local_setup.dsv
[0.129s] -- Symlinking: /home/rizy/planner/3d-navi/3d-navi-ros2_v1/install/bspline_opt/share/bspline_opt/package.dsv
[0.136s] -- Up-to-date symlink: /home/rizy/planner/3d-navi/3d-navi-ros2_v1/install/bspline_opt/share/ament_index/resource_index/packages/bspline_opt
[0.136s] -- Up-to-date symlink: /home/rizy/planner/3d-navi/3d-navi-ros2_v1/install/bspline_opt/share/bspline_opt/cmake/ament_cmake_export_include_directories-extras.cmake
[0.136s] -- Up-to-date symlink: /home/rizy/planner/3d-navi/3d-navi-ros2_v1/install/bspline_opt/share/bspline_opt/cmake/ament_cmake_export_libraries-extras.cmake
[0.136s] -- Up-to-date symlink: /home/rizy/planner/3d-navi/3d-navi-ros2_v1/install/bspline_opt/share/bspline_opt/cmake/bspline_optConfig.cmake
[0.136s] -- Up-to-date symlink: /home/rizy/planner/3d-navi/3d-navi-ros2_v1/install/bspline_opt/share/bspline_opt/cmake/bspline_optConfig-version.cmake
[0.136s] -- Up-to-date symlink: /home/rizy/planner/3d-navi/3d-navi-ros2_v1/install/bspline_opt/share/bspline_opt/package.xml
[0.158s] Invoked command in '/home/rizy/planner/3d-navi/3d-navi-ros2_v1/build/bspline_opt' returned '0': AMENT_PREFIX_PATH=/home/rizy/planner/3d-navi/3d-navi-ros2_v1/install/path_searching:/home/rizy/planner/3d-navi/3d-navi-ros2_v1/install/traj_utils:/home/rizy/planner/3d-navi/3d-navi-ros2_v1/install/plan_env:${AMENT_PREFIX_PATH} CMAKE_PREFIX_PATH=/home/rizy/planner/3d-navi/3d-navi-ros2_v1/install/path_searching:/home/rizy/planner/3d-navi/3d-navi-ros2_v1/install/traj_utils:/home/rizy/planner/3d-navi/3d-navi-ros2_v1/install/plan_env:/opt/ros/humble CONDA_PROMPT_MODIFIER=(myenv) LD_LIBRARY_PATH=/home/rizy/planner/3d-navi/3d-navi-ros2_v1/install/path_searching/lib:/home/rizy/planner/3d-navi/3d-navi-ros2_v1/install/traj_utils/lib:/home/rizy/planner/3d-navi/3d-navi-ros2_v1/install/plan_env/lib:${LD_LIBRARY_PATH} PYTHONPATH=/home/rizy/planner/3d-navi/3d-navi-ros2_v1/install/traj_utils/local/lib/python3.10/dist-packages:/home/rizy/planner/3d-navi/3d-navi-ros2_v1/install/traj_utils/lib/python3.10/site-packages:${PYTHONPATH} /usr/bin/cmake --install /home/rizy/planner/3d-navi/3d-navi-ros2_v1/build/bspline_opt
