-- Found ament_cmake: 1.3.12 (/opt/ros/humble/share/ament_cmake/cmake)
-- Override CMake install command with custom implementation using symlinks instead of copying resources
-- Found rclcpp: 16.0.16 (/opt/ros/humble/share/rclcpp/cmake)
-- Found rosidl_generator_c: 3.1.7 (/opt/ros/humble/share/rosidl_generator_c/cmake)
-- Found rosidl_adapter: 3.1.7 (/opt/ros/humble/share/rosidl_adapter/cmake)
-- Found rosidl_generator_cpp: 3.1.7 (/opt/ros/humble/share/rosidl_generator_cpp/cmake)
-- Using all available rosidl_typesupport_c: rosidl_typesupport_fastrtps_c;rosidl_typesupport_introspection_c
-- Using all available rosidl_typesupport_cpp: rosidl_typesupport_fastrtps_cpp;rosidl_typesupport_introspection_cpp
-- Found rmw_implementation_cmake: 6.1.2 (/opt/ros/humble/share/rmw_implementation_cmake/cmake)
-- Found rmw_cyclonedds_cpp: 1.3.4 (/opt/ros/humble/share/rmw_cyclonedds_cpp/cmake)
-- Using RMW implementation 'rmw_cyclonedds_cpp' as default
-- Found nav_msgs: 4.9.0 (/opt/ros/humble/share/nav_msgs/cmake)
-- Found sensor_msgs: 4.9.0 (/opt/ros/humble/share/sensor_msgs/cmake)
-- Found quadrotor_msgs: 0.0.0 (/home/rizy/planner/3d-navi/3d-navi-ros2_v1/install/quadrotor_msgs/share/quadrotor_msgs/cmake)
-- Found uav_utils: 0.0.0 (/home/rizy/planner/3d-navi/3d-navi-ros2_v1/install/uav_utils/share/uav_utils/cmake)
-- Found ament_lint_auto: 0.12.14 (/opt/ros/humble/share/ament_lint_auto/cmake)
-- Added test 'cppcheck' to perform static code analysis on C / C++ code
-- Configured cppcheck include dirs: /home/rizy/planner/3d-navi/3d-navi-ros2_v1/src/uav_simulator/so3_quadrotor_simulator/include;/home/rizy/planner/3d-navi/3d-navi-ros2_v1/src/uav_simulator/so3_quadrotor_simulator/include/ode
-- Configured cppcheck exclude dirs and/or files: 
-- Added test 'flake8' to check Python code syntax and style conventions
-- Added test 'lint_cmake' to check CMake code style
-- Added test 'pep257' to check Python code against some of the docstring style conventions in PEP 257
-- Added test 'uncrustify' to check C / C++ code style
-- Configured uncrustify additional arguments: 
-- Added test 'xmllint' to check XML markup files
-- Configuring done
[33mCMake Warning at CMakeLists.txt:41 (add_executable):
  Cannot generate a safe runtime search path for target
  so3_quadrotor_simulator because files in some directories may conflict with
  libraries in implicit directories:

    runtime library [libpython3.10.so.1.0] in /usr/lib/x86_64-linux-gnu may be hidden by files in:
      /home/rizy/anaconda3/envs/myenv/lib

  Some of these libraries may not be found correctly.

[0m
-- Generating done
-- Build files have been written to: /home/rizy/planner/3d-navi/3d-navi-ros2_v1/build/so3_quadrotor_simulator
[35m[1mConsolidate compiler generated dependencies of target quadrotor_dynamics[0m
[ 50%] Built target quadrotor_dynamics
[35m[1mConsolidate compiler generated dependencies of target so3_quadrotor_simulator[0m
[100%] Built target so3_quadrotor_simulator
-- Install configuration: ""
-- Execute custom install script
-- Up-to-date symlink: /home/rizy/planner/3d-navi/3d-navi-ros2_v1/install/so3_quadrotor_simulator/lib/so3_quadrotor_simulator/so3_quadrotor_simulator
-- Up-to-date symlink: /home/rizy/planner/3d-navi/3d-navi-ros2_v1/install/so3_quadrotor_simulator/share/so3_quadrotor_simulator/launch/simulator_example.launch.py
-- Up-to-date symlink: /home/rizy/planner/3d-navi/3d-navi-ros2_v1/install/so3_quadrotor_simulator/share/so3_quadrotor_simulator/config/rviz.rviz
-- Up-to-date symlink: /home/rizy/planner/3d-navi/3d-navi-ros2_v1/install/so3_quadrotor_simulator/share/ament_index/resource_index/package_run_dependencies/so3_quadrotor_simulator
-- Up-to-date symlink: /home/rizy/planner/3d-navi/3d-navi-ros2_v1/install/so3_quadrotor_simulator/share/ament_index/resource_index/parent_prefix_path/so3_quadrotor_simulator
-- Up-to-date symlink: /home/rizy/planner/3d-navi/3d-navi-ros2_v1/install/so3_quadrotor_simulator/share/so3_quadrotor_simulator/environment/ament_prefix_path.sh
-- Up-to-date symlink: /home/rizy/planner/3d-navi/3d-navi-ros2_v1/install/so3_quadrotor_simulator/share/so3_quadrotor_simulator/environment/ament_prefix_path.dsv
-- Up-to-date symlink: /home/rizy/planner/3d-navi/3d-navi-ros2_v1/install/so3_quadrotor_simulator/share/so3_quadrotor_simulator/environment/path.sh
-- Up-to-date symlink: /home/rizy/planner/3d-navi/3d-navi-ros2_v1/install/so3_quadrotor_simulator/share/so3_quadrotor_simulator/environment/path.dsv
-- Up-to-date symlink: /home/rizy/planner/3d-navi/3d-navi-ros2_v1/install/so3_quadrotor_simulator/share/so3_quadrotor_simulator/local_setup.bash
-- Up-to-date symlink: /home/rizy/planner/3d-navi/3d-navi-ros2_v1/install/so3_quadrotor_simulator/share/so3_quadrotor_simulator/local_setup.sh
-- Up-to-date symlink: /home/rizy/planner/3d-navi/3d-navi-ros2_v1/install/so3_quadrotor_simulator/share/so3_quadrotor_simulator/local_setup.zsh
-- Up-to-date symlink: /home/rizy/planner/3d-navi/3d-navi-ros2_v1/install/so3_quadrotor_simulator/share/so3_quadrotor_simulator/local_setup.dsv
-- Symlinking: /home/rizy/planner/3d-navi/3d-navi-ros2_v1/install/so3_quadrotor_simulator/share/so3_quadrotor_simulator/package.dsv
-- Up-to-date symlink: /home/rizy/planner/3d-navi/3d-navi-ros2_v1/install/so3_quadrotor_simulator/share/ament_index/resource_index/packages/so3_quadrotor_simulator
-- Up-to-date symlink: /home/rizy/planner/3d-navi/3d-navi-ros2_v1/install/so3_quadrotor_simulator/share/so3_quadrotor_simulator/cmake/so3_quadrotor_simulatorConfig.cmake
-- Up-to-date symlink: /home/rizy/planner/3d-navi/3d-navi-ros2_v1/install/so3_quadrotor_simulator/share/so3_quadrotor_simulator/cmake/so3_quadrotor_simulatorConfig-version.cmake
-- Up-to-date symlink: /home/rizy/planner/3d-navi/3d-navi-ros2_v1/install/so3_quadrotor_simulator/share/so3_quadrotor_simulator/package.xml
