[0.012s] Invoking command in '/home/rizy/planner/3d-navi/3d-navi-ros2_v1/build/path_searching': AMENT_PREFIX_PATH=/home/rizy/planner/3d-navi/3d-navi-ros2_v1/install/plan_env:${AMENT_PREFIX_PATH} CMAKE_PREFIX_PATH=/home/rizy/planner/3d-navi/3d-navi-ros2_v1/install/plan_env:/opt/ros/humble CONDA_PROMPT_MODIFIER=(myenv) LD_LIBRARY_PATH=/home/rizy/planner/3d-navi/3d-navi-ros2_v1/install/plan_env/lib:${LD_LIBRARY_PATH} /usr/bin/cmake /home/rizy/planner/3d-navi/3d-navi-ros2_v1/src/planner/path_searching -DPython3_EXECUTABLE=/usr/bin/python3 -Dfmt_DIR=/usr/lib/x86_64-linux-gnu/cmake/fmt -DAMENT_CMAKE_SYMLINK_INSTALL=1 -DCMAKE_INSTALL_PREFIX=/home/rizy/planner/3d-navi/3d-navi-ros2_v1/install/path_searching
[0.088s] -- The C compiler identification is GNU 11.4.0
[0.164s] -- The CXX compiler identification is GNU 11.4.0
[0.171s] -- Detecting C compiler ABI info
[0.262s] -- Detecting C compiler ABI info - done
[0.265s] -- Check for working C compiler: /usr/bin/cc - skipped
[0.266s] -- Detecting C compile features
[0.266s] -- Detecting C compile features - done
[0.268s] -- Detecting CXX compiler ABI info
[0.363s] -- Detecting CXX compiler ABI info - done
[0.367s] -- Check for working CXX compiler: /usr/bin/c++ - skipped
[0.368s] -- Detecting CXX compile features
[0.369s] -- Detecting CXX compile features - done
[0.372s] -- Found ament_cmake: 1.3.12 (/opt/ros/humble/share/ament_cmake/cmake)
[0.820s] -- Found Python3: /usr/bin/python3 (found version "3.10.12") found components: Interpreter 
[0.896s] -- Override CMake install command with custom implementation using symlinks instead of copying resources
[0.923s] -- Found rclcpp: 16.0.16 (/opt/ros/humble/share/rclcpp/cmake)
[0.966s] -- Found rosidl_generator_c: 3.1.7 (/opt/ros/humble/share/rosidl_generator_c/cmake)
[0.968s] -- Found rosidl_adapter: 3.1.7 (/opt/ros/humble/share/rosidl_adapter/cmake)
[0.976s] -- Found rosidl_generator_cpp: 3.1.7 (/opt/ros/humble/share/rosidl_generator_cpp/cmake)
[0.987s] -- Using all available rosidl_typesupport_c: rosidl_typesupport_fastrtps_c;rosidl_typesupport_introspection_c
[0.997s] -- Using all available rosidl_typesupport_cpp: rosidl_typesupport_fastrtps_cpp;rosidl_typesupport_introspection_cpp
[1.030s] -- Found rmw_implementation_cmake: 6.1.2 (/opt/ros/humble/share/rmw_implementation_cmake/cmake)
[1.032s] -- Found rmw_cyclonedds_cpp: 1.3.4 (/opt/ros/humble/share/rmw_cyclonedds_cpp/cmake)
[1.053s] -- Using RMW implementation 'rmw_cyclonedds_cpp' as default
[1.061s] -- Looking for pthread.h
[1.165s] -- Looking for pthread.h - found
[1.165s] -- Performing Test CMAKE_HAVE_LIBC_PTHREAD
[1.263s] -- Performing Test CMAKE_HAVE_LIBC_PTHREAD - Success
[1.264s] -- Found Threads: TRUE  
[1.302s] -- Found rclpy: 3.3.19 (/opt/ros/humble/share/rclpy/cmake)
[1.337s] -- Found visualization_msgs: 4.9.0 (/opt/ros/humble/share/visualization_msgs/cmake)
[1.341s] -- Found nav_msgs: 4.9.0 (/opt/ros/humble/share/nav_msgs/cmake)
[1.351s] -- Found plan_env: 0.0.0 (/home/rizy/planner/3d-navi/3d-navi-ros2_v1/install/plan_env/share/plan_env/cmake)
[1.353s] -- Found cv_bridge: 3.2.1 (/opt/ros/humble/share/cv_bridge/cmake)
[1.390s] -- Checking for module 'eigen3'
[1.403s] --   Found eigen3, version 3.4.0
[1.465s] -- Found Eigen: /usr/include/eigen3 (Required is at least version "3.1") 
[1.465s] -- Eigen found (include: /usr/include/eigen3, version: 3.4.0)
[1.485s] -- Found Boost: /usr/lib/x86_64-linux-gnu/cmake/Boost-1.74.0/BoostConfig.cmake (found suitable version "1.74.0", minimum required is "1.65.0") found components: system filesystem date_time iostreams serialization 
[1.505s] -- Checking for module 'flann'
[1.528s] --   Found flann, version 1.9.1
[1.583s] -- Found FLANN: /usr/lib/x86_64-linux-gnu/libflann_cpp.so  
[1.583s] -- FLANN found (include: /usr/include, lib: /usr/lib/x86_64-linux-gnu/libflann_cpp.so)
[1.609s] -- Found GLEW: /usr/lib/x86_64-linux-gnu/libGLEW.so  
[1.617s] -- Found OpenGL: /usr/lib/x86_64-linux-gnu/libOpenGL.so  found components: OpenGL GLX 
[1.811s] -- Found MPI_C: /usr/lib/x86_64-linux-gnu/libmpi.so (found version "3.1") 
[1.811s] -- Found MPI: TRUE (found version "3.1") found components: C 
[1.815s] -- Found JsonCpp: /usr/lib/x86_64-linux-gnu/libjsoncpp.so (found suitable version "1.9.5", minimum required is "0.7.0") 
[1.829s] -- Found ZLIB: /usr/lib/x86_64-linux-gnu/libz.so (found version "1.2.11") 
[1.849s] -- Found PNG: /usr/lib/x86_64-linux-gnu/libpng.so (found version "1.6.37") 
[1.858s] -- Found Eigen3: /usr/include/eigen3 (found version "3.4.0") 
[1.956s] -- Found X11: /usr/include   
[1.956s] -- Looking for XOpenDisplay in /usr/lib/x86_64-linux-gnu/libX11.so;/usr/lib/x86_64-linux-gnu/libXext.so
[2.043s] -- Looking for XOpenDisplay in /usr/lib/x86_64-linux-gnu/libX11.so;/usr/lib/x86_64-linux-gnu/libXext.so - found
[2.045s] -- Looking for gethostbyname
[2.144s] -- Looking for gethostbyname - found
[2.144s] -- Looking for connect
[2.230s] -- Looking for connect - found
[2.230s] -- Looking for remove
[2.330s] -- Looking for remove - found
[2.330s] -- Looking for shmat
[2.442s] -- Looking for shmat - found
[2.442s] -- Looking for IceConnectionNumber in ICE
[2.547s] -- Looking for IceConnectionNumber in ICE - found
[2.654s] -- Found EXPAT: /usr/lib/x86_64-linux-gnu/libexpat.so (found version "2.4.7") 
[2.656s] -- Found double-conversion: /usr/lib/x86_64-linux-gnu/libdouble-conversion.so  
[2.659s] -- Found LZ4: /usr/lib/x86_64-linux-gnu/liblz4.so (found version "1.9.3") 
[2.660s] -- Found LZMA: /usr/lib/x86_64-linux-gnu/liblzma.so (found version "5.2.5") 
[2.675s] -- Found JPEG: /usr/lib/x86_64-linux-gnu/libjpeg.so (found version "80") 
[2.683s] -- Found TIFF: /usr/lib/x86_64-linux-gnu/libtiff.so (found version "4.3.0")  
[2.686s] -- Found Freetype: /usr/lib/x86_64-linux-gnu/libfreetype.so (found version "2.11.1") 
[2.690s] -- Found utf8cpp: /usr/include/utf8cpp  
[2.768s] -- Checking for module 'libusb-1.0'
[2.782s] --   Found libusb-1.0, version 1.0.25
[2.819s] -- Found libusb: /usr/lib/x86_64-linux-gnu/libusb-1.0.so  
[2.819s] -- Found OpenNI: /usr/lib/libOpenNI.so;libusb::libusb (found version "1.5.4.0") 
[2.819s] -- OpenNI found (version: 1.5.4.0, include: /usr/include/ni, lib: /usr/lib/libOpenNI.so;libusb::libusb)
[2.881s] -- Found OpenNI2: /usr/lib/x86_64-linux-gnu/libOpenNI2.so;libusb::libusb (found version "2.2.0.33") 
[2.881s] -- OpenNI2 found (version: 2.2.0.33, include: /usr/include/openni2, lib: /usr/lib/x86_64-linux-gnu/libOpenNI2.so;libusb::libusb)
[2.881s] ** WARNING ** io features related to pcap will be disabled
[3.070s] -- Eigen found (include: /usr/include/eigen3, version: 3.4.0)
[3.081s] -- OpenNI found (version: 1.5.4.0, include: /usr/include/ni, lib: /usr/lib/libOpenNI.so;libusb::libusb)
[3.087s] -- OpenNI2 found (version: 2.2.0.33, include: /usr/include/openni2, lib: /usr/lib/x86_64-linux-gnu/libOpenNI2.so;libusb::libusb)
[3.305s] -- Found Qhull version 8.0.2
[3.464s] -- OpenNI found (version: 1.5.4.0, include: /usr/include/ni, lib: /usr/lib/libOpenNI.so;libusb::libusb)
[3.613s] -- looking for PCL_COMMON
[3.619s] -- Found PCL_COMMON: /usr/lib/x86_64-linux-gnu/libpcl_common.so  
[3.619s] -- looking for PCL_KDTREE
[3.620s] -- Found PCL_KDTREE: /usr/lib/x86_64-linux-gnu/libpcl_kdtree.so  
[3.620s] -- looking for PCL_OCTREE
[3.621s] -- Found PCL_OCTREE: /usr/lib/x86_64-linux-gnu/libpcl_octree.so  
[3.621s] -- looking for PCL_SEARCH
[3.622s] -- Found PCL_SEARCH: /usr/lib/x86_64-linux-gnu/libpcl_search.so  
[3.622s] -- looking for PCL_SAMPLE_CONSENSUS
[3.623s] -- Found PCL_SAMPLE_CONSENSUS: /usr/lib/x86_64-linux-gnu/libpcl_sample_consensus.so  
[3.623s] -- looking for PCL_FILTERS
[3.623s] -- Found PCL_FILTERS: /usr/lib/x86_64-linux-gnu/libpcl_filters.so  
[3.623s] -- looking for PCL_2D
[3.623s] -- Found PCL_2D: /usr/include/pcl-1.12  
[3.623s] -- looking for PCL_GEOMETRY
[3.624s] -- Found PCL_GEOMETRY: /usr/include/pcl-1.12  
[3.624s] -- looking for PCL_IO
[3.624s] -- Found PCL_IO: /usr/lib/x86_64-linux-gnu/libpcl_io.so  
[3.624s] -- looking for PCL_FEATURES
[3.625s] -- Found PCL_FEATURES: /usr/lib/x86_64-linux-gnu/libpcl_features.so  
[3.625s] -- looking for PCL_ML
[3.625s] -- Found PCL_ML: /usr/lib/x86_64-linux-gnu/libpcl_ml.so  
[3.625s] -- looking for PCL_SEGMENTATION
[3.626s] -- Found PCL_SEGMENTATION: /usr/lib/x86_64-linux-gnu/libpcl_segmentation.so  
[3.626s] -- looking for PCL_VISUALIZATION
[3.626s] -- Found PCL_VISUALIZATION: /usr/lib/x86_64-linux-gnu/libpcl_visualization.so  
[3.627s] -- looking for PCL_SURFACE
[3.627s] -- Found PCL_SURFACE: /usr/lib/x86_64-linux-gnu/libpcl_surface.so  
[3.627s] -- looking for PCL_REGISTRATION
[3.628s] -- Found PCL_REGISTRATION: /usr/lib/x86_64-linux-gnu/libpcl_registration.so  
[3.628s] -- looking for PCL_KEYPOINTS
[3.629s] -- Found PCL_KEYPOINTS: /usr/lib/x86_64-linux-gnu/libpcl_keypoints.so  
[3.629s] -- looking for PCL_TRACKING
[3.629s] -- Found PCL_TRACKING: /usr/lib/x86_64-linux-gnu/libpcl_tracking.so  
[3.629s] -- looking for PCL_RECOGNITION
[3.630s] -- Found PCL_RECOGNITION: /usr/lib/x86_64-linux-gnu/libpcl_recognition.so  
[3.630s] -- looking for PCL_STEREO
[3.631s] -- Found PCL_STEREO: /usr/lib/x86_64-linux-gnu/libpcl_stereo.so  
[3.632s] -- looking for PCL_APPS
[3.634s] -- Found PCL_APPS: /usr/lib/x86_64-linux-gnu/libpcl_apps.so  
[3.635s] -- looking for PCL_IN_HAND_SCANNER
[3.637s] -- Found PCL_IN_HAND_SCANNER: /usr/include/pcl-1.12  
[3.638s] -- looking for PCL_MODELER
[3.638s] -- Found PCL_MODELER: /usr/include/pcl-1.12  
[3.638s] -- looking for PCL_POINT_CLOUD_EDITOR
[3.638s] -- Found PCL_POINT_CLOUD_EDITOR: /usr/include/pcl-1.12  
[3.638s] -- looking for PCL_OUTOFCORE
[3.638s] -- Found PCL_OUTOFCORE: /usr/lib/x86_64-linux-gnu/libpcl_outofcore.so  
[3.638s] -- looking for PCL_PEOPLE
[3.638s] -- Found PCL_PEOPLE: /usr/lib/x86_64-linux-gnu/libpcl_people.so  
[3.639s] -- Found PCL: pcl_common;pcl_kdtree;pcl_octree;pcl_search;pcl_sample_consensus;pcl_filters;pcl_io;pcl_features;pcl_ml;pcl_segmentation;pcl_visualization;pcl_surface;pcl_registration;pcl_keypoints;pcl_tracking;pcl_recognition;pcl_stereo;pcl_apps;pcl_outofcore;pcl_people;Boost::system;Boost::filesystem;Boost::date_time;Boost::iostreams;Boost::serialization;/usr/lib/libOpenNI.so;libusb::libusb;/usr/lib/x86_64-linux-gnu/libOpenNI2.so;libusb::libusb;VTK::ChartsCore;VTK::CommonColor;VTK::CommonComputationalGeometry;VTK::CommonCore;VTK::CommonDataModel;VTK::CommonExecutionModel;VTK::CommonMath;VTK::CommonMisc;VTK::CommonTransforms;VTK::FiltersCore;VTK::FiltersExtraction;VTK::FiltersGeneral;VTK::FiltersGeometry;VTK::FiltersModeling;VTK::FiltersSources;VTK::ImagingCore;VTK::ImagingSources;VTK::InteractionImage;VTK::InteractionStyle;VTK::InteractionWidgets;VTK::IOCore;VTK::IOGeometry;VTK::IOImage;VTK::IOLegacy;VTK::IOPLY;VTK::RenderingAnnotation;VTK::RenderingCore;VTK::RenderingContext2D;VTK::RenderingLOD;VTK::RenderingFreeType;VTK::ViewsCore;VTK::ViewsContext2D;VTK::RenderingOpenGL2;VTK::GUISupportQt;FLANN::FLANN;QHULL::QHULL  
[3.641s] -- Found pcl_conversions: 2.4.5 (/opt/ros/humble/share/pcl_conversions/cmake)
[3.665s] -- Found ament_lint_auto: 0.12.14 (/opt/ros/humble/share/ament_lint_auto/cmake)
[3.759s] -- Added test 'cppcheck' to perform static code analysis on C / C++ code
[3.759s] -- Configured cppcheck include dirs: /home/rizy/planner/3d-navi/3d-navi-ros2_v1/src/planner/path_searching/include
[3.759s] -- Configured cppcheck exclude dirs and/or files: 
[3.759s] -- Added test 'lint_cmake' to check CMake code style
[3.760s] -- Added test 'uncrustify' to check C / C++ code style
[3.760s] -- Configured uncrustify additional arguments: 
[3.760s] -- Added test 'xmllint' to check XML markup files
[3.762s] -- Configuring done
[3.795s] -- Generating done
[3.805s] -- Build files have been written to: /home/rizy/planner/3d-navi/3d-navi-ros2_v1/build/path_searching
[3.851s] Invoked command in '/home/rizy/planner/3d-navi/3d-navi-ros2_v1/build/path_searching' returned '0': AMENT_PREFIX_PATH=/home/rizy/planner/3d-navi/3d-navi-ros2_v1/install/plan_env:${AMENT_PREFIX_PATH} CMAKE_PREFIX_PATH=/home/rizy/planner/3d-navi/3d-navi-ros2_v1/install/plan_env:/opt/ros/humble CONDA_PROMPT_MODIFIER=(myenv) LD_LIBRARY_PATH=/home/rizy/planner/3d-navi/3d-navi-ros2_v1/install/plan_env/lib:${LD_LIBRARY_PATH} /usr/bin/cmake /home/rizy/planner/3d-navi/3d-navi-ros2_v1/src/planner/path_searching -DPython3_EXECUTABLE=/usr/bin/python3 -Dfmt_DIR=/usr/lib/x86_64-linux-gnu/cmake/fmt -DAMENT_CMAKE_SYMLINK_INSTALL=1 -DCMAKE_INSTALL_PREFIX=/home/rizy/planner/3d-navi/3d-navi-ros2_v1/install/path_searching
[3.854s] Invoking command in '/home/rizy/planner/3d-navi/3d-navi-ros2_v1/build/path_searching': AMENT_PREFIX_PATH=/home/rizy/planner/3d-navi/3d-navi-ros2_v1/install/plan_env:${AMENT_PREFIX_PATH} CMAKE_PREFIX_PATH=/home/rizy/planner/3d-navi/3d-navi-ros2_v1/install/plan_env:/opt/ros/humble CONDA_PROMPT_MODIFIER=(myenv) LD_LIBRARY_PATH=/home/rizy/planner/3d-navi/3d-navi-ros2_v1/install/plan_env/lib:${LD_LIBRARY_PATH} /usr/bin/cmake --build /home/rizy/planner/3d-navi/3d-navi-ros2_v1/build/path_searching -- -j32 -l32
[3.949s] [ 50%] Building CXX object CMakeFiles/path_searching.dir/src/dyn_a_star.cpp.o
[12.886s] [100%] Linking CXX shared library libpath_searching.so
[13.181s] [100%] Built target path_searching
[13.189s] Invoked command in '/home/rizy/planner/3d-navi/3d-navi-ros2_v1/build/path_searching' returned '0': AMENT_PREFIX_PATH=/home/rizy/planner/3d-navi/3d-navi-ros2_v1/install/plan_env:${AMENT_PREFIX_PATH} CMAKE_PREFIX_PATH=/home/rizy/planner/3d-navi/3d-navi-ros2_v1/install/plan_env:/opt/ros/humble CONDA_PROMPT_MODIFIER=(myenv) LD_LIBRARY_PATH=/home/rizy/planner/3d-navi/3d-navi-ros2_v1/install/plan_env/lib:${LD_LIBRARY_PATH} /usr/bin/cmake --build /home/rizy/planner/3d-navi/3d-navi-ros2_v1/build/path_searching -- -j32 -l32
[13.190s] Invoking command in '/home/rizy/planner/3d-navi/3d-navi-ros2_v1/build/path_searching': AMENT_PREFIX_PATH=/home/rizy/planner/3d-navi/3d-navi-ros2_v1/install/plan_env:${AMENT_PREFIX_PATH} CMAKE_PREFIX_PATH=/home/rizy/planner/3d-navi/3d-navi-ros2_v1/install/plan_env:/opt/ros/humble CONDA_PROMPT_MODIFIER=(myenv) LD_LIBRARY_PATH=/home/rizy/planner/3d-navi/3d-navi-ros2_v1/install/plan_env/lib:${LD_LIBRARY_PATH} /usr/bin/cmake --install /home/rizy/planner/3d-navi/3d-navi-ros2_v1/build/path_searching
[13.195s] -- Install configuration: "Release"
[13.195s] -- Execute custom install script
[13.196s] -- Symlinking: /home/rizy/planner/3d-navi/3d-navi-ros2_v1/install/path_searching/lib/libpath_searching.so
[13.203s] -- Symlinking: /home/rizy/planner/3d-navi/3d-navi-ros2_v1/install/path_searching/include/path_searching/dyn_a_star.h
[13.209s] -- Symlinking: /home/rizy/planner/3d-navi/3d-navi-ros2_v1/install/path_searching/share/path_searching/environment/library_path.sh
[13.214s] -- Symlinking: /home/rizy/planner/3d-navi/3d-navi-ros2_v1/install/path_searching/share/path_searching/environment/library_path.dsv
[13.220s] -- Symlinking: /home/rizy/planner/3d-navi/3d-navi-ros2_v1/install/path_searching/share/ament_index/resource_index/package_run_dependencies/path_searching
[13.227s] -- Symlinking: /home/rizy/planner/3d-navi/3d-navi-ros2_v1/install/path_searching/share/ament_index/resource_index/parent_prefix_path/path_searching
[13.233s] -- Symlinking: /home/rizy/planner/3d-navi/3d-navi-ros2_v1/install/path_searching/share/path_searching/environment/ament_prefix_path.sh
[13.238s] -- Symlinking: /home/rizy/planner/3d-navi/3d-navi-ros2_v1/install/path_searching/share/path_searching/environment/ament_prefix_path.dsv
[13.244s] -- Symlinking: /home/rizy/planner/3d-navi/3d-navi-ros2_v1/install/path_searching/share/path_searching/environment/path.sh
[13.252s] -- Symlinking: /home/rizy/planner/3d-navi/3d-navi-ros2_v1/install/path_searching/share/path_searching/environment/path.dsv
[13.258s] -- Symlinking: /home/rizy/planner/3d-navi/3d-navi-ros2_v1/install/path_searching/share/path_searching/local_setup.bash
[13.263s] -- Symlinking: /home/rizy/planner/3d-navi/3d-navi-ros2_v1/install/path_searching/share/path_searching/local_setup.sh
[13.269s] -- Symlinking: /home/rizy/planner/3d-navi/3d-navi-ros2_v1/install/path_searching/share/path_searching/local_setup.zsh
[13.276s] -- Symlinking: /home/rizy/planner/3d-navi/3d-navi-ros2_v1/install/path_searching/share/path_searching/local_setup.dsv
[13.283s] -- Symlinking: /home/rizy/planner/3d-navi/3d-navi-ros2_v1/install/path_searching/share/path_searching/package.dsv
[13.290s] -- Symlinking: /home/rizy/planner/3d-navi/3d-navi-ros2_v1/install/path_searching/share/ament_index/resource_index/packages/path_searching
[13.296s] -- Symlinking: /home/rizy/planner/3d-navi/3d-navi-ros2_v1/install/path_searching/share/path_searching/cmake/ament_cmake_export_include_directories-extras.cmake
[13.302s] -- Symlinking: /home/rizy/planner/3d-navi/3d-navi-ros2_v1/install/path_searching/share/path_searching/cmake/ament_cmake_export_libraries-extras.cmake
[13.310s] -- Symlinking: /home/rizy/planner/3d-navi/3d-navi-ros2_v1/install/path_searching/share/path_searching/cmake/path_searchingConfig.cmake
[13.317s] -- Symlinking: /home/rizy/planner/3d-navi/3d-navi-ros2_v1/install/path_searching/share/path_searching/cmake/path_searchingConfig-version.cmake
[13.324s] -- Symlinking: /home/rizy/planner/3d-navi/3d-navi-ros2_v1/install/path_searching/share/path_searching/package.xml
[13.331s] Invoked command in '/home/rizy/planner/3d-navi/3d-navi-ros2_v1/build/path_searching' returned '0': AMENT_PREFIX_PATH=/home/rizy/planner/3d-navi/3d-navi-ros2_v1/install/plan_env:${AMENT_PREFIX_PATH} CMAKE_PREFIX_PATH=/home/rizy/planner/3d-navi/3d-navi-ros2_v1/install/plan_env:/opt/ros/humble CONDA_PROMPT_MODIFIER=(myenv) LD_LIBRARY_PATH=/home/rizy/planner/3d-navi/3d-navi-ros2_v1/install/plan_env/lib:${LD_LIBRARY_PATH} /usr/bin/cmake --install /home/rizy/planner/3d-navi/3d-navi-ros2_v1/build/path_searching
