/home/rizy/.local/lib/python3.10/site-packages/setuptools/_distutils/dist.py:289: UserWarning: Unknown distribution option: 'tests_require'
  warnings.warn(msg)
running develop
running egg_info
creating nav_integration.egg-info
writing nav_integration.egg-info/PKG-INFO
writing dependency_links to nav_integration.egg-info/dependency_links.txt
writing entry points to nav_integration.egg-info/entry_points.txt
writing requirements to nav_integration.egg-info/requires.txt
writing top-level names to nav_integration.egg-info/top_level.txt
writing manifest file 'nav_integration.egg-info/SOURCES.txt'
reading manifest file 'nav_integration.egg-info/SOURCES.txt'
writing manifest file 'nav_integration.egg-info/SOURCES.txt'
running build_ext
Creating /home/rizy/planner/3d-navi/3d-navi-ros2_v1/install/nav_integration/lib/python3.10/site-packages/nav-integration.egg-link (link to .)
Installing map_server script to /home/rizy/planner/3d-navi/3d-navi-ros2_v1/install/nav_integration/lib/nav_integration

Installed /home/rizy/planner/3d-navi/3d-navi-ros2_v1/build/nav_integration
running symlink_data
creating /home/rizy/planner/3d-navi/3d-navi-ros2_v1/install/nav_integration/share/ament_index/resource_index/packages
symbolically linking /home/rizy/planner/3d-navi/3d-navi-ros2_v1/build/nav_integration/resource/nav_integration -> /home/rizy/planner/3d-navi/3d-navi-ros2_v1/install/nav_integration/share/ament_index/resource_index/packages
symbolically linking /home/rizy/planner/3d-navi/3d-navi-ros2_v1/build/nav_integration/package.xml -> /home/rizy/planner/3d-navi/3d-navi-ros2_v1/install/nav_integration/share/nav_integration
creating /home/rizy/planner/3d-navi/3d-navi-ros2_v1/install/nav_integration/share/nav_integration/launch
symbolically linking /home/rizy/planner/3d-navi/3d-navi-ros2_v1/build/nav_integration/launch/bringup_map.launch.py -> /home/rizy/planner/3d-navi/3d-navi-ros2_v1/install/nav_integration/share/nav_integration/launch
creating /home/rizy/planner/3d-navi/3d-navi-ros2_v1/install/nav_integration/share/nav_integration/config
creating /home/rizy/planner/3d-navi/3d-navi-ros2_v1/install/nav_integration/share/nav_integration/urdf
symbolically linking /home/rizy/planner/3d-navi/3d-navi-ros2_v1/build/nav_integration/urdf/robot.urdf -> /home/rizy/planner/3d-navi/3d-navi-ros2_v1/install/nav_integration/share/nav_integration/urdf
creating /home/rizy/planner/3d-navi/3d-navi-ros2_v1/install/nav_integration/share/nav_integration/rviz
symbolically linking /home/rizy/planner/3d-navi/3d-navi-ros2_v1/build/nav_integration/rviz/nav.rviz -> /home/rizy/planner/3d-navi/3d-navi-ros2_v1/install/nav_integration/share/nav_integration/rviz
