[0.713s] Invoking command in '/home/rizy/planner/3d-navi/3d-navi-ros2_v1/build/nav_integration': CONDA_PROMPT_MODIFIER=(myenv) PYTHONPATH=/home/rizy/planner/3d-navi/3d-navi-ros2_v1/build/nav_integration/prefix_override:/usr/lib/python3/dist-packages/colcon_core/task/python/colcon_distutils_commands:/home/rizy/planner/3d-navi/3d-navi-ros2_v1/install/nav_integration/lib/python3.10/site-packages:${PYTHONPATH} /usr/bin/python3 -W ignore:setup.py install is deprecated -W ignore:easy_install command is deprecated setup.py develop --editable --build-directory /home/rizy/planner/3d-navi/3d-navi-ros2_v1/build/nav_integration/build --no-deps symlink_data
[0.861s] /home/rizy/.local/lib/python3.10/site-packages/setuptools/_distutils/dist.py:289: UserWarning: Unknown distribution option: 'tests_require'
[0.861s]   warnings.warn(msg)
[0.990s] running develop
[1.139s] running egg_info
[1.147s] creating nav_integration.egg-info
[1.147s] writing nav_integration.egg-info/PKG-INFO
[1.148s] writing dependency_links to nav_integration.egg-info/dependency_links.txt
[1.148s] writing entry points to nav_integration.egg-info/entry_points.txt
[1.148s] writing requirements to nav_integration.egg-info/requires.txt
[1.148s] writing top-level names to nav_integration.egg-info/top_level.txt
[1.149s] writing manifest file 'nav_integration.egg-info/SOURCES.txt'
[1.165s] reading manifest file 'nav_integration.egg-info/SOURCES.txt'
[1.166s] writing manifest file 'nav_integration.egg-info/SOURCES.txt'
[1.177s] running build_ext
[1.177s] Creating /home/rizy/planner/3d-navi/3d-navi-ros2_v1/install/nav_integration/lib/python3.10/site-packages/nav-integration.egg-link (link to .)
[1.178s] Installing map_server script to /home/rizy/planner/3d-navi/3d-navi-ros2_v1/install/nav_integration/lib/nav_integration
[1.178s] 
[1.178s] Installed /home/rizy/planner/3d-navi/3d-navi-ros2_v1/build/nav_integration
[1.178s] running symlink_data
[1.178s] creating /home/rizy/planner/3d-navi/3d-navi-ros2_v1/install/nav_integration/share/ament_index/resource_index/packages
[1.179s] symbolically linking /home/rizy/planner/3d-navi/3d-navi-ros2_v1/build/nav_integration/resource/nav_integration -> /home/rizy/planner/3d-navi/3d-navi-ros2_v1/install/nav_integration/share/ament_index/resource_index/packages
[1.179s] symbolically linking /home/rizy/planner/3d-navi/3d-navi-ros2_v1/build/nav_integration/package.xml -> /home/rizy/planner/3d-navi/3d-navi-ros2_v1/install/nav_integration/share/nav_integration
[1.179s] creating /home/rizy/planner/3d-navi/3d-navi-ros2_v1/install/nav_integration/share/nav_integration/launch
[1.179s] symbolically linking /home/rizy/planner/3d-navi/3d-navi-ros2_v1/build/nav_integration/launch/bringup_map.launch.py -> /home/rizy/planner/3d-navi/3d-navi-ros2_v1/install/nav_integration/share/nav_integration/launch
[1.180s] creating /home/rizy/planner/3d-navi/3d-navi-ros2_v1/install/nav_integration/share/nav_integration/config
[1.180s] creating /home/rizy/planner/3d-navi/3d-navi-ros2_v1/install/nav_integration/share/nav_integration/urdf
[1.180s] symbolically linking /home/rizy/planner/3d-navi/3d-navi-ros2_v1/build/nav_integration/urdf/robot.urdf -> /home/rizy/planner/3d-navi/3d-navi-ros2_v1/install/nav_integration/share/nav_integration/urdf
[1.180s] creating /home/rizy/planner/3d-navi/3d-navi-ros2_v1/install/nav_integration/share/nav_integration/rviz
[1.180s] symbolically linking /home/rizy/planner/3d-navi/3d-navi-ros2_v1/build/nav_integration/rviz/nav.rviz -> /home/rizy/planner/3d-navi/3d-navi-ros2_v1/install/nav_integration/share/nav_integration/rviz
[1.245s] Invoked command in '/home/rizy/planner/3d-navi/3d-navi-ros2_v1/build/nav_integration' returned '0': CONDA_PROMPT_MODIFIER=(myenv) PYTHONPATH=/home/rizy/planner/3d-navi/3d-navi-ros2_v1/build/nav_integration/prefix_override:/usr/lib/python3/dist-packages/colcon_core/task/python/colcon_distutils_commands:/home/rizy/planner/3d-navi/3d-navi-ros2_v1/install/nav_integration/lib/python3.10/site-packages:${PYTHONPATH} /usr/bin/python3 -W ignore:setup.py install is deprecated -W ignore:easy_install command is deprecated setup.py develop --editable --build-directory /home/rizy/planner/3d-navi/3d-navi-ros2_v1/build/nav_integration/build --no-deps symlink_data
