[0.029s] Invoking command in '/home/rizy/planner/3d-navi/3d-navi-ros2_v1/build/rosmsg_tcp_bridge': AMENT_PREFIX_PATH=/home/rizy/planner/3d-navi/3d-navi-ros2_v1/install/traj_utils:${AMENT_PREFIX_PATH} CMAKE_PREFIX_PATH=/home/rizy/planner/3d-navi/3d-navi-ros2_v1/install/traj_utils:/opt/ros/humble CONDA_PROMPT_MODIFIER=(myenv) LD_LIBRARY_PATH=/home/rizy/planner/3d-navi/3d-navi-ros2_v1/install/traj_utils/lib:${LD_LIBRARY_PATH} PYTHONPATH=/home/rizy/planner/3d-navi/3d-navi-ros2_v1/install/traj_utils/local/lib/python3.10/dist-packages:/home/rizy/planner/3d-navi/3d-navi-ros2_v1/install/traj_utils/lib/python3.10/site-packages:${PYTHONPATH} /usr/bin/cmake --build /home/rizy/planner/3d-navi/3d-navi-ros2_v1/build/rosmsg_tcp_bridge -- -j32 -l32
[0.093s] [100%] Built target bridge_node
[0.104s] Invoked command in '/home/rizy/planner/3d-navi/3d-navi-ros2_v1/build/rosmsg_tcp_bridge' returned '0': AMENT_PREFIX_PATH=/home/rizy/planner/3d-navi/3d-navi-ros2_v1/install/traj_utils:${AMENT_PREFIX_PATH} CMAKE_PREFIX_PATH=/home/rizy/planner/3d-navi/3d-navi-ros2_v1/install/traj_utils:/opt/ros/humble CONDA_PROMPT_MODIFIER=(myenv) LD_LIBRARY_PATH=/home/rizy/planner/3d-navi/3d-navi-ros2_v1/install/traj_utils/lib:${LD_LIBRARY_PATH} PYTHONPATH=/home/rizy/planner/3d-navi/3d-navi-ros2_v1/install/traj_utils/local/lib/python3.10/dist-packages:/home/rizy/planner/3d-navi/3d-navi-ros2_v1/install/traj_utils/lib/python3.10/site-packages:${PYTHONPATH} /usr/bin/cmake --build /home/rizy/planner/3d-navi/3d-navi-ros2_v1/build/rosmsg_tcp_bridge -- -j32 -l32
[0.106s] Invoking command in '/home/rizy/planner/3d-navi/3d-navi-ros2_v1/build/rosmsg_tcp_bridge': AMENT_PREFIX_PATH=/home/rizy/planner/3d-navi/3d-navi-ros2_v1/install/traj_utils:${AMENT_PREFIX_PATH} CMAKE_PREFIX_PATH=/home/rizy/planner/3d-navi/3d-navi-ros2_v1/install/traj_utils:/opt/ros/humble CONDA_PROMPT_MODIFIER=(myenv) LD_LIBRARY_PATH=/home/rizy/planner/3d-navi/3d-navi-ros2_v1/install/traj_utils/lib:${LD_LIBRARY_PATH} PYTHONPATH=/home/rizy/planner/3d-navi/3d-navi-ros2_v1/install/traj_utils/local/lib/python3.10/dist-packages:/home/rizy/planner/3d-navi/3d-navi-ros2_v1/install/traj_utils/lib/python3.10/site-packages:${PYTHONPATH} /usr/bin/cmake --install /home/rizy/planner/3d-navi/3d-navi-ros2_v1/build/rosmsg_tcp_bridge
[0.112s] -- Install configuration: "Release"
[0.112s] -- Execute custom install script
[0.112s] -- Up-to-date symlink: /home/rizy/planner/3d-navi/3d-navi-ros2_v1/install/rosmsg_tcp_bridge/lib/rosmsg_tcp_bridge/bridge_node
[0.112s] -- Up-to-date symlink: /home/rizy/planner/3d-navi/3d-navi-ros2_v1/install/rosmsg_tcp_bridge/share/rosmsg_tcp_bridge/launch/bridge.launch.py
[0.112s] -- Up-to-date symlink: /home/rizy/planner/3d-navi/3d-navi-ros2_v1/install/rosmsg_tcp_bridge/share/ament_index/resource_index/package_run_dependencies/rosmsg_tcp_bridge
[0.112s] -- Up-to-date symlink: /home/rizy/planner/3d-navi/3d-navi-ros2_v1/install/rosmsg_tcp_bridge/share/ament_index/resource_index/parent_prefix_path/rosmsg_tcp_bridge
[0.113s] -- Up-to-date symlink: /home/rizy/planner/3d-navi/3d-navi-ros2_v1/install/rosmsg_tcp_bridge/share/rosmsg_tcp_bridge/environment/ament_prefix_path.sh
[0.113s] -- Up-to-date symlink: /home/rizy/planner/3d-navi/3d-navi-ros2_v1/install/rosmsg_tcp_bridge/share/rosmsg_tcp_bridge/environment/ament_prefix_path.dsv
[0.113s] -- Up-to-date symlink: /home/rizy/planner/3d-navi/3d-navi-ros2_v1/install/rosmsg_tcp_bridge/share/rosmsg_tcp_bridge/environment/path.sh
[0.113s] -- Up-to-date symlink: /home/rizy/planner/3d-navi/3d-navi-ros2_v1/install/rosmsg_tcp_bridge/share/rosmsg_tcp_bridge/environment/path.dsv
[0.113s] -- Up-to-date symlink: /home/rizy/planner/3d-navi/3d-navi-ros2_v1/install/rosmsg_tcp_bridge/share/rosmsg_tcp_bridge/local_setup.bash
[0.113s] -- Up-to-date symlink: /home/rizy/planner/3d-navi/3d-navi-ros2_v1/install/rosmsg_tcp_bridge/share/rosmsg_tcp_bridge/local_setup.sh
[0.113s] -- Up-to-date symlink: /home/rizy/planner/3d-navi/3d-navi-ros2_v1/install/rosmsg_tcp_bridge/share/rosmsg_tcp_bridge/local_setup.zsh
[0.113s] -- Up-to-date symlink: /home/rizy/planner/3d-navi/3d-navi-ros2_v1/install/rosmsg_tcp_bridge/share/rosmsg_tcp_bridge/local_setup.dsv
[0.113s] -- Symlinking: /home/rizy/planner/3d-navi/3d-navi-ros2_v1/install/rosmsg_tcp_bridge/share/rosmsg_tcp_bridge/package.dsv
[0.121s] -- Up-to-date symlink: /home/rizy/planner/3d-navi/3d-navi-ros2_v1/install/rosmsg_tcp_bridge/share/ament_index/resource_index/packages/rosmsg_tcp_bridge
[0.121s] -- Up-to-date symlink: /home/rizy/planner/3d-navi/3d-navi-ros2_v1/install/rosmsg_tcp_bridge/share/rosmsg_tcp_bridge/cmake/rosmsg_tcp_bridgeConfig.cmake
[0.122s] -- Up-to-date symlink: /home/rizy/planner/3d-navi/3d-navi-ros2_v1/install/rosmsg_tcp_bridge/share/rosmsg_tcp_bridge/cmake/rosmsg_tcp_bridgeConfig-version.cmake
[0.122s] -- Up-to-date symlink: /home/rizy/planner/3d-navi/3d-navi-ros2_v1/install/rosmsg_tcp_bridge/share/rosmsg_tcp_bridge/package.xml
[0.124s] Invoked command in '/home/rizy/planner/3d-navi/3d-navi-ros2_v1/build/rosmsg_tcp_bridge' returned '0': AMENT_PREFIX_PATH=/home/rizy/planner/3d-navi/3d-navi-ros2_v1/install/traj_utils:${AMENT_PREFIX_PATH} CMAKE_PREFIX_PATH=/home/rizy/planner/3d-navi/3d-navi-ros2_v1/install/traj_utils:/opt/ros/humble CONDA_PROMPT_MODIFIER=(myenv) LD_LIBRARY_PATH=/home/rizy/planner/3d-navi/3d-navi-ros2_v1/install/traj_utils/lib:${LD_LIBRARY_PATH} PYTHONPATH=/home/rizy/planner/3d-navi/3d-navi-ros2_v1/install/traj_utils/local/lib/python3.10/dist-packages:/home/rizy/planner/3d-navi/3d-navi-ros2_v1/install/traj_utils/lib/python3.10/site-packages:${PYTHONPATH} /usr/bin/cmake --install /home/rizy/planner/3d-navi/3d-navi-ros2_v1/build/rosmsg_tcp_bridge
