[0.079s] DEBUG:colcon:Command line arguments: ['/usr/bin/colcon', 'build', '--packages-select', 'nav_integration', '--symlink-install']
[0.079s] DEBUG:colcon:Parsed command line arguments: Namespace(log_base=None, log_level=None, verb_name='build', build_base='build', install_base='install', merge_install=False, symlink_install=True, test_result_base=None, continue_on_error=False, executor='parallel', parallel_workers=32, event_handlers=None, ignore_user_meta=False, metas=['./colcon.meta'], base_paths=['.'], packages_ignore=None, packages_ignore_regex=None, paths=None, packages_up_to=None, packages_up_to_regex=None, packages_above=None, packages_above_and_dependencies=None, packages_above_depth=None, packages_select_by_dep=None, packages_skip_by_dep=None, packages_skip_up_to=None, packages_select_build_failed=False, packages_skip_build_finished=False, packages_select_test_failures=False, packages_skip_test_passed=False, packages_select=['nav_integration'], packages_skip=None, packages_select_regex=None, packages_skip_regex=None, packages_start=None, packages_end=None, allow_overriding=[], cmake_args=None, cmake_target=None, cmake_target_skip_unavailable=False, cmake_clean_cache=False, cmake_clean_first=False, cmake_force_configure=False, ament_cmake_args=None, catkin_cmake_args=None, catkin_skip_building_tests=False, verb_parser=<colcon_defaults.argument_parser.defaults.DefaultArgumentsDecorator object at 0x7b80fb66afb0>, verb_extension=<colcon_core.verb.build.BuildVerb object at 0x7b80fb6182b0>, main=<bound method BuildVerb.main of <colcon_core.verb.build.BuildVerb object at 0x7b80fb6182b0>>)
[0.104s] Level 1:colcon.colcon_core.package_discovery:discover_packages(colcon_meta) check parameters
[0.104s] Level 1:colcon.colcon_core.package_discovery:discover_packages(recursive) check parameters
[0.104s] Level 1:colcon.colcon_core.package_discovery:discover_packages(ignore) check parameters
[0.104s] Level 1:colcon.colcon_core.package_discovery:discover_packages(path) check parameters
[0.104s] Level 1:colcon.colcon_core.package_discovery:discover_packages(colcon_meta) discover
[0.104s] Level 1:colcon.colcon_core.package_discovery:discover_packages(recursive) discover
[0.104s] INFO:colcon.colcon_core.package_discovery:Crawling recursively for packages in '/home/rizy/planner/3d-navi/3d-navi-ros2_v1'
[0.105s] Level 1:colcon.colcon_core.package_identification:_identify(.) by extensions ['ignore', 'ignore_ament_install']
[0.105s] Level 1:colcon.colcon_core.package_identification:_identify(.) by extension 'ignore'
[0.105s] Level 1:colcon.colcon_core.package_identification:_identify(.) by extension 'ignore_ament_install'
[0.105s] Level 1:colcon.colcon_core.package_identification:_identify(.) by extensions ['colcon_pkg']
[0.105s] Level 1:colcon.colcon_core.package_identification:_identify(.) by extension 'colcon_pkg'
[0.105s] Level 1:colcon.colcon_core.package_identification:_identify(.) by extensions ['colcon_meta']
[0.105s] Level 1:colcon.colcon_core.package_identification:_identify(.) by extension 'colcon_meta'
[0.105s] Level 1:colcon.colcon_core.package_identification:_identify(.) by extensions ['ros']
[0.105s] Level 1:colcon.colcon_core.package_identification:_identify(.) by extension 'ros'
[0.115s] Level 1:colcon.colcon_core.package_identification:_identify(.) by extensions ['cmake', 'python']
[0.115s] Level 1:colcon.colcon_core.package_identification:_identify(.) by extension 'cmake'
[0.115s] Level 1:colcon.colcon_core.package_identification:_identify(.) by extension 'python'
[0.115s] Level 1:colcon.colcon_core.package_identification:_identify(.) by extensions ['python_setup_py']
[0.115s] Level 1:colcon.colcon_core.package_identification:_identify(.) by extension 'python_setup_py'
[0.115s] Level 1:colcon.colcon_core.package_identification:_identify(PCT_planner_re) by extensions ['ignore', 'ignore_ament_install']
[0.115s] Level 1:colcon.colcon_core.package_identification:_identify(PCT_planner_re) by extension 'ignore'
[0.115s] Level 1:colcon.colcon_core.package_identification:_identify(PCT_planner_re) by extension 'ignore_ament_install'
[0.115s] Level 1:colcon.colcon_core.package_identification:_identify(PCT_planner_re) by extensions ['colcon_pkg']
[0.115s] Level 1:colcon.colcon_core.package_identification:_identify(PCT_planner_re) by extension 'colcon_pkg'
[0.115s] Level 1:colcon.colcon_core.package_identification:_identify(PCT_planner_re) by extensions ['colcon_meta']
[0.115s] Level 1:colcon.colcon_core.package_identification:_identify(PCT_planner_re) by extension 'colcon_meta'
[0.115s] Level 1:colcon.colcon_core.package_identification:_identify(PCT_planner_re) by extensions ['ros']
[0.115s] Level 1:colcon.colcon_core.package_identification:_identify(PCT_planner_re) by extension 'ros'
[0.115s] Level 1:colcon.colcon_core.package_identification:_identify(PCT_planner_re) by extensions ['cmake', 'python']
[0.116s] Level 1:colcon.colcon_core.package_identification:_identify(PCT_planner_re) by extension 'cmake'
[0.116s] Level 1:colcon.colcon_core.package_identification:_identify(PCT_planner_re) by extension 'python'
[0.116s] Level 1:colcon.colcon_core.package_identification:_identify(PCT_planner_re) by extensions ['python_setup_py']
[0.116s] Level 1:colcon.colcon_core.package_identification:_identify(PCT_planner_re) by extension 'python_setup_py'
[0.116s] Level 1:colcon.colcon_core.package_identification:_identify(PCT_planner_re/planner) by extensions ['ignore', 'ignore_ament_install']
[0.116s] Level 1:colcon.colcon_core.package_identification:_identify(PCT_planner_re/planner) by extension 'ignore'
[0.116s] Level 1:colcon.colcon_core.package_identification:_identify(PCT_planner_re/planner) by extension 'ignore_ament_install'
[0.116s] Level 1:colcon.colcon_core.package_identification:_identify(PCT_planner_re/planner) by extensions ['colcon_pkg']
[0.116s] Level 1:colcon.colcon_core.package_identification:_identify(PCT_planner_re/planner) by extension 'colcon_pkg'
[0.116s] Level 1:colcon.colcon_core.package_identification:_identify(PCT_planner_re/planner) by extensions ['colcon_meta']
[0.116s] Level 1:colcon.colcon_core.package_identification:_identify(PCT_planner_re/planner) by extension 'colcon_meta'
[0.116s] Level 1:colcon.colcon_core.package_identification:_identify(PCT_planner_re/planner) by extensions ['ros']
[0.116s] Level 1:colcon.colcon_core.package_identification:_identify(PCT_planner_re/planner) by extension 'ros'
[0.116s] Level 1:colcon.colcon_core.package_identification:_identify(PCT_planner_re/planner) by extensions ['cmake', 'python']
[0.116s] Level 1:colcon.colcon_core.package_identification:_identify(PCT_planner_re/planner) by extension 'cmake'
[0.116s] Level 1:colcon.colcon_core.package_identification:_identify(PCT_planner_re/planner) by extension 'python'
[0.116s] Level 1:colcon.colcon_core.package_identification:_identify(PCT_planner_re/planner) by extensions ['python_setup_py']
[0.116s] Level 1:colcon.colcon_core.package_identification:_identify(PCT_planner_re/planner) by extension 'python_setup_py'
[0.116s] Level 1:colcon.colcon_core.package_identification:_identify(PCT_planner_re/planner/config) by extensions ['ignore', 'ignore_ament_install']
[0.116s] Level 1:colcon.colcon_core.package_identification:_identify(PCT_planner_re/planner/config) by extension 'ignore'
[0.116s] Level 1:colcon.colcon_core.package_identification:_identify(PCT_planner_re/planner/config) by extension 'ignore_ament_install'
[0.116s] Level 1:colcon.colcon_core.package_identification:_identify(PCT_planner_re/planner/config) by extensions ['colcon_pkg']
[0.116s] Level 1:colcon.colcon_core.package_identification:_identify(PCT_planner_re/planner/config) by extension 'colcon_pkg'
[0.116s] Level 1:colcon.colcon_core.package_identification:_identify(PCT_planner_re/planner/config) by extensions ['colcon_meta']
[0.116s] Level 1:colcon.colcon_core.package_identification:_identify(PCT_planner_re/planner/config) by extension 'colcon_meta'
[0.116s] Level 1:colcon.colcon_core.package_identification:_identify(PCT_planner_re/planner/config) by extensions ['ros']
[0.116s] Level 1:colcon.colcon_core.package_identification:_identify(PCT_planner_re/planner/config) by extension 'ros'
[0.116s] Level 1:colcon.colcon_core.package_identification:_identify(PCT_planner_re/planner/config) by extensions ['cmake', 'python']
[0.116s] Level 1:colcon.colcon_core.package_identification:_identify(PCT_planner_re/planner/config) by extension 'cmake'
[0.116s] Level 1:colcon.colcon_core.package_identification:_identify(PCT_planner_re/planner/config) by extension 'python'
[0.116s] Level 1:colcon.colcon_core.package_identification:_identify(PCT_planner_re/planner/config) by extensions ['python_setup_py']
[0.116s] Level 1:colcon.colcon_core.package_identification:_identify(PCT_planner_re/planner/config) by extension 'python_setup_py'
[0.116s] Level 1:colcon.colcon_core.package_identification:_identify(PCT_planner_re/planner/config/__pycache__) by extensions ['ignore', 'ignore_ament_install']
[0.116s] Level 1:colcon.colcon_core.package_identification:_identify(PCT_planner_re/planner/config/__pycache__) by extension 'ignore'
[0.116s] Level 1:colcon.colcon_core.package_identification:_identify(PCT_planner_re/planner/config/__pycache__) by extension 'ignore_ament_install'
[0.116s] Level 1:colcon.colcon_core.package_identification:_identify(PCT_planner_re/planner/config/__pycache__) by extensions ['colcon_pkg']
[0.116s] Level 1:colcon.colcon_core.package_identification:_identify(PCT_planner_re/planner/config/__pycache__) by extension 'colcon_pkg'
[0.116s] Level 1:colcon.colcon_core.package_identification:_identify(PCT_planner_re/planner/config/__pycache__) by extensions ['colcon_meta']
[0.116s] Level 1:colcon.colcon_core.package_identification:_identify(PCT_planner_re/planner/config/__pycache__) by extension 'colcon_meta'
[0.116s] Level 1:colcon.colcon_core.package_identification:_identify(PCT_planner_re/planner/config/__pycache__) by extensions ['ros']
[0.116s] Level 1:colcon.colcon_core.package_identification:_identify(PCT_planner_re/planner/config/__pycache__) by extension 'ros'
[0.116s] Level 1:colcon.colcon_core.package_identification:_identify(PCT_planner_re/planner/config/__pycache__) by extensions ['cmake', 'python']
[0.116s] Level 1:colcon.colcon_core.package_identification:_identify(PCT_planner_re/planner/config/__pycache__) by extension 'cmake'
[0.116s] Level 1:colcon.colcon_core.package_identification:_identify(PCT_planner_re/planner/config/__pycache__) by extension 'python'
[0.116s] Level 1:colcon.colcon_core.package_identification:_identify(PCT_planner_re/planner/config/__pycache__) by extensions ['python_setup_py']
[0.116s] Level 1:colcon.colcon_core.package_identification:_identify(PCT_planner_re/planner/config/__pycache__) by extension 'python_setup_py'
[0.117s] Level 1:colcon.colcon_core.package_identification:_identify(PCT_planner_re/planner/docs) by extensions ['ignore', 'ignore_ament_install']
[0.117s] Level 1:colcon.colcon_core.package_identification:_identify(PCT_planner_re/planner/docs) by extension 'ignore'
[0.117s] Level 1:colcon.colcon_core.package_identification:_identify(PCT_planner_re/planner/docs) by extension 'ignore_ament_install'
[0.117s] Level 1:colcon.colcon_core.package_identification:_identify(PCT_planner_re/planner/docs) by extensions ['colcon_pkg']
[0.117s] Level 1:colcon.colcon_core.package_identification:_identify(PCT_planner_re/planner/docs) by extension 'colcon_pkg'
[0.117s] Level 1:colcon.colcon_core.package_identification:_identify(PCT_planner_re/planner/docs) by extensions ['colcon_meta']
[0.117s] Level 1:colcon.colcon_core.package_identification:_identify(PCT_planner_re/planner/docs) by extension 'colcon_meta'
[0.117s] Level 1:colcon.colcon_core.package_identification:_identify(PCT_planner_re/planner/docs) by extensions ['ros']
[0.117s] Level 1:colcon.colcon_core.package_identification:_identify(PCT_planner_re/planner/docs) by extension 'ros'
[0.117s] Level 1:colcon.colcon_core.package_identification:_identify(PCT_planner_re/planner/docs) by extensions ['cmake', 'python']
[0.117s] Level 1:colcon.colcon_core.package_identification:_identify(PCT_planner_re/planner/docs) by extension 'cmake'
[0.117s] Level 1:colcon.colcon_core.package_identification:_identify(PCT_planner_re/planner/docs) by extension 'python'
[0.117s] Level 1:colcon.colcon_core.package_identification:_identify(PCT_planner_re/planner/docs) by extensions ['python_setup_py']
[0.117s] Level 1:colcon.colcon_core.package_identification:_identify(PCT_planner_re/planner/docs) by extension 'python_setup_py'
[0.117s] Level 1:colcon.colcon_core.package_identification:_identify(PCT_planner_re/planner/docs/flowchart) by extensions ['ignore', 'ignore_ament_install']
[0.117s] Level 1:colcon.colcon_core.package_identification:_identify(PCT_planner_re/planner/docs/flowchart) by extension 'ignore'
[0.117s] Level 1:colcon.colcon_core.package_identification:_identify(PCT_planner_re/planner/docs/flowchart) by extension 'ignore_ament_install'
[0.117s] Level 1:colcon.colcon_core.package_identification:_identify(PCT_planner_re/planner/docs/flowchart) by extensions ['colcon_pkg']
[0.117s] Level 1:colcon.colcon_core.package_identification:_identify(PCT_planner_re/planner/docs/flowchart) by extension 'colcon_pkg'
[0.117s] Level 1:colcon.colcon_core.package_identification:_identify(PCT_planner_re/planner/docs/flowchart) by extensions ['colcon_meta']
[0.117s] Level 1:colcon.colcon_core.package_identification:_identify(PCT_planner_re/planner/docs/flowchart) by extension 'colcon_meta'
[0.117s] Level 1:colcon.colcon_core.package_identification:_identify(PCT_planner_re/planner/docs/flowchart) by extensions ['ros']
[0.117s] Level 1:colcon.colcon_core.package_identification:_identify(PCT_planner_re/planner/docs/flowchart) by extension 'ros'
[0.117s] Level 1:colcon.colcon_core.package_identification:_identify(PCT_planner_re/planner/docs/flowchart) by extensions ['cmake', 'python']
[0.117s] Level 1:colcon.colcon_core.package_identification:_identify(PCT_planner_re/planner/docs/flowchart) by extension 'cmake'
[0.117s] Level 1:colcon.colcon_core.package_identification:_identify(PCT_planner_re/planner/docs/flowchart) by extension 'python'
[0.117s] Level 1:colcon.colcon_core.package_identification:_identify(PCT_planner_re/planner/docs/flowchart) by extensions ['python_setup_py']
[0.117s] Level 1:colcon.colcon_core.package_identification:_identify(PCT_planner_re/planner/docs/flowchart) by extension 'python_setup_py'
[0.117s] Level 1:colcon.colcon_core.package_identification:_identify(PCT_planner_re/planner/lib) by extensions ['ignore', 'ignore_ament_install']
[0.117s] Level 1:colcon.colcon_core.package_identification:_identify(PCT_planner_re/planner/lib) by extension 'ignore'
[0.117s] Level 1:colcon.colcon_core.package_identification:_identify(PCT_planner_re/planner/lib) by extension 'ignore_ament_install'
[0.117s] Level 1:colcon.colcon_core.package_identification:_identify(PCT_planner_re/planner/lib) by extensions ['colcon_pkg']
[0.117s] Level 1:colcon.colcon_core.package_identification:_identify(PCT_planner_re/planner/lib) by extension 'colcon_pkg'
[0.117s] Level 1:colcon.colcon_core.package_identification:_identify(PCT_planner_re/planner/lib) by extensions ['colcon_meta']
[0.117s] Level 1:colcon.colcon_core.package_identification:_identify(PCT_planner_re/planner/lib) by extension 'colcon_meta'
[0.117s] Level 1:colcon.colcon_core.package_identification:_identify(PCT_planner_re/planner/lib) by extensions ['ros']
[0.117s] Level 1:colcon.colcon_core.package_identification:_identify(PCT_planner_re/planner/lib) by extension 'ros'
[0.117s] Level 1:colcon.colcon_core.package_identification:_identify(PCT_planner_re/planner/lib) by extensions ['cmake', 'python']
[0.117s] Level 1:colcon.colcon_core.package_identification:_identify(PCT_planner_re/planner/lib) by extension 'cmake'
[0.361s] Level 1:colcon.colcon_core.package_identification:_identify(PCT_planner_re/planner/lib) by extension 'python'
[0.362s] DEBUG:colcon.colcon_core.package_identification:Package 'PCT_planner_re/planner/lib' with type 'cmake' and name 'planning_core'
[0.362s] Level 1:colcon.colcon_core.package_identification:_identify(PCT_planner_re/planner/scripts) by extensions ['ignore', 'ignore_ament_install']
[0.362s] Level 1:colcon.colcon_core.package_identification:_identify(PCT_planner_re/planner/scripts) by extension 'ignore'
[0.362s] Level 1:colcon.colcon_core.package_identification:_identify(PCT_planner_re/planner/scripts) by extension 'ignore_ament_install'
[0.362s] Level 1:colcon.colcon_core.package_identification:_identify(PCT_planner_re/planner/scripts) by extensions ['colcon_pkg']
[0.362s] Level 1:colcon.colcon_core.package_identification:_identify(PCT_planner_re/planner/scripts) by extension 'colcon_pkg'
[0.362s] Level 1:colcon.colcon_core.package_identification:_identify(PCT_planner_re/planner/scripts) by extensions ['colcon_meta']
[0.362s] Level 1:colcon.colcon_core.package_identification:_identify(PCT_planner_re/planner/scripts) by extension 'colcon_meta'
[0.362s] Level 1:colcon.colcon_core.package_identification:_identify(PCT_planner_re/planner/scripts) by extensions ['ros']
[0.362s] Level 1:colcon.colcon_core.package_identification:_identify(PCT_planner_re/planner/scripts) by extension 'ros'
[0.362s] Level 1:colcon.colcon_core.package_identification:_identify(PCT_planner_re/planner/scripts) by extensions ['cmake', 'python']
[0.362s] Level 1:colcon.colcon_core.package_identification:_identify(PCT_planner_re/planner/scripts) by extension 'cmake'
[0.362s] Level 1:colcon.colcon_core.package_identification:_identify(PCT_planner_re/planner/scripts) by extension 'python'
[0.362s] Level 1:colcon.colcon_core.package_identification:_identify(PCT_planner_re/planner/scripts) by extensions ['python_setup_py']
[0.362s] Level 1:colcon.colcon_core.package_identification:_identify(PCT_planner_re/planner/scripts) by extension 'python_setup_py'
[0.362s] Level 1:colcon.colcon_core.package_identification:_identify(PCT_planner_re/planner/scripts/__pycache__) by extensions ['ignore', 'ignore_ament_install']
[0.362s] Level 1:colcon.colcon_core.package_identification:_identify(PCT_planner_re/planner/scripts/__pycache__) by extension 'ignore'
[0.362s] Level 1:colcon.colcon_core.package_identification:_identify(PCT_planner_re/planner/scripts/__pycache__) by extension 'ignore_ament_install'
[0.362s] Level 1:colcon.colcon_core.package_identification:_identify(PCT_planner_re/planner/scripts/__pycache__) by extensions ['colcon_pkg']
[0.362s] Level 1:colcon.colcon_core.package_identification:_identify(PCT_planner_re/planner/scripts/__pycache__) by extension 'colcon_pkg'
[0.362s] Level 1:colcon.colcon_core.package_identification:_identify(PCT_planner_re/planner/scripts/__pycache__) by extensions ['colcon_meta']
[0.362s] Level 1:colcon.colcon_core.package_identification:_identify(PCT_planner_re/planner/scripts/__pycache__) by extension 'colcon_meta'
[0.362s] Level 1:colcon.colcon_core.package_identification:_identify(PCT_planner_re/planner/scripts/__pycache__) by extensions ['ros']
[0.362s] Level 1:colcon.colcon_core.package_identification:_identify(PCT_planner_re/planner/scripts/__pycache__) by extension 'ros'
[0.362s] Level 1:colcon.colcon_core.package_identification:_identify(PCT_planner_re/planner/scripts/__pycache__) by extensions ['cmake', 'python']
[0.362s] Level 1:colcon.colcon_core.package_identification:_identify(PCT_planner_re/planner/scripts/__pycache__) by extension 'cmake'
[0.362s] Level 1:colcon.colcon_core.package_identification:_identify(PCT_planner_re/planner/scripts/__pycache__) by extension 'python'
[0.362s] Level 1:colcon.colcon_core.package_identification:_identify(PCT_planner_re/planner/scripts/__pycache__) by extensions ['python_setup_py']
[0.362s] Level 1:colcon.colcon_core.package_identification:_identify(PCT_planner_re/planner/scripts/__pycache__) by extension 'python_setup_py'
[0.362s] Level 1:colcon.colcon_core.package_identification:_identify(PCT_planner_re/planner/scripts/utils) by extensions ['ignore', 'ignore_ament_install']
[0.362s] Level 1:colcon.colcon_core.package_identification:_identify(PCT_planner_re/planner/scripts/utils) by extension 'ignore'
[0.362s] Level 1:colcon.colcon_core.package_identification:_identify(PCT_planner_re/planner/scripts/utils) by extension 'ignore_ament_install'
[0.362s] Level 1:colcon.colcon_core.package_identification:_identify(PCT_planner_re/planner/scripts/utils) by extensions ['colcon_pkg']
[0.362s] Level 1:colcon.colcon_core.package_identification:_identify(PCT_planner_re/planner/scripts/utils) by extension 'colcon_pkg'
[0.362s] Level 1:colcon.colcon_core.package_identification:_identify(PCT_planner_re/planner/scripts/utils) by extensions ['colcon_meta']
[0.362s] Level 1:colcon.colcon_core.package_identification:_identify(PCT_planner_re/planner/scripts/utils) by extension 'colcon_meta'
[0.362s] Level 1:colcon.colcon_core.package_identification:_identify(PCT_planner_re/planner/scripts/utils) by extensions ['ros']
[0.362s] Level 1:colcon.colcon_core.package_identification:_identify(PCT_planner_re/planner/scripts/utils) by extension 'ros'
[0.362s] Level 1:colcon.colcon_core.package_identification:_identify(PCT_planner_re/planner/scripts/utils) by extensions ['cmake', 'python']
[0.362s] Level 1:colcon.colcon_core.package_identification:_identify(PCT_planner_re/planner/scripts/utils) by extension 'cmake'
[0.362s] Level 1:colcon.colcon_core.package_identification:_identify(PCT_planner_re/planner/scripts/utils) by extension 'python'
[0.362s] Level 1:colcon.colcon_core.package_identification:_identify(PCT_planner_re/planner/scripts/utils) by extensions ['python_setup_py']
[0.362s] Level 1:colcon.colcon_core.package_identification:_identify(PCT_planner_re/planner/scripts/utils) by extension 'python_setup_py'
[0.363s] Level 1:colcon.colcon_core.package_identification:_identify(PCT_planner_re/planner/scripts/utils/__pycache__) by extensions ['ignore', 'ignore_ament_install']
[0.363s] Level 1:colcon.colcon_core.package_identification:_identify(PCT_planner_re/planner/scripts/utils/__pycache__) by extension 'ignore'
[0.363s] Level 1:colcon.colcon_core.package_identification:_identify(PCT_planner_re/planner/scripts/utils/__pycache__) by extension 'ignore_ament_install'
[0.363s] Level 1:colcon.colcon_core.package_identification:_identify(PCT_planner_re/planner/scripts/utils/__pycache__) by extensions ['colcon_pkg']
[0.363s] Level 1:colcon.colcon_core.package_identification:_identify(PCT_planner_re/planner/scripts/utils/__pycache__) by extension 'colcon_pkg'
[0.363s] Level 1:colcon.colcon_core.package_identification:_identify(PCT_planner_re/planner/scripts/utils/__pycache__) by extensions ['colcon_meta']
[0.363s] Level 1:colcon.colcon_core.package_identification:_identify(PCT_planner_re/planner/scripts/utils/__pycache__) by extension 'colcon_meta'
[0.363s] Level 1:colcon.colcon_core.package_identification:_identify(PCT_planner_re/planner/scripts/utils/__pycache__) by extensions ['ros']
[0.363s] Level 1:colcon.colcon_core.package_identification:_identify(PCT_planner_re/planner/scripts/utils/__pycache__) by extension 'ros'
[0.363s] Level 1:colcon.colcon_core.package_identification:_identify(PCT_planner_re/planner/scripts/utils/__pycache__) by extensions ['cmake', 'python']
[0.363s] Level 1:colcon.colcon_core.package_identification:_identify(PCT_planner_re/planner/scripts/utils/__pycache__) by extension 'cmake'
[0.363s] Level 1:colcon.colcon_core.package_identification:_identify(PCT_planner_re/planner/scripts/utils/__pycache__) by extension 'python'
[0.363s] Level 1:colcon.colcon_core.package_identification:_identify(PCT_planner_re/planner/scripts/utils/__pycache__) by extensions ['python_setup_py']
[0.363s] Level 1:colcon.colcon_core.package_identification:_identify(PCT_planner_re/planner/scripts/utils/__pycache__) by extension 'python_setup_py'
[0.363s] Level 1:colcon.colcon_core.package_identification:_identify(PCT_planner_re/rsc) by extensions ['ignore', 'ignore_ament_install']
[0.363s] Level 1:colcon.colcon_core.package_identification:_identify(PCT_planner_re/rsc) by extension 'ignore'
[0.363s] Level 1:colcon.colcon_core.package_identification:_identify(PCT_planner_re/rsc) by extension 'ignore_ament_install'
[0.363s] Level 1:colcon.colcon_core.package_identification:_identify(PCT_planner_re/rsc) by extensions ['colcon_pkg']
[0.363s] Level 1:colcon.colcon_core.package_identification:_identify(PCT_planner_re/rsc) by extension 'colcon_pkg'
[0.363s] Level 1:colcon.colcon_core.package_identification:_identify(PCT_planner_re/rsc) by extensions ['colcon_meta']
[0.363s] Level 1:colcon.colcon_core.package_identification:_identify(PCT_planner_re/rsc) by extension 'colcon_meta'
[0.363s] Level 1:colcon.colcon_core.package_identification:_identify(PCT_planner_re/rsc) by extensions ['ros']
[0.363s] Level 1:colcon.colcon_core.package_identification:_identify(PCT_planner_re/rsc) by extension 'ros'
[0.363s] Level 1:colcon.colcon_core.package_identification:_identify(PCT_planner_re/rsc) by extensions ['cmake', 'python']
[0.363s] Level 1:colcon.colcon_core.package_identification:_identify(PCT_planner_re/rsc) by extension 'cmake'
[0.363s] Level 1:colcon.colcon_core.package_identification:_identify(PCT_planner_re/rsc) by extension 'python'
[0.363s] Level 1:colcon.colcon_core.package_identification:_identify(PCT_planner_re/rsc) by extensions ['python_setup_py']
[0.363s] Level 1:colcon.colcon_core.package_identification:_identify(PCT_planner_re/rsc) by extension 'python_setup_py'
[0.363s] Level 1:colcon.colcon_core.package_identification:_identify(PCT_planner_re/rsc/docs) by extensions ['ignore', 'ignore_ament_install']
[0.363s] Level 1:colcon.colcon_core.package_identification:_identify(PCT_planner_re/rsc/docs) by extension 'ignore'
[0.363s] Level 1:colcon.colcon_core.package_identification:_identify(PCT_planner_re/rsc/docs) by extension 'ignore_ament_install'
[0.363s] Level 1:colcon.colcon_core.package_identification:_identify(PCT_planner_re/rsc/docs) by extensions ['colcon_pkg']
[0.363s] Level 1:colcon.colcon_core.package_identification:_identify(PCT_planner_re/rsc/docs) by extension 'colcon_pkg'
[0.363s] Level 1:colcon.colcon_core.package_identification:_identify(PCT_planner_re/rsc/docs) by extensions ['colcon_meta']
[0.363s] Level 1:colcon.colcon_core.package_identification:_identify(PCT_planner_re/rsc/docs) by extension 'colcon_meta'
[0.363s] Level 1:colcon.colcon_core.package_identification:_identify(PCT_planner_re/rsc/docs) by extensions ['ros']
[0.363s] Level 1:colcon.colcon_core.package_identification:_identify(PCT_planner_re/rsc/docs) by extension 'ros'
[0.363s] Level 1:colcon.colcon_core.package_identification:_identify(PCT_planner_re/rsc/docs) by extensions ['cmake', 'python']
[0.363s] Level 1:colcon.colcon_core.package_identification:_identify(PCT_planner_re/rsc/docs) by extension 'cmake'
[0.363s] Level 1:colcon.colcon_core.package_identification:_identify(PCT_planner_re/rsc/docs) by extension 'python'
[0.363s] Level 1:colcon.colcon_core.package_identification:_identify(PCT_planner_re/rsc/docs) by extensions ['python_setup_py']
[0.363s] Level 1:colcon.colcon_core.package_identification:_identify(PCT_planner_re/rsc/docs) by extension 'python_setup_py'
[0.363s] Level 1:colcon.colcon_core.package_identification:_identify(PCT_planner_re/rsc/pcd) by extensions ['ignore', 'ignore_ament_install']
[0.363s] Level 1:colcon.colcon_core.package_identification:_identify(PCT_planner_re/rsc/pcd) by extension 'ignore'
[0.363s] Level 1:colcon.colcon_core.package_identification:_identify(PCT_planner_re/rsc/pcd) by extension 'ignore_ament_install'
[0.363s] Level 1:colcon.colcon_core.package_identification:_identify(PCT_planner_re/rsc/pcd) by extensions ['colcon_pkg']
[0.363s] Level 1:colcon.colcon_core.package_identification:_identify(PCT_planner_re/rsc/pcd) by extension 'colcon_pkg'
[0.363s] Level 1:colcon.colcon_core.package_identification:_identify(PCT_planner_re/rsc/pcd) by extensions ['colcon_meta']
[0.363s] Level 1:colcon.colcon_core.package_identification:_identify(PCT_planner_re/rsc/pcd) by extension 'colcon_meta'
[0.364s] Level 1:colcon.colcon_core.package_identification:_identify(PCT_planner_re/rsc/pcd) by extensions ['ros']
[0.364s] Level 1:colcon.colcon_core.package_identification:_identify(PCT_planner_re/rsc/pcd) by extension 'ros'
[0.364s] Level 1:colcon.colcon_core.package_identification:_identify(PCT_planner_re/rsc/pcd) by extensions ['cmake', 'python']
[0.364s] Level 1:colcon.colcon_core.package_identification:_identify(PCT_planner_re/rsc/pcd) by extension 'cmake'
[0.364s] Level 1:colcon.colcon_core.package_identification:_identify(PCT_planner_re/rsc/pcd) by extension 'python'
[0.364s] Level 1:colcon.colcon_core.package_identification:_identify(PCT_planner_re/rsc/pcd) by extensions ['python_setup_py']
[0.364s] Level 1:colcon.colcon_core.package_identification:_identify(PCT_planner_re/rsc/pcd) by extension 'python_setup_py'
[0.364s] Level 1:colcon.colcon_core.package_identification:_identify(PCT_planner_re/rsc/pcd/pcd_files) by extensions ['ignore', 'ignore_ament_install']
[0.364s] Level 1:colcon.colcon_core.package_identification:_identify(PCT_planner_re/rsc/pcd/pcd_files) by extension 'ignore'
[0.364s] Level 1:colcon.colcon_core.package_identification:_identify(PCT_planner_re/rsc/pcd/pcd_files) by extension 'ignore_ament_install'
[0.364s] Level 1:colcon.colcon_core.package_identification:_identify(PCT_planner_re/rsc/pcd/pcd_files) by extensions ['colcon_pkg']
[0.364s] Level 1:colcon.colcon_core.package_identification:_identify(PCT_planner_re/rsc/pcd/pcd_files) by extension 'colcon_pkg'
[0.364s] Level 1:colcon.colcon_core.package_identification:_identify(PCT_planner_re/rsc/pcd/pcd_files) by extensions ['colcon_meta']
[0.364s] Level 1:colcon.colcon_core.package_identification:_identify(PCT_planner_re/rsc/pcd/pcd_files) by extension 'colcon_meta'
[0.364s] Level 1:colcon.colcon_core.package_identification:_identify(PCT_planner_re/rsc/pcd/pcd_files) by extensions ['ros']
[0.364s] Level 1:colcon.colcon_core.package_identification:_identify(PCT_planner_re/rsc/pcd/pcd_files) by extension 'ros'
[0.364s] Level 1:colcon.colcon_core.package_identification:_identify(PCT_planner_re/rsc/pcd/pcd_files) by extensions ['cmake', 'python']
[0.364s] Level 1:colcon.colcon_core.package_identification:_identify(PCT_planner_re/rsc/pcd/pcd_files) by extension 'cmake'
[0.364s] Level 1:colcon.colcon_core.package_identification:_identify(PCT_planner_re/rsc/pcd/pcd_files) by extension 'python'
[0.364s] Level 1:colcon.colcon_core.package_identification:_identify(PCT_planner_re/rsc/pcd/pcd_files) by extensions ['python_setup_py']
[0.364s] Level 1:colcon.colcon_core.package_identification:_identify(PCT_planner_re/rsc/pcd/pcd_files) by extension 'python_setup_py'
[0.364s] Level 1:colcon.colcon_core.package_identification:_identify(PCT_planner_re/rsc/rviz) by extensions ['ignore', 'ignore_ament_install']
[0.364s] Level 1:colcon.colcon_core.package_identification:_identify(PCT_planner_re/rsc/rviz) by extension 'ignore'
[0.364s] Level 1:colcon.colcon_core.package_identification:_identify(PCT_planner_re/rsc/rviz) by extension 'ignore_ament_install'
[0.364s] Level 1:colcon.colcon_core.package_identification:_identify(PCT_planner_re/rsc/rviz) by extensions ['colcon_pkg']
[0.364s] Level 1:colcon.colcon_core.package_identification:_identify(PCT_planner_re/rsc/rviz) by extension 'colcon_pkg'
[0.364s] Level 1:colcon.colcon_core.package_identification:_identify(PCT_planner_re/rsc/rviz) by extensions ['colcon_meta']
[0.364s] Level 1:colcon.colcon_core.package_identification:_identify(PCT_planner_re/rsc/rviz) by extension 'colcon_meta'
[0.364s] Level 1:colcon.colcon_core.package_identification:_identify(PCT_planner_re/rsc/rviz) by extensions ['ros']
[0.364s] Level 1:colcon.colcon_core.package_identification:_identify(PCT_planner_re/rsc/rviz) by extension 'ros'
[0.364s] Level 1:colcon.colcon_core.package_identification:_identify(PCT_planner_re/rsc/rviz) by extensions ['cmake', 'python']
[0.364s] Level 1:colcon.colcon_core.package_identification:_identify(PCT_planner_re/rsc/rviz) by extension 'cmake'
[0.364s] Level 1:colcon.colcon_core.package_identification:_identify(PCT_planner_re/rsc/rviz) by extension 'python'
[0.364s] Level 1:colcon.colcon_core.package_identification:_identify(PCT_planner_re/rsc/rviz) by extensions ['python_setup_py']
[0.364s] Level 1:colcon.colcon_core.package_identification:_identify(PCT_planner_re/rsc/rviz) by extension 'python_setup_py'
[0.364s] Level 1:colcon.colcon_core.package_identification:_identify(PCT_planner_re/rsc/tomogram) by extensions ['ignore', 'ignore_ament_install']
[0.364s] Level 1:colcon.colcon_core.package_identification:_identify(PCT_planner_re/rsc/tomogram) by extension 'ignore'
[0.364s] Level 1:colcon.colcon_core.package_identification:_identify(PCT_planner_re/rsc/tomogram) by extension 'ignore_ament_install'
[0.364s] Level 1:colcon.colcon_core.package_identification:_identify(PCT_planner_re/rsc/tomogram) by extensions ['colcon_pkg']
[0.364s] Level 1:colcon.colcon_core.package_identification:_identify(PCT_planner_re/rsc/tomogram) by extension 'colcon_pkg'
[0.364s] Level 1:colcon.colcon_core.package_identification:_identify(PCT_planner_re/rsc/tomogram) by extensions ['colcon_meta']
[0.364s] Level 1:colcon.colcon_core.package_identification:_identify(PCT_planner_re/rsc/tomogram) by extension 'colcon_meta'
[0.364s] Level 1:colcon.colcon_core.package_identification:_identify(PCT_planner_re/rsc/tomogram) by extensions ['ros']
[0.364s] Level 1:colcon.colcon_core.package_identification:_identify(PCT_planner_re/rsc/tomogram) by extension 'ros'
[0.364s] Level 1:colcon.colcon_core.package_identification:_identify(PCT_planner_re/rsc/tomogram) by extensions ['cmake', 'python']
[0.364s] Level 1:colcon.colcon_core.package_identification:_identify(PCT_planner_re/rsc/tomogram) by extension 'cmake'
[0.364s] Level 1:colcon.colcon_core.package_identification:_identify(PCT_planner_re/rsc/tomogram) by extension 'python'
[0.364s] Level 1:colcon.colcon_core.package_identification:_identify(PCT_planner_re/rsc/tomogram) by extensions ['python_setup_py']
[0.364s] Level 1:colcon.colcon_core.package_identification:_identify(PCT_planner_re/rsc/tomogram) by extension 'python_setup_py'
[0.364s] Level 1:colcon.colcon_core.package_identification:_identify(PCT_planner_re/tomography) by extensions ['ignore', 'ignore_ament_install']
[0.365s] Level 1:colcon.colcon_core.package_identification:_identify(PCT_planner_re/tomography) by extension 'ignore'
[0.365s] Level 1:colcon.colcon_core.package_identification:_identify(PCT_planner_re/tomography) by extension 'ignore_ament_install'
[0.365s] Level 1:colcon.colcon_core.package_identification:_identify(PCT_planner_re/tomography) by extensions ['colcon_pkg']
[0.365s] Level 1:colcon.colcon_core.package_identification:_identify(PCT_planner_re/tomography) by extension 'colcon_pkg'
[0.365s] Level 1:colcon.colcon_core.package_identification:_identify(PCT_planner_re/tomography) by extensions ['colcon_meta']
[0.365s] Level 1:colcon.colcon_core.package_identification:_identify(PCT_planner_re/tomography) by extension 'colcon_meta'
[0.365s] Level 1:colcon.colcon_core.package_identification:_identify(PCT_planner_re/tomography) by extensions ['ros']
[0.365s] Level 1:colcon.colcon_core.package_identification:_identify(PCT_planner_re/tomography) by extension 'ros'
[0.365s] Level 1:colcon.colcon_core.package_identification:_identify(PCT_planner_re/tomography) by extensions ['cmake', 'python']
[0.365s] Level 1:colcon.colcon_core.package_identification:_identify(PCT_planner_re/tomography) by extension 'cmake'
[0.365s] Level 1:colcon.colcon_core.package_identification:_identify(PCT_planner_re/tomography) by extension 'python'
[0.365s] Level 1:colcon.colcon_core.package_identification:_identify(PCT_planner_re/tomography) by extensions ['python_setup_py']
[0.365s] Level 1:colcon.colcon_core.package_identification:_identify(PCT_planner_re/tomography) by extension 'python_setup_py'
[0.365s] Level 1:colcon.colcon_core.package_identification:_identify(PCT_planner_re/tomography/config) by extensions ['ignore', 'ignore_ament_install']
[0.365s] Level 1:colcon.colcon_core.package_identification:_identify(PCT_planner_re/tomography/config) by extension 'ignore'
[0.365s] Level 1:colcon.colcon_core.package_identification:_identify(PCT_planner_re/tomography/config) by extension 'ignore_ament_install'
[0.365s] Level 1:colcon.colcon_core.package_identification:_identify(PCT_planner_re/tomography/config) by extensions ['colcon_pkg']
[0.365s] Level 1:colcon.colcon_core.package_identification:_identify(PCT_planner_re/tomography/config) by extension 'colcon_pkg'
[0.365s] Level 1:colcon.colcon_core.package_identification:_identify(PCT_planner_re/tomography/config) by extensions ['colcon_meta']
[0.365s] Level 1:colcon.colcon_core.package_identification:_identify(PCT_planner_re/tomography/config) by extension 'colcon_meta'
[0.365s] Level 1:colcon.colcon_core.package_identification:_identify(PCT_planner_re/tomography/config) by extensions ['ros']
[0.365s] Level 1:colcon.colcon_core.package_identification:_identify(PCT_planner_re/tomography/config) by extension 'ros'
[0.365s] Level 1:colcon.colcon_core.package_identification:_identify(PCT_planner_re/tomography/config) by extensions ['cmake', 'python']
[0.365s] Level 1:colcon.colcon_core.package_identification:_identify(PCT_planner_re/tomography/config) by extension 'cmake'
[0.365s] Level 1:colcon.colcon_core.package_identification:_identify(PCT_planner_re/tomography/config) by extension 'python'
[0.365s] Level 1:colcon.colcon_core.package_identification:_identify(PCT_planner_re/tomography/config) by extensions ['python_setup_py']
[0.365s] Level 1:colcon.colcon_core.package_identification:_identify(PCT_planner_re/tomography/config) by extension 'python_setup_py'
[0.365s] Level 1:colcon.colcon_core.package_identification:_identify(PCT_planner_re/tomography/config/__pycache__) by extensions ['ignore', 'ignore_ament_install']
[0.365s] Level 1:colcon.colcon_core.package_identification:_identify(PCT_planner_re/tomography/config/__pycache__) by extension 'ignore'
[0.365s] Level 1:colcon.colcon_core.package_identification:_identify(PCT_planner_re/tomography/config/__pycache__) by extension 'ignore_ament_install'
[0.365s] Level 1:colcon.colcon_core.package_identification:_identify(PCT_planner_re/tomography/config/__pycache__) by extensions ['colcon_pkg']
[0.365s] Level 1:colcon.colcon_core.package_identification:_identify(PCT_planner_re/tomography/config/__pycache__) by extension 'colcon_pkg'
[0.365s] Level 1:colcon.colcon_core.package_identification:_identify(PCT_planner_re/tomography/config/__pycache__) by extensions ['colcon_meta']
[0.365s] Level 1:colcon.colcon_core.package_identification:_identify(PCT_planner_re/tomography/config/__pycache__) by extension 'colcon_meta'
[0.365s] Level 1:colcon.colcon_core.package_identification:_identify(PCT_planner_re/tomography/config/__pycache__) by extensions ['ros']
[0.365s] Level 1:colcon.colcon_core.package_identification:_identify(PCT_planner_re/tomography/config/__pycache__) by extension 'ros'
[0.365s] Level 1:colcon.colcon_core.package_identification:_identify(PCT_planner_re/tomography/config/__pycache__) by extensions ['cmake', 'python']
[0.365s] Level 1:colcon.colcon_core.package_identification:_identify(PCT_planner_re/tomography/config/__pycache__) by extension 'cmake'
[0.365s] Level 1:colcon.colcon_core.package_identification:_identify(PCT_planner_re/tomography/config/__pycache__) by extension 'python'
[0.365s] Level 1:colcon.colcon_core.package_identification:_identify(PCT_planner_re/tomography/config/__pycache__) by extensions ['python_setup_py']
[0.365s] Level 1:colcon.colcon_core.package_identification:_identify(PCT_planner_re/tomography/config/__pycache__) by extension 'python_setup_py'
[0.365s] Level 1:colcon.colcon_core.package_identification:_identify(PCT_planner_re/tomography/scripts) by extensions ['ignore', 'ignore_ament_install']
[0.365s] Level 1:colcon.colcon_core.package_identification:_identify(PCT_planner_re/tomography/scripts) by extension 'ignore'
[0.365s] Level 1:colcon.colcon_core.package_identification:_identify(PCT_planner_re/tomography/scripts) by extension 'ignore_ament_install'
[0.365s] Level 1:colcon.colcon_core.package_identification:_identify(PCT_planner_re/tomography/scripts) by extensions ['colcon_pkg']
[0.365s] Level 1:colcon.colcon_core.package_identification:_identify(PCT_planner_re/tomography/scripts) by extension 'colcon_pkg'
[0.365s] Level 1:colcon.colcon_core.package_identification:_identify(PCT_planner_re/tomography/scripts) by extensions ['colcon_meta']
[0.365s] Level 1:colcon.colcon_core.package_identification:_identify(PCT_planner_re/tomography/scripts) by extension 'colcon_meta'
[0.365s] Level 1:colcon.colcon_core.package_identification:_identify(PCT_planner_re/tomography/scripts) by extensions ['ros']
[0.365s] Level 1:colcon.colcon_core.package_identification:_identify(PCT_planner_re/tomography/scripts) by extension 'ros'
[0.366s] Level 1:colcon.colcon_core.package_identification:_identify(PCT_planner_re/tomography/scripts) by extensions ['cmake', 'python']
[0.366s] Level 1:colcon.colcon_core.package_identification:_identify(PCT_planner_re/tomography/scripts) by extension 'cmake'
[0.366s] Level 1:colcon.colcon_core.package_identification:_identify(PCT_planner_re/tomography/scripts) by extension 'python'
[0.366s] Level 1:colcon.colcon_core.package_identification:_identify(PCT_planner_re/tomography/scripts) by extensions ['python_setup_py']
[0.366s] Level 1:colcon.colcon_core.package_identification:_identify(PCT_planner_re/tomography/scripts) by extension 'python_setup_py'
[0.366s] Level 1:colcon.colcon_core.package_identification:_identify(PCT_planner_re/tomography/scripts/__pycache__) by extensions ['ignore', 'ignore_ament_install']
[0.366s] Level 1:colcon.colcon_core.package_identification:_identify(PCT_planner_re/tomography/scripts/__pycache__) by extension 'ignore'
[0.366s] Level 1:colcon.colcon_core.package_identification:_identify(PCT_planner_re/tomography/scripts/__pycache__) by extension 'ignore_ament_install'
[0.366s] Level 1:colcon.colcon_core.package_identification:_identify(PCT_planner_re/tomography/scripts/__pycache__) by extensions ['colcon_pkg']
[0.366s] Level 1:colcon.colcon_core.package_identification:_identify(PCT_planner_re/tomography/scripts/__pycache__) by extension 'colcon_pkg'
[0.366s] Level 1:colcon.colcon_core.package_identification:_identify(PCT_planner_re/tomography/scripts/__pycache__) by extensions ['colcon_meta']
[0.366s] Level 1:colcon.colcon_core.package_identification:_identify(PCT_planner_re/tomography/scripts/__pycache__) by extension 'colcon_meta'
[0.366s] Level 1:colcon.colcon_core.package_identification:_identify(PCT_planner_re/tomography/scripts/__pycache__) by extensions ['ros']
[0.366s] Level 1:colcon.colcon_core.package_identification:_identify(PCT_planner_re/tomography/scripts/__pycache__) by extension 'ros'
[0.366s] Level 1:colcon.colcon_core.package_identification:_identify(PCT_planner_re/tomography/scripts/__pycache__) by extensions ['cmake', 'python']
[0.366s] Level 1:colcon.colcon_core.package_identification:_identify(PCT_planner_re/tomography/scripts/__pycache__) by extension 'cmake'
[0.366s] Level 1:colcon.colcon_core.package_identification:_identify(PCT_planner_re/tomography/scripts/__pycache__) by extension 'python'
[0.366s] Level 1:colcon.colcon_core.package_identification:_identify(PCT_planner_re/tomography/scripts/__pycache__) by extensions ['python_setup_py']
[0.366s] Level 1:colcon.colcon_core.package_identification:_identify(PCT_planner_re/tomography/scripts/__pycache__) by extension 'python_setup_py'
[0.366s] Level 1:colcon.colcon_core.package_identification:_identify(build) by extensions ['ignore', 'ignore_ament_install']
[0.366s] Level 1:colcon.colcon_core.package_identification:_identify(build) by extension 'ignore'
[0.366s] Level 1:colcon.colcon_core.package_identification:_identify(build) ignored
[0.366s] Level 1:colcon.colcon_core.package_identification:_identify(install) by extensions ['ignore', 'ignore_ament_install']
[0.366s] Level 1:colcon.colcon_core.package_identification:_identify(install) by extension 'ignore'
[0.366s] Level 1:colcon.colcon_core.package_identification:_identify(install) ignored
[0.366s] Level 1:colcon.colcon_core.package_identification:_identify(log) by extensions ['ignore', 'ignore_ament_install']
[0.366s] Level 1:colcon.colcon_core.package_identification:_identify(log) by extension 'ignore'
[0.366s] Level 1:colcon.colcon_core.package_identification:_identify(log) ignored
[0.366s] Level 1:colcon.colcon_core.package_identification:_identify(src) by extensions ['ignore', 'ignore_ament_install']
[0.366s] Level 1:colcon.colcon_core.package_identification:_identify(src) by extension 'ignore'
[0.366s] Level 1:colcon.colcon_core.package_identification:_identify(src) by extension 'ignore_ament_install'
[0.366s] Level 1:colcon.colcon_core.package_identification:_identify(src) by extensions ['colcon_pkg']
[0.366s] Level 1:colcon.colcon_core.package_identification:_identify(src) by extension 'colcon_pkg'
[0.366s] Level 1:colcon.colcon_core.package_identification:_identify(src) by extensions ['colcon_meta']
[0.366s] Level 1:colcon.colcon_core.package_identification:_identify(src) by extension 'colcon_meta'
[0.366s] Level 1:colcon.colcon_core.package_identification:_identify(src) by extensions ['ros']
[0.366s] Level 1:colcon.colcon_core.package_identification:_identify(src) by extension 'ros'
[0.366s] Level 1:colcon.colcon_core.package_identification:_identify(src) by extensions ['cmake', 'python']
[0.366s] Level 1:colcon.colcon_core.package_identification:_identify(src) by extension 'cmake'
[0.367s] Level 1:colcon.colcon_core.package_identification:_identify(src) by extension 'python'
[0.367s] Level 1:colcon.colcon_core.package_identification:_identify(src) by extensions ['python_setup_py']
[0.367s] Level 1:colcon.colcon_core.package_identification:_identify(src) by extension 'python_setup_py'
[0.367s] Level 1:colcon.colcon_core.package_identification:_identify(src/nav_integration) by extensions ['ignore', 'ignore_ament_install']
[0.367s] Level 1:colcon.colcon_core.package_identification:_identify(src/nav_integration) by extension 'ignore'
[0.367s] Level 1:colcon.colcon_core.package_identification:_identify(src/nav_integration) by extension 'ignore_ament_install'
[0.367s] Level 1:colcon.colcon_core.package_identification:_identify(src/nav_integration) by extensions ['colcon_pkg']
[0.367s] Level 1:colcon.colcon_core.package_identification:_identify(src/nav_integration) by extension 'colcon_pkg'
[0.367s] Level 1:colcon.colcon_core.package_identification:_identify(src/nav_integration) by extensions ['colcon_meta']
[0.367s] Level 1:colcon.colcon_core.package_identification:_identify(src/nav_integration) by extension 'colcon_meta'
[0.367s] Level 1:colcon.colcon_core.package_identification:_identify(src/nav_integration) by extensions ['ros']
[0.367s] Level 1:colcon.colcon_core.package_identification:_identify(src/nav_integration) by extension 'ros'
[0.369s] DEBUG:colcon.colcon_core.package_identification:Package 'src/nav_integration' with type 'ros.ament_python' and name 'nav_integration'
[0.369s] Level 1:colcon.colcon_core.package_identification:_identify(src/planner) by extensions ['ignore', 'ignore_ament_install']
[0.369s] Level 1:colcon.colcon_core.package_identification:_identify(src/planner) by extension 'ignore'
[0.370s] Level 1:colcon.colcon_core.package_identification:_identify(src/planner) by extension 'ignore_ament_install'
[0.370s] Level 1:colcon.colcon_core.package_identification:_identify(src/planner) by extensions ['colcon_pkg']
[0.370s] Level 1:colcon.colcon_core.package_identification:_identify(src/planner) by extension 'colcon_pkg'
[0.370s] Level 1:colcon.colcon_core.package_identification:_identify(src/planner) by extensions ['colcon_meta']
[0.370s] Level 1:colcon.colcon_core.package_identification:_identify(src/planner) by extension 'colcon_meta'
[0.370s] Level 1:colcon.colcon_core.package_identification:_identify(src/planner) by extensions ['ros']
[0.370s] Level 1:colcon.colcon_core.package_identification:_identify(src/planner) by extension 'ros'
[0.370s] Level 1:colcon.colcon_core.package_identification:_identify(src/planner) by extensions ['cmake', 'python']
[0.370s] Level 1:colcon.colcon_core.package_identification:_identify(src/planner) by extension 'cmake'
[0.370s] Level 1:colcon.colcon_core.package_identification:_identify(src/planner) by extension 'python'
[0.370s] Level 1:colcon.colcon_core.package_identification:_identify(src/planner) by extensions ['python_setup_py']
[0.370s] Level 1:colcon.colcon_core.package_identification:_identify(src/planner) by extension 'python_setup_py'
[0.370s] Level 1:colcon.colcon_core.package_identification:_identify(src/planner/bspline_opt) by extensions ['ignore', 'ignore_ament_install']
[0.370s] Level 1:colcon.colcon_core.package_identification:_identify(src/planner/bspline_opt) by extension 'ignore'
[0.370s] Level 1:colcon.colcon_core.package_identification:_identify(src/planner/bspline_opt) by extension 'ignore_ament_install'
[0.370s] Level 1:colcon.colcon_core.package_identification:_identify(src/planner/bspline_opt) by extensions ['colcon_pkg']
[0.370s] Level 1:colcon.colcon_core.package_identification:_identify(src/planner/bspline_opt) by extension 'colcon_pkg'
[0.370s] Level 1:colcon.colcon_core.package_identification:_identify(src/planner/bspline_opt) by extensions ['colcon_meta']
[0.370s] Level 1:colcon.colcon_core.package_identification:_identify(src/planner/bspline_opt) by extension 'colcon_meta'
[0.370s] Level 1:colcon.colcon_core.package_identification:_identify(src/planner/bspline_opt) by extensions ['ros']
[0.370s] Level 1:colcon.colcon_core.package_identification:_identify(src/planner/bspline_opt) by extension 'ros'
[0.371s] DEBUG:colcon.colcon_core.package_identification:Package 'src/planner/bspline_opt' with type 'ros.ament_cmake' and name 'bspline_opt'
[0.371s] Level 1:colcon.colcon_core.package_identification:_identify(src/planner/drone_detect) by extensions ['ignore', 'ignore_ament_install']
[0.371s] Level 1:colcon.colcon_core.package_identification:_identify(src/planner/drone_detect) by extension 'ignore'
[0.371s] Level 1:colcon.colcon_core.package_identification:_identify(src/planner/drone_detect) by extension 'ignore_ament_install'
[0.371s] Level 1:colcon.colcon_core.package_identification:_identify(src/planner/drone_detect) by extensions ['colcon_pkg']
[0.371s] Level 1:colcon.colcon_core.package_identification:_identify(src/planner/drone_detect) by extension 'colcon_pkg'
[0.371s] Level 1:colcon.colcon_core.package_identification:_identify(src/planner/drone_detect) by extensions ['colcon_meta']
[0.371s] Level 1:colcon.colcon_core.package_identification:_identify(src/planner/drone_detect) by extension 'colcon_meta'
[0.372s] Level 1:colcon.colcon_core.package_identification:_identify(src/planner/drone_detect) by extensions ['ros']
[0.372s] Level 1:colcon.colcon_core.package_identification:_identify(src/planner/drone_detect) by extension 'ros'
[0.372s] DEBUG:colcon.colcon_core.package_identification:Package 'src/planner/drone_detect' with type 'ros.ament_cmake' and name 'drone_detect'
[0.372s] Level 1:colcon.colcon_core.package_identification:_identify(src/planner/path_searching) by extensions ['ignore', 'ignore_ament_install']
[0.372s] Level 1:colcon.colcon_core.package_identification:_identify(src/planner/path_searching) by extension 'ignore'
[0.372s] Level 1:colcon.colcon_core.package_identification:_identify(src/planner/path_searching) by extension 'ignore_ament_install'
[0.372s] Level 1:colcon.colcon_core.package_identification:_identify(src/planner/path_searching) by extensions ['colcon_pkg']
[0.372s] Level 1:colcon.colcon_core.package_identification:_identify(src/planner/path_searching) by extension 'colcon_pkg'
[0.372s] Level 1:colcon.colcon_core.package_identification:_identify(src/planner/path_searching) by extensions ['colcon_meta']
[0.372s] Level 1:colcon.colcon_core.package_identification:_identify(src/planner/path_searching) by extension 'colcon_meta'
[0.372s] Level 1:colcon.colcon_core.package_identification:_identify(src/planner/path_searching) by extensions ['ros']
[0.372s] Level 1:colcon.colcon_core.package_identification:_identify(src/planner/path_searching) by extension 'ros'
[0.373s] DEBUG:colcon.colcon_core.package_identification:Package 'src/planner/path_searching' with type 'ros.ament_cmake' and name 'path_searching'
[0.373s] Level 1:colcon.colcon_core.package_identification:_identify(src/planner/plan_env) by extensions ['ignore', 'ignore_ament_install']
[0.373s] Level 1:colcon.colcon_core.package_identification:_identify(src/planner/plan_env) by extension 'ignore'
[0.373s] Level 1:colcon.colcon_core.package_identification:_identify(src/planner/plan_env) by extension 'ignore_ament_install'
[0.373s] Level 1:colcon.colcon_core.package_identification:_identify(src/planner/plan_env) by extensions ['colcon_pkg']
[0.373s] Level 1:colcon.colcon_core.package_identification:_identify(src/planner/plan_env) by extension 'colcon_pkg'
[0.373s] Level 1:colcon.colcon_core.package_identification:_identify(src/planner/plan_env) by extensions ['colcon_meta']
[0.374s] Level 1:colcon.colcon_core.package_identification:_identify(src/planner/plan_env) by extension 'colcon_meta'
[0.374s] Level 1:colcon.colcon_core.package_identification:_identify(src/planner/plan_env) by extensions ['ros']
[0.374s] Level 1:colcon.colcon_core.package_identification:_identify(src/planner/plan_env) by extension 'ros'
[0.375s] DEBUG:colcon.colcon_core.package_identification:Package 'src/planner/plan_env' with type 'ros.ament_cmake' and name 'plan_env'
[0.375s] Level 1:colcon.colcon_core.package_identification:_identify(src/planner/plan_manage) by extensions ['ignore', 'ignore_ament_install']
[0.375s] Level 1:colcon.colcon_core.package_identification:_identify(src/planner/plan_manage) by extension 'ignore'
[0.375s] Level 1:colcon.colcon_core.package_identification:_identify(src/planner/plan_manage) by extension 'ignore_ament_install'
[0.375s] Level 1:colcon.colcon_core.package_identification:_identify(src/planner/plan_manage) by extensions ['colcon_pkg']
[0.375s] Level 1:colcon.colcon_core.package_identification:_identify(src/planner/plan_manage) by extension 'colcon_pkg'
[0.375s] Level 1:colcon.colcon_core.package_identification:_identify(src/planner/plan_manage) by extensions ['colcon_meta']
[0.375s] Level 1:colcon.colcon_core.package_identification:_identify(src/planner/plan_manage) by extension 'colcon_meta'
[0.375s] Level 1:colcon.colcon_core.package_identification:_identify(src/planner/plan_manage) by extensions ['ros']
[0.375s] Level 1:colcon.colcon_core.package_identification:_identify(src/planner/plan_manage) by extension 'ros'
[0.377s] DEBUG:colcon.colcon_core.package_identification:Package 'src/planner/plan_manage' with type 'ros.ament_cmake' and name 'ego_planner'
[0.377s] Level 1:colcon.colcon_core.package_identification:_identify(src/planner/rosmsg_tcp_bridge) by extensions ['ignore', 'ignore_ament_install']
[0.377s] Level 1:colcon.colcon_core.package_identification:_identify(src/planner/rosmsg_tcp_bridge) by extension 'ignore'
[0.377s] Level 1:colcon.colcon_core.package_identification:_identify(src/planner/rosmsg_tcp_bridge) by extension 'ignore_ament_install'
[0.377s] Level 1:colcon.colcon_core.package_identification:_identify(src/planner/rosmsg_tcp_bridge) by extensions ['colcon_pkg']
[0.378s] Level 1:colcon.colcon_core.package_identification:_identify(src/planner/rosmsg_tcp_bridge) by extension 'colcon_pkg'
[0.378s] Level 1:colcon.colcon_core.package_identification:_identify(src/planner/rosmsg_tcp_bridge) by extensions ['colcon_meta']
[0.378s] Level 1:colcon.colcon_core.package_identification:_identify(src/planner/rosmsg_tcp_bridge) by extension 'colcon_meta'
[0.378s] Level 1:colcon.colcon_core.package_identification:_identify(src/planner/rosmsg_tcp_bridge) by extensions ['ros']
[0.378s] Level 1:colcon.colcon_core.package_identification:_identify(src/planner/rosmsg_tcp_bridge) by extension 'ros'
[0.379s] DEBUG:colcon.colcon_core.package_identification:Package 'src/planner/rosmsg_tcp_bridge' with type 'ros.ament_cmake' and name 'rosmsg_tcp_bridge'
[0.379s] Level 1:colcon.colcon_core.package_identification:_identify(src/planner/traj_utils) by extensions ['ignore', 'ignore_ament_install']
[0.379s] Level 1:colcon.colcon_core.package_identification:_identify(src/planner/traj_utils) by extension 'ignore'
[0.379s] Level 1:colcon.colcon_core.package_identification:_identify(src/planner/traj_utils) by extension 'ignore_ament_install'
[0.379s] Level 1:colcon.colcon_core.package_identification:_identify(src/planner/traj_utils) by extensions ['colcon_pkg']
[0.379s] Level 1:colcon.colcon_core.package_identification:_identify(src/planner/traj_utils) by extension 'colcon_pkg'
[0.380s] Level 1:colcon.colcon_core.package_identification:_identify(src/planner/traj_utils) by extensions ['colcon_meta']
[0.380s] Level 1:colcon.colcon_core.package_identification:_identify(src/planner/traj_utils) by extension 'colcon_meta'
[0.380s] Level 1:colcon.colcon_core.package_identification:_identify(src/planner/traj_utils) by extensions ['ros']
[0.380s] Level 1:colcon.colcon_core.package_identification:_identify(src/planner/traj_utils) by extension 'ros'
[0.380s] DEBUG:colcon.colcon_core.package_identification:Package 'src/planner/traj_utils' with type 'ros.ament_cmake' and name 'traj_utils'
[0.380s] Level 1:colcon.colcon_core.package_identification:_identify(src/uav_simulator) by extensions ['ignore', 'ignore_ament_install']
[0.380s] Level 1:colcon.colcon_core.package_identification:_identify(src/uav_simulator) by extension 'ignore'
[0.380s] Level 1:colcon.colcon_core.package_identification:_identify(src/uav_simulator) by extension 'ignore_ament_install'
[0.380s] Level 1:colcon.colcon_core.package_identification:_identify(src/uav_simulator) by extensions ['colcon_pkg']
[0.380s] Level 1:colcon.colcon_core.package_identification:_identify(src/uav_simulator) by extension 'colcon_pkg'
[0.380s] Level 1:colcon.colcon_core.package_identification:_identify(src/uav_simulator) by extensions ['colcon_meta']
[0.380s] Level 1:colcon.colcon_core.package_identification:_identify(src/uav_simulator) by extension 'colcon_meta'
[0.380s] Level 1:colcon.colcon_core.package_identification:_identify(src/uav_simulator) by extensions ['ros']
[0.380s] Level 1:colcon.colcon_core.package_identification:_identify(src/uav_simulator) by extension 'ros'
[0.380s] Level 1:colcon.colcon_core.package_identification:_identify(src/uav_simulator) by extensions ['cmake', 'python']
[0.380s] Level 1:colcon.colcon_core.package_identification:_identify(src/uav_simulator) by extension 'cmake'
[0.381s] Level 1:colcon.colcon_core.package_identification:_identify(src/uav_simulator) by extension 'python'
[0.381s] Level 1:colcon.colcon_core.package_identification:_identify(src/uav_simulator) by extensions ['python_setup_py']
[0.381s] Level 1:colcon.colcon_core.package_identification:_identify(src/uav_simulator) by extension 'python_setup_py'
[0.381s] Level 1:colcon.colcon_core.package_identification:_identify(src/uav_simulator/Utils) by extensions ['ignore', 'ignore_ament_install']
[0.381s] Level 1:colcon.colcon_core.package_identification:_identify(src/uav_simulator/Utils) by extension 'ignore'
[0.381s] Level 1:colcon.colcon_core.package_identification:_identify(src/uav_simulator/Utils) by extension 'ignore_ament_install'
[0.381s] Level 1:colcon.colcon_core.package_identification:_identify(src/uav_simulator/Utils) by extensions ['colcon_pkg']
[0.381s] Level 1:colcon.colcon_core.package_identification:_identify(src/uav_simulator/Utils) by extension 'colcon_pkg'
[0.381s] Level 1:colcon.colcon_core.package_identification:_identify(src/uav_simulator/Utils) by extensions ['colcon_meta']
[0.381s] Level 1:colcon.colcon_core.package_identification:_identify(src/uav_simulator/Utils) by extension 'colcon_meta'
[0.381s] Level 1:colcon.colcon_core.package_identification:_identify(src/uav_simulator/Utils) by extensions ['ros']
[0.381s] Level 1:colcon.colcon_core.package_identification:_identify(src/uav_simulator/Utils) by extension 'ros'
[0.381s] Level 1:colcon.colcon_core.package_identification:_identify(src/uav_simulator/Utils) by extensions ['cmake', 'python']
[0.381s] Level 1:colcon.colcon_core.package_identification:_identify(src/uav_simulator/Utils) by extension 'cmake'
[0.381s] Level 1:colcon.colcon_core.package_identification:_identify(src/uav_simulator/Utils) by extension 'python'
[0.381s] Level 1:colcon.colcon_core.package_identification:_identify(src/uav_simulator/Utils) by extensions ['python_setup_py']
[0.381s] Level 1:colcon.colcon_core.package_identification:_identify(src/uav_simulator/Utils) by extension 'python_setup_py'
[0.381s] Level 1:colcon.colcon_core.package_identification:_identify(src/uav_simulator/Utils/cmake_utils) by extensions ['ignore', 'ignore_ament_install']
[0.381s] Level 1:colcon.colcon_core.package_identification:_identify(src/uav_simulator/Utils/cmake_utils) by extension 'ignore'
[0.381s] Level 1:colcon.colcon_core.package_identification:_identify(src/uav_simulator/Utils/cmake_utils) by extension 'ignore_ament_install'
[0.381s] Level 1:colcon.colcon_core.package_identification:_identify(src/uav_simulator/Utils/cmake_utils) by extensions ['colcon_pkg']
[0.381s] Level 1:colcon.colcon_core.package_identification:_identify(src/uav_simulator/Utils/cmake_utils) by extension 'colcon_pkg'
[0.381s] Level 1:colcon.colcon_core.package_identification:_identify(src/uav_simulator/Utils/cmake_utils) by extensions ['colcon_meta']
[0.381s] Level 1:colcon.colcon_core.package_identification:_identify(src/uav_simulator/Utils/cmake_utils) by extension 'colcon_meta'
[0.381s] Level 1:colcon.colcon_core.package_identification:_identify(src/uav_simulator/Utils/cmake_utils) by extensions ['ros']
[0.381s] Level 1:colcon.colcon_core.package_identification:_identify(src/uav_simulator/Utils/cmake_utils) by extension 'ros'
[0.381s] DEBUG:colcon.colcon_core.package_identification:Package 'src/uav_simulator/Utils/cmake_utils' with type 'ros.ament_cmake' and name 'cmake_utils'
[0.381s] Level 1:colcon.colcon_core.package_identification:_identify(src/uav_simulator/Utils/multi_map_server) by extensions ['ignore', 'ignore_ament_install']
[0.381s] Level 1:colcon.colcon_core.package_identification:_identify(src/uav_simulator/Utils/multi_map_server) by extension 'ignore'
[0.381s] Level 1:colcon.colcon_core.package_identification:_identify(src/uav_simulator/Utils/multi_map_server) by extension 'ignore_ament_install'
[0.381s] Level 1:colcon.colcon_core.package_identification:_identify(src/uav_simulator/Utils/multi_map_server) by extensions ['colcon_pkg']
[0.381s] Level 1:colcon.colcon_core.package_identification:_identify(src/uav_simulator/Utils/multi_map_server) by extension 'colcon_pkg'
[0.381s] Level 1:colcon.colcon_core.package_identification:_identify(src/uav_simulator/Utils/multi_map_server) by extensions ['colcon_meta']
[0.381s] Level 1:colcon.colcon_core.package_identification:_identify(src/uav_simulator/Utils/multi_map_server) by extension 'colcon_meta'
[0.381s] Level 1:colcon.colcon_core.package_identification:_identify(src/uav_simulator/Utils/multi_map_server) by extensions ['ros']
[0.382s] Level 1:colcon.colcon_core.package_identification:_identify(src/uav_simulator/Utils/multi_map_server) by extension 'ros'
[0.382s] DEBUG:colcon.colcon_core.package_identification:Package 'src/uav_simulator/Utils/multi_map_server' with type 'ros.ament_cmake' and name 'multi_map_server'
[0.382s] Level 1:colcon.colcon_core.package_identification:_identify(src/uav_simulator/Utils/odom_visualization) by extensions ['ignore', 'ignore_ament_install']
[0.382s] Level 1:colcon.colcon_core.package_identification:_identify(src/uav_simulator/Utils/odom_visualization) by extension 'ignore'
[0.382s] Level 1:colcon.colcon_core.package_identification:_identify(src/uav_simulator/Utils/odom_visualization) by extension 'ignore_ament_install'
[0.382s] Level 1:colcon.colcon_core.package_identification:_identify(src/uav_simulator/Utils/odom_visualization) by extensions ['colcon_pkg']
[0.382s] Level 1:colcon.colcon_core.package_identification:_identify(src/uav_simulator/Utils/odom_visualization) by extension 'colcon_pkg'
[0.382s] Level 1:colcon.colcon_core.package_identification:_identify(src/uav_simulator/Utils/odom_visualization) by extensions ['colcon_meta']
[0.382s] Level 1:colcon.colcon_core.package_identification:_identify(src/uav_simulator/Utils/odom_visualization) by extension 'colcon_meta'
[0.382s] Level 1:colcon.colcon_core.package_identification:_identify(src/uav_simulator/Utils/odom_visualization) by extensions ['ros']
[0.382s] Level 1:colcon.colcon_core.package_identification:_identify(src/uav_simulator/Utils/odom_visualization) by extension 'ros'
[0.383s] DEBUG:colcon.colcon_core.package_identification:Package 'src/uav_simulator/Utils/odom_visualization' with type 'ros.ament_cmake' and name 'odom_visualization'
[0.383s] Level 1:colcon.colcon_core.package_identification:_identify(src/uav_simulator/Utils/pose_utils) by extensions ['ignore', 'ignore_ament_install']
[0.383s] Level 1:colcon.colcon_core.package_identification:_identify(src/uav_simulator/Utils/pose_utils) by extension 'ignore'
[0.383s] Level 1:colcon.colcon_core.package_identification:_identify(src/uav_simulator/Utils/pose_utils) by extension 'ignore_ament_install'
[0.383s] Level 1:colcon.colcon_core.package_identification:_identify(src/uav_simulator/Utils/pose_utils) by extensions ['colcon_pkg']
[0.383s] Level 1:colcon.colcon_core.package_identification:_identify(src/uav_simulator/Utils/pose_utils) by extension 'colcon_pkg'
[0.383s] Level 1:colcon.colcon_core.package_identification:_identify(src/uav_simulator/Utils/pose_utils) by extensions ['colcon_meta']
[0.383s] Level 1:colcon.colcon_core.package_identification:_identify(src/uav_simulator/Utils/pose_utils) by extension 'colcon_meta'
[0.383s] Level 1:colcon.colcon_core.package_identification:_identify(src/uav_simulator/Utils/pose_utils) by extensions ['ros']
[0.383s] Level 1:colcon.colcon_core.package_identification:_identify(src/uav_simulator/Utils/pose_utils) by extension 'ros'
[0.385s] DEBUG:colcon.colcon_core.package_identification:Package 'src/uav_simulator/Utils/pose_utils' with type 'ros.ament_cmake' and name 'pose_utils'
[0.385s] Level 1:colcon.colcon_core.package_identification:_identify(src/uav_simulator/Utils/quadrotor_msgs) by extensions ['ignore', 'ignore_ament_install']
[0.385s] Level 1:colcon.colcon_core.package_identification:_identify(src/uav_simulator/Utils/quadrotor_msgs) by extension 'ignore'
[0.385s] Level 1:colcon.colcon_core.package_identification:_identify(src/uav_simulator/Utils/quadrotor_msgs) by extension 'ignore_ament_install'
[0.385s] Level 1:colcon.colcon_core.package_identification:_identify(src/uav_simulator/Utils/quadrotor_msgs) by extensions ['colcon_pkg']
[0.385s] Level 1:colcon.colcon_core.package_identification:_identify(src/uav_simulator/Utils/quadrotor_msgs) by extension 'colcon_pkg'
[0.385s] Level 1:colcon.colcon_core.package_identification:_identify(src/uav_simulator/Utils/quadrotor_msgs) by extensions ['colcon_meta']
[0.385s] Level 1:colcon.colcon_core.package_identification:_identify(src/uav_simulator/Utils/quadrotor_msgs) by extension 'colcon_meta'
[0.385s] Level 1:colcon.colcon_core.package_identification:_identify(src/uav_simulator/Utils/quadrotor_msgs) by extensions ['ros']
[0.385s] Level 1:colcon.colcon_core.package_identification:_identify(src/uav_simulator/Utils/quadrotor_msgs) by extension 'ros'
[0.386s] DEBUG:colcon.colcon_core.package_identification:Package 'src/uav_simulator/Utils/quadrotor_msgs' with type 'ros.ament_cmake' and name 'quadrotor_msgs'
[0.386s] Level 1:colcon.colcon_core.package_identification:_identify(src/uav_simulator/Utils/uav_utils) by extensions ['ignore', 'ignore_ament_install']
[0.386s] Level 1:colcon.colcon_core.package_identification:_identify(src/uav_simulator/Utils/uav_utils) by extension 'ignore'
[0.386s] Level 1:colcon.colcon_core.package_identification:_identify(src/uav_simulator/Utils/uav_utils) by extension 'ignore_ament_install'
[0.386s] Level 1:colcon.colcon_core.package_identification:_identify(src/uav_simulator/Utils/uav_utils) by extensions ['colcon_pkg']
[0.386s] Level 1:colcon.colcon_core.package_identification:_identify(src/uav_simulator/Utils/uav_utils) by extension 'colcon_pkg'
[0.386s] Level 1:colcon.colcon_core.package_identification:_identify(src/uav_simulator/Utils/uav_utils) by extensions ['colcon_meta']
[0.386s] Level 1:colcon.colcon_core.package_identification:_identify(src/uav_simulator/Utils/uav_utils) by extension 'colcon_meta'
[0.386s] Level 1:colcon.colcon_core.package_identification:_identify(src/uav_simulator/Utils/uav_utils) by extensions ['ros']
[0.386s] Level 1:colcon.colcon_core.package_identification:_identify(src/uav_simulator/Utils/uav_utils) by extension 'ros'
[0.386s] DEBUG:colcon.colcon_core.package_identification:Package 'src/uav_simulator/Utils/uav_utils' with type 'ros.ament_cmake' and name 'uav_utils'
[0.386s] Level 1:colcon.colcon_core.package_identification:_identify(src/uav_simulator/Utils/waypoint_generator) by extensions ['ignore', 'ignore_ament_install']
[0.386s] Level 1:colcon.colcon_core.package_identification:_identify(src/uav_simulator/Utils/waypoint_generator) by extension 'ignore'
[0.387s] Level 1:colcon.colcon_core.package_identification:_identify(src/uav_simulator/Utils/waypoint_generator) by extension 'ignore_ament_install'
[0.387s] Level 1:colcon.colcon_core.package_identification:_identify(src/uav_simulator/Utils/waypoint_generator) by extensions ['colcon_pkg']
[0.387s] Level 1:colcon.colcon_core.package_identification:_identify(src/uav_simulator/Utils/waypoint_generator) by extension 'colcon_pkg'
[0.387s] Level 1:colcon.colcon_core.package_identification:_identify(src/uav_simulator/Utils/waypoint_generator) by extensions ['colcon_meta']
[0.387s] Level 1:colcon.colcon_core.package_identification:_identify(src/uav_simulator/Utils/waypoint_generator) by extension 'colcon_meta'
[0.387s] Level 1:colcon.colcon_core.package_identification:_identify(src/uav_simulator/Utils/waypoint_generator) by extensions ['ros']
[0.387s] Level 1:colcon.colcon_core.package_identification:_identify(src/uav_simulator/Utils/waypoint_generator) by extension 'ros'
[0.387s] DEBUG:colcon.colcon_core.package_identification:Package 'src/uav_simulator/Utils/waypoint_generator' with type 'ros.ament_cmake' and name 'waypoint_generator'
[0.387s] Level 1:colcon.colcon_core.package_identification:_identify(src/uav_simulator/fake_drone) by extensions ['ignore', 'ignore_ament_install']
[0.387s] Level 1:colcon.colcon_core.package_identification:_identify(src/uav_simulator/fake_drone) by extension 'ignore'
[0.387s] Level 1:colcon.colcon_core.package_identification:_identify(src/uav_simulator/fake_drone) by extension 'ignore_ament_install'
[0.387s] Level 1:colcon.colcon_core.package_identification:_identify(src/uav_simulator/fake_drone) by extensions ['colcon_pkg']
[0.387s] Level 1:colcon.colcon_core.package_identification:_identify(src/uav_simulator/fake_drone) by extension 'colcon_pkg'
[0.387s] Level 1:colcon.colcon_core.package_identification:_identify(src/uav_simulator/fake_drone) by extensions ['colcon_meta']
[0.387s] Level 1:colcon.colcon_core.package_identification:_identify(src/uav_simulator/fake_drone) by extension 'colcon_meta'
[0.387s] Level 1:colcon.colcon_core.package_identification:_identify(src/uav_simulator/fake_drone) by extensions ['ros']
[0.387s] Level 1:colcon.colcon_core.package_identification:_identify(src/uav_simulator/fake_drone) by extension 'ros'
[0.388s] DEBUG:colcon.colcon_core.package_identification:Package 'src/uav_simulator/fake_drone' with type 'ros.ament_cmake' and name 'poscmd_2_odom'
[0.388s] Level 1:colcon.colcon_core.package_identification:_identify(src/uav_simulator/local_sensing) by extensions ['ignore', 'ignore_ament_install']
[0.388s] Level 1:colcon.colcon_core.package_identification:_identify(src/uav_simulator/local_sensing) by extension 'ignore'
[0.388s] Level 1:colcon.colcon_core.package_identification:_identify(src/uav_simulator/local_sensing) by extension 'ignore_ament_install'
[0.388s] Level 1:colcon.colcon_core.package_identification:_identify(src/uav_simulator/local_sensing) by extensions ['colcon_pkg']
[0.388s] Level 1:colcon.colcon_core.package_identification:_identify(src/uav_simulator/local_sensing) by extension 'colcon_pkg'
[0.388s] Level 1:colcon.colcon_core.package_identification:_identify(src/uav_simulator/local_sensing) by extensions ['colcon_meta']
[0.388s] Level 1:colcon.colcon_core.package_identification:_identify(src/uav_simulator/local_sensing) by extension 'colcon_meta'
[0.388s] Level 1:colcon.colcon_core.package_identification:_identify(src/uav_simulator/local_sensing) by extensions ['ros']
[0.388s] Level 1:colcon.colcon_core.package_identification:_identify(src/uav_simulator/local_sensing) by extension 'ros'
[0.389s] DEBUG:colcon.colcon_core.package_identification:Package 'src/uav_simulator/local_sensing' with type 'ros.ament_cmake' and name 'local_sensing'
[0.389s] Level 1:colcon.colcon_core.package_identification:_identify(src/uav_simulator/map_generator) by extensions ['ignore', 'ignore_ament_install']
[0.389s] Level 1:colcon.colcon_core.package_identification:_identify(src/uav_simulator/map_generator) by extension 'ignore'
[0.389s] Level 1:colcon.colcon_core.package_identification:_identify(src/uav_simulator/map_generator) by extension 'ignore_ament_install'
[0.389s] Level 1:colcon.colcon_core.package_identification:_identify(src/uav_simulator/map_generator) by extensions ['colcon_pkg']
[0.389s] Level 1:colcon.colcon_core.package_identification:_identify(src/uav_simulator/map_generator) by extension 'colcon_pkg'
[0.389s] Level 1:colcon.colcon_core.package_identification:_identify(src/uav_simulator/map_generator) by extensions ['colcon_meta']
[0.389s] Level 1:colcon.colcon_core.package_identification:_identify(src/uav_simulator/map_generator) by extension 'colcon_meta'
[0.389s] Level 1:colcon.colcon_core.package_identification:_identify(src/uav_simulator/map_generator) by extensions ['ros']
[0.389s] Level 1:colcon.colcon_core.package_identification:_identify(src/uav_simulator/map_generator) by extension 'ros'
[0.390s] DEBUG:colcon.colcon_core.package_identification:Package 'src/uav_simulator/map_generator' with type 'ros.ament_cmake' and name 'map_generator'
[0.390s] Level 1:colcon.colcon_core.package_identification:_identify(src/uav_simulator/mockamap) by extensions ['ignore', 'ignore_ament_install']
[0.390s] Level 1:colcon.colcon_core.package_identification:_identify(src/uav_simulator/mockamap) by extension 'ignore'
[0.390s] Level 1:colcon.colcon_core.package_identification:_identify(src/uav_simulator/mockamap) by extension 'ignore_ament_install'
[0.390s] Level 1:colcon.colcon_core.package_identification:_identify(src/uav_simulator/mockamap) by extensions ['colcon_pkg']
[0.390s] Level 1:colcon.colcon_core.package_identification:_identify(src/uav_simulator/mockamap) by extension 'colcon_pkg'
[0.390s] Level 1:colcon.colcon_core.package_identification:_identify(src/uav_simulator/mockamap) by extensions ['colcon_meta']
[0.390s] Level 1:colcon.colcon_core.package_identification:_identify(src/uav_simulator/mockamap) by extension 'colcon_meta'
[0.390s] Level 1:colcon.colcon_core.package_identification:_identify(src/uav_simulator/mockamap) by extensions ['ros']
[0.390s] Level 1:colcon.colcon_core.package_identification:_identify(src/uav_simulator/mockamap) by extension 'ros'
[0.391s] DEBUG:colcon.colcon_core.package_identification:Package 'src/uav_simulator/mockamap' with type 'ros.ament_cmake' and name 'mockamap'
[0.391s] Level 1:colcon.colcon_core.package_identification:_identify(src/uav_simulator/so3_control) by extensions ['ignore', 'ignore_ament_install']
[0.391s] Level 1:colcon.colcon_core.package_identification:_identify(src/uav_simulator/so3_control) by extension 'ignore'
[0.391s] Level 1:colcon.colcon_core.package_identification:_identify(src/uav_simulator/so3_control) by extension 'ignore_ament_install'
[0.391s] Level 1:colcon.colcon_core.package_identification:_identify(src/uav_simulator/so3_control) by extensions ['colcon_pkg']
[0.391s] Level 1:colcon.colcon_core.package_identification:_identify(src/uav_simulator/so3_control) by extension 'colcon_pkg'
[0.391s] Level 1:colcon.colcon_core.package_identification:_identify(src/uav_simulator/so3_control) by extensions ['colcon_meta']
[0.391s] Level 1:colcon.colcon_core.package_identification:_identify(src/uav_simulator/so3_control) by extension 'colcon_meta'
[0.391s] Level 1:colcon.colcon_core.package_identification:_identify(src/uav_simulator/so3_control) by extensions ['ros']
[0.391s] Level 1:colcon.colcon_core.package_identification:_identify(src/uav_simulator/so3_control) by extension 'ros'
[0.392s] DEBUG:colcon.colcon_core.package_identification:Package 'src/uav_simulator/so3_control' with type 'ros.ament_cmake' and name 'so3_control'
[0.392s] Level 1:colcon.colcon_core.package_identification:_identify(src/uav_simulator/so3_quadrotor_simulator) by extensions ['ignore', 'ignore_ament_install']
[0.392s] Level 1:colcon.colcon_core.package_identification:_identify(src/uav_simulator/so3_quadrotor_simulator) by extension 'ignore'
[0.392s] Level 1:colcon.colcon_core.package_identification:_identify(src/uav_simulator/so3_quadrotor_simulator) by extension 'ignore_ament_install'
[0.392s] Level 1:colcon.colcon_core.package_identification:_identify(src/uav_simulator/so3_quadrotor_simulator) by extensions ['colcon_pkg']
[0.392s] Level 1:colcon.colcon_core.package_identification:_identify(src/uav_simulator/so3_quadrotor_simulator) by extension 'colcon_pkg'
[0.392s] Level 1:colcon.colcon_core.package_identification:_identify(src/uav_simulator/so3_quadrotor_simulator) by extensions ['colcon_meta']
[0.392s] Level 1:colcon.colcon_core.package_identification:_identify(src/uav_simulator/so3_quadrotor_simulator) by extension 'colcon_meta'
[0.392s] Level 1:colcon.colcon_core.package_identification:_identify(src/uav_simulator/so3_quadrotor_simulator) by extensions ['ros']
[0.392s] Level 1:colcon.colcon_core.package_identification:_identify(src/uav_simulator/so3_quadrotor_simulator) by extension 'ros'
[0.392s] DEBUG:colcon.colcon_core.package_identification:Package 'src/uav_simulator/so3_quadrotor_simulator' with type 'ros.ament_cmake' and name 'so3_quadrotor_simulator'
[0.392s] Level 1:colcon.colcon_core.package_discovery:discover_packages(recursive) using defaults
[0.392s] Level 1:colcon.colcon_core.package_discovery:discover_packages(ignore) discover
[0.392s] Level 1:colcon.colcon_core.package_discovery:discover_packages(ignore) using defaults
[0.392s] Level 1:colcon.colcon_core.package_discovery:discover_packages(path) discover
[0.393s] Level 1:colcon.colcon_core.package_discovery:discover_packages(path) using defaults
[0.410s] INFO:colcon.colcon_core.package_selection:Skipping not selected package 'cmake_utils' in 'src/uav_simulator/Utils/cmake_utils'
[0.410s] INFO:colcon.colcon_core.package_selection:Skipping not selected package 'drone_detect' in 'src/planner/drone_detect'
[0.410s] INFO:colcon.colcon_core.package_selection:Skipping not selected package 'map_generator' in 'src/uav_simulator/map_generator'
[0.410s] INFO:colcon.colcon_core.package_selection:Skipping not selected package 'mockamap' in 'src/uav_simulator/mockamap'
[0.410s] INFO:colcon.colcon_core.package_selection:Skipping not selected package 'plan_env' in 'src/planner/plan_env'
[0.410s] INFO:colcon.colcon_core.package_selection:Skipping not selected package 'planning_core' in 'PCT_planner_re/planner/lib'
[0.410s] INFO:colcon.colcon_core.package_selection:Skipping not selected package 'pose_utils' in 'src/uav_simulator/Utils/pose_utils'
[0.410s] INFO:colcon.colcon_core.package_selection:Skipping not selected package 'quadrotor_msgs' in 'src/uav_simulator/Utils/quadrotor_msgs'
[0.410s] INFO:colcon.colcon_core.package_selection:Skipping not selected package 'traj_utils' in 'src/planner/traj_utils'
[0.410s] INFO:colcon.colcon_core.package_selection:Skipping not selected package 'waypoint_generator' in 'src/uav_simulator/Utils/waypoint_generator'
[0.410s] INFO:colcon.colcon_core.package_selection:Skipping not selected package 'local_sensing' in 'src/uav_simulator/local_sensing'
[0.410s] INFO:colcon.colcon_core.package_selection:Skipping not selected package 'multi_map_server' in 'src/uav_simulator/Utils/multi_map_server'
[0.410s] INFO:colcon.colcon_core.package_selection:Skipping not selected package 'odom_visualization' in 'src/uav_simulator/Utils/odom_visualization'
[0.410s] INFO:colcon.colcon_core.package_selection:Skipping not selected package 'path_searching' in 'src/planner/path_searching'
[0.410s] INFO:colcon.colcon_core.package_selection:Skipping not selected package 'poscmd_2_odom' in 'src/uav_simulator/fake_drone'
[0.410s] INFO:colcon.colcon_core.package_selection:Skipping not selected package 'rosmsg_tcp_bridge' in 'src/planner/rosmsg_tcp_bridge'
[0.410s] INFO:colcon.colcon_core.package_selection:Skipping not selected package 'so3_control' in 'src/uav_simulator/so3_control'
[0.410s] INFO:colcon.colcon_core.package_selection:Skipping not selected package 'uav_utils' in 'src/uav_simulator/Utils/uav_utils'
[0.410s] INFO:colcon.colcon_core.package_selection:Skipping not selected package 'bspline_opt' in 'src/planner/bspline_opt'
[0.410s] INFO:colcon.colcon_core.package_selection:Skipping not selected package 'so3_quadrotor_simulator' in 'src/uav_simulator/so3_quadrotor_simulator'
[0.410s] INFO:colcon.colcon_core.package_selection:Skipping not selected package 'ego_planner' in 'src/planner/plan_manage'
[0.410s] Level 1:colcon.colcon_core.package_discovery:discover_packages(prefix_path) check parameters
[0.410s] Level 1:colcon.colcon_core.package_discovery:discover_packages(prefix_path) discover
[0.412s] DEBUG:colcon.colcon_installed_package_information.package_discovery:Found 459 installed packages in /opt/ros/humble
[0.413s] Level 1:colcon.colcon_core.package_discovery:discover_packages(prefix_path) using defaults
[0.475s] Level 5:colcon.colcon_core.verb:set package 'nav_integration' build argument 'cmake_args' from command line to 'None'
[0.476s] Level 5:colcon.colcon_core.verb:set package 'nav_integration' build argument 'cmake_target' from command line to 'None'
[0.476s] Level 5:colcon.colcon_core.verb:set package 'nav_integration' build argument 'cmake_target_skip_unavailable' from command line to 'False'
[0.476s] Level 5:colcon.colcon_core.verb:set package 'nav_integration' build argument 'cmake_clean_cache' from command line to 'False'
[0.476s] Level 5:colcon.colcon_core.verb:set package 'nav_integration' build argument 'cmake_clean_first' from command line to 'False'
[0.476s] Level 5:colcon.colcon_core.verb:set package 'nav_integration' build argument 'cmake_force_configure' from command line to 'False'
[0.476s] Level 5:colcon.colcon_core.verb:set package 'nav_integration' build argument 'ament_cmake_args' from command line to 'None'
[0.476s] Level 5:colcon.colcon_core.verb:set package 'nav_integration' build argument 'catkin_cmake_args' from command line to 'None'
[0.476s] Level 5:colcon.colcon_core.verb:set package 'nav_integration' build argument 'catkin_skip_building_tests' from command line to 'False'
[0.476s] DEBUG:colcon.colcon_core.verb:Building package 'nav_integration' with the following arguments: {'ament_cmake_args': None, 'build_base': '/home/rizy/planner/3d-navi/3d-navi-ros2_v1/build/nav_integration', 'catkin_cmake_args': None, 'catkin_skip_building_tests': False, 'cmake_args': None, 'cmake_clean_cache': False, 'cmake_clean_first': False, 'cmake_force_configure': False, 'cmake_target': None, 'cmake_target_skip_unavailable': False, 'install_base': '/home/rizy/planner/3d-navi/3d-navi-ros2_v1/install/nav_integration', 'merge_install': False, 'path': '/home/rizy/planner/3d-navi/3d-navi-ros2_v1/src/nav_integration', 'symlink_install': True, 'test_result_base': None}
[0.476s] INFO:colcon.colcon_core.executor:Executing jobs using 'parallel' executor
[0.477s] DEBUG:colcon.colcon_parallel_executor.executor.parallel:run_until_complete
[0.477s] INFO:colcon.colcon_ros.task.ament_python.build:Building ROS package in '/home/rizy/planner/3d-navi/3d-navi-ros2_v1/src/nav_integration' with build type 'ament_python'
[0.477s] Level 1:colcon.colcon_core.shell:create_environment_hook('nav_integration', 'ament_prefix_path')
[0.479s] INFO:colcon.colcon_core.plugin_system:Skipping extension 'colcon_core.shell.bat': Not used on non-Windows systems
[0.479s] INFO:colcon.colcon_core.shell:Creating environment hook '/home/rizy/planner/3d-navi/3d-navi-ros2_v1/install/nav_integration/share/nav_integration/hook/ament_prefix_path.ps1'
[0.480s] INFO:colcon.colcon_core.shell:Creating environment descriptor '/home/rizy/planner/3d-navi/3d-navi-ros2_v1/install/nav_integration/share/nav_integration/hook/ament_prefix_path.dsv'
[0.480s] INFO:colcon.colcon_core.shell:Creating environment hook '/home/rizy/planner/3d-navi/3d-navi-ros2_v1/install/nav_integration/share/nav_integration/hook/ament_prefix_path.sh'
[0.481s] INFO:colcon.colcon_core.shell:Skip shell extension 'powershell' for command environment: Not usable outside of PowerShell
[0.481s] DEBUG:colcon.colcon_core.shell:Skip shell extension 'dsv' for command environment
[0.654s] INFO:colcon.colcon_core.task.python.build:Building Python package in '/home/rizy/planner/3d-navi/3d-navi-ros2_v1/src/nav_integration'
[0.655s] INFO:colcon.colcon_core.shell:Skip shell extension 'powershell' for command environment: Not usable outside of PowerShell
[0.655s] DEBUG:colcon.colcon_core.shell:Skip shell extension 'dsv' for command environment
[1.043s] DEBUG:colcon.colcon_core.event_handler.log_command:Invoking command in '/home/rizy/planner/3d-navi/3d-navi-ros2_v1/build/nav_integration': CONDA_PROMPT_MODIFIER=(myenv) PYTHONPATH=/home/rizy/planner/3d-navi/3d-navi-ros2_v1/build/nav_integration/prefix_override:/usr/lib/python3/dist-packages/colcon_core/task/python/colcon_distutils_commands:/home/rizy/planner/3d-navi/3d-navi-ros2_v1/install/nav_integration/lib/python3.10/site-packages:${PYTHONPATH} /usr/bin/python3 -W ignore:setup.py install is deprecated -W ignore:easy_install command is deprecated setup.py develop --editable --build-directory /home/rizy/planner/3d-navi/3d-navi-ros2_v1/build/nav_integration/build --no-deps symlink_data
[1.525s] Level 1:colcon.colcon_core.shell:create_environment_hook('nav_integration', 'pythonpath_develop')
[1.526s] INFO:colcon.colcon_core.shell:Creating environment hook '/home/rizy/planner/3d-navi/3d-navi-ros2_v1/build/nav_integration/share/nav_integration/hook/pythonpath_develop.ps1'
[1.526s] DEBUG:colcon.colcon_core.event_handler.log_command:Invoked command in '/home/rizy/planner/3d-navi/3d-navi-ros2_v1/build/nav_integration' returned '0': CONDA_PROMPT_MODIFIER=(myenv) PYTHONPATH=/home/rizy/planner/3d-navi/3d-navi-ros2_v1/build/nav_integration/prefix_override:/usr/lib/python3/dist-packages/colcon_core/task/python/colcon_distutils_commands:/home/rizy/planner/3d-navi/3d-navi-ros2_v1/install/nav_integration/lib/python3.10/site-packages:${PYTHONPATH} /usr/bin/python3 -W ignore:setup.py install is deprecated -W ignore:easy_install command is deprecated setup.py develop --editable --build-directory /home/rizy/planner/3d-navi/3d-navi-ros2_v1/build/nav_integration/build --no-deps symlink_data
[1.527s] INFO:colcon.colcon_core.shell:Creating environment descriptor '/home/rizy/planner/3d-navi/3d-navi-ros2_v1/build/nav_integration/share/nav_integration/hook/pythonpath_develop.dsv'
[1.527s] INFO:colcon.colcon_core.shell:Creating environment hook '/home/rizy/planner/3d-navi/3d-navi-ros2_v1/build/nav_integration/share/nav_integration/hook/pythonpath_develop.sh'
[1.529s] Level 1:colcon.colcon_core.environment:checking '/home/rizy/planner/3d-navi/3d-navi-ros2_v1/install/nav_integration' for CMake module files
[1.529s] Level 1:colcon.colcon_core.environment:checking '/home/rizy/planner/3d-navi/3d-navi-ros2_v1/install/nav_integration' for CMake config files
[1.530s] Level 1:colcon.colcon_core.environment:checking '/home/rizy/planner/3d-navi/3d-navi-ros2_v1/install/nav_integration/lib'
[1.530s] Level 1:colcon.colcon_core.environment:checking '/home/rizy/planner/3d-navi/3d-navi-ros2_v1/install/nav_integration/bin'
[1.530s] Level 1:colcon.colcon_core.environment:checking '/home/rizy/planner/3d-navi/3d-navi-ros2_v1/install/nav_integration/lib/pkgconfig/nav_integration.pc'
[1.531s] Level 1:colcon.colcon_core.environment:checking '/home/rizy/planner/3d-navi/3d-navi-ros2_v1/install/nav_integration/lib/python3.10/site-packages'
[1.531s] Level 1:colcon.colcon_core.shell:create_environment_hook('nav_integration', 'pythonpath')
[1.531s] INFO:colcon.colcon_core.shell:Creating environment hook '/home/rizy/planner/3d-navi/3d-navi-ros2_v1/install/nav_integration/share/nav_integration/hook/pythonpath.ps1'
[1.531s] INFO:colcon.colcon_core.shell:Creating environment descriptor '/home/rizy/planner/3d-navi/3d-navi-ros2_v1/install/nav_integration/share/nav_integration/hook/pythonpath.dsv'
[1.531s] INFO:colcon.colcon_core.shell:Creating environment hook '/home/rizy/planner/3d-navi/3d-navi-ros2_v1/install/nav_integration/share/nav_integration/hook/pythonpath.sh'
[1.532s] Level 1:colcon.colcon_core.environment:checking '/home/rizy/planner/3d-navi/3d-navi-ros2_v1/install/nav_integration/bin'
[1.532s] Level 1:colcon.colcon_core.environment:create_environment_scripts_only(nav_integration)
[1.532s] INFO:colcon.colcon_core.shell:Creating package script '/home/rizy/planner/3d-navi/3d-navi-ros2_v1/install/nav_integration/share/nav_integration/package.ps1'
[1.533s] INFO:colcon.colcon_core.shell:Creating package descriptor '/home/rizy/planner/3d-navi/3d-navi-ros2_v1/install/nav_integration/share/nav_integration/package.dsv'
[1.533s] INFO:colcon.colcon_core.shell:Creating package script '/home/rizy/planner/3d-navi/3d-navi-ros2_v1/install/nav_integration/share/nav_integration/package.sh'
[1.533s] INFO:colcon.colcon_core.shell:Creating package script '/home/rizy/planner/3d-navi/3d-navi-ros2_v1/install/nav_integration/share/nav_integration/package.bash'
[1.534s] INFO:colcon.colcon_core.shell:Creating package script '/home/rizy/planner/3d-navi/3d-navi-ros2_v1/install/nav_integration/share/nav_integration/package.zsh'
[1.534s] Level 1:colcon.colcon_core.environment:create_file_with_runtime_dependencies(/home/rizy/planner/3d-navi/3d-navi-ros2_v1/install/nav_integration/share/colcon-core/packages/nav_integration)
[1.534s] DEBUG:colcon.colcon_parallel_executor.executor.parallel:closing loop
[1.535s] DEBUG:colcon.colcon_parallel_executor.executor.parallel:loop closed
[1.535s] DEBUG:colcon.colcon_parallel_executor.executor.parallel:run_until_complete finished with '0'
[1.535s] DEBUG:colcon.colcon_core.event_reactor:joining thread
[1.538s] INFO:colcon.colcon_core.plugin_system:Skipping extension 'colcon_notification.desktop_notification.terminal_notifier': Not used on non-Darwin systems
[1.538s] INFO:colcon.colcon_core.plugin_system:Skipping extension 'colcon_notification.desktop_notification.win32': Not used on non-Windows systems
[1.538s] INFO:colcon.colcon_notification.desktop_notification:Sending desktop notification using 'notify2'
[1.554s] DEBUG:colcon.colcon_core.event_reactor:joined thread
[1.554s] INFO:colcon.colcon_core.shell:Creating prefix script '/home/rizy/planner/3d-navi/3d-navi-ros2_v1/install/local_setup.ps1'
[1.555s] INFO:colcon.colcon_core.shell:Creating prefix util module '/home/rizy/planner/3d-navi/3d-navi-ros2_v1/install/_local_setup_util_ps1.py'
[1.556s] INFO:colcon.colcon_core.shell:Creating prefix chain script '/home/rizy/planner/3d-navi/3d-navi-ros2_v1/install/setup.ps1'
[1.557s] INFO:colcon.colcon_core.shell:Creating prefix script '/home/rizy/planner/3d-navi/3d-navi-ros2_v1/install/local_setup.sh'
[1.557s] INFO:colcon.colcon_core.shell:Creating prefix util module '/home/rizy/planner/3d-navi/3d-navi-ros2_v1/install/_local_setup_util_sh.py'
[1.558s] INFO:colcon.colcon_core.shell:Creating prefix chain script '/home/rizy/planner/3d-navi/3d-navi-ros2_v1/install/setup.sh'
[1.559s] INFO:colcon.colcon_core.shell:Creating prefix script '/home/rizy/planner/3d-navi/3d-navi-ros2_v1/install/local_setup.bash'
[1.559s] INFO:colcon.colcon_core.shell:Creating prefix chain script '/home/rizy/planner/3d-navi/3d-navi-ros2_v1/install/setup.bash'
[1.559s] INFO:colcon.colcon_core.shell:Creating prefix script '/home/rizy/planner/3d-navi/3d-navi-ros2_v1/install/local_setup.zsh'
[1.560s] INFO:colcon.colcon_core.shell:Creating prefix chain script '/home/rizy/planner/3d-navi/3d-navi-ros2_v1/install/setup.zsh'
