[0.014s] Invoking command in '/home/rizy/planner/3d-navi/3d-navi-ros2_v1/build/ego_planner': AMENT_PREFIX_PATH=/home/rizy/planner/3d-navi/3d-navi-ros2_v1/install/bspline_opt:/home/rizy/planner/3d-navi/3d-navi-ros2_v1/install/path_searching:/home/rizy/planner/3d-navi/3d-navi-ros2_v1/install/traj_utils:/home/rizy/planner/3d-navi/3d-navi-ros2_v1/install/quadrotor_msgs:/home/rizy/planner/3d-navi/3d-navi-ros2_v1/install/plan_env:${AMENT_PREFIX_PATH} CMAKE_PREFIX_PATH=/home/rizy/planner/3d-navi/3d-navi-ros2_v1/install/bspline_opt:/home/rizy/planner/3d-navi/3d-navi-ros2_v1/install/path_searching:/home/rizy/planner/3d-navi/3d-navi-ros2_v1/install/traj_utils:/home/rizy/planner/3d-navi/3d-navi-ros2_v1/install/quadrotor_msgs:/home/rizy/planner/3d-navi/3d-navi-ros2_v1/install/plan_env:/opt/ros/humble CONDA_PROMPT_MODIFIER=(myenv) LD_LIBRARY_PATH=/home/rizy/planner/3d-navi/3d-navi-ros2_v1/install/bspline_opt/lib:/home/rizy/planner/3d-navi/3d-navi-ros2_v1/install/path_searching/lib:/home/rizy/planner/3d-navi/3d-navi-ros2_v1/install/traj_utils/lib:/home/rizy/planner/3d-navi/3d-navi-ros2_v1/install/quadrotor_msgs/lib:/home/rizy/planner/3d-navi/3d-navi-ros2_v1/install/plan_env/lib:${LD_LIBRARY_PATH} PYTHONPATH=/home/rizy/planner/3d-navi/3d-navi-ros2_v1/install/traj_utils/local/lib/python3.10/dist-packages:/home/rizy/planner/3d-navi/3d-navi-ros2_v1/install/traj_utils/lib/python3.10/site-packages:/home/rizy/planner/3d-navi/3d-navi-ros2_v1/install/quadrotor_msgs/local/lib/python3.10/dist-packages:/home/rizy/planner/3d-navi/3d-navi-ros2_v1/install/quadrotor_msgs/lib/python3.10/site-packages:${PYTHONPATH} /usr/bin/cmake /home/rizy/planner/3d-navi/3d-navi-ros2_v1/src/planner/plan_manage -DAMENT_CMAKE_SYMLINK_INSTALL=1 -DCMAKE_INSTALL_PREFIX=/home/rizy/planner/3d-navi/3d-navi-ros2_v1/install/ego_planner
[0.030s] -- Found ament_cmake: 1.3.12 (/opt/ros/humble/share/ament_cmake/cmake)
[0.115s] -- Override CMake install command with custom implementation using symlinks instead of copying resources
[0.119s] -- Found rclcpp: 16.0.16 (/opt/ros/humble/share/rclcpp/cmake)
[0.137s] -- Found rosidl_generator_c: 3.1.7 (/opt/ros/humble/share/rosidl_generator_c/cmake)
[0.138s] -- Found rosidl_adapter: 3.1.7 (/opt/ros/humble/share/rosidl_adapter/cmake)
[0.142s] -- Found rosidl_generator_cpp: 3.1.7 (/opt/ros/humble/share/rosidl_generator_cpp/cmake)
[0.147s] -- Using all available rosidl_typesupport_c: rosidl_typesupport_fastrtps_c;rosidl_typesupport_introspection_c
[0.153s] -- Using all available rosidl_typesupport_cpp: rosidl_typesupport_fastrtps_cpp;rosidl_typesupport_introspection_cpp
[0.169s] -- Found rmw_implementation_cmake: 6.1.2 (/opt/ros/humble/share/rmw_implementation_cmake/cmake)
[0.169s] -- Found rmw_cyclonedds_cpp: 1.3.4 (/opt/ros/humble/share/rmw_cyclonedds_cpp/cmake)
[0.178s] -- Using RMW implementation 'rmw_cyclonedds_cpp' as default
[0.206s] -- Found geometry_msgs: 4.9.0 (/opt/ros/humble/share/geometry_msgs/cmake)
[0.212s] -- Found quadrotor_msgs: 0.0.0 (/home/rizy/planner/3d-navi/3d-navi-ros2_v1/install/quadrotor_msgs/share/quadrotor_msgs/cmake)
[0.234s] -- Found visualization_msgs: 4.9.0 (/opt/ros/humble/share/visualization_msgs/cmake)
[0.251s] -- Found plan_env: 0.0.0 (/home/rizy/planner/3d-navi/3d-navi-ros2_v1/install/plan_env/share/plan_env/cmake)
[0.251s] -- Found path_searching: 0.0.0 (/home/rizy/planner/3d-navi/3d-navi-ros2_v1/install/path_searching/share/path_searching/cmake)
[0.252s] -- Found bspline_opt: 0.0.0 (/home/rizy/planner/3d-navi/3d-navi-ros2_v1/install/bspline_opt/share/bspline_opt/cmake)
[0.253s] -- Found traj_utils: 0.0.0 (/home/rizy/planner/3d-navi/3d-navi-ros2_v1/install/traj_utils/share/traj_utils/cmake)
[0.262s] -- Found cv_bridge: 3.2.1 (/opt/ros/humble/share/cv_bridge/cmake)
[0.276s] -- Eigen found (include: /usr/include/eigen3, version: 3.4.0)
[0.305s] -- FLANN found (include: /usr/include, lib: /usr/lib/x86_64-linux-gnu/libflann_cpp.so)
[0.511s] -- OpenNI found (version: 1.5.4.0, include: /usr/include/ni, lib: /usr/lib/libOpenNI.so;libusb::libusb)
[0.515s] -- OpenNI2 found (version: 2.2.0.33, include: /usr/include/openni2, lib: /usr/lib/x86_64-linux-gnu/libOpenNI2.so;libusb::libusb)
[0.515s] [0m** WARNING ** io features related to pcap will be disabled[0m
[0.617s] -- Eigen found (include: /usr/include/eigen3, version: 3.4.0)
[0.622s] -- OpenNI found (version: 1.5.4.0, include: /usr/include/ni, lib: /usr/lib/libOpenNI.so;libusb::libusb)
[0.626s] -- OpenNI2 found (version: 2.2.0.33, include: /usr/include/openni2, lib: /usr/lib/x86_64-linux-gnu/libOpenNI2.so;libusb::libusb)
[0.720s] -- Found Qhull version 8.0.2
[0.815s] -- OpenNI found (version: 1.5.4.0, include: /usr/include/ni, lib: /usr/lib/libOpenNI.so;libusb::libusb)
[0.912s] -- looking for PCL_COMMON
[0.912s] -- looking for PCL_KDTREE
[0.912s] -- looking for PCL_OCTREE
[0.912s] -- looking for PCL_SEARCH
[0.912s] -- looking for PCL_SAMPLE_CONSENSUS
[0.912s] -- looking for PCL_FILTERS
[0.913s] -- looking for PCL_2D
[0.913s] -- looking for PCL_GEOMETRY
[0.913s] -- looking for PCL_IO
[0.913s] -- looking for PCL_FEATURES
[0.913s] -- looking for PCL_ML
[0.913s] -- looking for PCL_SEGMENTATION
[0.914s] -- looking for PCL_VISUALIZATION
[0.914s] -- looking for PCL_SURFACE
[0.914s] -- looking for PCL_REGISTRATION
[0.914s] -- looking for PCL_KEYPOINTS
[0.914s] -- looking for PCL_TRACKING
[0.914s] -- looking for PCL_RECOGNITION
[0.915s] -- looking for PCL_STEREO
[0.915s] -- looking for PCL_APPS
[0.915s] -- looking for PCL_IN_HAND_SCANNER
[0.915s] -- looking for PCL_MODELER
[0.915s] -- looking for PCL_POINT_CLOUD_EDITOR
[0.915s] -- looking for PCL_OUTOFCORE
[0.916s] -- looking for PCL_PEOPLE
[0.916s] -- Found pcl_conversions: 2.4.5 (/opt/ros/humble/share/pcl_conversions/cmake)
[0.928s] -- Found ament_lint_auto: 0.12.14 (/opt/ros/humble/share/ament_lint_auto/cmake)
[0.977s] -- Added test 'cppcheck' to perform static code analysis on C / C++ code
[0.978s] -- Configured cppcheck include dirs: /home/rizy/planner/3d-navi/3d-navi-ros2_v1/src/planner/plan_manage/include
[0.978s] -- Configured cppcheck exclude dirs and/or files: 
[0.978s] -- Added test 'flake8' to check Python code syntax and style conventions
[0.978s] -- Added test 'lint_cmake' to check CMake code style
[0.978s] -- Added test 'pep257' to check Python code against some of the docstring style conventions in PEP 257
[0.979s] -- Added test 'uncrustify' to check C / C++ code style
[0.979s] -- Configured uncrustify additional arguments: 
[0.979s] -- Added test 'xmllint' to check XML markup files
[0.980s] -- Configuring done
[1.014s] [33mCMake Warning at CMakeLists.txt:50 (add_executable):
[1.014s]   Cannot generate a safe runtime search path for target ego_planner_node
[1.014s]   because files in some directories may conflict with libraries in implicit
[1.014s]   directories:
[1.015s] 
[1.015s]     runtime library [libpython3.10.so.1.0] in /usr/lib/x86_64-linux-gnu may be hidden by files in:
[1.015s]       /home/rizy/anaconda3/envs/myenv/lib
[1.015s]     runtime library [libz.so.1] in /usr/lib/x86_64-linux-gnu may be hidden by files in:
[1.015s]       /home/rizy/anaconda3/envs/myenv/lib
[1.015s]     runtime library [libX11.so.6] in /usr/lib/x86_64-linux-gnu may be hidden by files in:
[1.015s]       /home/rizy/anaconda3/envs/myenv/lib
[1.015s] 
[1.015s]   Some of these libraries may not be found correctly.
[1.015s] 
[1.015s] [0m
[1.030s] [33mCMake Warning at CMakeLists.txt:73 (add_executable):
[1.030s]   Cannot generate a safe runtime search path for target traj_server because
[1.030s]   files in some directories may conflict with libraries in implicit
[1.031s]   directories:
[1.031s] 
[1.031s]     runtime library [libpython3.10.so.1.0] in /usr/lib/x86_64-linux-gnu may be hidden by files in:
[1.031s]       /home/rizy/anaconda3/envs/myenv/lib
[1.031s]     runtime library [libz.so.1] in /usr/lib/x86_64-linux-gnu may be hidden by files in:
[1.031s]       /home/rizy/anaconda3/envs/myenv/lib
[1.031s]     runtime library [libX11.so.6] in /usr/lib/x86_64-linux-gnu may be hidden by files in:
[1.031s]       /home/rizy/anaconda3/envs/myenv/lib
[1.031s] 
[1.031s]   Some of these libraries may not be found correctly.
[1.031s] 
[1.031s] [0m
[1.031s] -- Generating done
[1.041s] -- Build files have been written to: /home/rizy/planner/3d-navi/3d-navi-ros2_v1/build/ego_planner
[1.052s] Invoked command in '/home/rizy/planner/3d-navi/3d-navi-ros2_v1/build/ego_planner' returned '0': AMENT_PREFIX_PATH=/home/rizy/planner/3d-navi/3d-navi-ros2_v1/install/bspline_opt:/home/rizy/planner/3d-navi/3d-navi-ros2_v1/install/path_searching:/home/rizy/planner/3d-navi/3d-navi-ros2_v1/install/traj_utils:/home/rizy/planner/3d-navi/3d-navi-ros2_v1/install/quadrotor_msgs:/home/rizy/planner/3d-navi/3d-navi-ros2_v1/install/plan_env:${AMENT_PREFIX_PATH} CMAKE_PREFIX_PATH=/home/rizy/planner/3d-navi/3d-navi-ros2_v1/install/bspline_opt:/home/rizy/planner/3d-navi/3d-navi-ros2_v1/install/path_searching:/home/rizy/planner/3d-navi/3d-navi-ros2_v1/install/traj_utils:/home/rizy/planner/3d-navi/3d-navi-ros2_v1/install/quadrotor_msgs:/home/rizy/planner/3d-navi/3d-navi-ros2_v1/install/plan_env:/opt/ros/humble CONDA_PROMPT_MODIFIER=(myenv) LD_LIBRARY_PATH=/home/rizy/planner/3d-navi/3d-navi-ros2_v1/install/bspline_opt/lib:/home/rizy/planner/3d-navi/3d-navi-ros2_v1/install/path_searching/lib:/home/rizy/planner/3d-navi/3d-navi-ros2_v1/install/traj_utils/lib:/home/rizy/planner/3d-navi/3d-navi-ros2_v1/install/quadrotor_msgs/lib:/home/rizy/planner/3d-navi/3d-navi-ros2_v1/install/plan_env/lib:${LD_LIBRARY_PATH} PYTHONPATH=/home/rizy/planner/3d-navi/3d-navi-ros2_v1/install/traj_utils/local/lib/python3.10/dist-packages:/home/rizy/planner/3d-navi/3d-navi-ros2_v1/install/traj_utils/lib/python3.10/site-packages:/home/rizy/planner/3d-navi/3d-navi-ros2_v1/install/quadrotor_msgs/local/lib/python3.10/dist-packages:/home/rizy/planner/3d-navi/3d-navi-ros2_v1/install/quadrotor_msgs/lib/python3.10/site-packages:${PYTHONPATH} /usr/bin/cmake /home/rizy/planner/3d-navi/3d-navi-ros2_v1/src/planner/plan_manage -DAMENT_CMAKE_SYMLINK_INSTALL=1 -DCMAKE_INSTALL_PREFIX=/home/rizy/planner/3d-navi/3d-navi-ros2_v1/install/ego_planner
[1.053s] Invoking command in '/home/rizy/planner/3d-navi/3d-navi-ros2_v1/build/ego_planner': AMENT_PREFIX_PATH=/home/rizy/planner/3d-navi/3d-navi-ros2_v1/install/bspline_opt:/home/rizy/planner/3d-navi/3d-navi-ros2_v1/install/path_searching:/home/rizy/planner/3d-navi/3d-navi-ros2_v1/install/traj_utils:/home/rizy/planner/3d-navi/3d-navi-ros2_v1/install/quadrotor_msgs:/home/rizy/planner/3d-navi/3d-navi-ros2_v1/install/plan_env:${AMENT_PREFIX_PATH} CMAKE_PREFIX_PATH=/home/rizy/planner/3d-navi/3d-navi-ros2_v1/install/bspline_opt:/home/rizy/planner/3d-navi/3d-navi-ros2_v1/install/path_searching:/home/rizy/planner/3d-navi/3d-navi-ros2_v1/install/traj_utils:/home/rizy/planner/3d-navi/3d-navi-ros2_v1/install/quadrotor_msgs:/home/rizy/planner/3d-navi/3d-navi-ros2_v1/install/plan_env:/opt/ros/humble CONDA_PROMPT_MODIFIER=(myenv) LD_LIBRARY_PATH=/home/rizy/planner/3d-navi/3d-navi-ros2_v1/install/bspline_opt/lib:/home/rizy/planner/3d-navi/3d-navi-ros2_v1/install/path_searching/lib:/home/rizy/planner/3d-navi/3d-navi-ros2_v1/install/traj_utils/lib:/home/rizy/planner/3d-navi/3d-navi-ros2_v1/install/quadrotor_msgs/lib:/home/rizy/planner/3d-navi/3d-navi-ros2_v1/install/plan_env/lib:${LD_LIBRARY_PATH} PYTHONPATH=/home/rizy/planner/3d-navi/3d-navi-ros2_v1/install/traj_utils/local/lib/python3.10/dist-packages:/home/rizy/planner/3d-navi/3d-navi-ros2_v1/install/traj_utils/lib/python3.10/site-packages:/home/rizy/planner/3d-navi/3d-navi-ros2_v1/install/quadrotor_msgs/local/lib/python3.10/dist-packages:/home/rizy/planner/3d-navi/3d-navi-ros2_v1/install/quadrotor_msgs/lib/python3.10/site-packages:${PYTHONPATH} /usr/bin/cmake --build /home/rizy/planner/3d-navi/3d-navi-ros2_v1/build/ego_planner -- -j32 -l32
[1.094s] [35m[1mConsolidate compiler generated dependencies of target traj_server[0m
[1.097s] [35m[1mConsolidate compiler generated dependencies of target ego_planner_node[0m
[1.110s] [ 33%] Built target traj_server
[1.125s] [100%] Built target ego_planner_node
[1.134s] Invoked command in '/home/rizy/planner/3d-navi/3d-navi-ros2_v1/build/ego_planner' returned '0': AMENT_PREFIX_PATH=/home/rizy/planner/3d-navi/3d-navi-ros2_v1/install/bspline_opt:/home/rizy/planner/3d-navi/3d-navi-ros2_v1/install/path_searching:/home/rizy/planner/3d-navi/3d-navi-ros2_v1/install/traj_utils:/home/rizy/planner/3d-navi/3d-navi-ros2_v1/install/quadrotor_msgs:/home/rizy/planner/3d-navi/3d-navi-ros2_v1/install/plan_env:${AMENT_PREFIX_PATH} CMAKE_PREFIX_PATH=/home/rizy/planner/3d-navi/3d-navi-ros2_v1/install/bspline_opt:/home/rizy/planner/3d-navi/3d-navi-ros2_v1/install/path_searching:/home/rizy/planner/3d-navi/3d-navi-ros2_v1/install/traj_utils:/home/rizy/planner/3d-navi/3d-navi-ros2_v1/install/quadrotor_msgs:/home/rizy/planner/3d-navi/3d-navi-ros2_v1/install/plan_env:/opt/ros/humble CONDA_PROMPT_MODIFIER=(myenv) LD_LIBRARY_PATH=/home/rizy/planner/3d-navi/3d-navi-ros2_v1/install/bspline_opt/lib:/home/rizy/planner/3d-navi/3d-navi-ros2_v1/install/path_searching/lib:/home/rizy/planner/3d-navi/3d-navi-ros2_v1/install/traj_utils/lib:/home/rizy/planner/3d-navi/3d-navi-ros2_v1/install/quadrotor_msgs/lib:/home/rizy/planner/3d-navi/3d-navi-ros2_v1/install/plan_env/lib:${LD_LIBRARY_PATH} PYTHONPATH=/home/rizy/planner/3d-navi/3d-navi-ros2_v1/install/traj_utils/local/lib/python3.10/dist-packages:/home/rizy/planner/3d-navi/3d-navi-ros2_v1/install/traj_utils/lib/python3.10/site-packages:/home/rizy/planner/3d-navi/3d-navi-ros2_v1/install/quadrotor_msgs/local/lib/python3.10/dist-packages:/home/rizy/planner/3d-navi/3d-navi-ros2_v1/install/quadrotor_msgs/lib/python3.10/site-packages:${PYTHONPATH} /usr/bin/cmake --build /home/rizy/planner/3d-navi/3d-navi-ros2_v1/build/ego_planner -- -j32 -l32
[1.135s] Invoking command in '/home/rizy/planner/3d-navi/3d-navi-ros2_v1/build/ego_planner': AMENT_PREFIX_PATH=/home/rizy/planner/3d-navi/3d-navi-ros2_v1/install/bspline_opt:/home/rizy/planner/3d-navi/3d-navi-ros2_v1/install/path_searching:/home/rizy/planner/3d-navi/3d-navi-ros2_v1/install/traj_utils:/home/rizy/planner/3d-navi/3d-navi-ros2_v1/install/quadrotor_msgs:/home/rizy/planner/3d-navi/3d-navi-ros2_v1/install/plan_env:${AMENT_PREFIX_PATH} CMAKE_PREFIX_PATH=/home/rizy/planner/3d-navi/3d-navi-ros2_v1/install/bspline_opt:/home/rizy/planner/3d-navi/3d-navi-ros2_v1/install/path_searching:/home/rizy/planner/3d-navi/3d-navi-ros2_v1/install/traj_utils:/home/rizy/planner/3d-navi/3d-navi-ros2_v1/install/quadrotor_msgs:/home/rizy/planner/3d-navi/3d-navi-ros2_v1/install/plan_env:/opt/ros/humble CONDA_PROMPT_MODIFIER=(myenv) LD_LIBRARY_PATH=/home/rizy/planner/3d-navi/3d-navi-ros2_v1/install/bspline_opt/lib:/home/rizy/planner/3d-navi/3d-navi-ros2_v1/install/path_searching/lib:/home/rizy/planner/3d-navi/3d-navi-ros2_v1/install/traj_utils/lib:/home/rizy/planner/3d-navi/3d-navi-ros2_v1/install/quadrotor_msgs/lib:/home/rizy/planner/3d-navi/3d-navi-ros2_v1/install/plan_env/lib:${LD_LIBRARY_PATH} PYTHONPATH=/home/rizy/planner/3d-navi/3d-navi-ros2_v1/install/traj_utils/local/lib/python3.10/dist-packages:/home/rizy/planner/3d-navi/3d-navi-ros2_v1/install/traj_utils/lib/python3.10/site-packages:/home/rizy/planner/3d-navi/3d-navi-ros2_v1/install/quadrotor_msgs/local/lib/python3.10/dist-packages:/home/rizy/planner/3d-navi/3d-navi-ros2_v1/install/quadrotor_msgs/lib/python3.10/site-packages:${PYTHONPATH} /usr/bin/cmake --install /home/rizy/planner/3d-navi/3d-navi-ros2_v1/build/ego_planner
[1.139s] -- Install configuration: "Release"
[1.140s] -- Execute custom install script
[1.140s] -- Up-to-date symlink: /home/rizy/planner/3d-navi/3d-navi-ros2_v1/install/ego_planner/lib/ego_planner/ego_planner_node
[1.140s] -- Up-to-date symlink: /home/rizy/planner/3d-navi/3d-navi-ros2_v1/install/ego_planner/lib/ego_planner/traj_server
[1.140s] -- Up-to-date symlink: /home/rizy/planner/3d-navi/3d-navi-ros2_v1/install/ego_planner/share/ego_planner/launch/advanced_param.launch.py
[1.140s] -- Up-to-date symlink: /home/rizy/planner/3d-navi/3d-navi-ros2_v1/install/ego_planner/share/ego_planner/launch/default.rviz
[1.140s] -- Up-to-date symlink: /home/rizy/planner/3d-navi/3d-navi-ros2_v1/install/ego_planner/share/ego_planner/launch/run_in_sim.launch.py
[1.140s] -- Up-to-date symlink: /home/rizy/planner/3d-navi/3d-navi-ros2_v1/install/ego_planner/share/ego_planner/launch/rviz.launch.py
[1.140s] -- Up-to-date symlink: /home/rizy/planner/3d-navi/3d-navi-ros2_v1/install/ego_planner/share/ego_planner/launch/simulator.launch.py
[1.140s] -- Up-to-date symlink: /home/rizy/planner/3d-navi/3d-navi-ros2_v1/install/ego_planner/share/ego_planner/launch/single_run_in_sim.launch.py
[1.140s] -- Up-to-date symlink: /home/rizy/planner/3d-navi/3d-navi-ros2_v1/install/ego_planner/share/ego_planner/launch/swarm.launch.py
[1.141s] -- Up-to-date symlink: /home/rizy/planner/3d-navi/3d-navi-ros2_v1/install/ego_planner/share/ego_planner/launch/swarm_large.launch.py
[1.141s] -- Up-to-date symlink: /home/rizy/planner/3d-navi/3d-navi-ros2_v1/install/ego_planner/share/ament_index/resource_index/package_run_dependencies/ego_planner
[1.141s] -- Up-to-date symlink: /home/rizy/planner/3d-navi/3d-navi-ros2_v1/install/ego_planner/share/ament_index/resource_index/parent_prefix_path/ego_planner
[1.141s] -- Up-to-date symlink: /home/rizy/planner/3d-navi/3d-navi-ros2_v1/install/ego_planner/share/ego_planner/environment/ament_prefix_path.sh
[1.141s] -- Up-to-date symlink: /home/rizy/planner/3d-navi/3d-navi-ros2_v1/install/ego_planner/share/ego_planner/environment/ament_prefix_path.dsv
[1.141s] -- Up-to-date symlink: /home/rizy/planner/3d-navi/3d-navi-ros2_v1/install/ego_planner/share/ego_planner/environment/path.sh
[1.141s] -- Up-to-date symlink: /home/rizy/planner/3d-navi/3d-navi-ros2_v1/install/ego_planner/share/ego_planner/environment/path.dsv
[1.141s] -- Up-to-date symlink: /home/rizy/planner/3d-navi/3d-navi-ros2_v1/install/ego_planner/share/ego_planner/local_setup.bash
[1.141s] -- Up-to-date symlink: /home/rizy/planner/3d-navi/3d-navi-ros2_v1/install/ego_planner/share/ego_planner/local_setup.sh
[1.141s] -- Up-to-date symlink: /home/rizy/planner/3d-navi/3d-navi-ros2_v1/install/ego_planner/share/ego_planner/local_setup.zsh
[1.141s] -- Up-to-date symlink: /home/rizy/planner/3d-navi/3d-navi-ros2_v1/install/ego_planner/share/ego_planner/local_setup.dsv
[1.141s] -- Symlinking: /home/rizy/planner/3d-navi/3d-navi-ros2_v1/install/ego_planner/share/ego_planner/package.dsv
[1.148s] -- Up-to-date symlink: /home/rizy/planner/3d-navi/3d-navi-ros2_v1/install/ego_planner/share/ament_index/resource_index/packages/ego_planner
[1.148s] -- Up-to-date symlink: /home/rizy/planner/3d-navi/3d-navi-ros2_v1/install/ego_planner/share/ego_planner/cmake/ego_plannerConfig.cmake
[1.148s] -- Up-to-date symlink: /home/rizy/planner/3d-navi/3d-navi-ros2_v1/install/ego_planner/share/ego_planner/cmake/ego_plannerConfig-version.cmake
[1.148s] -- Up-to-date symlink: /home/rizy/planner/3d-navi/3d-navi-ros2_v1/install/ego_planner/share/ego_planner/package.xml
[1.150s] Invoked command in '/home/rizy/planner/3d-navi/3d-navi-ros2_v1/build/ego_planner' returned '0': AMENT_PREFIX_PATH=/home/rizy/planner/3d-navi/3d-navi-ros2_v1/install/bspline_opt:/home/rizy/planner/3d-navi/3d-navi-ros2_v1/install/path_searching:/home/rizy/planner/3d-navi/3d-navi-ros2_v1/install/traj_utils:/home/rizy/planner/3d-navi/3d-navi-ros2_v1/install/quadrotor_msgs:/home/rizy/planner/3d-navi/3d-navi-ros2_v1/install/plan_env:${AMENT_PREFIX_PATH} CMAKE_PREFIX_PATH=/home/rizy/planner/3d-navi/3d-navi-ros2_v1/install/bspline_opt:/home/rizy/planner/3d-navi/3d-navi-ros2_v1/install/path_searching:/home/rizy/planner/3d-navi/3d-navi-ros2_v1/install/traj_utils:/home/rizy/planner/3d-navi/3d-navi-ros2_v1/install/quadrotor_msgs:/home/rizy/planner/3d-navi/3d-navi-ros2_v1/install/plan_env:/opt/ros/humble CONDA_PROMPT_MODIFIER=(myenv) LD_LIBRARY_PATH=/home/rizy/planner/3d-navi/3d-navi-ros2_v1/install/bspline_opt/lib:/home/rizy/planner/3d-navi/3d-navi-ros2_v1/install/path_searching/lib:/home/rizy/planner/3d-navi/3d-navi-ros2_v1/install/traj_utils/lib:/home/rizy/planner/3d-navi/3d-navi-ros2_v1/install/quadrotor_msgs/lib:/home/rizy/planner/3d-navi/3d-navi-ros2_v1/install/plan_env/lib:${LD_LIBRARY_PATH} PYTHONPATH=/home/rizy/planner/3d-navi/3d-navi-ros2_v1/install/traj_utils/local/lib/python3.10/dist-packages:/home/rizy/planner/3d-navi/3d-navi-ros2_v1/install/traj_utils/lib/python3.10/site-packages:/home/rizy/planner/3d-navi/3d-navi-ros2_v1/install/quadrotor_msgs/local/lib/python3.10/dist-packages:/home/rizy/planner/3d-navi/3d-navi-ros2_v1/install/quadrotor_msgs/lib/python3.10/site-packages:${PYTHONPATH} /usr/bin/cmake --install /home/rizy/planner/3d-navi/3d-navi-ros2_v1/build/ego_planner
