[0.704s] Invoking command in '/home/rizy/planner/3d-navi/3d-navi-ros2_v1/build/nav_integration': CONDA_PROMPT_MODIFIER=(myenv) PYTHONPATH=/home/rizy/planner/3d-navi/3d-navi-ros2_v1/build/nav_integration/prefix_override:/usr/lib/python3/dist-packages/colcon_core/task/python/colcon_distutils_commands:/home/rizy/planner/3d-navi/3d-navi-ros2_v1/install/nav_integration/lib/python3.10/site-packages:${PYTHONPATH} /usr/bin/python3 -W ignore:setup.py install is deprecated -W ignore:easy_install command is deprecated setup.py develop --uninstall --editable --build-directory /home/rizy/planner/3d-navi/3d-navi-ros2_v1/build/nav_integration/build
[0.802s] /home/rizy/.local/lib/python3.10/site-packages/setuptools/_distutils/dist.py:289: UserWarning: Unknown distribution option: 'tests_require'
[0.802s]   warnings.warn(msg)
[0.902s] running develop
[1.036s] Removing /home/rizy/planner/3d-navi/3d-navi-ros2_v1/install/nav_integration/lib/python3.10/site-packages/nav-integration.egg-link (link to .)
[1.061s] Invoked command in '/home/rizy/planner/3d-navi/3d-navi-ros2_v1/build/nav_integration' returned '0': CONDA_PROMPT_MODIFIER=(myenv) PYTHONPATH=/home/rizy/planner/3d-navi/3d-navi-ros2_v1/build/nav_integration/prefix_override:/usr/lib/python3/dist-packages/colcon_core/task/python/colcon_distutils_commands:/home/rizy/planner/3d-navi/3d-navi-ros2_v1/install/nav_integration/lib/python3.10/site-packages:${PYTHONPATH} /usr/bin/python3 -W ignore:setup.py install is deprecated -W ignore:easy_install command is deprecated setup.py develop --uninstall --editable --build-directory /home/rizy/planner/3d-navi/3d-navi-ros2_v1/build/nav_integration/build
[1.062s] Invoking command in '/home/rizy/planner/3d-navi/3d-navi-ros2_v1/src/nav_integration': CONDA_PROMPT_MODIFIER=(myenv) PYTHONPATH=/home/rizy/planner/3d-navi/3d-navi-ros2_v1/build/nav_integration/prefix_override:/usr/lib/python3/dist-packages/colcon_core/task/python/colcon_distutils_commands:/home/rizy/planner/3d-navi/3d-navi-ros2_v1/install/nav_integration/lib/python3.10/site-packages:${PYTHONPATH} /usr/bin/python3 -W ignore:setup.py install is deprecated -W ignore:easy_install command is deprecated setup.py egg_info --egg-base ../../build/nav_integration build --build-base /home/rizy/planner/3d-navi/3d-navi-ros2_v1/build/nav_integration/build install --record /home/rizy/planner/3d-navi/3d-navi-ros2_v1/build/nav_integration/install.log --single-version-externally-managed install_data --force
[1.154s] /home/rizy/.local/lib/python3.10/site-packages/setuptools/_distutils/dist.py:289: UserWarning: Unknown distribution option: 'tests_require'
[1.154s]   warnings.warn(msg)
[1.209s] running egg_info
[1.218s] writing ../../build/nav_integration/nav_integration.egg-info/PKG-INFO
[1.219s] writing dependency_links to ../../build/nav_integration/nav_integration.egg-info/dependency_links.txt
[1.219s] writing entry points to ../../build/nav_integration/nav_integration.egg-info/entry_points.txt
[1.219s] writing requirements to ../../build/nav_integration/nav_integration.egg-info/requires.txt
[1.219s] writing top-level names to ../../build/nav_integration/nav_integration.egg-info/top_level.txt
[1.241s] reading manifest file '../../build/nav_integration/nav_integration.egg-info/SOURCES.txt'
[1.242s] writing manifest file '../../build/nav_integration/nav_integration.egg-info/SOURCES.txt'
[1.242s] running build
[1.243s] running build_py
[1.243s] creating /home/rizy/planner/3d-navi/3d-navi-ros2_v1/build/nav_integration/build/lib/nav_integration
[1.243s] copying nav_integration/__init__.py -> /home/rizy/planner/3d-navi/3d-navi-ros2_v1/build/nav_integration/build/lib/nav_integration
[1.243s] copying nav_integration/map_server.py -> /home/rizy/planner/3d-navi/3d-navi-ros2_v1/build/nav_integration/build/lib/nav_integration
[1.244s] copying nav_integration/simple_path_follower.py -> /home/rizy/planner/3d-navi/3d-navi-ros2_v1/build/nav_integration/build/lib/nav_integration
[1.244s] running install
[1.247s] running install_lib
[1.258s] creating /home/rizy/planner/3d-navi/3d-navi-ros2_v1/install/nav_integration/lib/python3.10/site-packages/nav_integration
[1.258s] copying /home/rizy/planner/3d-navi/3d-navi-ros2_v1/build/nav_integration/build/lib/nav_integration/__init__.py -> /home/rizy/planner/3d-navi/3d-navi-ros2_v1/install/nav_integration/lib/python3.10/site-packages/nav_integration
[1.258s] copying /home/rizy/planner/3d-navi/3d-navi-ros2_v1/build/nav_integration/build/lib/nav_integration/map_server.py -> /home/rizy/planner/3d-navi/3d-navi-ros2_v1/install/nav_integration/lib/python3.10/site-packages/nav_integration
[1.258s] copying /home/rizy/planner/3d-navi/3d-navi-ros2_v1/build/nav_integration/build/lib/nav_integration/simple_path_follower.py -> /home/rizy/planner/3d-navi/3d-navi-ros2_v1/install/nav_integration/lib/python3.10/site-packages/nav_integration
[1.259s] byte-compiling /home/rizy/planner/3d-navi/3d-navi-ros2_v1/install/nav_integration/lib/python3.10/site-packages/nav_integration/__init__.py to __init__.cpython-310.pyc
[1.259s] byte-compiling /home/rizy/planner/3d-navi/3d-navi-ros2_v1/install/nav_integration/lib/python3.10/site-packages/nav_integration/map_server.py to map_server.cpython-310.pyc
[1.260s] byte-compiling /home/rizy/planner/3d-navi/3d-navi-ros2_v1/install/nav_integration/lib/python3.10/site-packages/nav_integration/simple_path_follower.py to simple_path_follower.cpython-310.pyc
[1.260s] running install_data
[1.260s] copying resource/nav_integration -> /home/rizy/planner/3d-navi/3d-navi-ros2_v1/install/nav_integration/share/ament_index/resource_index/packages
[1.261s] copying package.xml -> /home/rizy/planner/3d-navi/3d-navi-ros2_v1/install/nav_integration/share/nav_integration
[1.261s] copying launch/run_pct.launch.py -> /home/rizy/planner/3d-navi/3d-navi-ros2_v1/install/nav_integration/share/nav_integration/launch
[1.264s] copying launch/simulation_phase1.launch.py -> /home/rizy/planner/3d-navi/3d-navi-ros2_v1/install/nav_integration/share/nav_integration/launch
[1.264s] copying launch/bringup_map.launch.py -> /home/rizy/planner/3d-navi/3d-navi-ros2_v1/install/nav_integration/share/nav_integration/launch
[1.264s] copying urdf/robot.urdf -> /home/rizy/planner/3d-navi/3d-navi-ros2_v1/install/nav_integration/share/nav_integration/urdf
[1.264s] copying rviz/nav.rviz -> /home/rizy/planner/3d-navi/3d-navi-ros2_v1/install/nav_integration/share/nav_integration/rviz
[1.264s] running install_egg_info
[1.273s] Copying ../../build/nav_integration/nav_integration.egg-info to /home/rizy/planner/3d-navi/3d-navi-ros2_v1/install/nav_integration/lib/python3.10/site-packages/nav_integration-0.0.0-py3.10.egg-info
[1.274s] running install_scripts
[1.363s] Installing map_server script to /home/rizy/planner/3d-navi/3d-navi-ros2_v1/install/nav_integration/lib/nav_integration
[1.363s] Installing simple_path_follower script to /home/rizy/planner/3d-navi/3d-navi-ros2_v1/install/nav_integration/lib/nav_integration
[1.363s] writing list of installed files to '/home/rizy/planner/3d-navi/3d-navi-ros2_v1/build/nav_integration/install.log'
[1.382s] Invoked command in '/home/rizy/planner/3d-navi/3d-navi-ros2_v1/src/nav_integration' returned '0': CONDA_PROMPT_MODIFIER=(myenv) PYTHONPATH=/home/rizy/planner/3d-navi/3d-navi-ros2_v1/build/nav_integration/prefix_override:/usr/lib/python3/dist-packages/colcon_core/task/python/colcon_distutils_commands:/home/rizy/planner/3d-navi/3d-navi-ros2_v1/install/nav_integration/lib/python3.10/site-packages:${PYTHONPATH} /usr/bin/python3 -W ignore:setup.py install is deprecated -W ignore:easy_install command is deprecated setup.py egg_info --egg-base ../../build/nav_integration build --build-base /home/rizy/planner/3d-navi/3d-navi-ros2_v1/build/nav_integration/build install --record /home/rizy/planner/3d-navi/3d-navi-ros2_v1/build/nav_integration/install.log --single-version-externally-managed install_data --force
