[ 33%] Built target gtest_main
[ 66%] Built target gtest
[100%] Built target uav_utils_test
-- Install configuration: ""
-- Execute custom install script
-- Up-to-date symlink: /home/rizy/planner/3d-navi/3d-navi-ros2_v1/install/uav_utils/share/ament_index/resource_index/package_run_dependencies/uav_utils
-- Up-to-date symlink: /home/rizy/planner/3d-navi/3d-navi-ros2_v1/install/uav_utils/share/ament_index/resource_index/parent_prefix_path/uav_utils
-- Up-to-date symlink: /home/rizy/planner/3d-navi/3d-navi-ros2_v1/install/uav_utils/share/uav_utils/environment/ament_prefix_path.sh
-- Up-to-date symlink: /home/rizy/planner/3d-navi/3d-navi-ros2_v1/install/uav_utils/share/uav_utils/environment/ament_prefix_path.dsv
-- Up-to-date symlink: /home/rizy/planner/3d-navi/3d-navi-ros2_v1/install/uav_utils/share/uav_utils/environment/path.sh
-- Up-to-date symlink: /home/rizy/planner/3d-navi/3d-navi-ros2_v1/install/uav_utils/share/uav_utils/environment/path.dsv
-- Up-to-date symlink: /home/rizy/planner/3d-navi/3d-navi-ros2_v1/install/uav_utils/share/uav_utils/local_setup.bash
-- Up-to-date symlink: /home/rizy/planner/3d-navi/3d-navi-ros2_v1/install/uav_utils/share/uav_utils/local_setup.sh
-- Up-to-date symlink: /home/rizy/planner/3d-navi/3d-navi-ros2_v1/install/uav_utils/share/uav_utils/local_setup.zsh
-- Up-to-date symlink: /home/rizy/planner/3d-navi/3d-navi-ros2_v1/install/uav_utils/share/uav_utils/local_setup.dsv
-- Symlinking: /home/rizy/planner/3d-navi/3d-navi-ros2_v1/install/uav_utils/share/uav_utils/package.dsv
-- Up-to-date symlink: /home/rizy/planner/3d-navi/3d-navi-ros2_v1/install/uav_utils/share/ament_index/resource_index/packages/uav_utils
-- Up-to-date symlink: /home/rizy/planner/3d-navi/3d-navi-ros2_v1/install/uav_utils/share/uav_utils/cmake/ament_cmake_export_include_directories-extras.cmake
-- Up-to-date symlink: /home/rizy/planner/3d-navi/3d-navi-ros2_v1/install/uav_utils/share/uav_utils/cmake/uav_utilsConfig.cmake
-- Up-to-date symlink: /home/rizy/planner/3d-navi/3d-navi-ros2_v1/install/uav_utils/share/uav_utils/cmake/uav_utilsConfig-version.cmake
-- Up-to-date symlink: /home/rizy/planner/3d-navi/3d-navi-ros2_v1/install/uav_utils/share/uav_utils/package.xml
-- Up-to-date: /home/rizy/planner/3d-navi/3d-navi-ros2_v1/install/uav_utils/include/uav_utils
-- Up-to-date: /home/rizy/planner/3d-navi/3d-navi-ros2_v1/install/uav_utils/include/uav_utils/geometry_utils.h
-- Up-to-date: /home/rizy/planner/3d-navi/3d-navi-ros2_v1/install/uav_utils/include/uav_utils/utils.h
-- Up-to-date: /home/rizy/planner/3d-navi/3d-navi-ros2_v1/install/uav_utils/include/uav_utils/converters.h
