[0.037s] Invoking command in '/home/rizy/planner/3d-navi/3d-navi-ros2_v1/build/waypoint_generator': CMAKE_PREFIX_PATH=/opt/ros/humble CONDA_PROMPT_MODIFIER=(myenv) /usr/bin/cmake /home/rizy/planner/3d-navi/3d-navi-ros2_v1/src/uav_simulator/Utils/waypoint_generator -DAMENT_CMAKE_SYMLINK_INSTALL=1 -DCMAKE_INSTALL_PREFIX=/home/rizy/planner/3d-navi/3d-navi-ros2_v1/install/waypoint_generator
[0.043s] -- Found ament_cmake: 1.3.12 (/opt/ros/humble/share/ament_cmake/cmake)
[0.144s] -- Override CMake install command with custom implementation using symlinks instead of copying resources
[0.148s] -- Found rclcpp: 16.0.16 (/opt/ros/humble/share/rclcpp/cmake)
[0.165s] -- Found rosidl_generator_c: 3.1.7 (/opt/ros/humble/share/rosidl_generator_c/cmake)
[0.166s] -- Found rosidl_adapter: 3.1.7 (/opt/ros/humble/share/rosidl_adapter/cmake)
[0.169s] -- Found rosidl_generator_cpp: 3.1.7 (/opt/ros/humble/share/rosidl_generator_cpp/cmake)
[0.174s] -- Using all available rosidl_typesupport_c: rosidl_typesupport_fastrtps_c;rosidl_typesupport_introspection_c
[0.180s] -- Using all available rosidl_typesupport_cpp: rosidl_typesupport_fastrtps_cpp;rosidl_typesupport_introspection_cpp
[0.197s] -- Found rmw_implementation_cmake: 6.1.2 (/opt/ros/humble/share/rmw_implementation_cmake/cmake)
[0.197s] -- Found rmw_cyclonedds_cpp: 1.3.4 (/opt/ros/humble/share/rmw_cyclonedds_cpp/cmake)
[0.210s] -- Using RMW implementation 'rmw_cyclonedds_cpp' as default
[0.234s] -- Found tf2: 0.25.17 (/opt/ros/humble/share/tf2/cmake)
[0.243s] -- Found tf2_geometry_msgs: 0.25.17 (/opt/ros/humble/share/tf2_geometry_msgs/cmake)
[0.245s] -- Found eigen3_cmake_module: 0.1.1 (/opt/ros/humble/share/eigen3_cmake_module/cmake)
[0.245s] -- Ensuring Eigen3 include directory is part of orocos-kdl CMake target
[0.287s] -- Found nav_msgs: 4.9.0 (/opt/ros/humble/share/nav_msgs/cmake)
[0.296s] -- Found ament_lint_auto: 0.12.14 (/opt/ros/humble/share/ament_lint_auto/cmake)
[0.352s] -- Added test 'cppcheck' to perform static code analysis on C / C++ code
[0.352s] -- Configured cppcheck include dirs: /home/rizy/planner/3d-navi/3d-navi-ros2_v1/src/uav_simulator/Utils/waypoint_generator/include
[0.352s] -- Configured cppcheck exclude dirs and/or files: 
[0.352s] -- Added test 'lint_cmake' to check CMake code style
[0.352s] -- Added test 'uncrustify' to check C / C++ code style
[0.352s] -- Configured uncrustify additional arguments: 
[0.352s] -- Added test 'xmllint' to check XML markup files
[0.353s] -- Configuring done
[0.366s] -- Generating done
[0.370s] -- Build files have been written to: /home/rizy/planner/3d-navi/3d-navi-ros2_v1/build/waypoint_generator
[0.390s] Invoked command in '/home/rizy/planner/3d-navi/3d-navi-ros2_v1/build/waypoint_generator' returned '0': CMAKE_PREFIX_PATH=/opt/ros/humble CONDA_PROMPT_MODIFIER=(myenv) /usr/bin/cmake /home/rizy/planner/3d-navi/3d-navi-ros2_v1/src/uav_simulator/Utils/waypoint_generator -DAMENT_CMAKE_SYMLINK_INSTALL=1 -DCMAKE_INSTALL_PREFIX=/home/rizy/planner/3d-navi/3d-navi-ros2_v1/install/waypoint_generator
[0.391s] Invoking command in '/home/rizy/planner/3d-navi/3d-navi-ros2_v1/build/waypoint_generator': CMAKE_PREFIX_PATH=/opt/ros/humble CONDA_PROMPT_MODIFIER=(myenv) /usr/bin/cmake --build /home/rizy/planner/3d-navi/3d-navi-ros2_v1/build/waypoint_generator -- -j32 -l32
[0.440s] [35m[1mConsolidate compiler generated dependencies of target waypoint_generator[0m
[0.461s] [100%] Built target waypoint_generator
[0.479s] Invoked command in '/home/rizy/planner/3d-navi/3d-navi-ros2_v1/build/waypoint_generator' returned '0': CMAKE_PREFIX_PATH=/opt/ros/humble CONDA_PROMPT_MODIFIER=(myenv) /usr/bin/cmake --build /home/rizy/planner/3d-navi/3d-navi-ros2_v1/build/waypoint_generator -- -j32 -l32
[0.480s] Invoking command in '/home/rizy/planner/3d-navi/3d-navi-ros2_v1/build/waypoint_generator': CMAKE_PREFIX_PATH=/opt/ros/humble CONDA_PROMPT_MODIFIER=(myenv) /usr/bin/cmake --install /home/rizy/planner/3d-navi/3d-navi-ros2_v1/build/waypoint_generator
[0.485s] -- Install configuration: ""
[0.485s] -- Execute custom install script
[0.486s] -- Up-to-date symlink: /home/rizy/planner/3d-navi/3d-navi-ros2_v1/install/waypoint_generator/lib/waypoint_generator/waypoint_generator
[0.486s] -- Up-to-date symlink: /home/rizy/planner/3d-navi/3d-navi-ros2_v1/install/waypoint_generator/share/ament_index/resource_index/package_run_dependencies/waypoint_generator
[0.486s] -- Up-to-date symlink: /home/rizy/planner/3d-navi/3d-navi-ros2_v1/install/waypoint_generator/share/ament_index/resource_index/parent_prefix_path/waypoint_generator
[0.486s] -- Up-to-date symlink: /home/rizy/planner/3d-navi/3d-navi-ros2_v1/install/waypoint_generator/share/waypoint_generator/environment/ament_prefix_path.sh
[0.486s] -- Up-to-date symlink: /home/rizy/planner/3d-navi/3d-navi-ros2_v1/install/waypoint_generator/share/waypoint_generator/environment/ament_prefix_path.dsv
[0.486s] -- Up-to-date symlink: /home/rizy/planner/3d-navi/3d-navi-ros2_v1/install/waypoint_generator/share/waypoint_generator/environment/path.sh
[0.486s] -- Up-to-date symlink: /home/rizy/planner/3d-navi/3d-navi-ros2_v1/install/waypoint_generator/share/waypoint_generator/environment/path.dsv
[0.486s] -- Up-to-date symlink: /home/rizy/planner/3d-navi/3d-navi-ros2_v1/install/waypoint_generator/share/waypoint_generator/local_setup.bash
[0.486s] -- Up-to-date symlink: /home/rizy/planner/3d-navi/3d-navi-ros2_v1/install/waypoint_generator/share/waypoint_generator/local_setup.sh
[0.486s] -- Up-to-date symlink: /home/rizy/planner/3d-navi/3d-navi-ros2_v1/install/waypoint_generator/share/waypoint_generator/local_setup.zsh
[0.487s] -- Up-to-date symlink: /home/rizy/planner/3d-navi/3d-navi-ros2_v1/install/waypoint_generator/share/waypoint_generator/local_setup.dsv
[0.487s] -- Symlinking: /home/rizy/planner/3d-navi/3d-navi-ros2_v1/install/waypoint_generator/share/waypoint_generator/package.dsv
[0.493s] -- Up-to-date symlink: /home/rizy/planner/3d-navi/3d-navi-ros2_v1/install/waypoint_generator/share/ament_index/resource_index/packages/waypoint_generator
[0.493s] -- Up-to-date symlink: /home/rizy/planner/3d-navi/3d-navi-ros2_v1/install/waypoint_generator/share/waypoint_generator/cmake/waypoint_generatorConfig.cmake
[0.493s] -- Up-to-date symlink: /home/rizy/planner/3d-navi/3d-navi-ros2_v1/install/waypoint_generator/share/waypoint_generator/cmake/waypoint_generatorConfig-version.cmake
[0.493s] -- Up-to-date symlink: /home/rizy/planner/3d-navi/3d-navi-ros2_v1/install/waypoint_generator/share/waypoint_generator/package.xml
[0.496s] Invoked command in '/home/rizy/planner/3d-navi/3d-navi-ros2_v1/build/waypoint_generator' returned '0': CMAKE_PREFIX_PATH=/opt/ros/humble CONDA_PROMPT_MODIFIER=(myenv) /usr/bin/cmake --install /home/rizy/planner/3d-navi/3d-navi-ros2_v1/build/waypoint_generator
