[0.139s] DEBUG:colcon:Command line arguments: ['/usr/bin/colcon', 'build', '--packages-select', 'nav_integration', '--symlink-install']
[0.140s] DEBUG:colcon:Parsed command line arguments: Namespace(log_base=None, log_level=None, verb_name='build', build_base='build', install_base='install', merge_install=False, symlink_install=True, test_result_base=None, continue_on_error=False, executor='parallel', parallel_workers=32, event_handlers=None, ignore_user_meta=False, metas=['./colcon.meta'], base_paths=['.'], packages_ignore=None, packages_ignore_regex=None, paths=None, packages_up_to=None, packages_up_to_regex=None, packages_above=None, packages_above_and_dependencies=None, packages_above_depth=None, packages_select_by_dep=None, packages_skip_by_dep=None, packages_skip_up_to=None, packages_select_build_failed=False, packages_skip_build_finished=False, packages_select_test_failures=False, packages_skip_test_passed=False, packages_select=['nav_integration'], packages_skip=None, packages_select_regex=None, packages_skip_regex=None, packages_start=None, packages_end=None, allow_overriding=[], cmake_args=None, cmake_target=None, cmake_target_skip_unavailable=False, cmake_clean_cache=False, cmake_clean_first=False, cmake_force_configure=False, ament_cmake_args=None, catkin_cmake_args=None, catkin_skip_building_tests=False, mixin_files=None, mixin=None, verb_parser=<colcon_mixin.mixin.mixin_argument.MixinArgumentDecorator object at 0x7de8b100e440>, verb_extension=<colcon_core.verb.build.BuildVerb object at 0x7de8b0fd0940>, main=<bound method BuildVerb.main of <colcon_core.verb.build.BuildVerb object at 0x7de8b0fd0940>>, mixin_verb=('build',))
[0.185s] Level 1:colcon.colcon_core.package_discovery:discover_packages(colcon_meta) check parameters
[0.186s] Level 1:colcon.colcon_core.package_discovery:discover_packages(recursive) check parameters
[0.186s] Level 1:colcon.colcon_core.package_discovery:discover_packages(ignore) check parameters
[0.186s] Level 1:colcon.colcon_core.package_discovery:discover_packages(path) check parameters
[0.186s] Level 1:colcon.colcon_core.package_discovery:discover_packages(colcon_meta) discover
[0.186s] Level 1:colcon.colcon_core.package_discovery:discover_packages(recursive) discover
[0.186s] INFO:colcon.colcon_core.package_discovery:Crawling recursively for packages in '/home/rizy/planner/3d-navi/3d-navi-ros2_v1'
[0.186s] Level 1:colcon.colcon_core.package_identification:_identify(.) by extensions ['ignore', 'ignore_ament_install']
[0.186s] Level 1:colcon.colcon_core.package_identification:_identify(.) by extension 'ignore'
[0.186s] Level 1:colcon.colcon_core.package_identification:_identify(.) by extension 'ignore_ament_install'
[0.186s] Level 1:colcon.colcon_core.package_identification:_identify(.) by extensions ['colcon_pkg']
[0.186s] Level 1:colcon.colcon_core.package_identification:_identify(.) by extension 'colcon_pkg'
[0.186s] Level 1:colcon.colcon_core.package_identification:_identify(.) by extensions ['colcon_meta']
[0.186s] Level 1:colcon.colcon_core.package_identification:_identify(.) by extension 'colcon_meta'
[0.186s] Level 1:colcon.colcon_core.package_identification:_identify(.) by extensions ['ros']
[0.186s] Level 1:colcon.colcon_core.package_identification:_identify(.) by extension 'ros'
[0.200s] Level 1:colcon.colcon_core.package_identification:_identify(.) by extensions ['cmake', 'python']
[0.200s] Level 1:colcon.colcon_core.package_identification:_identify(.) by extension 'cmake'
[0.200s] Level 1:colcon.colcon_core.package_identification:_identify(.) by extension 'python'
[0.200s] Level 1:colcon.colcon_core.package_identification:_identify(.) by extensions ['python_setup_py']
[0.200s] Level 1:colcon.colcon_core.package_identification:_identify(.) by extension 'python_setup_py'
[0.200s] Level 1:colcon.colcon_core.package_identification:_identify(PCT_planner_re) by extensions ['ignore', 'ignore_ament_install']
[0.200s] Level 1:colcon.colcon_core.package_identification:_identify(PCT_planner_re) by extension 'ignore'
[0.201s] Level 1:colcon.colcon_core.package_identification:_identify(PCT_planner_re) by extension 'ignore_ament_install'
[0.201s] Level 1:colcon.colcon_core.package_identification:_identify(PCT_planner_re) by extensions ['colcon_pkg']
[0.201s] Level 1:colcon.colcon_core.package_identification:_identify(PCT_planner_re) by extension 'colcon_pkg'
[0.201s] Level 1:colcon.colcon_core.package_identification:_identify(PCT_planner_re) by extensions ['colcon_meta']
[0.201s] Level 1:colcon.colcon_core.package_identification:_identify(PCT_planner_re) by extension 'colcon_meta'
[0.201s] Level 1:colcon.colcon_core.package_identification:_identify(PCT_planner_re) by extensions ['ros']
[0.201s] Level 1:colcon.colcon_core.package_identification:_identify(PCT_planner_re) by extension 'ros'
[0.201s] Level 1:colcon.colcon_core.package_identification:_identify(PCT_planner_re) by extensions ['cmake', 'python']
[0.201s] Level 1:colcon.colcon_core.package_identification:_identify(PCT_planner_re) by extension 'cmake'
[0.201s] Level 1:colcon.colcon_core.package_identification:_identify(PCT_planner_re) by extension 'python'
[0.201s] Level 1:colcon.colcon_core.package_identification:_identify(PCT_planner_re) by extensions ['python_setup_py']
[0.201s] Level 1:colcon.colcon_core.package_identification:_identify(PCT_planner_re) by extension 'python_setup_py'
[0.201s] Level 1:colcon.colcon_core.package_identification:_identify(PCT_planner_re/build) by extensions ['ignore', 'ignore_ament_install']
[0.201s] Level 1:colcon.colcon_core.package_identification:_identify(PCT_planner_re/build) by extension 'ignore'
[0.201s] Level 1:colcon.colcon_core.package_identification:_identify(PCT_planner_re/build) ignored
[0.201s] Level 1:colcon.colcon_core.package_identification:_identify(PCT_planner_re/install) by extensions ['ignore', 'ignore_ament_install']
[0.201s] Level 1:colcon.colcon_core.package_identification:_identify(PCT_planner_re/install) by extension 'ignore'
[0.201s] Level 1:colcon.colcon_core.package_identification:_identify(PCT_planner_re/install) ignored
[0.201s] Level 1:colcon.colcon_core.package_identification:_identify(PCT_planner_re/log) by extensions ['ignore', 'ignore_ament_install']
[0.201s] Level 1:colcon.colcon_core.package_identification:_identify(PCT_planner_re/log) by extension 'ignore'
[0.201s] Level 1:colcon.colcon_core.package_identification:_identify(PCT_planner_re/log) ignored
[0.202s] Level 1:colcon.colcon_core.package_identification:_identify(PCT_planner_re/planner) by extensions ['ignore', 'ignore_ament_install']
[0.202s] Level 1:colcon.colcon_core.package_identification:_identify(PCT_planner_re/planner) by extension 'ignore'
[0.202s] Level 1:colcon.colcon_core.package_identification:_identify(PCT_planner_re/planner) by extension 'ignore_ament_install'
[0.202s] Level 1:colcon.colcon_core.package_identification:_identify(PCT_planner_re/planner) by extensions ['colcon_pkg']
[0.202s] Level 1:colcon.colcon_core.package_identification:_identify(PCT_planner_re/planner) by extension 'colcon_pkg'
[0.202s] Level 1:colcon.colcon_core.package_identification:_identify(PCT_planner_re/planner) by extensions ['colcon_meta']
[0.202s] Level 1:colcon.colcon_core.package_identification:_identify(PCT_planner_re/planner) by extension 'colcon_meta'
[0.202s] Level 1:colcon.colcon_core.package_identification:_identify(PCT_planner_re/planner) by extensions ['ros']
[0.202s] Level 1:colcon.colcon_core.package_identification:_identify(PCT_planner_re/planner) by extension 'ros'
[0.202s] Level 1:colcon.colcon_core.package_identification:_identify(PCT_planner_re/planner) by extensions ['cmake', 'python']
[0.202s] Level 1:colcon.colcon_core.package_identification:_identify(PCT_planner_re/planner) by extension 'cmake'
[0.202s] Level 1:colcon.colcon_core.package_identification:_identify(PCT_planner_re/planner) by extension 'python'
[0.202s] Level 1:colcon.colcon_core.package_identification:_identify(PCT_planner_re/planner) by extensions ['python_setup_py']
[0.202s] Level 1:colcon.colcon_core.package_identification:_identify(PCT_planner_re/planner) by extension 'python_setup_py'
[0.202s] Level 1:colcon.colcon_core.package_identification:_identify(PCT_planner_re/planner/config) by extensions ['ignore', 'ignore_ament_install']
[0.202s] Level 1:colcon.colcon_core.package_identification:_identify(PCT_planner_re/planner/config) by extension 'ignore'
[0.202s] Level 1:colcon.colcon_core.package_identification:_identify(PCT_planner_re/planner/config) by extension 'ignore_ament_install'
[0.202s] Level 1:colcon.colcon_core.package_identification:_identify(PCT_planner_re/planner/config) by extensions ['colcon_pkg']
[0.202s] Level 1:colcon.colcon_core.package_identification:_identify(PCT_planner_re/planner/config) by extension 'colcon_pkg'
[0.202s] Level 1:colcon.colcon_core.package_identification:_identify(PCT_planner_re/planner/config) by extensions ['colcon_meta']
[0.202s] Level 1:colcon.colcon_core.package_identification:_identify(PCT_planner_re/planner/config) by extension 'colcon_meta'
[0.202s] Level 1:colcon.colcon_core.package_identification:_identify(PCT_planner_re/planner/config) by extensions ['ros']
[0.202s] Level 1:colcon.colcon_core.package_identification:_identify(PCT_planner_re/planner/config) by extension 'ros'
[0.203s] Level 1:colcon.colcon_core.package_identification:_identify(PCT_planner_re/planner/config) by extensions ['cmake', 'python']
[0.203s] Level 1:colcon.colcon_core.package_identification:_identify(PCT_planner_re/planner/config) by extension 'cmake'
[0.203s] Level 1:colcon.colcon_core.package_identification:_identify(PCT_planner_re/planner/config) by extension 'python'
[0.203s] Level 1:colcon.colcon_core.package_identification:_identify(PCT_planner_re/planner/config) by extensions ['python_setup_py']
[0.203s] Level 1:colcon.colcon_core.package_identification:_identify(PCT_planner_re/planner/config) by extension 'python_setup_py'
[0.203s] Level 1:colcon.colcon_core.package_identification:_identify(PCT_planner_re/planner/config/__pycache__) by extensions ['ignore', 'ignore_ament_install']
[0.203s] Level 1:colcon.colcon_core.package_identification:_identify(PCT_planner_re/planner/config/__pycache__) by extension 'ignore'
[0.203s] Level 1:colcon.colcon_core.package_identification:_identify(PCT_planner_re/planner/config/__pycache__) by extension 'ignore_ament_install'
[0.203s] Level 1:colcon.colcon_core.package_identification:_identify(PCT_planner_re/planner/config/__pycache__) by extensions ['colcon_pkg']
[0.203s] Level 1:colcon.colcon_core.package_identification:_identify(PCT_planner_re/planner/config/__pycache__) by extension 'colcon_pkg'
[0.203s] Level 1:colcon.colcon_core.package_identification:_identify(PCT_planner_re/planner/config/__pycache__) by extensions ['colcon_meta']
[0.203s] Level 1:colcon.colcon_core.package_identification:_identify(PCT_planner_re/planner/config/__pycache__) by extension 'colcon_meta'
[0.203s] Level 1:colcon.colcon_core.package_identification:_identify(PCT_planner_re/planner/config/__pycache__) by extensions ['ros']
[0.203s] Level 1:colcon.colcon_core.package_identification:_identify(PCT_planner_re/planner/config/__pycache__) by extension 'ros'
[0.203s] Level 1:colcon.colcon_core.package_identification:_identify(PCT_planner_re/planner/config/__pycache__) by extensions ['cmake', 'python']
[0.203s] Level 1:colcon.colcon_core.package_identification:_identify(PCT_planner_re/planner/config/__pycache__) by extension 'cmake'
[0.203s] Level 1:colcon.colcon_core.package_identification:_identify(PCT_planner_re/planner/config/__pycache__) by extension 'python'
[0.203s] Level 1:colcon.colcon_core.package_identification:_identify(PCT_planner_re/planner/config/__pycache__) by extensions ['python_setup_py']
[0.203s] Level 1:colcon.colcon_core.package_identification:_identify(PCT_planner_re/planner/config/__pycache__) by extension 'python_setup_py'
[0.203s] Level 1:colcon.colcon_core.package_identification:_identify(PCT_planner_re/planner/docs) by extensions ['ignore', 'ignore_ament_install']
[0.203s] Level 1:colcon.colcon_core.package_identification:_identify(PCT_planner_re/planner/docs) by extension 'ignore'
[0.203s] Level 1:colcon.colcon_core.package_identification:_identify(PCT_planner_re/planner/docs) by extension 'ignore_ament_install'
[0.203s] Level 1:colcon.colcon_core.package_identification:_identify(PCT_planner_re/planner/docs) by extensions ['colcon_pkg']
[0.203s] Level 1:colcon.colcon_core.package_identification:_identify(PCT_planner_re/planner/docs) by extension 'colcon_pkg'
[0.203s] Level 1:colcon.colcon_core.package_identification:_identify(PCT_planner_re/planner/docs) by extensions ['colcon_meta']
[0.204s] Level 1:colcon.colcon_core.package_identification:_identify(PCT_planner_re/planner/docs) by extension 'colcon_meta'
[0.204s] Level 1:colcon.colcon_core.package_identification:_identify(PCT_planner_re/planner/docs) by extensions ['ros']
[0.204s] Level 1:colcon.colcon_core.package_identification:_identify(PCT_planner_re/planner/docs) by extension 'ros'
[0.204s] Level 1:colcon.colcon_core.package_identification:_identify(PCT_planner_re/planner/docs) by extensions ['cmake', 'python']
[0.204s] Level 1:colcon.colcon_core.package_identification:_identify(PCT_planner_re/planner/docs) by extension 'cmake'
[0.204s] Level 1:colcon.colcon_core.package_identification:_identify(PCT_planner_re/planner/docs) by extension 'python'
[0.204s] Level 1:colcon.colcon_core.package_identification:_identify(PCT_planner_re/planner/docs) by extensions ['python_setup_py']
[0.204s] Level 1:colcon.colcon_core.package_identification:_identify(PCT_planner_re/planner/docs) by extension 'python_setup_py'
[0.204s] Level 1:colcon.colcon_core.package_identification:_identify(PCT_planner_re/planner/docs/flowchart) by extensions ['ignore', 'ignore_ament_install']
[0.204s] Level 1:colcon.colcon_core.package_identification:_identify(PCT_planner_re/planner/docs/flowchart) by extension 'ignore'
[0.204s] Level 1:colcon.colcon_core.package_identification:_identify(PCT_planner_re/planner/docs/flowchart) by extension 'ignore_ament_install'
[0.204s] Level 1:colcon.colcon_core.package_identification:_identify(PCT_planner_re/planner/docs/flowchart) by extensions ['colcon_pkg']
[0.204s] Level 1:colcon.colcon_core.package_identification:_identify(PCT_planner_re/planner/docs/flowchart) by extension 'colcon_pkg'
[0.204s] Level 1:colcon.colcon_core.package_identification:_identify(PCT_planner_re/planner/docs/flowchart) by extensions ['colcon_meta']
[0.204s] Level 1:colcon.colcon_core.package_identification:_identify(PCT_planner_re/planner/docs/flowchart) by extension 'colcon_meta'
[0.204s] Level 1:colcon.colcon_core.package_identification:_identify(PCT_planner_re/planner/docs/flowchart) by extensions ['ros']
[0.204s] Level 1:colcon.colcon_core.package_identification:_identify(PCT_planner_re/planner/docs/flowchart) by extension 'ros'
[0.204s] Level 1:colcon.colcon_core.package_identification:_identify(PCT_planner_re/planner/docs/flowchart) by extensions ['cmake', 'python']
[0.204s] Level 1:colcon.colcon_core.package_identification:_identify(PCT_planner_re/planner/docs/flowchart) by extension 'cmake'
[0.204s] Level 1:colcon.colcon_core.package_identification:_identify(PCT_planner_re/planner/docs/flowchart) by extension 'python'
[0.204s] Level 1:colcon.colcon_core.package_identification:_identify(PCT_planner_re/planner/docs/flowchart) by extensions ['python_setup_py']
[0.204s] Level 1:colcon.colcon_core.package_identification:_identify(PCT_planner_re/planner/docs/flowchart) by extension 'python_setup_py'
[0.204s] Level 1:colcon.colcon_core.package_identification:_identify(PCT_planner_re/planner/lib) by extensions ['ignore', 'ignore_ament_install']
[0.204s] Level 1:colcon.colcon_core.package_identification:_identify(PCT_planner_re/planner/lib) by extension 'ignore'
[0.204s] Level 1:colcon.colcon_core.package_identification:_identify(PCT_planner_re/planner/lib) by extension 'ignore_ament_install'
[0.204s] Level 1:colcon.colcon_core.package_identification:_identify(PCT_planner_re/planner/lib) by extensions ['colcon_pkg']
[0.204s] Level 1:colcon.colcon_core.package_identification:_identify(PCT_planner_re/planner/lib) by extension 'colcon_pkg'
[0.204s] Level 1:colcon.colcon_core.package_identification:_identify(PCT_planner_re/planner/lib) by extensions ['colcon_meta']
[0.204s] Level 1:colcon.colcon_core.package_identification:_identify(PCT_planner_re/planner/lib) by extension 'colcon_meta'
[0.204s] Level 1:colcon.colcon_core.package_identification:_identify(PCT_planner_re/planner/lib) by extensions ['ros']
[0.204s] Level 1:colcon.colcon_core.package_identification:_identify(PCT_planner_re/planner/lib) by extension 'ros'
[0.205s] Level 1:colcon.colcon_core.package_identification:_identify(PCT_planner_re/planner/lib) by extensions ['cmake', 'python']
[0.205s] Level 1:colcon.colcon_core.package_identification:_identify(PCT_planner_re/planner/lib) by extension 'cmake'
[0.329s] Level 1:colcon.colcon_core.package_identification:_identify(PCT_planner_re/planner/lib) by extension 'python'
[0.329s] DEBUG:colcon.colcon_core.package_identification:Package 'PCT_planner_re/planner/lib' with type 'cmake' and name 'planning_core'
[0.329s] Level 1:colcon.colcon_core.package_identification:_identify(PCT_planner_re/planner/scripts) by extensions ['ignore', 'ignore_ament_install']
[0.329s] Level 1:colcon.colcon_core.package_identification:_identify(PCT_planner_re/planner/scripts) by extension 'ignore'
[0.329s] Level 1:colcon.colcon_core.package_identification:_identify(PCT_planner_re/planner/scripts) by extension 'ignore_ament_install'
[0.329s] Level 1:colcon.colcon_core.package_identification:_identify(PCT_planner_re/planner/scripts) by extensions ['colcon_pkg']
[0.329s] Level 1:colcon.colcon_core.package_identification:_identify(PCT_planner_re/planner/scripts) by extension 'colcon_pkg'
[0.329s] Level 1:colcon.colcon_core.package_identification:_identify(PCT_planner_re/planner/scripts) by extensions ['colcon_meta']
[0.329s] Level 1:colcon.colcon_core.package_identification:_identify(PCT_planner_re/planner/scripts) by extension 'colcon_meta'
[0.329s] Level 1:colcon.colcon_core.package_identification:_identify(PCT_planner_re/planner/scripts) by extensions ['ros']
[0.329s] Level 1:colcon.colcon_core.package_identification:_identify(PCT_planner_re/planner/scripts) by extension 'ros'
[0.329s] Level 1:colcon.colcon_core.package_identification:_identify(PCT_planner_re/planner/scripts) by extensions ['cmake', 'python']
[0.329s] Level 1:colcon.colcon_core.package_identification:_identify(PCT_planner_re/planner/scripts) by extension 'cmake'
[0.329s] Level 1:colcon.colcon_core.package_identification:_identify(PCT_planner_re/planner/scripts) by extension 'python'
[0.329s] Level 1:colcon.colcon_core.package_identification:_identify(PCT_planner_re/planner/scripts) by extensions ['python_setup_py']
[0.329s] Level 1:colcon.colcon_core.package_identification:_identify(PCT_planner_re/planner/scripts) by extension 'python_setup_py'
[0.329s] Level 1:colcon.colcon_core.package_identification:_identify(PCT_planner_re/planner/scripts/__pycache__) by extensions ['ignore', 'ignore_ament_install']
[0.329s] Level 1:colcon.colcon_core.package_identification:_identify(PCT_planner_re/planner/scripts/__pycache__) by extension 'ignore'
[0.329s] Level 1:colcon.colcon_core.package_identification:_identify(PCT_planner_re/planner/scripts/__pycache__) by extension 'ignore_ament_install'
[0.329s] Level 1:colcon.colcon_core.package_identification:_identify(PCT_planner_re/planner/scripts/__pycache__) by extensions ['colcon_pkg']
[0.329s] Level 1:colcon.colcon_core.package_identification:_identify(PCT_planner_re/planner/scripts/__pycache__) by extension 'colcon_pkg'
[0.329s] Level 1:colcon.colcon_core.package_identification:_identify(PCT_planner_re/planner/scripts/__pycache__) by extensions ['colcon_meta']
[0.329s] Level 1:colcon.colcon_core.package_identification:_identify(PCT_planner_re/planner/scripts/__pycache__) by extension 'colcon_meta'
[0.329s] Level 1:colcon.colcon_core.package_identification:_identify(PCT_planner_re/planner/scripts/__pycache__) by extensions ['ros']
[0.329s] Level 1:colcon.colcon_core.package_identification:_identify(PCT_planner_re/planner/scripts/__pycache__) by extension 'ros'
[0.329s] Level 1:colcon.colcon_core.package_identification:_identify(PCT_planner_re/planner/scripts/__pycache__) by extensions ['cmake', 'python']
[0.329s] Level 1:colcon.colcon_core.package_identification:_identify(PCT_planner_re/planner/scripts/__pycache__) by extension 'cmake'
[0.329s] Level 1:colcon.colcon_core.package_identification:_identify(PCT_planner_re/planner/scripts/__pycache__) by extension 'python'
[0.329s] Level 1:colcon.colcon_core.package_identification:_identify(PCT_planner_re/planner/scripts/__pycache__) by extensions ['python_setup_py']
[0.329s] Level 1:colcon.colcon_core.package_identification:_identify(PCT_planner_re/planner/scripts/__pycache__) by extension 'python_setup_py'
[0.329s] Level 1:colcon.colcon_core.package_identification:_identify(PCT_planner_re/planner/scripts/utils) by extensions ['ignore', 'ignore_ament_install']
[0.329s] Level 1:colcon.colcon_core.package_identification:_identify(PCT_planner_re/planner/scripts/utils) by extension 'ignore'
[0.329s] Level 1:colcon.colcon_core.package_identification:_identify(PCT_planner_re/planner/scripts/utils) by extension 'ignore_ament_install'
[0.329s] Level 1:colcon.colcon_core.package_identification:_identify(PCT_planner_re/planner/scripts/utils) by extensions ['colcon_pkg']
[0.329s] Level 1:colcon.colcon_core.package_identification:_identify(PCT_planner_re/planner/scripts/utils) by extension 'colcon_pkg'
[0.329s] Level 1:colcon.colcon_core.package_identification:_identify(PCT_planner_re/planner/scripts/utils) by extensions ['colcon_meta']
[0.330s] Level 1:colcon.colcon_core.package_identification:_identify(PCT_planner_re/planner/scripts/utils) by extension 'colcon_meta'
[0.330s] Level 1:colcon.colcon_core.package_identification:_identify(PCT_planner_re/planner/scripts/utils) by extensions ['ros']
[0.330s] Level 1:colcon.colcon_core.package_identification:_identify(PCT_planner_re/planner/scripts/utils) by extension 'ros'
[0.330s] Level 1:colcon.colcon_core.package_identification:_identify(PCT_planner_re/planner/scripts/utils) by extensions ['cmake', 'python']
[0.330s] Level 1:colcon.colcon_core.package_identification:_identify(PCT_planner_re/planner/scripts/utils) by extension 'cmake'
[0.330s] Level 1:colcon.colcon_core.package_identification:_identify(PCT_planner_re/planner/scripts/utils) by extension 'python'
[0.330s] Level 1:colcon.colcon_core.package_identification:_identify(PCT_planner_re/planner/scripts/utils) by extensions ['python_setup_py']
[0.330s] Level 1:colcon.colcon_core.package_identification:_identify(PCT_planner_re/planner/scripts/utils) by extension 'python_setup_py'
[0.330s] Level 1:colcon.colcon_core.package_identification:_identify(PCT_planner_re/planner/scripts/utils/__pycache__) by extensions ['ignore', 'ignore_ament_install']
[0.330s] Level 1:colcon.colcon_core.package_identification:_identify(PCT_planner_re/planner/scripts/utils/__pycache__) by extension 'ignore'
[0.330s] Level 1:colcon.colcon_core.package_identification:_identify(PCT_planner_re/planner/scripts/utils/__pycache__) by extension 'ignore_ament_install'
[0.330s] Level 1:colcon.colcon_core.package_identification:_identify(PCT_planner_re/planner/scripts/utils/__pycache__) by extensions ['colcon_pkg']
[0.330s] Level 1:colcon.colcon_core.package_identification:_identify(PCT_planner_re/planner/scripts/utils/__pycache__) by extension 'colcon_pkg'
[0.330s] Level 1:colcon.colcon_core.package_identification:_identify(PCT_planner_re/planner/scripts/utils/__pycache__) by extensions ['colcon_meta']
[0.330s] Level 1:colcon.colcon_core.package_identification:_identify(PCT_planner_re/planner/scripts/utils/__pycache__) by extension 'colcon_meta'
[0.330s] Level 1:colcon.colcon_core.package_identification:_identify(PCT_planner_re/planner/scripts/utils/__pycache__) by extensions ['ros']
[0.330s] Level 1:colcon.colcon_core.package_identification:_identify(PCT_planner_re/planner/scripts/utils/__pycache__) by extension 'ros'
[0.330s] Level 1:colcon.colcon_core.package_identification:_identify(PCT_planner_re/planner/scripts/utils/__pycache__) by extensions ['cmake', 'python']
[0.330s] Level 1:colcon.colcon_core.package_identification:_identify(PCT_planner_re/planner/scripts/utils/__pycache__) by extension 'cmake'
[0.330s] Level 1:colcon.colcon_core.package_identification:_identify(PCT_planner_re/planner/scripts/utils/__pycache__) by extension 'python'
[0.330s] Level 1:colcon.colcon_core.package_identification:_identify(PCT_planner_re/planner/scripts/utils/__pycache__) by extensions ['python_setup_py']
[0.330s] Level 1:colcon.colcon_core.package_identification:_identify(PCT_planner_re/planner/scripts/utils/__pycache__) by extension 'python_setup_py'
[0.330s] Level 1:colcon.colcon_core.package_identification:_identify(PCT_planner_re/rsc) by extensions ['ignore', 'ignore_ament_install']
[0.330s] Level 1:colcon.colcon_core.package_identification:_identify(PCT_planner_re/rsc) by extension 'ignore'
[0.330s] Level 1:colcon.colcon_core.package_identification:_identify(PCT_planner_re/rsc) by extension 'ignore_ament_install'
[0.330s] Level 1:colcon.colcon_core.package_identification:_identify(PCT_planner_re/rsc) by extensions ['colcon_pkg']
[0.330s] Level 1:colcon.colcon_core.package_identification:_identify(PCT_planner_re/rsc) by extension 'colcon_pkg'
[0.330s] Level 1:colcon.colcon_core.package_identification:_identify(PCT_planner_re/rsc) by extensions ['colcon_meta']
[0.330s] Level 1:colcon.colcon_core.package_identification:_identify(PCT_planner_re/rsc) by extension 'colcon_meta'
[0.330s] Level 1:colcon.colcon_core.package_identification:_identify(PCT_planner_re/rsc) by extensions ['ros']
[0.330s] Level 1:colcon.colcon_core.package_identification:_identify(PCT_planner_re/rsc) by extension 'ros'
[0.330s] Level 1:colcon.colcon_core.package_identification:_identify(PCT_planner_re/rsc) by extensions ['cmake', 'python']
[0.330s] Level 1:colcon.colcon_core.package_identification:_identify(PCT_planner_re/rsc) by extension 'cmake'
[0.330s] Level 1:colcon.colcon_core.package_identification:_identify(PCT_planner_re/rsc) by extension 'python'
[0.330s] Level 1:colcon.colcon_core.package_identification:_identify(PCT_planner_re/rsc) by extensions ['python_setup_py']
[0.330s] Level 1:colcon.colcon_core.package_identification:_identify(PCT_planner_re/rsc) by extension 'python_setup_py'
[0.330s] Level 1:colcon.colcon_core.package_identification:_identify(PCT_planner_re/rsc/docs) by extensions ['ignore', 'ignore_ament_install']
[0.330s] Level 1:colcon.colcon_core.package_identification:_identify(PCT_planner_re/rsc/docs) by extension 'ignore'
[0.330s] Level 1:colcon.colcon_core.package_identification:_identify(PCT_planner_re/rsc/docs) by extension 'ignore_ament_install'
[0.330s] Level 1:colcon.colcon_core.package_identification:_identify(PCT_planner_re/rsc/docs) by extensions ['colcon_pkg']
[0.330s] Level 1:colcon.colcon_core.package_identification:_identify(PCT_planner_re/rsc/docs) by extension 'colcon_pkg'
[0.330s] Level 1:colcon.colcon_core.package_identification:_identify(PCT_planner_re/rsc/docs) by extensions ['colcon_meta']
[0.330s] Level 1:colcon.colcon_core.package_identification:_identify(PCT_planner_re/rsc/docs) by extension 'colcon_meta'
[0.330s] Level 1:colcon.colcon_core.package_identification:_identify(PCT_planner_re/rsc/docs) by extensions ['ros']
[0.330s] Level 1:colcon.colcon_core.package_identification:_identify(PCT_planner_re/rsc/docs) by extension 'ros'
[0.330s] Level 1:colcon.colcon_core.package_identification:_identify(PCT_planner_re/rsc/docs) by extensions ['cmake', 'python']
[0.330s] Level 1:colcon.colcon_core.package_identification:_identify(PCT_planner_re/rsc/docs) by extension 'cmake'
[0.330s] Level 1:colcon.colcon_core.package_identification:_identify(PCT_planner_re/rsc/docs) by extension 'python'
[0.330s] Level 1:colcon.colcon_core.package_identification:_identify(PCT_planner_re/rsc/docs) by extensions ['python_setup_py']
[0.330s] Level 1:colcon.colcon_core.package_identification:_identify(PCT_planner_re/rsc/docs) by extension 'python_setup_py'
[0.330s] Level 1:colcon.colcon_core.package_identification:_identify(PCT_planner_re/rsc/pcd) by extensions ['ignore', 'ignore_ament_install']
[0.330s] Level 1:colcon.colcon_core.package_identification:_identify(PCT_planner_re/rsc/pcd) by extension 'ignore'
[0.330s] Level 1:colcon.colcon_core.package_identification:_identify(PCT_planner_re/rsc/pcd) by extension 'ignore_ament_install'
[0.330s] Level 1:colcon.colcon_core.package_identification:_identify(PCT_planner_re/rsc/pcd) by extensions ['colcon_pkg']
[0.330s] Level 1:colcon.colcon_core.package_identification:_identify(PCT_planner_re/rsc/pcd) by extension 'colcon_pkg'
[0.331s] Level 1:colcon.colcon_core.package_identification:_identify(PCT_planner_re/rsc/pcd) by extensions ['colcon_meta']
[0.331s] Level 1:colcon.colcon_core.package_identification:_identify(PCT_planner_re/rsc/pcd) by extension 'colcon_meta'
[0.331s] Level 1:colcon.colcon_core.package_identification:_identify(PCT_planner_re/rsc/pcd) by extensions ['ros']
[0.331s] Level 1:colcon.colcon_core.package_identification:_identify(PCT_planner_re/rsc/pcd) by extension 'ros'
[0.331s] Level 1:colcon.colcon_core.package_identification:_identify(PCT_planner_re/rsc/pcd) by extensions ['cmake', 'python']
[0.331s] Level 1:colcon.colcon_core.package_identification:_identify(PCT_planner_re/rsc/pcd) by extension 'cmake'
[0.331s] Level 1:colcon.colcon_core.package_identification:_identify(PCT_planner_re/rsc/pcd) by extension 'python'
[0.331s] Level 1:colcon.colcon_core.package_identification:_identify(PCT_planner_re/rsc/pcd) by extensions ['python_setup_py']
[0.331s] Level 1:colcon.colcon_core.package_identification:_identify(PCT_planner_re/rsc/pcd) by extension 'python_setup_py'
[0.331s] Level 1:colcon.colcon_core.package_identification:_identify(PCT_planner_re/rsc/pcd/pcd_files) by extensions ['ignore', 'ignore_ament_install']
[0.331s] Level 1:colcon.colcon_core.package_identification:_identify(PCT_planner_re/rsc/pcd/pcd_files) by extension 'ignore'
[0.331s] Level 1:colcon.colcon_core.package_identification:_identify(PCT_planner_re/rsc/pcd/pcd_files) by extension 'ignore_ament_install'
[0.331s] Level 1:colcon.colcon_core.package_identification:_identify(PCT_planner_re/rsc/pcd/pcd_files) by extensions ['colcon_pkg']
[0.331s] Level 1:colcon.colcon_core.package_identification:_identify(PCT_planner_re/rsc/pcd/pcd_files) by extension 'colcon_pkg'
[0.331s] Level 1:colcon.colcon_core.package_identification:_identify(PCT_planner_re/rsc/pcd/pcd_files) by extensions ['colcon_meta']
[0.331s] Level 1:colcon.colcon_core.package_identification:_identify(PCT_planner_re/rsc/pcd/pcd_files) by extension 'colcon_meta'
[0.331s] Level 1:colcon.colcon_core.package_identification:_identify(PCT_planner_re/rsc/pcd/pcd_files) by extensions ['ros']
[0.331s] Level 1:colcon.colcon_core.package_identification:_identify(PCT_planner_re/rsc/pcd/pcd_files) by extension 'ros'
[0.331s] Level 1:colcon.colcon_core.package_identification:_identify(PCT_planner_re/rsc/pcd/pcd_files) by extensions ['cmake', 'python']
[0.331s] Level 1:colcon.colcon_core.package_identification:_identify(PCT_planner_re/rsc/pcd/pcd_files) by extension 'cmake'
[0.331s] Level 1:colcon.colcon_core.package_identification:_identify(PCT_planner_re/rsc/pcd/pcd_files) by extension 'python'
[0.331s] Level 1:colcon.colcon_core.package_identification:_identify(PCT_planner_re/rsc/pcd/pcd_files) by extensions ['python_setup_py']
[0.331s] Level 1:colcon.colcon_core.package_identification:_identify(PCT_planner_re/rsc/pcd/pcd_files) by extension 'python_setup_py'
[0.331s] Level 1:colcon.colcon_core.package_identification:_identify(PCT_planner_re/rsc/rviz) by extensions ['ignore', 'ignore_ament_install']
[0.331s] Level 1:colcon.colcon_core.package_identification:_identify(PCT_planner_re/rsc/rviz) by extension 'ignore'
[0.331s] Level 1:colcon.colcon_core.package_identification:_identify(PCT_planner_re/rsc/rviz) by extension 'ignore_ament_install'
[0.331s] Level 1:colcon.colcon_core.package_identification:_identify(PCT_planner_re/rsc/rviz) by extensions ['colcon_pkg']
[0.331s] Level 1:colcon.colcon_core.package_identification:_identify(PCT_planner_re/rsc/rviz) by extension 'colcon_pkg'
[0.331s] Level 1:colcon.colcon_core.package_identification:_identify(PCT_planner_re/rsc/rviz) by extensions ['colcon_meta']
[0.331s] Level 1:colcon.colcon_core.package_identification:_identify(PCT_planner_re/rsc/rviz) by extension 'colcon_meta'
[0.331s] Level 1:colcon.colcon_core.package_identification:_identify(PCT_planner_re/rsc/rviz) by extensions ['ros']
[0.331s] Level 1:colcon.colcon_core.package_identification:_identify(PCT_planner_re/rsc/rviz) by extension 'ros'
[0.331s] Level 1:colcon.colcon_core.package_identification:_identify(PCT_planner_re/rsc/rviz) by extensions ['cmake', 'python']
[0.331s] Level 1:colcon.colcon_core.package_identification:_identify(PCT_planner_re/rsc/rviz) by extension 'cmake'
[0.331s] Level 1:colcon.colcon_core.package_identification:_identify(PCT_planner_re/rsc/rviz) by extension 'python'
[0.331s] Level 1:colcon.colcon_core.package_identification:_identify(PCT_planner_re/rsc/rviz) by extensions ['python_setup_py']
[0.331s] Level 1:colcon.colcon_core.package_identification:_identify(PCT_planner_re/rsc/rviz) by extension 'python_setup_py'
[0.331s] Level 1:colcon.colcon_core.package_identification:_identify(PCT_planner_re/rsc/tomogram) by extensions ['ignore', 'ignore_ament_install']
[0.331s] Level 1:colcon.colcon_core.package_identification:_identify(PCT_planner_re/rsc/tomogram) by extension 'ignore'
[0.331s] Level 1:colcon.colcon_core.package_identification:_identify(PCT_planner_re/rsc/tomogram) by extension 'ignore_ament_install'
[0.331s] Level 1:colcon.colcon_core.package_identification:_identify(PCT_planner_re/rsc/tomogram) by extensions ['colcon_pkg']
[0.331s] Level 1:colcon.colcon_core.package_identification:_identify(PCT_planner_re/rsc/tomogram) by extension 'colcon_pkg'
[0.331s] Level 1:colcon.colcon_core.package_identification:_identify(PCT_planner_re/rsc/tomogram) by extensions ['colcon_meta']
[0.331s] Level 1:colcon.colcon_core.package_identification:_identify(PCT_planner_re/rsc/tomogram) by extension 'colcon_meta'
[0.331s] Level 1:colcon.colcon_core.package_identification:_identify(PCT_planner_re/rsc/tomogram) by extensions ['ros']
[0.331s] Level 1:colcon.colcon_core.package_identification:_identify(PCT_planner_re/rsc/tomogram) by extension 'ros'
[0.331s] Level 1:colcon.colcon_core.package_identification:_identify(PCT_planner_re/rsc/tomogram) by extensions ['cmake', 'python']
[0.331s] Level 1:colcon.colcon_core.package_identification:_identify(PCT_planner_re/rsc/tomogram) by extension 'cmake'
[0.331s] Level 1:colcon.colcon_core.package_identification:_identify(PCT_planner_re/rsc/tomogram) by extension 'python'
[0.331s] Level 1:colcon.colcon_core.package_identification:_identify(PCT_planner_re/rsc/tomogram) by extensions ['python_setup_py']
[0.331s] Level 1:colcon.colcon_core.package_identification:_identify(PCT_planner_re/rsc/tomogram) by extension 'python_setup_py'
[0.331s] Level 1:colcon.colcon_core.package_identification:_identify(PCT_planner_re/tomography) by extensions ['ignore', 'ignore_ament_install']
[0.331s] Level 1:colcon.colcon_core.package_identification:_identify(PCT_planner_re/tomography) by extension 'ignore'
[0.331s] Level 1:colcon.colcon_core.package_identification:_identify(PCT_planner_re/tomography) by extension 'ignore_ament_install'
[0.331s] Level 1:colcon.colcon_core.package_identification:_identify(PCT_planner_re/tomography) by extensions ['colcon_pkg']
[0.331s] Level 1:colcon.colcon_core.package_identification:_identify(PCT_planner_re/tomography) by extension 'colcon_pkg'
[0.331s] Level 1:colcon.colcon_core.package_identification:_identify(PCT_planner_re/tomography) by extensions ['colcon_meta']
[0.331s] Level 1:colcon.colcon_core.package_identification:_identify(PCT_planner_re/tomography) by extension 'colcon_meta'
[0.332s] Level 1:colcon.colcon_core.package_identification:_identify(PCT_planner_re/tomography) by extensions ['ros']
[0.332s] Level 1:colcon.colcon_core.package_identification:_identify(PCT_planner_re/tomography) by extension 'ros'
[0.332s] Level 1:colcon.colcon_core.package_identification:_identify(PCT_planner_re/tomography) by extensions ['cmake', 'python']
[0.332s] Level 1:colcon.colcon_core.package_identification:_identify(PCT_planner_re/tomography) by extension 'cmake'
[0.332s] Level 1:colcon.colcon_core.package_identification:_identify(PCT_planner_re/tomography) by extension 'python'
[0.332s] Level 1:colcon.colcon_core.package_identification:_identify(PCT_planner_re/tomography) by extensions ['python_setup_py']
[0.332s] Level 1:colcon.colcon_core.package_identification:_identify(PCT_planner_re/tomography) by extension 'python_setup_py'
[0.332s] Level 1:colcon.colcon_core.package_identification:_identify(PCT_planner_re/tomography/config) by extensions ['ignore', 'ignore_ament_install']
[0.332s] Level 1:colcon.colcon_core.package_identification:_identify(PCT_planner_re/tomography/config) by extension 'ignore'
[0.332s] Level 1:colcon.colcon_core.package_identification:_identify(PCT_planner_re/tomography/config) by extension 'ignore_ament_install'
[0.332s] Level 1:colcon.colcon_core.package_identification:_identify(PCT_planner_re/tomography/config) by extensions ['colcon_pkg']
[0.332s] Level 1:colcon.colcon_core.package_identification:_identify(PCT_planner_re/tomography/config) by extension 'colcon_pkg'
[0.332s] Level 1:colcon.colcon_core.package_identification:_identify(PCT_planner_re/tomography/config) by extensions ['colcon_meta']
[0.332s] Level 1:colcon.colcon_core.package_identification:_identify(PCT_planner_re/tomography/config) by extension 'colcon_meta'
[0.332s] Level 1:colcon.colcon_core.package_identification:_identify(PCT_planner_re/tomography/config) by extensions ['ros']
[0.332s] Level 1:colcon.colcon_core.package_identification:_identify(PCT_planner_re/tomography/config) by extension 'ros'
[0.332s] Level 1:colcon.colcon_core.package_identification:_identify(PCT_planner_re/tomography/config) by extensions ['cmake', 'python']
[0.332s] Level 1:colcon.colcon_core.package_identification:_identify(PCT_planner_re/tomography/config) by extension 'cmake'
[0.332s] Level 1:colcon.colcon_core.package_identification:_identify(PCT_planner_re/tomography/config) by extension 'python'
[0.332s] Level 1:colcon.colcon_core.package_identification:_identify(PCT_planner_re/tomography/config) by extensions ['python_setup_py']
[0.332s] Level 1:colcon.colcon_core.package_identification:_identify(PCT_planner_re/tomography/config) by extension 'python_setup_py'
[0.332s] Level 1:colcon.colcon_core.package_identification:_identify(PCT_planner_re/tomography/config/__pycache__) by extensions ['ignore', 'ignore_ament_install']
[0.332s] Level 1:colcon.colcon_core.package_identification:_identify(PCT_planner_re/tomography/config/__pycache__) by extension 'ignore'
[0.332s] Level 1:colcon.colcon_core.package_identification:_identify(PCT_planner_re/tomography/config/__pycache__) by extension 'ignore_ament_install'
[0.332s] Level 1:colcon.colcon_core.package_identification:_identify(PCT_planner_re/tomography/config/__pycache__) by extensions ['colcon_pkg']
[0.332s] Level 1:colcon.colcon_core.package_identification:_identify(PCT_planner_re/tomography/config/__pycache__) by extension 'colcon_pkg'
[0.332s] Level 1:colcon.colcon_core.package_identification:_identify(PCT_planner_re/tomography/config/__pycache__) by extensions ['colcon_meta']
[0.332s] Level 1:colcon.colcon_core.package_identification:_identify(PCT_planner_re/tomography/config/__pycache__) by extension 'colcon_meta'
[0.332s] Level 1:colcon.colcon_core.package_identification:_identify(PCT_planner_re/tomography/config/__pycache__) by extensions ['ros']
[0.332s] Level 1:colcon.colcon_core.package_identification:_identify(PCT_planner_re/tomography/config/__pycache__) by extension 'ros'
[0.332s] Level 1:colcon.colcon_core.package_identification:_identify(PCT_planner_re/tomography/config/__pycache__) by extensions ['cmake', 'python']
[0.332s] Level 1:colcon.colcon_core.package_identification:_identify(PCT_planner_re/tomography/config/__pycache__) by extension 'cmake'
[0.332s] Level 1:colcon.colcon_core.package_identification:_identify(PCT_planner_re/tomography/config/__pycache__) by extension 'python'
[0.332s] Level 1:colcon.colcon_core.package_identification:_identify(PCT_planner_re/tomography/config/__pycache__) by extensions ['python_setup_py']
[0.332s] Level 1:colcon.colcon_core.package_identification:_identify(PCT_planner_re/tomography/config/__pycache__) by extension 'python_setup_py'
[0.332s] Level 1:colcon.colcon_core.package_identification:_identify(PCT_planner_re/tomography/scripts) by extensions ['ignore', 'ignore_ament_install']
[0.332s] Level 1:colcon.colcon_core.package_identification:_identify(PCT_planner_re/tomography/scripts) by extension 'ignore'
[0.332s] Level 1:colcon.colcon_core.package_identification:_identify(PCT_planner_re/tomography/scripts) by extension 'ignore_ament_install'
[0.332s] Level 1:colcon.colcon_core.package_identification:_identify(PCT_planner_re/tomography/scripts) by extensions ['colcon_pkg']
[0.332s] Level 1:colcon.colcon_core.package_identification:_identify(PCT_planner_re/tomography/scripts) by extension 'colcon_pkg'
[0.332s] Level 1:colcon.colcon_core.package_identification:_identify(PCT_planner_re/tomography/scripts) by extensions ['colcon_meta']
[0.332s] Level 1:colcon.colcon_core.package_identification:_identify(PCT_planner_re/tomography/scripts) by extension 'colcon_meta'
[0.332s] Level 1:colcon.colcon_core.package_identification:_identify(PCT_planner_re/tomography/scripts) by extensions ['ros']
[0.332s] Level 1:colcon.colcon_core.package_identification:_identify(PCT_planner_re/tomography/scripts) by extension 'ros'
[0.332s] Level 1:colcon.colcon_core.package_identification:_identify(PCT_planner_re/tomography/scripts) by extensions ['cmake', 'python']
[0.332s] Level 1:colcon.colcon_core.package_identification:_identify(PCT_planner_re/tomography/scripts) by extension 'cmake'
[0.332s] Level 1:colcon.colcon_core.package_identification:_identify(PCT_planner_re/tomography/scripts) by extension 'python'
[0.332s] Level 1:colcon.colcon_core.package_identification:_identify(PCT_planner_re/tomography/scripts) by extensions ['python_setup_py']
[0.332s] Level 1:colcon.colcon_core.package_identification:_identify(PCT_planner_re/tomography/scripts) by extension 'python_setup_py'
[0.332s] Level 1:colcon.colcon_core.package_identification:_identify(PCT_planner_re/tomography/scripts/__pycache__) by extensions ['ignore', 'ignore_ament_install']
[0.332s] Level 1:colcon.colcon_core.package_identification:_identify(PCT_planner_re/tomography/scripts/__pycache__) by extension 'ignore'
[0.332s] Level 1:colcon.colcon_core.package_identification:_identify(PCT_planner_re/tomography/scripts/__pycache__) by extension 'ignore_ament_install'
[0.332s] Level 1:colcon.colcon_core.package_identification:_identify(PCT_planner_re/tomography/scripts/__pycache__) by extensions ['colcon_pkg']
[0.332s] Level 1:colcon.colcon_core.package_identification:_identify(PCT_planner_re/tomography/scripts/__pycache__) by extension 'colcon_pkg'
[0.332s] Level 1:colcon.colcon_core.package_identification:_identify(PCT_planner_re/tomography/scripts/__pycache__) by extensions ['colcon_meta']
[0.332s] Level 1:colcon.colcon_core.package_identification:_identify(PCT_planner_re/tomography/scripts/__pycache__) by extension 'colcon_meta'
[0.332s] Level 1:colcon.colcon_core.package_identification:_identify(PCT_planner_re/tomography/scripts/__pycache__) by extensions ['ros']
[0.332s] Level 1:colcon.colcon_core.package_identification:_identify(PCT_planner_re/tomography/scripts/__pycache__) by extension 'ros'
[0.333s] Level 1:colcon.colcon_core.package_identification:_identify(PCT_planner_re/tomography/scripts/__pycache__) by extensions ['cmake', 'python']
[0.333s] Level 1:colcon.colcon_core.package_identification:_identify(PCT_planner_re/tomography/scripts/__pycache__) by extension 'cmake'
[0.333s] Level 1:colcon.colcon_core.package_identification:_identify(PCT_planner_re/tomography/scripts/__pycache__) by extension 'python'
[0.333s] Level 1:colcon.colcon_core.package_identification:_identify(PCT_planner_re/tomography/scripts/__pycache__) by extensions ['python_setup_py']
[0.333s] Level 1:colcon.colcon_core.package_identification:_identify(PCT_planner_re/tomography/scripts/__pycache__) by extension 'python_setup_py'
[0.333s] Level 1:colcon.colcon_core.package_identification:_identify(build) by extensions ['ignore', 'ignore_ament_install']
[0.333s] Level 1:colcon.colcon_core.package_identification:_identify(build) by extension 'ignore'
[0.333s] Level 1:colcon.colcon_core.package_identification:_identify(build) ignored
[0.333s] Level 1:colcon.colcon_core.package_identification:_identify(install) by extensions ['ignore', 'ignore_ament_install']
[0.333s] Level 1:colcon.colcon_core.package_identification:_identify(install) by extension 'ignore'
[0.333s] Level 1:colcon.colcon_core.package_identification:_identify(install) ignored
[0.333s] Level 1:colcon.colcon_core.package_identification:_identify(log) by extensions ['ignore', 'ignore_ament_install']
[0.333s] Level 1:colcon.colcon_core.package_identification:_identify(log) by extension 'ignore'
[0.333s] Level 1:colcon.colcon_core.package_identification:_identify(log) ignored
[0.333s] Level 1:colcon.colcon_core.package_identification:_identify(src) by extensions ['ignore', 'ignore_ament_install']
[0.333s] Level 1:colcon.colcon_core.package_identification:_identify(src) by extension 'ignore'
[0.333s] Level 1:colcon.colcon_core.package_identification:_identify(src) by extension 'ignore_ament_install'
[0.333s] Level 1:colcon.colcon_core.package_identification:_identify(src) by extensions ['colcon_pkg']
[0.333s] Level 1:colcon.colcon_core.package_identification:_identify(src) by extension 'colcon_pkg'
[0.333s] Level 1:colcon.colcon_core.package_identification:_identify(src) by extensions ['colcon_meta']
[0.333s] Level 1:colcon.colcon_core.package_identification:_identify(src) by extension 'colcon_meta'
[0.333s] Level 1:colcon.colcon_core.package_identification:_identify(src) by extensions ['ros']
[0.333s] Level 1:colcon.colcon_core.package_identification:_identify(src) by extension 'ros'
[0.333s] Level 1:colcon.colcon_core.package_identification:_identify(src) by extensions ['cmake', 'python']
[0.333s] Level 1:colcon.colcon_core.package_identification:_identify(src) by extension 'cmake'
[0.333s] Level 1:colcon.colcon_core.package_identification:_identify(src) by extension 'python'
[0.333s] Level 1:colcon.colcon_core.package_identification:_identify(src) by extensions ['python_setup_py']
[0.333s] Level 1:colcon.colcon_core.package_identification:_identify(src) by extension 'python_setup_py'
[0.333s] Level 1:colcon.colcon_core.package_identification:_identify(src/nav_integration) by extensions ['ignore', 'ignore_ament_install']
[0.333s] Level 1:colcon.colcon_core.package_identification:_identify(src/nav_integration) by extension 'ignore'
[0.333s] Level 1:colcon.colcon_core.package_identification:_identify(src/nav_integration) by extension 'ignore_ament_install'
[0.333s] Level 1:colcon.colcon_core.package_identification:_identify(src/nav_integration) by extensions ['colcon_pkg']
[0.333s] Level 1:colcon.colcon_core.package_identification:_identify(src/nav_integration) by extension 'colcon_pkg'
[0.333s] Level 1:colcon.colcon_core.package_identification:_identify(src/nav_integration) by extensions ['colcon_meta']
[0.333s] Level 1:colcon.colcon_core.package_identification:_identify(src/nav_integration) by extension 'colcon_meta'
[0.333s] Level 1:colcon.colcon_core.package_identification:_identify(src/nav_integration) by extensions ['ros']
[0.333s] Level 1:colcon.colcon_core.package_identification:_identify(src/nav_integration) by extension 'ros'
[0.335s] DEBUG:colcon.colcon_core.package_identification:Package 'src/nav_integration' with type 'ros.ament_python' and name 'nav_integration'
[0.335s] Level 1:colcon.colcon_core.package_identification:_identify(src/planner) by extensions ['ignore', 'ignore_ament_install']
[0.335s] Level 1:colcon.colcon_core.package_identification:_identify(src/planner) by extension 'ignore'
[0.335s] Level 1:colcon.colcon_core.package_identification:_identify(src/planner) by extension 'ignore_ament_install'
[0.335s] Level 1:colcon.colcon_core.package_identification:_identify(src/planner) by extensions ['colcon_pkg']
[0.335s] Level 1:colcon.colcon_core.package_identification:_identify(src/planner) by extension 'colcon_pkg'
[0.335s] Level 1:colcon.colcon_core.package_identification:_identify(src/planner) by extensions ['colcon_meta']
[0.335s] Level 1:colcon.colcon_core.package_identification:_identify(src/planner) by extension 'colcon_meta'
[0.335s] Level 1:colcon.colcon_core.package_identification:_identify(src/planner) by extensions ['ros']
[0.335s] Level 1:colcon.colcon_core.package_identification:_identify(src/planner) by extension 'ros'
[0.335s] Level 1:colcon.colcon_core.package_identification:_identify(src/planner) by extensions ['cmake', 'python']
[0.335s] Level 1:colcon.colcon_core.package_identification:_identify(src/planner) by extension 'cmake'
[0.335s] Level 1:colcon.colcon_core.package_identification:_identify(src/planner) by extension 'python'
[0.335s] Level 1:colcon.colcon_core.package_identification:_identify(src/planner) by extensions ['python_setup_py']
[0.335s] Level 1:colcon.colcon_core.package_identification:_identify(src/planner) by extension 'python_setup_py'
[0.335s] Level 1:colcon.colcon_core.package_identification:_identify(src/planner/bspline_opt) by extensions ['ignore', 'ignore_ament_install']
[0.335s] Level 1:colcon.colcon_core.package_identification:_identify(src/planner/bspline_opt) by extension 'ignore'
[0.335s] Level 1:colcon.colcon_core.package_identification:_identify(src/planner/bspline_opt) by extension 'ignore_ament_install'
[0.335s] Level 1:colcon.colcon_core.package_identification:_identify(src/planner/bspline_opt) by extensions ['colcon_pkg']
[0.335s] Level 1:colcon.colcon_core.package_identification:_identify(src/planner/bspline_opt) by extension 'colcon_pkg'
[0.335s] Level 1:colcon.colcon_core.package_identification:_identify(src/planner/bspline_opt) by extensions ['colcon_meta']
[0.335s] Level 1:colcon.colcon_core.package_identification:_identify(src/planner/bspline_opt) by extension 'colcon_meta'
[0.335s] Level 1:colcon.colcon_core.package_identification:_identify(src/planner/bspline_opt) by extensions ['ros']
[0.335s] Level 1:colcon.colcon_core.package_identification:_identify(src/planner/bspline_opt) by extension 'ros'
[0.336s] DEBUG:colcon.colcon_core.package_identification:Package 'src/planner/bspline_opt' with type 'ros.ament_cmake' and name 'bspline_opt'
[0.336s] Level 1:colcon.colcon_core.package_identification:_identify(src/planner/drone_detect) by extensions ['ignore', 'ignore_ament_install']
[0.336s] Level 1:colcon.colcon_core.package_identification:_identify(src/planner/drone_detect) by extension 'ignore'
[0.336s] Level 1:colcon.colcon_core.package_identification:_identify(src/planner/drone_detect) by extension 'ignore_ament_install'
[0.336s] Level 1:colcon.colcon_core.package_identification:_identify(src/planner/drone_detect) by extensions ['colcon_pkg']
[0.336s] Level 1:colcon.colcon_core.package_identification:_identify(src/planner/drone_detect) by extension 'colcon_pkg'
[0.336s] Level 1:colcon.colcon_core.package_identification:_identify(src/planner/drone_detect) by extensions ['colcon_meta']
[0.336s] Level 1:colcon.colcon_core.package_identification:_identify(src/planner/drone_detect) by extension 'colcon_meta'
[0.336s] Level 1:colcon.colcon_core.package_identification:_identify(src/planner/drone_detect) by extensions ['ros']
[0.336s] Level 1:colcon.colcon_core.package_identification:_identify(src/planner/drone_detect) by extension 'ros'
[0.337s] DEBUG:colcon.colcon_core.package_identification:Package 'src/planner/drone_detect' with type 'ros.ament_cmake' and name 'drone_detect'
[0.337s] Level 1:colcon.colcon_core.package_identification:_identify(src/planner/path_searching) by extensions ['ignore', 'ignore_ament_install']
[0.337s] Level 1:colcon.colcon_core.package_identification:_identify(src/planner/path_searching) by extension 'ignore'
[0.337s] Level 1:colcon.colcon_core.package_identification:_identify(src/planner/path_searching) by extension 'ignore_ament_install'
[0.337s] Level 1:colcon.colcon_core.package_identification:_identify(src/planner/path_searching) by extensions ['colcon_pkg']
[0.337s] Level 1:colcon.colcon_core.package_identification:_identify(src/planner/path_searching) by extension 'colcon_pkg'
[0.337s] Level 1:colcon.colcon_core.package_identification:_identify(src/planner/path_searching) by extensions ['colcon_meta']
[0.337s] Level 1:colcon.colcon_core.package_identification:_identify(src/planner/path_searching) by extension 'colcon_meta'
[0.337s] Level 1:colcon.colcon_core.package_identification:_identify(src/planner/path_searching) by extensions ['ros']
[0.337s] Level 1:colcon.colcon_core.package_identification:_identify(src/planner/path_searching) by extension 'ros'
[0.338s] DEBUG:colcon.colcon_core.package_identification:Package 'src/planner/path_searching' with type 'ros.ament_cmake' and name 'path_searching'
[0.338s] Level 1:colcon.colcon_core.package_identification:_identify(src/planner/plan_env) by extensions ['ignore', 'ignore_ament_install']
[0.338s] Level 1:colcon.colcon_core.package_identification:_identify(src/planner/plan_env) by extension 'ignore'
[0.338s] Level 1:colcon.colcon_core.package_identification:_identify(src/planner/plan_env) by extension 'ignore_ament_install'
[0.338s] Level 1:colcon.colcon_core.package_identification:_identify(src/planner/plan_env) by extensions ['colcon_pkg']
[0.338s] Level 1:colcon.colcon_core.package_identification:_identify(src/planner/plan_env) by extension 'colcon_pkg'
[0.338s] Level 1:colcon.colcon_core.package_identification:_identify(src/planner/plan_env) by extensions ['colcon_meta']
[0.338s] Level 1:colcon.colcon_core.package_identification:_identify(src/planner/plan_env) by extension 'colcon_meta'
[0.338s] Level 1:colcon.colcon_core.package_identification:_identify(src/planner/plan_env) by extensions ['ros']
[0.338s] Level 1:colcon.colcon_core.package_identification:_identify(src/planner/plan_env) by extension 'ros'
[0.339s] DEBUG:colcon.colcon_core.package_identification:Package 'src/planner/plan_env' with type 'ros.ament_cmake' and name 'plan_env'
[0.339s] Level 1:colcon.colcon_core.package_identification:_identify(src/planner/plan_manage) by extensions ['ignore', 'ignore_ament_install']
[0.339s] Level 1:colcon.colcon_core.package_identification:_identify(src/planner/plan_manage) by extension 'ignore'
[0.339s] Level 1:colcon.colcon_core.package_identification:_identify(src/planner/plan_manage) by extension 'ignore_ament_install'
[0.339s] Level 1:colcon.colcon_core.package_identification:_identify(src/planner/plan_manage) by extensions ['colcon_pkg']
[0.339s] Level 1:colcon.colcon_core.package_identification:_identify(src/planner/plan_manage) by extension 'colcon_pkg'
[0.339s] Level 1:colcon.colcon_core.package_identification:_identify(src/planner/plan_manage) by extensions ['colcon_meta']
[0.339s] Level 1:colcon.colcon_core.package_identification:_identify(src/planner/plan_manage) by extension 'colcon_meta'
[0.339s] Level 1:colcon.colcon_core.package_identification:_identify(src/planner/plan_manage) by extensions ['ros']
[0.339s] Level 1:colcon.colcon_core.package_identification:_identify(src/planner/plan_manage) by extension 'ros'
[0.340s] DEBUG:colcon.colcon_core.package_identification:Package 'src/planner/plan_manage' with type 'ros.ament_cmake' and name 'ego_planner'
[0.340s] Level 1:colcon.colcon_core.package_identification:_identify(src/planner/rosmsg_tcp_bridge) by extensions ['ignore', 'ignore_ament_install']
[0.340s] Level 1:colcon.colcon_core.package_identification:_identify(src/planner/rosmsg_tcp_bridge) by extension 'ignore'
[0.340s] Level 1:colcon.colcon_core.package_identification:_identify(src/planner/rosmsg_tcp_bridge) by extension 'ignore_ament_install'
[0.340s] Level 1:colcon.colcon_core.package_identification:_identify(src/planner/rosmsg_tcp_bridge) by extensions ['colcon_pkg']
[0.340s] Level 1:colcon.colcon_core.package_identification:_identify(src/planner/rosmsg_tcp_bridge) by extension 'colcon_pkg'
[0.340s] Level 1:colcon.colcon_core.package_identification:_identify(src/planner/rosmsg_tcp_bridge) by extensions ['colcon_meta']
[0.340s] Level 1:colcon.colcon_core.package_identification:_identify(src/planner/rosmsg_tcp_bridge) by extension 'colcon_meta'
[0.340s] Level 1:colcon.colcon_core.package_identification:_identify(src/planner/rosmsg_tcp_bridge) by extensions ['ros']
[0.340s] Level 1:colcon.colcon_core.package_identification:_identify(src/planner/rosmsg_tcp_bridge) by extension 'ros'
[0.340s] DEBUG:colcon.colcon_core.package_identification:Package 'src/planner/rosmsg_tcp_bridge' with type 'ros.ament_cmake' and name 'rosmsg_tcp_bridge'
[0.340s] Level 1:colcon.colcon_core.package_identification:_identify(src/planner/traj_utils) by extensions ['ignore', 'ignore_ament_install']
[0.341s] Level 1:colcon.colcon_core.package_identification:_identify(src/planner/traj_utils) by extension 'ignore'
[0.341s] Level 1:colcon.colcon_core.package_identification:_identify(src/planner/traj_utils) by extension 'ignore_ament_install'
[0.341s] Level 1:colcon.colcon_core.package_identification:_identify(src/planner/traj_utils) by extensions ['colcon_pkg']
[0.341s] Level 1:colcon.colcon_core.package_identification:_identify(src/planner/traj_utils) by extension 'colcon_pkg'
[0.341s] Level 1:colcon.colcon_core.package_identification:_identify(src/planner/traj_utils) by extensions ['colcon_meta']
[0.341s] Level 1:colcon.colcon_core.package_identification:_identify(src/planner/traj_utils) by extension 'colcon_meta'
[0.341s] Level 1:colcon.colcon_core.package_identification:_identify(src/planner/traj_utils) by extensions ['ros']
[0.341s] Level 1:colcon.colcon_core.package_identification:_identify(src/planner/traj_utils) by extension 'ros'
[0.341s] DEBUG:colcon.colcon_core.package_identification:Package 'src/planner/traj_utils' with type 'ros.ament_cmake' and name 'traj_utils'
[0.341s] Level 1:colcon.colcon_core.package_identification:_identify(src/uav_simulator) by extensions ['ignore', 'ignore_ament_install']
[0.341s] Level 1:colcon.colcon_core.package_identification:_identify(src/uav_simulator) by extension 'ignore'
[0.341s] Level 1:colcon.colcon_core.package_identification:_identify(src/uav_simulator) by extension 'ignore_ament_install'
[0.341s] Level 1:colcon.colcon_core.package_identification:_identify(src/uav_simulator) by extensions ['colcon_pkg']
[0.341s] Level 1:colcon.colcon_core.package_identification:_identify(src/uav_simulator) by extension 'colcon_pkg'
[0.341s] Level 1:colcon.colcon_core.package_identification:_identify(src/uav_simulator) by extensions ['colcon_meta']
[0.341s] Level 1:colcon.colcon_core.package_identification:_identify(src/uav_simulator) by extension 'colcon_meta'
[0.341s] Level 1:colcon.colcon_core.package_identification:_identify(src/uav_simulator) by extensions ['ros']
[0.341s] Level 1:colcon.colcon_core.package_identification:_identify(src/uav_simulator) by extension 'ros'
[0.341s] Level 1:colcon.colcon_core.package_identification:_identify(src/uav_simulator) by extensions ['cmake', 'python']
[0.341s] Level 1:colcon.colcon_core.package_identification:_identify(src/uav_simulator) by extension 'cmake'
[0.341s] Level 1:colcon.colcon_core.package_identification:_identify(src/uav_simulator) by extension 'python'
[0.341s] Level 1:colcon.colcon_core.package_identification:_identify(src/uav_simulator) by extensions ['python_setup_py']
[0.341s] Level 1:colcon.colcon_core.package_identification:_identify(src/uav_simulator) by extension 'python_setup_py'
[0.341s] Level 1:colcon.colcon_core.package_identification:_identify(src/uav_simulator/Utils) by extensions ['ignore', 'ignore_ament_install']
[0.342s] Level 1:colcon.colcon_core.package_identification:_identify(src/uav_simulator/Utils) by extension 'ignore'
[0.342s] Level 1:colcon.colcon_core.package_identification:_identify(src/uav_simulator/Utils) by extension 'ignore_ament_install'
[0.342s] Level 1:colcon.colcon_core.package_identification:_identify(src/uav_simulator/Utils) by extensions ['colcon_pkg']
[0.342s] Level 1:colcon.colcon_core.package_identification:_identify(src/uav_simulator/Utils) by extension 'colcon_pkg'
[0.342s] Level 1:colcon.colcon_core.package_identification:_identify(src/uav_simulator/Utils) by extensions ['colcon_meta']
[0.342s] Level 1:colcon.colcon_core.package_identification:_identify(src/uav_simulator/Utils) by extension 'colcon_meta'
[0.342s] Level 1:colcon.colcon_core.package_identification:_identify(src/uav_simulator/Utils) by extensions ['ros']
[0.342s] Level 1:colcon.colcon_core.package_identification:_identify(src/uav_simulator/Utils) by extension 'ros'
[0.342s] Level 1:colcon.colcon_core.package_identification:_identify(src/uav_simulator/Utils) by extensions ['cmake', 'python']
[0.342s] Level 1:colcon.colcon_core.package_identification:_identify(src/uav_simulator/Utils) by extension 'cmake'
[0.342s] Level 1:colcon.colcon_core.package_identification:_identify(src/uav_simulator/Utils) by extension 'python'
[0.342s] Level 1:colcon.colcon_core.package_identification:_identify(src/uav_simulator/Utils) by extensions ['python_setup_py']
[0.342s] Level 1:colcon.colcon_core.package_identification:_identify(src/uav_simulator/Utils) by extension 'python_setup_py'
[0.342s] Level 1:colcon.colcon_core.package_identification:_identify(src/uav_simulator/Utils/cmake_utils) by extensions ['ignore', 'ignore_ament_install']
[0.342s] Level 1:colcon.colcon_core.package_identification:_identify(src/uav_simulator/Utils/cmake_utils) by extension 'ignore'
[0.342s] Level 1:colcon.colcon_core.package_identification:_identify(src/uav_simulator/Utils/cmake_utils) by extension 'ignore_ament_install'
[0.342s] Level 1:colcon.colcon_core.package_identification:_identify(src/uav_simulator/Utils/cmake_utils) by extensions ['colcon_pkg']
[0.342s] Level 1:colcon.colcon_core.package_identification:_identify(src/uav_simulator/Utils/cmake_utils) by extension 'colcon_pkg'
[0.342s] Level 1:colcon.colcon_core.package_identification:_identify(src/uav_simulator/Utils/cmake_utils) by extensions ['colcon_meta']
[0.342s] Level 1:colcon.colcon_core.package_identification:_identify(src/uav_simulator/Utils/cmake_utils) by extension 'colcon_meta'
[0.342s] Level 1:colcon.colcon_core.package_identification:_identify(src/uav_simulator/Utils/cmake_utils) by extensions ['ros']
[0.342s] Level 1:colcon.colcon_core.package_identification:_identify(src/uav_simulator/Utils/cmake_utils) by extension 'ros'
[0.342s] DEBUG:colcon.colcon_core.package_identification:Package 'src/uav_simulator/Utils/cmake_utils' with type 'ros.ament_cmake' and name 'cmake_utils'
[0.342s] Level 1:colcon.colcon_core.package_identification:_identify(src/uav_simulator/Utils/multi_map_server) by extensions ['ignore', 'ignore_ament_install']
[0.342s] Level 1:colcon.colcon_core.package_identification:_identify(src/uav_simulator/Utils/multi_map_server) by extension 'ignore'
[0.342s] Level 1:colcon.colcon_core.package_identification:_identify(src/uav_simulator/Utils/multi_map_server) by extension 'ignore_ament_install'
[0.342s] Level 1:colcon.colcon_core.package_identification:_identify(src/uav_simulator/Utils/multi_map_server) by extensions ['colcon_pkg']
[0.342s] Level 1:colcon.colcon_core.package_identification:_identify(src/uav_simulator/Utils/multi_map_server) by extension 'colcon_pkg'
[0.342s] Level 1:colcon.colcon_core.package_identification:_identify(src/uav_simulator/Utils/multi_map_server) by extensions ['colcon_meta']
[0.342s] Level 1:colcon.colcon_core.package_identification:_identify(src/uav_simulator/Utils/multi_map_server) by extension 'colcon_meta'
[0.342s] Level 1:colcon.colcon_core.package_identification:_identify(src/uav_simulator/Utils/multi_map_server) by extensions ['ros']
[0.342s] Level 1:colcon.colcon_core.package_identification:_identify(src/uav_simulator/Utils/multi_map_server) by extension 'ros'
[0.343s] DEBUG:colcon.colcon_core.package_identification:Package 'src/uav_simulator/Utils/multi_map_server' with type 'ros.ament_cmake' and name 'multi_map_server'
[0.343s] Level 1:colcon.colcon_core.package_identification:_identify(src/uav_simulator/Utils/odom_visualization) by extensions ['ignore', 'ignore_ament_install']
[0.343s] Level 1:colcon.colcon_core.package_identification:_identify(src/uav_simulator/Utils/odom_visualization) by extension 'ignore'
[0.343s] Level 1:colcon.colcon_core.package_identification:_identify(src/uav_simulator/Utils/odom_visualization) by extension 'ignore_ament_install'
[0.343s] Level 1:colcon.colcon_core.package_identification:_identify(src/uav_simulator/Utils/odom_visualization) by extensions ['colcon_pkg']
[0.343s] Level 1:colcon.colcon_core.package_identification:_identify(src/uav_simulator/Utils/odom_visualization) by extension 'colcon_pkg'
[0.343s] Level 1:colcon.colcon_core.package_identification:_identify(src/uav_simulator/Utils/odom_visualization) by extensions ['colcon_meta']
[0.343s] Level 1:colcon.colcon_core.package_identification:_identify(src/uav_simulator/Utils/odom_visualization) by extension 'colcon_meta'
[0.343s] Level 1:colcon.colcon_core.package_identification:_identify(src/uav_simulator/Utils/odom_visualization) by extensions ['ros']
[0.343s] Level 1:colcon.colcon_core.package_identification:_identify(src/uav_simulator/Utils/odom_visualization) by extension 'ros'
[0.344s] DEBUG:colcon.colcon_core.package_identification:Package 'src/uav_simulator/Utils/odom_visualization' with type 'ros.ament_cmake' and name 'odom_visualization'
[0.344s] Level 1:colcon.colcon_core.package_identification:_identify(src/uav_simulator/Utils/pose_utils) by extensions ['ignore', 'ignore_ament_install']
[0.344s] Level 1:colcon.colcon_core.package_identification:_identify(src/uav_simulator/Utils/pose_utils) by extension 'ignore'
[0.344s] Level 1:colcon.colcon_core.package_identification:_identify(src/uav_simulator/Utils/pose_utils) by extension 'ignore_ament_install'
[0.344s] Level 1:colcon.colcon_core.package_identification:_identify(src/uav_simulator/Utils/pose_utils) by extensions ['colcon_pkg']
[0.344s] Level 1:colcon.colcon_core.package_identification:_identify(src/uav_simulator/Utils/pose_utils) by extension 'colcon_pkg'
[0.344s] Level 1:colcon.colcon_core.package_identification:_identify(src/uav_simulator/Utils/pose_utils) by extensions ['colcon_meta']
[0.344s] Level 1:colcon.colcon_core.package_identification:_identify(src/uav_simulator/Utils/pose_utils) by extension 'colcon_meta'
[0.344s] Level 1:colcon.colcon_core.package_identification:_identify(src/uav_simulator/Utils/pose_utils) by extensions ['ros']
[0.344s] Level 1:colcon.colcon_core.package_identification:_identify(src/uav_simulator/Utils/pose_utils) by extension 'ros'
[0.344s] DEBUG:colcon.colcon_core.package_identification:Package 'src/uav_simulator/Utils/pose_utils' with type 'ros.ament_cmake' and name 'pose_utils'
[0.344s] Level 1:colcon.colcon_core.package_identification:_identify(src/uav_simulator/Utils/quadrotor_msgs) by extensions ['ignore', 'ignore_ament_install']
[0.344s] Level 1:colcon.colcon_core.package_identification:_identify(src/uav_simulator/Utils/quadrotor_msgs) by extension 'ignore'
[0.344s] Level 1:colcon.colcon_core.package_identification:_identify(src/uav_simulator/Utils/quadrotor_msgs) by extension 'ignore_ament_install'
[0.345s] Level 1:colcon.colcon_core.package_identification:_identify(src/uav_simulator/Utils/quadrotor_msgs) by extensions ['colcon_pkg']
[0.345s] Level 1:colcon.colcon_core.package_identification:_identify(src/uav_simulator/Utils/quadrotor_msgs) by extension 'colcon_pkg'
[0.345s] Level 1:colcon.colcon_core.package_identification:_identify(src/uav_simulator/Utils/quadrotor_msgs) by extensions ['colcon_meta']
[0.345s] Level 1:colcon.colcon_core.package_identification:_identify(src/uav_simulator/Utils/quadrotor_msgs) by extension 'colcon_meta'
[0.345s] Level 1:colcon.colcon_core.package_identification:_identify(src/uav_simulator/Utils/quadrotor_msgs) by extensions ['ros']
[0.345s] Level 1:colcon.colcon_core.package_identification:_identify(src/uav_simulator/Utils/quadrotor_msgs) by extension 'ros'
[0.345s] DEBUG:colcon.colcon_core.package_identification:Package 'src/uav_simulator/Utils/quadrotor_msgs' with type 'ros.ament_cmake' and name 'quadrotor_msgs'
[0.345s] Level 1:colcon.colcon_core.package_identification:_identify(src/uav_simulator/Utils/uav_utils) by extensions ['ignore', 'ignore_ament_install']
[0.345s] Level 1:colcon.colcon_core.package_identification:_identify(src/uav_simulator/Utils/uav_utils) by extension 'ignore'
[0.345s] Level 1:colcon.colcon_core.package_identification:_identify(src/uav_simulator/Utils/uav_utils) by extension 'ignore_ament_install'
[0.345s] Level 1:colcon.colcon_core.package_identification:_identify(src/uav_simulator/Utils/uav_utils) by extensions ['colcon_pkg']
[0.345s] Level 1:colcon.colcon_core.package_identification:_identify(src/uav_simulator/Utils/uav_utils) by extension 'colcon_pkg'
[0.345s] Level 1:colcon.colcon_core.package_identification:_identify(src/uav_simulator/Utils/uav_utils) by extensions ['colcon_meta']
[0.345s] Level 1:colcon.colcon_core.package_identification:_identify(src/uav_simulator/Utils/uav_utils) by extension 'colcon_meta'
[0.345s] Level 1:colcon.colcon_core.package_identification:_identify(src/uav_simulator/Utils/uav_utils) by extensions ['ros']
[0.345s] Level 1:colcon.colcon_core.package_identification:_identify(src/uav_simulator/Utils/uav_utils) by extension 'ros'
[0.346s] DEBUG:colcon.colcon_core.package_identification:Package 'src/uav_simulator/Utils/uav_utils' with type 'ros.ament_cmake' and name 'uav_utils'
[0.346s] Level 1:colcon.colcon_core.package_identification:_identify(src/uav_simulator/Utils/waypoint_generator) by extensions ['ignore', 'ignore_ament_install']
[0.346s] Level 1:colcon.colcon_core.package_identification:_identify(src/uav_simulator/Utils/waypoint_generator) by extension 'ignore'
[0.346s] Level 1:colcon.colcon_core.package_identification:_identify(src/uav_simulator/Utils/waypoint_generator) by extension 'ignore_ament_install'
[0.346s] Level 1:colcon.colcon_core.package_identification:_identify(src/uav_simulator/Utils/waypoint_generator) by extensions ['colcon_pkg']
[0.346s] Level 1:colcon.colcon_core.package_identification:_identify(src/uav_simulator/Utils/waypoint_generator) by extension 'colcon_pkg'
[0.346s] Level 1:colcon.colcon_core.package_identification:_identify(src/uav_simulator/Utils/waypoint_generator) by extensions ['colcon_meta']
[0.346s] Level 1:colcon.colcon_core.package_identification:_identify(src/uav_simulator/Utils/waypoint_generator) by extension 'colcon_meta'
[0.346s] Level 1:colcon.colcon_core.package_identification:_identify(src/uav_simulator/Utils/waypoint_generator) by extensions ['ros']
[0.346s] Level 1:colcon.colcon_core.package_identification:_identify(src/uav_simulator/Utils/waypoint_generator) by extension 'ros'
[0.346s] DEBUG:colcon.colcon_core.package_identification:Package 'src/uav_simulator/Utils/waypoint_generator' with type 'ros.ament_cmake' and name 'waypoint_generator'
[0.346s] Level 1:colcon.colcon_core.package_identification:_identify(src/uav_simulator/fake_drone) by extensions ['ignore', 'ignore_ament_install']
[0.346s] Level 1:colcon.colcon_core.package_identification:_identify(src/uav_simulator/fake_drone) by extension 'ignore'
[0.346s] Level 1:colcon.colcon_core.package_identification:_identify(src/uav_simulator/fake_drone) by extension 'ignore_ament_install'
[0.346s] Level 1:colcon.colcon_core.package_identification:_identify(src/uav_simulator/fake_drone) by extensions ['colcon_pkg']
[0.346s] Level 1:colcon.colcon_core.package_identification:_identify(src/uav_simulator/fake_drone) by extension 'colcon_pkg'
[0.346s] Level 1:colcon.colcon_core.package_identification:_identify(src/uav_simulator/fake_drone) by extensions ['colcon_meta']
[0.346s] Level 1:colcon.colcon_core.package_identification:_identify(src/uav_simulator/fake_drone) by extension 'colcon_meta'
[0.346s] Level 1:colcon.colcon_core.package_identification:_identify(src/uav_simulator/fake_drone) by extensions ['ros']
[0.346s] Level 1:colcon.colcon_core.package_identification:_identify(src/uav_simulator/fake_drone) by extension 'ros'
[0.347s] DEBUG:colcon.colcon_core.package_identification:Package 'src/uav_simulator/fake_drone' with type 'ros.ament_cmake' and name 'poscmd_2_odom'
[0.347s] Level 1:colcon.colcon_core.package_identification:_identify(src/uav_simulator/local_sensing) by extensions ['ignore', 'ignore_ament_install']
[0.347s] Level 1:colcon.colcon_core.package_identification:_identify(src/uav_simulator/local_sensing) by extension 'ignore'
[0.347s] Level 1:colcon.colcon_core.package_identification:_identify(src/uav_simulator/local_sensing) by extension 'ignore_ament_install'
[0.347s] Level 1:colcon.colcon_core.package_identification:_identify(src/uav_simulator/local_sensing) by extensions ['colcon_pkg']
[0.347s] Level 1:colcon.colcon_core.package_identification:_identify(src/uav_simulator/local_sensing) by extension 'colcon_pkg'
[0.347s] Level 1:colcon.colcon_core.package_identification:_identify(src/uav_simulator/local_sensing) by extensions ['colcon_meta']
[0.347s] Level 1:colcon.colcon_core.package_identification:_identify(src/uav_simulator/local_sensing) by extension 'colcon_meta'
[0.347s] Level 1:colcon.colcon_core.package_identification:_identify(src/uav_simulator/local_sensing) by extensions ['ros']
[0.347s] Level 1:colcon.colcon_core.package_identification:_identify(src/uav_simulator/local_sensing) by extension 'ros'
[0.348s] DEBUG:colcon.colcon_core.package_identification:Package 'src/uav_simulator/local_sensing' with type 'ros.ament_cmake' and name 'local_sensing'
[0.348s] Level 1:colcon.colcon_core.package_identification:_identify(src/uav_simulator/map_generator) by extensions ['ignore', 'ignore_ament_install']
[0.348s] Level 1:colcon.colcon_core.package_identification:_identify(src/uav_simulator/map_generator) by extension 'ignore'
[0.348s] Level 1:colcon.colcon_core.package_identification:_identify(src/uav_simulator/map_generator) by extension 'ignore_ament_install'
[0.348s] Level 1:colcon.colcon_core.package_identification:_identify(src/uav_simulator/map_generator) by extensions ['colcon_pkg']
[0.348s] Level 1:colcon.colcon_core.package_identification:_identify(src/uav_simulator/map_generator) by extension 'colcon_pkg'
[0.348s] Level 1:colcon.colcon_core.package_identification:_identify(src/uav_simulator/map_generator) by extensions ['colcon_meta']
[0.348s] Level 1:colcon.colcon_core.package_identification:_identify(src/uav_simulator/map_generator) by extension 'colcon_meta'
[0.348s] Level 1:colcon.colcon_core.package_identification:_identify(src/uav_simulator/map_generator) by extensions ['ros']
[0.348s] Level 1:colcon.colcon_core.package_identification:_identify(src/uav_simulator/map_generator) by extension 'ros'
[0.348s] DEBUG:colcon.colcon_core.package_identification:Package 'src/uav_simulator/map_generator' with type 'ros.ament_cmake' and name 'map_generator'
[0.348s] Level 1:colcon.colcon_core.package_identification:_identify(src/uav_simulator/mockamap) by extensions ['ignore', 'ignore_ament_install']
[0.348s] Level 1:colcon.colcon_core.package_identification:_identify(src/uav_simulator/mockamap) by extension 'ignore'
[0.348s] Level 1:colcon.colcon_core.package_identification:_identify(src/uav_simulator/mockamap) by extension 'ignore_ament_install'
[0.348s] Level 1:colcon.colcon_core.package_identification:_identify(src/uav_simulator/mockamap) by extensions ['colcon_pkg']
[0.348s] Level 1:colcon.colcon_core.package_identification:_identify(src/uav_simulator/mockamap) by extension 'colcon_pkg'
[0.348s] Level 1:colcon.colcon_core.package_identification:_identify(src/uav_simulator/mockamap) by extensions ['colcon_meta']
[0.348s] Level 1:colcon.colcon_core.package_identification:_identify(src/uav_simulator/mockamap) by extension 'colcon_meta'
[0.348s] Level 1:colcon.colcon_core.package_identification:_identify(src/uav_simulator/mockamap) by extensions ['ros']
[0.348s] Level 1:colcon.colcon_core.package_identification:_identify(src/uav_simulator/mockamap) by extension 'ros'
[0.349s] DEBUG:colcon.colcon_core.package_identification:Package 'src/uav_simulator/mockamap' with type 'ros.ament_cmake' and name 'mockamap'
[0.349s] Level 1:colcon.colcon_core.package_identification:_identify(src/uav_simulator/so3_control) by extensions ['ignore', 'ignore_ament_install']
[0.349s] Level 1:colcon.colcon_core.package_identification:_identify(src/uav_simulator/so3_control) by extension 'ignore'
[0.349s] Level 1:colcon.colcon_core.package_identification:_identify(src/uav_simulator/so3_control) by extension 'ignore_ament_install'
[0.349s] Level 1:colcon.colcon_core.package_identification:_identify(src/uav_simulator/so3_control) by extensions ['colcon_pkg']
[0.349s] Level 1:colcon.colcon_core.package_identification:_identify(src/uav_simulator/so3_control) by extension 'colcon_pkg'
[0.349s] Level 1:colcon.colcon_core.package_identification:_identify(src/uav_simulator/so3_control) by extensions ['colcon_meta']
[0.349s] Level 1:colcon.colcon_core.package_identification:_identify(src/uav_simulator/so3_control) by extension 'colcon_meta'
[0.349s] Level 1:colcon.colcon_core.package_identification:_identify(src/uav_simulator/so3_control) by extensions ['ros']
[0.349s] Level 1:colcon.colcon_core.package_identification:_identify(src/uav_simulator/so3_control) by extension 'ros'
[0.350s] DEBUG:colcon.colcon_core.package_identification:Package 'src/uav_simulator/so3_control' with type 'ros.ament_cmake' and name 'so3_control'
[0.350s] Level 1:colcon.colcon_core.package_identification:_identify(src/uav_simulator/so3_quadrotor_simulator) by extensions ['ignore', 'ignore_ament_install']
[0.350s] Level 1:colcon.colcon_core.package_identification:_identify(src/uav_simulator/so3_quadrotor_simulator) by extension 'ignore'
[0.350s] Level 1:colcon.colcon_core.package_identification:_identify(src/uav_simulator/so3_quadrotor_simulator) by extension 'ignore_ament_install'
[0.350s] Level 1:colcon.colcon_core.package_identification:_identify(src/uav_simulator/so3_quadrotor_simulator) by extensions ['colcon_pkg']
[0.350s] Level 1:colcon.colcon_core.package_identification:_identify(src/uav_simulator/so3_quadrotor_simulator) by extension 'colcon_pkg'
[0.350s] Level 1:colcon.colcon_core.package_identification:_identify(src/uav_simulator/so3_quadrotor_simulator) by extensions ['colcon_meta']
[0.350s] Level 1:colcon.colcon_core.package_identification:_identify(src/uav_simulator/so3_quadrotor_simulator) by extension 'colcon_meta'
[0.350s] Level 1:colcon.colcon_core.package_identification:_identify(src/uav_simulator/so3_quadrotor_simulator) by extensions ['ros']
[0.350s] Level 1:colcon.colcon_core.package_identification:_identify(src/uav_simulator/so3_quadrotor_simulator) by extension 'ros'
[0.350s] DEBUG:colcon.colcon_core.package_identification:Package 'src/uav_simulator/so3_quadrotor_simulator' with type 'ros.ament_cmake' and name 'so3_quadrotor_simulator'
[0.350s] Level 1:colcon.colcon_core.package_discovery:discover_packages(recursive) using defaults
[0.350s] Level 1:colcon.colcon_core.package_discovery:discover_packages(ignore) discover
[0.350s] Level 1:colcon.colcon_core.package_discovery:discover_packages(ignore) using defaults
[0.350s] Level 1:colcon.colcon_core.package_discovery:discover_packages(path) discover
[0.350s] Level 1:colcon.colcon_core.package_discovery:discover_packages(path) using defaults
[0.363s] INFO:colcon.colcon_core.package_selection:Skipping not selected package 'cmake_utils' in 'src/uav_simulator/Utils/cmake_utils'
[0.363s] INFO:colcon.colcon_core.package_selection:Skipping not selected package 'drone_detect' in 'src/planner/drone_detect'
[0.363s] INFO:colcon.colcon_core.package_selection:Skipping not selected package 'map_generator' in 'src/uav_simulator/map_generator'
[0.363s] INFO:colcon.colcon_core.package_selection:Skipping not selected package 'mockamap' in 'src/uav_simulator/mockamap'
[0.363s] INFO:colcon.colcon_core.package_selection:Skipping not selected package 'plan_env' in 'src/planner/plan_env'
[0.363s] INFO:colcon.colcon_core.package_selection:Skipping not selected package 'planning_core' in 'PCT_planner_re/planner/lib'
[0.363s] INFO:colcon.colcon_core.package_selection:Skipping not selected package 'pose_utils' in 'src/uav_simulator/Utils/pose_utils'
[0.363s] INFO:colcon.colcon_core.package_selection:Skipping not selected package 'quadrotor_msgs' in 'src/uav_simulator/Utils/quadrotor_msgs'
[0.363s] INFO:colcon.colcon_core.package_selection:Skipping not selected package 'traj_utils' in 'src/planner/traj_utils'
[0.363s] INFO:colcon.colcon_core.package_selection:Skipping not selected package 'waypoint_generator' in 'src/uav_simulator/Utils/waypoint_generator'
[0.363s] INFO:colcon.colcon_core.package_selection:Skipping not selected package 'local_sensing' in 'src/uav_simulator/local_sensing'
[0.363s] INFO:colcon.colcon_core.package_selection:Skipping not selected package 'multi_map_server' in 'src/uav_simulator/Utils/multi_map_server'
[0.363s] INFO:colcon.colcon_core.package_selection:Skipping not selected package 'odom_visualization' in 'src/uav_simulator/Utils/odom_visualization'
[0.363s] INFO:colcon.colcon_core.package_selection:Skipping not selected package 'path_searching' in 'src/planner/path_searching'
[0.363s] INFO:colcon.colcon_core.package_selection:Skipping not selected package 'poscmd_2_odom' in 'src/uav_simulator/fake_drone'
[0.363s] INFO:colcon.colcon_core.package_selection:Skipping not selected package 'rosmsg_tcp_bridge' in 'src/planner/rosmsg_tcp_bridge'
[0.363s] INFO:colcon.colcon_core.package_selection:Skipping not selected package 'so3_control' in 'src/uav_simulator/so3_control'
[0.363s] INFO:colcon.colcon_core.package_selection:Skipping not selected package 'uav_utils' in 'src/uav_simulator/Utils/uav_utils'
[0.363s] INFO:colcon.colcon_core.package_selection:Skipping not selected package 'bspline_opt' in 'src/planner/bspline_opt'
[0.363s] INFO:colcon.colcon_core.package_selection:Skipping not selected package 'so3_quadrotor_simulator' in 'src/uav_simulator/so3_quadrotor_simulator'
[0.363s] INFO:colcon.colcon_core.package_selection:Skipping not selected package 'ego_planner' in 'src/planner/plan_manage'
[0.363s] Level 1:colcon.colcon_core.package_discovery:discover_packages(prefix_path) check parameters
[0.363s] Level 1:colcon.colcon_core.package_discovery:discover_packages(prefix_path) discover
[0.365s] DEBUG:colcon.colcon_installed_package_information.package_discovery:Found 12 installed packages in /home/rizy/planner/tron1/limx_ws/install
[0.366s] DEBUG:colcon.colcon_installed_package_information.package_discovery:Found 22 installed packages in /home/rizy/planner/3d-navi/3d-navi-ros2_v1/install
[0.367s] DEBUG:colcon.colcon_installed_package_information.package_discovery:Found 494 installed packages in /opt/ros/humble
[0.368s] Level 1:colcon.colcon_core.package_discovery:discover_packages(prefix_path) using defaults
[0.402s] Level 5:colcon.colcon_core.verb:set package 'nav_integration' build argument 'cmake_args' from command line to 'None'
[0.402s] Level 5:colcon.colcon_core.verb:set package 'nav_integration' build argument 'cmake_target' from command line to 'None'
[0.402s] Level 5:colcon.colcon_core.verb:set package 'nav_integration' build argument 'cmake_target_skip_unavailable' from command line to 'False'
[0.402s] Level 5:colcon.colcon_core.verb:set package 'nav_integration' build argument 'cmake_clean_cache' from command line to 'False'
[0.402s] Level 5:colcon.colcon_core.verb:set package 'nav_integration' build argument 'cmake_clean_first' from command line to 'False'
[0.402s] Level 5:colcon.colcon_core.verb:set package 'nav_integration' build argument 'cmake_force_configure' from command line to 'False'
[0.402s] Level 5:colcon.colcon_core.verb:set package 'nav_integration' build argument 'ament_cmake_args' from command line to 'None'
[0.402s] Level 5:colcon.colcon_core.verb:set package 'nav_integration' build argument 'catkin_cmake_args' from command line to 'None'
[0.402s] Level 5:colcon.colcon_core.verb:set package 'nav_integration' build argument 'catkin_skip_building_tests' from command line to 'False'
[0.402s] DEBUG:colcon.colcon_core.verb:Building package 'nav_integration' with the following arguments: {'ament_cmake_args': None, 'build_base': '/home/rizy/planner/3d-navi/3d-navi-ros2_v1/build/nav_integration', 'catkin_cmake_args': None, 'catkin_skip_building_tests': False, 'cmake_args': None, 'cmake_clean_cache': False, 'cmake_clean_first': False, 'cmake_force_configure': False, 'cmake_target': None, 'cmake_target_skip_unavailable': False, 'install_base': '/home/rizy/planner/3d-navi/3d-navi-ros2_v1/install/nav_integration', 'merge_install': False, 'path': '/home/rizy/planner/3d-navi/3d-navi-ros2_v1/src/nav_integration', 'symlink_install': True, 'test_result_base': None}
[0.402s] INFO:colcon.colcon_core.executor:Executing jobs using 'parallel' executor
[0.403s] DEBUG:colcon.colcon_parallel_executor.executor.parallel:run_until_complete
[0.403s] INFO:colcon.colcon_ros.task.ament_python.build:Building ROS package in '/home/rizy/planner/3d-navi/3d-navi-ros2_v1/src/nav_integration' with build type 'ament_python'
[0.403s] Level 1:colcon.colcon_core.shell:create_environment_hook('nav_integration', 'ament_prefix_path')
[0.404s] INFO:colcon.colcon_core.plugin_system:Skipping extension 'colcon_core.shell.bat': Not used on non-Windows systems
[0.404s] INFO:colcon.colcon_core.shell:Creating environment hook '/home/rizy/planner/3d-navi/3d-navi-ros2_v1/install/nav_integration/share/nav_integration/hook/ament_prefix_path.ps1'
[0.404s] INFO:colcon.colcon_core.shell:Creating environment descriptor '/home/rizy/planner/3d-navi/3d-navi-ros2_v1/install/nav_integration/share/nav_integration/hook/ament_prefix_path.dsv'
[0.405s] INFO:colcon.colcon_core.shell:Creating environment hook '/home/rizy/planner/3d-navi/3d-navi-ros2_v1/install/nav_integration/share/nav_integration/hook/ament_prefix_path.sh'
[0.405s] INFO:colcon.colcon_core.shell:Skip shell extension 'powershell' for command environment: Not usable outside of PowerShell
[0.405s] DEBUG:colcon.colcon_core.shell:Skip shell extension 'dsv' for command environment
[0.547s] INFO:colcon.colcon_core.task.python.build:Building Python package in '/home/rizy/planner/3d-navi/3d-navi-ros2_v1/src/nav_integration'
[0.548s] INFO:colcon.colcon_core.shell:Skip shell extension 'powershell' for command environment: Not usable outside of PowerShell
[0.548s] DEBUG:colcon.colcon_core.shell:Skip shell extension 'dsv' for command environment
[0.906s] DEBUG:colcon.colcon_core.event_handler.log_command:Invoking command in '/home/rizy/planner/3d-navi/3d-navi-ros2_v1/build/nav_integration': CONDA_PROMPT_MODIFIER=(myenv) PYTHONPATH=/home/rizy/planner/3d-navi/3d-navi-ros2_v1/build/nav_integration/prefix_override:/usr/lib/python3/dist-packages/colcon_core/task/python/colcon_distutils_commands:/home/rizy/planner/3d-navi/3d-navi-ros2_v1/install/nav_integration/lib/python3.10/site-packages:${PYTHONPATH} /usr/bin/python3 -W ignore:setup.py install is deprecated -W ignore:easy_install command is deprecated setup.py develop --editable --build-directory /home/rizy/planner/3d-navi/3d-navi-ros2_v1/build/nav_integration/build --no-deps symlink_data
[1.314s] Level 1:colcon.colcon_core.shell:create_environment_hook('nav_integration', 'pythonpath_develop')
[1.314s] INFO:colcon.colcon_core.shell:Creating environment hook '/home/rizy/planner/3d-navi/3d-navi-ros2_v1/build/nav_integration/share/nav_integration/hook/pythonpath_develop.ps1'
[1.314s] DEBUG:colcon.colcon_core.event_handler.log_command:Invoked command in '/home/rizy/planner/3d-navi/3d-navi-ros2_v1/build/nav_integration' returned '0': CONDA_PROMPT_MODIFIER=(myenv) PYTHONPATH=/home/rizy/planner/3d-navi/3d-navi-ros2_v1/build/nav_integration/prefix_override:/usr/lib/python3/dist-packages/colcon_core/task/python/colcon_distutils_commands:/home/rizy/planner/3d-navi/3d-navi-ros2_v1/install/nav_integration/lib/python3.10/site-packages:${PYTHONPATH} /usr/bin/python3 -W ignore:setup.py install is deprecated -W ignore:easy_install command is deprecated setup.py develop --editable --build-directory /home/rizy/planner/3d-navi/3d-navi-ros2_v1/build/nav_integration/build --no-deps symlink_data
[1.315s] INFO:colcon.colcon_core.shell:Creating environment descriptor '/home/rizy/planner/3d-navi/3d-navi-ros2_v1/build/nav_integration/share/nav_integration/hook/pythonpath_develop.dsv'
[1.315s] INFO:colcon.colcon_core.shell:Creating environment hook '/home/rizy/planner/3d-navi/3d-navi-ros2_v1/build/nav_integration/share/nav_integration/hook/pythonpath_develop.sh'
[1.317s] Level 1:colcon.colcon_core.environment:checking '/home/rizy/planner/3d-navi/3d-navi-ros2_v1/install/nav_integration' for CMake module files
[1.317s] Level 1:colcon.colcon_core.environment:checking '/home/rizy/planner/3d-navi/3d-navi-ros2_v1/install/nav_integration' for CMake config files
[1.317s] Level 1:colcon.colcon_core.environment:checking '/home/rizy/planner/3d-navi/3d-navi-ros2_v1/install/nav_integration/lib'
[1.317s] Level 1:colcon.colcon_core.environment:checking '/home/rizy/planner/3d-navi/3d-navi-ros2_v1/install/nav_integration/bin'
[1.317s] Level 1:colcon.colcon_core.environment:checking '/home/rizy/planner/3d-navi/3d-navi-ros2_v1/install/nav_integration/lib/pkgconfig/nav_integration.pc'
[1.318s] Level 1:colcon.colcon_core.environment:checking '/home/rizy/planner/3d-navi/3d-navi-ros2_v1/install/nav_integration/lib/python3.10/site-packages'
[1.318s] Level 1:colcon.colcon_core.shell:create_environment_hook('nav_integration', 'pythonpath')
[1.318s] INFO:colcon.colcon_core.shell:Creating environment hook '/home/rizy/planner/3d-navi/3d-navi-ros2_v1/install/nav_integration/share/nav_integration/hook/pythonpath.ps1'
[1.318s] INFO:colcon.colcon_core.shell:Creating environment descriptor '/home/rizy/planner/3d-navi/3d-navi-ros2_v1/install/nav_integration/share/nav_integration/hook/pythonpath.dsv'
[1.319s] INFO:colcon.colcon_core.shell:Creating environment hook '/home/rizy/planner/3d-navi/3d-navi-ros2_v1/install/nav_integration/share/nav_integration/hook/pythonpath.sh'
[1.319s] Level 1:colcon.colcon_core.environment:checking '/home/rizy/planner/3d-navi/3d-navi-ros2_v1/install/nav_integration/bin'
[1.319s] Level 1:colcon.colcon_core.environment:create_environment_scripts_only(nav_integration)
[1.319s] INFO:colcon.colcon_core.shell:Creating package script '/home/rizy/planner/3d-navi/3d-navi-ros2_v1/install/nav_integration/share/nav_integration/package.ps1'
[1.320s] INFO:colcon.colcon_core.shell:Creating package descriptor '/home/rizy/planner/3d-navi/3d-navi-ros2_v1/install/nav_integration/share/nav_integration/package.dsv'
[1.320s] INFO:colcon.colcon_core.shell:Creating package script '/home/rizy/planner/3d-navi/3d-navi-ros2_v1/install/nav_integration/share/nav_integration/package.sh'
[1.320s] INFO:colcon.colcon_core.shell:Creating package script '/home/rizy/planner/3d-navi/3d-navi-ros2_v1/install/nav_integration/share/nav_integration/package.bash'
[1.321s] INFO:colcon.colcon_core.shell:Creating package script '/home/rizy/planner/3d-navi/3d-navi-ros2_v1/install/nav_integration/share/nav_integration/package.zsh'
[1.321s] Level 1:colcon.colcon_core.environment:create_file_with_runtime_dependencies(/home/rizy/planner/3d-navi/3d-navi-ros2_v1/install/nav_integration/share/colcon-core/packages/nav_integration)
[1.321s] DEBUG:colcon.colcon_parallel_executor.executor.parallel:closing loop
[1.321s] DEBUG:colcon.colcon_parallel_executor.executor.parallel:loop closed
[1.322s] DEBUG:colcon.colcon_parallel_executor.executor.parallel:run_until_complete finished with '0'
[1.322s] DEBUG:colcon.colcon_core.event_reactor:joining thread
[1.325s] INFO:colcon.colcon_core.plugin_system:Skipping extension 'colcon_notification.desktop_notification.terminal_notifier': Not used on non-Darwin systems
[1.325s] INFO:colcon.colcon_core.plugin_system:Skipping extension 'colcon_notification.desktop_notification.win32': Not used on non-Windows systems
[1.325s] INFO:colcon.colcon_notification.desktop_notification:Sending desktop notification using 'notify2'
[1.334s] DEBUG:colcon.colcon_core.event_reactor:joined thread
[1.335s] INFO:colcon.colcon_core.shell:Creating prefix script '/home/rizy/planner/3d-navi/3d-navi-ros2_v1/install/local_setup.ps1'
[1.335s] INFO:colcon.colcon_core.shell:Creating prefix util module '/home/rizy/planner/3d-navi/3d-navi-ros2_v1/install/_local_setup_util_ps1.py'
[1.336s] INFO:colcon.colcon_core.shell:Creating prefix chain script '/home/rizy/planner/3d-navi/3d-navi-ros2_v1/install/setup.ps1'
[1.337s] INFO:colcon.colcon_core.shell:Creating prefix script '/home/rizy/planner/3d-navi/3d-navi-ros2_v1/install/local_setup.sh'
[1.337s] INFO:colcon.colcon_core.shell:Creating prefix util module '/home/rizy/planner/3d-navi/3d-navi-ros2_v1/install/_local_setup_util_sh.py'
[1.338s] INFO:colcon.colcon_core.shell:Creating prefix chain script '/home/rizy/planner/3d-navi/3d-navi-ros2_v1/install/setup.sh'
[1.339s] INFO:colcon.colcon_core.shell:Creating prefix script '/home/rizy/planner/3d-navi/3d-navi-ros2_v1/install/local_setup.bash'
[1.339s] INFO:colcon.colcon_core.shell:Creating prefix chain script '/home/rizy/planner/3d-navi/3d-navi-ros2_v1/install/setup.bash'
[1.340s] INFO:colcon.colcon_core.shell:Creating prefix script '/home/rizy/planner/3d-navi/3d-navi-ros2_v1/install/local_setup.zsh'
[1.340s] INFO:colcon.colcon_core.shell:Creating prefix chain script '/home/rizy/planner/3d-navi/3d-navi-ros2_v1/install/setup.zsh'
