[35m[1mConsolidate compiler generated dependencies of target traj_utils__rosidl_generator_c[0m
[35m[1mConsolidate compiler generated dependencies of target traj_utils_lib[0m
[  2%] Built target traj_utils__cpp
[ 12%] Built target traj_utils__rosidl_generator_c
[ 12%] Built target ament_cmake_python_symlink_traj_utils
[ 18%] Built target traj_utils_lib
[35m[1mConsolidate compiler generated dependencies of target traj_utils__rosidl_typesupport_fastrtps_cpp[0m
[35m[1mConsolidate compiler generated dependencies of target traj_utils__rosidl_typesupport_cpp[0m
[35m[1mConsolidate compiler generated dependencies of target traj_utils__rosidl_typesupport_introspection_cpp[0m
[35m[1mConsolidate compiler generated dependencies of target traj_utils__rosidl_typesupport_c[0m
[35m[1mConsolidate compiler generated dependencies of target traj_utils__rosidl_typesupport_introspection_c[0m
[35m[1mConsolidate compiler generated dependencies of target traj_utils__rosidl_typesupport_fastrtps_c[0m
[ 28%] Built target traj_utils__rosidl_typesupport_c
[ 38%] Built target traj_utils__rosidl_typesupport_fastrtps_cpp
[ 48%] Built target traj_utils__rosidl_typesupport_cpp
[ 58%] Built target traj_utils__rosidl_typesupport_introspection_cpp
[ 68%] Built target traj_utils__rosidl_typesupport_fastrtps_c
[ 78%] Built target traj_utils__rosidl_typesupport_introspection_c
[ 78%] Built target traj_utils
[ 80%] Built target traj_utils__py
[35m[1mConsolidate compiler generated dependencies of target traj_utils__rosidl_generator_py[0m
[ 88%] Built target traj_utils__rosidl_generator_py
[35m[1mConsolidate compiler generated dependencies of target traj_utils__rosidl_typesupport_fastrtps_c__pyext[0m
[35m[1mConsolidate compiler generated dependencies of target traj_utils__rosidl_typesupport_introspection_c__pyext[0m
[35m[1mConsolidate compiler generated dependencies of target traj_utils__rosidl_typesupport_c__pyext[0m
[ 92%] Built target traj_utils__rosidl_typesupport_fastrtps_c__pyext
[ 96%] Built target traj_utils__rosidl_typesupport_introspection_c__pyext
[100%] Built target traj_utils__rosidl_typesupport_c__pyext
running egg_info
writing traj_utils.egg-info/PKG-INFO
writing dependency_links to traj_utils.egg-info/dependency_links.txt
writing top-level names to traj_utils.egg-info/top_level.txt
reading manifest file 'traj_utils.egg-info/SOURCES.txt'
writing manifest file 'traj_utils.egg-info/SOURCES.txt'
[100%] Built target ament_cmake_python_build_traj_utils_egg
-- Install configuration: "Release"
-- Execute custom install script
-- Up-to-date symlink: /home/rizy/planner/3d-navi/3d-navi-ros2_v1/install/traj_utils/share/ament_index/resource_index/rosidl_interfaces/traj_utils
-- Up-to-date symlink: /home/rizy/planner/3d-navi/3d-navi-ros2_v1/install/traj_utils/include/traj_utils/traj_utils/msg/bspline.h
-- Up-to-date symlink: /home/rizy/planner/3d-navi/3d-navi-ros2_v1/install/traj_utils/include/traj_utils/traj_utils/msg/data_disp.h
-- Up-to-date symlink: /home/rizy/planner/3d-navi/3d-navi-ros2_v1/install/traj_utils/include/traj_utils/traj_utils/msg/detail/bspline__functions.h
-- Up-to-date symlink: /home/rizy/planner/3d-navi/3d-navi-ros2_v1/install/traj_utils/include/traj_utils/traj_utils/msg/detail/bspline__struct.h
-- Up-to-date symlink: /home/rizy/planner/3d-navi/3d-navi-ros2_v1/install/traj_utils/include/traj_utils/traj_utils/msg/detail/bspline__type_support.h
-- Up-to-date symlink: /home/rizy/planner/3d-navi/3d-navi-ros2_v1/install/traj_utils/include/traj_utils/traj_utils/msg/detail/data_disp__functions.h
-- Up-to-date symlink: /home/rizy/planner/3d-navi/3d-navi-ros2_v1/install/traj_utils/include/traj_utils/traj_utils/msg/detail/data_disp__struct.h
-- Up-to-date symlink: /home/rizy/planner/3d-navi/3d-navi-ros2_v1/install/traj_utils/include/traj_utils/traj_utils/msg/detail/data_disp__type_support.h
-- Up-to-date symlink: /home/rizy/planner/3d-navi/3d-navi-ros2_v1/install/traj_utils/include/traj_utils/traj_utils/msg/detail/multi_bsplines__functions.h
-- Up-to-date symlink: /home/rizy/planner/3d-navi/3d-navi-ros2_v1/install/traj_utils/include/traj_utils/traj_utils/msg/detail/multi_bsplines__struct.h
-- Up-to-date symlink: /home/rizy/planner/3d-navi/3d-navi-ros2_v1/install/traj_utils/include/traj_utils/traj_utils/msg/detail/multi_bsplines__type_support.h
-- Up-to-date symlink: /home/rizy/planner/3d-navi/3d-navi-ros2_v1/install/traj_utils/include/traj_utils/traj_utils/msg/multi_bsplines.h
-- Up-to-date symlink: /home/rizy/planner/3d-navi/3d-navi-ros2_v1/install/traj_utils/include/traj_utils/traj_utils/msg/rosidl_generator_c__visibility_control.h
-- Up-to-date symlink: /home/rizy/planner/3d-navi/3d-navi-ros2_v1/install/traj_utils/share/traj_utils/environment/library_path.sh
-- Up-to-date symlink: /home/rizy/planner/3d-navi/3d-navi-ros2_v1/install/traj_utils/share/traj_utils/environment/library_path.dsv
-- Up-to-date symlink: /home/rizy/planner/3d-navi/3d-navi-ros2_v1/install/traj_utils/include/traj_utils/traj_utils/msg/detail/bspline__rosidl_typesupport_fastrtps_c.h
-- Up-to-date symlink: /home/rizy/planner/3d-navi/3d-navi-ros2_v1/install/traj_utils/include/traj_utils/traj_utils/msg/detail/data_disp__rosidl_typesupport_fastrtps_c.h
-- Up-to-date symlink: /home/rizy/planner/3d-navi/3d-navi-ros2_v1/install/traj_utils/include/traj_utils/traj_utils/msg/detail/multi_bsplines__rosidl_typesupport_fastrtps_c.h
-- Up-to-date symlink: /home/rizy/planner/3d-navi/3d-navi-ros2_v1/install/traj_utils/include/traj_utils/traj_utils/msg/rosidl_typesupport_fastrtps_c__visibility_control.h
-- Up-to-date symlink: /home/rizy/planner/3d-navi/3d-navi-ros2_v1/install/traj_utils/include/traj_utils/traj_utils/msg/bspline.hpp
-- Up-to-date symlink: /home/rizy/planner/3d-navi/3d-navi-ros2_v1/install/traj_utils/include/traj_utils/traj_utils/msg/data_disp.hpp
-- Up-to-date symlink: /home/rizy/planner/3d-navi/3d-navi-ros2_v1/install/traj_utils/include/traj_utils/traj_utils/msg/detail/bspline__builder.hpp
-- Up-to-date symlink: /home/rizy/planner/3d-navi/3d-navi-ros2_v1/install/traj_utils/include/traj_utils/traj_utils/msg/detail/bspline__struct.hpp
-- Up-to-date symlink: /home/rizy/planner/3d-navi/3d-navi-ros2_v1/install/traj_utils/include/traj_utils/traj_utils/msg/detail/bspline__traits.hpp
-- Up-to-date symlink: /home/rizy/planner/3d-navi/3d-navi-ros2_v1/install/traj_utils/include/traj_utils/traj_utils/msg/detail/bspline__type_support.hpp
-- Up-to-date symlink: /home/rizy/planner/3d-navi/3d-navi-ros2_v1/install/traj_utils/include/traj_utils/traj_utils/msg/detail/data_disp__builder.hpp
-- Up-to-date symlink: /home/rizy/planner/3d-navi/3d-navi-ros2_v1/install/traj_utils/include/traj_utils/traj_utils/msg/detail/data_disp__struct.hpp
-- Up-to-date symlink: /home/rizy/planner/3d-navi/3d-navi-ros2_v1/install/traj_utils/include/traj_utils/traj_utils/msg/detail/data_disp__traits.hpp
-- Up-to-date symlink: /home/rizy/planner/3d-navi/3d-navi-ros2_v1/install/traj_utils/include/traj_utils/traj_utils/msg/detail/data_disp__type_support.hpp
-- Up-to-date symlink: /home/rizy/planner/3d-navi/3d-navi-ros2_v1/install/traj_utils/include/traj_utils/traj_utils/msg/detail/multi_bsplines__builder.hpp
-- Up-to-date symlink: /home/rizy/planner/3d-navi/3d-navi-ros2_v1/install/traj_utils/include/traj_utils/traj_utils/msg/detail/multi_bsplines__struct.hpp
-- Up-to-date symlink: /home/rizy/planner/3d-navi/3d-navi-ros2_v1/install/traj_utils/include/traj_utils/traj_utils/msg/detail/multi_bsplines__traits.hpp
-- Up-to-date symlink: /home/rizy/planner/3d-navi/3d-navi-ros2_v1/install/traj_utils/include/traj_utils/traj_utils/msg/detail/multi_bsplines__type_support.hpp
-- Up-to-date symlink: /home/rizy/planner/3d-navi/3d-navi-ros2_v1/install/traj_utils/include/traj_utils/traj_utils/msg/multi_bsplines.hpp
-- Up-to-date symlink: /home/rizy/planner/3d-navi/3d-navi-ros2_v1/install/traj_utils/include/traj_utils/traj_utils/msg/rosidl_generator_cpp__visibility_control.hpp
-- Up-to-date symlink: /home/rizy/planner/3d-navi/3d-navi-ros2_v1/install/traj_utils/include/traj_utils/traj_utils/msg/detail/bspline__rosidl_typesupport_fastrtps_cpp.hpp
-- Up-to-date symlink: /home/rizy/planner/3d-navi/3d-navi-ros2_v1/install/traj_utils/include/traj_utils/traj_utils/msg/detail/data_disp__rosidl_typesupport_fastrtps_cpp.hpp
-- Up-to-date symlink: /home/rizy/planner/3d-navi/3d-navi-ros2_v1/install/traj_utils/include/traj_utils/traj_utils/msg/detail/multi_bsplines__rosidl_typesupport_fastrtps_cpp.hpp
-- Up-to-date symlink: /home/rizy/planner/3d-navi/3d-navi-ros2_v1/install/traj_utils/include/traj_utils/traj_utils/msg/rosidl_typesupport_fastrtps_cpp__visibility_control.h
-- Up-to-date symlink: /home/rizy/planner/3d-navi/3d-navi-ros2_v1/install/traj_utils/include/traj_utils/traj_utils/msg/detail/bspline__rosidl_typesupport_introspection_c.h
-- Up-to-date symlink: /home/rizy/planner/3d-navi/3d-navi-ros2_v1/install/traj_utils/include/traj_utils/traj_utils/msg/detail/data_disp__rosidl_typesupport_introspection_c.h
-- Up-to-date symlink: /home/rizy/planner/3d-navi/3d-navi-ros2_v1/install/traj_utils/include/traj_utils/traj_utils/msg/detail/multi_bsplines__rosidl_typesupport_introspection_c.h
-- Up-to-date symlink: /home/rizy/planner/3d-navi/3d-navi-ros2_v1/install/traj_utils/include/traj_utils/traj_utils/msg/rosidl_typesupport_introspection_c__visibility_control.h
-- Up-to-date symlink: /home/rizy/planner/3d-navi/3d-navi-ros2_v1/install/traj_utils/include/traj_utils/traj_utils/msg/detail/bspline__rosidl_typesupport_introspection_cpp.hpp
-- Up-to-date symlink: /home/rizy/planner/3d-navi/3d-navi-ros2_v1/install/traj_utils/include/traj_utils/traj_utils/msg/detail/data_disp__rosidl_typesupport_introspection_cpp.hpp
-- Up-to-date symlink: /home/rizy/planner/3d-navi/3d-navi-ros2_v1/install/traj_utils/include/traj_utils/traj_utils/msg/detail/multi_bsplines__rosidl_typesupport_introspection_cpp.hpp
-- Up-to-date symlink: /home/rizy/planner/3d-navi/3d-navi-ros2_v1/install/traj_utils/share/traj_utils/environment/pythonpath.sh
-- Up-to-date symlink: /home/rizy/planner/3d-navi/3d-navi-ros2_v1/install/traj_utils/share/traj_utils/environment/pythonpath.dsv
-- Up-to-date symlink: /home/rizy/planner/3d-navi/3d-navi-ros2_v1/install/traj_utils/lib/python3.10/site-packages/traj_utils-0.0.0-py3.10.egg-info/PKG-INFO
-- Up-to-date symlink: /home/rizy/planner/3d-navi/3d-navi-ros2_v1/install/traj_utils/lib/python3.10/site-packages/traj_utils-0.0.0-py3.10.egg-info/SOURCES.txt
-- Up-to-date symlink: /home/rizy/planner/3d-navi/3d-navi-ros2_v1/install/traj_utils/lib/python3.10/site-packages/traj_utils-0.0.0-py3.10.egg-info/dependency_links.txt
-- Up-to-date symlink: /home/rizy/planner/3d-navi/3d-navi-ros2_v1/install/traj_utils/lib/python3.10/site-packages/traj_utils-0.0.0-py3.10.egg-info/top_level.txt
-- Up-to-date symlink: /home/rizy/planner/3d-navi/3d-navi-ros2_v1/install/traj_utils/lib/python3.10/site-packages/traj_utils/__init__.py
-- Up-to-date symlink: /home/rizy/planner/3d-navi/3d-navi-ros2_v1/install/traj_utils/lib/python3.10/site-packages/traj_utils/_traj_utils_s.ep.rosidl_typesupport_c.c
-- Up-to-date symlink: /home/rizy/planner/3d-navi/3d-navi-ros2_v1/install/traj_utils/lib/python3.10/site-packages/traj_utils/_traj_utils_s.ep.rosidl_typesupport_fastrtps_c.c
-- Up-to-date symlink: /home/rizy/planner/3d-navi/3d-navi-ros2_v1/install/traj_utils/lib/python3.10/site-packages/traj_utils/_traj_utils_s.ep.rosidl_typesupport_introspection_c.c
-- Up-to-date symlink: /home/rizy/planner/3d-navi/3d-navi-ros2_v1/install/traj_utils/lib/python3.10/site-packages/traj_utils/libtraj_utils__rosidl_generator_py.so
-- Up-to-date symlink: /home/rizy/planner/3d-navi/3d-navi-ros2_v1/install/traj_utils/lib/python3.10/site-packages/traj_utils/msg/__init__.py
-- Up-to-date symlink: /home/rizy/planner/3d-navi/3d-navi-ros2_v1/install/traj_utils/lib/python3.10/site-packages/traj_utils/msg/_bspline.py
-- Up-to-date symlink: /home/rizy/planner/3d-navi/3d-navi-ros2_v1/install/traj_utils/lib/python3.10/site-packages/traj_utils/msg/_bspline_s.c
-- Up-to-date symlink: /home/rizy/planner/3d-navi/3d-navi-ros2_v1/install/traj_utils/lib/python3.10/site-packages/traj_utils/msg/_data_disp.py
-- Up-to-date symlink: /home/rizy/planner/3d-navi/3d-navi-ros2_v1/install/traj_utils/lib/python3.10/site-packages/traj_utils/msg/_data_disp_s.c
-- Up-to-date symlink: /home/rizy/planner/3d-navi/3d-navi-ros2_v1/install/traj_utils/lib/python3.10/site-packages/traj_utils/msg/_multi_bsplines.py
-- Up-to-date symlink: /home/rizy/planner/3d-navi/3d-navi-ros2_v1/install/traj_utils/lib/python3.10/site-packages/traj_utils/msg/_multi_bsplines_s.c
-- Up-to-date symlink: /home/rizy/planner/3d-navi/3d-navi-ros2_v1/install/traj_utils/lib/python3.10/site-packages/traj_utils/traj_utils_s__rosidl_typesupport_c.cpython-310-x86_64-linux-gnu.so
-- Up-to-date symlink: /home/rizy/planner/3d-navi/3d-navi-ros2_v1/install/traj_utils/lib/python3.10/site-packages/traj_utils/traj_utils_s__rosidl_typesupport_fastrtps_c.cpython-310-x86_64-linux-gnu.so
-- Up-to-date symlink: /home/rizy/planner/3d-navi/3d-navi-ros2_v1/install/traj_utils/lib/python3.10/site-packages/traj_utils/traj_utils_s__rosidl_typesupport_introspection_c.cpython-310-x86_64-linux-gnu.so
-- Up-to-date symlink: /home/rizy/planner/3d-navi/3d-navi-ros2_v1/install/traj_utils/lib/python3.10/site-packages/traj_utils/traj_utils_s__rosidl_typesupport_fastrtps_c.cpython-310-x86_64-linux-gnu.so
-- Up-to-date symlink: /home/rizy/planner/3d-navi/3d-navi-ros2_v1/install/traj_utils/lib/python3.10/site-packages/traj_utils/traj_utils_s__rosidl_typesupport_introspection_c.cpython-310-x86_64-linux-gnu.so
-- Up-to-date symlink: /home/rizy/planner/3d-navi/3d-navi-ros2_v1/install/traj_utils/lib/python3.10/site-packages/traj_utils/traj_utils_s__rosidl_typesupport_c.cpython-310-x86_64-linux-gnu.so
-- Up-to-date symlink: /home/rizy/planner/3d-navi/3d-navi-ros2_v1/install/traj_utils/share/traj_utils/msg/Bspline.idl
-- Up-to-date symlink: /home/rizy/planner/3d-navi/3d-navi-ros2_v1/install/traj_utils/share/traj_utils/msg/DataDisp.idl
-- Up-to-date symlink: /home/rizy/planner/3d-navi/3d-navi-ros2_v1/install/traj_utils/share/traj_utils/msg/MultiBsplines.idl
-- Up-to-date symlink: /home/rizy/planner/3d-navi/3d-navi-ros2_v1/install/traj_utils/share/traj_utils/msg/Bspline.msg
-- Up-to-date symlink: /home/rizy/planner/3d-navi/3d-navi-ros2_v1/install/traj_utils/share/traj_utils/msg/DataDisp.msg
-- Up-to-date symlink: /home/rizy/planner/3d-navi/3d-navi-ros2_v1/install/traj_utils/share/traj_utils/msg/MultiBsplines.msg
-- Up-to-date symlink: /home/rizy/planner/3d-navi/3d-navi-ros2_v1/install/traj_utils/lib/libtraj_utils_lib.so
-- Up-to-date symlink: /home/rizy/planner/3d-navi/3d-navi-ros2_v1/install/traj_utils/include/traj_utils/traj_utils/plan_container.hpp
-- Up-to-date symlink: /home/rizy/planner/3d-navi/3d-navi-ros2_v1/install/traj_utils/include/traj_utils/traj_utils/planning_visualization.h
-- Up-to-date symlink: /home/rizy/planner/3d-navi/3d-navi-ros2_v1/install/traj_utils/include/traj_utils/traj_utils/polynomial_traj.h
-- Up-to-date symlink: /home/rizy/planner/3d-navi/3d-navi-ros2_v1/install/traj_utils/share/ament_index/resource_index/package_run_dependencies/traj_utils
-- Up-to-date symlink: /home/rizy/planner/3d-navi/3d-navi-ros2_v1/install/traj_utils/share/ament_index/resource_index/parent_prefix_path/traj_utils
-- Up-to-date symlink: /home/rizy/planner/3d-navi/3d-navi-ros2_v1/install/traj_utils/share/traj_utils/environment/ament_prefix_path.sh
-- Up-to-date symlink: /home/rizy/planner/3d-navi/3d-navi-ros2_v1/install/traj_utils/share/traj_utils/environment/ament_prefix_path.dsv
-- Up-to-date symlink: /home/rizy/planner/3d-navi/3d-navi-ros2_v1/install/traj_utils/share/traj_utils/environment/path.sh
-- Up-to-date symlink: /home/rizy/planner/3d-navi/3d-navi-ros2_v1/install/traj_utils/share/traj_utils/environment/path.dsv
-- Up-to-date symlink: /home/rizy/planner/3d-navi/3d-navi-ros2_v1/install/traj_utils/share/traj_utils/local_setup.bash
-- Up-to-date symlink: /home/rizy/planner/3d-navi/3d-navi-ros2_v1/install/traj_utils/share/traj_utils/local_setup.sh
-- Up-to-date symlink: /home/rizy/planner/3d-navi/3d-navi-ros2_v1/install/traj_utils/share/traj_utils/local_setup.zsh
-- Up-to-date symlink: /home/rizy/planner/3d-navi/3d-navi-ros2_v1/install/traj_utils/share/traj_utils/local_setup.dsv
-- Up-to-date symlink: /home/rizy/planner/3d-navi/3d-navi-ros2_v1/install/traj_utils/share/traj_utils/package.dsv
-- Up-to-date symlink: /home/rizy/planner/3d-navi/3d-navi-ros2_v1/install/traj_utils/share/ament_index/resource_index/packages/traj_utils
-- Up-to-date symlink: /home/rizy/planner/3d-navi/3d-navi-ros2_v1/install/traj_utils/share/traj_utils/cmake/rosidl_cmake-extras.cmake
-- Up-to-date symlink: /home/rizy/planner/3d-navi/3d-navi-ros2_v1/install/traj_utils/share/traj_utils/cmake/ament_cmake_export_dependencies-extras.cmake
-- Up-to-date symlink: /home/rizy/planner/3d-navi/3d-navi-ros2_v1/install/traj_utils/share/traj_utils/cmake/ament_cmake_export_include_directories-extras.cmake
-- Up-to-date symlink: /home/rizy/planner/3d-navi/3d-navi-ros2_v1/install/traj_utils/share/traj_utils/cmake/ament_cmake_export_libraries-extras.cmake
-- Up-to-date symlink: /home/rizy/planner/3d-navi/3d-navi-ros2_v1/install/traj_utils/share/traj_utils/cmake/ament_cmake_export_targets-extras.cmake
-- Up-to-date symlink: /home/rizy/planner/3d-navi/3d-navi-ros2_v1/install/traj_utils/share/traj_utils/cmake/rosidl_cmake_export_typesupport_targets-extras.cmake
-- Up-to-date symlink: /home/rizy/planner/3d-navi/3d-navi-ros2_v1/install/traj_utils/share/traj_utils/cmake/rosidl_cmake_export_typesupport_libraries-extras.cmake
-- Up-to-date symlink: /home/rizy/planner/3d-navi/3d-navi-ros2_v1/install/traj_utils/share/traj_utils/cmake/traj_utilsConfig.cmake
-- Up-to-date symlink: /home/rizy/planner/3d-navi/3d-navi-ros2_v1/install/traj_utils/share/traj_utils/cmake/traj_utilsConfig-version.cmake
-- Up-to-date symlink: /home/rizy/planner/3d-navi/3d-navi-ros2_v1/install/traj_utils/share/traj_utils/package.xml
-- Up-to-date: /home/rizy/planner/3d-navi/3d-navi-ros2_v1/install/traj_utils/lib/libtraj_utils__rosidl_generator_c.so
-- Up-to-date: /home/rizy/planner/3d-navi/3d-navi-ros2_v1/install/traj_utils/lib/libtraj_utils__rosidl_typesupport_fastrtps_c.so
-- Up-to-date: /home/rizy/planner/3d-navi/3d-navi-ros2_v1/install/traj_utils/lib/libtraj_utils__rosidl_typesupport_fastrtps_cpp.so
-- Up-to-date: /home/rizy/planner/3d-navi/3d-navi-ros2_v1/install/traj_utils/lib/libtraj_utils__rosidl_typesupport_introspection_c.so
-- Up-to-date: /home/rizy/planner/3d-navi/3d-navi-ros2_v1/install/traj_utils/lib/libtraj_utils__rosidl_typesupport_c.so
-- Up-to-date: /home/rizy/planner/3d-navi/3d-navi-ros2_v1/install/traj_utils/lib/libtraj_utils__rosidl_typesupport_introspection_cpp.so
-- Up-to-date: /home/rizy/planner/3d-navi/3d-navi-ros2_v1/install/traj_utils/lib/libtraj_utils__rosidl_typesupport_cpp.so
Listing '/home/rizy/planner/3d-navi/3d-navi-ros2_v1/install/traj_utils/lib/python3.10/site-packages/traj_utils'...
Listing '/home/rizy/planner/3d-navi/3d-navi-ros2_v1/install/traj_utils/lib/python3.10/site-packages/traj_utils/msg'...
-- Up-to-date: /home/rizy/planner/3d-navi/3d-navi-ros2_v1/install/traj_utils/lib/libtraj_utils__rosidl_generator_py.so
-- Up-to-date: /home/rizy/planner/3d-navi/3d-navi-ros2_v1/install/traj_utils/share/traj_utils/cmake/export_traj_utils__rosidl_generator_cExport.cmake
-- Up-to-date: /home/rizy/planner/3d-navi/3d-navi-ros2_v1/install/traj_utils/share/traj_utils/cmake/export_traj_utils__rosidl_generator_cExport-release.cmake
-- Up-to-date: /home/rizy/planner/3d-navi/3d-navi-ros2_v1/install/traj_utils/share/traj_utils/cmake/export_traj_utils__rosidl_typesupport_fastrtps_cExport.cmake
-- Up-to-date: /home/rizy/planner/3d-navi/3d-navi-ros2_v1/install/traj_utils/share/traj_utils/cmake/export_traj_utils__rosidl_typesupport_fastrtps_cExport-release.cmake
-- Up-to-date: /home/rizy/planner/3d-navi/3d-navi-ros2_v1/install/traj_utils/share/traj_utils/cmake/export_traj_utils__rosidl_generator_cppExport.cmake
-- Up-to-date: /home/rizy/planner/3d-navi/3d-navi-ros2_v1/install/traj_utils/share/traj_utils/cmake/export_traj_utils__rosidl_typesupport_fastrtps_cppExport.cmake
-- Up-to-date: /home/rizy/planner/3d-navi/3d-navi-ros2_v1/install/traj_utils/share/traj_utils/cmake/export_traj_utils__rosidl_typesupport_fastrtps_cppExport-release.cmake
-- Up-to-date: /home/rizy/planner/3d-navi/3d-navi-ros2_v1/install/traj_utils/share/traj_utils/cmake/traj_utils__rosidl_typesupport_introspection_cExport.cmake
-- Up-to-date: /home/rizy/planner/3d-navi/3d-navi-ros2_v1/install/traj_utils/share/traj_utils/cmake/traj_utils__rosidl_typesupport_introspection_cExport-release.cmake
-- Up-to-date: /home/rizy/planner/3d-navi/3d-navi-ros2_v1/install/traj_utils/share/traj_utils/cmake/traj_utils__rosidl_typesupport_cExport.cmake
-- Up-to-date: /home/rizy/planner/3d-navi/3d-navi-ros2_v1/install/traj_utils/share/traj_utils/cmake/traj_utils__rosidl_typesupport_cExport-release.cmake
-- Up-to-date: /home/rizy/planner/3d-navi/3d-navi-ros2_v1/install/traj_utils/share/traj_utils/cmake/traj_utils__rosidl_typesupport_introspection_cppExport.cmake
-- Up-to-date: /home/rizy/planner/3d-navi/3d-navi-ros2_v1/install/traj_utils/share/traj_utils/cmake/traj_utils__rosidl_typesupport_introspection_cppExport-release.cmake
-- Up-to-date: /home/rizy/planner/3d-navi/3d-navi-ros2_v1/install/traj_utils/share/traj_utils/cmake/traj_utils__rosidl_typesupport_cppExport.cmake
-- Up-to-date: /home/rizy/planner/3d-navi/3d-navi-ros2_v1/install/traj_utils/share/traj_utils/cmake/traj_utils__rosidl_typesupport_cppExport-release.cmake
-- Up-to-date: /home/rizy/planner/3d-navi/3d-navi-ros2_v1/install/traj_utils/share/traj_utils/cmake/export_traj_utils__rosidl_generator_pyExport.cmake
-- Up-to-date: /home/rizy/planner/3d-navi/3d-navi-ros2_v1/install/traj_utils/share/traj_utils/cmake/export_traj_utils__rosidl_generator_pyExport-release.cmake
