CMake Warning at CMakeLists.txt:41 (add_executable):
  Cannot generate a safe runtime search path for target
  so3_quadrotor_simulator because files in some directories may conflict with
  libraries in implicit directories:

    runtime library [libpython3.10.so.1.0] in /usr/lib/x86_64-linux-gnu may be hidden by files in:
      /home/rizy/anaconda3/envs/myenv/lib

  Some of these libraries may not be found correctly.


In file included from /home/rizy/planner/3d-navi/3d-navi-ros2_v1/src/uav_simulator/so3_quadrotor_simulator/src/quadrotor_simulator_so3.cpp:5:
/home/rizy/planner/3d-navi/3d-navi-ros2_v1/src/uav_simulator/so3_quadrotor_simulator/include/so3_quadrotor_simulator/Quadrotor.h:20:36: warning: extra ‘;’ [-Wpedantic]
   20 |     EIGEN_MAKE_ALIGNED_OPERATOR_NEW;
      |                                    ^
      |                                    -
/home/rizy/planner/3d-navi/3d-navi-ros2_v1/src/uav_simulator/so3_quadrotor_simulator/src/quadrotor_simulator_so3.cpp:175:66: warning: ‘quadrotor_msgs::msg::SO3Command_<std::allocator<void> >::ConstPtr’ is deprecated [-Wdeprecated-declarations]
  175 | cmd_callback(const quadrotor_msgs::msg::SO3Command::ConstPtr &cmd)
      |                                                                  ^
In file included from /home/rizy/planner/3d-navi/3d-navi-ros2_v1/build/quadrotor_msgs/rosidl_generator_cpp/quadrotor_msgs/msg/so3_command.hpp:7,
                 from /home/rizy/planner/3d-navi/3d-navi-ros2_v1/src/uav_simulator/so3_quadrotor_simulator/src/quadrotor_simulator_so3.cpp:3:
/home/rizy/planner/3d-navi/3d-navi-ros2_v1/build/quadrotor_msgs/rosidl_generator_cpp/quadrotor_msgs/msg/detail/so3_command__struct.hpp:171:5: note: declared here
  171 |     ConstPtr;
      |     ^~~~~~~~
/home/rizy/planner/3d-navi/3d-navi-ros2_v1/src/uav_simulator/so3_quadrotor_simulator/src/quadrotor_simulator_so3.cpp:198:74: warning: ‘geometry_msgs::msg::Vector3_<std::allocator<void> >::ConstPtr’ is deprecated [-Wdeprecated-declarations]
  198 | force_disturbance_callback(const geometry_msgs::msg::Vector3::ConstPtr &f)
      |                                                                          ^
In file included from /opt/ros/humble/include/geometry_msgs/geometry_msgs/msg/detail/twist__struct.hpp:21,
                 from /opt/ros/humble/include/geometry_msgs/geometry_msgs/msg/detail/twist_with_covariance__struct.hpp:20,
                 from /opt/ros/humble/include/nav_msgs/nav_msgs/msg/detail/odometry__struct.hpp:24,
                 from /opt/ros/humble/include/nav_msgs/nav_msgs/msg/odometry.hpp:7,
                 from /home/rizy/planner/3d-navi/3d-navi-ros2_v1/src/uav_simulator/so3_quadrotor_simulator/src/quadrotor_simulator_so3.cpp:2:
/opt/ros/humble/include/geometry_msgs/geometry_msgs/msg/detail/vector3__struct.hpp:127:5: note: declared here
  127 |     ConstPtr;
      |     ^~~~~~~~
/home/rizy/planner/3d-navi/3d-navi-ros2_v1/src/uav_simulator/so3_quadrotor_simulator/src/quadrotor_simulator_so3.cpp:206:75: warning: ‘geometry_msgs::msg::Vector3_<std::allocator<void> >::ConstPtr’ is deprecated [-Wdeprecated-declarations]
  206 | moment_disturbance_callback(const geometry_msgs::msg::Vector3::ConstPtr &m)
      |                                                                           ^
In file included from /opt/ros/humble/include/geometry_msgs/geometry_msgs/msg/detail/twist__struct.hpp:21,
                 from /opt/ros/humble/include/geometry_msgs/geometry_msgs/msg/detail/twist_with_covariance__struct.hpp:20,
                 from /opt/ros/humble/include/nav_msgs/nav_msgs/msg/detail/odometry__struct.hpp:24,
                 from /opt/ros/humble/include/nav_msgs/nav_msgs/msg/odometry.hpp:7,
                 from /home/rizy/planner/3d-navi/3d-navi-ros2_v1/src/uav_simulator/so3_quadrotor_simulator/src/quadrotor_simulator_so3.cpp:2:
/opt/ros/humble/include/geometry_msgs/geometry_msgs/msg/detail/vector3__struct.hpp:127:5: note: declared here
  127 |     ConstPtr;
      |     ^~~~~~~~
/home/rizy/planner/3d-navi/3d-navi-ros2_v1/src/uav_simulator/so3_quadrotor_simulator/src/quadrotor_simulator_so3.cpp: In function ‘int main(int, char**)’:
/home/rizy/planner/3d-navi/3d-navi-ros2_v1/src/uav_simulator/so3_quadrotor_simulator/src/quadrotor_simulator_so3.cpp:304:42: warning: variable ‘state’ set but not used [-Wunused-but-set-variable]
  304 |     QuadrotorSimulator::Quadrotor::State state = quad.getState();
      |                                          ^~~~~
