-- The C compiler identification is GNU 11.4.0
-- The CXX compiler identification is GNU 11.4.0
-- Detecting C compiler ABI info
-- Detecting C compiler ABI info - done
-- Check for working C compiler: /usr/bin/cc - skipped
-- Detecting C compile features
-- Detecting C compile features - done
-- Detecting CXX compiler ABI info
-- Detecting CXX compiler ABI info - done
-- Check for working CXX compiler: /usr/bin/c++ - skipped
-- Detecting CXX compile features
-- Detecting CXX compile features - done
-- Found ament_cmake: 1.3.12 (/opt/ros/humble/share/ament_cmake/cmake)
-- Found Python3: /usr/bin/python3 (found version "3.10.12") found components: Interpreter 
-- Override CMake install command with custom implementation using symlinks instead of copying resources
-- Found rclcpp: 16.0.16 (/opt/ros/humble/share/rclcpp/cmake)
-- Found rosidl_generator_c: 3.1.7 (/opt/ros/humble/share/rosidl_generator_c/cmake)
-- Found rosidl_adapter: 3.1.7 (/opt/ros/humble/share/rosidl_adapter/cmake)
-- Found rosidl_generator_cpp: 3.1.7 (/opt/ros/humble/share/rosidl_generator_cpp/cmake)
-- Using all available rosidl_typesupport_c: rosidl_typesupport_fastrtps_c;rosidl_typesupport_introspection_c
-- Using all available rosidl_typesupport_cpp: rosidl_typesupport_fastrtps_cpp;rosidl_typesupport_introspection_cpp
-- Found rmw_implementation_cmake: 6.1.2 (/opt/ros/humble/share/rmw_implementation_cmake/cmake)
-- Found rmw_cyclonedds_cpp: 1.3.4 (/opt/ros/humble/share/rmw_cyclonedds_cpp/cmake)
-- Using RMW implementation 'rmw_cyclonedds_cpp' as default
-- Looking for pthread.h
-- Looking for pthread.h - found
-- Performing Test CMAKE_HAVE_LIBC_PTHREAD
-- Performing Test CMAKE_HAVE_LIBC_PTHREAD - Success
-- Found Threads: TRUE  
-- Found nav_msgs: 4.9.0 (/opt/ros/humble/share/nav_msgs/cmake)
-- Found sensor_msgs: 4.9.0 (/opt/ros/humble/share/sensor_msgs/cmake)
-- Found quadrotor_msgs: 0.0.0 (/home/rizy/planner/3d-navi/3d-navi-ros2_v1/install/quadrotor_msgs/share/quadrotor_msgs/cmake)
-- Found Armadillo: /usr/include (found version "10.8.2") 
-- Found uav_utils: 0.0.0 (/home/rizy/planner/3d-navi/3d-navi-ros2_v1/install/uav_utils/share/uav_utils/cmake)
-- Found ament_lint_auto: 0.12.14 (/opt/ros/humble/share/ament_lint_auto/cmake)
-- Added test 'cppcheck' to perform static code analysis on C / C++ code
-- Configured cppcheck include dirs: /home/rizy/planner/3d-navi/3d-navi-ros2_v1/src/uav_simulator/so3_quadrotor_simulator/include;/home/rizy/planner/3d-navi/3d-navi-ros2_v1/src/uav_simulator/so3_quadrotor_simulator/include/ode
-- Configured cppcheck exclude dirs and/or files: 
-- Added test 'flake8' to check Python code syntax and style conventions
-- Added test 'lint_cmake' to check CMake code style
-- Added test 'pep257' to check Python code against some of the docstring style conventions in PEP 257
-- Added test 'uncrustify' to check C / C++ code style
-- Configured uncrustify additional arguments: 
-- Added test 'xmllint' to check XML markup files
-- Configuring done
CMake Warning at CMakeLists.txt:41 (add_executable):
  Cannot generate a safe runtime search path for target
  so3_quadrotor_simulator because files in some directories may conflict with
  libraries in implicit directories:

    runtime library [libpython3.10.so.1.0] in /usr/lib/x86_64-linux-gnu may be hidden by files in:
      /home/rizy/anaconda3/envs/myenv/lib

  Some of these libraries may not be found correctly.


-- Generating done
-- Build files have been written to: /home/rizy/planner/3d-navi/3d-navi-ros2_v1/build/so3_quadrotor_simulator
Consolidate compiler generated dependencies of target quadrotor_dynamics
[ 50%] Built target quadrotor_dynamics
Consolidate compiler generated dependencies of target so3_quadrotor_simulator
[ 75%] Building CXX object CMakeFiles/so3_quadrotor_simulator.dir/src/quadrotor_simulator_so3.cpp.o
In file included from /home/rizy/planner/3d-navi/3d-navi-ros2_v1/src/uav_simulator/so3_quadrotor_simulator/src/quadrotor_simulator_so3.cpp:5:
/home/rizy/planner/3d-navi/3d-navi-ros2_v1/src/uav_simulator/so3_quadrotor_simulator/include/so3_quadrotor_simulator/Quadrotor.h:20:36: warning: extra ‘;’ [-Wpedantic]
   20 |     EIGEN_MAKE_ALIGNED_OPERATOR_NEW;
      |                                    ^
      |                                    -
/home/rizy/planner/3d-navi/3d-navi-ros2_v1/src/uav_simulator/so3_quadrotor_simulator/src/quadrotor_simulator_so3.cpp:175:66: warning: ‘quadrotor_msgs::msg::SO3Command_<std::allocator<void> >::ConstPtr’ is deprecated [-Wdeprecated-declarations]
  175 | cmd_callback(const quadrotor_msgs::msg::SO3Command::ConstPtr &cmd)
      |                                                                  ^
In file included from /home/rizy/planner/3d-navi/3d-navi-ros2_v1/build/quadrotor_msgs/rosidl_generator_cpp/quadrotor_msgs/msg/so3_command.hpp:7,
                 from /home/rizy/planner/3d-navi/3d-navi-ros2_v1/src/uav_simulator/so3_quadrotor_simulator/src/quadrotor_simulator_so3.cpp:3:
/home/rizy/planner/3d-navi/3d-navi-ros2_v1/build/quadrotor_msgs/rosidl_generator_cpp/quadrotor_msgs/msg/detail/so3_command__struct.hpp:171:5: note: declared here
  171 |     ConstPtr;
      |     ^~~~~~~~
/home/rizy/planner/3d-navi/3d-navi-ros2_v1/src/uav_simulator/so3_quadrotor_simulator/src/quadrotor_simulator_so3.cpp:198:74: warning: ‘geometry_msgs::msg::Vector3_<std::allocator<void> >::ConstPtr’ is deprecated [-Wdeprecated-declarations]
  198 | force_disturbance_callback(const geometry_msgs::msg::Vector3::ConstPtr &f)
      |                                                                          ^
In file included from /opt/ros/humble/include/geometry_msgs/geometry_msgs/msg/detail/twist__struct.hpp:21,
                 from /opt/ros/humble/include/geometry_msgs/geometry_msgs/msg/detail/twist_with_covariance__struct.hpp:20,
                 from /opt/ros/humble/include/nav_msgs/nav_msgs/msg/detail/odometry__struct.hpp:24,
                 from /opt/ros/humble/include/nav_msgs/nav_msgs/msg/odometry.hpp:7,
                 from /home/rizy/planner/3d-navi/3d-navi-ros2_v1/src/uav_simulator/so3_quadrotor_simulator/src/quadrotor_simulator_so3.cpp:2:
/opt/ros/humble/include/geometry_msgs/geometry_msgs/msg/detail/vector3__struct.hpp:127:5: note: declared here
  127 |     ConstPtr;
      |     ^~~~~~~~
/home/rizy/planner/3d-navi/3d-navi-ros2_v1/src/uav_simulator/so3_quadrotor_simulator/src/quadrotor_simulator_so3.cpp:206:75: warning: ‘geometry_msgs::msg::Vector3_<std::allocator<void> >::ConstPtr’ is deprecated [-Wdeprecated-declarations]
  206 | moment_disturbance_callback(const geometry_msgs::msg::Vector3::ConstPtr &m)
      |                                                                           ^
In file included from /opt/ros/humble/include/geometry_msgs/geometry_msgs/msg/detail/twist__struct.hpp:21,
                 from /opt/ros/humble/include/geometry_msgs/geometry_msgs/msg/detail/twist_with_covariance__struct.hpp:20,
                 from /opt/ros/humble/include/nav_msgs/nav_msgs/msg/detail/odometry__struct.hpp:24,
                 from /opt/ros/humble/include/nav_msgs/nav_msgs/msg/odometry.hpp:7,
                 from /home/rizy/planner/3d-navi/3d-navi-ros2_v1/src/uav_simulator/so3_quadrotor_simulator/src/quadrotor_simulator_so3.cpp:2:
/opt/ros/humble/include/geometry_msgs/geometry_msgs/msg/detail/vector3__struct.hpp:127:5: note: declared here
  127 |     ConstPtr;
      |     ^~~~~~~~
/home/rizy/planner/3d-navi/3d-navi-ros2_v1/src/uav_simulator/so3_quadrotor_simulator/src/quadrotor_simulator_so3.cpp: In function ‘int main(int, char**)’:
/home/rizy/planner/3d-navi/3d-navi-ros2_v1/src/uav_simulator/so3_quadrotor_simulator/src/quadrotor_simulator_so3.cpp:304:42: warning: variable ‘state’ set but not used [-Wunused-but-set-variable]
  304 |     QuadrotorSimulator::Quadrotor::State state = quad.getState();
      |                                          ^~~~~
[100%] Linking CXX executable so3_quadrotor_simulator
[100%] Built target so3_quadrotor_simulator
-- Install configuration: ""
-- Execute custom install script
-- Up-to-date symlink: /home/rizy/planner/3d-navi/3d-navi-ros2_v1/install/so3_quadrotor_simulator/lib/so3_quadrotor_simulator/so3_quadrotor_simulator
-- Up-to-date symlink: /home/rizy/planner/3d-navi/3d-navi-ros2_v1/install/so3_quadrotor_simulator/share/so3_quadrotor_simulator/launch/simulator_example.launch.py
-- Up-to-date symlink: /home/rizy/planner/3d-navi/3d-navi-ros2_v1/install/so3_quadrotor_simulator/share/so3_quadrotor_simulator/config/rviz.rviz
-- Up-to-date symlink: /home/rizy/planner/3d-navi/3d-navi-ros2_v1/install/so3_quadrotor_simulator/share/ament_index/resource_index/package_run_dependencies/so3_quadrotor_simulator
-- Up-to-date symlink: /home/rizy/planner/3d-navi/3d-navi-ros2_v1/install/so3_quadrotor_simulator/share/ament_index/resource_index/parent_prefix_path/so3_quadrotor_simulator
-- Up-to-date symlink: /home/rizy/planner/3d-navi/3d-navi-ros2_v1/install/so3_quadrotor_simulator/share/so3_quadrotor_simulator/environment/ament_prefix_path.sh
-- Up-to-date symlink: /home/rizy/planner/3d-navi/3d-navi-ros2_v1/install/so3_quadrotor_simulator/share/so3_quadrotor_simulator/environment/ament_prefix_path.dsv
-- Up-to-date symlink: /home/rizy/planner/3d-navi/3d-navi-ros2_v1/install/so3_quadrotor_simulator/share/so3_quadrotor_simulator/environment/path.sh
-- Up-to-date symlink: /home/rizy/planner/3d-navi/3d-navi-ros2_v1/install/so3_quadrotor_simulator/share/so3_quadrotor_simulator/environment/path.dsv
-- Up-to-date symlink: /home/rizy/planner/3d-navi/3d-navi-ros2_v1/install/so3_quadrotor_simulator/share/so3_quadrotor_simulator/local_setup.bash
-- Up-to-date symlink: /home/rizy/planner/3d-navi/3d-navi-ros2_v1/install/so3_quadrotor_simulator/share/so3_quadrotor_simulator/local_setup.sh
-- Up-to-date symlink: /home/rizy/planner/3d-navi/3d-navi-ros2_v1/install/so3_quadrotor_simulator/share/so3_quadrotor_simulator/local_setup.zsh
-- Up-to-date symlink: /home/rizy/planner/3d-navi/3d-navi-ros2_v1/install/so3_quadrotor_simulator/share/so3_quadrotor_simulator/local_setup.dsv
-- Symlinking: /home/rizy/planner/3d-navi/3d-navi-ros2_v1/install/so3_quadrotor_simulator/share/so3_quadrotor_simulator/package.dsv
-- Up-to-date symlink: /home/rizy/planner/3d-navi/3d-navi-ros2_v1/install/so3_quadrotor_simulator/share/ament_index/resource_index/packages/so3_quadrotor_simulator
-- Up-to-date symlink: /home/rizy/planner/3d-navi/3d-navi-ros2_v1/install/so3_quadrotor_simulator/share/so3_quadrotor_simulator/cmake/so3_quadrotor_simulatorConfig.cmake
-- Up-to-date symlink: /home/rizy/planner/3d-navi/3d-navi-ros2_v1/install/so3_quadrotor_simulator/share/so3_quadrotor_simulator/cmake/so3_quadrotor_simulatorConfig-version.cmake
-- Up-to-date symlink: /home/rizy/planner/3d-navi/3d-navi-ros2_v1/install/so3_quadrotor_simulator/share/so3_quadrotor_simulator/package.xml
