[0.026s] Invoking command in '/home/rizy/planner/3d-navi/3d-navi-ros2_v1/build/so3_quadrotor_simulator': AMENT_PREFIX_PATH=/home/rizy/planner/3d-navi/3d-navi-ros2_v1/install/uav_utils:/home/rizy/planner/3d-navi/3d-navi-ros2_v1/install/quadrotor_msgs:/home/rizy/planner/3d-navi/3d-navi-ros2_v1/install/cmake_utils:${AMENT_PREFIX_PATH} CMAKE_PREFIX_PATH=/home/rizy/planner/3d-navi/3d-navi-ros2_v1/install/uav_utils:/home/rizy/planner/3d-navi/3d-navi-ros2_v1/install/quadrotor_msgs:/home/rizy/planner/3d-navi/3d-navi-ros2_v1/install/cmake_utils:/opt/ros/humble CONDA_PROMPT_MODIFIER=(myenv) LD_LIBRARY_PATH=/home/rizy/planner/3d-navi/3d-navi-ros2_v1/install/quadrotor_msgs/lib:${LD_LIBRARY_PATH} PYTHONPATH=/home/rizy/planner/3d-navi/3d-navi-ros2_v1/install/quadrotor_msgs/local/lib/python3.10/dist-packages:/home/rizy/planner/3d-navi/3d-navi-ros2_v1/install/quadrotor_msgs/lib/python3.10/site-packages:${PYTHONPATH} /usr/bin/cmake /home/rizy/planner/3d-navi/3d-navi-ros2_v1/src/uav_simulator/so3_quadrotor_simulator -DPython3_EXECUTABLE=/usr/bin/python3 -Dfmt_DIR=/usr/lib/x86_64-linux-gnu/cmake/fmt -DAMENT_CMAKE_SYMLINK_INSTALL=1 -DCMAKE_INSTALL_PREFIX=/home/rizy/planner/3d-navi/3d-navi-ros2_v1/install/so3_quadrotor_simulator
[0.075s] -- The C compiler identification is GNU 11.4.0
[0.150s] -- The CXX compiler identification is GNU 11.4.0
[0.157s] -- Detecting C compiler ABI info
[0.239s] -- Detecting C compiler ABI info - done
[0.244s] -- Check for working C compiler: /usr/bin/cc - skipped
[0.244s] -- Detecting C compile features
[0.244s] -- Detecting C compile features - done
[0.246s] -- Detecting CXX compiler ABI info
[0.352s] -- Detecting CXX compiler ABI info - done
[0.356s] -- Check for working CXX compiler: /usr/bin/c++ - skipped
[0.357s] -- Detecting CXX compile features
[0.357s] -- Detecting CXX compile features - done
[0.359s] -- Found ament_cmake: 1.3.12 (/opt/ros/humble/share/ament_cmake/cmake)
[0.749s] -- Found Python3: /usr/bin/python3 (found version "3.10.12") found components: Interpreter 
[0.827s] -- Override CMake install command with custom implementation using symlinks instead of copying resources
[0.858s] -- Found rclcpp: 16.0.16 (/opt/ros/humble/share/rclcpp/cmake)
[0.896s] -- Found rosidl_generator_c: 3.1.7 (/opt/ros/humble/share/rosidl_generator_c/cmake)
[0.901s] -- Found rosidl_adapter: 3.1.7 (/opt/ros/humble/share/rosidl_adapter/cmake)
[0.908s] -- Found rosidl_generator_cpp: 3.1.7 (/opt/ros/humble/share/rosidl_generator_cpp/cmake)
[0.921s] -- Using all available rosidl_typesupport_c: rosidl_typesupport_fastrtps_c;rosidl_typesupport_introspection_c
[0.937s] -- Using all available rosidl_typesupport_cpp: rosidl_typesupport_fastrtps_cpp;rosidl_typesupport_introspection_cpp
[0.972s] -- Found rmw_implementation_cmake: 6.1.2 (/opt/ros/humble/share/rmw_implementation_cmake/cmake)
[0.976s] -- Found rmw_cyclonedds_cpp: 1.3.4 (/opt/ros/humble/share/rmw_cyclonedds_cpp/cmake)
[0.995s] -- Using RMW implementation 'rmw_cyclonedds_cpp' as default
[1.003s] -- Looking for pthread.h
[1.100s] -- Looking for pthread.h - found
[1.100s] -- Performing Test CMAKE_HAVE_LIBC_PTHREAD
[1.190s] -- Performing Test CMAKE_HAVE_LIBC_PTHREAD - Success
[1.191s] -- Found Threads: TRUE  
[1.234s] -- Found nav_msgs: 4.9.0 (/opt/ros/humble/share/nav_msgs/cmake)
[1.257s] -- Found sensor_msgs: 4.9.0 (/opt/ros/humble/share/sensor_msgs/cmake)
[1.270s] -- Found quadrotor_msgs: 0.0.0 (/home/rizy/planner/3d-navi/3d-navi-ros2_v1/install/quadrotor_msgs/share/quadrotor_msgs/cmake)
[1.295s] -- Found Armadillo: /usr/include (found version "10.8.2") 
[1.304s] -- Found uav_utils: 0.0.0 (/home/rizy/planner/3d-navi/3d-navi-ros2_v1/install/uav_utils/share/uav_utils/cmake)
[1.306s] -- Found ament_lint_auto: 0.12.14 (/opt/ros/humble/share/ament_lint_auto/cmake)
[1.395s] -- Added test 'cppcheck' to perform static code analysis on C / C++ code
[1.395s] -- Configured cppcheck include dirs: /home/rizy/planner/3d-navi/3d-navi-ros2_v1/src/uav_simulator/so3_quadrotor_simulator/include;/home/rizy/planner/3d-navi/3d-navi-ros2_v1/src/uav_simulator/so3_quadrotor_simulator/include/ode
[1.395s] -- Configured cppcheck exclude dirs and/or files: 
[1.398s] -- Added test 'flake8' to check Python code syntax and style conventions
[1.401s] -- Added test 'lint_cmake' to check CMake code style
[1.403s] -- Added test 'pep257' to check Python code against some of the docstring style conventions in PEP 257
[1.418s] -- Added test 'uncrustify' to check C / C++ code style
[1.418s] -- Configured uncrustify additional arguments: 
[1.420s] -- Added test 'xmllint' to check XML markup files
[1.421s] -- Configuring done
[1.439s] CMake Warning at CMakeLists.txt:41 (add_executable):
[1.439s]   Cannot generate a safe runtime search path for target
[1.439s]   so3_quadrotor_simulator because files in some directories may conflict with
[1.439s]   libraries in implicit directories:
[1.439s] 
[1.439s]     runtime library [libpython3.10.so.1.0] in /usr/lib/x86_64-linux-gnu may be hidden by files in:
[1.440s]       /home/rizy/anaconda3/envs/myenv/lib
[1.440s] 
[1.440s]   Some of these libraries may not be found correctly.
[1.440s] 
[1.440s] 
[1.440s] -- Generating done
[1.446s] -- Build files have been written to: /home/rizy/planner/3d-navi/3d-navi-ros2_v1/build/so3_quadrotor_simulator
[1.472s] Invoked command in '/home/rizy/planner/3d-navi/3d-navi-ros2_v1/build/so3_quadrotor_simulator' returned '0': AMENT_PREFIX_PATH=/home/rizy/planner/3d-navi/3d-navi-ros2_v1/install/uav_utils:/home/rizy/planner/3d-navi/3d-navi-ros2_v1/install/quadrotor_msgs:/home/rizy/planner/3d-navi/3d-navi-ros2_v1/install/cmake_utils:${AMENT_PREFIX_PATH} CMAKE_PREFIX_PATH=/home/rizy/planner/3d-navi/3d-navi-ros2_v1/install/uav_utils:/home/rizy/planner/3d-navi/3d-navi-ros2_v1/install/quadrotor_msgs:/home/rizy/planner/3d-navi/3d-navi-ros2_v1/install/cmake_utils:/opt/ros/humble CONDA_PROMPT_MODIFIER=(myenv) LD_LIBRARY_PATH=/home/rizy/planner/3d-navi/3d-navi-ros2_v1/install/quadrotor_msgs/lib:${LD_LIBRARY_PATH} PYTHONPATH=/home/rizy/planner/3d-navi/3d-navi-ros2_v1/install/quadrotor_msgs/local/lib/python3.10/dist-packages:/home/rizy/planner/3d-navi/3d-navi-ros2_v1/install/quadrotor_msgs/lib/python3.10/site-packages:${PYTHONPATH} /usr/bin/cmake /home/rizy/planner/3d-navi/3d-navi-ros2_v1/src/uav_simulator/so3_quadrotor_simulator -DPython3_EXECUTABLE=/usr/bin/python3 -Dfmt_DIR=/usr/lib/x86_64-linux-gnu/cmake/fmt -DAMENT_CMAKE_SYMLINK_INSTALL=1 -DCMAKE_INSTALL_PREFIX=/home/rizy/planner/3d-navi/3d-navi-ros2_v1/install/so3_quadrotor_simulator
[1.474s] Invoking command in '/home/rizy/planner/3d-navi/3d-navi-ros2_v1/build/so3_quadrotor_simulator': AMENT_PREFIX_PATH=/home/rizy/planner/3d-navi/3d-navi-ros2_v1/install/uav_utils:/home/rizy/planner/3d-navi/3d-navi-ros2_v1/install/quadrotor_msgs:/home/rizy/planner/3d-navi/3d-navi-ros2_v1/install/cmake_utils:${AMENT_PREFIX_PATH} CMAKE_PREFIX_PATH=/home/rizy/planner/3d-navi/3d-navi-ros2_v1/install/uav_utils:/home/rizy/planner/3d-navi/3d-navi-ros2_v1/install/quadrotor_msgs:/home/rizy/planner/3d-navi/3d-navi-ros2_v1/install/cmake_utils:/opt/ros/humble CONDA_PROMPT_MODIFIER=(myenv) LD_LIBRARY_PATH=/home/rizy/planner/3d-navi/3d-navi-ros2_v1/install/quadrotor_msgs/lib:${LD_LIBRARY_PATH} PYTHONPATH=/home/rizy/planner/3d-navi/3d-navi-ros2_v1/install/quadrotor_msgs/local/lib/python3.10/dist-packages:/home/rizy/planner/3d-navi/3d-navi-ros2_v1/install/quadrotor_msgs/lib/python3.10/site-packages:${PYTHONPATH} /usr/bin/cmake --build /home/rizy/planner/3d-navi/3d-navi-ros2_v1/build/so3_quadrotor_simulator -- -j32 -l32
[1.537s] Consolidate compiler generated dependencies of target quadrotor_dynamics
[1.571s] [ 50%] Built target quadrotor_dynamics
[1.591s] Consolidate compiler generated dependencies of target so3_quadrotor_simulator
[1.610s] [ 75%] Building CXX object CMakeFiles/so3_quadrotor_simulator.dir/src/quadrotor_simulator_so3.cpp.o
[2.836s] In file included from /home/rizy/planner/3d-navi/3d-navi-ros2_v1/src/uav_simulator/so3_quadrotor_simulator/src/quadrotor_simulator_so3.cpp:5:
[2.836s] /home/rizy/planner/3d-navi/3d-navi-ros2_v1/src/uav_simulator/so3_quadrotor_simulator/include/so3_quadrotor_simulator/Quadrotor.h:20:36: warning: extra ‘;’ [-Wpedantic]
[2.836s]    20 |     EIGEN_MAKE_ALIGNED_OPERATOR_NEW;
[2.836s]       |                                    ^
[2.836s]       |                                    -
[5.288s] /home/rizy/planner/3d-navi/3d-navi-ros2_v1/src/uav_simulator/so3_quadrotor_simulator/src/quadrotor_simulator_so3.cpp:175:66: warning: ‘quadrotor_msgs::msg::SO3Command_<std::allocator<void> >::ConstPtr’ is deprecated [-Wdeprecated-declarations]
[5.288s]   175 | cmd_callback(const quadrotor_msgs::msg::SO3Command::ConstPtr &cmd)
[5.288s]       |                                                                  ^
[5.288s] In file included from /home/rizy/planner/3d-navi/3d-navi-ros2_v1/build/quadrotor_msgs/rosidl_generator_cpp/quadrotor_msgs/msg/so3_command.hpp:7,
[5.288s]                  from /home/rizy/planner/3d-navi/3d-navi-ros2_v1/src/uav_simulator/so3_quadrotor_simulator/src/quadrotor_simulator_so3.cpp:3:
[5.288s] /home/rizy/planner/3d-navi/3d-navi-ros2_v1/build/quadrotor_msgs/rosidl_generator_cpp/quadrotor_msgs/msg/detail/so3_command__struct.hpp:171:5: note: declared here
[5.288s]   171 |     ConstPtr;
[5.288s]       |     ^~~~~~~~
[5.292s] /home/rizy/planner/3d-navi/3d-navi-ros2_v1/src/uav_simulator/so3_quadrotor_simulator/src/quadrotor_simulator_so3.cpp:198:74: warning: ‘geometry_msgs::msg::Vector3_<std::allocator<void> >::ConstPtr’ is deprecated [-Wdeprecated-declarations]
[5.293s]   198 | force_disturbance_callback(const geometry_msgs::msg::Vector3::ConstPtr &f)
[5.293s]       |                                                                          ^
[5.293s] In file included from /opt/ros/humble/include/geometry_msgs/geometry_msgs/msg/detail/twist__struct.hpp:21,
[5.293s]                  from /opt/ros/humble/include/geometry_msgs/geometry_msgs/msg/detail/twist_with_covariance__struct.hpp:20,
[5.293s]                  from /opt/ros/humble/include/nav_msgs/nav_msgs/msg/detail/odometry__struct.hpp:24,
[5.293s]                  from /opt/ros/humble/include/nav_msgs/nav_msgs/msg/odometry.hpp:7,
[5.293s]                  from /home/rizy/planner/3d-navi/3d-navi-ros2_v1/src/uav_simulator/so3_quadrotor_simulator/src/quadrotor_simulator_so3.cpp:2:
[5.293s] /opt/ros/humble/include/geometry_msgs/geometry_msgs/msg/detail/vector3__struct.hpp:127:5: note: declared here
[5.293s]   127 |     ConstPtr;
[5.293s]       |     ^~~~~~~~
[5.295s] /home/rizy/planner/3d-navi/3d-navi-ros2_v1/src/uav_simulator/so3_quadrotor_simulator/src/quadrotor_simulator_so3.cpp:206:75: warning: ‘geometry_msgs::msg::Vector3_<std::allocator<void> >::ConstPtr’ is deprecated [-Wdeprecated-declarations]
[5.295s]   206 | moment_disturbance_callback(const geometry_msgs::msg::Vector3::ConstPtr &m)
[5.295s]       |                                                                           ^
[5.295s] In file included from /opt/ros/humble/include/geometry_msgs/geometry_msgs/msg/detail/twist__struct.hpp:21,
[5.295s]                  from /opt/ros/humble/include/geometry_msgs/geometry_msgs/msg/detail/twist_with_covariance__struct.hpp:20,
[5.295s]                  from /opt/ros/humble/include/nav_msgs/nav_msgs/msg/detail/odometry__struct.hpp:24,
[5.295s]                  from /opt/ros/humble/include/nav_msgs/nav_msgs/msg/odometry.hpp:7,
[5.295s]                  from /home/rizy/planner/3d-navi/3d-navi-ros2_v1/src/uav_simulator/so3_quadrotor_simulator/src/quadrotor_simulator_so3.cpp:2:
[5.296s] /opt/ros/humble/include/geometry_msgs/geometry_msgs/msg/detail/vector3__struct.hpp:127:5: note: declared here
[5.296s]   127 |     ConstPtr;
[5.296s]       |     ^~~~~~~~
[5.384s] /home/rizy/planner/3d-navi/3d-navi-ros2_v1/src/uav_simulator/so3_quadrotor_simulator/src/quadrotor_simulator_so3.cpp: In function ‘int main(int, char**)’:
[5.384s] /home/rizy/planner/3d-navi/3d-navi-ros2_v1/src/uav_simulator/so3_quadrotor_simulator/src/quadrotor_simulator_so3.cpp:304:42: warning: variable ‘state’ set but not used [-Wunused-but-set-variable]
[5.384s]   304 |     QuadrotorSimulator::Quadrotor::State state = quad.getState();
[5.384s]       |                                          ^~~~~
[13.388s] [100%] Linking CXX executable so3_quadrotor_simulator
[13.794s] [100%] Built target so3_quadrotor_simulator
[13.802s] Invoked command in '/home/rizy/planner/3d-navi/3d-navi-ros2_v1/build/so3_quadrotor_simulator' returned '0': AMENT_PREFIX_PATH=/home/rizy/planner/3d-navi/3d-navi-ros2_v1/install/uav_utils:/home/rizy/planner/3d-navi/3d-navi-ros2_v1/install/quadrotor_msgs:/home/rizy/planner/3d-navi/3d-navi-ros2_v1/install/cmake_utils:${AMENT_PREFIX_PATH} CMAKE_PREFIX_PATH=/home/rizy/planner/3d-navi/3d-navi-ros2_v1/install/uav_utils:/home/rizy/planner/3d-navi/3d-navi-ros2_v1/install/quadrotor_msgs:/home/rizy/planner/3d-navi/3d-navi-ros2_v1/install/cmake_utils:/opt/ros/humble CONDA_PROMPT_MODIFIER=(myenv) LD_LIBRARY_PATH=/home/rizy/planner/3d-navi/3d-navi-ros2_v1/install/quadrotor_msgs/lib:${LD_LIBRARY_PATH} PYTHONPATH=/home/rizy/planner/3d-navi/3d-navi-ros2_v1/install/quadrotor_msgs/local/lib/python3.10/dist-packages:/home/rizy/planner/3d-navi/3d-navi-ros2_v1/install/quadrotor_msgs/lib/python3.10/site-packages:${PYTHONPATH} /usr/bin/cmake --build /home/rizy/planner/3d-navi/3d-navi-ros2_v1/build/so3_quadrotor_simulator -- -j32 -l32
[13.804s] Invoking command in '/home/rizy/planner/3d-navi/3d-navi-ros2_v1/build/so3_quadrotor_simulator': AMENT_PREFIX_PATH=/home/rizy/planner/3d-navi/3d-navi-ros2_v1/install/uav_utils:/home/rizy/planner/3d-navi/3d-navi-ros2_v1/install/quadrotor_msgs:/home/rizy/planner/3d-navi/3d-navi-ros2_v1/install/cmake_utils:${AMENT_PREFIX_PATH} CMAKE_PREFIX_PATH=/home/rizy/planner/3d-navi/3d-navi-ros2_v1/install/uav_utils:/home/rizy/planner/3d-navi/3d-navi-ros2_v1/install/quadrotor_msgs:/home/rizy/planner/3d-navi/3d-navi-ros2_v1/install/cmake_utils:/opt/ros/humble CONDA_PROMPT_MODIFIER=(myenv) LD_LIBRARY_PATH=/home/rizy/planner/3d-navi/3d-navi-ros2_v1/install/quadrotor_msgs/lib:${LD_LIBRARY_PATH} PYTHONPATH=/home/rizy/planner/3d-navi/3d-navi-ros2_v1/install/quadrotor_msgs/local/lib/python3.10/dist-packages:/home/rizy/planner/3d-navi/3d-navi-ros2_v1/install/quadrotor_msgs/lib/python3.10/site-packages:${PYTHONPATH} /usr/bin/cmake --install /home/rizy/planner/3d-navi/3d-navi-ros2_v1/build/so3_quadrotor_simulator
[13.808s] -- Install configuration: ""
[13.808s] -- Execute custom install script
[13.809s] -- Up-to-date symlink: /home/rizy/planner/3d-navi/3d-navi-ros2_v1/install/so3_quadrotor_simulator/lib/so3_quadrotor_simulator/so3_quadrotor_simulator
[13.809s] -- Up-to-date symlink: /home/rizy/planner/3d-navi/3d-navi-ros2_v1/install/so3_quadrotor_simulator/share/so3_quadrotor_simulator/launch/simulator_example.launch.py
[13.809s] -- Up-to-date symlink: /home/rizy/planner/3d-navi/3d-navi-ros2_v1/install/so3_quadrotor_simulator/share/so3_quadrotor_simulator/config/rviz.rviz
[13.809s] -- Up-to-date symlink: /home/rizy/planner/3d-navi/3d-navi-ros2_v1/install/so3_quadrotor_simulator/share/ament_index/resource_index/package_run_dependencies/so3_quadrotor_simulator
[13.809s] -- Up-to-date symlink: /home/rizy/planner/3d-navi/3d-navi-ros2_v1/install/so3_quadrotor_simulator/share/ament_index/resource_index/parent_prefix_path/so3_quadrotor_simulator
[13.809s] -- Up-to-date symlink: /home/rizy/planner/3d-navi/3d-navi-ros2_v1/install/so3_quadrotor_simulator/share/so3_quadrotor_simulator/environment/ament_prefix_path.sh
[13.809s] -- Up-to-date symlink: /home/rizy/planner/3d-navi/3d-navi-ros2_v1/install/so3_quadrotor_simulator/share/so3_quadrotor_simulator/environment/ament_prefix_path.dsv
[13.809s] -- Up-to-date symlink: /home/rizy/planner/3d-navi/3d-navi-ros2_v1/install/so3_quadrotor_simulator/share/so3_quadrotor_simulator/environment/path.sh
[13.810s] -- Up-to-date symlink: /home/rizy/planner/3d-navi/3d-navi-ros2_v1/install/so3_quadrotor_simulator/share/so3_quadrotor_simulator/environment/path.dsv
[13.810s] -- Up-to-date symlink: /home/rizy/planner/3d-navi/3d-navi-ros2_v1/install/so3_quadrotor_simulator/share/so3_quadrotor_simulator/local_setup.bash
[13.810s] -- Up-to-date symlink: /home/rizy/planner/3d-navi/3d-navi-ros2_v1/install/so3_quadrotor_simulator/share/so3_quadrotor_simulator/local_setup.sh
[13.810s] -- Up-to-date symlink: /home/rizy/planner/3d-navi/3d-navi-ros2_v1/install/so3_quadrotor_simulator/share/so3_quadrotor_simulator/local_setup.zsh
[13.810s] -- Up-to-date symlink: /home/rizy/planner/3d-navi/3d-navi-ros2_v1/install/so3_quadrotor_simulator/share/so3_quadrotor_simulator/local_setup.dsv
[13.810s] -- Symlinking: /home/rizy/planner/3d-navi/3d-navi-ros2_v1/install/so3_quadrotor_simulator/share/so3_quadrotor_simulator/package.dsv
[13.816s] -- Up-to-date symlink: /home/rizy/planner/3d-navi/3d-navi-ros2_v1/install/so3_quadrotor_simulator/share/ament_index/resource_index/packages/so3_quadrotor_simulator
[13.816s] -- Up-to-date symlink: /home/rizy/planner/3d-navi/3d-navi-ros2_v1/install/so3_quadrotor_simulator/share/so3_quadrotor_simulator/cmake/so3_quadrotor_simulatorConfig.cmake
[13.816s] -- Up-to-date symlink: /home/rizy/planner/3d-navi/3d-navi-ros2_v1/install/so3_quadrotor_simulator/share/so3_quadrotor_simulator/cmake/so3_quadrotor_simulatorConfig-version.cmake
[13.816s] -- Up-to-date symlink: /home/rizy/planner/3d-navi/3d-navi-ros2_v1/install/so3_quadrotor_simulator/share/so3_quadrotor_simulator/package.xml
[13.818s] Invoked command in '/home/rizy/planner/3d-navi/3d-navi-ros2_v1/build/so3_quadrotor_simulator' returned '0': AMENT_PREFIX_PATH=/home/rizy/planner/3d-navi/3d-navi-ros2_v1/install/uav_utils:/home/rizy/planner/3d-navi/3d-navi-ros2_v1/install/quadrotor_msgs:/home/rizy/planner/3d-navi/3d-navi-ros2_v1/install/cmake_utils:${AMENT_PREFIX_PATH} CMAKE_PREFIX_PATH=/home/rizy/planner/3d-navi/3d-navi-ros2_v1/install/uav_utils:/home/rizy/planner/3d-navi/3d-navi-ros2_v1/install/quadrotor_msgs:/home/rizy/planner/3d-navi/3d-navi-ros2_v1/install/cmake_utils:/opt/ros/humble CONDA_PROMPT_MODIFIER=(myenv) LD_LIBRARY_PATH=/home/rizy/planner/3d-navi/3d-navi-ros2_v1/install/quadrotor_msgs/lib:${LD_LIBRARY_PATH} PYTHONPATH=/home/rizy/planner/3d-navi/3d-navi-ros2_v1/install/quadrotor_msgs/local/lib/python3.10/dist-packages:/home/rizy/planner/3d-navi/3d-navi-ros2_v1/install/quadrotor_msgs/lib/python3.10/site-packages:${PYTHONPATH} /usr/bin/cmake --install /home/rizy/planner/3d-navi/3d-navi-ros2_v1/build/so3_quadrotor_simulator
