[0.565s] Invoking command in '/home/rizy/planner/3d-navi/3d-navi-ros2_v1/build/nav_integration': CONDA_PROMPT_MODIFIER=(myenv) PYTHONPATH=/home/rizy/planner/3d-navi/3d-navi-ros2_v1/build/nav_integration/prefix_override:/usr/lib/python3/dist-packages/colcon_core/task/python/colcon_distutils_commands:/home/rizy/planner/3d-navi/3d-navi-ros2_v1/install/nav_integration/lib/python3.10/site-packages:${PYTHONPATH} /usr/bin/python3 -W ignore:setup.py install is deprecated -W ignore:easy_install command is deprecated setup.py develop --editable --build-directory /home/rizy/planner/3d-navi/3d-navi-ros2_v1/build/nav_integration/build --no-deps symlink_data
[0.692s] /home/rizy/.local/lib/python3.10/site-packages/setuptools/_distutils/dist.py:289: UserWarning: Unknown distribution option: 'tests_require'
[0.692s]   warnings.warn(msg)
[0.809s] running develop
[0.930s] running egg_info
[0.939s] writing nav_integration.egg-info/PKG-INFO
[0.939s] writing dependency_links to nav_integration.egg-info/dependency_links.txt
[0.940s] writing entry points to nav_integration.egg-info/entry_points.txt
[0.940s] writing requirements to nav_integration.egg-info/requires.txt
[0.940s] writing top-level names to nav_integration.egg-info/top_level.txt
[0.962s] reading manifest file 'nav_integration.egg-info/SOURCES.txt'
[0.964s] writing manifest file 'nav_integration.egg-info/SOURCES.txt'
[0.976s] running build_ext
[0.976s] Creating /home/rizy/planner/3d-navi/3d-navi-ros2_v1/install/nav_integration/lib/python3.10/site-packages/nav-integration.egg-link (link to .)
[0.977s] Installing map_server script to /home/rizy/planner/3d-navi/3d-navi-ros2_v1/install/nav_integration/lib/nav_integration
[0.977s] 
[0.977s] Installed /home/rizy/planner/3d-navi/3d-navi-ros2_v1/build/nav_integration
[0.977s] running symlink_data
[0.978s] symbolically linking /home/rizy/planner/3d-navi/3d-navi-ros2_v1/build/nav_integration/launch/run_pct.launch.py -> /home/rizy/planner/3d-navi/3d-navi-ros2_v1/install/nav_integration/share/nav_integration/launch
[1.048s] Invoked command in '/home/rizy/planner/3d-navi/3d-navi-ros2_v1/build/nav_integration' returned '0': CONDA_PROMPT_MODIFIER=(myenv) PYTHONPATH=/home/rizy/planner/3d-navi/3d-navi-ros2_v1/build/nav_integration/prefix_override:/usr/lib/python3/dist-packages/colcon_core/task/python/colcon_distutils_commands:/home/rizy/planner/3d-navi/3d-navi-ros2_v1/install/nav_integration/lib/python3.10/site-packages:${PYTHONPATH} /usr/bin/python3 -W ignore:setup.py install is deprecated -W ignore:easy_install command is deprecated setup.py develop --editable --build-directory /home/rizy/planner/3d-navi/3d-navi-ros2_v1/build/nav_integration/build --no-deps symlink_data
