[100%] Built target mockamap_node
-- Install configuration: "Release"
-- Execute custom install script
-- Up-to-date symlink: /home/rizy/planner/3d-navi/3d-navi-ros2_v1/install/mockamap/lib/mockamap/mockamap_node
-- Up-to-date symlink: /home/rizy/planner/3d-navi/3d-navi-ros2_v1/install/mockamap/share/mockamap/launch/maze2d.launch.py
-- Up-to-date symlink: /home/rizy/planner/3d-navi/3d-navi-ros2_v1/install/mockamap/share/mockamap/launch/maze3d.launch.py
-- Up-to-date symlink: /home/rizy/planner/3d-navi/3d-navi-ros2_v1/install/mockamap/share/mockamap/launch/mockamap.launch.py
-- Up-to-date symlink: /home/rizy/planner/3d-navi/3d-navi-ros2_v1/install/mockamap/share/mockamap/launch/perlin3d.launch.py
-- Up-to-date symlink: /home/rizy/planner/3d-navi/3d-navi-ros2_v1/install/mockamap/share/mockamap/launch/post2d.launch.py
-- Up-to-date symlink: /home/rizy/planner/3d-navi/3d-navi-ros2_v1/install/mockamap/share/mockamap/config/rviz.rviz
-- Up-to-date symlink: /home/rizy/planner/3d-navi/3d-navi-ros2_v1/install/mockamap/share/ament_index/resource_index/package_run_dependencies/mockamap
-- Up-to-date symlink: /home/rizy/planner/3d-navi/3d-navi-ros2_v1/install/mockamap/share/ament_index/resource_index/parent_prefix_path/mockamap
-- Up-to-date symlink: /home/rizy/planner/3d-navi/3d-navi-ros2_v1/install/mockamap/share/mockamap/environment/ament_prefix_path.sh
-- Up-to-date symlink: /home/rizy/planner/3d-navi/3d-navi-ros2_v1/install/mockamap/share/mockamap/environment/ament_prefix_path.dsv
-- Up-to-date symlink: /home/rizy/planner/3d-navi/3d-navi-ros2_v1/install/mockamap/share/mockamap/environment/path.sh
-- Up-to-date symlink: /home/rizy/planner/3d-navi/3d-navi-ros2_v1/install/mockamap/share/mockamap/environment/path.dsv
-- Up-to-date symlink: /home/rizy/planner/3d-navi/3d-navi-ros2_v1/install/mockamap/share/mockamap/local_setup.bash
-- Up-to-date symlink: /home/rizy/planner/3d-navi/3d-navi-ros2_v1/install/mockamap/share/mockamap/local_setup.sh
-- Up-to-date symlink: /home/rizy/planner/3d-navi/3d-navi-ros2_v1/install/mockamap/share/mockamap/local_setup.zsh
-- Up-to-date symlink: /home/rizy/planner/3d-navi/3d-navi-ros2_v1/install/mockamap/share/mockamap/local_setup.dsv
-- Symlinking: /home/rizy/planner/3d-navi/3d-navi-ros2_v1/install/mockamap/share/mockamap/package.dsv
-- Up-to-date symlink: /home/rizy/planner/3d-navi/3d-navi-ros2_v1/install/mockamap/share/ament_index/resource_index/packages/mockamap
-- Up-to-date symlink: /home/rizy/planner/3d-navi/3d-navi-ros2_v1/install/mockamap/share/mockamap/cmake/ament_cmake_export_include_directories-extras.cmake
-- Up-to-date symlink: /home/rizy/planner/3d-navi/3d-navi-ros2_v1/install/mockamap/share/mockamap/cmake/mockamapConfig.cmake
-- Up-to-date symlink: /home/rizy/planner/3d-navi/3d-navi-ros2_v1/install/mockamap/share/mockamap/cmake/mockamapConfig-version.cmake
-- Up-to-date symlink: /home/rizy/planner/3d-navi/3d-navi-ros2_v1/install/mockamap/share/mockamap/package.xml
