[0.000000] (-) TimerEvent: {}
[0.000127] (-) JobUnselected: {'identifier': 'bspline_opt'}
[0.000154] (-) JobUnselected: {'identifier': 'cmake_utils'}
[0.000167] (-) JobUnselected: {'identifier': 'ego_planner'}
[0.000180] (-) JobUnselected: {'identifier': 'local_sensing'}
[0.000193] (-) JobUnselected: {'identifier': 'map_generator'}
[0.000203] (-) JobUnselected: {'identifier': 'mockamap'}
[0.000215] (-) JobUnselected: {'identifier': 'multi_map_server'}
[0.000227] (-) JobUnselected: {'identifier': 'odom_visualization'}
[0.000236] (-) JobUnselected: {'identifier': 'path_searching'}
[0.000248] (-) JobUnselected: {'identifier': 'plan_env'}
[0.000257] (-) JobUnselected: {'identifier': 'planning_core'}
[0.000266] (-) JobUnselected: {'identifier': 'poscmd_2_odom'}
[0.000277] (-) JobUnselected: {'identifier': 'pose_utils'}
[0.000287] (-) JobUnselected: {'identifier': 'quadrotor_msgs'}
[0.000297] (-) JobUnselected: {'identifier': 'rosmsg_tcp_bridge'}
[0.000305] (-) JobUnselected: {'identifier': 'so3_control'}
[0.000314] (-) JobUnselected: {'identifier': 'so3_quadrotor_simulator'}
[0.000324] (-) JobUnselected: {'identifier': 'traj_utils'}
[0.000334] (-) JobUnselected: {'identifier': 'uav_utils'}
[0.000343] (-) JobUnselected: {'identifier': 'waypoint_generator'}
[0.000358] (drone_detect) JobQueued: {'identifier': 'drone_detect', 'dependencies': OrderedDict()}
[0.001024] (drone_detect) JobStarted: {'identifier': 'drone_detect'}
[0.012849] (drone_detect) JobProgress: {'identifier': 'drone_detect', 'progress': 'cmake'}
[0.013179] (drone_detect) Command: {'cmd': ['/usr/bin/cmake', '/home/rizy/planner/3d-navi/3d-navi-ros2_v1/src/planner/drone_detect', '-DPython3_EXECUTABLE=/usr/bin/python3', '-Dfmt_DIR=/usr/lib/x86_64-linux-gnu/cmake/fmt', '-DAMENT_CMAKE_SYMLINK_INSTALL=1', '-DCMAKE_INSTALL_PREFIX=/home/rizy/planner/3d-navi/3d-navi-ros2_v1/install/drone_detect'], 'cwd': '/home/rizy/planner/3d-navi/3d-navi-ros2_v1/build/drone_detect', 'env': OrderedDict([('GJS_DEBUG_TOPICS', 'JS ERROR;JS LOG'), ('LESSOPEN', '| /usr/bin/lesspipe %s'), ('VSCODE_CWD', '/home/rizy'), ('VSCODE_ESM_ENTRYPOINT', 'vs/workbench/api/node/extensionHostProcess'), ('CONDA_PROMPT_MODIFIER', '(myenv)'), ('LANGUAGE', 'zh_CN:en'), ('USER', 'rizy'), ('LC_TIME', 'zh_CN.UTF-8'), ('VSCODE_NLS_CONFIG', '{"userLocale":"zh-cn","osLocale":"zh-cn","resolvedLanguage":"zh-cn","defaultMessagesFile":"/usr/share/cursor/resources/app/out/nls.messages.json","languagePack":{"translationsConfigFile":"/home/rizy/.config/Cursor/clp/3bfb7f1471a52e527cfc1587dd57c7c1.zh-cn/tcf.json","messagesFile":"/home/rizy/.config/Cursor/clp/3bfb7f1471a52e527cfc1587dd57c7c1.zh-cn/6b030be1a256f7464cbd98e48627a802a4831bf0/nls.messages.json","corruptMarkerFile":"/home/rizy/.config/Cursor/clp/3bfb7f1471a52e527cfc1587dd57c7c1.zh-cn/corrupted.info"},"locale":"zh-cn","availableLanguages":{"*":"zh-cn"},"_languagePackId":"3bfb7f1471a52e527cfc1587dd57c7c1.zh-cn","_languagePackSupport":true,"_translationsConfigFile":"/home/rizy/.config/Cursor/clp/3bfb7f1471a52e527cfc1587dd57c7c1.zh-cn/tcf.json","_cacheRoot":"/home/rizy/.config/Cursor/clp/3bfb7f1471a52e527cfc1587dd57c7c1.zh-cn","_resolvedLanguagePackCoreLocation":"/home/rizy/.config/Cursor/clp/3bfb7f1471a52e527cfc1587dd57c7c1.zh-cn/6b030be1a256f7464cbd98e48627a802a4831bf0","_corruptedFile":"/home/rizy/.config/Cursor/clp/3bfb7f1471a52e527cfc1587dd57c7c1.zh-cn/corrupted.info"}'), ('VSCODE_HANDLES_UNCAUGHT_ERRORS', 'true'), ('XDG_SESSION_TYPE', 'wayland'), ('SHLVL', '1'), ('LD_LIBRARY_PATH', '/usr/local/cuda-12.8/lib64:/usr/local/cuda-12.8/lib64:/usr/lib/x86_64-linux-gnu/gazebo-11/plugins:/opt/ros/humble/opt/rviz_ogre_vendor/lib:/opt/ros/humble/lib/x86_64-linux-gnu:/opt/ros/humble/lib'), ('HOME', '/home/rizy'), ('CHROME_DESKTOP', 'cursor.desktop'), ('CONDA_SHLVL', '4'), ('OLDPWD', '/home/rizy/planner/3d-navi/3d-navi-ros2_v1'), ('DESKTOP_SESSION', 'ubuntu'), ('VSCODE_IPC_HOOK', '/run/user/1000/vscode-48ac9a66-2.2.-main.sock'), ('GIO_LAUNCHED_DESKTOP_FILE', '/usr/share/applications/cursor.desktop'), ('ROS_PYTHON_VERSION', '3'), ('GNOME_SHELL_SESSION_MODE', 'ubuntu'), ('GTK_MODULES', 'gail:atk-bridge'), ('LC_MONETARY', 'zh_CN.UTF-8'), ('MANAGERPID', '2196'), ('SYSTEMD_EXEC_PID', '9164'), ('NO_COLOR', '1'), ('DBUS_SESSION_BUS_ADDRESS', 'unix:path=/run/user/1000/bus'), ('_CE_M', ''), ('_CONDA_ROOT', '/home/rizy/anaconda3'), ('GIO_LAUNCHED_DESKTOP_FILE_PID', '31486'), ('VSCODE_CRASH_REPORTER_PROCESS_TYPE', 'extensionHost'), ('WAYLAND_DISPLAY', 'wayland-0'), ('VSCODE_L10N_BUNDLE_LOCATION', 'file:///home/rizy/.cursor/extensions/ms-ceintl.vscode-language-pack-zh-hans-1.105.0-universal/translations/extensions/vscode.markdown-language-features.i18n.json'), ('ROS_DISTRO', 'humble'), ('GTK_IM_MODULE', 'ibus'), ('LOGNAME', 'rizy'), ('FORCE_COLOR', '0'), ('JOURNAL_STREAM', '8:58957'), ('_', '/usr/bin/colcon'), ('ROS_VERSION', '2'), ('XDG_SESSION_CLASS', 'user'), ('USERNAME', 'rizy'), ('TERM', 'dumb'), ('EVERYSPHERE_RIPGREP_PATH', '/usr/share/cursor/resources/app/node_modules/@vscode/ripgrep/bin/rg'), ('GNOME_DESKTOP_SESSION_ID', 'this-is-deprecated'), ('_CE_CONDA', ''), ('ROS_LOCALHOST_ONLY', '0'), ('COMPOSER_NO_INTERACTION', '1'), ('WINDOWPATH', '2'), ('PATH', '/home/rizy/.local/bin:/home/rizy/anaconda3/envs/myenv/bin:/usr/local/cuda-12.8/bin:/home/rizy/.local/bin:/home/rizy/anaconda3/bin:/home/rizy/anaconda3/condabin:/home/rizy/anaconda3/bin:/usr/local/cuda-12.8/bin:/opt/ros/humble/bin:/home/rizy/.local/bin:/home/rizy/.local/bin:/home/rizy/.local/bin:/usr/local/sbin:/usr/local/bin:/usr/sbin:/usr/bin:/sbin:/bin:/usr/games:/usr/local/games:/snap/bin:/snap/bin:/home/rizy/.fishros/bin:/home/rizy/.fishros/bin/'), ('SESSION_MANAGER', 'local/rizy:@/tmp/.ICE-unix/9135,unix/rizy:/tmp/.ICE-unix/9135'), ('INVOCATION_ID', '8dd6d65848d44c668e493f90565a9606'), ('PAPERSIZE', 'a4'), ('XDG_MENU_PREFIX', 'gnome-'), ('LC_ADDRESS', 'zh_CN.UTF-8'), ('VSCODE_PROCESS_TITLE', 'extension-host  [6-7]'), ('GNOME_SETUP_DISPLAY', ':1'), ('XDG_RUNTIME_DIR', '/run/user/1000'), ('GDK_BACKEND', 'x11'), ('CURSOR_AGENT', '1'), ('DISPLAY', ':0'), ('LANG', 'zh_CN.UTF-8'), ('XDG_CURRENT_DESKTOP', 'Unity'), ('LC_TELEPHONE', 'zh_CN.UTF-8'), ('CONDA_PREFIX_1', '/home/rizy/anaconda3'), ('RMW_IMPLEMENTATION', 'rmw_cyclonedds_cpp'), ('XMODIFIERS', '@im=ibus'), ('XDG_SESSION_DESKTOP', 'ubuntu'), ('XAUTHORITY', '/run/user/1000/.mutter-Xwaylandauth.23GRI3'), ('LS_COLORS', ''), ('CONDA_PREFIX_2', '/home/rizy/anaconda3/envs/myenv'), ('CURSOR_TRACE_ID', '4dc044125be8437c8ed0a19c21ad5e8e'), ('SSH_AGENT_LAUNCHER', 'gnome-keyring'), ('SSH_AUTH_SOCK', '/run/user/1000/keyring/ssh'), ('AMENT_PREFIX_PATH', '/opt/ros/humble'), ('CONDA_PYTHON_EXE', '/home/rizy/anaconda3/bin/python'), ('ORIGINAL_XDG_CURRENT_DESKTOP', 'ubuntu:GNOME'), ('CONDA_PREFIX_3', '/home/rizy/anaconda3'), ('SHELL', '/bin/bash'), ('LC_NAME', 'zh_CN.UTF-8'), ('QT_ACCESSIBILITY', '1'), ('GDMSESSION', 'ubuntu'), ('LESSCLOSE', '/usr/bin/lesspipe %s %s'), ('CONDA_DEFAULT_ENV', 'myenv'), ('LC_MEASUREMENT', 'zh_CN.UTF-8'), ('GPG_AGENT_INFO', '/run/user/1000/gnupg/S.gpg-agent:0:1'), ('GJS_DEBUG_OUTPUT', 'stderr'), ('_CONDA_EXE', '/home/rizy/anaconda3/bin/conda'), ('LC_IDENTIFICATION', 'zh_CN.UTF-8'), ('QT_IM_MODULE', 'ibus'), ('PWD', '/home/rizy/planner/3d-navi/3d-navi-ros2_v1/build/drone_detect'), ('QT_QPA_PLATFORM', 'xcb'), ('LC_ALL', 'en_US.UTF-8'), ('XDG_CONFIG_DIRS', '/etc/xdg/xdg-ubuntu-xorg:/etc/xdg'), ('CONDA_EXE', '/home/rizy/anaconda3/bin/conda'), ('VSCODE_CODE_CACHE_PATH', '/home/rizy/.config/Cursor/CachedData/6b030be1a256f7464cbd98e48627a802a4831bf0'), ('XDG_DATA_DIRS', '/usr/share/ubuntu-xorg:/usr/share/gnome:/usr/local/share/:/usr/share/:/var/lib/snapd/desktop'), ('PYTHONPATH', '/opt/ros/humble/lib/python3.10/site-packages:/opt/ros/humble/local/lib/python3.10/dist-packages'), ('LC_NUMERIC', 'zh_CN.UTF-8'), ('CONDA_PREFIX', '/home/rizy/anaconda3/envs/myenv'), ('LC_PAPER', 'zh_CN.UTF-8'), ('COLCON', '1'), ('_ZO_DOCTOR', '0'), ('VSCODE_PID', '31486'), ('CMAKE_PREFIX_PATH', '/opt/ros/humble')]), 'shell': False}
[0.078336] (drone_detect) StdoutLine: {'line': b'-- The C compiler identification is GNU 11.4.0\n'}
[0.099593] (-) TimerEvent: {}
[0.125964] (drone_detect) StdoutLine: {'line': b'-- The CXX compiler identification is GNU 11.4.0\n'}
[0.130437] (drone_detect) StdoutLine: {'line': b'-- Detecting C compiler ABI info\n'}
[0.199971] (-) TimerEvent: {}
[0.206997] (drone_detect) StdoutLine: {'line': b'-- Detecting C compiler ABI info - done\n'}
[0.210852] (drone_detect) StdoutLine: {'line': b'-- Check for working C compiler: /usr/bin/cc - skipped\n'}
[0.211027] (drone_detect) StdoutLine: {'line': b'-- Detecting C compile features\n'}
[0.211275] (drone_detect) StdoutLine: {'line': b'-- Detecting C compile features - done\n'}
[0.213013] (drone_detect) StdoutLine: {'line': b'-- Detecting CXX compiler ABI info\n'}
[0.290130] (drone_detect) StdoutLine: {'line': b'-- Detecting CXX compiler ABI info - done\n'}
[0.294872] (drone_detect) StdoutLine: {'line': b'-- Check for working CXX compiler: /usr/bin/c++ - skipped\n'}
[0.295267] (drone_detect) StdoutLine: {'line': b'-- Detecting CXX compile features\n'}
[0.295511] (drone_detect) StdoutLine: {'line': b'-- Detecting CXX compile features - done\n'}
[0.300032] (drone_detect) StdoutLine: {'line': b'-- Found ament_cmake: 1.3.12 (/opt/ros/humble/share/ament_cmake/cmake)\n'}
[0.300075] (-) TimerEvent: {}
[0.400589] (-) TimerEvent: {}
[0.501235] (-) TimerEvent: {}
[0.601390] (-) TimerEvent: {}
[0.611030] (drone_detect) StdoutLine: {'line': b'-- Found Python3: /usr/bin/python3 (found version "3.10.12") found components: Interpreter \n'}
[0.656032] (drone_detect) StdoutLine: {'line': b'-- Override CMake install command with custom implementation using symlinks instead of copying resources\n'}
[0.685015] (drone_detect) StdoutLine: {'line': b'-- Found rclcpp: 16.0.16 (/opt/ros/humble/share/rclcpp/cmake)\n'}
[0.701984] (-) TimerEvent: {}
[0.720466] (drone_detect) StdoutLine: {'line': b'-- Found rosidl_generator_c: 3.1.7 (/opt/ros/humble/share/rosidl_generator_c/cmake)\n'}
[0.723778] (drone_detect) StdoutLine: {'line': b'-- Found rosidl_adapter: 3.1.7 (/opt/ros/humble/share/rosidl_adapter/cmake)\n'}
[0.731067] (drone_detect) StdoutLine: {'line': b'-- Found rosidl_generator_cpp: 3.1.7 (/opt/ros/humble/share/rosidl_generator_cpp/cmake)\n'}
[0.738332] (drone_detect) StdoutLine: {'line': b'-- Using all available rosidl_typesupport_c: rosidl_typesupport_fastrtps_c;rosidl_typesupport_introspection_c\n'}
[0.750228] (drone_detect) StdoutLine: {'line': b'-- Using all available rosidl_typesupport_cpp: rosidl_typesupport_fastrtps_cpp;rosidl_typesupport_introspection_cpp\n'}
[0.779936] (drone_detect) StdoutLine: {'line': b'-- Found rmw_implementation_cmake: 6.1.2 (/opt/ros/humble/share/rmw_implementation_cmake/cmake)\n'}
[0.781618] (drone_detect) StdoutLine: {'line': b'-- Found rmw_cyclonedds_cpp: 1.3.4 (/opt/ros/humble/share/rmw_cyclonedds_cpp/cmake)\n'}
[0.797019] (drone_detect) StdoutLine: {'line': b"-- Using RMW implementation 'rmw_cyclonedds_cpp' as default\n"}
[0.802072] (-) TimerEvent: {}
[0.807934] (drone_detect) StdoutLine: {'line': b'-- Looking for pthread.h\n'}
[0.886793] (drone_detect) StdoutLine: {'line': b'-- Looking for pthread.h - found\n'}
[0.888018] (drone_detect) StdoutLine: {'line': b'-- Performing Test CMAKE_HAVE_LIBC_PTHREAD\n'}
[0.902161] (-) TimerEvent: {}
[0.976291] (drone_detect) StdoutLine: {'line': b'-- Performing Test CMAKE_HAVE_LIBC_PTHREAD - Success\n'}
[0.977141] (drone_detect) StdoutLine: {'line': b'-- Found Threads: TRUE  \n'}
[1.002291] (-) TimerEvent: {}
[1.018525] (drone_detect) StdoutLine: {'line': b'-- Found sensor_msgs: 4.9.0 (/opt/ros/humble/share/sensor_msgs/cmake)\n'}
[1.041207] (drone_detect) StdoutLine: {'line': b'-- Found nav_msgs: 4.9.0 (/opt/ros/humble/share/nav_msgs/cmake)\n'}
[1.051587] (drone_detect) StdoutLine: {'line': b'-- Found std_srvs: 4.9.0 (/opt/ros/humble/share/std_srvs/cmake)\n'}
[1.058442] (drone_detect) StdoutLine: {'line': b'-- Found cv_bridge: 3.2.1 (/opt/ros/humble/share/cv_bridge/cmake)\n'}
[1.075214] (drone_detect) StdoutLine: {'line': b'-- Found OpenCV: /usr (found version "4.5.4") \n'}
[1.084123] (drone_detect) StdoutLine: {'line': b'-- Found Boost: /usr/lib/x86_64-linux-gnu/cmake/Boost-1.74.0/BoostConfig.cmake (found version "1.74.0")  \n'}
[1.086377] (drone_detect) StdoutLine: {'line': b'-- Found message_filters: 4.3.11 (/opt/ros/humble/share/message_filters/cmake)\n'}
[1.089792] (drone_detect) StdoutLine: {'line': b'-- Found ament_lint_auto: 0.12.14 (/opt/ros/humble/share/ament_lint_auto/cmake)\n'}
[1.102737] (-) TimerEvent: {}
[1.174871] (drone_detect) StdoutLine: {'line': b"-- Added test 'cppcheck' to perform static code analysis on C / C++ code\n"}
[1.175139] (drone_detect) StdoutLine: {'line': b'-- Configured cppcheck include dirs: /home/rizy/planner/3d-navi/3d-navi-ros2_v1/src/planner/drone_detect/include\n'}
[1.175183] (drone_detect) StdoutLine: {'line': b'-- Configured cppcheck exclude dirs and/or files: \n'}
[1.175244] (drone_detect) StdoutLine: {'line': b"-- Added test 'flake8' to check Python code syntax and style conventions\n"}
[1.175638] (drone_detect) StdoutLine: {'line': b"-- Added test 'lint_cmake' to check CMake code style\n"}
[1.175973] (drone_detect) StdoutLine: {'line': b"-- Added test 'pep257' to check Python code against some of the docstring style conventions in PEP 257\n"}
[1.177219] (drone_detect) StdoutLine: {'line': b"-- Added test 'uncrustify' to check C / C++ code style\n"}
[1.177279] (drone_detect) StdoutLine: {'line': b'-- Configured uncrustify additional arguments: \n'}
[1.177788] (drone_detect) StdoutLine: {'line': b"-- Added test 'xmllint' to check XML markup files\n"}
[1.178950] (drone_detect) StdoutLine: {'line': b'-- Configuring done\n'}
[1.196287] (drone_detect) StdoutLine: {'line': b'-- Generating done\n'}
[1.203113] (-) TimerEvent: {}
[1.204245] (drone_detect) StdoutLine: {'line': b'-- Build files have been written to: /home/rizy/planner/3d-navi/3d-navi-ros2_v1/build/drone_detect\n'}
[1.233144] (drone_detect) CommandEnded: {'returncode': 0}
[1.237444] (drone_detect) JobProgress: {'identifier': 'drone_detect', 'progress': 'build'}
[1.237464] (drone_detect) Command: {'cmd': ['/usr/bin/cmake', '--build', '/home/rizy/planner/3d-navi/3d-navi-ros2_v1/build/drone_detect', '--', '-j32', '-l32'], 'cwd': '/home/rizy/planner/3d-navi/3d-navi-ros2_v1/build/drone_detect', 'env': OrderedDict([('GJS_DEBUG_TOPICS', 'JS ERROR;JS LOG'), ('LESSOPEN', '| /usr/bin/lesspipe %s'), ('VSCODE_CWD', '/home/rizy'), ('VSCODE_ESM_ENTRYPOINT', 'vs/workbench/api/node/extensionHostProcess'), ('CONDA_PROMPT_MODIFIER', '(myenv)'), ('LANGUAGE', 'zh_CN:en'), ('USER', 'rizy'), ('LC_TIME', 'zh_CN.UTF-8'), ('VSCODE_NLS_CONFIG', '{"userLocale":"zh-cn","osLocale":"zh-cn","resolvedLanguage":"zh-cn","defaultMessagesFile":"/usr/share/cursor/resources/app/out/nls.messages.json","languagePack":{"translationsConfigFile":"/home/rizy/.config/Cursor/clp/3bfb7f1471a52e527cfc1587dd57c7c1.zh-cn/tcf.json","messagesFile":"/home/rizy/.config/Cursor/clp/3bfb7f1471a52e527cfc1587dd57c7c1.zh-cn/6b030be1a256f7464cbd98e48627a802a4831bf0/nls.messages.json","corruptMarkerFile":"/home/rizy/.config/Cursor/clp/3bfb7f1471a52e527cfc1587dd57c7c1.zh-cn/corrupted.info"},"locale":"zh-cn","availableLanguages":{"*":"zh-cn"},"_languagePackId":"3bfb7f1471a52e527cfc1587dd57c7c1.zh-cn","_languagePackSupport":true,"_translationsConfigFile":"/home/rizy/.config/Cursor/clp/3bfb7f1471a52e527cfc1587dd57c7c1.zh-cn/tcf.json","_cacheRoot":"/home/rizy/.config/Cursor/clp/3bfb7f1471a52e527cfc1587dd57c7c1.zh-cn","_resolvedLanguagePackCoreLocation":"/home/rizy/.config/Cursor/clp/3bfb7f1471a52e527cfc1587dd57c7c1.zh-cn/6b030be1a256f7464cbd98e48627a802a4831bf0","_corruptedFile":"/home/rizy/.config/Cursor/clp/3bfb7f1471a52e527cfc1587dd57c7c1.zh-cn/corrupted.info"}'), ('VSCODE_HANDLES_UNCAUGHT_ERRORS', 'true'), ('XDG_SESSION_TYPE', 'wayland'), ('SHLVL', '1'), ('LD_LIBRARY_PATH', '/usr/local/cuda-12.8/lib64:/usr/local/cuda-12.8/lib64:/usr/lib/x86_64-linux-gnu/gazebo-11/plugins:/opt/ros/humble/opt/rviz_ogre_vendor/lib:/opt/ros/humble/lib/x86_64-linux-gnu:/opt/ros/humble/lib'), ('HOME', '/home/rizy'), ('CHROME_DESKTOP', 'cursor.desktop'), ('CONDA_SHLVL', '4'), ('OLDPWD', '/home/rizy/planner/3d-navi/3d-navi-ros2_v1'), ('DESKTOP_SESSION', 'ubuntu'), ('VSCODE_IPC_HOOK', '/run/user/1000/vscode-48ac9a66-2.2.-main.sock'), ('GIO_LAUNCHED_DESKTOP_FILE', '/usr/share/applications/cursor.desktop'), ('ROS_PYTHON_VERSION', '3'), ('GNOME_SHELL_SESSION_MODE', 'ubuntu'), ('GTK_MODULES', 'gail:atk-bridge'), ('LC_MONETARY', 'zh_CN.UTF-8'), ('MANAGERPID', '2196'), ('SYSTEMD_EXEC_PID', '9164'), ('NO_COLOR', '1'), ('DBUS_SESSION_BUS_ADDRESS', 'unix:path=/run/user/1000/bus'), ('_CE_M', ''), ('_CONDA_ROOT', '/home/rizy/anaconda3'), ('GIO_LAUNCHED_DESKTOP_FILE_PID', '31486'), ('VSCODE_CRASH_REPORTER_PROCESS_TYPE', 'extensionHost'), ('WAYLAND_DISPLAY', 'wayland-0'), ('VSCODE_L10N_BUNDLE_LOCATION', 'file:///home/rizy/.cursor/extensions/ms-ceintl.vscode-language-pack-zh-hans-1.105.0-universal/translations/extensions/vscode.markdown-language-features.i18n.json'), ('ROS_DISTRO', 'humble'), ('GTK_IM_MODULE', 'ibus'), ('LOGNAME', 'rizy'), ('FORCE_COLOR', '0'), ('JOURNAL_STREAM', '8:58957'), ('_', '/usr/bin/colcon'), ('ROS_VERSION', '2'), ('XDG_SESSION_CLASS', 'user'), ('USERNAME', 'rizy'), ('TERM', 'dumb'), ('EVERYSPHERE_RIPGREP_PATH', '/usr/share/cursor/resources/app/node_modules/@vscode/ripgrep/bin/rg'), ('GNOME_DESKTOP_SESSION_ID', 'this-is-deprecated'), ('_CE_CONDA', ''), ('ROS_LOCALHOST_ONLY', '0'), ('COMPOSER_NO_INTERACTION', '1'), ('WINDOWPATH', '2'), ('PATH', '/home/rizy/.local/bin:/home/rizy/anaconda3/envs/myenv/bin:/usr/local/cuda-12.8/bin:/home/rizy/.local/bin:/home/rizy/anaconda3/bin:/home/rizy/anaconda3/condabin:/home/rizy/anaconda3/bin:/usr/local/cuda-12.8/bin:/opt/ros/humble/bin:/home/rizy/.local/bin:/home/rizy/.local/bin:/home/rizy/.local/bin:/usr/local/sbin:/usr/local/bin:/usr/sbin:/usr/bin:/sbin:/bin:/usr/games:/usr/local/games:/snap/bin:/snap/bin:/home/rizy/.fishros/bin:/home/rizy/.fishros/bin/'), ('SESSION_MANAGER', 'local/rizy:@/tmp/.ICE-unix/9135,unix/rizy:/tmp/.ICE-unix/9135'), ('INVOCATION_ID', '8dd6d65848d44c668e493f90565a9606'), ('PAPERSIZE', 'a4'), ('XDG_MENU_PREFIX', 'gnome-'), ('LC_ADDRESS', 'zh_CN.UTF-8'), ('VSCODE_PROCESS_TITLE', 'extension-host  [6-7]'), ('GNOME_SETUP_DISPLAY', ':1'), ('XDG_RUNTIME_DIR', '/run/user/1000'), ('GDK_BACKEND', 'x11'), ('CURSOR_AGENT', '1'), ('DISPLAY', ':0'), ('LANG', 'zh_CN.UTF-8'), ('XDG_CURRENT_DESKTOP', 'Unity'), ('LC_TELEPHONE', 'zh_CN.UTF-8'), ('CONDA_PREFIX_1', '/home/rizy/anaconda3'), ('RMW_IMPLEMENTATION', 'rmw_cyclonedds_cpp'), ('XMODIFIERS', '@im=ibus'), ('XDG_SESSION_DESKTOP', 'ubuntu'), ('XAUTHORITY', '/run/user/1000/.mutter-Xwaylandauth.23GRI3'), ('LS_COLORS', ''), ('CONDA_PREFIX_2', '/home/rizy/anaconda3/envs/myenv'), ('CURSOR_TRACE_ID', '4dc044125be8437c8ed0a19c21ad5e8e'), ('SSH_AGENT_LAUNCHER', 'gnome-keyring'), ('SSH_AUTH_SOCK', '/run/user/1000/keyring/ssh'), ('AMENT_PREFIX_PATH', '/opt/ros/humble'), ('CONDA_PYTHON_EXE', '/home/rizy/anaconda3/bin/python'), ('ORIGINAL_XDG_CURRENT_DESKTOP', 'ubuntu:GNOME'), ('CONDA_PREFIX_3', '/home/rizy/anaconda3'), ('SHELL', '/bin/bash'), ('LC_NAME', 'zh_CN.UTF-8'), ('QT_ACCESSIBILITY', '1'), ('GDMSESSION', 'ubuntu'), ('LESSCLOSE', '/usr/bin/lesspipe %s %s'), ('CONDA_DEFAULT_ENV', 'myenv'), ('LC_MEASUREMENT', 'zh_CN.UTF-8'), ('GPG_AGENT_INFO', '/run/user/1000/gnupg/S.gpg-agent:0:1'), ('GJS_DEBUG_OUTPUT', 'stderr'), ('_CONDA_EXE', '/home/rizy/anaconda3/bin/conda'), ('LC_IDENTIFICATION', 'zh_CN.UTF-8'), ('QT_IM_MODULE', 'ibus'), ('PWD', '/home/rizy/planner/3d-navi/3d-navi-ros2_v1/build/drone_detect'), ('QT_QPA_PLATFORM', 'xcb'), ('LC_ALL', 'en_US.UTF-8'), ('XDG_CONFIG_DIRS', '/etc/xdg/xdg-ubuntu-xorg:/etc/xdg'), ('CONDA_EXE', '/home/rizy/anaconda3/bin/conda'), ('VSCODE_CODE_CACHE_PATH', '/home/rizy/.config/Cursor/CachedData/6b030be1a256f7464cbd98e48627a802a4831bf0'), ('XDG_DATA_DIRS', '/usr/share/ubuntu-xorg:/usr/share/gnome:/usr/local/share/:/usr/share/:/var/lib/snapd/desktop'), ('PYTHONPATH', '/opt/ros/humble/lib/python3.10/site-packages:/opt/ros/humble/local/lib/python3.10/dist-packages'), ('LC_NUMERIC', 'zh_CN.UTF-8'), ('CONDA_PREFIX', '/home/rizy/anaconda3/envs/myenv'), ('LC_PAPER', 'zh_CN.UTF-8'), ('COLCON', '1'), ('_ZO_DOCTOR', '0'), ('VSCODE_PID', '31486'), ('CMAKE_PREFIX_PATH', '/opt/ros/humble')]), 'shell': False}
[1.284126] (drone_detect) StdoutLine: {'line': b'Consolidate compiler generated dependencies of target drone_detect\n'}
[1.302351] (drone_detect) StdoutLine: {'line': b'[ 33%] Linking CXX executable drone_detect\n'}
[1.303299] (-) TimerEvent: {}
[1.403516] (-) TimerEvent: {}
[1.503923] (-) TimerEvent: {}
[1.604916] (-) TimerEvent: {}
[1.705185] (-) TimerEvent: {}
[1.805531] (-) TimerEvent: {}
[1.905813] (-) TimerEvent: {}
[2.006282] (-) TimerEvent: {}
[2.107192] (-) TimerEvent: {}
[2.209076] (-) TimerEvent: {}
[2.211176] (drone_detect) StdoutLine: {'line': b'[100%] Built target drone_detect\n'}
[2.229170] (drone_detect) CommandEnded: {'returncode': 0}
[2.230040] (drone_detect) JobProgress: {'identifier': 'drone_detect', 'progress': 'install'}
[2.239570] (drone_detect) Command: {'cmd': ['/usr/bin/cmake', '--install', '/home/rizy/planner/3d-navi/3d-navi-ros2_v1/build/drone_detect'], 'cwd': '/home/rizy/planner/3d-navi/3d-navi-ros2_v1/build/drone_detect', 'env': OrderedDict([('GJS_DEBUG_TOPICS', 'JS ERROR;JS LOG'), ('LESSOPEN', '| /usr/bin/lesspipe %s'), ('VSCODE_CWD', '/home/rizy'), ('VSCODE_ESM_ENTRYPOINT', 'vs/workbench/api/node/extensionHostProcess'), ('CONDA_PROMPT_MODIFIER', '(myenv)'), ('LANGUAGE', 'zh_CN:en'), ('USER', 'rizy'), ('LC_TIME', 'zh_CN.UTF-8'), ('VSCODE_NLS_CONFIG', '{"userLocale":"zh-cn","osLocale":"zh-cn","resolvedLanguage":"zh-cn","defaultMessagesFile":"/usr/share/cursor/resources/app/out/nls.messages.json","languagePack":{"translationsConfigFile":"/home/rizy/.config/Cursor/clp/3bfb7f1471a52e527cfc1587dd57c7c1.zh-cn/tcf.json","messagesFile":"/home/rizy/.config/Cursor/clp/3bfb7f1471a52e527cfc1587dd57c7c1.zh-cn/6b030be1a256f7464cbd98e48627a802a4831bf0/nls.messages.json","corruptMarkerFile":"/home/rizy/.config/Cursor/clp/3bfb7f1471a52e527cfc1587dd57c7c1.zh-cn/corrupted.info"},"locale":"zh-cn","availableLanguages":{"*":"zh-cn"},"_languagePackId":"3bfb7f1471a52e527cfc1587dd57c7c1.zh-cn","_languagePackSupport":true,"_translationsConfigFile":"/home/rizy/.config/Cursor/clp/3bfb7f1471a52e527cfc1587dd57c7c1.zh-cn/tcf.json","_cacheRoot":"/home/rizy/.config/Cursor/clp/3bfb7f1471a52e527cfc1587dd57c7c1.zh-cn","_resolvedLanguagePackCoreLocation":"/home/rizy/.config/Cursor/clp/3bfb7f1471a52e527cfc1587dd57c7c1.zh-cn/6b030be1a256f7464cbd98e48627a802a4831bf0","_corruptedFile":"/home/rizy/.config/Cursor/clp/3bfb7f1471a52e527cfc1587dd57c7c1.zh-cn/corrupted.info"}'), ('VSCODE_HANDLES_UNCAUGHT_ERRORS', 'true'), ('XDG_SESSION_TYPE', 'wayland'), ('SHLVL', '1'), ('LD_LIBRARY_PATH', '/usr/local/cuda-12.8/lib64:/usr/local/cuda-12.8/lib64:/usr/lib/x86_64-linux-gnu/gazebo-11/plugins:/opt/ros/humble/opt/rviz_ogre_vendor/lib:/opt/ros/humble/lib/x86_64-linux-gnu:/opt/ros/humble/lib'), ('HOME', '/home/rizy'), ('CHROME_DESKTOP', 'cursor.desktop'), ('CONDA_SHLVL', '4'), ('OLDPWD', '/home/rizy/planner/3d-navi/3d-navi-ros2_v1'), ('DESKTOP_SESSION', 'ubuntu'), ('VSCODE_IPC_HOOK', '/run/user/1000/vscode-48ac9a66-2.2.-main.sock'), ('GIO_LAUNCHED_DESKTOP_FILE', '/usr/share/applications/cursor.desktop'), ('ROS_PYTHON_VERSION', '3'), ('GNOME_SHELL_SESSION_MODE', 'ubuntu'), ('GTK_MODULES', 'gail:atk-bridge'), ('LC_MONETARY', 'zh_CN.UTF-8'), ('MANAGERPID', '2196'), ('SYSTEMD_EXEC_PID', '9164'), ('NO_COLOR', '1'), ('DBUS_SESSION_BUS_ADDRESS', 'unix:path=/run/user/1000/bus'), ('_CE_M', ''), ('_CONDA_ROOT', '/home/rizy/anaconda3'), ('GIO_LAUNCHED_DESKTOP_FILE_PID', '31486'), ('VSCODE_CRASH_REPORTER_PROCESS_TYPE', 'extensionHost'), ('WAYLAND_DISPLAY', 'wayland-0'), ('VSCODE_L10N_BUNDLE_LOCATION', 'file:///home/rizy/.cursor/extensions/ms-ceintl.vscode-language-pack-zh-hans-1.105.0-universal/translations/extensions/vscode.markdown-language-features.i18n.json'), ('ROS_DISTRO', 'humble'), ('GTK_IM_MODULE', 'ibus'), ('LOGNAME', 'rizy'), ('FORCE_COLOR', '0'), ('JOURNAL_STREAM', '8:58957'), ('_', '/usr/bin/colcon'), ('ROS_VERSION', '2'), ('XDG_SESSION_CLASS', 'user'), ('USERNAME', 'rizy'), ('TERM', 'dumb'), ('EVERYSPHERE_RIPGREP_PATH', '/usr/share/cursor/resources/app/node_modules/@vscode/ripgrep/bin/rg'), ('GNOME_DESKTOP_SESSION_ID', 'this-is-deprecated'), ('_CE_CONDA', ''), ('ROS_LOCALHOST_ONLY', '0'), ('COMPOSER_NO_INTERACTION', '1'), ('WINDOWPATH', '2'), ('PATH', '/home/rizy/.local/bin:/home/rizy/anaconda3/envs/myenv/bin:/usr/local/cuda-12.8/bin:/home/rizy/.local/bin:/home/rizy/anaconda3/bin:/home/rizy/anaconda3/condabin:/home/rizy/anaconda3/bin:/usr/local/cuda-12.8/bin:/opt/ros/humble/bin:/home/rizy/.local/bin:/home/rizy/.local/bin:/home/rizy/.local/bin:/usr/local/sbin:/usr/local/bin:/usr/sbin:/usr/bin:/sbin:/bin:/usr/games:/usr/local/games:/snap/bin:/snap/bin:/home/rizy/.fishros/bin:/home/rizy/.fishros/bin/'), ('SESSION_MANAGER', 'local/rizy:@/tmp/.ICE-unix/9135,unix/rizy:/tmp/.ICE-unix/9135'), ('INVOCATION_ID', '8dd6d65848d44c668e493f90565a9606'), ('PAPERSIZE', 'a4'), ('XDG_MENU_PREFIX', 'gnome-'), ('LC_ADDRESS', 'zh_CN.UTF-8'), ('VSCODE_PROCESS_TITLE', 'extension-host  [6-7]'), ('GNOME_SETUP_DISPLAY', ':1'), ('XDG_RUNTIME_DIR', '/run/user/1000'), ('GDK_BACKEND', 'x11'), ('CURSOR_AGENT', '1'), ('DISPLAY', ':0'), ('LANG', 'zh_CN.UTF-8'), ('XDG_CURRENT_DESKTOP', 'Unity'), ('LC_TELEPHONE', 'zh_CN.UTF-8'), ('CONDA_PREFIX_1', '/home/rizy/anaconda3'), ('RMW_IMPLEMENTATION', 'rmw_cyclonedds_cpp'), ('XMODIFIERS', '@im=ibus'), ('XDG_SESSION_DESKTOP', 'ubuntu'), ('XAUTHORITY', '/run/user/1000/.mutter-Xwaylandauth.23GRI3'), ('LS_COLORS', ''), ('CONDA_PREFIX_2', '/home/rizy/anaconda3/envs/myenv'), ('CURSOR_TRACE_ID', '4dc044125be8437c8ed0a19c21ad5e8e'), ('SSH_AGENT_LAUNCHER', 'gnome-keyring'), ('SSH_AUTH_SOCK', '/run/user/1000/keyring/ssh'), ('AMENT_PREFIX_PATH', '/opt/ros/humble'), ('CONDA_PYTHON_EXE', '/home/rizy/anaconda3/bin/python'), ('ORIGINAL_XDG_CURRENT_DESKTOP', 'ubuntu:GNOME'), ('CONDA_PREFIX_3', '/home/rizy/anaconda3'), ('SHELL', '/bin/bash'), ('LC_NAME', 'zh_CN.UTF-8'), ('QT_ACCESSIBILITY', '1'), ('GDMSESSION', 'ubuntu'), ('LESSCLOSE', '/usr/bin/lesspipe %s %s'), ('CONDA_DEFAULT_ENV', 'myenv'), ('LC_MEASUREMENT', 'zh_CN.UTF-8'), ('GPG_AGENT_INFO', '/run/user/1000/gnupg/S.gpg-agent:0:1'), ('GJS_DEBUG_OUTPUT', 'stderr'), ('_CONDA_EXE', '/home/rizy/anaconda3/bin/conda'), ('LC_IDENTIFICATION', 'zh_CN.UTF-8'), ('QT_IM_MODULE', 'ibus'), ('PWD', '/home/rizy/planner/3d-navi/3d-navi-ros2_v1/build/drone_detect'), ('QT_QPA_PLATFORM', 'xcb'), ('LC_ALL', 'en_US.UTF-8'), ('XDG_CONFIG_DIRS', '/etc/xdg/xdg-ubuntu-xorg:/etc/xdg'), ('CONDA_EXE', '/home/rizy/anaconda3/bin/conda'), ('VSCODE_CODE_CACHE_PATH', '/home/rizy/.config/Cursor/CachedData/6b030be1a256f7464cbd98e48627a802a4831bf0'), ('XDG_DATA_DIRS', '/usr/share/ubuntu-xorg:/usr/share/gnome:/usr/local/share/:/usr/share/:/var/lib/snapd/desktop'), ('PYTHONPATH', '/opt/ros/humble/lib/python3.10/site-packages:/opt/ros/humble/local/lib/python3.10/dist-packages'), ('LC_NUMERIC', 'zh_CN.UTF-8'), ('CONDA_PREFIX', '/home/rizy/anaconda3/envs/myenv'), ('LC_PAPER', 'zh_CN.UTF-8'), ('COLCON', '1'), ('_ZO_DOCTOR', '0'), ('VSCODE_PID', '31486'), ('CMAKE_PREFIX_PATH', '/opt/ros/humble')]), 'shell': False}
[2.244770] (drone_detect) StdoutLine: {'line': b'-- Install configuration: "Release"\n'}
[2.245059] (drone_detect) StdoutLine: {'line': b'-- Execute custom install script\n'}
[2.245325] (drone_detect) StdoutLine: {'line': b'-- Symlinking: /home/rizy/planner/3d-navi/3d-navi-ros2_v1/install/drone_detect/lib/drone_detect/drone_detect\n'}
[2.254984] (drone_detect) StdoutLine: {'line': b'-- Symlinking: /home/rizy/planner/3d-navi/3d-navi-ros2_v1/install/drone_detect/share/drone_detect/doc/demo.jpg\n'}
[2.262748] (drone_detect) StdoutLine: {'line': b'-- Symlinking: /home/rizy/planner/3d-navi/3d-navi-ros2_v1/install/drone_detect/share/drone_detect/doc/example.jpg\n'}
[2.273990] (drone_detect) StdoutLine: {'line': b'-- Symlinking: /home/rizy/planner/3d-navi/3d-navi-ros2_v1/install/drone_detect/share/drone_detect/launch/drone_detect.launch.py\n'}
[2.281355] (drone_detect) StdoutLine: {'line': b'-- Symlinking: /home/rizy/planner/3d-navi/3d-navi-ros2_v1/install/drone_detect/share/drone_detect/launch/ros_package_template_overlying_params.launch.py\n'}
[2.286471] (drone_detect) StdoutLine: {'line': b'-- Symlinking: /home/rizy/planner/3d-navi/3d-navi-ros2_v1/install/drone_detect/share/drone_detect/config/camera.yaml\n'}
[2.292974] (drone_detect) StdoutLine: {'line': b'-- Symlinking: /home/rizy/planner/3d-navi/3d-navi-ros2_v1/install/drone_detect/share/drone_detect/config/default.yaml\n'}
[2.300238] (drone_detect) StdoutLine: {'line': b'-- Symlinking: /home/rizy/planner/3d-navi/3d-navi-ros2_v1/install/drone_detect/share/ament_index/resource_index/package_run_dependencies/drone_detect\n'}
[2.309643] (-) TimerEvent: {}
[2.315714] (drone_detect) StdoutLine: {'line': b'-- Symlinking: /home/rizy/planner/3d-navi/3d-navi-ros2_v1/install/drone_detect/share/ament_index/resource_index/parent_prefix_path/drone_detect\n'}
[2.324048] (drone_detect) StdoutLine: {'line': b'-- Symlinking: /home/rizy/planner/3d-navi/3d-navi-ros2_v1/install/drone_detect/share/drone_detect/environment/ament_prefix_path.sh\n'}
[2.330817] (drone_detect) StdoutLine: {'line': b'-- Symlinking: /home/rizy/planner/3d-navi/3d-navi-ros2_v1/install/drone_detect/share/drone_detect/environment/ament_prefix_path.dsv\n'}
[2.337138] (drone_detect) StdoutLine: {'line': b'-- Symlinking: /home/rizy/planner/3d-navi/3d-navi-ros2_v1/install/drone_detect/share/drone_detect/environment/path.sh\n'}
[2.344202] (drone_detect) StdoutLine: {'line': b'-- Symlinking: /home/rizy/planner/3d-navi/3d-navi-ros2_v1/install/drone_detect/share/drone_detect/environment/path.dsv\n'}
[2.351386] (drone_detect) StdoutLine: {'line': b'-- Symlinking: /home/rizy/planner/3d-navi/3d-navi-ros2_v1/install/drone_detect/share/drone_detect/local_setup.bash\n'}
[2.365796] (drone_detect) StdoutLine: {'line': b'-- Symlinking: /home/rizy/planner/3d-navi/3d-navi-ros2_v1/install/drone_detect/share/drone_detect/local_setup.sh\n'}
[2.380193] (drone_detect) StdoutLine: {'line': b'-- Symlinking: /home/rizy/planner/3d-navi/3d-navi-ros2_v1/install/drone_detect/share/drone_detect/local_setup.zsh\n'}
[2.389148] (drone_detect) StdoutLine: {'line': b'-- Symlinking: /home/rizy/planner/3d-navi/3d-navi-ros2_v1/install/drone_detect/share/drone_detect/local_setup.dsv\n'}
[2.395977] (drone_detect) StdoutLine: {'line': b'-- Symlinking: /home/rizy/planner/3d-navi/3d-navi-ros2_v1/install/drone_detect/share/drone_detect/package.dsv\n'}
[2.404209] (drone_detect) StdoutLine: {'line': b'-- Symlinking: /home/rizy/planner/3d-navi/3d-navi-ros2_v1/install/drone_detect/share/ament_index/resource_index/packages/drone_detect\n'}
[2.409691] (-) TimerEvent: {}
[2.413858] (drone_detect) StdoutLine: {'line': b'-- Symlinking: /home/rizy/planner/3d-navi/3d-navi-ros2_v1/install/drone_detect/share/drone_detect/cmake/drone_detectConfig.cmake\n'}
[2.421343] (drone_detect) StdoutLine: {'line': b'-- Symlinking: /home/rizy/planner/3d-navi/3d-navi-ros2_v1/install/drone_detect/share/drone_detect/cmake/drone_detectConfig-version.cmake\n'}
[2.429173] (drone_detect) StdoutLine: {'line': b'-- Symlinking: /home/rizy/planner/3d-navi/3d-navi-ros2_v1/install/drone_detect/share/drone_detect/package.xml\n'}
[2.435908] (drone_detect) StdoutLine: {'line': b'-- Installing: /home/rizy/planner/3d-navi/3d-navi-ros2_v1/install/drone_detect/include/drone_detect\n'}
[2.436033] (drone_detect) StdoutLine: {'line': b'-- Installing: /home/rizy/planner/3d-navi/3d-navi-ros2_v1/install/drone_detect/include/drone_detect/drone_detector.h\n'}
[2.438910] (drone_detect) CommandEnded: {'returncode': 0}
[2.455583] (drone_detect) JobEnded: {'identifier': 'drone_detect', 'rc': 0}
[2.457408] (-) EventReactorShutdown: {}
