[0.035s] Invoking command in '/home/rizy/planner/3d-navi/3d-navi-ros2_v1/build/quadrotor_msgs': CMAKE_PREFIX_PATH=/opt/ros/humble CONDA_PROMPT_MODIFIER=(myenv) /usr/bin/cmake /home/rizy/planner/3d-navi/3d-navi-ros2_v1/src/uav_simulator/Utils/quadrotor_msgs -DAMENT_CMAKE_SYMLINK_INSTALL=1 -DCMAKE_INSTALL_PREFIX=/home/rizy/planner/3d-navi/3d-navi-ros2_v1/install/quadrotor_msgs
[0.105s] -- The C compiler identification is GNU 11.4.0
[0.165s] -- The CXX compiler identification is GNU 11.4.0
[0.175s] -- Detecting C compiler ABI info
[0.273s] -- Detecting C compiler ABI info - done
[0.280s] -- Check for working C compiler: /usr/bin/cc - skipped
[0.280s] -- Detecting C compile features
[0.282s] -- Detecting C compile features - done
[0.283s] -- Detecting CXX compiler ABI info
[0.373s] -- Detecting CXX compiler ABI info - done
[0.377s] -- Check for working CXX compiler: /usr/bin/c++ - skipped
[0.377s] -- Detecting CXX compile features
[0.378s] -- Detecting CXX compile features - done
[0.379s] -- Found ament_cmake: 1.3.12 (/opt/ros/humble/share/ament_cmake/cmake)
[0.742s] -- Found Python3: /home/rizy/anaconda3/envs/myenv/bin/python3 (found version "3.10.19") found components: Interpreter 
[0.809s] -- Override CMake install command with custom implementation using symlinks instead of copying resources
[0.841s] -- Found geometry_msgs: 4.9.0 (/opt/ros/humble/share/geometry_msgs/cmake)
[0.880s] -- Found rosidl_generator_c: 3.1.7 (/opt/ros/humble/share/rosidl_generator_c/cmake)
[0.883s] -- Found rosidl_adapter: 3.1.7 (/opt/ros/humble/share/rosidl_adapter/cmake)
[0.890s] -- Found rosidl_generator_cpp: 3.1.7 (/opt/ros/humble/share/rosidl_generator_cpp/cmake)
[0.898s] -- Using all available rosidl_typesupport_c: rosidl_typesupport_fastrtps_c;rosidl_typesupport_introspection_c
[0.910s] -- Using all available rosidl_typesupport_cpp: rosidl_typesupport_fastrtps_cpp;rosidl_typesupport_introspection_cpp
[0.943s] -- Found nav_msgs: 4.9.0 (/opt/ros/humble/share/nav_msgs/cmake)
[0.960s] -- Found rclcpp: 16.0.16 (/opt/ros/humble/share/rclcpp/cmake)
[0.996s] -- Found rmw_implementation_cmake: 6.1.2 (/opt/ros/humble/share/rmw_implementation_cmake/cmake)
[0.999s] -- Found rmw_cyclonedds_cpp: 1.3.4 (/opt/ros/humble/share/rmw_cyclonedds_cpp/cmake)
[1.023s] -- Using RMW implementation 'rmw_cyclonedds_cpp' as default
[1.033s] -- Looking for pthread.h
[1.191s] -- Looking for pthread.h - found
[1.191s] -- Performing Test CMAKE_HAVE_LIBC_PTHREAD
[1.327s] -- Performing Test CMAKE_HAVE_LIBC_PTHREAD - Success
[1.330s] -- Found Threads: TRUE  
[1.370s] -- Found rosidl_default_generators: 1.2.0 (/opt/ros/humble/share/rosidl_default_generators/cmake)
[1.850s] -- Found ament_cmake_ros: 0.10.0 (/opt/ros/humble/share/ament_cmake_ros/cmake)
[2.394s] -- Using all available rosidl_typesupport_c: rosidl_typesupport_fastrtps_c;rosidl_typesupport_introspection_c
[2.645s] -- Using all available rosidl_typesupport_cpp: rosidl_typesupport_fastrtps_cpp;rosidl_typesupport_introspection_cpp
[2.674s] -- Found PythonInterp: /home/rizy/anaconda3/envs/myenv/bin/python3 (found suitable version "3.10.19", minimum required is "3.6") 
[2.675s] -- Found python_cmake_module: 0.10.0 (/opt/ros/humble/share/python_cmake_module/cmake)
[2.697s] -- Found PythonLibs: /home/rizy/anaconda3/envs/myenv/lib/libpython3.10.so (found suitable version "3.10.19", minimum required is "3.5") 
[2.697s] -- Using PYTHON_EXECUTABLE: /home/rizy/anaconda3/envs/myenv/bin/python3
[2.698s] -- Using PYTHON_INCLUDE_DIRS: /home/rizy/anaconda3/envs/myenv/include/python3.10
[2.698s] -- Using PYTHON_LIBRARIES: /home/rizy/anaconda3/envs/myenv/lib/libpython3.10.so
[2.729s] -- Found PythonExtra: .so  
[3.027s] -- Using numpy include directory: /home/rizy/.local/lib/python3.10/site-packages/numpy/core/include
[3.042s] -- Found ament_lint_auto: 0.12.14 (/opt/ros/humble/share/ament_lint_auto/cmake)
[3.061s] -- Added test 'cppcheck' to perform static code analysis on C / C++ code
[3.062s] -- Configured cppcheck include dirs: /home/rizy/planner/3d-navi/3d-navi-ros2_v1/src/uav_simulator/Utils/quadrotor_msgs/include
[3.062s] -- Configured cppcheck exclude dirs and/or files: 
[3.063s] -- Added test 'lint_cmake' to check CMake code style
[3.064s] -- Added test 'uncrustify' to check C / C++ code style
[3.064s] -- Configured uncrustify additional arguments: 
[3.064s] -- Added test 'xmllint' to check XML markup files
[3.067s] -- Configuring done
[3.110s] [33mCMake Warning at /opt/ros/humble/share/rosidl_generator_py/cmake/rosidl_generator_py_generate_interfaces.cmake:166 (add_library):
[3.110s]   Cannot generate a safe runtime search path for target
[3.110s]   quadrotor_msgs__rosidl_generator_py because files in some directories may
[3.110s]   conflict with libraries in implicit directories:
[3.110s] 
[3.110s]     runtime library [libpython3.10.so.1.0] in /usr/lib/x86_64-linux-gnu may be hidden by files in:
[3.110s]       /home/rizy/anaconda3/envs/myenv/lib
[3.110s] 
[3.110s]   Some of these libraries may not be found correctly.
[3.110s] Call Stack (most recent call first):
[3.110s]   /opt/ros/humble/share/ament_cmake_core/cmake/core/ament_execute_extensions.cmake:48 (include)
[3.110s]   /opt/ros/humble/share/rosidl_cmake/cmake/rosidl_generate_interfaces.cmake:286 (ament_execute_extensions)
[3.110s]   CMakeLists.txt:20 (rosidl_generate_interfaces)
[3.110s] 
[3.110s] [0m
[3.118s] [33mCMake Warning at /opt/ros/humble/share/rosidl_generator_py/cmake/rosidl_generator_py_generate_interfaces.cmake:226 (add_library):
[3.119s]   Cannot generate a safe runtime search path for target
[3.119s]   quadrotor_msgs__rosidl_typesupport_fastrtps_c__pyext because files in some
[3.119s]   directories may conflict with libraries in implicit directories:
[3.119s] 
[3.119s]     runtime library [libpython3.10.so.1.0] in /usr/lib/x86_64-linux-gnu may be hidden by files in:
[3.119s]       /home/rizy/anaconda3/envs/myenv/lib
[3.119s] 
[3.120s]   Some of these libraries may not be found correctly.
[3.120s] Call Stack (most recent call first):
[3.120s]   /opt/ros/humble/share/ament_cmake_core/cmake/core/ament_execute_extensions.cmake:48 (include)
[3.120s]   /opt/ros/humble/share/rosidl_cmake/cmake/rosidl_generate_interfaces.cmake:286 (ament_execute_extensions)
[3.120s]   CMakeLists.txt:20 (rosidl_generate_interfaces)
[3.120s] 
[3.120s] [0m
[3.123s] [33mCMake Warning at /opt/ros/humble/share/rosidl_generator_py/cmake/rosidl_generator_py_generate_interfaces.cmake:226 (add_library):
[3.123s]   Cannot generate a safe runtime search path for target
[3.123s]   quadrotor_msgs__rosidl_typesupport_introspection_c__pyext because files in
[3.123s]   some directories may conflict with libraries in implicit directories:
[3.123s] 
[3.123s]     runtime library [libpython3.10.so.1.0] in /usr/lib/x86_64-linux-gnu may be hidden by files in:
[3.123s]       /home/rizy/anaconda3/envs/myenv/lib
[3.123s] 
[3.123s]   Some of these libraries may not be found correctly.
[3.123s] Call Stack (most recent call first):
[3.123s]   /opt/ros/humble/share/ament_cmake_core/cmake/core/ament_execute_extensions.cmake:48 (include)
[3.123s]   /opt/ros/humble/share/rosidl_cmake/cmake/rosidl_generate_interfaces.cmake:286 (ament_execute_extensions)
[3.123s]   CMakeLists.txt:20 (rosidl_generate_interfaces)
[3.123s] 
[3.123s] [0m
[3.126s] [33mCMake Warning at /opt/ros/humble/share/rosidl_generator_py/cmake/rosidl_generator_py_generate_interfaces.cmake:226 (add_library):
[3.126s]   Cannot generate a safe runtime search path for target
[3.126s]   quadrotor_msgs__rosidl_typesupport_c__pyext because files in some
[3.126s]   directories may conflict with libraries in implicit directories:
[3.126s] 
[3.126s]     runtime library [libpython3.10.so.1.0] in /usr/lib/x86_64-linux-gnu may be hidden by files in:
[3.126s]       /home/rizy/anaconda3/envs/myenv/lib
[3.126s] 
[3.126s]   Some of these libraries may not be found correctly.
[3.126s] Call Stack (most recent call first):
[3.126s]   /opt/ros/humble/share/ament_cmake_core/cmake/core/ament_execute_extensions.cmake:48 (include)
[3.126s]   /opt/ros/humble/share/rosidl_cmake/cmake/rosidl_generate_interfaces.cmake:286 (ament_execute_extensions)
[3.126s]   CMakeLists.txt:20 (rosidl_generate_interfaces)
[3.126s] 
[3.126s] [0m
[3.138s] -- Generating done
[3.152s] -- Build files have been written to: /home/rizy/planner/3d-navi/3d-navi-ros2_v1/build/quadrotor_msgs
[3.180s] Invoked command in '/home/rizy/planner/3d-navi/3d-navi-ros2_v1/build/quadrotor_msgs' returned '0': CMAKE_PREFIX_PATH=/opt/ros/humble CONDA_PROMPT_MODIFIER=(myenv) /usr/bin/cmake /home/rizy/planner/3d-navi/3d-navi-ros2_v1/src/uav_simulator/Utils/quadrotor_msgs -DAMENT_CMAKE_SYMLINK_INSTALL=1 -DCMAKE_INSTALL_PREFIX=/home/rizy/planner/3d-navi/3d-navi-ros2_v1/install/quadrotor_msgs
[3.191s] Invoking command in '/home/rizy/planner/3d-navi/3d-navi-ros2_v1/build/quadrotor_msgs': CMAKE_PREFIX_PATH=/opt/ros/humble CONDA_PROMPT_MODIFIER=(myenv) /usr/bin/cmake --build /home/rizy/planner/3d-navi/3d-navi-ros2_v1/build/quadrotor_msgs -- -j32 -l32
[3.247s] [  1%] [34m[1mGenerating C code for ROS interfaces[0m
[3.252s] [  1%] [34m[1mGenerating C++ code for ROS interfaces[0m
[3.267s] [  1%] Built target ament_cmake_python_symlink_quadrotor_msgs
[3.500s] running egg_info
[3.511s] creating quadrotor_msgs.egg-info
[3.511s] writing quadrotor_msgs.egg-info/PKG-INFO
[3.511s] writing dependency_links to quadrotor_msgs.egg-info/dependency_links.txt
[3.511s] writing top-level names to quadrotor_msgs.egg-info/top_level.txt
[3.511s] writing manifest file 'quadrotor_msgs.egg-info/SOURCES.txt'
[3.531s] reading manifest file 'quadrotor_msgs.egg-info/SOURCES.txt'
[3.531s] writing manifest file 'quadrotor_msgs.egg-info/SOURCES.txt'
[3.600s] [  1%] Built target ament_cmake_python_build_quadrotor_msgs_egg
[4.627s] [  2%] [32mBuilding C object CMakeFiles/quadrotor_msgs__rosidl_generator_c.dir/rosidl_generator_c/quadrotor_msgs/msg/detail/aux_command__functions.c.o[0m
[4.627s] [  3%] [32mBuilding C object CMakeFiles/quadrotor_msgs__rosidl_generator_c.dir/rosidl_generator_c/quadrotor_msgs/msg/detail/gains__functions.c.o[0m
[4.630s] [  4%] [32mBuilding C object CMakeFiles/quadrotor_msgs__rosidl_generator_c.dir/rosidl_generator_c/quadrotor_msgs/msg/detail/lqr_trajectory__functions.c.o[0m
[4.631s] [  4%] [32mBuilding C object CMakeFiles/quadrotor_msgs__rosidl_generator_c.dir/rosidl_generator_c/quadrotor_msgs/msg/detail/corrections__functions.c.o[0m
[4.635s] [  4%] [32mBuilding C object CMakeFiles/quadrotor_msgs__rosidl_generator_c.dir/rosidl_generator_c/quadrotor_msgs/msg/detail/position_command__functions.c.o[0m
[4.637s] [  5%] [32mBuilding C object CMakeFiles/quadrotor_msgs__rosidl_generator_c.dir/rosidl_generator_c/quadrotor_msgs/msg/detail/ppr_output_data__functions.c.o[0m
[4.639s] [  6%] [32mBuilding C object CMakeFiles/quadrotor_msgs__rosidl_generator_c.dir/rosidl_generator_c/quadrotor_msgs/msg/detail/so3_command__functions.c.o[0m
[4.640s] [  7%] [32mBuilding C object CMakeFiles/quadrotor_msgs__rosidl_generator_c.dir/rosidl_generator_c/quadrotor_msgs/msg/detail/serial__functions.c.o[0m
[4.641s] [  8%] [32mBuilding C object CMakeFiles/quadrotor_msgs__rosidl_generator_c.dir/rosidl_generator_c/quadrotor_msgs/msg/detail/trpy_command__functions.c.o[0m
[4.650s] [  9%] [32mBuilding C object CMakeFiles/quadrotor_msgs__rosidl_generator_c.dir/rosidl_generator_c/quadrotor_msgs/msg/detail/output_data__functions.c.o[0m
[4.658s] [ 10%] [32mBuilding C object CMakeFiles/quadrotor_msgs__rosidl_generator_c.dir/rosidl_generator_c/quadrotor_msgs/msg/detail/status_data__functions.c.o[0m
[4.664s] [ 10%] [32mBuilding C object CMakeFiles/quadrotor_msgs__rosidl_generator_c.dir/rosidl_generator_c/quadrotor_msgs/msg/detail/odometry__functions.c.o[0m
[4.671s] [ 11%] [32mBuilding C object CMakeFiles/quadrotor_msgs__rosidl_generator_c.dir/rosidl_generator_c/quadrotor_msgs/msg/detail/polynomial_trajectory__functions.c.o[0m
[4.814s] [ 12%] [32m[1mLinking C shared library libquadrotor_msgs__rosidl_generator_c.so[0m
[4.931s] [ 12%] Built target quadrotor_msgs__cpp
[4.958s] [ 14%] [34m[1mGenerating C++ type support for eProsima Fast-RTPS[0m
[4.958s] [ 14%] [34m[1mGenerating C++ type support dispatch for ROS interfaces[0m
[4.958s] [ 14%] [34m[1mGenerating C++ introspection for ROS interfaces[0m
[4.959s] [ 14%] Built target quadrotor_msgs__rosidl_generator_c
[4.991s] [ 15%] [34m[1mGenerating C introspection for ROS interfaces[0m
[4.991s] [ 15%] [34m[1mGenerating C type support for eProsima Fast-RTPS[0m
[5.000s] [ 16%] [34m[1mGenerating C type support dispatch for ROS interfaces[0m
[6.450s] [ 19%] [32mBuilding CXX object CMakeFiles/quadrotor_msgs__rosidl_typesupport_fastrtps_cpp.dir/rosidl_typesupport_fastrtps_cpp/quadrotor_msgs/msg/detail/dds_fastrtps/aux_command__type_support.cpp.o[0m
[6.450s] [ 19%] [32mBuilding CXX object CMakeFiles/quadrotor_msgs__rosidl_typesupport_fastrtps_cpp.dir/rosidl_typesupport_fastrtps_cpp/quadrotor_msgs/msg/detail/dds_fastrtps/gains__type_support.cpp.o[0m
[6.452s] [ 19%] [32mBuilding CXX object CMakeFiles/quadrotor_msgs__rosidl_typesupport_fastrtps_cpp.dir/rosidl_typesupport_fastrtps_cpp/quadrotor_msgs/msg/detail/dds_fastrtps/corrections__type_support.cpp.o[0m
[6.456s] [ 20%] [32mBuilding CXX object CMakeFiles/quadrotor_msgs__rosidl_typesupport_fastrtps_cpp.dir/rosidl_typesupport_fastrtps_cpp/quadrotor_msgs/msg/detail/dds_fastrtps/position_command__type_support.cpp.o[0m
[6.456s] [ 21%] [32mBuilding CXX object CMakeFiles/quadrotor_msgs__rosidl_typesupport_fastrtps_cpp.dir/rosidl_typesupport_fastrtps_cpp/quadrotor_msgs/msg/detail/dds_fastrtps/ppr_output_data__type_support.cpp.o[0m
[6.459s] [ 21%] [32mBuilding CXX object CMakeFiles/quadrotor_msgs__rosidl_typesupport_fastrtps_cpp.dir/rosidl_typesupport_fastrtps_cpp/quadrotor_msgs/msg/detail/dds_fastrtps/lqr_trajectory__type_support.cpp.o[0m
[6.460s] [ 22%] [32mBuilding CXX object CMakeFiles/quadrotor_msgs__rosidl_typesupport_fastrtps_cpp.dir/rosidl_typesupport_fastrtps_cpp/quadrotor_msgs/msg/detail/dds_fastrtps/so3_command__type_support.cpp.o[0m
[6.462s] [ 23%] [32mBuilding CXX object CMakeFiles/quadrotor_msgs__rosidl_typesupport_fastrtps_cpp.dir/rosidl_typesupport_fastrtps_cpp/quadrotor_msgs/msg/detail/dds_fastrtps/trpy_command__type_support.cpp.o[0m
[6.472s] [ 24%] [32mBuilding CXX object CMakeFiles/quadrotor_msgs__rosidl_typesupport_fastrtps_cpp.dir/rosidl_typesupport_fastrtps_cpp/quadrotor_msgs/msg/detail/dds_fastrtps/status_data__type_support.cpp.o[0m
[6.475s] [ 25%] [32mBuilding CXX object CMakeFiles/quadrotor_msgs__rosidl_typesupport_fastrtps_cpp.dir/rosidl_typesupport_fastrtps_cpp/quadrotor_msgs/msg/detail/dds_fastrtps/output_data__type_support.cpp.o[0m
[6.483s] [ 26%] [32mBuilding CXX object CMakeFiles/quadrotor_msgs__rosidl_typesupport_fastrtps_cpp.dir/rosidl_typesupport_fastrtps_cpp/quadrotor_msgs/msg/detail/dds_fastrtps/odometry__type_support.cpp.o[0m
[6.490s] [ 26%] [32mBuilding CXX object CMakeFiles/quadrotor_msgs__rosidl_typesupport_fastrtps_cpp.dir/rosidl_typesupport_fastrtps_cpp/quadrotor_msgs/msg/detail/dds_fastrtps/serial__type_support.cpp.o[0m
[6.501s] [ 26%] [32mBuilding CXX object CMakeFiles/quadrotor_msgs__rosidl_typesupport_fastrtps_cpp.dir/rosidl_typesupport_fastrtps_cpp/quadrotor_msgs/msg/detail/dds_fastrtps/polynomial_trajectory__type_support.cpp.o[0m
[6.568s] [ 26%] [32mBuilding CXX object CMakeFiles/quadrotor_msgs__rosidl_typesupport_cpp.dir/rosidl_typesupport_cpp/quadrotor_msgs/msg/corrections__type_support.cpp.o[0m
[6.570s] [ 27%] [32mBuilding CXX object CMakeFiles/quadrotor_msgs__rosidl_typesupport_cpp.dir/rosidl_typesupport_cpp/quadrotor_msgs/msg/aux_command__type_support.cpp.o[0m
[6.579s] [ 28%] [32mBuilding CXX object CMakeFiles/quadrotor_msgs__rosidl_typesupport_cpp.dir/rosidl_typesupport_cpp/quadrotor_msgs/msg/lqr_trajectory__type_support.cpp.o[0m
[6.590s] [ 29%] [32mBuilding CXX object CMakeFiles/quadrotor_msgs__rosidl_typesupport_cpp.dir/rosidl_typesupport_cpp/quadrotor_msgs/msg/gains__type_support.cpp.o[0m
[6.590s] [ 31%] [32mBuilding CXX object CMakeFiles/quadrotor_msgs__rosidl_typesupport_cpp.dir/rosidl_typesupport_cpp/quadrotor_msgs/msg/position_command__type_support.cpp.o[0m
[6.590s] [ 31%] [32mBuilding CXX object CMakeFiles/quadrotor_msgs__rosidl_typesupport_cpp.dir/rosidl_typesupport_cpp/quadrotor_msgs/msg/output_data__type_support.cpp.o[0m
[6.595s] [ 31%] [32mBuilding CXX object CMakeFiles/quadrotor_msgs__rosidl_typesupport_cpp.dir/rosidl_typesupport_cpp/quadrotor_msgs/msg/ppr_output_data__type_support.cpp.o[0m
[6.596s] [ 32%] [32mBuilding CXX object CMakeFiles/quadrotor_msgs__rosidl_typesupport_cpp.dir/rosidl_typesupport_cpp/quadrotor_msgs/msg/serial__type_support.cpp.o[0m
[6.604s] [ 33%] [32mBuilding CXX object CMakeFiles/quadrotor_msgs__rosidl_typesupport_cpp.dir/rosidl_typesupport_cpp/quadrotor_msgs/msg/so3_command__type_support.cpp.o[0m
[6.615s] [ 34%] [32mBuilding CXX object CMakeFiles/quadrotor_msgs__rosidl_typesupport_cpp.dir/rosidl_typesupport_cpp/quadrotor_msgs/msg/status_data__type_support.cpp.o[0m
[6.654s] [ 34%] [32mBuilding CXX object CMakeFiles/quadrotor_msgs__rosidl_typesupport_cpp.dir/rosidl_typesupport_cpp/quadrotor_msgs/msg/trpy_command__type_support.cpp.o[0m
[6.657s] [ 35%] [32mBuilding CXX object CMakeFiles/quadrotor_msgs__rosidl_typesupport_cpp.dir/rosidl_typesupport_cpp/quadrotor_msgs/msg/odometry__type_support.cpp.o[0m
[6.662s] [ 36%] [32mBuilding CXX object CMakeFiles/quadrotor_msgs__rosidl_typesupport_cpp.dir/rosidl_typesupport_cpp/quadrotor_msgs/msg/polynomial_trajectory__type_support.cpp.o[0m
[6.678s] [ 36%] [32mBuilding C object CMakeFiles/quadrotor_msgs__rosidl_typesupport_introspection_c.dir/rosidl_typesupport_introspection_c/quadrotor_msgs/msg/detail/corrections__type_support.c.o[0m
[6.686s] [ 37%] [32mBuilding C object CMakeFiles/quadrotor_msgs__rosidl_typesupport_introspection_c.dir/rosidl_typesupport_introspection_c/quadrotor_msgs/msg/detail/aux_command__type_support.c.o[0m
[6.698s] [ 38%] [32mBuilding C object CMakeFiles/quadrotor_msgs__rosidl_typesupport_introspection_c.dir/rosidl_typesupport_introspection_c/quadrotor_msgs/msg/detail/gains__type_support.c.o[0m
[6.827s] [ 39%] [32mBuilding C object CMakeFiles/quadrotor_msgs__rosidl_typesupport_introspection_c.dir/rosidl_typesupport_introspection_c/quadrotor_msgs/msg/detail/lqr_trajectory__type_support.c.o[0m
[6.834s] [ 40%] [32mBuilding C object CMakeFiles/quadrotor_msgs__rosidl_typesupport_introspection_c.dir/rosidl_typesupport_introspection_c/quadrotor_msgs/msg/detail/output_data__type_support.c.o[0m
[6.861s] [ 41%] [32mBuilding CXX object CMakeFiles/quadrotor_msgs__rosidl_typesupport_fastrtps_c.dir/rosidl_typesupport_fastrtps_c/quadrotor_msgs/msg/detail/aux_command__type_support_c.cpp.o[0m
[6.903s] [ 42%] [32mBuilding CXX object CMakeFiles/quadrotor_msgs__rosidl_typesupport_fastrtps_c.dir/rosidl_typesupport_fastrtps_c/quadrotor_msgs/msg/detail/corrections__type_support_c.cpp.o[0m
[7.002s] [ 42%] [32mBuilding C object CMakeFiles/quadrotor_msgs__rosidl_typesupport_introspection_c.dir/rosidl_typesupport_introspection_c/quadrotor_msgs/msg/detail/position_command__type_support.c.o[0m
[7.003s] [ 43%] [32mBuilding CXX object CMakeFiles/quadrotor_msgs__rosidl_typesupport_fastrtps_c.dir/rosidl_typesupport_fastrtps_c/quadrotor_msgs/msg/detail/gains__type_support_c.cpp.o[0m
[7.152s] [ 43%] [32mBuilding CXX object CMakeFiles/quadrotor_msgs__rosidl_typesupport_fastrtps_c.dir/rosidl_typesupport_fastrtps_c/quadrotor_msgs/msg/detail/lqr_trajectory__type_support_c.cpp.o[0m
[7.180s] [ 44%] [32mBuilding C object CMakeFiles/quadrotor_msgs__rosidl_typesupport_introspection_c.dir/rosidl_typesupport_introspection_c/quadrotor_msgs/msg/detail/ppr_output_data__type_support.c.o[0m
[7.297s] [ 45%] [32mBuilding CXX object CMakeFiles/quadrotor_msgs__rosidl_typesupport_fastrtps_c.dir/rosidl_typesupport_fastrtps_c/quadrotor_msgs/msg/detail/output_data__type_support_c.cpp.o[0m
[7.325s] [ 46%] [32mBuilding CXX object CMakeFiles/quadrotor_msgs__rosidl_typesupport_c.dir/rosidl_typesupport_c/quadrotor_msgs/msg/aux_command__type_support.cpp.o[0m
[7.326s] [ 47%] [32mBuilding C object CMakeFiles/quadrotor_msgs__rosidl_typesupport_introspection_c.dir/rosidl_typesupport_introspection_c/quadrotor_msgs/msg/detail/serial__type_support.c.o[0m
[7.333s] [ 48%] [32mBuilding CXX object CMakeFiles/quadrotor_msgs__rosidl_typesupport_fastrtps_c.dir/rosidl_typesupport_fastrtps_c/quadrotor_msgs/msg/detail/position_command__type_support_c.cpp.o[0m
[7.358s] [ 49%] [32mBuilding C object CMakeFiles/quadrotor_msgs__rosidl_typesupport_introspection_c.dir/rosidl_typesupport_introspection_c/quadrotor_msgs/msg/detail/so3_command__type_support.c.o[0m
[7.427s] [ 49%] [32mBuilding CXX object CMakeFiles/quadrotor_msgs__rosidl_typesupport_c.dir/rosidl_typesupport_c/quadrotor_msgs/msg/gains__type_support.cpp.o[0m
[7.428s] [ 50%] [32mBuilding CXX object CMakeFiles/quadrotor_msgs__rosidl_typesupport_c.dir/rosidl_typesupport_c/quadrotor_msgs/msg/corrections__type_support.cpp.o[0m
[7.449s] [ 51%] [32mBuilding CXX object CMakeFiles/quadrotor_msgs__rosidl_typesupport_fastrtps_c.dir/rosidl_typesupport_fastrtps_c/quadrotor_msgs/msg/detail/ppr_output_data__type_support_c.cpp.o[0m
[7.495s] [ 52%] [32mBuilding CXX object CMakeFiles/quadrotor_msgs__rosidl_typesupport_c.dir/rosidl_typesupport_c/quadrotor_msgs/msg/lqr_trajectory__type_support.cpp.o[0m
[7.495s] [ 53%] [32mBuilding CXX object CMakeFiles/quadrotor_msgs__rosidl_typesupport_fastrtps_c.dir/rosidl_typesupport_fastrtps_c/quadrotor_msgs/msg/detail/serial__type_support_c.cpp.o[0m
[7.502s] [ 53%] [32mBuilding C object CMakeFiles/quadrotor_msgs__rosidl_typesupport_introspection_c.dir/rosidl_typesupport_introspection_c/quadrotor_msgs/msg/detail/status_data__type_support.c.o[0m
[7.509s] [ 54%] [32mBuilding CXX object CMakeFiles/quadrotor_msgs__rosidl_typesupport_c.dir/rosidl_typesupport_c/quadrotor_msgs/msg/position_command__type_support.cpp.o[0m
[7.510s] [ 55%] [32mBuilding CXX object CMakeFiles/quadrotor_msgs__rosidl_typesupport_c.dir/rosidl_typesupport_c/quadrotor_msgs/msg/output_data__type_support.cpp.o[0m
[7.530s] [ 56%] [32mBuilding CXX object CMakeFiles/quadrotor_msgs__rosidl_typesupport_fastrtps_c.dir/rosidl_typesupport_fastrtps_c/quadrotor_msgs/msg/detail/status_data__type_support_c.cpp.o[0m
[7.540s] [ 56%] [32mBuilding CXX object CMakeFiles/quadrotor_msgs__rosidl_typesupport_c.dir/rosidl_typesupport_c/quadrotor_msgs/msg/ppr_output_data__type_support.cpp.o[0m
[7.543s] [ 56%] [32mBuilding CXX object CMakeFiles/quadrotor_msgs__rosidl_typesupport_fastrtps_c.dir/rosidl_typesupport_fastrtps_c/quadrotor_msgs/msg/detail/so3_command__type_support_c.cpp.o[0m
[7.568s] [ 57%] [32mBuilding CXX object CMakeFiles/quadrotor_msgs__rosidl_typesupport_c.dir/rosidl_typesupport_c/quadrotor_msgs/msg/serial__type_support.cpp.o[0m
[7.568s] [ 58%] [32mBuilding CXX object CMakeFiles/quadrotor_msgs__rosidl_typesupport_fastrtps_c.dir/rosidl_typesupport_fastrtps_c/quadrotor_msgs/msg/detail/trpy_command__type_support_c.cpp.o[0m
[7.568s] [ 59%] [32mBuilding C object CMakeFiles/quadrotor_msgs__rosidl_typesupport_introspection_c.dir/rosidl_typesupport_introspection_c/quadrotor_msgs/msg/detail/odometry__type_support.c.o[0m
[7.571s] [ 60%] [32mBuilding C object CMakeFiles/quadrotor_msgs__rosidl_typesupport_introspection_c.dir/rosidl_typesupport_introspection_c/quadrotor_msgs/msg/detail/trpy_command__type_support.c.o[0m
[7.585s] [ 62%] [32mBuilding CXX object CMakeFiles/quadrotor_msgs__rosidl_typesupport_c.dir/rosidl_typesupport_c/quadrotor_msgs/msg/so3_command__type_support.cpp.o[0m
[7.586s] [ 62%] [32mBuilding C object CMakeFiles/quadrotor_msgs__rosidl_typesupport_introspection_c.dir/rosidl_typesupport_introspection_c/quadrotor_msgs/msg/detail/polynomial_trajectory__type_support.c.o[0m
[7.628s] [ 63%] [32mBuilding CXX object CMakeFiles/quadrotor_msgs__rosidl_typesupport_fastrtps_c.dir/rosidl_typesupport_fastrtps_c/quadrotor_msgs/msg/detail/odometry__type_support_c.cpp.o[0m
[7.643s] [ 63%] [32mBuilding CXX object CMakeFiles/quadrotor_msgs__rosidl_typesupport_c.dir/rosidl_typesupport_c/quadrotor_msgs/msg/trpy_command__type_support.cpp.o[0m
[7.643s] [ 64%] [32mBuilding CXX object CMakeFiles/quadrotor_msgs__rosidl_typesupport_c.dir/rosidl_typesupport_c/quadrotor_msgs/msg/status_data__type_support.cpp.o[0m
[7.650s] [ 65%] [32mBuilding CXX object CMakeFiles/quadrotor_msgs__rosidl_typesupport_c.dir/rosidl_typesupport_c/quadrotor_msgs/msg/odometry__type_support.cpp.o[0m
[7.671s] [ 66%] [32m[1mLinking CXX shared library libquadrotor_msgs__rosidl_typesupport_cpp.so[0m
[7.683s] [ 67%] [32mBuilding CXX object CMakeFiles/quadrotor_msgs__rosidl_typesupport_c.dir/rosidl_typesupport_c/quadrotor_msgs/msg/polynomial_trajectory__type_support.cpp.o[0m
[7.687s] [ 67%] [32mBuilding CXX object CMakeFiles/quadrotor_msgs__rosidl_typesupport_fastrtps_c.dir/rosidl_typesupport_fastrtps_c/quadrotor_msgs/msg/detail/polynomial_trajectory__type_support_c.cpp.o[0m
[7.748s] [ 68%] [32m[1mLinking C shared library libquadrotor_msgs__rosidl_typesupport_introspection_c.so[0m
[7.776s] [ 69%] [32m[1mLinking CXX shared library libquadrotor_msgs__rosidl_typesupport_c.so[0m
[7.796s] [ 69%] [32mBuilding CXX object CMakeFiles/quadrotor_msgs__rosidl_typesupport_introspection_cpp.dir/rosidl_typesupport_introspection_cpp/quadrotor_msgs/msg/detail/corrections__type_support.cpp.o[0m
[7.799s] [ 70%] [32mBuilding CXX object CMakeFiles/quadrotor_msgs__rosidl_typesupport_introspection_cpp.dir/rosidl_typesupport_introspection_cpp/quadrotor_msgs/msg/detail/gains__type_support.cpp.o[0m
[7.799s] [ 71%] [32mBuilding CXX object CMakeFiles/quadrotor_msgs__rosidl_typesupport_introspection_cpp.dir/rosidl_typesupport_introspection_cpp/quadrotor_msgs/msg/detail/position_command__type_support.cpp.o[0m
[7.804s] [ 71%] [32mBuilding CXX object CMakeFiles/quadrotor_msgs__rosidl_typesupport_introspection_cpp.dir/rosidl_typesupport_introspection_cpp/quadrotor_msgs/msg/detail/output_data__type_support.cpp.o[0m
[7.804s] [ 72%] [32mBuilding CXX object CMakeFiles/quadrotor_msgs__rosidl_typesupport_introspection_cpp.dir/rosidl_typesupport_introspection_cpp/quadrotor_msgs/msg/detail/aux_command__type_support.cpp.o[0m
[7.808s] [ 73%] [32mBuilding CXX object CMakeFiles/quadrotor_msgs__rosidl_typesupport_introspection_cpp.dir/rosidl_typesupport_introspection_cpp/quadrotor_msgs/msg/detail/so3_command__type_support.cpp.o[0m
[7.814s] [ 75%] [32mBuilding CXX object CMakeFiles/quadrotor_msgs__rosidl_typesupport_introspection_cpp.dir/rosidl_typesupport_introspection_cpp/quadrotor_msgs/msg/detail/ppr_output_data__type_support.cpp.o[0m
[7.815s] [ 76%] [32mBuilding CXX object CMakeFiles/quadrotor_msgs__rosidl_typesupport_introspection_cpp.dir/rosidl_typesupport_introspection_cpp/quadrotor_msgs/msg/detail/lqr_trajectory__type_support.cpp.o[0m
[7.817s] [ 76%] [32mBuilding CXX object CMakeFiles/quadrotor_msgs__rosidl_typesupport_introspection_cpp.dir/rosidl_typesupport_introspection_cpp/quadrotor_msgs/msg/detail/serial__type_support.cpp.o[0m
[7.829s] [ 77%] [32mBuilding CXX object CMakeFiles/quadrotor_msgs__rosidl_typesupport_introspection_cpp.dir/rosidl_typesupport_introspection_cpp/quadrotor_msgs/msg/detail/odometry__type_support.cpp.o[0m
[7.832s] [ 78%] [32mBuilding CXX object CMakeFiles/quadrotor_msgs__rosidl_typesupport_introspection_cpp.dir/rosidl_typesupport_introspection_cpp/quadrotor_msgs/msg/detail/trpy_command__type_support.cpp.o[0m
[7.835s] [ 78%] [32mBuilding CXX object CMakeFiles/quadrotor_msgs__rosidl_typesupport_introspection_cpp.dir/rosidl_typesupport_introspection_cpp/quadrotor_msgs/msg/detail/status_data__type_support.cpp.o[0m
[7.844s] [ 79%] [32mBuilding CXX object CMakeFiles/quadrotor_msgs__rosidl_typesupport_introspection_cpp.dir/rosidl_typesupport_introspection_cpp/quadrotor_msgs/msg/detail/polynomial_trajectory__type_support.cpp.o[0m
[7.875s] [ 79%] Built target quadrotor_msgs__rosidl_typesupport_cpp
[7.903s] [ 80%] [32m[1mLinking CXX shared library libquadrotor_msgs__rosidl_typesupport_fastrtps_cpp.so[0m
[7.910s] [ 80%] Built target quadrotor_msgs__rosidl_typesupport_introspection_c
[7.918s] [ 80%] Built target quadrotor_msgs__rosidl_typesupport_c
[7.952s] [ 81%] [32mBuilding CXX object CMakeFiles/encode_msgs.dir/src/encode_msgs.cpp.o[0m
[7.958s] [ 81%] [32mBuilding CXX object CMakeFiles/decode_msgs.dir/src/decode_msgs.cpp.o[0m
[8.329s] [ 81%] Built target quadrotor_msgs__rosidl_typesupport_fastrtps_cpp
[8.618s] [ 82%] [32m[1mLinking CXX shared library libquadrotor_msgs__rosidl_typesupport_fastrtps_c.so[0m
[8.870s] [ 82%] Built target quadrotor_msgs__rosidl_typesupport_fastrtps_c
[9.031s] [ 83%] [32m[1mLinking CXX shared library libquadrotor_msgs__rosidl_typesupport_introspection_cpp.so[0m
[9.065s] [ 84%] [32m[1mLinking CXX shared library libencode_msgs.so[0m
[9.326s] [ 84%] Built target encode_msgs
[9.341s] [ 84%] Built target quadrotor_msgs__rosidl_typesupport_introspection_cpp
[9.395s] [ 84%] Built target quadrotor_msgs
[9.457s] [ 85%] [34m[1mGenerating Python code for ROS interfaces[0m
[11.011s] [ 86%] [32m[1mLinking CXX shared library libdecode_msgs.so[0m
[11.348s] [ 86%] Built target decode_msgs
[12.814s] [ 86%] Built target quadrotor_msgs__py
[12.885s] [ 87%] [32mBuilding C object CMakeFiles/quadrotor_msgs__rosidl_generator_py.dir/rosidl_generator_py/quadrotor_msgs/msg/_lqr_trajectory_s.c.o[0m
[12.886s] [ 87%] [32mBuilding C object CMakeFiles/quadrotor_msgs__rosidl_generator_py.dir/rosidl_generator_py/quadrotor_msgs/msg/_aux_command_s.c.o[0m
[12.886s] [ 88%] [32mBuilding C object CMakeFiles/quadrotor_msgs__rosidl_generator_py.dir/rosidl_generator_py/quadrotor_msgs/msg/_gains_s.c.o[0m
[12.887s] [ 89%] [32mBuilding C object CMakeFiles/quadrotor_msgs__rosidl_generator_py.dir/rosidl_generator_py/quadrotor_msgs/msg/_corrections_s.c.o[0m
[12.891s] [ 90%] [32mBuilding C object CMakeFiles/quadrotor_msgs__rosidl_generator_py.dir/rosidl_generator_py/quadrotor_msgs/msg/_position_command_s.c.o[0m
[12.893s] [ 90%] [32mBuilding C object CMakeFiles/quadrotor_msgs__rosidl_generator_py.dir/rosidl_generator_py/quadrotor_msgs/msg/_output_data_s.c.o[0m
[12.897s] [ 91%] [32mBuilding C object CMakeFiles/quadrotor_msgs__rosidl_generator_py.dir/rosidl_generator_py/quadrotor_msgs/msg/_ppr_output_data_s.c.o[0m
[12.904s] [ 92%] [32mBuilding C object CMakeFiles/quadrotor_msgs__rosidl_generator_py.dir/rosidl_generator_py/quadrotor_msgs/msg/_trpy_command_s.c.o[0m
[12.905s] [ 94%] [32mBuilding C object CMakeFiles/quadrotor_msgs__rosidl_generator_py.dir/rosidl_generator_py/quadrotor_msgs/msg/_serial_s.c.o[0m
[12.905s] [ 94%] [32mBuilding C object CMakeFiles/quadrotor_msgs__rosidl_generator_py.dir/rosidl_generator_py/quadrotor_msgs/msg/_so3_command_s.c.o[0m
[12.905s] [ 94%] [32mBuilding C object CMakeFiles/quadrotor_msgs__rosidl_generator_py.dir/rosidl_generator_py/quadrotor_msgs/msg/_status_data_s.c.o[0m
[12.910s] [ 94%] [32mBuilding C object CMakeFiles/quadrotor_msgs__rosidl_generator_py.dir/rosidl_generator_py/quadrotor_msgs/msg/_polynomial_trajectory_s.c.o[0m
[12.921s] [ 95%] [32mBuilding C object CMakeFiles/quadrotor_msgs__rosidl_generator_py.dir/rosidl_generator_py/quadrotor_msgs/msg/_odometry_s.c.o[0m
[13.193s] [ 96%] [32m[1mLinking C shared library rosidl_generator_py/quadrotor_msgs/libquadrotor_msgs__rosidl_generator_py.so[0m
[13.306s] [ 96%] Built target quadrotor_msgs__rosidl_generator_py
[13.374s] [ 97%] [32mBuilding C object CMakeFiles/quadrotor_msgs__rosidl_typesupport_fastrtps_c__pyext.dir/rosidl_generator_py/quadrotor_msgs/_quadrotor_msgs_s.ep.rosidl_typesupport_fastrtps_c.c.o[0m
[13.387s] [ 97%] [32mBuilding C object CMakeFiles/quadrotor_msgs__rosidl_typesupport_c__pyext.dir/rosidl_generator_py/quadrotor_msgs/_quadrotor_msgs_s.ep.rosidl_typesupport_c.c.o[0m
[13.387s] [ 97%] [32mBuilding C object CMakeFiles/quadrotor_msgs__rosidl_typesupport_introspection_c__pyext.dir/rosidl_generator_py/quadrotor_msgs/_quadrotor_msgs_s.ep.rosidl_typesupport_introspection_c.c.o[0m
[13.581s] [ 98%] [32m[1mLinking C shared library rosidl_generator_py/quadrotor_msgs/quadrotor_msgs_s__rosidl_typesupport_fastrtps_c.cpython-310-x86_64-linux-gnu.so[0m
[13.597s] [ 99%] [32m[1mLinking C shared library rosidl_generator_py/quadrotor_msgs/quadrotor_msgs_s__rosidl_typesupport_introspection_c.cpython-310-x86_64-linux-gnu.so[0m
[13.627s] [100%] [32m[1mLinking C shared library rosidl_generator_py/quadrotor_msgs/quadrotor_msgs_s__rosidl_typesupport_c.cpython-310-x86_64-linux-gnu.so[0m
[13.690s] [100%] Built target quadrotor_msgs__rosidl_typesupport_introspection_c__pyext
[13.690s] [100%] Built target quadrotor_msgs__rosidl_typesupport_fastrtps_c__pyext
[13.729s] [100%] Built target quadrotor_msgs__rosidl_typesupport_c__pyext
[13.776s] Invoked command in '/home/rizy/planner/3d-navi/3d-navi-ros2_v1/build/quadrotor_msgs' returned '0': CMAKE_PREFIX_PATH=/opt/ros/humble CONDA_PROMPT_MODIFIER=(myenv) /usr/bin/cmake --build /home/rizy/planner/3d-navi/3d-navi-ros2_v1/build/quadrotor_msgs -- -j32 -l32
[13.781s] Invoking command in '/home/rizy/planner/3d-navi/3d-navi-ros2_v1/build/quadrotor_msgs': CMAKE_PREFIX_PATH=/opt/ros/humble CONDA_PROMPT_MODIFIER=(myenv) /usr/bin/cmake --install /home/rizy/planner/3d-navi/3d-navi-ros2_v1/build/quadrotor_msgs
[13.804s] -- Install configuration: ""
[13.804s] -- Execute custom install script
[13.804s] -- Symlinking: /home/rizy/planner/3d-navi/3d-navi-ros2_v1/install/quadrotor_msgs/share/ament_index/resource_index/rosidl_interfaces/quadrotor_msgs
[13.835s] -- Symlinking: /home/rizy/planner/3d-navi/3d-navi-ros2_v1/install/quadrotor_msgs/include/quadrotor_msgs/quadrotor_msgs/msg/aux_command.h
[13.856s] -- Symlinking: /home/rizy/planner/3d-navi/3d-navi-ros2_v1/install/quadrotor_msgs/include/quadrotor_msgs/quadrotor_msgs/msg/corrections.h
[13.882s] -- Symlinking: /home/rizy/planner/3d-navi/3d-navi-ros2_v1/install/quadrotor_msgs/include/quadrotor_msgs/quadrotor_msgs/msg/detail/aux_command__functions.h
[13.908s] -- Symlinking: /home/rizy/planner/3d-navi/3d-navi-ros2_v1/install/quadrotor_msgs/include/quadrotor_msgs/quadrotor_msgs/msg/detail/aux_command__struct.h
[13.945s] -- Symlinking: /home/rizy/planner/3d-navi/3d-navi-ros2_v1/install/quadrotor_msgs/include/quadrotor_msgs/quadrotor_msgs/msg/detail/aux_command__type_support.h
[13.962s] -- Symlinking: /home/rizy/planner/3d-navi/3d-navi-ros2_v1/install/quadrotor_msgs/include/quadrotor_msgs/quadrotor_msgs/msg/detail/corrections__functions.h
[13.979s] -- Symlinking: /home/rizy/planner/3d-navi/3d-navi-ros2_v1/install/quadrotor_msgs/include/quadrotor_msgs/quadrotor_msgs/msg/detail/corrections__struct.h
[13.998s] -- Symlinking: /home/rizy/planner/3d-navi/3d-navi-ros2_v1/install/quadrotor_msgs/include/quadrotor_msgs/quadrotor_msgs/msg/detail/corrections__type_support.h
[14.021s] -- Symlinking: /home/rizy/planner/3d-navi/3d-navi-ros2_v1/install/quadrotor_msgs/include/quadrotor_msgs/quadrotor_msgs/msg/detail/gains__functions.h
[14.048s] -- Symlinking: /home/rizy/planner/3d-navi/3d-navi-ros2_v1/install/quadrotor_msgs/include/quadrotor_msgs/quadrotor_msgs/msg/detail/gains__struct.h
[14.071s] -- Symlinking: /home/rizy/planner/3d-navi/3d-navi-ros2_v1/install/quadrotor_msgs/include/quadrotor_msgs/quadrotor_msgs/msg/detail/gains__type_support.h
[14.093s] -- Symlinking: /home/rizy/planner/3d-navi/3d-navi-ros2_v1/install/quadrotor_msgs/include/quadrotor_msgs/quadrotor_msgs/msg/detail/lqr_trajectory__functions.h
[14.124s] -- Symlinking: /home/rizy/planner/3d-navi/3d-navi-ros2_v1/install/quadrotor_msgs/include/quadrotor_msgs/quadrotor_msgs/msg/detail/lqr_trajectory__struct.h
[14.147s] -- Symlinking: /home/rizy/planner/3d-navi/3d-navi-ros2_v1/install/quadrotor_msgs/include/quadrotor_msgs/quadrotor_msgs/msg/detail/lqr_trajectory__type_support.h
[14.168s] -- Symlinking: /home/rizy/planner/3d-navi/3d-navi-ros2_v1/install/quadrotor_msgs/include/quadrotor_msgs/quadrotor_msgs/msg/detail/odometry__functions.h
[14.192s] -- Symlinking: /home/rizy/planner/3d-navi/3d-navi-ros2_v1/install/quadrotor_msgs/include/quadrotor_msgs/quadrotor_msgs/msg/detail/odometry__struct.h
[14.217s] -- Symlinking: /home/rizy/planner/3d-navi/3d-navi-ros2_v1/install/quadrotor_msgs/include/quadrotor_msgs/quadrotor_msgs/msg/detail/odometry__type_support.h
[14.238s] -- Symlinking: /home/rizy/planner/3d-navi/3d-navi-ros2_v1/install/quadrotor_msgs/include/quadrotor_msgs/quadrotor_msgs/msg/detail/output_data__functions.h
[14.252s] -- Symlinking: /home/rizy/planner/3d-navi/3d-navi-ros2_v1/install/quadrotor_msgs/include/quadrotor_msgs/quadrotor_msgs/msg/detail/output_data__struct.h
[14.278s] -- Symlinking: /home/rizy/planner/3d-navi/3d-navi-ros2_v1/install/quadrotor_msgs/include/quadrotor_msgs/quadrotor_msgs/msg/detail/output_data__type_support.h
[14.300s] -- Symlinking: /home/rizy/planner/3d-navi/3d-navi-ros2_v1/install/quadrotor_msgs/include/quadrotor_msgs/quadrotor_msgs/msg/detail/polynomial_trajectory__functions.h
[14.325s] -- Symlinking: /home/rizy/planner/3d-navi/3d-navi-ros2_v1/install/quadrotor_msgs/include/quadrotor_msgs/quadrotor_msgs/msg/detail/polynomial_trajectory__struct.h
[14.340s] -- Symlinking: /home/rizy/planner/3d-navi/3d-navi-ros2_v1/install/quadrotor_msgs/include/quadrotor_msgs/quadrotor_msgs/msg/detail/polynomial_trajectory__type_support.h
[14.352s] -- Symlinking: /home/rizy/planner/3d-navi/3d-navi-ros2_v1/install/quadrotor_msgs/include/quadrotor_msgs/quadrotor_msgs/msg/detail/position_command__functions.h
[14.365s] -- Symlinking: /home/rizy/planner/3d-navi/3d-navi-ros2_v1/install/quadrotor_msgs/include/quadrotor_msgs/quadrotor_msgs/msg/detail/position_command__struct.h
[14.382s] -- Symlinking: /home/rizy/planner/3d-navi/3d-navi-ros2_v1/install/quadrotor_msgs/include/quadrotor_msgs/quadrotor_msgs/msg/detail/position_command__type_support.h
[14.402s] -- Symlinking: /home/rizy/planner/3d-navi/3d-navi-ros2_v1/install/quadrotor_msgs/include/quadrotor_msgs/quadrotor_msgs/msg/detail/ppr_output_data__functions.h
[14.423s] -- Symlinking: /home/rizy/planner/3d-navi/3d-navi-ros2_v1/install/quadrotor_msgs/include/quadrotor_msgs/quadrotor_msgs/msg/detail/ppr_output_data__struct.h
[14.437s] -- Symlinking: /home/rizy/planner/3d-navi/3d-navi-ros2_v1/install/quadrotor_msgs/include/quadrotor_msgs/quadrotor_msgs/msg/detail/ppr_output_data__type_support.h
[14.452s] -- Symlinking: /home/rizy/planner/3d-navi/3d-navi-ros2_v1/install/quadrotor_msgs/include/quadrotor_msgs/quadrotor_msgs/msg/detail/serial__functions.h
[14.466s] -- Symlinking: /home/rizy/planner/3d-navi/3d-navi-ros2_v1/install/quadrotor_msgs/include/quadrotor_msgs/quadrotor_msgs/msg/detail/serial__struct.h
[14.487s] -- Symlinking: /home/rizy/planner/3d-navi/3d-navi-ros2_v1/install/quadrotor_msgs/include/quadrotor_msgs/quadrotor_msgs/msg/detail/serial__type_support.h
[14.507s] -- Symlinking: /home/rizy/planner/3d-navi/3d-navi-ros2_v1/install/quadrotor_msgs/include/quadrotor_msgs/quadrotor_msgs/msg/detail/so3_command__functions.h
[14.522s] -- Symlinking: /home/rizy/planner/3d-navi/3d-navi-ros2_v1/install/quadrotor_msgs/include/quadrotor_msgs/quadrotor_msgs/msg/detail/so3_command__struct.h
[14.537s] -- Symlinking: /home/rizy/planner/3d-navi/3d-navi-ros2_v1/install/quadrotor_msgs/include/quadrotor_msgs/quadrotor_msgs/msg/detail/so3_command__type_support.h
[14.550s] -- Symlinking: /home/rizy/planner/3d-navi/3d-navi-ros2_v1/install/quadrotor_msgs/include/quadrotor_msgs/quadrotor_msgs/msg/detail/status_data__functions.h
[14.566s] -- Symlinking: /home/rizy/planner/3d-navi/3d-navi-ros2_v1/install/quadrotor_msgs/include/quadrotor_msgs/quadrotor_msgs/msg/detail/status_data__struct.h
[14.584s] -- Symlinking: /home/rizy/planner/3d-navi/3d-navi-ros2_v1/install/quadrotor_msgs/include/quadrotor_msgs/quadrotor_msgs/msg/detail/status_data__type_support.h
[14.606s] -- Symlinking: /home/rizy/planner/3d-navi/3d-navi-ros2_v1/install/quadrotor_msgs/include/quadrotor_msgs/quadrotor_msgs/msg/detail/trpy_command__functions.h
[14.619s] -- Symlinking: /home/rizy/planner/3d-navi/3d-navi-ros2_v1/install/quadrotor_msgs/include/quadrotor_msgs/quadrotor_msgs/msg/detail/trpy_command__struct.h
[14.634s] -- Symlinking: /home/rizy/planner/3d-navi/3d-navi-ros2_v1/install/quadrotor_msgs/include/quadrotor_msgs/quadrotor_msgs/msg/detail/trpy_command__type_support.h
[14.647s] -- Symlinking: /home/rizy/planner/3d-navi/3d-navi-ros2_v1/install/quadrotor_msgs/include/quadrotor_msgs/quadrotor_msgs/msg/gains.h
[14.661s] -- Symlinking: /home/rizy/planner/3d-navi/3d-navi-ros2_v1/install/quadrotor_msgs/include/quadrotor_msgs/quadrotor_msgs/msg/lqr_trajectory.h
[14.679s] -- Symlinking: /home/rizy/planner/3d-navi/3d-navi-ros2_v1/install/quadrotor_msgs/include/quadrotor_msgs/quadrotor_msgs/msg/odometry.h
[14.695s] -- Symlinking: /home/rizy/planner/3d-navi/3d-navi-ros2_v1/install/quadrotor_msgs/include/quadrotor_msgs/quadrotor_msgs/msg/output_data.h
[14.708s] -- Symlinking: /home/rizy/planner/3d-navi/3d-navi-ros2_v1/install/quadrotor_msgs/include/quadrotor_msgs/quadrotor_msgs/msg/polynomial_trajectory.h
[14.723s] -- Symlinking: /home/rizy/planner/3d-navi/3d-navi-ros2_v1/install/quadrotor_msgs/include/quadrotor_msgs/quadrotor_msgs/msg/position_command.h
[14.740s] -- Symlinking: /home/rizy/planner/3d-navi/3d-navi-ros2_v1/install/quadrotor_msgs/include/quadrotor_msgs/quadrotor_msgs/msg/ppr_output_data.h
[14.754s] -- Symlinking: /home/rizy/planner/3d-navi/3d-navi-ros2_v1/install/quadrotor_msgs/include/quadrotor_msgs/quadrotor_msgs/msg/rosidl_generator_c__visibility_control.h
[14.767s] -- Symlinking: /home/rizy/planner/3d-navi/3d-navi-ros2_v1/install/quadrotor_msgs/include/quadrotor_msgs/quadrotor_msgs/msg/serial.h
[14.787s] -- Symlinking: /home/rizy/planner/3d-navi/3d-navi-ros2_v1/install/quadrotor_msgs/include/quadrotor_msgs/quadrotor_msgs/msg/so3_command.h
[14.807s] -- Symlinking: /home/rizy/planner/3d-navi/3d-navi-ros2_v1/install/quadrotor_msgs/include/quadrotor_msgs/quadrotor_msgs/msg/status_data.h
[14.821s] -- Symlinking: /home/rizy/planner/3d-navi/3d-navi-ros2_v1/install/quadrotor_msgs/include/quadrotor_msgs/quadrotor_msgs/msg/trpy_command.h
[14.834s] -- Symlinking: /home/rizy/planner/3d-navi/3d-navi-ros2_v1/install/quadrotor_msgs/share/quadrotor_msgs/environment/library_path.sh
[14.849s] -- Symlinking: /home/rizy/planner/3d-navi/3d-navi-ros2_v1/install/quadrotor_msgs/share/quadrotor_msgs/environment/library_path.dsv
[14.865s] -- Symlinking: /home/rizy/planner/3d-navi/3d-navi-ros2_v1/install/quadrotor_msgs/include/quadrotor_msgs/quadrotor_msgs/msg/detail/aux_command__rosidl_typesupport_fastrtps_c.h
[14.884s] -- Symlinking: /home/rizy/planner/3d-navi/3d-navi-ros2_v1/install/quadrotor_msgs/include/quadrotor_msgs/quadrotor_msgs/msg/detail/corrections__rosidl_typesupport_fastrtps_c.h
[14.899s] -- Symlinking: /home/rizy/planner/3d-navi/3d-navi-ros2_v1/install/quadrotor_msgs/include/quadrotor_msgs/quadrotor_msgs/msg/detail/gains__rosidl_typesupport_fastrtps_c.h
[14.912s] -- Symlinking: /home/rizy/planner/3d-navi/3d-navi-ros2_v1/install/quadrotor_msgs/include/quadrotor_msgs/quadrotor_msgs/msg/detail/lqr_trajectory__rosidl_typesupport_fastrtps_c.h
[14.925s] -- Symlinking: /home/rizy/planner/3d-navi/3d-navi-ros2_v1/install/quadrotor_msgs/include/quadrotor_msgs/quadrotor_msgs/msg/detail/odometry__rosidl_typesupport_fastrtps_c.h
[14.938s] -- Symlinking: /home/rizy/planner/3d-navi/3d-navi-ros2_v1/install/quadrotor_msgs/include/quadrotor_msgs/quadrotor_msgs/msg/detail/output_data__rosidl_typesupport_fastrtps_c.h
[14.951s] -- Symlinking: /home/rizy/planner/3d-navi/3d-navi-ros2_v1/install/quadrotor_msgs/include/quadrotor_msgs/quadrotor_msgs/msg/detail/polynomial_trajectory__rosidl_typesupport_fastrtps_c.h
[14.966s] -- Symlinking: /home/rizy/planner/3d-navi/3d-navi-ros2_v1/install/quadrotor_msgs/include/quadrotor_msgs/quadrotor_msgs/msg/detail/position_command__rosidl_typesupport_fastrtps_c.h
[14.982s] -- Symlinking: /home/rizy/planner/3d-navi/3d-navi-ros2_v1/install/quadrotor_msgs/include/quadrotor_msgs/quadrotor_msgs/msg/detail/ppr_output_data__rosidl_typesupport_fastrtps_c.h
[14.996s] -- Symlinking: /home/rizy/planner/3d-navi/3d-navi-ros2_v1/install/quadrotor_msgs/include/quadrotor_msgs/quadrotor_msgs/msg/detail/serial__rosidl_typesupport_fastrtps_c.h
[15.006s] -- Symlinking: /home/rizy/planner/3d-navi/3d-navi-ros2_v1/install/quadrotor_msgs/include/quadrotor_msgs/quadrotor_msgs/msg/detail/so3_command__rosidl_typesupport_fastrtps_c.h
[15.015s] -- Symlinking: /home/rizy/planner/3d-navi/3d-navi-ros2_v1/install/quadrotor_msgs/include/quadrotor_msgs/quadrotor_msgs/msg/detail/status_data__rosidl_typesupport_fastrtps_c.h
[15.024s] -- Symlinking: /home/rizy/planner/3d-navi/3d-navi-ros2_v1/install/quadrotor_msgs/include/quadrotor_msgs/quadrotor_msgs/msg/detail/trpy_command__rosidl_typesupport_fastrtps_c.h
[15.032s] -- Symlinking: /home/rizy/planner/3d-navi/3d-navi-ros2_v1/install/quadrotor_msgs/include/quadrotor_msgs/quadrotor_msgs/msg/rosidl_typesupport_fastrtps_c__visibility_control.h
[15.044s] -- Symlinking: /home/rizy/planner/3d-navi/3d-navi-ros2_v1/install/quadrotor_msgs/include/quadrotor_msgs/quadrotor_msgs/msg/aux_command.hpp
[15.056s] -- Symlinking: /home/rizy/planner/3d-navi/3d-navi-ros2_v1/install/quadrotor_msgs/include/quadrotor_msgs/quadrotor_msgs/msg/corrections.hpp
[15.074s] -- Symlinking: /home/rizy/planner/3d-navi/3d-navi-ros2_v1/install/quadrotor_msgs/include/quadrotor_msgs/quadrotor_msgs/msg/detail/aux_command__builder.hpp
[15.092s] -- Symlinking: /home/rizy/planner/3d-navi/3d-navi-ros2_v1/install/quadrotor_msgs/include/quadrotor_msgs/quadrotor_msgs/msg/detail/aux_command__struct.hpp
[15.106s] -- Symlinking: /home/rizy/planner/3d-navi/3d-navi-ros2_v1/install/quadrotor_msgs/include/quadrotor_msgs/quadrotor_msgs/msg/detail/aux_command__traits.hpp
[15.119s] -- Symlinking: /home/rizy/planner/3d-navi/3d-navi-ros2_v1/install/quadrotor_msgs/include/quadrotor_msgs/quadrotor_msgs/msg/detail/aux_command__type_support.hpp
[15.132s] -- Symlinking: /home/rizy/planner/3d-navi/3d-navi-ros2_v1/install/quadrotor_msgs/include/quadrotor_msgs/quadrotor_msgs/msg/detail/corrections__builder.hpp
[15.146s] -- Symlinking: /home/rizy/planner/3d-navi/3d-navi-ros2_v1/install/quadrotor_msgs/include/quadrotor_msgs/quadrotor_msgs/msg/detail/corrections__struct.hpp
[15.159s] -- Symlinking: /home/rizy/planner/3d-navi/3d-navi-ros2_v1/install/quadrotor_msgs/include/quadrotor_msgs/quadrotor_msgs/msg/detail/corrections__traits.hpp
[15.176s] -- Symlinking: /home/rizy/planner/3d-navi/3d-navi-ros2_v1/install/quadrotor_msgs/include/quadrotor_msgs/quadrotor_msgs/msg/detail/corrections__type_support.hpp
[15.191s] -- Symlinking: /home/rizy/planner/3d-navi/3d-navi-ros2_v1/install/quadrotor_msgs/include/quadrotor_msgs/quadrotor_msgs/msg/detail/gains__builder.hpp
[15.203s] -- Symlinking: /home/rizy/planner/3d-navi/3d-navi-ros2_v1/install/quadrotor_msgs/include/quadrotor_msgs/quadrotor_msgs/msg/detail/gains__struct.hpp
[15.214s] -- Symlinking: /home/rizy/planner/3d-navi/3d-navi-ros2_v1/install/quadrotor_msgs/include/quadrotor_msgs/quadrotor_msgs/msg/detail/gains__traits.hpp
[15.226s] -- Symlinking: /home/rizy/planner/3d-navi/3d-navi-ros2_v1/install/quadrotor_msgs/include/quadrotor_msgs/quadrotor_msgs/msg/detail/gains__type_support.hpp
[15.241s] -- Symlinking: /home/rizy/planner/3d-navi/3d-navi-ros2_v1/install/quadrotor_msgs/include/quadrotor_msgs/quadrotor_msgs/msg/detail/lqr_trajectory__builder.hpp
[15.253s] -- Symlinking: /home/rizy/planner/3d-navi/3d-navi-ros2_v1/install/quadrotor_msgs/include/quadrotor_msgs/quadrotor_msgs/msg/detail/lqr_trajectory__struct.hpp
[15.265s] -- Symlinking: /home/rizy/planner/3d-navi/3d-navi-ros2_v1/install/quadrotor_msgs/include/quadrotor_msgs/quadrotor_msgs/msg/detail/lqr_trajectory__traits.hpp
[15.290s] -- Symlinking: /home/rizy/planner/3d-navi/3d-navi-ros2_v1/install/quadrotor_msgs/include/quadrotor_msgs/quadrotor_msgs/msg/detail/lqr_trajectory__type_support.hpp
[15.303s] -- Symlinking: /home/rizy/planner/3d-navi/3d-navi-ros2_v1/install/quadrotor_msgs/include/quadrotor_msgs/quadrotor_msgs/msg/detail/odometry__builder.hpp
[15.314s] -- Symlinking: /home/rizy/planner/3d-navi/3d-navi-ros2_v1/install/quadrotor_msgs/include/quadrotor_msgs/quadrotor_msgs/msg/detail/odometry__struct.hpp
[15.328s] -- Symlinking: /home/rizy/planner/3d-navi/3d-navi-ros2_v1/install/quadrotor_msgs/include/quadrotor_msgs/quadrotor_msgs/msg/detail/odometry__traits.hpp
[15.340s] -- Symlinking: /home/rizy/planner/3d-navi/3d-navi-ros2_v1/install/quadrotor_msgs/include/quadrotor_msgs/quadrotor_msgs/msg/detail/odometry__type_support.hpp
[15.353s] -- Symlinking: /home/rizy/planner/3d-navi/3d-navi-ros2_v1/install/quadrotor_msgs/include/quadrotor_msgs/quadrotor_msgs/msg/detail/output_data__builder.hpp
[15.367s] -- Symlinking: /home/rizy/planner/3d-navi/3d-navi-ros2_v1/install/quadrotor_msgs/include/quadrotor_msgs/quadrotor_msgs/msg/detail/output_data__struct.hpp
[15.389s] -- Symlinking: /home/rizy/planner/3d-navi/3d-navi-ros2_v1/install/quadrotor_msgs/include/quadrotor_msgs/quadrotor_msgs/msg/detail/output_data__traits.hpp
[15.410s] -- Symlinking: /home/rizy/planner/3d-navi/3d-navi-ros2_v1/install/quadrotor_msgs/include/quadrotor_msgs/quadrotor_msgs/msg/detail/output_data__type_support.hpp
[15.425s] -- Symlinking: /home/rizy/planner/3d-navi/3d-navi-ros2_v1/install/quadrotor_msgs/include/quadrotor_msgs/quadrotor_msgs/msg/detail/polynomial_trajectory__builder.hpp
[15.439s] -- Symlinking: /home/rizy/planner/3d-navi/3d-navi-ros2_v1/install/quadrotor_msgs/include/quadrotor_msgs/quadrotor_msgs/msg/detail/polynomial_trajectory__struct.hpp
[15.452s] -- Symlinking: /home/rizy/planner/3d-navi/3d-navi-ros2_v1/install/quadrotor_msgs/include/quadrotor_msgs/quadrotor_msgs/msg/detail/polynomial_trajectory__traits.hpp
[15.463s] -- Symlinking: /home/rizy/planner/3d-navi/3d-navi-ros2_v1/install/quadrotor_msgs/include/quadrotor_msgs/quadrotor_msgs/msg/detail/polynomial_trajectory__type_support.hpp
[15.479s] -- Symlinking: /home/rizy/planner/3d-navi/3d-navi-ros2_v1/install/quadrotor_msgs/include/quadrotor_msgs/quadrotor_msgs/msg/detail/position_command__builder.hpp
[15.495s] -- Symlinking: /home/rizy/planner/3d-navi/3d-navi-ros2_v1/install/quadrotor_msgs/include/quadrotor_msgs/quadrotor_msgs/msg/detail/position_command__struct.hpp
[15.506s] -- Symlinking: /home/rizy/planner/3d-navi/3d-navi-ros2_v1/install/quadrotor_msgs/include/quadrotor_msgs/quadrotor_msgs/msg/detail/position_command__traits.hpp
[15.517s] -- Symlinking: /home/rizy/planner/3d-navi/3d-navi-ros2_v1/install/quadrotor_msgs/include/quadrotor_msgs/quadrotor_msgs/msg/detail/position_command__type_support.hpp
[15.528s] -- Symlinking: /home/rizy/planner/3d-navi/3d-navi-ros2_v1/install/quadrotor_msgs/include/quadrotor_msgs/quadrotor_msgs/msg/detail/ppr_output_data__builder.hpp
[15.539s] -- Symlinking: /home/rizy/planner/3d-navi/3d-navi-ros2_v1/install/quadrotor_msgs/include/quadrotor_msgs/quadrotor_msgs/msg/detail/ppr_output_data__struct.hpp
[15.554s] -- Symlinking: /home/rizy/planner/3d-navi/3d-navi-ros2_v1/install/quadrotor_msgs/include/quadrotor_msgs/quadrotor_msgs/msg/detail/ppr_output_data__traits.hpp
[15.571s] -- Symlinking: /home/rizy/planner/3d-navi/3d-navi-ros2_v1/install/quadrotor_msgs/include/quadrotor_msgs/quadrotor_msgs/msg/detail/ppr_output_data__type_support.hpp
[15.594s] -- Symlinking: /home/rizy/planner/3d-navi/3d-navi-ros2_v1/install/quadrotor_msgs/include/quadrotor_msgs/quadrotor_msgs/msg/detail/serial__builder.hpp
[15.611s] -- Symlinking: /home/rizy/planner/3d-navi/3d-navi-ros2_v1/install/quadrotor_msgs/include/quadrotor_msgs/quadrotor_msgs/msg/detail/serial__struct.hpp
[15.624s] -- Symlinking: /home/rizy/planner/3d-navi/3d-navi-ros2_v1/install/quadrotor_msgs/include/quadrotor_msgs/quadrotor_msgs/msg/detail/serial__traits.hpp
[15.638s] -- Symlinking: /home/rizy/planner/3d-navi/3d-navi-ros2_v1/install/quadrotor_msgs/include/quadrotor_msgs/quadrotor_msgs/msg/detail/serial__type_support.hpp
[15.652s] -- Symlinking: /home/rizy/planner/3d-navi/3d-navi-ros2_v1/install/quadrotor_msgs/include/quadrotor_msgs/quadrotor_msgs/msg/detail/so3_command__builder.hpp
[15.666s] -- Symlinking: /home/rizy/planner/3d-navi/3d-navi-ros2_v1/install/quadrotor_msgs/include/quadrotor_msgs/quadrotor_msgs/msg/detail/so3_command__struct.hpp
[15.691s] -- Symlinking: /home/rizy/planner/3d-navi/3d-navi-ros2_v1/install/quadrotor_msgs/include/quadrotor_msgs/quadrotor_msgs/msg/detail/so3_command__traits.hpp
[15.707s] -- Symlinking: /home/rizy/planner/3d-navi/3d-navi-ros2_v1/install/quadrotor_msgs/include/quadrotor_msgs/quadrotor_msgs/msg/detail/so3_command__type_support.hpp
[15.720s] -- Symlinking: /home/rizy/planner/3d-navi/3d-navi-ros2_v1/install/quadrotor_msgs/include/quadrotor_msgs/quadrotor_msgs/msg/detail/status_data__builder.hpp
[15.732s] -- Symlinking: /home/rizy/planner/3d-navi/3d-navi-ros2_v1/install/quadrotor_msgs/include/quadrotor_msgs/quadrotor_msgs/msg/detail/status_data__struct.hpp
[15.749s] -- Symlinking: /home/rizy/planner/3d-navi/3d-navi-ros2_v1/install/quadrotor_msgs/include/quadrotor_msgs/quadrotor_msgs/msg/detail/status_data__traits.hpp
[15.762s] -- Symlinking: /home/rizy/planner/3d-navi/3d-navi-ros2_v1/install/quadrotor_msgs/include/quadrotor_msgs/quadrotor_msgs/msg/detail/status_data__type_support.hpp
[15.776s] -- Symlinking: /home/rizy/planner/3d-navi/3d-navi-ros2_v1/install/quadrotor_msgs/include/quadrotor_msgs/quadrotor_msgs/msg/detail/trpy_command__builder.hpp
[15.794s] -- Symlinking: /home/rizy/planner/3d-navi/3d-navi-ros2_v1/install/quadrotor_msgs/include/quadrotor_msgs/quadrotor_msgs/msg/detail/trpy_command__struct.hpp
[15.807s] -- Symlinking: /home/rizy/planner/3d-navi/3d-navi-ros2_v1/install/quadrotor_msgs/include/quadrotor_msgs/quadrotor_msgs/msg/detail/trpy_command__traits.hpp
[15.822s] -- Symlinking: /home/rizy/planner/3d-navi/3d-navi-ros2_v1/install/quadrotor_msgs/include/quadrotor_msgs/quadrotor_msgs/msg/detail/trpy_command__type_support.hpp
[15.835s] -- Symlinking: /home/rizy/planner/3d-navi/3d-navi-ros2_v1/install/quadrotor_msgs/include/quadrotor_msgs/quadrotor_msgs/msg/gains.hpp
[15.848s] -- Symlinking: /home/rizy/planner/3d-navi/3d-navi-ros2_v1/install/quadrotor_msgs/include/quadrotor_msgs/quadrotor_msgs/msg/lqr_trajectory.hpp
[15.861s] -- Symlinking: /home/rizy/planner/3d-navi/3d-navi-ros2_v1/install/quadrotor_msgs/include/quadrotor_msgs/quadrotor_msgs/msg/odometry.hpp
[15.879s] -- Symlinking: /home/rizy/planner/3d-navi/3d-navi-ros2_v1/install/quadrotor_msgs/include/quadrotor_msgs/quadrotor_msgs/msg/output_data.hpp
[15.900s] -- Symlinking: /home/rizy/planner/3d-navi/3d-navi-ros2_v1/install/quadrotor_msgs/include/quadrotor_msgs/quadrotor_msgs/msg/polynomial_trajectory.hpp
[15.913s] -- Symlinking: /home/rizy/planner/3d-navi/3d-navi-ros2_v1/install/quadrotor_msgs/include/quadrotor_msgs/quadrotor_msgs/msg/position_command.hpp
[15.927s] -- Symlinking: /home/rizy/planner/3d-navi/3d-navi-ros2_v1/install/quadrotor_msgs/include/quadrotor_msgs/quadrotor_msgs/msg/ppr_output_data.hpp
[15.939s] -- Symlinking: /home/rizy/planner/3d-navi/3d-navi-ros2_v1/install/quadrotor_msgs/include/quadrotor_msgs/quadrotor_msgs/msg/rosidl_generator_cpp__visibility_control.hpp
[15.952s] -- Symlinking: /home/rizy/planner/3d-navi/3d-navi-ros2_v1/install/quadrotor_msgs/include/quadrotor_msgs/quadrotor_msgs/msg/serial.hpp
[15.964s] -- Symlinking: /home/rizy/planner/3d-navi/3d-navi-ros2_v1/install/quadrotor_msgs/include/quadrotor_msgs/quadrotor_msgs/msg/so3_command.hpp
[15.984s] -- Symlinking: /home/rizy/planner/3d-navi/3d-navi-ros2_v1/install/quadrotor_msgs/include/quadrotor_msgs/quadrotor_msgs/msg/status_data.hpp
[15.995s] -- Symlinking: /home/rizy/planner/3d-navi/3d-navi-ros2_v1/install/quadrotor_msgs/include/quadrotor_msgs/quadrotor_msgs/msg/trpy_command.hpp
[16.006s] -- Symlinking: /home/rizy/planner/3d-navi/3d-navi-ros2_v1/install/quadrotor_msgs/include/quadrotor_msgs/quadrotor_msgs/msg/detail/aux_command__rosidl_typesupport_fastrtps_cpp.hpp
[16.016s] -- Symlinking: /home/rizy/planner/3d-navi/3d-navi-ros2_v1/install/quadrotor_msgs/include/quadrotor_msgs/quadrotor_msgs/msg/detail/corrections__rosidl_typesupport_fastrtps_cpp.hpp
[16.026s] -- Symlinking: /home/rizy/planner/3d-navi/3d-navi-ros2_v1/install/quadrotor_msgs/include/quadrotor_msgs/quadrotor_msgs/msg/detail/gains__rosidl_typesupport_fastrtps_cpp.hpp
[16.035s] -- Symlinking: /home/rizy/planner/3d-navi/3d-navi-ros2_v1/install/quadrotor_msgs/include/quadrotor_msgs/quadrotor_msgs/msg/detail/lqr_trajectory__rosidl_typesupport_fastrtps_cpp.hpp
[16.044s] -- Symlinking: /home/rizy/planner/3d-navi/3d-navi-ros2_v1/install/quadrotor_msgs/include/quadrotor_msgs/quadrotor_msgs/msg/detail/odometry__rosidl_typesupport_fastrtps_cpp.hpp
[16.053s] -- Symlinking: /home/rizy/planner/3d-navi/3d-navi-ros2_v1/install/quadrotor_msgs/include/quadrotor_msgs/quadrotor_msgs/msg/detail/output_data__rosidl_typesupport_fastrtps_cpp.hpp
[16.062s] -- Symlinking: /home/rizy/planner/3d-navi/3d-navi-ros2_v1/install/quadrotor_msgs/include/quadrotor_msgs/quadrotor_msgs/msg/detail/polynomial_trajectory__rosidl_typesupport_fastrtps_cpp.hpp
[16.073s] -- Symlinking: /home/rizy/planner/3d-navi/3d-navi-ros2_v1/install/quadrotor_msgs/include/quadrotor_msgs/quadrotor_msgs/msg/detail/position_command__rosidl_typesupport_fastrtps_cpp.hpp
[16.092s] -- Symlinking: /home/rizy/planner/3d-navi/3d-navi-ros2_v1/install/quadrotor_msgs/include/quadrotor_msgs/quadrotor_msgs/msg/detail/ppr_output_data__rosidl_typesupport_fastrtps_cpp.hpp
[16.102s] -- Symlinking: /home/rizy/planner/3d-navi/3d-navi-ros2_v1/install/quadrotor_msgs/include/quadrotor_msgs/quadrotor_msgs/msg/detail/serial__rosidl_typesupport_fastrtps_cpp.hpp
[16.111s] -- Symlinking: /home/rizy/planner/3d-navi/3d-navi-ros2_v1/install/quadrotor_msgs/include/quadrotor_msgs/quadrotor_msgs/msg/detail/so3_command__rosidl_typesupport_fastrtps_cpp.hpp
[16.121s] -- Symlinking: /home/rizy/planner/3d-navi/3d-navi-ros2_v1/install/quadrotor_msgs/include/quadrotor_msgs/quadrotor_msgs/msg/detail/status_data__rosidl_typesupport_fastrtps_cpp.hpp
[16.134s] -- Symlinking: /home/rizy/planner/3d-navi/3d-navi-ros2_v1/install/quadrotor_msgs/include/quadrotor_msgs/quadrotor_msgs/msg/detail/trpy_command__rosidl_typesupport_fastrtps_cpp.hpp
[16.145s] -- Symlinking: /home/rizy/planner/3d-navi/3d-navi-ros2_v1/install/quadrotor_msgs/include/quadrotor_msgs/quadrotor_msgs/msg/rosidl_typesupport_fastrtps_cpp__visibility_control.h
[16.157s] -- Symlinking: /home/rizy/planner/3d-navi/3d-navi-ros2_v1/install/quadrotor_msgs/include/quadrotor_msgs/quadrotor_msgs/msg/detail/aux_command__rosidl_typesupport_introspection_c.h
[16.168s] -- Symlinking: /home/rizy/planner/3d-navi/3d-navi-ros2_v1/install/quadrotor_msgs/include/quadrotor_msgs/quadrotor_msgs/msg/detail/corrections__rosidl_typesupport_introspection_c.h
[16.182s] -- Symlinking: /home/rizy/planner/3d-navi/3d-navi-ros2_v1/install/quadrotor_msgs/include/quadrotor_msgs/quadrotor_msgs/msg/detail/gains__rosidl_typesupport_introspection_c.h
[16.199s] -- Symlinking: /home/rizy/planner/3d-navi/3d-navi-ros2_v1/install/quadrotor_msgs/include/quadrotor_msgs/quadrotor_msgs/msg/detail/lqr_trajectory__rosidl_typesupport_introspection_c.h
[16.211s] -- Symlinking: /home/rizy/planner/3d-navi/3d-navi-ros2_v1/install/quadrotor_msgs/include/quadrotor_msgs/quadrotor_msgs/msg/detail/odometry__rosidl_typesupport_introspection_c.h
[16.223s] -- Symlinking: /home/rizy/planner/3d-navi/3d-navi-ros2_v1/install/quadrotor_msgs/include/quadrotor_msgs/quadrotor_msgs/msg/detail/output_data__rosidl_typesupport_introspection_c.h
[16.234s] -- Symlinking: /home/rizy/planner/3d-navi/3d-navi-ros2_v1/install/quadrotor_msgs/include/quadrotor_msgs/quadrotor_msgs/msg/detail/polynomial_trajectory__rosidl_typesupport_introspection_c.h
[16.249s] -- Symlinking: /home/rizy/planner/3d-navi/3d-navi-ros2_v1/install/quadrotor_msgs/include/quadrotor_msgs/quadrotor_msgs/msg/detail/position_command__rosidl_typesupport_introspection_c.h
[16.262s] -- Symlinking: /home/rizy/planner/3d-navi/3d-navi-ros2_v1/install/quadrotor_msgs/include/quadrotor_msgs/quadrotor_msgs/msg/detail/ppr_output_data__rosidl_typesupport_introspection_c.h
[16.275s] -- Symlinking: /home/rizy/planner/3d-navi/3d-navi-ros2_v1/install/quadrotor_msgs/include/quadrotor_msgs/quadrotor_msgs/msg/detail/serial__rosidl_typesupport_introspection_c.h
[16.287s] -- Symlinking: /home/rizy/planner/3d-navi/3d-navi-ros2_v1/install/quadrotor_msgs/include/quadrotor_msgs/quadrotor_msgs/msg/detail/so3_command__rosidl_typesupport_introspection_c.h
[16.309s] -- Symlinking: /home/rizy/planner/3d-navi/3d-navi-ros2_v1/install/quadrotor_msgs/include/quadrotor_msgs/quadrotor_msgs/msg/detail/status_data__rosidl_typesupport_introspection_c.h
[16.321s] -- Symlinking: /home/rizy/planner/3d-navi/3d-navi-ros2_v1/install/quadrotor_msgs/include/quadrotor_msgs/quadrotor_msgs/msg/detail/trpy_command__rosidl_typesupport_introspection_c.h
[16.333s] -- Symlinking: /home/rizy/planner/3d-navi/3d-navi-ros2_v1/install/quadrotor_msgs/include/quadrotor_msgs/quadrotor_msgs/msg/rosidl_typesupport_introspection_c__visibility_control.h
[16.344s] -- Symlinking: /home/rizy/planner/3d-navi/3d-navi-ros2_v1/install/quadrotor_msgs/include/quadrotor_msgs/quadrotor_msgs/msg/detail/aux_command__rosidl_typesupport_introspection_cpp.hpp
[16.353s] -- Symlinking: /home/rizy/planner/3d-navi/3d-navi-ros2_v1/install/quadrotor_msgs/include/quadrotor_msgs/quadrotor_msgs/msg/detail/corrections__rosidl_typesupport_introspection_cpp.hpp
[16.365s] -- Symlinking: /home/rizy/planner/3d-navi/3d-navi-ros2_v1/install/quadrotor_msgs/include/quadrotor_msgs/quadrotor_msgs/msg/detail/gains__rosidl_typesupport_introspection_cpp.hpp
[16.381s] -- Symlinking: /home/rizy/planner/3d-navi/3d-navi-ros2_v1/install/quadrotor_msgs/include/quadrotor_msgs/quadrotor_msgs/msg/detail/lqr_trajectory__rosidl_typesupport_introspection_cpp.hpp
[16.397s] -- Symlinking: /home/rizy/planner/3d-navi/3d-navi-ros2_v1/install/quadrotor_msgs/include/quadrotor_msgs/quadrotor_msgs/msg/detail/odometry__rosidl_typesupport_introspection_cpp.hpp
[16.408s] -- Symlinking: /home/rizy/planner/3d-navi/3d-navi-ros2_v1/install/quadrotor_msgs/include/quadrotor_msgs/quadrotor_msgs/msg/detail/output_data__rosidl_typesupport_introspection_cpp.hpp
[16.421s] -- Symlinking: /home/rizy/planner/3d-navi/3d-navi-ros2_v1/install/quadrotor_msgs/include/quadrotor_msgs/quadrotor_msgs/msg/detail/polynomial_trajectory__rosidl_typesupport_introspection_cpp.hpp
[16.435s] -- Symlinking: /home/rizy/planner/3d-navi/3d-navi-ros2_v1/install/quadrotor_msgs/include/quadrotor_msgs/quadrotor_msgs/msg/detail/position_command__rosidl_typesupport_introspection_cpp.hpp
[16.448s] -- Symlinking: /home/rizy/planner/3d-navi/3d-navi-ros2_v1/install/quadrotor_msgs/include/quadrotor_msgs/quadrotor_msgs/msg/detail/ppr_output_data__rosidl_typesupport_introspection_cpp.hpp
[16.461s] -- Symlinking: /home/rizy/planner/3d-navi/3d-navi-ros2_v1/install/quadrotor_msgs/include/quadrotor_msgs/quadrotor_msgs/msg/detail/serial__rosidl_typesupport_introspection_cpp.hpp
[16.474s] -- Symlinking: /home/rizy/planner/3d-navi/3d-navi-ros2_v1/install/quadrotor_msgs/include/quadrotor_msgs/quadrotor_msgs/msg/detail/so3_command__rosidl_typesupport_introspection_cpp.hpp
[16.490s] -- Symlinking: /home/rizy/planner/3d-navi/3d-navi-ros2_v1/install/quadrotor_msgs/include/quadrotor_msgs/quadrotor_msgs/msg/detail/status_data__rosidl_typesupport_introspection_cpp.hpp
[16.502s] -- Symlinking: /home/rizy/planner/3d-navi/3d-navi-ros2_v1/install/quadrotor_msgs/include/quadrotor_msgs/quadrotor_msgs/msg/detail/trpy_command__rosidl_typesupport_introspection_cpp.hpp
[16.513s] -- Symlinking: /home/rizy/planner/3d-navi/3d-navi-ros2_v1/install/quadrotor_msgs/share/quadrotor_msgs/environment/pythonpath.sh
[16.527s] -- Symlinking: /home/rizy/planner/3d-navi/3d-navi-ros2_v1/install/quadrotor_msgs/share/quadrotor_msgs/environment/pythonpath.dsv
[16.541s] -- Symlinking: /home/rizy/planner/3d-navi/3d-navi-ros2_v1/install/quadrotor_msgs/lib/python3.10/site-packages/quadrotor_msgs-0.0.0-py3.10.egg-info/PKG-INFO
[16.554s] -- Symlinking: /home/rizy/planner/3d-navi/3d-navi-ros2_v1/install/quadrotor_msgs/lib/python3.10/site-packages/quadrotor_msgs-0.0.0-py3.10.egg-info/SOURCES.txt
[16.565s] -- Symlinking: /home/rizy/planner/3d-navi/3d-navi-ros2_v1/install/quadrotor_msgs/lib/python3.10/site-packages/quadrotor_msgs-0.0.0-py3.10.egg-info/dependency_links.txt
[16.583s] -- Symlinking: /home/rizy/planner/3d-navi/3d-navi-ros2_v1/install/quadrotor_msgs/lib/python3.10/site-packages/quadrotor_msgs-0.0.0-py3.10.egg-info/top_level.txt
[16.605s] -- Symlinking: /home/rizy/planner/3d-navi/3d-navi-ros2_v1/install/quadrotor_msgs/lib/python3.10/site-packages/quadrotor_msgs/__init__.py
[16.617s] -- Symlinking: /home/rizy/planner/3d-navi/3d-navi-ros2_v1/install/quadrotor_msgs/lib/python3.10/site-packages/quadrotor_msgs/_quadrotor_msgs_s.ep.rosidl_typesupport_c.c
[16.628s] -- Symlinking: /home/rizy/planner/3d-navi/3d-navi-ros2_v1/install/quadrotor_msgs/lib/python3.10/site-packages/quadrotor_msgs/_quadrotor_msgs_s.ep.rosidl_typesupport_fastrtps_c.c
[16.640s] -- Symlinking: /home/rizy/planner/3d-navi/3d-navi-ros2_v1/install/quadrotor_msgs/lib/python3.10/site-packages/quadrotor_msgs/_quadrotor_msgs_s.ep.rosidl_typesupport_introspection_c.c
[16.654s] -- Symlinking: /home/rizy/planner/3d-navi/3d-navi-ros2_v1/install/quadrotor_msgs/lib/python3.10/site-packages/quadrotor_msgs/libquadrotor_msgs__rosidl_generator_py.so
[16.667s] -- Symlinking: /home/rizy/planner/3d-navi/3d-navi-ros2_v1/install/quadrotor_msgs/lib/python3.10/site-packages/quadrotor_msgs/msg/__init__.py
[16.690s] -- Symlinking: /home/rizy/planner/3d-navi/3d-navi-ros2_v1/install/quadrotor_msgs/lib/python3.10/site-packages/quadrotor_msgs/msg/_aux_command.py
[16.703s] -- Symlinking: /home/rizy/planner/3d-navi/3d-navi-ros2_v1/install/quadrotor_msgs/lib/python3.10/site-packages/quadrotor_msgs/msg/_aux_command_s.c
[16.716s] -- Symlinking: /home/rizy/planner/3d-navi/3d-navi-ros2_v1/install/quadrotor_msgs/lib/python3.10/site-packages/quadrotor_msgs/msg/_corrections.py
[16.729s] -- Symlinking: /home/rizy/planner/3d-navi/3d-navi-ros2_v1/install/quadrotor_msgs/lib/python3.10/site-packages/quadrotor_msgs/msg/_corrections_s.c
[16.742s] -- Symlinking: /home/rizy/planner/3d-navi/3d-navi-ros2_v1/install/quadrotor_msgs/lib/python3.10/site-packages/quadrotor_msgs/msg/_gains.py
[16.753s] -- Symlinking: /home/rizy/planner/3d-navi/3d-navi-ros2_v1/install/quadrotor_msgs/lib/python3.10/site-packages/quadrotor_msgs/msg/_gains_s.c
[16.765s] -- Symlinking: /home/rizy/planner/3d-navi/3d-navi-ros2_v1/install/quadrotor_msgs/lib/python3.10/site-packages/quadrotor_msgs/msg/_lqr_trajectory.py
[16.789s] -- Symlinking: /home/rizy/planner/3d-navi/3d-navi-ros2_v1/install/quadrotor_msgs/lib/python3.10/site-packages/quadrotor_msgs/msg/_lqr_trajectory_s.c
[16.809s] -- Symlinking: /home/rizy/planner/3d-navi/3d-navi-ros2_v1/install/quadrotor_msgs/lib/python3.10/site-packages/quadrotor_msgs/msg/_odometry.py
[16.821s] -- Symlinking: /home/rizy/planner/3d-navi/3d-navi-ros2_v1/install/quadrotor_msgs/lib/python3.10/site-packages/quadrotor_msgs/msg/_odometry_s.c
[16.835s] -- Symlinking: /home/rizy/planner/3d-navi/3d-navi-ros2_v1/install/quadrotor_msgs/lib/python3.10/site-packages/quadrotor_msgs/msg/_output_data.py
[16.849s] -- Symlinking: /home/rizy/planner/3d-navi/3d-navi-ros2_v1/install/quadrotor_msgs/lib/python3.10/site-packages/quadrotor_msgs/msg/_output_data_s.c
[16.863s] -- Symlinking: /home/rizy/planner/3d-navi/3d-navi-ros2_v1/install/quadrotor_msgs/lib/python3.10/site-packages/quadrotor_msgs/msg/_polynomial_trajectory.py
[16.876s] -- Symlinking: /home/rizy/planner/3d-navi/3d-navi-ros2_v1/install/quadrotor_msgs/lib/python3.10/site-packages/quadrotor_msgs/msg/_polynomial_trajectory_s.c
[16.895s] -- Symlinking: /home/rizy/planner/3d-navi/3d-navi-ros2_v1/install/quadrotor_msgs/lib/python3.10/site-packages/quadrotor_msgs/msg/_position_command.py
[16.907s] -- Symlinking: /home/rizy/planner/3d-navi/3d-navi-ros2_v1/install/quadrotor_msgs/lib/python3.10/site-packages/quadrotor_msgs/msg/_position_command_s.c
[16.921s] -- Symlinking: /home/rizy/planner/3d-navi/3d-navi-ros2_v1/install/quadrotor_msgs/lib/python3.10/site-packages/quadrotor_msgs/msg/_ppr_output_data.py
[16.932s] -- Symlinking: /home/rizy/planner/3d-navi/3d-navi-ros2_v1/install/quadrotor_msgs/lib/python3.10/site-packages/quadrotor_msgs/msg/_ppr_output_data_s.c
[16.941s] -- Symlinking: /home/rizy/planner/3d-navi/3d-navi-ros2_v1/install/quadrotor_msgs/lib/python3.10/site-packages/quadrotor_msgs/msg/_serial.py
[16.950s] -- Symlinking: /home/rizy/planner/3d-navi/3d-navi-ros2_v1/install/quadrotor_msgs/lib/python3.10/site-packages/quadrotor_msgs/msg/_serial_s.c
[16.959s] -- Symlinking: /home/rizy/planner/3d-navi/3d-navi-ros2_v1/install/quadrotor_msgs/lib/python3.10/site-packages/quadrotor_msgs/msg/_so3_command.py
[16.968s] -- Symlinking: /home/rizy/planner/3d-navi/3d-navi-ros2_v1/install/quadrotor_msgs/lib/python3.10/site-packages/quadrotor_msgs/msg/_so3_command_s.c
[16.984s] -- Symlinking: /home/rizy/planner/3d-navi/3d-navi-ros2_v1/install/quadrotor_msgs/lib/python3.10/site-packages/quadrotor_msgs/msg/_status_data.py
[16.995s] -- Symlinking: /home/rizy/planner/3d-navi/3d-navi-ros2_v1/install/quadrotor_msgs/lib/python3.10/site-packages/quadrotor_msgs/msg/_status_data_s.c
[17.004s] -- Symlinking: /home/rizy/planner/3d-navi/3d-navi-ros2_v1/install/quadrotor_msgs/lib/python3.10/site-packages/quadrotor_msgs/msg/_trpy_command.py
[17.013s] -- Symlinking: /home/rizy/planner/3d-navi/3d-navi-ros2_v1/install/quadrotor_msgs/lib/python3.10/site-packages/quadrotor_msgs/msg/_trpy_command_s.c
[17.022s] -- Symlinking: /home/rizy/planner/3d-navi/3d-navi-ros2_v1/install/quadrotor_msgs/lib/python3.10/site-packages/quadrotor_msgs/quadrotor_msgs_s__rosidl_typesupport_c.cpython-310-x86_64-linux-gnu.so
[17.031s] -- Symlinking: /home/rizy/planner/3d-navi/3d-navi-ros2_v1/install/quadrotor_msgs/lib/python3.10/site-packages/quadrotor_msgs/quadrotor_msgs_s__rosidl_typesupport_fastrtps_c.cpython-310-x86_64-linux-gnu.so
[17.039s] -- Symlinking: /home/rizy/planner/3d-navi/3d-navi-ros2_v1/install/quadrotor_msgs/lib/python3.10/site-packages/quadrotor_msgs/quadrotor_msgs_s__rosidl_typesupport_introspection_c.cpython-310-x86_64-linux-gnu.so
[17.047s] -- Up-to-date symlink: /home/rizy/planner/3d-navi/3d-navi-ros2_v1/install/quadrotor_msgs/lib/python3.10/site-packages/quadrotor_msgs/quadrotor_msgs_s__rosidl_typesupport_fastrtps_c.cpython-310-x86_64-linux-gnu.so
[17.047s] -- Up-to-date symlink: /home/rizy/planner/3d-navi/3d-navi-ros2_v1/install/quadrotor_msgs/lib/python3.10/site-packages/quadrotor_msgs/quadrotor_msgs_s__rosidl_typesupport_introspection_c.cpython-310-x86_64-linux-gnu.so
[17.047s] -- Up-to-date symlink: /home/rizy/planner/3d-navi/3d-navi-ros2_v1/install/quadrotor_msgs/lib/python3.10/site-packages/quadrotor_msgs/quadrotor_msgs_s__rosidl_typesupport_c.cpython-310-x86_64-linux-gnu.so
[17.047s] -- Symlinking: /home/rizy/planner/3d-navi/3d-navi-ros2_v1/install/quadrotor_msgs/share/quadrotor_msgs/msg/AuxCommand.idl
[17.055s] -- Symlinking: /home/rizy/planner/3d-navi/3d-navi-ros2_v1/install/quadrotor_msgs/share/quadrotor_msgs/msg/Corrections.idl
[17.064s] -- Symlinking: /home/rizy/planner/3d-navi/3d-navi-ros2_v1/install/quadrotor_msgs/share/quadrotor_msgs/msg/Gains.idl
[17.073s] -- Symlinking: /home/rizy/planner/3d-navi/3d-navi-ros2_v1/install/quadrotor_msgs/share/quadrotor_msgs/msg/LQRTrajectory.idl
[17.085s] -- Symlinking: /home/rizy/planner/3d-navi/3d-navi-ros2_v1/install/quadrotor_msgs/share/quadrotor_msgs/msg/OutputData.idl
[17.094s] -- Symlinking: /home/rizy/planner/3d-navi/3d-navi-ros2_v1/install/quadrotor_msgs/share/quadrotor_msgs/msg/PositionCommand.idl
[17.102s] -- Symlinking: /home/rizy/planner/3d-navi/3d-navi-ros2_v1/install/quadrotor_msgs/share/quadrotor_msgs/msg/PPROutputData.idl
[17.110s] -- Symlinking: /home/rizy/planner/3d-navi/3d-navi-ros2_v1/install/quadrotor_msgs/share/quadrotor_msgs/msg/Serial.idl
[17.119s] -- Symlinking: /home/rizy/planner/3d-navi/3d-navi-ros2_v1/install/quadrotor_msgs/share/quadrotor_msgs/msg/SO3Command.idl
[17.128s] -- Symlinking: /home/rizy/planner/3d-navi/3d-navi-ros2_v1/install/quadrotor_msgs/share/quadrotor_msgs/msg/StatusData.idl
[17.137s] -- Symlinking: /home/rizy/planner/3d-navi/3d-navi-ros2_v1/install/quadrotor_msgs/share/quadrotor_msgs/msg/TRPYCommand.idl
[17.146s] -- Symlinking: /home/rizy/planner/3d-navi/3d-navi-ros2_v1/install/quadrotor_msgs/share/quadrotor_msgs/msg/Odometry.idl
[17.154s] -- Symlinking: /home/rizy/planner/3d-navi/3d-navi-ros2_v1/install/quadrotor_msgs/share/quadrotor_msgs/msg/PolynomialTrajectory.idl
[17.163s] -- Symlinking: /home/rizy/planner/3d-navi/3d-navi-ros2_v1/install/quadrotor_msgs/share/quadrotor_msgs/msg/AuxCommand.msg
[17.176s] -- Symlinking: /home/rizy/planner/3d-navi/3d-navi-ros2_v1/install/quadrotor_msgs/share/quadrotor_msgs/msg/Corrections.msg
[17.189s] -- Symlinking: /home/rizy/planner/3d-navi/3d-navi-ros2_v1/install/quadrotor_msgs/share/quadrotor_msgs/msg/Gains.msg
[17.204s] -- Symlinking: /home/rizy/planner/3d-navi/3d-navi-ros2_v1/install/quadrotor_msgs/share/quadrotor_msgs/msg/LQRTrajectory.msg
[17.213s] -- Symlinking: /home/rizy/planner/3d-navi/3d-navi-ros2_v1/install/quadrotor_msgs/share/quadrotor_msgs/msg/OutputData.msg
[17.222s] -- Symlinking: /home/rizy/planner/3d-navi/3d-navi-ros2_v1/install/quadrotor_msgs/share/quadrotor_msgs/msg/PositionCommand.msg
[17.240s] -- Symlinking: /home/rizy/planner/3d-navi/3d-navi-ros2_v1/install/quadrotor_msgs/share/quadrotor_msgs/msg/PPROutputData.msg
[17.249s] -- Symlinking: /home/rizy/planner/3d-navi/3d-navi-ros2_v1/install/quadrotor_msgs/share/quadrotor_msgs/msg/Serial.msg
[17.257s] -- Symlinking: /home/rizy/planner/3d-navi/3d-navi-ros2_v1/install/quadrotor_msgs/share/quadrotor_msgs/msg/SO3Command.msg
[17.265s] -- Symlinking: /home/rizy/planner/3d-navi/3d-navi-ros2_v1/install/quadrotor_msgs/share/quadrotor_msgs/msg/StatusData.msg
[17.276s] -- Symlinking: /home/rizy/planner/3d-navi/3d-navi-ros2_v1/install/quadrotor_msgs/share/quadrotor_msgs/msg/TRPYCommand.msg
[17.291s] -- Symlinking: /home/rizy/planner/3d-navi/3d-navi-ros2_v1/install/quadrotor_msgs/share/quadrotor_msgs/msg/Odometry.msg
[17.300s] -- Symlinking: /home/rizy/planner/3d-navi/3d-navi-ros2_v1/install/quadrotor_msgs/share/quadrotor_msgs/msg/PolynomialTrajectory.msg
[17.308s] -- Symlinking: /home/rizy/planner/3d-navi/3d-navi-ros2_v1/install/quadrotor_msgs/lib/libdecode_msgs.so
[17.316s] -- Symlinking: /home/rizy/planner/3d-navi/3d-navi-ros2_v1/install/quadrotor_msgs/lib/libencode_msgs.so
[17.323s] -- Symlinking: /home/rizy/planner/3d-navi/3d-navi-ros2_v1/install/quadrotor_msgs/share/ament_index/resource_index/package_run_dependencies/quadrotor_msgs
[17.331s] -- Symlinking: /home/rizy/planner/3d-navi/3d-navi-ros2_v1/install/quadrotor_msgs/share/ament_index/resource_index/parent_prefix_path/quadrotor_msgs
[17.339s] -- Symlinking: /home/rizy/planner/3d-navi/3d-navi-ros2_v1/install/quadrotor_msgs/share/quadrotor_msgs/environment/ament_prefix_path.sh
[17.347s] -- Symlinking: /home/rizy/planner/3d-navi/3d-navi-ros2_v1/install/quadrotor_msgs/share/quadrotor_msgs/environment/ament_prefix_path.dsv
[17.355s] -- Symlinking: /home/rizy/planner/3d-navi/3d-navi-ros2_v1/install/quadrotor_msgs/share/quadrotor_msgs/environment/path.sh
[17.362s] -- Symlinking: /home/rizy/planner/3d-navi/3d-navi-ros2_v1/install/quadrotor_msgs/share/quadrotor_msgs/environment/path.dsv
[17.376s] -- Symlinking: /home/rizy/planner/3d-navi/3d-navi-ros2_v1/install/quadrotor_msgs/share/quadrotor_msgs/local_setup.bash
[17.391s] -- Symlinking: /home/rizy/planner/3d-navi/3d-navi-ros2_v1/install/quadrotor_msgs/share/quadrotor_msgs/local_setup.sh
[17.402s] -- Symlinking: /home/rizy/planner/3d-navi/3d-navi-ros2_v1/install/quadrotor_msgs/share/quadrotor_msgs/local_setup.zsh
[17.409s] -- Symlinking: /home/rizy/planner/3d-navi/3d-navi-ros2_v1/install/quadrotor_msgs/share/quadrotor_msgs/local_setup.dsv
[17.417s] -- Symlinking: /home/rizy/planner/3d-navi/3d-navi-ros2_v1/install/quadrotor_msgs/share/quadrotor_msgs/package.dsv
[17.425s] -- Symlinking: /home/rizy/planner/3d-navi/3d-navi-ros2_v1/install/quadrotor_msgs/share/ament_index/resource_index/packages/quadrotor_msgs
[17.433s] -- Symlinking: /home/rizy/planner/3d-navi/3d-navi-ros2_v1/install/quadrotor_msgs/share/quadrotor_msgs/cmake/rosidl_cmake-extras.cmake
[17.440s] -- Symlinking: /home/rizy/planner/3d-navi/3d-navi-ros2_v1/install/quadrotor_msgs/share/quadrotor_msgs/cmake/ament_cmake_export_dependencies-extras.cmake
[17.448s] -- Symlinking: /home/rizy/planner/3d-navi/3d-navi-ros2_v1/install/quadrotor_msgs/share/quadrotor_msgs/cmake/ament_cmake_export_include_directories-extras.cmake
[17.455s] -- Symlinking: /home/rizy/planner/3d-navi/3d-navi-ros2_v1/install/quadrotor_msgs/share/quadrotor_msgs/cmake/ament_cmake_export_libraries-extras.cmake
[17.462s] -- Symlinking: /home/rizy/planner/3d-navi/3d-navi-ros2_v1/install/quadrotor_msgs/share/quadrotor_msgs/cmake/ament_cmake_export_targets-extras.cmake
[17.479s] -- Symlinking: /home/rizy/planner/3d-navi/3d-navi-ros2_v1/install/quadrotor_msgs/share/quadrotor_msgs/cmake/rosidl_cmake_export_typesupport_targets-extras.cmake
[17.498s] -- Symlinking: /home/rizy/planner/3d-navi/3d-navi-ros2_v1/install/quadrotor_msgs/share/quadrotor_msgs/cmake/rosidl_cmake_export_typesupport_libraries-extras.cmake
[17.506s] -- Symlinking: /home/rizy/planner/3d-navi/3d-navi-ros2_v1/install/quadrotor_msgs/share/quadrotor_msgs/cmake/quadrotor_msgsConfig.cmake
[17.513s] -- Symlinking: /home/rizy/planner/3d-navi/3d-navi-ros2_v1/install/quadrotor_msgs/share/quadrotor_msgs/cmake/quadrotor_msgsConfig-version.cmake
[17.521s] -- Symlinking: /home/rizy/planner/3d-navi/3d-navi-ros2_v1/install/quadrotor_msgs/share/quadrotor_msgs/package.xml
[17.528s] -- Installing: /home/rizy/planner/3d-navi/3d-navi-ros2_v1/install/quadrotor_msgs/lib/libquadrotor_msgs__rosidl_generator_c.so
[17.528s] -- Set runtime path of "/home/rizy/planner/3d-navi/3d-navi-ros2_v1/install/quadrotor_msgs/lib/libquadrotor_msgs__rosidl_generator_c.so" to ""
[17.528s] -- Installing: /home/rizy/planner/3d-navi/3d-navi-ros2_v1/install/quadrotor_msgs/lib/libquadrotor_msgs__rosidl_typesupport_fastrtps_c.so
[17.528s] -- Set runtime path of "/home/rizy/planner/3d-navi/3d-navi-ros2_v1/install/quadrotor_msgs/lib/libquadrotor_msgs__rosidl_typesupport_fastrtps_c.so" to ""
[17.529s] -- Installing: /home/rizy/planner/3d-navi/3d-navi-ros2_v1/install/quadrotor_msgs/lib/libquadrotor_msgs__rosidl_typesupport_fastrtps_cpp.so
[17.529s] -- Set runtime path of "/home/rizy/planner/3d-navi/3d-navi-ros2_v1/install/quadrotor_msgs/lib/libquadrotor_msgs__rosidl_typesupport_fastrtps_cpp.so" to ""
[17.529s] -- Installing: /home/rizy/planner/3d-navi/3d-navi-ros2_v1/install/quadrotor_msgs/lib/libquadrotor_msgs__rosidl_typesupport_introspection_c.so
[17.529s] -- Set runtime path of "/home/rizy/planner/3d-navi/3d-navi-ros2_v1/install/quadrotor_msgs/lib/libquadrotor_msgs__rosidl_typesupport_introspection_c.so" to ""
[17.529s] -- Installing: /home/rizy/planner/3d-navi/3d-navi-ros2_v1/install/quadrotor_msgs/lib/libquadrotor_msgs__rosidl_typesupport_c.so
[17.530s] -- Set runtime path of "/home/rizy/planner/3d-navi/3d-navi-ros2_v1/install/quadrotor_msgs/lib/libquadrotor_msgs__rosidl_typesupport_c.so" to ""
[17.530s] -- Installing: /home/rizy/planner/3d-navi/3d-navi-ros2_v1/install/quadrotor_msgs/lib/libquadrotor_msgs__rosidl_typesupport_introspection_cpp.so
[17.530s] -- Set runtime path of "/home/rizy/planner/3d-navi/3d-navi-ros2_v1/install/quadrotor_msgs/lib/libquadrotor_msgs__rosidl_typesupport_introspection_cpp.so" to ""
[17.530s] -- Installing: /home/rizy/planner/3d-navi/3d-navi-ros2_v1/install/quadrotor_msgs/lib/libquadrotor_msgs__rosidl_typesupport_cpp.so
[17.530s] -- Set runtime path of "/home/rizy/planner/3d-navi/3d-navi-ros2_v1/install/quadrotor_msgs/lib/libquadrotor_msgs__rosidl_typesupport_cpp.so" to ""
[17.568s] Listing '/home/rizy/planner/3d-navi/3d-navi-ros2_v1/install/quadrotor_msgs/lib/python3.10/site-packages/quadrotor_msgs'...
[17.568s] Compiling '/home/rizy/planner/3d-navi/3d-navi-ros2_v1/install/quadrotor_msgs/lib/python3.10/site-packages/quadrotor_msgs/__init__.py'...
[17.568s] Listing '/home/rizy/planner/3d-navi/3d-navi-ros2_v1/install/quadrotor_msgs/lib/python3.10/site-packages/quadrotor_msgs/msg'...
[17.568s] Compiling '/home/rizy/planner/3d-navi/3d-navi-ros2_v1/install/quadrotor_msgs/lib/python3.10/site-packages/quadrotor_msgs/msg/__init__.py'...
[17.568s] Compiling '/home/rizy/planner/3d-navi/3d-navi-ros2_v1/install/quadrotor_msgs/lib/python3.10/site-packages/quadrotor_msgs/msg/_aux_command.py'...
[17.568s] Compiling '/home/rizy/planner/3d-navi/3d-navi-ros2_v1/install/quadrotor_msgs/lib/python3.10/site-packages/quadrotor_msgs/msg/_corrections.py'...
[17.568s] Compiling '/home/rizy/planner/3d-navi/3d-navi-ros2_v1/install/quadrotor_msgs/lib/python3.10/site-packages/quadrotor_msgs/msg/_gains.py'...
[17.568s] Compiling '/home/rizy/planner/3d-navi/3d-navi-ros2_v1/install/quadrotor_msgs/lib/python3.10/site-packages/quadrotor_msgs/msg/_lqr_trajectory.py'...
[17.568s] Compiling '/home/rizy/planner/3d-navi/3d-navi-ros2_v1/install/quadrotor_msgs/lib/python3.10/site-packages/quadrotor_msgs/msg/_odometry.py'...
[17.568s] Compiling '/home/rizy/planner/3d-navi/3d-navi-ros2_v1/install/quadrotor_msgs/lib/python3.10/site-packages/quadrotor_msgs/msg/_output_data.py'...
[17.568s] Compiling '/home/rizy/planner/3d-navi/3d-navi-ros2_v1/install/quadrotor_msgs/lib/python3.10/site-packages/quadrotor_msgs/msg/_polynomial_trajectory.py'...
[17.568s] Compiling '/home/rizy/planner/3d-navi/3d-navi-ros2_v1/install/quadrotor_msgs/lib/python3.10/site-packages/quadrotor_msgs/msg/_position_command.py'...
[17.568s] Compiling '/home/rizy/planner/3d-navi/3d-navi-ros2_v1/install/quadrotor_msgs/lib/python3.10/site-packages/quadrotor_msgs/msg/_ppr_output_data.py'...
[17.569s] Compiling '/home/rizy/planner/3d-navi/3d-navi-ros2_v1/install/quadrotor_msgs/lib/python3.10/site-packages/quadrotor_msgs/msg/_serial.py'...
[17.569s] Compiling '/home/rizy/planner/3d-navi/3d-navi-ros2_v1/install/quadrotor_msgs/lib/python3.10/site-packages/quadrotor_msgs/msg/_so3_command.py'...
[17.569s] Compiling '/home/rizy/planner/3d-navi/3d-navi-ros2_v1/install/quadrotor_msgs/lib/python3.10/site-packages/quadrotor_msgs/msg/_status_data.py'...
[17.569s] Compiling '/home/rizy/planner/3d-navi/3d-navi-ros2_v1/install/quadrotor_msgs/lib/python3.10/site-packages/quadrotor_msgs/msg/_trpy_command.py'...
[17.577s] -- Installing: /home/rizy/planner/3d-navi/3d-navi-ros2_v1/install/quadrotor_msgs/lib/libquadrotor_msgs__rosidl_generator_py.so
[17.578s] -- Set runtime path of "/home/rizy/planner/3d-navi/3d-navi-ros2_v1/install/quadrotor_msgs/lib/libquadrotor_msgs__rosidl_generator_py.so" to ""
[17.578s] -- Installing: /home/rizy/planner/3d-navi/3d-navi-ros2_v1/install/quadrotor_msgs/share/quadrotor_msgs/cmake/export_quadrotor_msgs__rosidl_generator_cExport.cmake
[17.578s] -- Installing: /home/rizy/planner/3d-navi/3d-navi-ros2_v1/install/quadrotor_msgs/share/quadrotor_msgs/cmake/export_quadrotor_msgs__rosidl_generator_cExport-noconfig.cmake
[17.578s] -- Installing: /home/rizy/planner/3d-navi/3d-navi-ros2_v1/install/quadrotor_msgs/share/quadrotor_msgs/cmake/export_quadrotor_msgs__rosidl_typesupport_fastrtps_cExport.cmake
[17.578s] -- Installing: /home/rizy/planner/3d-navi/3d-navi-ros2_v1/install/quadrotor_msgs/share/quadrotor_msgs/cmake/export_quadrotor_msgs__rosidl_typesupport_fastrtps_cExport-noconfig.cmake
[17.578s] -- Installing: /home/rizy/planner/3d-navi/3d-navi-ros2_v1/install/quadrotor_msgs/share/quadrotor_msgs/cmake/export_quadrotor_msgs__rosidl_generator_cppExport.cmake
[17.578s] -- Installing: /home/rizy/planner/3d-navi/3d-navi-ros2_v1/install/quadrotor_msgs/share/quadrotor_msgs/cmake/export_quadrotor_msgs__rosidl_typesupport_fastrtps_cppExport.cmake
[17.578s] -- Installing: /home/rizy/planner/3d-navi/3d-navi-ros2_v1/install/quadrotor_msgs/share/quadrotor_msgs/cmake/export_quadrotor_msgs__rosidl_typesupport_fastrtps_cppExport-noconfig.cmake
[17.579s] -- Installing: /home/rizy/planner/3d-navi/3d-navi-ros2_v1/install/quadrotor_msgs/share/quadrotor_msgs/cmake/quadrotor_msgs__rosidl_typesupport_introspection_cExport.cmake
[17.579s] -- Installing: /home/rizy/planner/3d-navi/3d-navi-ros2_v1/install/quadrotor_msgs/share/quadrotor_msgs/cmake/quadrotor_msgs__rosidl_typesupport_introspection_cExport-noconfig.cmake
[17.579s] -- Installing: /home/rizy/planner/3d-navi/3d-navi-ros2_v1/install/quadrotor_msgs/share/quadrotor_msgs/cmake/quadrotor_msgs__rosidl_typesupport_cExport.cmake
[17.579s] -- Installing: /home/rizy/planner/3d-navi/3d-navi-ros2_v1/install/quadrotor_msgs/share/quadrotor_msgs/cmake/quadrotor_msgs__rosidl_typesupport_cExport-noconfig.cmake
[17.579s] -- Installing: /home/rizy/planner/3d-navi/3d-navi-ros2_v1/install/quadrotor_msgs/share/quadrotor_msgs/cmake/quadrotor_msgs__rosidl_typesupport_introspection_cppExport.cmake
[17.579s] -- Installing: /home/rizy/planner/3d-navi/3d-navi-ros2_v1/install/quadrotor_msgs/share/quadrotor_msgs/cmake/quadrotor_msgs__rosidl_typesupport_introspection_cppExport-noconfig.cmake
[17.579s] -- Installing: /home/rizy/planner/3d-navi/3d-navi-ros2_v1/install/quadrotor_msgs/share/quadrotor_msgs/cmake/quadrotor_msgs__rosidl_typesupport_cppExport.cmake
[17.579s] -- Installing: /home/rizy/planner/3d-navi/3d-navi-ros2_v1/install/quadrotor_msgs/share/quadrotor_msgs/cmake/quadrotor_msgs__rosidl_typesupport_cppExport-noconfig.cmake
[17.579s] -- Installing: /home/rizy/planner/3d-navi/3d-navi-ros2_v1/install/quadrotor_msgs/share/quadrotor_msgs/cmake/export_quadrotor_msgs__rosidl_generator_pyExport.cmake
[17.580s] -- Installing: /home/rizy/planner/3d-navi/3d-navi-ros2_v1/install/quadrotor_msgs/share/quadrotor_msgs/cmake/export_quadrotor_msgs__rosidl_generator_pyExport-noconfig.cmake
[17.589s] Invoked command in '/home/rizy/planner/3d-navi/3d-navi-ros2_v1/build/quadrotor_msgs' returned '0': CMAKE_PREFIX_PATH=/opt/ros/humble CONDA_PROMPT_MODIFIER=(myenv) /usr/bin/cmake --install /home/rizy/planner/3d-navi/3d-navi-ros2_v1/build/quadrotor_msgs
