-- The C compiler identification is GNU 11.4.0
-- The CXX compiler identification is GNU 11.4.0
-- Detecting C compiler ABI info
-- Detecting C compiler ABI info - done
-- Check for working C compiler: /usr/bin/cc - skipped
-- Detecting C compile features
-- Detecting C compile features - done
-- Detecting CXX compiler ABI info
-- Detecting CXX compiler ABI info - done
-- Check for working CXX compiler: /usr/bin/c++ - skipped
-- Detecting CXX compile features
-- Detecting CXX compile features - done
-- Found ament_cmake: 1.3.12 (/opt/ros/humble/share/ament_cmake/cmake)
-- Found Python3: /usr/bin/python3 (found version "3.10.12") found components: Interpreter 
-- Override CMake install command with custom implementation using symlinks instead of copying resources
-- Found rclcpp: 16.0.16 (/opt/ros/humble/share/rclcpp/cmake)
-- Found rosidl_generator_c: 3.1.7 (/opt/ros/humble/share/rosidl_generator_c/cmake)
-- Found rosidl_adapter: 3.1.7 (/opt/ros/humble/share/rosidl_adapter/cmake)
-- Found rosidl_generator_cpp: 3.1.7 (/opt/ros/humble/share/rosidl_generator_cpp/cmake)
-- Using all available rosidl_typesupport_c: rosidl_typesupport_fastrtps_c;rosidl_typesupport_introspection_c
-- Using all available rosidl_typesupport_cpp: rosidl_typesupport_fastrtps_cpp;rosidl_typesupport_introspection_cpp
-- Found rmw_implementation_cmake: 6.1.2 (/opt/ros/humble/share/rmw_implementation_cmake/cmake)
-- Found rmw_cyclonedds_cpp: 1.3.4 (/opt/ros/humble/share/rmw_cyclonedds_cpp/cmake)
-- Using RMW implementation 'rmw_cyclonedds_cpp' as default
-- Looking for pthread.h
-- Looking for pthread.h - found
-- Performing Test CMAKE_HAVE_LIBC_PTHREAD
-- Performing Test CMAKE_HAVE_LIBC_PTHREAD - Success
-- Found Threads: TRUE  
-- Found geometry_msgs: 4.9.0 (/opt/ros/humble/share/geometry_msgs/cmake)
-- Found visualization_msgs: 4.9.0 (/opt/ros/humble/share/visualization_msgs/cmake)
-- Found rosidl_default_generators: 1.2.0 (/opt/ros/humble/share/rosidl_default_generators/cmake)
-- Checking for module 'eigen3'
--   Found eigen3, version 3.4.0
-- Found Eigen: /usr/include/eigen3 (Required is at least version "3.1") 
-- Eigen found (include: /usr/include/eigen3, version: 3.4.0)
-- Found Boost: /usr/lib/x86_64-linux-gnu/cmake/Boost-1.74.0/BoostConfig.cmake (found suitable version "1.74.0", minimum required is "1.65.0") found components: system filesystem date_time iostreams serialization 
-- Checking for module 'flann'
--   Found flann, version 1.9.1
-- Found FLANN: /usr/lib/x86_64-linux-gnu/libflann_cpp.so  
-- FLANN found (include: /usr/include, lib: /usr/lib/x86_64-linux-gnu/libflann_cpp.so)
-- Found GLEW: /usr/lib/x86_64-linux-gnu/libGLEW.so  
-- Found OpenGL: /usr/lib/x86_64-linux-gnu/libOpenGL.so  found components: OpenGL GLX 
-- Found MPI_C: /usr/lib/x86_64-linux-gnu/libmpi.so (found version "3.1") 
-- Found MPI: TRUE (found version "3.1") found components: C 
-- Found JsonCpp: /usr/lib/x86_64-linux-gnu/libjsoncpp.so (found suitable version "1.9.5", minimum required is "0.7.0") 
-- Found ZLIB: /usr/lib/x86_64-linux-gnu/libz.so (found version "1.2.11") 
-- Found PNG: /usr/lib/x86_64-linux-gnu/libpng.so (found version "1.6.37") 
-- Found Eigen3: /usr/include/eigen3 (found version "3.4.0") 
-- Found X11: /usr/include   
-- Looking for XOpenDisplay in /usr/lib/x86_64-linux-gnu/libX11.so;/usr/lib/x86_64-linux-gnu/libXext.so
-- Looking for XOpenDisplay in /usr/lib/x86_64-linux-gnu/libX11.so;/usr/lib/x86_64-linux-gnu/libXext.so - found
-- Looking for gethostbyname
-- Looking for gethostbyname - found
-- Looking for connect
-- Looking for connect - found
-- Looking for remove
-- Looking for remove - found
-- Looking for shmat
-- Looking for shmat - found
-- Looking for IceConnectionNumber in ICE
-- Looking for IceConnectionNumber in ICE - found
-- Found EXPAT: /usr/lib/x86_64-linux-gnu/libexpat.so (found version "2.4.7") 
-- Found double-conversion: /usr/lib/x86_64-linux-gnu/libdouble-conversion.so  
-- Found LZ4: /usr/lib/x86_64-linux-gnu/liblz4.so (found version "1.9.3") 
-- Found LZMA: /usr/lib/x86_64-linux-gnu/liblzma.so (found version "5.2.5") 
-- Found JPEG: /usr/lib/x86_64-linux-gnu/libjpeg.so (found version "80") 
-- Found TIFF: /usr/lib/x86_64-linux-gnu/libtiff.so (found version "4.3.0")  
-- Found Freetype: /usr/lib/x86_64-linux-gnu/libfreetype.so (found version "2.11.1") 
-- Found utf8cpp: /usr/include/utf8cpp  
-- Checking for module 'libusb-1.0'
--   Found libusb-1.0, version 1.0.25
-- Found libusb: /usr/lib/x86_64-linux-gnu/libusb-1.0.so  
-- Found OpenNI: /usr/lib/libOpenNI.so;libusb::libusb (found version "1.5.4.0") 
-- OpenNI found (version: 1.5.4.0, include: /usr/include/ni, lib: /usr/lib/libOpenNI.so;libusb::libusb)
-- Found OpenNI2: /usr/lib/x86_64-linux-gnu/libOpenNI2.so;libusb::libusb (found version "2.2.0.33") 
-- OpenNI2 found (version: 2.2.0.33, include: /usr/include/openni2, lib: /usr/lib/x86_64-linux-gnu/libOpenNI2.so;libusb::libusb)
** WARNING ** io features related to pcap will be disabled
-- Eigen found (include: /usr/include/eigen3, version: 3.4.0)
-- OpenNI found (version: 1.5.4.0, include: /usr/include/ni, lib: /usr/lib/libOpenNI.so;libusb::libusb)
-- OpenNI2 found (version: 2.2.0.33, include: /usr/include/openni2, lib: /usr/lib/x86_64-linux-gnu/libOpenNI2.so;libusb::libusb)
-- Found Qhull version 8.0.2
-- OpenNI found (version: 1.5.4.0, include: /usr/include/ni, lib: /usr/lib/libOpenNI.so;libusb::libusb)
-- looking for PCL_COMMON
-- Found PCL_COMMON: /usr/lib/x86_64-linux-gnu/libpcl_common.so  
-- looking for PCL_KDTREE
-- Found PCL_KDTREE: /usr/lib/x86_64-linux-gnu/libpcl_kdtree.so  
-- looking for PCL_OCTREE
-- Found PCL_OCTREE: /usr/lib/x86_64-linux-gnu/libpcl_octree.so  
-- looking for PCL_SEARCH
-- Found PCL_SEARCH: /usr/lib/x86_64-linux-gnu/libpcl_search.so  
-- looking for PCL_SAMPLE_CONSENSUS
-- Found PCL_SAMPLE_CONSENSUS: /usr/lib/x86_64-linux-gnu/libpcl_sample_consensus.so  
-- looking for PCL_FILTERS
-- Found PCL_FILTERS: /usr/lib/x86_64-linux-gnu/libpcl_filters.so  
-- looking for PCL_2D
-- Found PCL_2D: /usr/include/pcl-1.12  
-- looking for PCL_GEOMETRY
-- Found PCL_GEOMETRY: /usr/include/pcl-1.12  
-- looking for PCL_IO
-- Found PCL_IO: /usr/lib/x86_64-linux-gnu/libpcl_io.so  
-- looking for PCL_FEATURES
-- Found PCL_FEATURES: /usr/lib/x86_64-linux-gnu/libpcl_features.so  
-- looking for PCL_ML
-- Found PCL_ML: /usr/lib/x86_64-linux-gnu/libpcl_ml.so  
-- looking for PCL_SEGMENTATION
-- Found PCL_SEGMENTATION: /usr/lib/x86_64-linux-gnu/libpcl_segmentation.so  
-- looking for PCL_VISUALIZATION
-- Found PCL_VISUALIZATION: /usr/lib/x86_64-linux-gnu/libpcl_visualization.so  
-- looking for PCL_SURFACE
-- Found PCL_SURFACE: /usr/lib/x86_64-linux-gnu/libpcl_surface.so  
-- looking for PCL_REGISTRATION
-- Found PCL_REGISTRATION: /usr/lib/x86_64-linux-gnu/libpcl_registration.so  
-- looking for PCL_KEYPOINTS
-- Found PCL_KEYPOINTS: /usr/lib/x86_64-linux-gnu/libpcl_keypoints.so  
-- looking for PCL_TRACKING
-- Found PCL_TRACKING: /usr/lib/x86_64-linux-gnu/libpcl_tracking.so  
-- looking for PCL_RECOGNITION
-- Found PCL_RECOGNITION: /usr/lib/x86_64-linux-gnu/libpcl_recognition.so  
-- looking for PCL_STEREO
-- Found PCL_STEREO: /usr/lib/x86_64-linux-gnu/libpcl_stereo.so  
-- looking for PCL_APPS
-- Found PCL_APPS: /usr/lib/x86_64-linux-gnu/libpcl_apps.so  
-- looking for PCL_IN_HAND_SCANNER
-- Found PCL_IN_HAND_SCANNER: /usr/include/pcl-1.12  
-- looking for PCL_MODELER
-- Found PCL_MODELER: /usr/include/pcl-1.12  
-- looking for PCL_POINT_CLOUD_EDITOR
-- Found PCL_POINT_CLOUD_EDITOR: /usr/include/pcl-1.12  
-- looking for PCL_OUTOFCORE
-- Found PCL_OUTOFCORE: /usr/lib/x86_64-linux-gnu/libpcl_outofcore.so  
-- looking for PCL_PEOPLE
-- Found PCL_PEOPLE: /usr/lib/x86_64-linux-gnu/libpcl_people.so  
-- Found PCL: pcl_common;pcl_kdtree;pcl_octree;pcl_search;pcl_sample_consensus;pcl_filters;pcl_io;pcl_features;pcl_ml;pcl_segmentation;pcl_visualization;pcl_surface;pcl_registration;pcl_keypoints;pcl_tracking;pcl_recognition;pcl_stereo;pcl_apps;pcl_outofcore;pcl_people;Boost::system;Boost::filesystem;Boost::date_time;Boost::iostreams;Boost::serialization;/usr/lib/libOpenNI.so;libusb::libusb;/usr/lib/x86_64-linux-gnu/libOpenNI2.so;libusb::libusb;VTK::ChartsCore;VTK::CommonColor;VTK::CommonComputationalGeometry;VTK::CommonCore;VTK::CommonDataModel;VTK::CommonExecutionModel;VTK::CommonMath;VTK::CommonMisc;VTK::CommonTransforms;VTK::FiltersCore;VTK::FiltersExtraction;VTK::FiltersGeneral;VTK::FiltersGeometry;VTK::FiltersModeling;VTK::FiltersSources;VTK::ImagingCore;VTK::ImagingSources;VTK::InteractionImage;VTK::InteractionStyle;VTK::InteractionWidgets;VTK::IOCore;VTK::IOGeometry;VTK::IOImage;VTK::IOLegacy;VTK::IOPLY;VTK::RenderingAnnotation;VTK::RenderingCore;VTK::RenderingContext2D;VTK::RenderingLOD;VTK::RenderingFreeType;VTK::ViewsCore;VTK::ViewsContext2D;VTK::RenderingOpenGL2;VTK::GUISupportQt;FLANN::FLANN;QHULL::QHULL  
-- Found ament_cmake_ros: 0.10.0 (/opt/ros/humble/share/ament_cmake_ros/cmake)
-- Using all available rosidl_typesupport_c: rosidl_typesupport_fastrtps_c;rosidl_typesupport_introspection_c
-- Using all available rosidl_typesupport_cpp: rosidl_typesupport_fastrtps_cpp;rosidl_typesupport_introspection_cpp
-- Found PythonInterp: /home/rizy/anaconda3/envs/myenv/bin/python3 (found suitable version "3.10.19", minimum required is "3.6") 
-- Found python_cmake_module: 0.10.0 (/opt/ros/humble/share/python_cmake_module/cmake)
-- Found PythonLibs: /home/rizy/anaconda3/envs/myenv/lib/libpython3.10.so (found suitable version "3.10.19", minimum required is "3.5") 
-- Using PYTHON_EXECUTABLE: /home/rizy/anaconda3/envs/myenv/bin/python3
-- Using PYTHON_INCLUDE_DIRS: /home/rizy/anaconda3/envs/myenv/include/python3.10
-- Using PYTHON_LIBRARIES: /home/rizy/anaconda3/envs/myenv/lib/libpython3.10.so
-- Found PythonExtra: .so  
-- Using numpy include directory: /home/rizy/.local/lib/python3.10/site-packages/numpy/core/include
-- Found ament_lint_auto: 0.12.14 (/opt/ros/humble/share/ament_lint_auto/cmake)
-- Added test 'cppcheck' to perform static code analysis on C / C++ code
-- Configured cppcheck include dirs: /home/rizy/planner/3d-navi/3d-navi-ros2_v1/src/planner/traj_utils/include
-- Configured cppcheck exclude dirs and/or files: 
-- Added test 'lint_cmake' to check CMake code style
-- Added test 'uncrustify' to check C / C++ code style
-- Configured uncrustify additional arguments: 
-- Added test 'xmllint' to check XML markup files
-- Configuring done
CMake Warning at /opt/ros/humble/share/rosidl_generator_py/cmake/rosidl_generator_py_generate_interfaces.cmake:166 (add_library):
  Cannot generate a safe runtime search path for target
  traj_utils__rosidl_generator_py because files in some directories may
  conflict with libraries in implicit directories:

    runtime library [libpython3.10.so.1.0] in /usr/lib/x86_64-linux-gnu may be hidden by files in:
      /home/rizy/anaconda3/envs/myenv/lib

  Some of these libraries may not be found correctly.
Call Stack (most recent call first):
  /opt/ros/humble/share/ament_cmake_core/cmake/core/ament_execute_extensions.cmake:48 (include)
  /opt/ros/humble/share/rosidl_cmake/cmake/rosidl_generate_interfaces.cmake:286 (ament_execute_extensions)
  CMakeLists.txt:26 (rosidl_generate_interfaces)


CMake Warning at /opt/ros/humble/share/rosidl_generator_py/cmake/rosidl_generator_py_generate_interfaces.cmake:226 (add_library):
  Cannot generate a safe runtime search path for target
  traj_utils__rosidl_typesupport_fastrtps_c__pyext because files in some
  directories may conflict with libraries in implicit directories:

    runtime library [libpython3.10.so.1.0] in /usr/lib/x86_64-linux-gnu may be hidden by files in:
      /home/rizy/anaconda3/envs/myenv/lib

  Some of these libraries may not be found correctly.
Call Stack (most recent call first):
  /opt/ros/humble/share/ament_cmake_core/cmake/core/ament_execute_extensions.cmake:48 (include)
  /opt/ros/humble/share/rosidl_cmake/cmake/rosidl_generate_interfaces.cmake:286 (ament_execute_extensions)
  CMakeLists.txt:26 (rosidl_generate_interfaces)


CMake Warning at /opt/ros/humble/share/rosidl_generator_py/cmake/rosidl_generator_py_generate_interfaces.cmake:226 (add_library):
  Cannot generate a safe runtime search path for target
  traj_utils__rosidl_typesupport_introspection_c__pyext because files in some
  directories may conflict with libraries in implicit directories:

    runtime library [libpython3.10.so.1.0] in /usr/lib/x86_64-linux-gnu may be hidden by files in:
      /home/rizy/anaconda3/envs/myenv/lib

  Some of these libraries may not be found correctly.
Call Stack (most recent call first):
  /opt/ros/humble/share/ament_cmake_core/cmake/core/ament_execute_extensions.cmake:48 (include)
  /opt/ros/humble/share/rosidl_cmake/cmake/rosidl_generate_interfaces.cmake:286 (ament_execute_extensions)
  CMakeLists.txt:26 (rosidl_generate_interfaces)


CMake Warning at /opt/ros/humble/share/rosidl_generator_py/cmake/rosidl_generator_py_generate_interfaces.cmake:226 (add_library):
  Cannot generate a safe runtime search path for target
  traj_utils__rosidl_typesupport_c__pyext because files in some directories
  may conflict with libraries in implicit directories:

    runtime library [libpython3.10.so.1.0] in /usr/lib/x86_64-linux-gnu may be hidden by files in:
      /home/rizy/anaconda3/envs/myenv/lib

  Some of these libraries may not be found correctly.
Call Stack (most recent call first):
  /opt/ros/humble/share/ament_cmake_core/cmake/core/ament_execute_extensions.cmake:48 (include)
  /opt/ros/humble/share/rosidl_cmake/cmake/rosidl_generate_interfaces.cmake:286 (ament_execute_extensions)
  CMakeLists.txt:26 (rosidl_generate_interfaces)


-- Generating done
-- Build files have been written to: /home/rizy/planner/3d-navi/3d-navi-ros2_v1/build/traj_utils
[  2%] Generating C code for ROS interfaces
Consolidate compiler generated dependencies of target traj_utils_lib
[  4%] Generating C++ code for ROS interfaces
[  6%] Linking CXX shared library libtraj_utils_lib.so
[  6%] Built target ament_cmake_python_symlink_traj_utils
running egg_info
writing traj_utils.egg-info/PKG-INFO
writing dependency_links to traj_utils.egg-info/dependency_links.txt
writing top-level names to traj_utils.egg-info/top_level.txt
reading manifest file 'traj_utils.egg-info/SOURCES.txt'
writing manifest file 'traj_utils.egg-info/SOURCES.txt'
Consolidate compiler generated dependencies of target traj_utils__rosidl_generator_c
[  6%] Built target traj_utils__cpp
[ 12%] Building C object CMakeFiles/traj_utils__rosidl_generator_c.dir/rosidl_generator_c/traj_utils/msg/detail/multi_bsplines__functions.c.o
[ 12%] Building C object CMakeFiles/traj_utils__rosidl_generator_c.dir/rosidl_generator_c/traj_utils/msg/detail/bspline__functions.c.o
[ 12%] Building C object CMakeFiles/traj_utils__rosidl_generator_c.dir/rosidl_generator_c/traj_utils/msg/detail/data_disp__functions.c.o
[ 12%] Built target ament_cmake_python_build_traj_utils_egg
[ 14%] Generating C++ type support dispatch for ROS interfaces
[ 16%] Generating C++ introspection for ROS interfaces
[ 18%] Generating C++ type support for eProsima Fast-RTPS
[ 20%] Linking C shared library libtraj_utils__rosidl_generator_c.so
[ 20%] Built target traj_utils__rosidl_generator_c
[ 24%] Generating C introspection for ROS interfaces
[ 24%] Generating C type support dispatch for ROS interfaces
[ 26%] Generating C type support for eProsima Fast-RTPS
Consolidate compiler generated dependencies of target traj_utils__rosidl_typesupport_cpp
Consolidate compiler generated dependencies of target traj_utils__rosidl_typesupport_fastrtps_cpp
[ 28%] Building CXX object CMakeFiles/traj_utils__rosidl_typesupport_cpp.dir/rosidl_typesupport_cpp/traj_utils/msg/bspline__type_support.cpp.o
[ 30%] Building CXX object CMakeFiles/traj_utils__rosidl_typesupport_cpp.dir/rosidl_typesupport_cpp/traj_utils/msg/multi_bsplines__type_support.cpp.o
[ 32%] Building CXX object CMakeFiles/traj_utils__rosidl_typesupport_fastrtps_cpp.dir/rosidl_typesupport_fastrtps_cpp/traj_utils/msg/detail/dds_fastrtps/bspline__type_support.cpp.o
[ 34%] Building CXX object CMakeFiles/traj_utils__rosidl_typesupport_cpp.dir/rosidl_typesupport_cpp/traj_utils/msg/data_disp__type_support.cpp.o
Consolidate compiler generated dependencies of target traj_utils__rosidl_typesupport_introspection_cpp
[ 36%] Building CXX object CMakeFiles/traj_utils__rosidl_typesupport_fastrtps_cpp.dir/rosidl_typesupport_fastrtps_cpp/traj_utils/msg/detail/dds_fastrtps/multi_bsplines__type_support.cpp.o
[ 38%] Building CXX object CMakeFiles/traj_utils__rosidl_typesupport_fastrtps_cpp.dir/rosidl_typesupport_fastrtps_cpp/traj_utils/msg/detail/dds_fastrtps/data_disp__type_support.cpp.o
[ 42%] Building CXX object CMakeFiles/traj_utils__rosidl_typesupport_introspection_cpp.dir/rosidl_typesupport_introspection_cpp/traj_utils/msg/detail/data_disp__type_support.cpp.o
[ 42%] Building CXX object CMakeFiles/traj_utils__rosidl_typesupport_introspection_cpp.dir/rosidl_typesupport_introspection_cpp/traj_utils/msg/detail/bspline__type_support.cpp.o
[ 44%] Building CXX object CMakeFiles/traj_utils__rosidl_typesupport_introspection_cpp.dir/rosidl_typesupport_introspection_cpp/traj_utils/msg/detail/multi_bsplines__type_support.cpp.o
Consolidate compiler generated dependencies of target traj_utils__rosidl_typesupport_introspection_c
Consolidate compiler generated dependencies of target traj_utils__rosidl_typesupport_c
Consolidate compiler generated dependencies of target traj_utils__rosidl_typesupport_fastrtps_c
[ 50%] Building CXX object CMakeFiles/traj_utils__rosidl_typesupport_c.dir/rosidl_typesupport_c/traj_utils/msg/multi_bsplines__type_support.cpp.o
[ 50%] Building C object CMakeFiles/traj_utils__rosidl_typesupport_introspection_c.dir/rosidl_typesupport_introspection_c/traj_utils/msg/detail/data_disp__type_support.c.o
[ 50%] Building CXX object CMakeFiles/traj_utils__rosidl_typesupport_c.dir/rosidl_typesupport_c/traj_utils/msg/bspline__type_support.cpp.o
[ 56%] Building CXX object CMakeFiles/traj_utils__rosidl_typesupport_c.dir/rosidl_typesupport_c/traj_utils/msg/data_disp__type_support.cpp.o
[ 56%] Building C object CMakeFiles/traj_utils__rosidl_typesupport_introspection_c.dir/rosidl_typesupport_introspection_c/traj_utils/msg/detail/multi_bsplines__type_support.c.o
[ 56%] Building C object CMakeFiles/traj_utils__rosidl_typesupport_introspection_c.dir/rosidl_typesupport_introspection_c/traj_utils/msg/detail/bspline__type_support.c.o
[ 58%] Building CXX object CMakeFiles/traj_utils__rosidl_typesupport_fastrtps_c.dir/rosidl_typesupport_fastrtps_c/traj_utils/msg/detail/data_disp__type_support_c.cpp.o
[ 60%] Building CXX object CMakeFiles/traj_utils__rosidl_typesupport_fastrtps_c.dir/rosidl_typesupport_fastrtps_c/traj_utils/msg/detail/bspline__type_support_c.cpp.o
[ 62%] Building CXX object CMakeFiles/traj_utils__rosidl_typesupport_fastrtps_c.dir/rosidl_typesupport_fastrtps_c/traj_utils/msg/detail/multi_bsplines__type_support_c.cpp.o
[ 64%] Linking CXX shared library libtraj_utils__rosidl_typesupport_c.so
[ 66%] Linking C shared library libtraj_utils__rosidl_typesupport_introspection_c.so
[ 66%] Built target traj_utils__rosidl_typesupport_introspection_c
[ 70%] Built target traj_utils_lib
[ 70%] Built target traj_utils__rosidl_typesupport_c
[ 72%] Linking CXX shared library libtraj_utils__rosidl_typesupport_cpp.so
[ 72%] Built target traj_utils__rosidl_typesupport_cpp
[ 74%] Linking CXX shared library libtraj_utils__rosidl_typesupport_fastrtps_c.so
[ 76%] Linking CXX shared library libtraj_utils__rosidl_typesupport_fastrtps_cpp.so
[ 76%] Built target traj_utils__rosidl_typesupport_fastrtps_c
[ 78%] Linking CXX shared library libtraj_utils__rosidl_typesupport_introspection_cpp.so
[ 78%] Built target traj_utils__rosidl_typesupport_fastrtps_cpp
[ 78%] Built target traj_utils__rosidl_typesupport_introspection_cpp
[ 78%] Built target traj_utils
[ 80%] Built target traj_utils__py
Consolidate compiler generated dependencies of target traj_utils__rosidl_generator_py
[ 84%] Building C object CMakeFiles/traj_utils__rosidl_generator_py.dir/rosidl_generator_py/traj_utils/msg/_data_disp_s.c.o
[ 84%] Building C object CMakeFiles/traj_utils__rosidl_generator_py.dir/rosidl_generator_py/traj_utils/msg/_bspline_s.c.o
[ 86%] Building C object CMakeFiles/traj_utils__rosidl_generator_py.dir/rosidl_generator_py/traj_utils/msg/_multi_bsplines_s.c.o
[ 88%] Linking C shared library rosidl_generator_py/traj_utils/libtraj_utils__rosidl_generator_py.so
[ 88%] Built target traj_utils__rosidl_generator_py
Consolidate compiler generated dependencies of target traj_utils__rosidl_typesupport_introspection_c__pyext
Consolidate compiler generated dependencies of target traj_utils__rosidl_typesupport_c__pyext
Consolidate compiler generated dependencies of target traj_utils__rosidl_typesupport_fastrtps_c__pyext
[ 90%] Building C object CMakeFiles/traj_utils__rosidl_typesupport_fastrtps_c__pyext.dir/rosidl_generator_py/traj_utils/_traj_utils_s.ep.rosidl_typesupport_fastrtps_c.c.o
[ 92%] Building C object CMakeFiles/traj_utils__rosidl_typesupport_c__pyext.dir/rosidl_generator_py/traj_utils/_traj_utils_s.ep.rosidl_typesupport_c.c.o
[ 94%] Building C object CMakeFiles/traj_utils__rosidl_typesupport_introspection_c__pyext.dir/rosidl_generator_py/traj_utils/_traj_utils_s.ep.rosidl_typesupport_introspection_c.c.o
[ 96%] Linking C shared library rosidl_generator_py/traj_utils/traj_utils_s__rosidl_typesupport_introspection_c.cpython-310-x86_64-linux-gnu.so
[ 98%] Linking C shared library rosidl_generator_py/traj_utils/traj_utils_s__rosidl_typesupport_fastrtps_c.cpython-310-x86_64-linux-gnu.so
[100%] Linking C shared library rosidl_generator_py/traj_utils/traj_utils_s__rosidl_typesupport_c.cpython-310-x86_64-linux-gnu.so
[100%] Built target traj_utils__rosidl_typesupport_introspection_c__pyext
[100%] Built target traj_utils__rosidl_typesupport_fastrtps_c__pyext
[100%] Built target traj_utils__rosidl_typesupport_c__pyext
-- Install configuration: "Release"
-- Execute custom install script
-- Up-to-date symlink: /home/rizy/planner/3d-navi/3d-navi-ros2_v1/install/traj_utils/share/ament_index/resource_index/rosidl_interfaces/traj_utils
-- Up-to-date symlink: /home/rizy/planner/3d-navi/3d-navi-ros2_v1/install/traj_utils/include/traj_utils/traj_utils/msg/bspline.h
-- Up-to-date symlink: /home/rizy/planner/3d-navi/3d-navi-ros2_v1/install/traj_utils/include/traj_utils/traj_utils/msg/data_disp.h
-- Up-to-date symlink: /home/rizy/planner/3d-navi/3d-navi-ros2_v1/install/traj_utils/include/traj_utils/traj_utils/msg/detail/bspline__functions.h
-- Up-to-date symlink: /home/rizy/planner/3d-navi/3d-navi-ros2_v1/install/traj_utils/include/traj_utils/traj_utils/msg/detail/bspline__struct.h
-- Up-to-date symlink: /home/rizy/planner/3d-navi/3d-navi-ros2_v1/install/traj_utils/include/traj_utils/traj_utils/msg/detail/bspline__type_support.h
-- Up-to-date symlink: /home/rizy/planner/3d-navi/3d-navi-ros2_v1/install/traj_utils/include/traj_utils/traj_utils/msg/detail/data_disp__functions.h
-- Up-to-date symlink: /home/rizy/planner/3d-navi/3d-navi-ros2_v1/install/traj_utils/include/traj_utils/traj_utils/msg/detail/data_disp__struct.h
-- Up-to-date symlink: /home/rizy/planner/3d-navi/3d-navi-ros2_v1/install/traj_utils/include/traj_utils/traj_utils/msg/detail/data_disp__type_support.h
-- Up-to-date symlink: /home/rizy/planner/3d-navi/3d-navi-ros2_v1/install/traj_utils/include/traj_utils/traj_utils/msg/detail/multi_bsplines__functions.h
-- Up-to-date symlink: /home/rizy/planner/3d-navi/3d-navi-ros2_v1/install/traj_utils/include/traj_utils/traj_utils/msg/detail/multi_bsplines__struct.h
-- Up-to-date symlink: /home/rizy/planner/3d-navi/3d-navi-ros2_v1/install/traj_utils/include/traj_utils/traj_utils/msg/detail/multi_bsplines__type_support.h
-- Up-to-date symlink: /home/rizy/planner/3d-navi/3d-navi-ros2_v1/install/traj_utils/include/traj_utils/traj_utils/msg/multi_bsplines.h
-- Up-to-date symlink: /home/rizy/planner/3d-navi/3d-navi-ros2_v1/install/traj_utils/include/traj_utils/traj_utils/msg/rosidl_generator_c__visibility_control.h
-- Up-to-date symlink: /home/rizy/planner/3d-navi/3d-navi-ros2_v1/install/traj_utils/share/traj_utils/environment/library_path.sh
-- Up-to-date symlink: /home/rizy/planner/3d-navi/3d-navi-ros2_v1/install/traj_utils/share/traj_utils/environment/library_path.dsv
-- Up-to-date symlink: /home/rizy/planner/3d-navi/3d-navi-ros2_v1/install/traj_utils/include/traj_utils/traj_utils/msg/detail/bspline__rosidl_typesupport_fastrtps_c.h
-- Up-to-date symlink: /home/rizy/planner/3d-navi/3d-navi-ros2_v1/install/traj_utils/include/traj_utils/traj_utils/msg/detail/data_disp__rosidl_typesupport_fastrtps_c.h
-- Up-to-date symlink: /home/rizy/planner/3d-navi/3d-navi-ros2_v1/install/traj_utils/include/traj_utils/traj_utils/msg/detail/multi_bsplines__rosidl_typesupport_fastrtps_c.h
-- Up-to-date symlink: /home/rizy/planner/3d-navi/3d-navi-ros2_v1/install/traj_utils/include/traj_utils/traj_utils/msg/rosidl_typesupport_fastrtps_c__visibility_control.h
-- Up-to-date symlink: /home/rizy/planner/3d-navi/3d-navi-ros2_v1/install/traj_utils/include/traj_utils/traj_utils/msg/bspline.hpp
-- Up-to-date symlink: /home/rizy/planner/3d-navi/3d-navi-ros2_v1/install/traj_utils/include/traj_utils/traj_utils/msg/data_disp.hpp
-- Up-to-date symlink: /home/rizy/planner/3d-navi/3d-navi-ros2_v1/install/traj_utils/include/traj_utils/traj_utils/msg/detail/bspline__builder.hpp
-- Up-to-date symlink: /home/rizy/planner/3d-navi/3d-navi-ros2_v1/install/traj_utils/include/traj_utils/traj_utils/msg/detail/bspline__struct.hpp
-- Up-to-date symlink: /home/rizy/planner/3d-navi/3d-navi-ros2_v1/install/traj_utils/include/traj_utils/traj_utils/msg/detail/bspline__traits.hpp
-- Up-to-date symlink: /home/rizy/planner/3d-navi/3d-navi-ros2_v1/install/traj_utils/include/traj_utils/traj_utils/msg/detail/bspline__type_support.hpp
-- Up-to-date symlink: /home/rizy/planner/3d-navi/3d-navi-ros2_v1/install/traj_utils/include/traj_utils/traj_utils/msg/detail/data_disp__builder.hpp
-- Up-to-date symlink: /home/rizy/planner/3d-navi/3d-navi-ros2_v1/install/traj_utils/include/traj_utils/traj_utils/msg/detail/data_disp__struct.hpp
-- Up-to-date symlink: /home/rizy/planner/3d-navi/3d-navi-ros2_v1/install/traj_utils/include/traj_utils/traj_utils/msg/detail/data_disp__traits.hpp
-- Up-to-date symlink: /home/rizy/planner/3d-navi/3d-navi-ros2_v1/install/traj_utils/include/traj_utils/traj_utils/msg/detail/data_disp__type_support.hpp
-- Up-to-date symlink: /home/rizy/planner/3d-navi/3d-navi-ros2_v1/install/traj_utils/include/traj_utils/traj_utils/msg/detail/multi_bsplines__builder.hpp
-- Up-to-date symlink: /home/rizy/planner/3d-navi/3d-navi-ros2_v1/install/traj_utils/include/traj_utils/traj_utils/msg/detail/multi_bsplines__struct.hpp
-- Up-to-date symlink: /home/rizy/planner/3d-navi/3d-navi-ros2_v1/install/traj_utils/include/traj_utils/traj_utils/msg/detail/multi_bsplines__traits.hpp
-- Up-to-date symlink: /home/rizy/planner/3d-navi/3d-navi-ros2_v1/install/traj_utils/include/traj_utils/traj_utils/msg/detail/multi_bsplines__type_support.hpp
-- Up-to-date symlink: /home/rizy/planner/3d-navi/3d-navi-ros2_v1/install/traj_utils/include/traj_utils/traj_utils/msg/multi_bsplines.hpp
-- Up-to-date symlink: /home/rizy/planner/3d-navi/3d-navi-ros2_v1/install/traj_utils/include/traj_utils/traj_utils/msg/rosidl_generator_cpp__visibility_control.hpp
-- Up-to-date symlink: /home/rizy/planner/3d-navi/3d-navi-ros2_v1/install/traj_utils/include/traj_utils/traj_utils/msg/detail/bspline__rosidl_typesupport_fastrtps_cpp.hpp
-- Up-to-date symlink: /home/rizy/planner/3d-navi/3d-navi-ros2_v1/install/traj_utils/include/traj_utils/traj_utils/msg/detail/data_disp__rosidl_typesupport_fastrtps_cpp.hpp
-- Up-to-date symlink: /home/rizy/planner/3d-navi/3d-navi-ros2_v1/install/traj_utils/include/traj_utils/traj_utils/msg/detail/multi_bsplines__rosidl_typesupport_fastrtps_cpp.hpp
-- Up-to-date symlink: /home/rizy/planner/3d-navi/3d-navi-ros2_v1/install/traj_utils/include/traj_utils/traj_utils/msg/rosidl_typesupport_fastrtps_cpp__visibility_control.h
-- Up-to-date symlink: /home/rizy/planner/3d-navi/3d-navi-ros2_v1/install/traj_utils/include/traj_utils/traj_utils/msg/detail/bspline__rosidl_typesupport_introspection_c.h
-- Up-to-date symlink: /home/rizy/planner/3d-navi/3d-navi-ros2_v1/install/traj_utils/include/traj_utils/traj_utils/msg/detail/data_disp__rosidl_typesupport_introspection_c.h
-- Up-to-date symlink: /home/rizy/planner/3d-navi/3d-navi-ros2_v1/install/traj_utils/include/traj_utils/traj_utils/msg/detail/multi_bsplines__rosidl_typesupport_introspection_c.h
-- Up-to-date symlink: /home/rizy/planner/3d-navi/3d-navi-ros2_v1/install/traj_utils/include/traj_utils/traj_utils/msg/rosidl_typesupport_introspection_c__visibility_control.h
-- Up-to-date symlink: /home/rizy/planner/3d-navi/3d-navi-ros2_v1/install/traj_utils/include/traj_utils/traj_utils/msg/detail/bspline__rosidl_typesupport_introspection_cpp.hpp
-- Up-to-date symlink: /home/rizy/planner/3d-navi/3d-navi-ros2_v1/install/traj_utils/include/traj_utils/traj_utils/msg/detail/data_disp__rosidl_typesupport_introspection_cpp.hpp
-- Up-to-date symlink: /home/rizy/planner/3d-navi/3d-navi-ros2_v1/install/traj_utils/include/traj_utils/traj_utils/msg/detail/multi_bsplines__rosidl_typesupport_introspection_cpp.hpp
-- Up-to-date symlink: /home/rizy/planner/3d-navi/3d-navi-ros2_v1/install/traj_utils/share/traj_utils/environment/pythonpath.sh
-- Up-to-date symlink: /home/rizy/planner/3d-navi/3d-navi-ros2_v1/install/traj_utils/share/traj_utils/environment/pythonpath.dsv
-- Symlinking: /home/rizy/planner/3d-navi/3d-navi-ros2_v1/install/traj_utils/local/lib/python3.10/dist-packages/traj_utils-0.0.0-py3.10.egg-info/PKG-INFO
-- Symlinking: /home/rizy/planner/3d-navi/3d-navi-ros2_v1/install/traj_utils/local/lib/python3.10/dist-packages/traj_utils-0.0.0-py3.10.egg-info/SOURCES.txt
-- Symlinking: /home/rizy/planner/3d-navi/3d-navi-ros2_v1/install/traj_utils/local/lib/python3.10/dist-packages/traj_utils-0.0.0-py3.10.egg-info/dependency_links.txt
-- Symlinking: /home/rizy/planner/3d-navi/3d-navi-ros2_v1/install/traj_utils/local/lib/python3.10/dist-packages/traj_utils-0.0.0-py3.10.egg-info/top_level.txt
-- Symlinking: /home/rizy/planner/3d-navi/3d-navi-ros2_v1/install/traj_utils/local/lib/python3.10/dist-packages/traj_utils/__init__.py
-- Symlinking: /home/rizy/planner/3d-navi/3d-navi-ros2_v1/install/traj_utils/local/lib/python3.10/dist-packages/traj_utils/_traj_utils_s.ep.rosidl_typesupport_c.c
-- Symlinking: /home/rizy/planner/3d-navi/3d-navi-ros2_v1/install/traj_utils/local/lib/python3.10/dist-packages/traj_utils/_traj_utils_s.ep.rosidl_typesupport_fastrtps_c.c
-- Symlinking: /home/rizy/planner/3d-navi/3d-navi-ros2_v1/install/traj_utils/local/lib/python3.10/dist-packages/traj_utils/_traj_utils_s.ep.rosidl_typesupport_introspection_c.c
-- Symlinking: /home/rizy/planner/3d-navi/3d-navi-ros2_v1/install/traj_utils/local/lib/python3.10/dist-packages/traj_utils/libtraj_utils__rosidl_generator_py.so
-- Symlinking: /home/rizy/planner/3d-navi/3d-navi-ros2_v1/install/traj_utils/local/lib/python3.10/dist-packages/traj_utils/msg/__init__.py
-- Symlinking: /home/rizy/planner/3d-navi/3d-navi-ros2_v1/install/traj_utils/local/lib/python3.10/dist-packages/traj_utils/msg/_bspline.py
-- Symlinking: /home/rizy/planner/3d-navi/3d-navi-ros2_v1/install/traj_utils/local/lib/python3.10/dist-packages/traj_utils/msg/_bspline_s.c
-- Symlinking: /home/rizy/planner/3d-navi/3d-navi-ros2_v1/install/traj_utils/local/lib/python3.10/dist-packages/traj_utils/msg/_data_disp.py
-- Symlinking: /home/rizy/planner/3d-navi/3d-navi-ros2_v1/install/traj_utils/local/lib/python3.10/dist-packages/traj_utils/msg/_data_disp_s.c
-- Symlinking: /home/rizy/planner/3d-navi/3d-navi-ros2_v1/install/traj_utils/local/lib/python3.10/dist-packages/traj_utils/msg/_multi_bsplines.py
-- Symlinking: /home/rizy/planner/3d-navi/3d-navi-ros2_v1/install/traj_utils/local/lib/python3.10/dist-packages/traj_utils/msg/_multi_bsplines_s.c
-- Symlinking: /home/rizy/planner/3d-navi/3d-navi-ros2_v1/install/traj_utils/local/lib/python3.10/dist-packages/traj_utils/traj_utils_s__rosidl_typesupport_c.cpython-310-x86_64-linux-gnu.so
-- Symlinking: /home/rizy/planner/3d-navi/3d-navi-ros2_v1/install/traj_utils/local/lib/python3.10/dist-packages/traj_utils/traj_utils_s__rosidl_typesupport_fastrtps_c.cpython-310-x86_64-linux-gnu.so
-- Symlinking: /home/rizy/planner/3d-navi/3d-navi-ros2_v1/install/traj_utils/local/lib/python3.10/dist-packages/traj_utils/traj_utils_s__rosidl_typesupport_introspection_c.cpython-310-x86_64-linux-gnu.so
-- Up-to-date symlink: /home/rizy/planner/3d-navi/3d-navi-ros2_v1/install/traj_utils/local/lib/python3.10/dist-packages/traj_utils/traj_utils_s__rosidl_typesupport_fastrtps_c.cpython-310-x86_64-linux-gnu.so
-- Up-to-date symlink: /home/rizy/planner/3d-navi/3d-navi-ros2_v1/install/traj_utils/local/lib/python3.10/dist-packages/traj_utils/traj_utils_s__rosidl_typesupport_introspection_c.cpython-310-x86_64-linux-gnu.so
-- Up-to-date symlink: /home/rizy/planner/3d-navi/3d-navi-ros2_v1/install/traj_utils/local/lib/python3.10/dist-packages/traj_utils/traj_utils_s__rosidl_typesupport_c.cpython-310-x86_64-linux-gnu.so
-- Up-to-date symlink: /home/rizy/planner/3d-navi/3d-navi-ros2_v1/install/traj_utils/share/traj_utils/msg/Bspline.idl
-- Up-to-date symlink: /home/rizy/planner/3d-navi/3d-navi-ros2_v1/install/traj_utils/share/traj_utils/msg/DataDisp.idl
-- Up-to-date symlink: /home/rizy/planner/3d-navi/3d-navi-ros2_v1/install/traj_utils/share/traj_utils/msg/MultiBsplines.idl
-- Up-to-date symlink: /home/rizy/planner/3d-navi/3d-navi-ros2_v1/install/traj_utils/share/traj_utils/msg/Bspline.msg
-- Up-to-date symlink: /home/rizy/planner/3d-navi/3d-navi-ros2_v1/install/traj_utils/share/traj_utils/msg/DataDisp.msg
-- Up-to-date symlink: /home/rizy/planner/3d-navi/3d-navi-ros2_v1/install/traj_utils/share/traj_utils/msg/MultiBsplines.msg
-- Up-to-date symlink: /home/rizy/planner/3d-navi/3d-navi-ros2_v1/install/traj_utils/lib/libtraj_utils_lib.so
-- Up-to-date symlink: /home/rizy/planner/3d-navi/3d-navi-ros2_v1/install/traj_utils/include/traj_utils/traj_utils/plan_container.hpp
-- Up-to-date symlink: /home/rizy/planner/3d-navi/3d-navi-ros2_v1/install/traj_utils/include/traj_utils/traj_utils/planning_visualization.h
-- Up-to-date symlink: /home/rizy/planner/3d-navi/3d-navi-ros2_v1/install/traj_utils/include/traj_utils/traj_utils/polynomial_traj.h
-- Up-to-date symlink: /home/rizy/planner/3d-navi/3d-navi-ros2_v1/install/traj_utils/share/ament_index/resource_index/package_run_dependencies/traj_utils
-- Up-to-date symlink: /home/rizy/planner/3d-navi/3d-navi-ros2_v1/install/traj_utils/share/ament_index/resource_index/parent_prefix_path/traj_utils
-- Up-to-date symlink: /home/rizy/planner/3d-navi/3d-navi-ros2_v1/install/traj_utils/share/traj_utils/environment/ament_prefix_path.sh
-- Up-to-date symlink: /home/rizy/planner/3d-navi/3d-navi-ros2_v1/install/traj_utils/share/traj_utils/environment/ament_prefix_path.dsv
-- Up-to-date symlink: /home/rizy/planner/3d-navi/3d-navi-ros2_v1/install/traj_utils/share/traj_utils/environment/path.sh
-- Up-to-date symlink: /home/rizy/planner/3d-navi/3d-navi-ros2_v1/install/traj_utils/share/traj_utils/environment/path.dsv
-- Up-to-date symlink: /home/rizy/planner/3d-navi/3d-navi-ros2_v1/install/traj_utils/share/traj_utils/local_setup.bash
-- Up-to-date symlink: /home/rizy/planner/3d-navi/3d-navi-ros2_v1/install/traj_utils/share/traj_utils/local_setup.sh
-- Up-to-date symlink: /home/rizy/planner/3d-navi/3d-navi-ros2_v1/install/traj_utils/share/traj_utils/local_setup.zsh
-- Up-to-date symlink: /home/rizy/planner/3d-navi/3d-navi-ros2_v1/install/traj_utils/share/traj_utils/local_setup.dsv
-- Symlinking: /home/rizy/planner/3d-navi/3d-navi-ros2_v1/install/traj_utils/share/traj_utils/package.dsv
-- Up-to-date symlink: /home/rizy/planner/3d-navi/3d-navi-ros2_v1/install/traj_utils/share/ament_index/resource_index/packages/traj_utils
-- Up-to-date symlink: /home/rizy/planner/3d-navi/3d-navi-ros2_v1/install/traj_utils/share/traj_utils/cmake/rosidl_cmake-extras.cmake
-- Up-to-date symlink: /home/rizy/planner/3d-navi/3d-navi-ros2_v1/install/traj_utils/share/traj_utils/cmake/ament_cmake_export_dependencies-extras.cmake
-- Up-to-date symlink: /home/rizy/planner/3d-navi/3d-navi-ros2_v1/install/traj_utils/share/traj_utils/cmake/ament_cmake_export_include_directories-extras.cmake
-- Up-to-date symlink: /home/rizy/planner/3d-navi/3d-navi-ros2_v1/install/traj_utils/share/traj_utils/cmake/ament_cmake_export_libraries-extras.cmake
-- Up-to-date symlink: /home/rizy/planner/3d-navi/3d-navi-ros2_v1/install/traj_utils/share/traj_utils/cmake/ament_cmake_export_targets-extras.cmake
-- Up-to-date symlink: /home/rizy/planner/3d-navi/3d-navi-ros2_v1/install/traj_utils/share/traj_utils/cmake/rosidl_cmake_export_typesupport_targets-extras.cmake
-- Up-to-date symlink: /home/rizy/planner/3d-navi/3d-navi-ros2_v1/install/traj_utils/share/traj_utils/cmake/rosidl_cmake_export_typesupport_libraries-extras.cmake
-- Up-to-date symlink: /home/rizy/planner/3d-navi/3d-navi-ros2_v1/install/traj_utils/share/traj_utils/cmake/traj_utilsConfig.cmake
-- Up-to-date symlink: /home/rizy/planner/3d-navi/3d-navi-ros2_v1/install/traj_utils/share/traj_utils/cmake/traj_utilsConfig-version.cmake
-- Up-to-date symlink: /home/rizy/planner/3d-navi/3d-navi-ros2_v1/install/traj_utils/share/traj_utils/package.xml
-- Installing: /home/rizy/planner/3d-navi/3d-navi-ros2_v1/install/traj_utils/lib/libtraj_utils__rosidl_generator_c.so
-- Set runtime path of "/home/rizy/planner/3d-navi/3d-navi-ros2_v1/install/traj_utils/lib/libtraj_utils__rosidl_generator_c.so" to ""
-- Installing: /home/rizy/planner/3d-navi/3d-navi-ros2_v1/install/traj_utils/lib/libtraj_utils__rosidl_typesupport_fastrtps_c.so
-- Set runtime path of "/home/rizy/planner/3d-navi/3d-navi-ros2_v1/install/traj_utils/lib/libtraj_utils__rosidl_typesupport_fastrtps_c.so" to ""
-- Installing: /home/rizy/planner/3d-navi/3d-navi-ros2_v1/install/traj_utils/lib/libtraj_utils__rosidl_typesupport_fastrtps_cpp.so
-- Set runtime path of "/home/rizy/planner/3d-navi/3d-navi-ros2_v1/install/traj_utils/lib/libtraj_utils__rosidl_typesupport_fastrtps_cpp.so" to ""
-- Installing: /home/rizy/planner/3d-navi/3d-navi-ros2_v1/install/traj_utils/lib/libtraj_utils__rosidl_typesupport_introspection_c.so
-- Set runtime path of "/home/rizy/planner/3d-navi/3d-navi-ros2_v1/install/traj_utils/lib/libtraj_utils__rosidl_typesupport_introspection_c.so" to ""
-- Installing: /home/rizy/planner/3d-navi/3d-navi-ros2_v1/install/traj_utils/lib/libtraj_utils__rosidl_typesupport_c.so
-- Set runtime path of "/home/rizy/planner/3d-navi/3d-navi-ros2_v1/install/traj_utils/lib/libtraj_utils__rosidl_typesupport_c.so" to ""
-- Installing: /home/rizy/planner/3d-navi/3d-navi-ros2_v1/install/traj_utils/lib/libtraj_utils__rosidl_typesupport_introspection_cpp.so
-- Set runtime path of "/home/rizy/planner/3d-navi/3d-navi-ros2_v1/install/traj_utils/lib/libtraj_utils__rosidl_typesupport_introspection_cpp.so" to ""
-- Installing: /home/rizy/planner/3d-navi/3d-navi-ros2_v1/install/traj_utils/lib/libtraj_utils__rosidl_typesupport_cpp.so
-- Set runtime path of "/home/rizy/planner/3d-navi/3d-navi-ros2_v1/install/traj_utils/lib/libtraj_utils__rosidl_typesupport_cpp.so" to ""
Listing '/home/rizy/planner/3d-navi/3d-navi-ros2_v1/install/traj_utils/local/lib/python3.10/dist-packages/traj_utils'...
Compiling '/home/rizy/planner/3d-navi/3d-navi-ros2_v1/install/traj_utils/local/lib/python3.10/dist-packages/traj_utils/__init__.py'...
Listing '/home/rizy/planner/3d-navi/3d-navi-ros2_v1/install/traj_utils/local/lib/python3.10/dist-packages/traj_utils/msg'...
Compiling '/home/rizy/planner/3d-navi/3d-navi-ros2_v1/install/traj_utils/local/lib/python3.10/dist-packages/traj_utils/msg/__init__.py'...
Compiling '/home/rizy/planner/3d-navi/3d-navi-ros2_v1/install/traj_utils/local/lib/python3.10/dist-packages/traj_utils/msg/_bspline.py'...
Compiling '/home/rizy/planner/3d-navi/3d-navi-ros2_v1/install/traj_utils/local/lib/python3.10/dist-packages/traj_utils/msg/_data_disp.py'...
Compiling '/home/rizy/planner/3d-navi/3d-navi-ros2_v1/install/traj_utils/local/lib/python3.10/dist-packages/traj_utils/msg/_multi_bsplines.py'...
-- Installing: /home/rizy/planner/3d-navi/3d-navi-ros2_v1/install/traj_utils/lib/libtraj_utils__rosidl_generator_py.so
-- Set runtime path of "/home/rizy/planner/3d-navi/3d-navi-ros2_v1/install/traj_utils/lib/libtraj_utils__rosidl_generator_py.so" to ""
-- Up-to-date: /home/rizy/planner/3d-navi/3d-navi-ros2_v1/install/traj_utils/share/traj_utils/cmake/export_traj_utils__rosidl_generator_cExport.cmake
-- Up-to-date: /home/rizy/planner/3d-navi/3d-navi-ros2_v1/install/traj_utils/share/traj_utils/cmake/export_traj_utils__rosidl_generator_cExport-release.cmake
-- Up-to-date: /home/rizy/planner/3d-navi/3d-navi-ros2_v1/install/traj_utils/share/traj_utils/cmake/export_traj_utils__rosidl_typesupport_fastrtps_cExport.cmake
-- Up-to-date: /home/rizy/planner/3d-navi/3d-navi-ros2_v1/install/traj_utils/share/traj_utils/cmake/export_traj_utils__rosidl_typesupport_fastrtps_cExport-release.cmake
-- Up-to-date: /home/rizy/planner/3d-navi/3d-navi-ros2_v1/install/traj_utils/share/traj_utils/cmake/export_traj_utils__rosidl_generator_cppExport.cmake
-- Up-to-date: /home/rizy/planner/3d-navi/3d-navi-ros2_v1/install/traj_utils/share/traj_utils/cmake/export_traj_utils__rosidl_typesupport_fastrtps_cppExport.cmake
-- Up-to-date: /home/rizy/planner/3d-navi/3d-navi-ros2_v1/install/traj_utils/share/traj_utils/cmake/export_traj_utils__rosidl_typesupport_fastrtps_cppExport-release.cmake
-- Up-to-date: /home/rizy/planner/3d-navi/3d-navi-ros2_v1/install/traj_utils/share/traj_utils/cmake/traj_utils__rosidl_typesupport_introspection_cExport.cmake
-- Up-to-date: /home/rizy/planner/3d-navi/3d-navi-ros2_v1/install/traj_utils/share/traj_utils/cmake/traj_utils__rosidl_typesupport_introspection_cExport-release.cmake
-- Up-to-date: /home/rizy/planner/3d-navi/3d-navi-ros2_v1/install/traj_utils/share/traj_utils/cmake/traj_utils__rosidl_typesupport_cExport.cmake
-- Up-to-date: /home/rizy/planner/3d-navi/3d-navi-ros2_v1/install/traj_utils/share/traj_utils/cmake/traj_utils__rosidl_typesupport_cExport-release.cmake
-- Up-to-date: /home/rizy/planner/3d-navi/3d-navi-ros2_v1/install/traj_utils/share/traj_utils/cmake/traj_utils__rosidl_typesupport_introspection_cppExport.cmake
-- Up-to-date: /home/rizy/planner/3d-navi/3d-navi-ros2_v1/install/traj_utils/share/traj_utils/cmake/traj_utils__rosidl_typesupport_introspection_cppExport-release.cmake
-- Up-to-date: /home/rizy/planner/3d-navi/3d-navi-ros2_v1/install/traj_utils/share/traj_utils/cmake/traj_utils__rosidl_typesupport_cppExport.cmake
-- Up-to-date: /home/rizy/planner/3d-navi/3d-navi-ros2_v1/install/traj_utils/share/traj_utils/cmake/traj_utils__rosidl_typesupport_cppExport-release.cmake
-- Up-to-date: /home/rizy/planner/3d-navi/3d-navi-ros2_v1/install/traj_utils/share/traj_utils/cmake/export_traj_utils__rosidl_generator_pyExport.cmake
-- Up-to-date: /home/rizy/planner/3d-navi/3d-navi-ros2_v1/install/traj_utils/share/traj_utils/cmake/export_traj_utils__rosidl_generator_pyExport-release.cmake
