[0.033s] Invoking command in '/home/rizy/planner/3d-navi/3d-navi-ros2_v1/build/mockamap': CMAKE_PREFIX_PATH=/opt/ros/humble CONDA_PROMPT_MODIFIER=(myenv) /usr/bin/cmake /home/rizy/planner/3d-navi/3d-navi-ros2_v1/src/uav_simulator/mockamap -DPython3_EXECUTABLE=/usr/bin/python3 -Dfmt_DIR=/usr/lib/x86_64-linux-gnu/cmake/fmt -DAMENT_CMAKE_SYMLINK_INSTALL=1 -DCMAKE_INSTALL_PREFIX=/home/rizy/planner/3d-navi/3d-navi-ros2_v1/install/mockamap
[0.099s] -- The C compiler identification is GNU 11.4.0
[0.168s] -- The CXX compiler identification is GNU 11.4.0
[0.178s] -- Detecting C compiler ABI info
[0.251s] -- Detecting C compiler ABI info - done
[0.255s] -- Check for working C compiler: /usr/bin/cc - skipped
[0.255s] -- Detecting C compile features
[0.255s] -- Detecting C compile features - done
[0.257s] -- Detecting CXX compiler ABI info
[0.354s] -- Detecting CXX compiler ABI info - done
[0.359s] -- Check for working CXX compiler: /usr/bin/c++ - skipped
[0.359s] -- Detecting CXX compile features
[0.362s] -- Detecting CXX compile features - done
[0.364s] -- Found ament_cmake: 1.3.12 (/opt/ros/humble/share/ament_cmake/cmake)
[0.785s] -- Found Python3: /usr/bin/python3 (found version "3.10.12") found components: Interpreter 
[0.865s] -- Override CMake install command with custom implementation using symlinks instead of copying resources
[0.886s] -- Found rclcpp: 16.0.16 (/opt/ros/humble/share/rclcpp/cmake)
[0.916s] -- Found rosidl_generator_c: 3.1.7 (/opt/ros/humble/share/rosidl_generator_c/cmake)
[0.920s] -- Found rosidl_adapter: 3.1.7 (/opt/ros/humble/share/rosidl_adapter/cmake)
[0.925s] -- Found rosidl_generator_cpp: 3.1.7 (/opt/ros/humble/share/rosidl_generator_cpp/cmake)
[0.933s] -- Using all available rosidl_typesupport_c: rosidl_typesupport_fastrtps_c;rosidl_typesupport_introspection_c
[0.943s] -- Using all available rosidl_typesupport_cpp: rosidl_typesupport_fastrtps_cpp;rosidl_typesupport_introspection_cpp
[0.973s] -- Found rmw_implementation_cmake: 6.1.2 (/opt/ros/humble/share/rmw_implementation_cmake/cmake)
[0.974s] -- Found rmw_cyclonedds_cpp: 1.3.4 (/opt/ros/humble/share/rmw_cyclonedds_cpp/cmake)
[0.988s] -- Using RMW implementation 'rmw_cyclonedds_cpp' as default
[0.997s] -- Looking for pthread.h
[1.094s] -- Looking for pthread.h - found
[1.094s] -- Performing Test CMAKE_HAVE_LIBC_PTHREAD
[1.188s] -- Performing Test CMAKE_HAVE_LIBC_PTHREAD - Success
[1.189s] -- Found Threads: TRUE  
[1.221s] -- Found pcl_ros: 2.4.5 (/opt/ros/humble/share/pcl_ros/cmake)
[1.286s] -- Checking for module 'eigen3'
[1.297s] --   Found eigen3, version 3.4.0
[1.335s] -- Found Eigen: /usr/include/eigen3 (Required is at least version "3.1") 
[1.335s] -- Eigen found (include: /usr/include/eigen3, version: 3.4.0)
[1.367s] -- Checking for module 'flann'
[1.388s] --   Found flann, version 1.9.1
[1.454s] -- Found FLANN: /usr/lib/x86_64-linux-gnu/libflann_cpp.so  
[1.454s] -- FLANN found (include: /usr/include, lib: /usr/lib/x86_64-linux-gnu/libflann_cpp.so)
[2.635s] -- Checking for module 'libusb-1.0'
[2.654s] --   Found libusb-1.0, version 1.0.25
[2.701s] -- Found libusb: /usr/lib/x86_64-linux-gnu/libusb-1.0.so  
[2.702s] -- OpenNI found (version: 1.5.4.0, include: /usr/include/ni, lib: /usr/lib/libOpenNI.so;libusb::libusb)
[2.786s] -- OpenNI2 found (version: 2.2.0.33, include: /usr/include/openni2, lib: /usr/lib/x86_64-linux-gnu/libOpenNI2.so;libusb::libusb)
[2.966s] -- Eigen found (include: /usr/include/eigen3, version: 3.4.0)
[2.973s] -- OpenNI found (version: 1.5.4.0, include: /usr/include/ni, lib: /usr/lib/libOpenNI.so;libusb::libusb)
[2.980s] -- OpenNI2 found (version: 2.2.0.33, include: /usr/include/openni2, lib: /usr/lib/x86_64-linux-gnu/libOpenNI2.so;libusb::libusb)
[3.119s] -- Found Qhull version 8.0.2
[3.272s] -- OpenNI found (version: 1.5.4.0, include: /usr/include/ni, lib: /usr/lib/libOpenNI.so;libusb::libusb)
[3.402s] -- Found PCL_COMMON: /usr/lib/x86_64-linux-gnu/libpcl_common.so  
[3.403s] -- Found PCL_KDTREE: /usr/lib/x86_64-linux-gnu/libpcl_kdtree.so  
[3.403s] -- Found PCL_OCTREE: /usr/lib/x86_64-linux-gnu/libpcl_octree.so  
[3.404s] -- Found PCL_SEARCH: /usr/lib/x86_64-linux-gnu/libpcl_search.so  
[3.404s] -- Found PCL_SAMPLE_CONSENSUS: /usr/lib/x86_64-linux-gnu/libpcl_sample_consensus.so  
[3.406s] -- Found PCL_FILTERS: /usr/lib/x86_64-linux-gnu/libpcl_filters.so  
[3.406s] -- Found PCL_2D: /usr/include/pcl-1.12  
[3.406s] -- Found PCL_GEOMETRY: /usr/include/pcl-1.12  
[3.407s] -- Found PCL_IO: /usr/lib/x86_64-linux-gnu/libpcl_io.so  
[3.409s] -- Found PCL_FEATURES: /usr/lib/x86_64-linux-gnu/libpcl_features.so  
[3.410s] -- Found PCL_ML: /usr/lib/x86_64-linux-gnu/libpcl_ml.so  
[3.411s] -- Found PCL_SEGMENTATION: /usr/lib/x86_64-linux-gnu/libpcl_segmentation.so  
[3.412s] -- Found PCL_VISUALIZATION: /usr/lib/x86_64-linux-gnu/libpcl_visualization.so  
[3.413s] -- Found PCL_SURFACE: /usr/lib/x86_64-linux-gnu/libpcl_surface.so  
[3.413s] -- Found PCL_REGISTRATION: /usr/lib/x86_64-linux-gnu/libpcl_registration.so  
[3.414s] -- Found PCL_KEYPOINTS: /usr/lib/x86_64-linux-gnu/libpcl_keypoints.so  
[3.415s] -- Found PCL_TRACKING: /usr/lib/x86_64-linux-gnu/libpcl_tracking.so  
[3.416s] -- Found PCL_RECOGNITION: /usr/lib/x86_64-linux-gnu/libpcl_recognition.so  
[3.418s] -- Found PCL_STEREO: /usr/lib/x86_64-linux-gnu/libpcl_stereo.so  
[3.420s] -- Found PCL_APPS: /usr/lib/x86_64-linux-gnu/libpcl_apps.so  
[3.422s] -- Found PCL_IN_HAND_SCANNER: /usr/include/pcl-1.12  
[3.424s] -- Found PCL_MODELER: /usr/include/pcl-1.12  
[3.424s] -- Found PCL_POINT_CLOUD_EDITOR: /usr/include/pcl-1.12  
[3.425s] -- Found PCL_OUTOFCORE: /usr/lib/x86_64-linux-gnu/libpcl_outofcore.so  
[3.426s] -- Found PCL_PEOPLE: /usr/lib/x86_64-linux-gnu/libpcl_people.so  
[3.460s] -- Found eigen3_cmake_module: 0.1.1 (/opt/ros/humble/share/eigen3_cmake_module/cmake)
[3.461s] -- Found Eigen3: TRUE (found version "3.4.0") 
[3.461s] -- Ensuring Eigen3 include directory is part of orocos-kdl CMake target
[3.545s] -- Found nav_msgs: 4.9.0 (/opt/ros/humble/share/nav_msgs/cmake)
[3.557s] -- Found visualization_msgs: 4.9.0 (/opt/ros/humble/share/visualization_msgs/cmake)
[3.571s] -- Found Boost: /usr/lib/x86_64-linux-gnu/cmake/Boost-1.74.0/BoostConfig.cmake (found version "1.74.0") found components: date_time 
[3.574s] -- Found ament_lint_auto: 0.12.14 (/opt/ros/humble/share/ament_lint_auto/cmake)
[3.699s] -- Added test 'cppcheck' to perform static code analysis on C / C++ code
[3.699s] -- Configured cppcheck include dirs: /home/rizy/planner/3d-navi/3d-navi-ros2_v1/src/uav_simulator/mockamap/include/mockamap
[3.699s] -- Configured cppcheck exclude dirs and/or files: 
[3.700s] -- Added test 'flake8' to check Python code syntax and style conventions
[3.700s] -- Added test 'lint_cmake' to check CMake code style
[3.700s] -- Added test 'pep257' to check Python code against some of the docstring style conventions in PEP 257
[3.701s] -- Added test 'uncrustify' to check C / C++ code style
[3.701s] -- Configured uncrustify additional arguments: 
[3.701s] -- Added test 'xmllint' to check XML markup files
[3.702s] -- Configuring done
[3.768s] -- Generating done
[3.771s] -- Build files have been written to: /home/rizy/planner/3d-navi/3d-navi-ros2_v1/build/mockamap
[3.834s] Invoked command in '/home/rizy/planner/3d-navi/3d-navi-ros2_v1/build/mockamap' returned '0': CMAKE_PREFIX_PATH=/opt/ros/humble CONDA_PROMPT_MODIFIER=(myenv) /usr/bin/cmake /home/rizy/planner/3d-navi/3d-navi-ros2_v1/src/uav_simulator/mockamap -DPython3_EXECUTABLE=/usr/bin/python3 -Dfmt_DIR=/usr/lib/x86_64-linux-gnu/cmake/fmt -DAMENT_CMAKE_SYMLINK_INSTALL=1 -DCMAKE_INSTALL_PREFIX=/home/rizy/planner/3d-navi/3d-navi-ros2_v1/install/mockamap
[3.843s] Invoking command in '/home/rizy/planner/3d-navi/3d-navi-ros2_v1/build/mockamap': CMAKE_PREFIX_PATH=/opt/ros/humble CONDA_PROMPT_MODIFIER=(myenv) /usr/bin/cmake --build /home/rizy/planner/3d-navi/3d-navi-ros2_v1/build/mockamap -- -j32 -l32
[3.912s] Consolidate compiler generated dependencies of target mockamap_node
[3.946s] [ 20%] Linking CXX executable mockamap_node
[4.999s] [100%] Built target mockamap_node
[5.033s] Invoked command in '/home/rizy/planner/3d-navi/3d-navi-ros2_v1/build/mockamap' returned '0': CMAKE_PREFIX_PATH=/opt/ros/humble CONDA_PROMPT_MODIFIER=(myenv) /usr/bin/cmake --build /home/rizy/planner/3d-navi/3d-navi-ros2_v1/build/mockamap -- -j32 -l32
[5.046s] Invoking command in '/home/rizy/planner/3d-navi/3d-navi-ros2_v1/build/mockamap': CMAKE_PREFIX_PATH=/opt/ros/humble CONDA_PROMPT_MODIFIER=(myenv) /usr/bin/cmake --install /home/rizy/planner/3d-navi/3d-navi-ros2_v1/build/mockamap
[5.065s] -- Install configuration: "Release"
[5.065s] -- Execute custom install script
[5.065s] -- Up-to-date symlink: /home/rizy/planner/3d-navi/3d-navi-ros2_v1/install/mockamap/lib/mockamap/mockamap_node
[5.067s] -- Up-to-date symlink: /home/rizy/planner/3d-navi/3d-navi-ros2_v1/install/mockamap/share/mockamap/launch/maze2d.launch.py
[5.068s] -- Up-to-date symlink: /home/rizy/planner/3d-navi/3d-navi-ros2_v1/install/mockamap/share/mockamap/launch/maze3d.launch.py
[5.068s] -- Up-to-date symlink: /home/rizy/planner/3d-navi/3d-navi-ros2_v1/install/mockamap/share/mockamap/launch/mockamap.launch.py
[5.068s] -- Up-to-date symlink: /home/rizy/planner/3d-navi/3d-navi-ros2_v1/install/mockamap/share/mockamap/launch/perlin3d.launch.py
[5.068s] -- Up-to-date symlink: /home/rizy/planner/3d-navi/3d-navi-ros2_v1/install/mockamap/share/mockamap/launch/post2d.launch.py
[5.072s] -- Up-to-date symlink: /home/rizy/planner/3d-navi/3d-navi-ros2_v1/install/mockamap/share/mockamap/config/rviz.rviz
[5.072s] -- Up-to-date symlink: /home/rizy/planner/3d-navi/3d-navi-ros2_v1/install/mockamap/share/ament_index/resource_index/package_run_dependencies/mockamap
[5.072s] -- Up-to-date symlink: /home/rizy/planner/3d-navi/3d-navi-ros2_v1/install/mockamap/share/ament_index/resource_index/parent_prefix_path/mockamap
[5.072s] -- Up-to-date symlink: /home/rizy/planner/3d-navi/3d-navi-ros2_v1/install/mockamap/share/mockamap/environment/ament_prefix_path.sh
[5.073s] -- Up-to-date symlink: /home/rizy/planner/3d-navi/3d-navi-ros2_v1/install/mockamap/share/mockamap/environment/ament_prefix_path.dsv
[5.073s] -- Up-to-date symlink: /home/rizy/planner/3d-navi/3d-navi-ros2_v1/install/mockamap/share/mockamap/environment/path.sh
[5.073s] -- Up-to-date symlink: /home/rizy/planner/3d-navi/3d-navi-ros2_v1/install/mockamap/share/mockamap/environment/path.dsv
[5.073s] -- Up-to-date symlink: /home/rizy/planner/3d-navi/3d-navi-ros2_v1/install/mockamap/share/mockamap/local_setup.bash
[5.073s] -- Up-to-date symlink: /home/rizy/planner/3d-navi/3d-navi-ros2_v1/install/mockamap/share/mockamap/local_setup.sh
[5.073s] -- Up-to-date symlink: /home/rizy/planner/3d-navi/3d-navi-ros2_v1/install/mockamap/share/mockamap/local_setup.zsh
[5.073s] -- Up-to-date symlink: /home/rizy/planner/3d-navi/3d-navi-ros2_v1/install/mockamap/share/mockamap/local_setup.dsv
[5.073s] -- Symlinking: /home/rizy/planner/3d-navi/3d-navi-ros2_v1/install/mockamap/share/mockamap/package.dsv
[5.115s] -- Up-to-date symlink: /home/rizy/planner/3d-navi/3d-navi-ros2_v1/install/mockamap/share/ament_index/resource_index/packages/mockamap
[5.115s] -- Up-to-date symlink: /home/rizy/planner/3d-navi/3d-navi-ros2_v1/install/mockamap/share/mockamap/cmake/ament_cmake_export_include_directories-extras.cmake
[5.115s] -- Up-to-date symlink: /home/rizy/planner/3d-navi/3d-navi-ros2_v1/install/mockamap/share/mockamap/cmake/mockamapConfig.cmake
[5.115s] -- Up-to-date symlink: /home/rizy/planner/3d-navi/3d-navi-ros2_v1/install/mockamap/share/mockamap/cmake/mockamapConfig-version.cmake
[5.115s] -- Up-to-date symlink: /home/rizy/planner/3d-navi/3d-navi-ros2_v1/install/mockamap/share/mockamap/package.xml
[5.116s] Invoked command in '/home/rizy/planner/3d-navi/3d-navi-ros2_v1/build/mockamap' returned '0': CMAKE_PREFIX_PATH=/opt/ros/humble CONDA_PROMPT_MODIFIER=(myenv) /usr/bin/cmake --install /home/rizy/planner/3d-navi/3d-navi-ros2_v1/build/mockamap
