[ 33%] Built target obj_generator
[100%] Built target plan_env
-- Install configuration: "Release"
-- Execute custom install script
-- Up-to-date symlink: /home/rizy/planner/3d-navi/3d-navi-ros2_v1/install/plan_env/lib/libplan_env.so
-- Up-to-date symlink: /home/rizy/planner/3d-navi/3d-navi-ros2_v1/install/plan_env/lib/plan_env/obj_generator
-- Up-to-date symlink: /home/rizy/planner/3d-navi/3d-navi-ros2_v1/install/plan_env/include/plan_env/grid_map.h
-- Up-to-date symlink: /home/rizy/planner/3d-navi/3d-navi-ros2_v1/install/plan_env/include/plan_env/linear_obj_model.hpp
-- Up-to-date symlink: /home/rizy/planner/3d-navi/3d-navi-ros2_v1/install/plan_env/include/plan_env/obj_predictor.h
-- Up-to-date symlink: /home/rizy/planner/3d-navi/3d-navi-ros2_v1/install/plan_env/include/plan_env/raycast.h
-- Up-to-date symlink: /home/rizy/planner/3d-navi/3d-navi-ros2_v1/install/plan_env/share/plan_env/environment/library_path.sh
-- Up-to-date symlink: /home/rizy/planner/3d-navi/3d-navi-ros2_v1/install/plan_env/share/plan_env/environment/library_path.dsv
-- Up-to-date symlink: /home/rizy/planner/3d-navi/3d-navi-ros2_v1/install/plan_env/share/ament_index/resource_index/package_run_dependencies/plan_env
-- Up-to-date symlink: /home/rizy/planner/3d-navi/3d-navi-ros2_v1/install/plan_env/share/ament_index/resource_index/parent_prefix_path/plan_env
-- Up-to-date symlink: /home/rizy/planner/3d-navi/3d-navi-ros2_v1/install/plan_env/share/plan_env/environment/ament_prefix_path.sh
-- Up-to-date symlink: /home/rizy/planner/3d-navi/3d-navi-ros2_v1/install/plan_env/share/plan_env/environment/ament_prefix_path.dsv
-- Up-to-date symlink: /home/rizy/planner/3d-navi/3d-navi-ros2_v1/install/plan_env/share/plan_env/environment/path.sh
-- Up-to-date symlink: /home/rizy/planner/3d-navi/3d-navi-ros2_v1/install/plan_env/share/plan_env/environment/path.dsv
-- Up-to-date symlink: /home/rizy/planner/3d-navi/3d-navi-ros2_v1/install/plan_env/share/plan_env/local_setup.bash
-- Up-to-date symlink: /home/rizy/planner/3d-navi/3d-navi-ros2_v1/install/plan_env/share/plan_env/local_setup.sh
-- Up-to-date symlink: /home/rizy/planner/3d-navi/3d-navi-ros2_v1/install/plan_env/share/plan_env/local_setup.zsh
-- Up-to-date symlink: /home/rizy/planner/3d-navi/3d-navi-ros2_v1/install/plan_env/share/plan_env/local_setup.dsv
-- Symlinking: /home/rizy/planner/3d-navi/3d-navi-ros2_v1/install/plan_env/share/plan_env/package.dsv
-- Up-to-date symlink: /home/rizy/planner/3d-navi/3d-navi-ros2_v1/install/plan_env/share/ament_index/resource_index/packages/plan_env
-- Up-to-date symlink: /home/rizy/planner/3d-navi/3d-navi-ros2_v1/install/plan_env/share/plan_env/cmake/ament_cmake_export_include_directories-extras.cmake
-- Up-to-date symlink: /home/rizy/planner/3d-navi/3d-navi-ros2_v1/install/plan_env/share/plan_env/cmake/ament_cmake_export_libraries-extras.cmake
-- Up-to-date symlink: /home/rizy/planner/3d-navi/3d-navi-ros2_v1/install/plan_env/share/plan_env/cmake/plan_envConfig.cmake
-- Up-to-date symlink: /home/rizy/planner/3d-navi/3d-navi-ros2_v1/install/plan_env/share/plan_env/cmake/plan_envConfig-version.cmake
-- Up-to-date symlink: /home/rizy/planner/3d-navi/3d-navi-ros2_v1/install/plan_env/share/plan_env/package.xml
