[0.034s] Invoking command in '/home/rizy/planner/3d-navi/3d-navi-ros2_v1/build/plan_env': CMAKE_PREFIX_PATH=/opt/ros/humble CONDA_PROMPT_MODIFIER=(myenv) /usr/bin/cmake --build /home/rizy/planner/3d-navi/3d-navi-ros2_v1/build/plan_env -- -j32 -l32
[0.120s] [ 33%] Built target obj_generator
[0.127s] [100%] Built target plan_env
[0.157s] Invoked command in '/home/rizy/planner/3d-navi/3d-navi-ros2_v1/build/plan_env' returned '0': CMAKE_PREFIX_PATH=/opt/ros/humble CONDA_PROMPT_MODIFIER=(myenv) /usr/bin/cmake --build /home/rizy/planner/3d-navi/3d-navi-ros2_v1/build/plan_env -- -j32 -l32
[0.159s] Invoking command in '/home/rizy/planner/3d-navi/3d-navi-ros2_v1/build/plan_env': CMAKE_PREFIX_PATH=/opt/ros/humble CONDA_PROMPT_MODIFIER=(myenv) /usr/bin/cmake --install /home/rizy/planner/3d-navi/3d-navi-ros2_v1/build/plan_env
[0.166s] -- Install configuration: "Release"
[0.166s] -- Execute custom install script
[0.166s] -- Up-to-date symlink: /home/rizy/planner/3d-navi/3d-navi-ros2_v1/install/plan_env/lib/libplan_env.so
[0.166s] -- Up-to-date symlink: /home/rizy/planner/3d-navi/3d-navi-ros2_v1/install/plan_env/lib/plan_env/obj_generator
[0.166s] -- Up-to-date symlink: /home/rizy/planner/3d-navi/3d-navi-ros2_v1/install/plan_env/include/plan_env/grid_map.h
[0.166s] -- Up-to-date symlink: /home/rizy/planner/3d-navi/3d-navi-ros2_v1/install/plan_env/include/plan_env/linear_obj_model.hpp
[0.166s] -- Up-to-date symlink: /home/rizy/planner/3d-navi/3d-navi-ros2_v1/install/plan_env/include/plan_env/obj_predictor.h
[0.166s] -- Up-to-date symlink: /home/rizy/planner/3d-navi/3d-navi-ros2_v1/install/plan_env/include/plan_env/raycast.h
[0.167s] -- Up-to-date symlink: /home/rizy/planner/3d-navi/3d-navi-ros2_v1/install/plan_env/share/plan_env/environment/library_path.sh
[0.167s] -- Up-to-date symlink: /home/rizy/planner/3d-navi/3d-navi-ros2_v1/install/plan_env/share/plan_env/environment/library_path.dsv
[0.167s] -- Up-to-date symlink: /home/rizy/planner/3d-navi/3d-navi-ros2_v1/install/plan_env/share/ament_index/resource_index/package_run_dependencies/plan_env
[0.167s] -- Up-to-date symlink: /home/rizy/planner/3d-navi/3d-navi-ros2_v1/install/plan_env/share/ament_index/resource_index/parent_prefix_path/plan_env
[0.167s] -- Up-to-date symlink: /home/rizy/planner/3d-navi/3d-navi-ros2_v1/install/plan_env/share/plan_env/environment/ament_prefix_path.sh
[0.167s] -- Up-to-date symlink: /home/rizy/planner/3d-navi/3d-navi-ros2_v1/install/plan_env/share/plan_env/environment/ament_prefix_path.dsv
[0.167s] -- Up-to-date symlink: /home/rizy/planner/3d-navi/3d-navi-ros2_v1/install/plan_env/share/plan_env/environment/path.sh
[0.167s] -- Up-to-date symlink: /home/rizy/planner/3d-navi/3d-navi-ros2_v1/install/plan_env/share/plan_env/environment/path.dsv
[0.167s] -- Up-to-date symlink: /home/rizy/planner/3d-navi/3d-navi-ros2_v1/install/plan_env/share/plan_env/local_setup.bash
[0.167s] -- Up-to-date symlink: /home/rizy/planner/3d-navi/3d-navi-ros2_v1/install/plan_env/share/plan_env/local_setup.sh
[0.167s] -- Up-to-date symlink: /home/rizy/planner/3d-navi/3d-navi-ros2_v1/install/plan_env/share/plan_env/local_setup.zsh
[0.167s] -- Up-to-date symlink: /home/rizy/planner/3d-navi/3d-navi-ros2_v1/install/plan_env/share/plan_env/local_setup.dsv
[0.167s] -- Symlinking: /home/rizy/planner/3d-navi/3d-navi-ros2_v1/install/plan_env/share/plan_env/package.dsv
[0.172s] -- Up-to-date symlink: /home/rizy/planner/3d-navi/3d-navi-ros2_v1/install/plan_env/share/ament_index/resource_index/packages/plan_env
[0.172s] -- Up-to-date symlink: /home/rizy/planner/3d-navi/3d-navi-ros2_v1/install/plan_env/share/plan_env/cmake/ament_cmake_export_include_directories-extras.cmake
[0.172s] -- Up-to-date symlink: /home/rizy/planner/3d-navi/3d-navi-ros2_v1/install/plan_env/share/plan_env/cmake/ament_cmake_export_libraries-extras.cmake
[0.172s] -- Up-to-date symlink: /home/rizy/planner/3d-navi/3d-navi-ros2_v1/install/plan_env/share/plan_env/cmake/plan_envConfig.cmake
[0.172s] -- Up-to-date symlink: /home/rizy/planner/3d-navi/3d-navi-ros2_v1/install/plan_env/share/plan_env/cmake/plan_envConfig-version.cmake
[0.173s] -- Up-to-date symlink: /home/rizy/planner/3d-navi/3d-navi-ros2_v1/install/plan_env/share/plan_env/package.xml
[0.232s] Invoked command in '/home/rizy/planner/3d-navi/3d-navi-ros2_v1/build/plan_env' returned '0': CMAKE_PREFIX_PATH=/opt/ros/humble CONDA_PROMPT_MODIFIER=(myenv) /usr/bin/cmake --install /home/rizy/planner/3d-navi/3d-navi-ros2_v1/build/plan_env
