[0.007s] Invoking command in '/home/rizy/planner/3d-navi/3d-navi-ros2_v1/build/path_searching': AMENT_PREFIX_PATH=/home/rizy/planner/3d-navi/3d-navi-ros2_v1/install/plan_env:${AMENT_PREFIX_PATH} CMAKE_PREFIX_PATH=/home/rizy/planner/3d-navi/3d-navi-ros2_v1/install/plan_env:/opt/ros/humble CONDA_PROMPT_MODIFIER=(myenv) LD_LIBRARY_PATH=/home/rizy/planner/3d-navi/3d-navi-ros2_v1/install/plan_env/lib:${LD_LIBRARY_PATH} /usr/bin/cmake /home/rizy/planner/3d-navi/3d-navi-ros2_v1/src/planner/path_searching -DAMENT_CMAKE_SYMLINK_INSTALL=1 -DCMAKE_INSTALL_PREFIX=/home/rizy/planner/3d-navi/3d-navi-ros2_v1/install/path_searching
[0.015s] -- Found ament_cmake: 1.3.12 (/opt/ros/humble/share/ament_cmake/cmake)
[0.118s] -- Override CMake install command with custom implementation using symlinks instead of copying resources
[0.122s] -- Found rclcpp: 16.0.16 (/opt/ros/humble/share/rclcpp/cmake)
[0.138s] -- Found rosidl_generator_c: 3.1.7 (/opt/ros/humble/share/rosidl_generator_c/cmake)
[0.140s] -- Found rosidl_adapter: 3.1.7 (/opt/ros/humble/share/rosidl_adapter/cmake)
[0.143s] -- Found rosidl_generator_cpp: 3.1.7 (/opt/ros/humble/share/rosidl_generator_cpp/cmake)
[0.147s] -- Using all available rosidl_typesupport_c: rosidl_typesupport_fastrtps_c;rosidl_typesupport_introspection_c
[0.153s] -- Using all available rosidl_typesupport_cpp: rosidl_typesupport_fastrtps_cpp;rosidl_typesupport_introspection_cpp
[0.169s] -- Found rmw_implementation_cmake: 6.1.2 (/opt/ros/humble/share/rmw_implementation_cmake/cmake)
[0.170s] -- Found rmw_cyclonedds_cpp: 1.3.4 (/opt/ros/humble/share/rmw_cyclonedds_cpp/cmake)
[0.180s] -- Using RMW implementation 'rmw_cyclonedds_cpp' as default
[0.210s] -- Found rclpy: 3.3.19 (/opt/ros/humble/share/rclpy/cmake)
[0.210s] -- Found visualization_msgs: 4.9.0 (/opt/ros/humble/share/visualization_msgs/cmake)
[0.237s] -- Found nav_msgs: 4.9.0 (/opt/ros/humble/share/nav_msgs/cmake)
[0.253s] -- Found plan_env: 0.0.0 (/home/rizy/planner/3d-navi/3d-navi-ros2_v1/install/plan_env/share/plan_env/cmake)
[0.253s] -- Found cv_bridge: 3.2.1 (/opt/ros/humble/share/cv_bridge/cmake)
[0.276s] -- Eigen found (include: /usr/include/eigen3, version: 3.4.0)
[0.317s] -- FLANN found (include: /usr/include, lib: /usr/lib/x86_64-linux-gnu/libflann_cpp.so)
[0.572s] -- OpenNI found (version: 1.5.4.0, include: /usr/include/ni, lib: /usr/lib/libOpenNI.so;libusb::libusb)
[0.577s] -- OpenNI2 found (version: 2.2.0.33, include: /usr/include/openni2, lib: /usr/lib/x86_64-linux-gnu/libOpenNI2.so;libusb::libusb)
[0.578s] [0m** WARNING ** io features related to pcap will be disabled[0m
[0.697s] -- Eigen found (include: /usr/include/eigen3, version: 3.4.0)
[0.709s] -- OpenNI found (version: 1.5.4.0, include: /usr/include/ni, lib: /usr/lib/libOpenNI.so;libusb::libusb)
[0.716s] -- OpenNI2 found (version: 2.2.0.33, include: /usr/include/openni2, lib: /usr/lib/x86_64-linux-gnu/libOpenNI2.so;libusb::libusb)
[0.830s] -- Found Qhull version 8.0.2
[0.932s] -- OpenNI found (version: 1.5.4.0, include: /usr/include/ni, lib: /usr/lib/libOpenNI.so;libusb::libusb)
[1.036s] -- looking for PCL_COMMON
[1.036s] -- looking for PCL_KDTREE
[1.036s] -- looking for PCL_OCTREE
[1.036s] -- looking for PCL_SEARCH
[1.036s] -- looking for PCL_SAMPLE_CONSENSUS
[1.036s] -- looking for PCL_FILTERS
[1.037s] -- looking for PCL_2D
[1.037s] -- looking for PCL_GEOMETRY
[1.037s] -- looking for PCL_IO
[1.037s] -- looking for PCL_FEATURES
[1.037s] -- looking for PCL_ML
[1.037s] -- looking for PCL_SEGMENTATION
[1.037s] -- looking for PCL_VISUALIZATION
[1.038s] -- looking for PCL_SURFACE
[1.038s] -- looking for PCL_REGISTRATION
[1.038s] -- looking for PCL_KEYPOINTS
[1.038s] -- looking for PCL_TRACKING
[1.038s] -- looking for PCL_RECOGNITION
[1.038s] -- looking for PCL_STEREO
[1.039s] -- looking for PCL_APPS
[1.039s] -- looking for PCL_IN_HAND_SCANNER
[1.039s] -- looking for PCL_MODELER
[1.039s] -- looking for PCL_POINT_CLOUD_EDITOR
[1.039s] -- looking for PCL_OUTOFCORE
[1.039s] -- looking for PCL_PEOPLE
[1.040s] -- Found pcl_conversions: 2.4.5 (/opt/ros/humble/share/pcl_conversions/cmake)
[1.053s] -- Found ament_lint_auto: 0.12.14 (/opt/ros/humble/share/ament_lint_auto/cmake)
[1.104s] -- Added test 'cppcheck' to perform static code analysis on C / C++ code
[1.104s] -- Configured cppcheck include dirs: /home/rizy/planner/3d-navi/3d-navi-ros2_v1/src/planner/path_searching/include
[1.104s] -- Configured cppcheck exclude dirs and/or files: 
[1.104s] -- Added test 'lint_cmake' to check CMake code style
[1.105s] -- Added test 'uncrustify' to check C / C++ code style
[1.105s] -- Configured uncrustify additional arguments: 
[1.105s] -- Added test 'xmllint' to check XML markup files
[1.106s] -- Configuring done
[1.128s] -- Generating done
[1.134s] -- Build files have been written to: /home/rizy/planner/3d-navi/3d-navi-ros2_v1/build/path_searching
[1.147s] Invoked command in '/home/rizy/planner/3d-navi/3d-navi-ros2_v1/build/path_searching' returned '0': AMENT_PREFIX_PATH=/home/rizy/planner/3d-navi/3d-navi-ros2_v1/install/plan_env:${AMENT_PREFIX_PATH} CMAKE_PREFIX_PATH=/home/rizy/planner/3d-navi/3d-navi-ros2_v1/install/plan_env:/opt/ros/humble CONDA_PROMPT_MODIFIER=(myenv) LD_LIBRARY_PATH=/home/rizy/planner/3d-navi/3d-navi-ros2_v1/install/plan_env/lib:${LD_LIBRARY_PATH} /usr/bin/cmake /home/rizy/planner/3d-navi/3d-navi-ros2_v1/src/planner/path_searching -DAMENT_CMAKE_SYMLINK_INSTALL=1 -DCMAKE_INSTALL_PREFIX=/home/rizy/planner/3d-navi/3d-navi-ros2_v1/install/path_searching
[1.149s] Invoking command in '/home/rizy/planner/3d-navi/3d-navi-ros2_v1/build/path_searching': AMENT_PREFIX_PATH=/home/rizy/planner/3d-navi/3d-navi-ros2_v1/install/plan_env:${AMENT_PREFIX_PATH} CMAKE_PREFIX_PATH=/home/rizy/planner/3d-navi/3d-navi-ros2_v1/install/plan_env:/opt/ros/humble CONDA_PROMPT_MODIFIER=(myenv) LD_LIBRARY_PATH=/home/rizy/planner/3d-navi/3d-navi-ros2_v1/install/plan_env/lib:${LD_LIBRARY_PATH} /usr/bin/cmake --build /home/rizy/planner/3d-navi/3d-navi-ros2_v1/build/path_searching -- -j32 -l32
[1.183s] [35m[1mConsolidate compiler generated dependencies of target path_searching[0m
[1.207s] [100%] Built target path_searching
[1.214s] Invoked command in '/home/rizy/planner/3d-navi/3d-navi-ros2_v1/build/path_searching' returned '0': AMENT_PREFIX_PATH=/home/rizy/planner/3d-navi/3d-navi-ros2_v1/install/plan_env:${AMENT_PREFIX_PATH} CMAKE_PREFIX_PATH=/home/rizy/planner/3d-navi/3d-navi-ros2_v1/install/plan_env:/opt/ros/humble CONDA_PROMPT_MODIFIER=(myenv) LD_LIBRARY_PATH=/home/rizy/planner/3d-navi/3d-navi-ros2_v1/install/plan_env/lib:${LD_LIBRARY_PATH} /usr/bin/cmake --build /home/rizy/planner/3d-navi/3d-navi-ros2_v1/build/path_searching -- -j32 -l32
[1.216s] Invoking command in '/home/rizy/planner/3d-navi/3d-navi-ros2_v1/build/path_searching': AMENT_PREFIX_PATH=/home/rizy/planner/3d-navi/3d-navi-ros2_v1/install/plan_env:${AMENT_PREFIX_PATH} CMAKE_PREFIX_PATH=/home/rizy/planner/3d-navi/3d-navi-ros2_v1/install/plan_env:/opt/ros/humble CONDA_PROMPT_MODIFIER=(myenv) LD_LIBRARY_PATH=/home/rizy/planner/3d-navi/3d-navi-ros2_v1/install/plan_env/lib:${LD_LIBRARY_PATH} /usr/bin/cmake --install /home/rizy/planner/3d-navi/3d-navi-ros2_v1/build/path_searching
[1.221s] -- Install configuration: "Release"
[1.221s] -- Execute custom install script
[1.221s] -- Up-to-date symlink: /home/rizy/planner/3d-navi/3d-navi-ros2_v1/install/path_searching/lib/libpath_searching.so
[1.221s] -- Up-to-date symlink: /home/rizy/planner/3d-navi/3d-navi-ros2_v1/install/path_searching/include/path_searching/dyn_a_star.h
[1.221s] -- Up-to-date symlink: /home/rizy/planner/3d-navi/3d-navi-ros2_v1/install/path_searching/share/path_searching/environment/library_path.sh
[1.221s] -- Up-to-date symlink: /home/rizy/planner/3d-navi/3d-navi-ros2_v1/install/path_searching/share/path_searching/environment/library_path.dsv
[1.221s] -- Up-to-date symlink: /home/rizy/planner/3d-navi/3d-navi-ros2_v1/install/path_searching/share/ament_index/resource_index/package_run_dependencies/path_searching
[1.222s] -- Up-to-date symlink: /home/rizy/planner/3d-navi/3d-navi-ros2_v1/install/path_searching/share/ament_index/resource_index/parent_prefix_path/path_searching
[1.222s] -- Up-to-date symlink: /home/rizy/planner/3d-navi/3d-navi-ros2_v1/install/path_searching/share/path_searching/environment/ament_prefix_path.sh
[1.222s] -- Up-to-date symlink: /home/rizy/planner/3d-navi/3d-navi-ros2_v1/install/path_searching/share/path_searching/environment/ament_prefix_path.dsv
[1.222s] -- Up-to-date symlink: /home/rizy/planner/3d-navi/3d-navi-ros2_v1/install/path_searching/share/path_searching/environment/path.sh
[1.222s] -- Up-to-date symlink: /home/rizy/planner/3d-navi/3d-navi-ros2_v1/install/path_searching/share/path_searching/environment/path.dsv
[1.222s] -- Up-to-date symlink: /home/rizy/planner/3d-navi/3d-navi-ros2_v1/install/path_searching/share/path_searching/local_setup.bash
[1.222s] -- Up-to-date symlink: /home/rizy/planner/3d-navi/3d-navi-ros2_v1/install/path_searching/share/path_searching/local_setup.sh
[1.222s] -- Up-to-date symlink: /home/rizy/planner/3d-navi/3d-navi-ros2_v1/install/path_searching/share/path_searching/local_setup.zsh
[1.222s] -- Up-to-date symlink: /home/rizy/planner/3d-navi/3d-navi-ros2_v1/install/path_searching/share/path_searching/local_setup.dsv
[1.222s] -- Symlinking: /home/rizy/planner/3d-navi/3d-navi-ros2_v1/install/path_searching/share/path_searching/package.dsv
[1.229s] -- Up-to-date symlink: /home/rizy/planner/3d-navi/3d-navi-ros2_v1/install/path_searching/share/ament_index/resource_index/packages/path_searching
[1.229s] -- Up-to-date symlink: /home/rizy/planner/3d-navi/3d-navi-ros2_v1/install/path_searching/share/path_searching/cmake/ament_cmake_export_include_directories-extras.cmake
[1.229s] -- Up-to-date symlink: /home/rizy/planner/3d-navi/3d-navi-ros2_v1/install/path_searching/share/path_searching/cmake/ament_cmake_export_libraries-extras.cmake
[1.229s] -- Up-to-date symlink: /home/rizy/planner/3d-navi/3d-navi-ros2_v1/install/path_searching/share/path_searching/cmake/path_searchingConfig.cmake
[1.229s] -- Up-to-date symlink: /home/rizy/planner/3d-navi/3d-navi-ros2_v1/install/path_searching/share/path_searching/cmake/path_searchingConfig-version.cmake
[1.229s] -- Up-to-date symlink: /home/rizy/planner/3d-navi/3d-navi-ros2_v1/install/path_searching/share/path_searching/package.xml
[1.231s] Invoked command in '/home/rizy/planner/3d-navi/3d-navi-ros2_v1/build/path_searching' returned '0': AMENT_PREFIX_PATH=/home/rizy/planner/3d-navi/3d-navi-ros2_v1/install/plan_env:${AMENT_PREFIX_PATH} CMAKE_PREFIX_PATH=/home/rizy/planner/3d-navi/3d-navi-ros2_v1/install/plan_env:/opt/ros/humble CONDA_PROMPT_MODIFIER=(myenv) LD_LIBRARY_PATH=/home/rizy/planner/3d-navi/3d-navi-ros2_v1/install/plan_env/lib:${LD_LIBRARY_PATH} /usr/bin/cmake --install /home/rizy/planner/3d-navi/3d-navi-ros2_v1/build/path_searching
