[0.036s] Invoking command in '/home/rizy/planner/3d-navi/3d-navi-ros2_v1/build/map_generator': CMAKE_PREFIX_PATH=${CMAKE_PREFIX_PATH}:/home/rizy/planner/3d-navi/3d-navi-ros2_v1/install/nav_integration:/opt/ros/humble CONDA_PROMPT_MODIFIER=(myenv) /usr/bin/cmake /home/rizy/planner/3d-navi/3d-navi-ros2_v1/src/uav_simulator/map_generator -DCMAKE_INSTALL_PREFIX=/home/rizy/planner/3d-navi/3d-navi-ros2_v1/install/map_generator
[0.218s] -- Found ament_cmake: 1.3.12 (/opt/ros/humble/share/ament_cmake/cmake)
[0.218s] -- Override CMake install command with custom implementation using symlinks instead of copying resources
[0.219s] -- Found rclcpp: 16.0.16 (/opt/ros/humble/share/rclcpp/cmake)
[0.219s] -- Found rosidl_generator_c: 3.1.7 (/opt/ros/humble/share/rosidl_generator_c/cmake)
[0.219s] -- Found rosidl_adapter: 3.1.7 (/opt/ros/humble/share/rosidl_adapter/cmake)
[0.219s] -- Found rosidl_generator_cpp: 3.1.7 (/opt/ros/humble/share/rosidl_generator_cpp/cmake)
[0.219s] -- Using all available rosidl_typesupport_c: rosidl_typesupport_fastrtps_c;rosidl_typesupport_introspection_c
[0.222s] -- Using all available rosidl_typesupport_cpp: rosidl_typesupport_fastrtps_cpp;rosidl_typesupport_introspection_cpp
[0.252s] -- Found rmw_implementation_cmake: 6.1.2 (/opt/ros/humble/share/rmw_implementation_cmake/cmake)
[0.254s] -- Found rmw_cyclonedds_cpp: 1.3.4 (/opt/ros/humble/share/rmw_cyclonedds_cpp/cmake)
[0.274s] -- Using RMW implementation 'rmw_cyclonedds_cpp' as default
[0.312s] -- Found rclpy: 3.3.19 (/opt/ros/humble/share/rclpy/cmake)
[0.312s] -- Found geometry_msgs: 4.9.0 (/opt/ros/humble/share/geometry_msgs/cmake)
[0.332s] -- Eigen found (include: /usr/include/eigen3, version: 3.4.0)
[0.376s] -- FLANN found (include: /usr/include, lib: /usr/lib/x86_64-linux-gnu/libflann_cpp.so)
[0.777s] -- OpenNI found (version: 1.5.4.0, include: /usr/include/ni, lib: /usr/lib/libOpenNI.so;libusb::libusb)
[0.782s] -- OpenNI2 found (version: 2.2.0.33, include: /usr/include/openni2, lib: /usr/lib/x86_64-linux-gnu/libOpenNI2.so;libusb::libusb)
[0.783s] [0m** WARNING ** io features related to pcap will be disabled[0m
[0.905s] -- Eigen found (include: /usr/include/eigen3, version: 3.4.0)
[0.913s] -- OpenNI found (version: 1.5.4.0, include: /usr/include/ni, lib: /usr/lib/libOpenNI.so;libusb::libusb)
[0.920s] -- OpenNI2 found (version: 2.2.0.33, include: /usr/include/openni2, lib: /usr/lib/x86_64-linux-gnu/libOpenNI2.so;libusb::libusb)
[1.040s] -- Found Qhull version 8.0.2
[1.168s] -- OpenNI found (version: 1.5.4.0, include: /usr/include/ni, lib: /usr/lib/libOpenNI.so;libusb::libusb)
[1.332s] -- looking for PCL_COMMON
[1.332s] -- looking for PCL_KDTREE
[1.333s] -- looking for PCL_OCTREE
[1.333s] -- looking for PCL_SEARCH
[1.333s] -- looking for PCL_SAMPLE_CONSENSUS
[1.333s] -- looking for PCL_FILTERS
[1.333s] -- looking for PCL_2D
[1.333s] -- looking for PCL_GEOMETRY
[1.333s] -- looking for PCL_IO
[1.334s] -- looking for PCL_FEATURES
[1.334s] -- looking for PCL_ML
[1.334s] -- looking for PCL_SEGMENTATION
[1.334s] -- looking for PCL_VISUALIZATION
[1.334s] -- looking for PCL_SURFACE
[1.334s] -- looking for PCL_REGISTRATION
[1.335s] -- looking for PCL_KEYPOINTS
[1.335s] -- looking for PCL_TRACKING
[1.335s] -- looking for PCL_RECOGNITION
[1.335s] -- looking for PCL_STEREO
[1.335s] -- looking for PCL_APPS
[1.336s] -- looking for PCL_IN_HAND_SCANNER
[1.336s] -- looking for PCL_MODELER
[1.336s] -- looking for PCL_POINT_CLOUD_EDITOR
[1.336s] -- looking for PCL_OUTOFCORE
[1.336s] -- looking for PCL_PEOPLE
[1.337s] -- Found pcl_conversions: 2.4.5 (/opt/ros/humble/share/pcl_conversions/cmake)
[1.363s] -- Found nav_msgs: 4.9.0 (/opt/ros/humble/share/nav_msgs/cmake)
[1.372s] -- Found ament_lint_auto: 0.12.14 (/opt/ros/humble/share/ament_lint_auto/cmake)
[1.433s] -- Added test 'cppcheck' to perform static code analysis on C / C++ code
[1.433s] -- Configured cppcheck include dirs: 
[1.433s] -- Configured cppcheck exclude dirs and/or files: 
[1.434s] -- Added test 'lint_cmake' to check CMake code style
[1.434s] -- Added test 'uncrustify' to check C / C++ code style
[1.434s] -- Configured uncrustify additional arguments: 
[1.434s] -- Added test 'xmllint' to check XML markup files
[1.435s] -- Configuring done
[1.461s] -- Generating done
[1.467s] -- Build files have been written to: /home/rizy/planner/3d-navi/3d-navi-ros2_v1/build/map_generator
[1.480s] Invoked command in '/home/rizy/planner/3d-navi/3d-navi-ros2_v1/build/map_generator' returned '0': CMAKE_PREFIX_PATH=${CMAKE_PREFIX_PATH}:/home/rizy/planner/3d-navi/3d-navi-ros2_v1/install/nav_integration:/opt/ros/humble CONDA_PROMPT_MODIFIER=(myenv) /usr/bin/cmake /home/rizy/planner/3d-navi/3d-navi-ros2_v1/src/uav_simulator/map_generator -DCMAKE_INSTALL_PREFIX=/home/rizy/planner/3d-navi/3d-navi-ros2_v1/install/map_generator
[1.482s] Invoking command in '/home/rizy/planner/3d-navi/3d-navi-ros2_v1/build/map_generator': CMAKE_PREFIX_PATH=${CMAKE_PREFIX_PATH}:/home/rizy/planner/3d-navi/3d-navi-ros2_v1/install/nav_integration:/opt/ros/humble CONDA_PROMPT_MODIFIER=(myenv) /usr/bin/cmake --build /home/rizy/planner/3d-navi/3d-navi-ros2_v1/build/map_generator -- -j32 -l32
[1.528s] [35m[1mConsolidate compiler generated dependencies of target random_forest[0m
[1.557s] [100%] Built target random_forest
[1.570s] Invoked command in '/home/rizy/planner/3d-navi/3d-navi-ros2_v1/build/map_generator' returned '0': CMAKE_PREFIX_PATH=${CMAKE_PREFIX_PATH}:/home/rizy/planner/3d-navi/3d-navi-ros2_v1/install/nav_integration:/opt/ros/humble CONDA_PROMPT_MODIFIER=(myenv) /usr/bin/cmake --build /home/rizy/planner/3d-navi/3d-navi-ros2_v1/build/map_generator -- -j32 -l32
[1.572s] Invoking command in '/home/rizy/planner/3d-navi/3d-navi-ros2_v1/build/map_generator': CMAKE_PREFIX_PATH=${CMAKE_PREFIX_PATH}:/home/rizy/planner/3d-navi/3d-navi-ros2_v1/install/nav_integration:/opt/ros/humble CONDA_PROMPT_MODIFIER=(myenv) /usr/bin/cmake --install /home/rizy/planner/3d-navi/3d-navi-ros2_v1/build/map_generator
[1.578s] -- Install configuration: "Release"
[1.579s] -- Execute custom install script
[1.579s] -- Up-to-date symlink: /home/rizy/planner/3d-navi/3d-navi-ros2_v1/install/map_generator/lib/map_generator/random_forest
[1.579s] -- Up-to-date symlink: /home/rizy/planner/3d-navi/3d-navi-ros2_v1/install/map_generator/share/ament_index/resource_index/package_run_dependencies/map_generator
[1.579s] -- Up-to-date symlink: /home/rizy/planner/3d-navi/3d-navi-ros2_v1/install/map_generator/share/ament_index/resource_index/parent_prefix_path/map_generator
[1.579s] -- Up-to-date symlink: /home/rizy/planner/3d-navi/3d-navi-ros2_v1/install/map_generator/share/map_generator/environment/ament_prefix_path.sh
[1.579s] -- Up-to-date symlink: /home/rizy/planner/3d-navi/3d-navi-ros2_v1/install/map_generator/share/map_generator/environment/ament_prefix_path.dsv
[1.579s] -- Up-to-date symlink: /home/rizy/planner/3d-navi/3d-navi-ros2_v1/install/map_generator/share/map_generator/environment/path.sh
[1.580s] -- Up-to-date symlink: /home/rizy/planner/3d-navi/3d-navi-ros2_v1/install/map_generator/share/map_generator/environment/path.dsv
[1.580s] -- Up-to-date symlink: /home/rizy/planner/3d-navi/3d-navi-ros2_v1/install/map_generator/share/map_generator/local_setup.bash
[1.580s] -- Up-to-date symlink: /home/rizy/planner/3d-navi/3d-navi-ros2_v1/install/map_generator/share/map_generator/local_setup.sh
[1.580s] -- Up-to-date symlink: /home/rizy/planner/3d-navi/3d-navi-ros2_v1/install/map_generator/share/map_generator/local_setup.zsh
[1.580s] -- Up-to-date symlink: /home/rizy/planner/3d-navi/3d-navi-ros2_v1/install/map_generator/share/map_generator/local_setup.dsv
[1.580s] -- Symlinking: /home/rizy/planner/3d-navi/3d-navi-ros2_v1/install/map_generator/share/map_generator/package.dsv
[1.594s] -- Up-to-date symlink: /home/rizy/planner/3d-navi/3d-navi-ros2_v1/install/map_generator/share/ament_index/resource_index/packages/map_generator
[1.594s] -- Up-to-date symlink: /home/rizy/planner/3d-navi/3d-navi-ros2_v1/install/map_generator/share/map_generator/cmake/map_generatorConfig.cmake
[1.594s] -- Up-to-date symlink: /home/rizy/planner/3d-navi/3d-navi-ros2_v1/install/map_generator/share/map_generator/cmake/map_generatorConfig-version.cmake
[1.595s] -- Up-to-date symlink: /home/rizy/planner/3d-navi/3d-navi-ros2_v1/install/map_generator/share/map_generator/package.xml
[1.597s] Invoked command in '/home/rizy/planner/3d-navi/3d-navi-ros2_v1/build/map_generator' returned '0': CMAKE_PREFIX_PATH=${CMAKE_PREFIX_PATH}:/home/rizy/planner/3d-navi/3d-navi-ros2_v1/install/nav_integration:/opt/ros/humble CONDA_PROMPT_MODIFIER=(myenv) /usr/bin/cmake --install /home/rizy/planner/3d-navi/3d-navi-ros2_v1/build/map_generator
