[0.022s] Invoking command in '/home/rizy/planner/3d-navi/3d-navi-ros2_v1/build/local_sensing': AMENT_PREFIX_PATH=/home/rizy/planner/3d-navi/3d-navi-ros2_v1/install/quadrotor_msgs:${AMENT_PREFIX_PATH} CMAKE_PREFIX_PATH=/home/rizy/planner/3d-navi/3d-navi-ros2_v1/install/quadrotor_msgs:/opt/ros/humble CONDA_PROMPT_MODIFIER=(myenv) LD_LIBRARY_PATH=/home/rizy/planner/3d-navi/3d-navi-ros2_v1/install/quadrotor_msgs/lib:${LD_LIBRARY_PATH} PYTHONPATH=/home/rizy/planner/3d-navi/3d-navi-ros2_v1/install/quadrotor_msgs/lib/python3.10/site-packages:${PYTHONPATH} /usr/bin/cmake /home/rizy/planner/3d-navi/3d-navi-ros2_v1/src/uav_simulator/local_sensing -DAMENT_CMAKE_SYMLINK_INSTALL=1 -DCMAKE_INSTALL_PREFIX=/home/rizy/planner/3d-navi/3d-navi-ros2_v1/install/local_sensing
[0.109s] -- The C compiler identification is GNU 11.4.0
[0.172s] -- The CXX compiler identification is GNU 11.4.0
[0.182s] -- Detecting C compiler ABI info
[0.270s] -- Detecting C compiler ABI info - done
[0.278s] -- Check for working C compiler: /usr/bin/cc - skipped
[0.278s] -- Detecting C compile features
[0.279s] -- Detecting C compile features - done
[0.283s] -- Detecting CXX compiler ABI info
[0.377s] -- Detecting CXX compiler ABI info - done
[0.385s] -- Check for working CXX compiler: /usr/bin/c++ - skipped
[0.385s] -- Detecting CXX compile features
[0.385s] -- Detecting CXX compile features - done
[0.397s] -- Found ament_cmake: 1.3.12 (/opt/ros/humble/share/ament_cmake/cmake)
[0.844s] -- Found Python3: /home/rizy/anaconda3/envs/myenv/bin/python3 (found version "3.10.19") found components: Interpreter 
[0.917s] -- Override CMake install command with custom implementation using symlinks instead of copying resources
[0.943s] -- Found rclcpp: 16.0.16 (/opt/ros/humble/share/rclcpp/cmake)
[0.980s] -- Found rosidl_generator_c: 3.1.7 (/opt/ros/humble/share/rosidl_generator_c/cmake)
[0.985s] -- Found rosidl_adapter: 3.1.7 (/opt/ros/humble/share/rosidl_adapter/cmake)
[0.994s] -- Found rosidl_generator_cpp: 3.1.7 (/opt/ros/humble/share/rosidl_generator_cpp/cmake)
[1.002s] -- Using all available rosidl_typesupport_c: rosidl_typesupport_fastrtps_c;rosidl_typesupport_introspection_c
[1.014s] -- Using all available rosidl_typesupport_cpp: rosidl_typesupport_fastrtps_cpp;rosidl_typesupport_introspection_cpp
[1.045s] -- Found rmw_implementation_cmake: 6.1.2 (/opt/ros/humble/share/rmw_implementation_cmake/cmake)
[1.047s] -- Found rmw_cyclonedds_cpp: 1.3.4 (/opt/ros/humble/share/rmw_cyclonedds_cpp/cmake)
[1.063s] -- Using RMW implementation 'rmw_cyclonedds_cpp' as default
[1.073s] -- Looking for pthread.h
[1.174s] -- Looking for pthread.h - found
[1.174s] -- Performing Test CMAKE_HAVE_LIBC_PTHREAD
[1.260s] -- Performing Test CMAKE_HAVE_LIBC_PTHREAD - Success
[1.261s] -- Found Threads: TRUE  
[1.306s] -- Found pcl_ros: 2.4.5 (/opt/ros/humble/share/pcl_ros/cmake)
[1.358s] -- Checking for module 'eigen3'
[1.376s] --   Found eigen3, version 3.4.0
[1.418s] -- Found Eigen: /usr/include/eigen3 (Required is at least version "3.1") 
[1.418s] -- Eigen found (include: /usr/include/eigen3, version: 3.4.0)
[1.467s] -- Checking for module 'flann'
[1.490s] --   Found flann, version 1.9.1
[1.550s] -- Found FLANN: /usr/lib/x86_64-linux-gnu/libflann_cpp.so  
[1.550s] -- FLANN found (include: /usr/include, lib: /usr/lib/x86_64-linux-gnu/libflann_cpp.so)
[2.878s] -- Checking for module 'libusb-1.0'
[2.898s] --   Found libusb-1.0, version 1.0.25
[2.947s] -- Found libusb: /usr/lib/x86_64-linux-gnu/libusb-1.0.so  
[2.947s] -- OpenNI found (version: 1.5.4.0, include: /usr/include/ni, lib: /usr/lib/libOpenNI.so;libusb::libusb)
[3.048s] -- OpenNI2 found (version: 2.2.0.33, include: /usr/include/openni2, lib: /usr/lib/x86_64-linux-gnu/libOpenNI2.so;libusb::libusb)
[3.272s] -- Eigen found (include: /usr/include/eigen3, version: 3.4.0)
[3.283s] -- OpenNI found (version: 1.5.4.0, include: /usr/include/ni, lib: /usr/lib/libOpenNI.so;libusb::libusb)
[3.293s] -- OpenNI2 found (version: 2.2.0.33, include: /usr/include/openni2, lib: /usr/lib/x86_64-linux-gnu/libOpenNI2.so;libusb::libusb)
[3.481s] -- Found Qhull version 8.0.2
[3.729s] -- OpenNI found (version: 1.5.4.0, include: /usr/include/ni, lib: /usr/lib/libOpenNI.so;libusb::libusb)
[4.034s] -- Found PCL_COMMON: /usr/lib/x86_64-linux-gnu/libpcl_common.so  
[4.036s] -- Found PCL_KDTREE: /usr/lib/x86_64-linux-gnu/libpcl_kdtree.so  
[4.038s] -- Found PCL_OCTREE: /usr/lib/x86_64-linux-gnu/libpcl_octree.so  
[4.041s] -- Found PCL_SEARCH: /usr/lib/x86_64-linux-gnu/libpcl_search.so  
[4.041s] -- Found PCL_SAMPLE_CONSENSUS: /usr/lib/x86_64-linux-gnu/libpcl_sample_consensus.so  
[4.042s] -- Found PCL_FILTERS: /usr/lib/x86_64-linux-gnu/libpcl_filters.so  
[4.042s] -- Found PCL_2D: /usr/include/pcl-1.12  
[4.043s] -- Found PCL_GEOMETRY: /usr/include/pcl-1.12  
[4.044s] -- Found PCL_IO: /usr/lib/x86_64-linux-gnu/libpcl_io.so  
[4.045s] -- Found PCL_FEATURES: /usr/lib/x86_64-linux-gnu/libpcl_features.so  
[4.046s] -- Found PCL_ML: /usr/lib/x86_64-linux-gnu/libpcl_ml.so  
[4.046s] -- Found PCL_SEGMENTATION: /usr/lib/x86_64-linux-gnu/libpcl_segmentation.so  
[4.048s] -- Found PCL_VISUALIZATION: /usr/lib/x86_64-linux-gnu/libpcl_visualization.so  
[4.048s] -- Found PCL_SURFACE: /usr/lib/x86_64-linux-gnu/libpcl_surface.so  
[4.049s] -- Found PCL_REGISTRATION: /usr/lib/x86_64-linux-gnu/libpcl_registration.so  
[4.050s] -- Found PCL_KEYPOINTS: /usr/lib/x86_64-linux-gnu/libpcl_keypoints.so  
[4.051s] -- Found PCL_TRACKING: /usr/lib/x86_64-linux-gnu/libpcl_tracking.so  
[4.052s] -- Found PCL_RECOGNITION: /usr/lib/x86_64-linux-gnu/libpcl_recognition.so  
[4.053s] -- Found PCL_STEREO: /usr/lib/x86_64-linux-gnu/libpcl_stereo.so  
[4.054s] -- Found PCL_APPS: /usr/lib/x86_64-linux-gnu/libpcl_apps.so  
[4.055s] -- Found PCL_IN_HAND_SCANNER: /usr/include/pcl-1.12  
[4.058s] -- Found PCL_MODELER: /usr/include/pcl-1.12  
[4.058s] -- Found PCL_POINT_CLOUD_EDITOR: /usr/include/pcl-1.12  
[4.058s] -- Found PCL_OUTOFCORE: /usr/lib/x86_64-linux-gnu/libpcl_outofcore.so  
[4.058s] -- Found PCL_PEOPLE: /usr/lib/x86_64-linux-gnu/libpcl_people.so  
[4.103s] -- Found eigen3_cmake_module: 0.1.1 (/opt/ros/humble/share/eigen3_cmake_module/cmake)
[4.105s] -- Found Eigen3: TRUE (found version "3.4.0") 
[4.108s] -- Ensuring Eigen3 include directory is part of orocos-kdl CMake target
[4.207s] -- Found nav_msgs: 4.9.0 (/opt/ros/humble/share/nav_msgs/cmake)
[4.228s] -- Found quadrotor_msgs: 0.0.0 (/home/rizy/planner/3d-navi/3d-navi-ros2_v1/install/quadrotor_msgs/share/quadrotor_msgs/cmake)
[4.254s] -- Found Boost: /usr/lib/x86_64-linux-gnu/cmake/Boost-1.74.0/BoostConfig.cmake (found version "1.74.0") found components: date_time 
[4.500s] -- Configuring done
[4.580s] [33mCMake Warning at CMakeLists.txt:127 (add_executable):
[4.580s]   Cannot generate a safe runtime search path for target pcl_render_node
[4.580s]   because files in some directories may conflict with libraries in implicit
[4.580s]   directories:
[4.580s] 
[4.580s]     runtime library [libpng16.so.16] in /usr/lib/x86_64-linux-gnu may be hidden by files in:
[4.580s]       /home/rizy/anaconda3/lib
[4.580s]     runtime library [libz.so.1] in /usr/lib/x86_64-linux-gnu may be hidden by files in:
[4.580s]       /home/rizy/anaconda3/lib
[4.580s]       /home/rizy/anaconda3/envs/myenv/lib
[4.580s]     runtime library [libfreetype.so.6] in /usr/lib/x86_64-linux-gnu may be hidden by files in:
[4.580s]       /home/rizy/anaconda3/lib
[4.580s]     runtime library [libX11.so.6] in /usr/lib/x86_64-linux-gnu may be hidden by files in:
[4.581s]       /home/rizy/anaconda3/lib
[4.581s]       /home/rizy/anaconda3/envs/myenv/lib
[4.581s]     runtime library [libQt5OpenGL.so.5] in /usr/lib/x86_64-linux-gnu may be hidden by files in:
[4.581s]       /home/rizy/anaconda3/lib
[4.581s]     runtime library [libQt5Widgets.so.5] in /usr/lib/x86_64-linux-gnu may be hidden by files in:
[4.581s]       /home/rizy/anaconda3/lib
[4.581s]     runtime library [libQt5Gui.so.5] in /usr/lib/x86_64-linux-gnu may be hidden by files in:
[4.581s]       /home/rizy/anaconda3/lib
[4.581s]     runtime library [libEGL.so.1] in /usr/lib/x86_64-linux-gnu may be hidden by files in:
[4.581s]       /home/rizy/anaconda3/lib
[4.586s]     runtime library [libGL.so.1] in /usr/lib/x86_64-linux-gnu may be hidden by files in:
[4.586s]       /home/rizy/anaconda3/lib
[4.586s]     runtime library [libQt5Core.so.5] in /usr/lib/x86_64-linux-gnu may be hidden by files in:
[4.586s]       /home/rizy/anaconda3/lib
[4.586s]     runtime library [libtbb.so.12] in /usr/lib/x86_64-linux-gnu may be hidden by files in:
[4.586s]       /home/rizy/anaconda3/lib
[4.586s]     runtime library [libpython3.10.so.1.0] in /usr/lib/x86_64-linux-gnu may be hidden by files in:
[4.586s]       /home/rizy/anaconda3/envs/myenv/lib
[4.586s] 
[4.586s]   Some of these libraries may not be found correctly.
[4.586s] 
[4.586s] [0m
[4.586s] [33mCMake Warning at CMakeLists.txt:127 (add_executable):
[4.586s]   Cannot generate a safe dependent library path for target pcl_render_node
[4.587s]   because files in some directories may conflict with libraries in implicit
[4.587s]   directories:
[4.587s] 
[4.587s]     runtime library [libEGL.so.1] in /usr/lib/x86_64-linux-gnu may be hidden by files in:
[4.587s]       /home/rizy/anaconda3/lib
[4.587s]     runtime library [libGL.so.1] in /usr/lib/x86_64-linux-gnu may be hidden by files in:
[4.587s]       /home/rizy/anaconda3/lib
[4.587s] 
[4.587s] -- Generating done
[4.587s]   Some of these libraries may not be found correctly.
[4.587s] 
[4.587s] [0m
[4.600s] -- Build files have been written to: /home/rizy/planner/3d-navi/3d-navi-ros2_v1/build/local_sensing
[4.676s] Invoked command in '/home/rizy/planner/3d-navi/3d-navi-ros2_v1/build/local_sensing' returned '0': AMENT_PREFIX_PATH=/home/rizy/planner/3d-navi/3d-navi-ros2_v1/install/quadrotor_msgs:${AMENT_PREFIX_PATH} CMAKE_PREFIX_PATH=/home/rizy/planner/3d-navi/3d-navi-ros2_v1/install/quadrotor_msgs:/opt/ros/humble CONDA_PROMPT_MODIFIER=(myenv) LD_LIBRARY_PATH=/home/rizy/planner/3d-navi/3d-navi-ros2_v1/install/quadrotor_msgs/lib:${LD_LIBRARY_PATH} PYTHONPATH=/home/rizy/planner/3d-navi/3d-navi-ros2_v1/install/quadrotor_msgs/lib/python3.10/site-packages:${PYTHONPATH} /usr/bin/cmake /home/rizy/planner/3d-navi/3d-navi-ros2_v1/src/uav_simulator/local_sensing -DAMENT_CMAKE_SYMLINK_INSTALL=1 -DCMAKE_INSTALL_PREFIX=/home/rizy/planner/3d-navi/3d-navi-ros2_v1/install/local_sensing
[4.679s] Invoking command in '/home/rizy/planner/3d-navi/3d-navi-ros2_v1/build/local_sensing': AMENT_PREFIX_PATH=/home/rizy/planner/3d-navi/3d-navi-ros2_v1/install/quadrotor_msgs:${AMENT_PREFIX_PATH} CMAKE_PREFIX_PATH=/home/rizy/planner/3d-navi/3d-navi-ros2_v1/install/quadrotor_msgs:/opt/ros/humble CONDA_PROMPT_MODIFIER=(myenv) LD_LIBRARY_PATH=/home/rizy/planner/3d-navi/3d-navi-ros2_v1/install/quadrotor_msgs/lib:${LD_LIBRARY_PATH} PYTHONPATH=/home/rizy/planner/3d-navi/3d-navi-ros2_v1/install/quadrotor_msgs/lib/python3.10/site-packages:${PYTHONPATH} /usr/bin/cmake --build /home/rizy/planner/3d-navi/3d-navi-ros2_v1/build/local_sensing -- -j32 -l32
[4.784s] [ 50%] [32mBuilding CXX object CMakeFiles/pcl_render_node.dir/src/pointcloud_render_node.cpp.o[0m
[10.741s] [01m[K/home/rizy/planner/3d-navi/3d-navi-ros2_v1/src/uav_simulator/local_sensing/src/pointcloud_render_node.cpp:[m[K In function ‘[01m[Kvoid rcvLocalPointCloudCallBack(sensor_msgs::msg::PointCloud2_<std::allocator<void> >::SharedPtr)[m[K’:
[10.742s] [01m[K/home/rizy/planner/3d-navi/3d-navi-ros2_v1/src/uav_simulator/local_sensing/src/pointcloud_render_node.cpp:167:52:[m[K [01;35m[Kwarning: [m[Kunused parameter ‘[01m[Kpointcloud_map[m[K’ [[01;35m[K]8;;https://gcc.gnu.org/onlinedocs/gcc/Warning-Options.html#index-Wunused-parameter-Wunused-parameter]8;;[m[K]
[10.742s]   167 |     [01;35m[Kconst sensor_msgs::msg::PointCloud2::SharedPtr pointcloud_map[m[K) {
[10.742s]       |     [01;35m[K~~~~~~~~~~~~~~~~~~~~~~~~~~~~~~~~~~~~~~~~~~~~~~~^~~~~~~~~~~~~~[m[K
[20.827s] [100%] [32m[1mLinking CXX executable pcl_render_node[0m
[21.342s] [100%] Built target pcl_render_node
