-- The CXX compiler identification is GNU 11.4.0
-- Detecting CXX compiler ABI info
-- Detecting CXX compiler ABI info - done
-- Check for working CXX compiler: /usr/bin/c++ - skipped
-- Detecting CXX compile features
-- Detecting CXX compile features - done
-- Found Boost: /usr/lib/x86_64-linux-gnu/cmake/Boost-1.74.0/BoostConfig.cmake (found suitable version "1.74.0", minimum required is "1.65") found components: serialization system filesystem thread program_options date_time timer chrono regex 
-- GTSAM include directory:  /home/rizy/planner/3d-navi/3d-navi-ros2_v1/PCT_planner_re/planner/lib/3rdparty/gtsam-4.1.1/install/lib/cmake/GTSAM/../../../include
-- pybind11 v2.11.0 dev1
-- Found PythonInterp: /home/rizy/anaconda3/envs/myenv/bin/python (found suitable version "3.10.19", minimum required is "3.6") 
-- Found PythonLibs: /home/rizy/anaconda3/envs/myenv/lib/libpython3.10.so
-- Performing Test HAS_FLTO
-- Performing Test HAS_FLTO - Success
-- Configuring done
-- Generating done
-- Build files have been written to: /home/rizy/planner/3d-navi/3d-navi-ros2_v1/build/planning_core
Consolidate compiler generated dependencies of target a_star_search
Consolidate compiler generated dependencies of target map_manager
Consolidate compiler generated dependencies of target common_smoothing
[  8%] Built target map_manager
[  8%] Built target a_star_search
[ 45%] Built target common_smoothing
Consolidate compiler generated dependencies of target a_star
Consolidate compiler generated dependencies of target py_map_manager
[ 50%] Built target a_star
[ 54%] Built target py_map_manager
Consolidate compiler generated dependencies of target gpmp_optimizer
[ 86%] Built target gpmp_optimizer
Consolidate compiler generated dependencies of target ele_planner_lib
Consolidate compiler generated dependencies of target traj_opt
[ 91%] Built target ele_planner_lib
Consolidate compiler generated dependencies of target ele_planner
[ 95%] Built target traj_opt
[100%] Built target ele_planner
