[0.033s] Invoking command in '/home/rizy/planner/3d-navi/3d-navi-ros2_v1/build/planning_core': CONDA_PROMPT_MODIFIER=(myenv) /usr/bin/cmake /home/rizy/planner/3d-navi/3d-navi-ros2_v1/PCT_planner_re/planner/lib -DPython3_EXECUTABLE=/usr/bin/python3 -Dfmt_DIR=/usr/lib/x86_64-linux-gnu/cmake/fmt -DCMAKE_INSTALL_PREFIX=/home/rizy/planner/3d-navi/3d-navi-ros2_v1/install/planning_core
[0.105s] -- The CXX compiler identification is GNU 11.4.0
[0.116s] -- Detecting CXX compiler ABI info
[0.214s] -- Detecting CXX compiler ABI info - done
[0.220s] -- Check for working CXX compiler: /usr/bin/c++ - skipped
[0.220s] -- Detecting CXX compile features
[0.220s] -- Detecting CXX compile features - done
[0.458s] -- Found Boost: /usr/lib/x86_64-linux-gnu/cmake/Boost-1.74.0/BoostConfig.cmake (found suitable version "1.74.0", minimum required is "1.65") found components: serialization system filesystem thread program_options date_time timer chrono regex 
[0.459s] -- GTSAM include directory:  /home/rizy/planner/3d-navi/3d-navi-ros2_v1/PCT_planner_re/planner/lib/3rdparty/gtsam-4.1.1/install/lib/cmake/GTSAM/../../../include
[0.470s] -- pybind11 v2.11.0 dev1
[0.491s] -- Found PythonInterp: /home/rizy/anaconda3/envs/myenv/bin/python (found suitable version "3.10.19", minimum required is "3.6") 
[0.511s] -- Found PythonLibs: /home/rizy/anaconda3/envs/myenv/lib/libpython3.10.so
[0.513s] -- Performing Test HAS_FLTO
[0.683s] -- Performing Test HAS_FLTO - Success
[0.689s] -- Configuring done
[0.712s] -- Generating done
[0.713s] CMake Warning:
[0.714s]   Manually-specified variables were not used by the project:
[0.714s] 
[0.714s]     Python3_EXECUTABLE
[0.714s]     fmt_DIR
[0.714s] 
[0.714s] 
[0.717s] -- Build files have been written to: /home/rizy/planner/3d-navi/3d-navi-ros2_v1/build/planning_core
[0.728s] Invoked command in '/home/rizy/planner/3d-navi/3d-navi-ros2_v1/build/planning_core' returned '0': CONDA_PROMPT_MODIFIER=(myenv) /usr/bin/cmake /home/rizy/planner/3d-navi/3d-navi-ros2_v1/PCT_planner_re/planner/lib -DPython3_EXECUTABLE=/usr/bin/python3 -Dfmt_DIR=/usr/lib/x86_64-linux-gnu/cmake/fmt -DCMAKE_INSTALL_PREFIX=/home/rizy/planner/3d-navi/3d-navi-ros2_v1/install/planning_core
[0.730s] Invoking command in '/home/rizy/planner/3d-navi/3d-navi-ros2_v1/build/planning_core': CONDA_PROMPT_MODIFIER=(myenv) /usr/bin/cmake --build /home/rizy/planner/3d-navi/3d-navi-ros2_v1/build/planning_core -- -j32 -l32
[0.802s] Consolidate compiler generated dependencies of target a_star_search
[0.802s] Consolidate compiler generated dependencies of target map_manager
[0.812s] Consolidate compiler generated dependencies of target common_smoothing
[0.822s] [  8%] Built target map_manager
[0.822s] [  8%] Built target a_star_search
[0.835s] [ 45%] Built target common_smoothing
[0.841s] Consolidate compiler generated dependencies of target a_star
[0.844s] Consolidate compiler generated dependencies of target py_map_manager
[0.858s] [ 50%] Built target a_star
[0.858s] [ 54%] Built target py_map_manager
[0.899s] Consolidate compiler generated dependencies of target gpmp_optimizer
[0.936s] [ 86%] Built target gpmp_optimizer
[0.950s] Consolidate compiler generated dependencies of target ele_planner_lib
[0.962s] Consolidate compiler generated dependencies of target traj_opt
[0.971s] [ 91%] Built target ele_planner_lib
[0.985s] Consolidate compiler generated dependencies of target ele_planner
[0.991s] [ 95%] Built target traj_opt
[1.001s] [100%] Built target ele_planner
[1.027s] Invoked command in '/home/rizy/planner/3d-navi/3d-navi-ros2_v1/build/planning_core' returned '0': CONDA_PROMPT_MODIFIER=(myenv) /usr/bin/cmake --build /home/rizy/planner/3d-navi/3d-navi-ros2_v1/build/planning_core -- -j32 -l32
