[0.039s] Invoking command in '/home/rizy/planner/3d-navi/3d-navi-ros2_v1/build/planning_core': CONDA_PROMPT_MODIFIER=(myenv) /usr/bin/cmake --build /home/rizy/planner/3d-navi/3d-navi-ros2_v1/build/planning_core -- -j32 -l32
[0.088s] [35m[1mConsolidate compiler generated dependencies of target map_manager[0m
[0.092s] [35m[1mConsolidate compiler generated dependencies of target a_star_search[0m
[0.098s] [35m[1mConsolidate compiler generated dependencies of target common_smoothing[0m
[0.116s] [  4%] Built target a_star_search
[0.119s] [  8%] Built target map_manager
[0.126s] [35m[1mConsolidate compiler generated dependencies of target a_star[0m
[0.136s] [ 45%] Built target common_smoothing
[0.136s] [35m[1mConsolidate compiler generated dependencies of target py_map_manager[0m
[0.144s] [ 50%] Built target a_star
[0.149s] [ 54%] Built target py_map_manager
[0.153s] [35m[1mConsolidate compiler generated dependencies of target gpmp_optimizer[0m
[0.236s] [ 86%] Built target gpmp_optimizer
[0.251s] [35m[1mConsolidate compiler generated dependencies of target ele_planner_lib[0m
[0.252s] [35m[1mConsolidate compiler generated dependencies of target traj_opt[0m
[0.274s] [ 91%] Built target ele_planner_lib
[0.282s] [ 95%] Built target traj_opt
[0.291s] [35m[1mConsolidate compiler generated dependencies of target ele_planner[0m
[0.308s] [100%] Built target ele_planner
[0.328s] Invoked command in '/home/rizy/planner/3d-navi/3d-navi-ros2_v1/build/planning_core' returned '0': CONDA_PROMPT_MODIFIER=(myenv) /usr/bin/cmake --build /home/rizy/planner/3d-navi/3d-navi-ros2_v1/build/planning_core -- -j32 -l32
