[0.041s] Invoking command in '/home/rizy/planner/3d-navi/3d-navi-ros2_v1/build/pose_utils': CMAKE_PREFIX_PATH=${CMAKE_PREFIX_PATH}:/home/rizy/planner/3d-navi/3d-navi-ros2_v1/install/nav_integration:/opt/ros/humble CONDA_PROMPT_MODIFIER=(myenv) /usr/bin/cmake /home/rizy/planner/3d-navi/3d-navi-ros2_v1/src/uav_simulator/Utils/pose_utils -DCMAKE_INSTALL_PREFIX=/home/rizy/planner/3d-navi/3d-navi-ros2_v1/install/pose_utils
[0.226s] -- Found ament_cmake: 1.3.12 (/opt/ros/humble/share/ament_cmake/cmake)
[0.226s] -- Override CMake install command with custom implementation using symlinks instead of copying resources
[0.226s] -- Found rclcpp: 16.0.16 (/opt/ros/humble/share/rclcpp/cmake)
[0.226s] -- Found rosidl_generator_c: 3.1.7 (/opt/ros/humble/share/rosidl_generator_c/cmake)
[0.226s] -- Found rosidl_adapter: 3.1.7 (/opt/ros/humble/share/rosidl_adapter/cmake)
[0.226s] -- Found rosidl_generator_cpp: 3.1.7 (/opt/ros/humble/share/rosidl_generator_cpp/cmake)
[0.226s] -- Using all available rosidl_typesupport_c: rosidl_typesupport_fastrtps_c;rosidl_typesupport_introspection_c
[0.230s] -- Using all available rosidl_typesupport_cpp: rosidl_typesupport_fastrtps_cpp;rosidl_typesupport_introspection_cpp
[0.260s] -- Found rmw_implementation_cmake: 6.1.2 (/opt/ros/humble/share/rmw_implementation_cmake/cmake)
[0.262s] -- Found rmw_cyclonedds_cpp: 1.3.4 (/opt/ros/humble/share/rmw_cyclonedds_cpp/cmake)
[0.282s] -- Using RMW implementation 'rmw_cyclonedds_cpp' as default
[0.322s] -- Found ament_lint_auto: 0.12.14 (/opt/ros/humble/share/ament_lint_auto/cmake)
[0.379s] -- Added test 'cppcheck' to perform static code analysis on C / C++ code
[0.379s] -- Configured cppcheck include dirs: /home/rizy/planner/3d-navi/3d-navi-ros2_v1/src/uav_simulator/Utils/pose_utils/include/pose_utils
[0.379s] -- Configured cppcheck exclude dirs and/or files: 
[0.380s] -- Added test 'lint_cmake' to check CMake code style
[0.380s] -- Added test 'uncrustify' to check C / C++ code style
[0.380s] -- Configured uncrustify additional arguments: 
[0.381s] -- Added test 'xmllint' to check XML markup files
[0.382s] -- Configuring done
[0.390s] -- Generating done
[0.392s] -- Build files have been written to: /home/rizy/planner/3d-navi/3d-navi-ros2_v1/build/pose_utils
[0.403s] Invoked command in '/home/rizy/planner/3d-navi/3d-navi-ros2_v1/build/pose_utils' returned '0': CMAKE_PREFIX_PATH=${CMAKE_PREFIX_PATH}:/home/rizy/planner/3d-navi/3d-navi-ros2_v1/install/nav_integration:/opt/ros/humble CONDA_PROMPT_MODIFIER=(myenv) /usr/bin/cmake /home/rizy/planner/3d-navi/3d-navi-ros2_v1/src/uav_simulator/Utils/pose_utils -DCMAKE_INSTALL_PREFIX=/home/rizy/planner/3d-navi/3d-navi-ros2_v1/install/pose_utils
[0.404s] Invoking command in '/home/rizy/planner/3d-navi/3d-navi-ros2_v1/build/pose_utils': CMAKE_PREFIX_PATH=${CMAKE_PREFIX_PATH}:/home/rizy/planner/3d-navi/3d-navi-ros2_v1/install/nav_integration:/opt/ros/humble CONDA_PROMPT_MODIFIER=(myenv) /usr/bin/cmake --build /home/rizy/planner/3d-navi/3d-navi-ros2_v1/build/pose_utils -- -j32 -l32
[0.462s] [35m[1mConsolidate compiler generated dependencies of target pose_utils[0m
[0.490s] [100%] Built target pose_utils
[0.532s] Invoked command in '/home/rizy/planner/3d-navi/3d-navi-ros2_v1/build/pose_utils' returned '0': CMAKE_PREFIX_PATH=${CMAKE_PREFIX_PATH}:/home/rizy/planner/3d-navi/3d-navi-ros2_v1/install/nav_integration:/opt/ros/humble CONDA_PROMPT_MODIFIER=(myenv) /usr/bin/cmake --build /home/rizy/planner/3d-navi/3d-navi-ros2_v1/build/pose_utils -- -j32 -l32
[0.534s] Invoking command in '/home/rizy/planner/3d-navi/3d-navi-ros2_v1/build/pose_utils': CMAKE_PREFIX_PATH=${CMAKE_PREFIX_PATH}:/home/rizy/planner/3d-navi/3d-navi-ros2_v1/install/nav_integration:/opt/ros/humble CONDA_PROMPT_MODIFIER=(myenv) /usr/bin/cmake --install /home/rizy/planner/3d-navi/3d-navi-ros2_v1/build/pose_utils
[0.546s] -- Install configuration: ""
[0.547s] -- Execute custom install script
[0.547s] -- Up-to-date symlink: /home/rizy/planner/3d-navi/3d-navi-ros2_v1/install/pose_utils/lib/libpose_utils.so
[0.547s] -- Up-to-date symlink: /home/rizy/planner/3d-navi/3d-navi-ros2_v1/install/pose_utils/include/pose_utils/pose_utils.h
[0.547s] -- Up-to-date symlink: /home/rizy/planner/3d-navi/3d-navi-ros2_v1/install/pose_utils/share/pose_utils/environment/library_path.sh
[0.548s] -- Up-to-date symlink: /home/rizy/planner/3d-navi/3d-navi-ros2_v1/install/pose_utils/share/pose_utils/environment/library_path.dsv
[0.548s] -- Up-to-date symlink: /home/rizy/planner/3d-navi/3d-navi-ros2_v1/install/pose_utils/share/ament_index/resource_index/package_run_dependencies/pose_utils
[0.548s] -- Up-to-date symlink: /home/rizy/planner/3d-navi/3d-navi-ros2_v1/install/pose_utils/share/ament_index/resource_index/parent_prefix_path/pose_utils
[0.548s] -- Up-to-date symlink: /home/rizy/planner/3d-navi/3d-navi-ros2_v1/install/pose_utils/share/pose_utils/environment/ament_prefix_path.sh
[0.548s] -- Up-to-date symlink: /home/rizy/planner/3d-navi/3d-navi-ros2_v1/install/pose_utils/share/pose_utils/environment/ament_prefix_path.dsv
[0.548s] -- Up-to-date symlink: /home/rizy/planner/3d-navi/3d-navi-ros2_v1/install/pose_utils/share/pose_utils/environment/path.sh
[0.548s] -- Up-to-date symlink: /home/rizy/planner/3d-navi/3d-navi-ros2_v1/install/pose_utils/share/pose_utils/environment/path.dsv
[0.548s] -- Up-to-date symlink: /home/rizy/planner/3d-navi/3d-navi-ros2_v1/install/pose_utils/share/pose_utils/local_setup.bash
[0.548s] -- Up-to-date symlink: /home/rizy/planner/3d-navi/3d-navi-ros2_v1/install/pose_utils/share/pose_utils/local_setup.sh
[0.549s] -- Up-to-date symlink: /home/rizy/planner/3d-navi/3d-navi-ros2_v1/install/pose_utils/share/pose_utils/local_setup.zsh
[0.549s] -- Up-to-date symlink: /home/rizy/planner/3d-navi/3d-navi-ros2_v1/install/pose_utils/share/pose_utils/local_setup.dsv
[0.549s] -- Symlinking: /home/rizy/planner/3d-navi/3d-navi-ros2_v1/install/pose_utils/share/pose_utils/package.dsv
[0.561s] -- Up-to-date symlink: /home/rizy/planner/3d-navi/3d-navi-ros2_v1/install/pose_utils/share/ament_index/resource_index/packages/pose_utils
[0.561s] -- Up-to-date symlink: /home/rizy/planner/3d-navi/3d-navi-ros2_v1/install/pose_utils/share/pose_utils/cmake/ament_cmake_export_include_directories-extras.cmake
[0.562s] -- Up-to-date symlink: /home/rizy/planner/3d-navi/3d-navi-ros2_v1/install/pose_utils/share/pose_utils/cmake/ament_cmake_export_libraries-extras.cmake
[0.562s] -- Up-to-date symlink: /home/rizy/planner/3d-navi/3d-navi-ros2_v1/install/pose_utils/share/pose_utils/cmake/pose_utilsConfig.cmake
[0.562s] -- Up-to-date symlink: /home/rizy/planner/3d-navi/3d-navi-ros2_v1/install/pose_utils/share/pose_utils/cmake/pose_utilsConfig-version.cmake
[0.562s] -- Up-to-date symlink: /home/rizy/planner/3d-navi/3d-navi-ros2_v1/install/pose_utils/share/pose_utils/package.xml
[0.566s] Invoked command in '/home/rizy/planner/3d-navi/3d-navi-ros2_v1/build/pose_utils' returned '0': CMAKE_PREFIX_PATH=${CMAKE_PREFIX_PATH}:/home/rizy/planner/3d-navi/3d-navi-ros2_v1/install/nav_integration:/opt/ros/humble CONDA_PROMPT_MODIFIER=(myenv) /usr/bin/cmake --install /home/rizy/planner/3d-navi/3d-navi-ros2_v1/build/pose_utils
