-- GTSAM include directory:  /home/rizy/planner/3d-navi/3d-navi-ros2_v1/PCT_planner_re/planner/lib/3rdparty/gtsam-4.1.1/install/lib/cmake/GTSAM/../../../include
-- pybind11 v2.11.0 dev1
-- Configuring done
-- Generating done
-- Build files have been written to: /home/rizy/planner/3d-navi/3d-navi-ros2_v1/build/planning_core
[35m[1mConsolidate compiler generated dependencies of target map_manager[0m
[35m[1mConsolidate compiler generated dependencies of target a_star_search[0m
[35m[1mConsolidate compiler generated dependencies of target common_smoothing[0m
[  4%] Built target map_manager
[  8%] Built target a_star_search
[35m[1mConsolidate compiler generated dependencies of target py_map_manager[0m
[35m[1mConsolidate compiler generated dependencies of target a_star[0m
[ 45%] Built target common_smoothing
[ 50%] Built target a_star
[ 54%] Built target py_map_manager
[35m[1mConsolidate compiler generated dependencies of target gpmp_optimizer[0m
[ 86%] Built target gpmp_optimizer
[35m[1mConsolidate compiler generated dependencies of target ele_planner_lib[0m
[35m[1mConsolidate compiler generated dependencies of target traj_opt[0m
[ 91%] Built target ele_planner_lib
[ 95%] Built target traj_opt
[35m[1mConsolidate compiler generated dependencies of target ele_planner[0m
[100%] Built target ele_planner
