[0.009s] Invoking command in '/home/rizy/planner/3d-navi/3d-navi-ros2_v1/build/bspline_opt': AMENT_PREFIX_PATH=/home/rizy/planner/3d-navi/3d-navi-ros2_v1/install/path_searching:/home/rizy/planner/3d-navi/3d-navi-ros2_v1/install/traj_utils:/home/rizy/planner/3d-navi/3d-navi-ros2_v1/install/plan_env:${AMENT_PREFIX_PATH} CMAKE_PREFIX_PATH=/home/rizy/planner/3d-navi/3d-navi-ros2_v1/install/path_searching:/home/rizy/planner/3d-navi/3d-navi-ros2_v1/install/traj_utils:/home/rizy/planner/3d-navi/3d-navi-ros2_v1/install/plan_env:/opt/ros/humble CONDA_PROMPT_MODIFIER=(myenv) LD_LIBRARY_PATH=/home/rizy/planner/3d-navi/3d-navi-ros2_v1/install/path_searching/lib:/home/rizy/planner/3d-navi/3d-navi-ros2_v1/install/traj_utils/lib:/home/rizy/planner/3d-navi/3d-navi-ros2_v1/install/plan_env/lib:${LD_LIBRARY_PATH} PYTHONPATH=/home/rizy/planner/3d-navi/3d-navi-ros2_v1/install/traj_utils/local/lib/python3.10/dist-packages:/home/rizy/planner/3d-navi/3d-navi-ros2_v1/install/traj_utils/lib/python3.10/site-packages:${PYTHONPATH} /usr/bin/cmake /home/rizy/planner/3d-navi/3d-navi-ros2_v1/src/planner/bspline_opt -DPython3_EXECUTABLE=/usr/bin/python3 -Dfmt_DIR=/usr/lib/x86_64-linux-gnu/cmake/fmt -DAMENT_CMAKE_SYMLINK_INSTALL=1 -DCMAKE_INSTALL_PREFIX=/home/rizy/planner/3d-navi/3d-navi-ros2_v1/install/bspline_opt
[0.049s] -- The C compiler identification is GNU 11.4.0
[0.086s] -- The CXX compiler identification is GNU 11.4.0
[0.090s] -- Detecting C compiler ABI info
[0.146s] -- Detecting C compiler ABI info - done
[0.150s] -- Check for working C compiler: /usr/bin/cc - skipped
[0.150s] -- Detecting C compile features
[0.150s] -- Detecting C compile features - done
[0.152s] -- Detecting CXX compiler ABI info
[0.224s] -- Detecting CXX compiler ABI info - done
[0.228s] -- Check for working CXX compiler: /usr/bin/c++ - skipped
[0.229s] -- Detecting CXX compile features
[0.229s] -- Detecting CXX compile features - done
[0.231s] -- Found ament_cmake: 1.3.12 (/opt/ros/humble/share/ament_cmake/cmake)
[0.457s] -- Found Python3: /usr/bin/python3 (found version "3.10.12") found components: Interpreter 
[0.503s] -- Override CMake install command with custom implementation using symlinks instead of copying resources
[0.527s] -- Found rclcpp: 16.0.16 (/opt/ros/humble/share/rclcpp/cmake)
[0.560s] -- Found rosidl_generator_c: 3.1.7 (/opt/ros/humble/share/rosidl_generator_c/cmake)
[0.563s] -- Found rosidl_adapter: 3.1.7 (/opt/ros/humble/share/rosidl_adapter/cmake)
[0.569s] -- Found rosidl_generator_cpp: 3.1.7 (/opt/ros/humble/share/rosidl_generator_cpp/cmake)
[0.577s] -- Using all available rosidl_typesupport_c: rosidl_typesupport_fastrtps_c;rosidl_typesupport_introspection_c
[0.587s] -- Using all available rosidl_typesupport_cpp: rosidl_typesupport_fastrtps_cpp;rosidl_typesupport_introspection_cpp
[0.616s] -- Found rmw_implementation_cmake: 6.1.2 (/opt/ros/humble/share/rmw_implementation_cmake/cmake)
[0.618s] -- Found rmw_cyclonedds_cpp: 1.3.4 (/opt/ros/humble/share/rmw_cyclonedds_cpp/cmake)
[0.631s] -- Using RMW implementation 'rmw_cyclonedds_cpp' as default
[0.641s] -- Looking for pthread.h
[0.697s] -- Looking for pthread.h - found
[0.698s] -- Performing Test CMAKE_HAVE_LIBC_PTHREAD
[0.751s] -- Performing Test CMAKE_HAVE_LIBC_PTHREAD - Success
[0.751s] -- Found Threads: TRUE  
[0.787s] -- Found rclpy: 3.3.19 (/opt/ros/humble/share/rclpy/cmake)
[0.789s] -- Found visualization_msgs: 4.9.0 (/opt/ros/humble/share/visualization_msgs/cmake)
[0.820s] -- Found nav_msgs: 4.9.0 (/opt/ros/humble/share/nav_msgs/cmake)
[0.830s] -- Found cv_bridge: 3.2.1 (/opt/ros/humble/share/cv_bridge/cmake)
[0.839s] -- Found plan_env: 0.0.0 (/home/rizy/planner/3d-navi/3d-navi-ros2_v1/install/plan_env/share/plan_env/cmake)
[0.839s] -- Found traj_utils: 0.0.0 (/home/rizy/planner/3d-navi/3d-navi-ros2_v1/install/traj_utils/share/traj_utils/cmake)
[0.852s] -- Found path_searching: 0.0.0 (/home/rizy/planner/3d-navi/3d-navi-ros2_v1/install/path_searching/share/path_searching/cmake)
[0.864s] -- Checking for module 'eigen3'
[0.874s] --   Found eigen3, version 3.4.0
[0.896s] -- Found Eigen: /usr/include/eigen3 (Required is at least version "3.1") 
[0.897s] -- Eigen found (include: /usr/include/eigen3, version: 3.4.0)
[0.914s] -- Found Boost: /usr/lib/x86_64-linux-gnu/cmake/Boost-1.74.0/BoostConfig.cmake (found suitable version "1.74.0", minimum required is "1.65.0") found components: system filesystem date_time iostreams serialization 
[0.929s] -- Checking for module 'flann'
[0.940s] --   Found flann, version 1.9.1
[0.971s] -- Found FLANN: /usr/lib/x86_64-linux-gnu/libflann_cpp.so  
[0.971s] -- FLANN found (include: /usr/include, lib: /usr/lib/x86_64-linux-gnu/libflann_cpp.so)
[0.992s] -- Found GLEW: /usr/lib/x86_64-linux-gnu/libGLEW.so  
[0.996s] -- Found OpenGL: /usr/lib/x86_64-linux-gnu/libOpenGL.so  found components: OpenGL GLX 
[1.099s] -- Found MPI_C: /usr/lib/x86_64-linux-gnu/libmpi.so (found version "3.1") 
[1.099s] -- Found MPI: TRUE (found version "3.1") found components: C 
[1.100s] -- Found JsonCpp: /usr/lib/x86_64-linux-gnu/libjsoncpp.so (found suitable version "1.9.5", minimum required is "0.7.0") 
[1.114s] -- Found ZLIB: /usr/lib/x86_64-linux-gnu/libz.so (found version "1.2.11") 
[1.119s] -- Found PNG: /usr/lib/x86_64-linux-gnu/libpng.so (found version "1.6.37") 
[1.126s] -- Found Eigen3: /usr/include/eigen3 (found version "3.4.0") 
[1.192s] -- Found X11: /usr/include   
[1.192s] -- Looking for XOpenDisplay in /usr/lib/x86_64-linux-gnu/libX11.so;/usr/lib/x86_64-linux-gnu/libXext.so
[1.245s] -- Looking for XOpenDisplay in /usr/lib/x86_64-linux-gnu/libX11.so;/usr/lib/x86_64-linux-gnu/libXext.so - found
[1.245s] -- Looking for gethostbyname
[1.295s] -- Looking for gethostbyname - found
[1.295s] -- Looking for connect
[1.342s] -- Looking for connect - found
[1.342s] -- Looking for remove
[1.394s] -- Looking for remove - found
[1.394s] -- Looking for shmat
[1.446s] -- Looking for shmat - found
[1.446s] -- Looking for IceConnectionNumber in ICE
[1.497s] -- Looking for IceConnectionNumber in ICE - found
[1.559s] -- Found EXPAT: /usr/lib/x86_64-linux-gnu/libexpat.so (found version "2.4.7") 
[1.560s] -- Found double-conversion: /usr/lib/x86_64-linux-gnu/libdouble-conversion.so  
[1.561s] -- Found LZ4: /usr/lib/x86_64-linux-gnu/liblz4.so (found version "1.9.3") 
[1.562s] -- Found LZMA: /usr/lib/x86_64-linux-gnu/liblzma.so (found version "5.2.5") 
[1.572s] -- Found JPEG: /usr/lib/x86_64-linux-gnu/libjpeg.so (found version "80") 
[1.577s] -- Found TIFF: /usr/lib/x86_64-linux-gnu/libtiff.so (found version "4.3.0")  
[1.579s] -- Found Freetype: /usr/lib/x86_64-linux-gnu/libfreetype.so (found version "2.11.1") 
[1.582s] -- Found utf8cpp: /usr/include/utf8cpp  
[1.638s] -- Checking for module 'libusb-1.0'
[1.648s] --   Found libusb-1.0, version 1.0.25
[1.676s] -- Found libusb: /usr/lib/x86_64-linux-gnu/libusb-1.0.so  
[1.677s] -- Found OpenNI: /usr/lib/libOpenNI.so;libusb::libusb (found version "1.5.4.0") 
[1.677s] -- OpenNI found (version: 1.5.4.0, include: /usr/include/ni, lib: /usr/lib/libOpenNI.so;libusb::libusb)
[1.720s] -- Found OpenNI2: /usr/lib/x86_64-linux-gnu/libOpenNI2.so;libusb::libusb (found version "2.2.0.33") 
[1.720s] -- OpenNI2 found (version: 2.2.0.33, include: /usr/include/openni2, lib: /usr/lib/x86_64-linux-gnu/libOpenNI2.so;libusb::libusb)
[1.720s] ** WARNING ** io features related to pcap will be disabled
[1.821s] -- Eigen found (include: /usr/include/eigen3, version: 3.4.0)
[1.829s] -- OpenNI found (version: 1.5.4.0, include: /usr/include/ni, lib: /usr/lib/libOpenNI.so;libusb::libusb)
[1.835s] -- OpenNI2 found (version: 2.2.0.33, include: /usr/include/openni2, lib: /usr/lib/x86_64-linux-gnu/libOpenNI2.so;libusb::libusb)
[1.945s] -- Found Qhull version 8.0.2
[2.052s] -- OpenNI found (version: 1.5.4.0, include: /usr/include/ni, lib: /usr/lib/libOpenNI.so;libusb::libusb)
[2.158s] -- looking for PCL_COMMON
[2.161s] -- Found PCL_COMMON: /usr/lib/x86_64-linux-gnu/libpcl_common.so  
[2.161s] -- looking for PCL_KDTREE
[2.162s] -- Found PCL_KDTREE: /usr/lib/x86_64-linux-gnu/libpcl_kdtree.so  
[2.162s] -- looking for PCL_OCTREE
[2.162s] -- Found PCL_OCTREE: /usr/lib/x86_64-linux-gnu/libpcl_octree.so  
[2.162s] -- looking for PCL_SEARCH
[2.163s] -- Found PCL_SEARCH: /usr/lib/x86_64-linux-gnu/libpcl_search.so  
[2.163s] -- looking for PCL_SAMPLE_CONSENSUS
[2.163s] -- Found PCL_SAMPLE_CONSENSUS: /usr/lib/x86_64-linux-gnu/libpcl_sample_consensus.so  
[2.163s] -- looking for PCL_FILTERS
[2.164s] -- Found PCL_FILTERS: /usr/lib/x86_64-linux-gnu/libpcl_filters.so  
[2.164s] -- looking for PCL_2D
[2.164s] -- Found PCL_2D: /usr/include/pcl-1.12  
[2.164s] -- looking for PCL_GEOMETRY
[2.164s] -- Found PCL_GEOMETRY: /usr/include/pcl-1.12  
[2.164s] -- looking for PCL_IO
[2.164s] -- Found PCL_IO: /usr/lib/x86_64-linux-gnu/libpcl_io.so  
[2.164s] -- looking for PCL_FEATURES
[2.165s] -- Found PCL_FEATURES: /usr/lib/x86_64-linux-gnu/libpcl_features.so  
[2.165s] -- looking for PCL_ML
[2.165s] -- Found PCL_ML: /usr/lib/x86_64-linux-gnu/libpcl_ml.so  
[2.165s] -- looking for PCL_SEGMENTATION
[2.166s] -- Found PCL_SEGMENTATION: /usr/lib/x86_64-linux-gnu/libpcl_segmentation.so  
[2.166s] -- looking for PCL_VISUALIZATION
[2.166s] -- Found PCL_VISUALIZATION: /usr/lib/x86_64-linux-gnu/libpcl_visualization.so  
[2.166s] -- looking for PCL_SURFACE
[2.167s] -- Found PCL_SURFACE: /usr/lib/x86_64-linux-gnu/libpcl_surface.so  
[2.167s] -- looking for PCL_REGISTRATION
[2.167s] -- Found PCL_REGISTRATION: /usr/lib/x86_64-linux-gnu/libpcl_registration.so  
[2.167s] -- looking for PCL_KEYPOINTS
[2.168s] -- Found PCL_KEYPOINTS: /usr/lib/x86_64-linux-gnu/libpcl_keypoints.so  
[2.168s] -- looking for PCL_TRACKING
[2.168s] -- Found PCL_TRACKING: /usr/lib/x86_64-linux-gnu/libpcl_tracking.so  
[2.168s] -- looking for PCL_RECOGNITION
[2.169s] -- Found PCL_RECOGNITION: /usr/lib/x86_64-linux-gnu/libpcl_recognition.so  
[2.169s] -- looking for PCL_STEREO
[2.169s] -- Found PCL_STEREO: /usr/lib/x86_64-linux-gnu/libpcl_stereo.so  
[2.169s] -- looking for PCL_APPS
[2.170s] -- Found PCL_APPS: /usr/lib/x86_64-linux-gnu/libpcl_apps.so  
[2.170s] -- looking for PCL_IN_HAND_SCANNER
[2.170s] -- Found PCL_IN_HAND_SCANNER: /usr/include/pcl-1.12  
[2.170s] -- looking for PCL_MODELER
[2.170s] -- Found PCL_MODELER: /usr/include/pcl-1.12  
[2.171s] -- looking for PCL_POINT_CLOUD_EDITOR
[2.171s] -- Found PCL_POINT_CLOUD_EDITOR: /usr/include/pcl-1.12  
[2.171s] -- looking for PCL_OUTOFCORE
[2.171s] -- Found PCL_OUTOFCORE: /usr/lib/x86_64-linux-gnu/libpcl_outofcore.so  
[2.171s] -- looking for PCL_PEOPLE
[2.172s] -- Found PCL_PEOPLE: /usr/lib/x86_64-linux-gnu/libpcl_people.so  
[2.172s] -- Found PCL: pcl_common;pcl_kdtree;pcl_octree;pcl_search;pcl_sample_consensus;pcl_filters;pcl_io;pcl_features;pcl_ml;pcl_segmentation;pcl_visualization;pcl_surface;pcl_registration;pcl_keypoints;pcl_tracking;pcl_recognition;pcl_stereo;pcl_apps;pcl_outofcore;pcl_people;Boost::system;Boost::filesystem;Boost::date_time;Boost::iostreams;Boost::serialization;/usr/lib/libOpenNI.so;libusb::libusb;/usr/lib/x86_64-linux-gnu/libOpenNI2.so;libusb::libusb;VTK::ChartsCore;VTK::CommonColor;VTK::CommonComputationalGeometry;VTK::CommonCore;VTK::CommonDataModel;VTK::CommonExecutionModel;VTK::CommonMath;VTK::CommonMisc;VTK::CommonTransforms;VTK::FiltersCore;VTK::FiltersExtraction;VTK::FiltersGeneral;VTK::FiltersGeometry;VTK::FiltersModeling;VTK::FiltersSources;VTK::ImagingCore;VTK::ImagingSources;VTK::InteractionImage;VTK::InteractionStyle;VTK::InteractionWidgets;VTK::IOCore;VTK::IOGeometry;VTK::IOImage;VTK::IOLegacy;VTK::IOPLY;VTK::RenderingAnnotation;VTK::RenderingCore;VTK::RenderingContext2D;VTK::RenderingLOD;VTK::RenderingFreeType;VTK::ViewsCore;VTK::ViewsContext2D;VTK::RenderingOpenGL2;VTK::GUISupportQt;FLANN::FLANN;QHULL::QHULL  
[2.174s] -- Found pcl_conversions: 2.4.5 (/opt/ros/humble/share/pcl_conversions/cmake)
[2.197s] -- Found ament_lint_auto: 0.12.14 (/opt/ros/humble/share/ament_lint_auto/cmake)
[2.259s] -- Added test 'cppcheck' to perform static code analysis on C / C++ code
[2.259s] -- Configured cppcheck include dirs: /home/rizy/planner/3d-navi/3d-navi-ros2_v1/src/planner/bspline_opt/include
[2.259s] -- Configured cppcheck exclude dirs and/or files: 
[2.259s] -- Added test 'lint_cmake' to check CMake code style
[2.260s] -- Added test 'uncrustify' to check C / C++ code style
[2.260s] -- Configured uncrustify additional arguments: 
[2.261s] -- Added test 'xmllint' to check XML markup files
[2.263s] -- Configuring done
[2.296s] -- Generating done
[2.310s] -- Build files have been written to: /home/rizy/planner/3d-navi/3d-navi-ros2_v1/build/bspline_opt
[2.325s] Invoked command in '/home/rizy/planner/3d-navi/3d-navi-ros2_v1/build/bspline_opt' returned '0': AMENT_PREFIX_PATH=/home/rizy/planner/3d-navi/3d-navi-ros2_v1/install/path_searching:/home/rizy/planner/3d-navi/3d-navi-ros2_v1/install/traj_utils:/home/rizy/planner/3d-navi/3d-navi-ros2_v1/install/plan_env:${AMENT_PREFIX_PATH} CMAKE_PREFIX_PATH=/home/rizy/planner/3d-navi/3d-navi-ros2_v1/install/path_searching:/home/rizy/planner/3d-navi/3d-navi-ros2_v1/install/traj_utils:/home/rizy/planner/3d-navi/3d-navi-ros2_v1/install/plan_env:/opt/ros/humble CONDA_PROMPT_MODIFIER=(myenv) LD_LIBRARY_PATH=/home/rizy/planner/3d-navi/3d-navi-ros2_v1/install/path_searching/lib:/home/rizy/planner/3d-navi/3d-navi-ros2_v1/install/traj_utils/lib:/home/rizy/planner/3d-navi/3d-navi-ros2_v1/install/plan_env/lib:${LD_LIBRARY_PATH} PYTHONPATH=/home/rizy/planner/3d-navi/3d-navi-ros2_v1/install/traj_utils/local/lib/python3.10/dist-packages:/home/rizy/planner/3d-navi/3d-navi-ros2_v1/install/traj_utils/lib/python3.10/site-packages:${PYTHONPATH} /usr/bin/cmake /home/rizy/planner/3d-navi/3d-navi-ros2_v1/src/planner/bspline_opt -DPython3_EXECUTABLE=/usr/bin/python3 -Dfmt_DIR=/usr/lib/x86_64-linux-gnu/cmake/fmt -DAMENT_CMAKE_SYMLINK_INSTALL=1 -DCMAKE_INSTALL_PREFIX=/home/rizy/planner/3d-navi/3d-navi-ros2_v1/install/bspline_opt
[2.326s] Invoking command in '/home/rizy/planner/3d-navi/3d-navi-ros2_v1/build/bspline_opt': AMENT_PREFIX_PATH=/home/rizy/planner/3d-navi/3d-navi-ros2_v1/install/path_searching:/home/rizy/planner/3d-navi/3d-navi-ros2_v1/install/traj_utils:/home/rizy/planner/3d-navi/3d-navi-ros2_v1/install/plan_env:${AMENT_PREFIX_PATH} CMAKE_PREFIX_PATH=/home/rizy/planner/3d-navi/3d-navi-ros2_v1/install/path_searching:/home/rizy/planner/3d-navi/3d-navi-ros2_v1/install/traj_utils:/home/rizy/planner/3d-navi/3d-navi-ros2_v1/install/plan_env:/opt/ros/humble CONDA_PROMPT_MODIFIER=(myenv) LD_LIBRARY_PATH=/home/rizy/planner/3d-navi/3d-navi-ros2_v1/install/path_searching/lib:/home/rizy/planner/3d-navi/3d-navi-ros2_v1/install/traj_utils/lib:/home/rizy/planner/3d-navi/3d-navi-ros2_v1/install/plan_env/lib:${LD_LIBRARY_PATH} PYTHONPATH=/home/rizy/planner/3d-navi/3d-navi-ros2_v1/install/traj_utils/local/lib/python3.10/dist-packages:/home/rizy/planner/3d-navi/3d-navi-ros2_v1/install/traj_utils/lib/python3.10/site-packages:${PYTHONPATH} /usr/bin/cmake --build /home/rizy/planner/3d-navi/3d-navi-ros2_v1/build/bspline_opt -- -j32 -l32
[2.365s] [ 75%] Building CXX object CMakeFiles/bspline_opt.dir/src/uniform_bspline.cpp.o
[2.365s] [ 75%] Building CXX object CMakeFiles/bspline_opt.dir/src/gradient_descent_optimizer.cpp.o
[2.365s] [ 75%] Building CXX object CMakeFiles/bspline_opt.dir/src/bspline_optimizer.cpp.o
[7.783s] /home/rizy/planner/3d-navi/3d-navi-ros2_v1/src/planner/bspline_opt/src/bspline_optimizer.cpp: In static member function ‘static int ego_planner::BsplineOptimizer::earlyExit(void*, const double*, const double*, double, double, double, double, int, int, int)’:
[7.783s] /home/rizy/planner/3d-navi/3d-navi-ros2_v1/src/planner/bspline_opt/src/bspline_optimizer.cpp:841:66: warning: unused parameter ‘x’ [-Wunused-parameter]
[7.783s]   841 |   int BsplineOptimizer::earlyExit(void *func_data, const double *x, const double *g, const double fx, const double xnorm, const double gnorm, const double step, int n, int k, int ls)
[7.783s]       |                                                    ~~~~~~~~~~~~~~^
[7.783s] /home/rizy/planner/3d-navi/3d-navi-ros2_v1/src/planner/bspline_opt/src/bspline_optimizer.cpp:841:83: warning: unused parameter ‘g’ [-Wunused-parameter]
[7.783s]   841 |   int BsplineOptimizer::earlyExit(void *func_data, const double *x, const double *g, const double fx, const double xnorm, const double gnorm, const double step, int n, int k, int ls)
[7.783s]       |                                                                     ~~~~~~~~~~~~~~^
[7.784s] /home/rizy/planner/3d-navi/3d-navi-ros2_v1/src/planner/bspline_opt/src/bspline_optimizer.cpp:841:99: warning: unused parameter ‘fx’ [-Wunused-parameter]
[7.784s]   841 |   int BsplineOptimizer::earlyExit(void *func_data, const double *x, const double *g, const double fx, const double xnorm, const double gnorm, const double step, int n, int k, int ls)
[7.784s]       |                                                                                      ~~~~~~~~~~~~~^~
[7.784s] /home/rizy/planner/3d-navi/3d-navi-ros2_v1/src/planner/bspline_opt/src/bspline_optimizer.cpp:841:116: warning: unused parameter ‘xnorm’ [-Wunused-parameter]
[7.784s]   841 |   int BsplineOptimizer::earlyExit(void *func_data, const double *x, const double *g, const double fx, const double xnorm, const double gnorm, const double step, int n, int k, int ls)
[7.784s]       |                                                                                                       ~~~~~~~~~~~~~^~~~~
[7.784s] /home/rizy/planner/3d-navi/3d-navi-ros2_v1/src/planner/bspline_opt/src/bspline_optimizer.cpp:841:136: warning: unused parameter ‘gnorm’ [-Wunused-parameter]
[7.784s]   841 |   int BsplineOptimizer::earlyExit(void *func_data, const double *x, const double *g, const double fx, const double xnorm, const double gnorm, const double step, int n, int k, int ls)
[7.784s]       |                                                                                                                           ~~~~~~~~~~~~~^~~~~
[7.784s] /home/rizy/planner/3d-navi/3d-navi-ros2_v1/src/planner/bspline_opt/src/bspline_optimizer.cpp:841:156: warning: unused parameter ‘step’ [-Wunused-parameter]
[7.784s]   841 |   int BsplineOptimizer::earlyExit(void *func_data, const double *x, const double *g, const double fx, const double xnorm, const double gnorm, const double step, int n, int k, int ls)
[7.784s]       |                                                                                                                                               ~~~~~~~~~~~~~^~~~
[7.784s] /home/rizy/planner/3d-navi/3d-navi-ros2_v1/src/planner/bspline_opt/src/bspline_optimizer.cpp:841:166: warning: unused parameter ‘n’ [-Wunused-parameter]
[7.784s]   841 |   int BsplineOptimizer::earlyExit(void *func_data, const double *x, const double *g, const double fx, const double xnorm, const double gnorm, const double step, int n, int k, int ls)
[7.784s]       |                                                                                                                                                                  ~~~~^
[7.784s] /home/rizy/planner/3d-navi/3d-navi-ros2_v1/src/planner/bspline_opt/src/bspline_optimizer.cpp:841:173: warning: unused parameter ‘k’ [-Wunused-parameter]
[7.784s]   841 |   int BsplineOptimizer::earlyExit(void *func_data, const double *x, const double *g, const double fx, const double xnorm, const double gnorm, const double step, int n, int k, int ls)
[7.784s]       |                                                                                                                                                                         ~~~~^
[7.784s] /home/rizy/planner/3d-navi/3d-navi-ros2_v1/src/planner/bspline_opt/src/bspline_optimizer.cpp:841:180: warning: unused parameter ‘ls’ [-Wunused-parameter]
[7.784s]   841 |   int BsplineOptimizer::earlyExit(void *func_data, const double *x, const double *g, const double fx, const double xnorm, const double gnorm, const double step, int n, int k, int ls)
[7.784s]       |                                                                                                                                                                                ~~~~^~
[8.027s] /home/rizy/planner/3d-navi/3d-navi-ros2_v1/src/planner/bspline_opt/src/bspline_optimizer.cpp: In member function ‘bool ego_planner::BsplineOptimizer::rebound_optimize(double&)’:
[8.027s] /home/rizy/planner/3d-navi/3d-navi-ros2_v1/src/planner/bspline_opt/src/bspline_optimizer.cpp:1567:14: warning: ISO C++ forbids variable length array ‘q’ [-Wvla]
[8.027s]  1567 |       double q[variable_num_];
[8.027s]       |              ^
[8.038s] /home/rizy/planner/3d-navi/3d-navi-ros2_v1/src/planner/bspline_opt/src/bspline_optimizer.cpp: In member function ‘bool ego_planner::BsplineOptimizer::refine_optimize()’:
[8.038s] /home/rizy/planner/3d-navi/3d-navi-ros2_v1/src/planner/bspline_opt/src/bspline_optimizer.cpp:1732:12: warning: ISO C++ forbids variable length array ‘q’ [-Wvla]
[8.038s]  1732 |     double q[variable_num_];
[8.038s]       |            ^
[16.275s] [100%] Linking CXX static library libbspline_opt.a
[16.530s] [100%] Built target bspline_opt
[16.538s] Invoked command in '/home/rizy/planner/3d-navi/3d-navi-ros2_v1/build/bspline_opt' returned '0': AMENT_PREFIX_PATH=/home/rizy/planner/3d-navi/3d-navi-ros2_v1/install/path_searching:/home/rizy/planner/3d-navi/3d-navi-ros2_v1/install/traj_utils:/home/rizy/planner/3d-navi/3d-navi-ros2_v1/install/plan_env:${AMENT_PREFIX_PATH} CMAKE_PREFIX_PATH=/home/rizy/planner/3d-navi/3d-navi-ros2_v1/install/path_searching:/home/rizy/planner/3d-navi/3d-navi-ros2_v1/install/traj_utils:/home/rizy/planner/3d-navi/3d-navi-ros2_v1/install/plan_env:/opt/ros/humble CONDA_PROMPT_MODIFIER=(myenv) LD_LIBRARY_PATH=/home/rizy/planner/3d-navi/3d-navi-ros2_v1/install/path_searching/lib:/home/rizy/planner/3d-navi/3d-navi-ros2_v1/install/traj_utils/lib:/home/rizy/planner/3d-navi/3d-navi-ros2_v1/install/plan_env/lib:${LD_LIBRARY_PATH} PYTHONPATH=/home/rizy/planner/3d-navi/3d-navi-ros2_v1/install/traj_utils/local/lib/python3.10/dist-packages:/home/rizy/planner/3d-navi/3d-navi-ros2_v1/install/traj_utils/lib/python3.10/site-packages:${PYTHONPATH} /usr/bin/cmake --build /home/rizy/planner/3d-navi/3d-navi-ros2_v1/build/bspline_opt -- -j32 -l32
[16.539s] Invoking command in '/home/rizy/planner/3d-navi/3d-navi-ros2_v1/build/bspline_opt': AMENT_PREFIX_PATH=/home/rizy/planner/3d-navi/3d-navi-ros2_v1/install/path_searching:/home/rizy/planner/3d-navi/3d-navi-ros2_v1/install/traj_utils:/home/rizy/planner/3d-navi/3d-navi-ros2_v1/install/plan_env:${AMENT_PREFIX_PATH} CMAKE_PREFIX_PATH=/home/rizy/planner/3d-navi/3d-navi-ros2_v1/install/path_searching:/home/rizy/planner/3d-navi/3d-navi-ros2_v1/install/traj_utils:/home/rizy/planner/3d-navi/3d-navi-ros2_v1/install/plan_env:/opt/ros/humble CONDA_PROMPT_MODIFIER=(myenv) LD_LIBRARY_PATH=/home/rizy/planner/3d-navi/3d-navi-ros2_v1/install/path_searching/lib:/home/rizy/planner/3d-navi/3d-navi-ros2_v1/install/traj_utils/lib:/home/rizy/planner/3d-navi/3d-navi-ros2_v1/install/plan_env/lib:${LD_LIBRARY_PATH} PYTHONPATH=/home/rizy/planner/3d-navi/3d-navi-ros2_v1/install/traj_utils/local/lib/python3.10/dist-packages:/home/rizy/planner/3d-navi/3d-navi-ros2_v1/install/traj_utils/lib/python3.10/site-packages:${PYTHONPATH} /usr/bin/cmake --install /home/rizy/planner/3d-navi/3d-navi-ros2_v1/build/bspline_opt
[16.545s] -- Install configuration: "Release"
[16.545s] -- Execute custom install script
[16.545s] -- Symlinking: /home/rizy/planner/3d-navi/3d-navi-ros2_v1/install/bspline_opt/lib/libbspline_opt.a
[16.551s] -- Symlinking: /home/rizy/planner/3d-navi/3d-navi-ros2_v1/install/bspline_opt/include/bspline_opt/bspline_optimizer.h
[16.558s] -- Symlinking: /home/rizy/planner/3d-navi/3d-navi-ros2_v1/install/bspline_opt/include/bspline_opt/gradient_descent_optimizer.h
[16.564s] -- Symlinking: /home/rizy/planner/3d-navi/3d-navi-ros2_v1/install/bspline_opt/include/bspline_opt/lbfgs.hpp
[16.570s] -- Symlinking: /home/rizy/planner/3d-navi/3d-navi-ros2_v1/install/bspline_opt/include/bspline_opt/uniform_bspline.h
[16.576s] -- Symlinking: /home/rizy/planner/3d-navi/3d-navi-ros2_v1/install/bspline_opt/share/bspline_opt/environment/library_path.sh
[16.581s] -- Symlinking: /home/rizy/planner/3d-navi/3d-navi-ros2_v1/install/bspline_opt/share/bspline_opt/environment/library_path.dsv
[16.588s] -- Symlinking: /home/rizy/planner/3d-navi/3d-navi-ros2_v1/install/bspline_opt/share/ament_index/resource_index/package_run_dependencies/bspline_opt
[16.594s] -- Symlinking: /home/rizy/planner/3d-navi/3d-navi-ros2_v1/install/bspline_opt/share/ament_index/resource_index/parent_prefix_path/bspline_opt
[16.600s] -- Symlinking: /home/rizy/planner/3d-navi/3d-navi-ros2_v1/install/bspline_opt/share/bspline_opt/environment/ament_prefix_path.sh
[16.606s] -- Symlinking: /home/rizy/planner/3d-navi/3d-navi-ros2_v1/install/bspline_opt/share/bspline_opt/environment/ament_prefix_path.dsv
[16.612s] -- Symlinking: /home/rizy/planner/3d-navi/3d-navi-ros2_v1/install/bspline_opt/share/bspline_opt/environment/path.sh
[16.618s] -- Symlinking: /home/rizy/planner/3d-navi/3d-navi-ros2_v1/install/bspline_opt/share/bspline_opt/environment/path.dsv
[16.624s] -- Symlinking: /home/rizy/planner/3d-navi/3d-navi-ros2_v1/install/bspline_opt/share/bspline_opt/local_setup.bash
[16.630s] -- Symlinking: /home/rizy/planner/3d-navi/3d-navi-ros2_v1/install/bspline_opt/share/bspline_opt/local_setup.sh
[16.635s] -- Symlinking: /home/rizy/planner/3d-navi/3d-navi-ros2_v1/install/bspline_opt/share/bspline_opt/local_setup.zsh
[16.646s] -- Symlinking: /home/rizy/planner/3d-navi/3d-navi-ros2_v1/install/bspline_opt/share/bspline_opt/local_setup.dsv
[16.655s] -- Symlinking: /home/rizy/planner/3d-navi/3d-navi-ros2_v1/install/bspline_opt/share/bspline_opt/package.dsv
[16.663s] -- Symlinking: /home/rizy/planner/3d-navi/3d-navi-ros2_v1/install/bspline_opt/share/ament_index/resource_index/packages/bspline_opt
[16.672s] -- Symlinking: /home/rizy/planner/3d-navi/3d-navi-ros2_v1/install/bspline_opt/share/bspline_opt/cmake/ament_cmake_export_include_directories-extras.cmake
[16.678s] -- Symlinking: /home/rizy/planner/3d-navi/3d-navi-ros2_v1/install/bspline_opt/share/bspline_opt/cmake/ament_cmake_export_libraries-extras.cmake
[16.685s] -- Symlinking: /home/rizy/planner/3d-navi/3d-navi-ros2_v1/install/bspline_opt/share/bspline_opt/cmake/bspline_optConfig.cmake
[16.691s] -- Symlinking: /home/rizy/planner/3d-navi/3d-navi-ros2_v1/install/bspline_opt/share/bspline_opt/cmake/bspline_optConfig-version.cmake
[16.697s] -- Symlinking: /home/rizy/planner/3d-navi/3d-navi-ros2_v1/install/bspline_opt/share/bspline_opt/package.xml
[16.704s] Invoked command in '/home/rizy/planner/3d-navi/3d-navi-ros2_v1/build/bspline_opt' returned '0': AMENT_PREFIX_PATH=/home/rizy/planner/3d-navi/3d-navi-ros2_v1/install/path_searching:/home/rizy/planner/3d-navi/3d-navi-ros2_v1/install/traj_utils:/home/rizy/planner/3d-navi/3d-navi-ros2_v1/install/plan_env:${AMENT_PREFIX_PATH} CMAKE_PREFIX_PATH=/home/rizy/planner/3d-navi/3d-navi-ros2_v1/install/path_searching:/home/rizy/planner/3d-navi/3d-navi-ros2_v1/install/traj_utils:/home/rizy/planner/3d-navi/3d-navi-ros2_v1/install/plan_env:/opt/ros/humble CONDA_PROMPT_MODIFIER=(myenv) LD_LIBRARY_PATH=/home/rizy/planner/3d-navi/3d-navi-ros2_v1/install/path_searching/lib:/home/rizy/planner/3d-navi/3d-navi-ros2_v1/install/traj_utils/lib:/home/rizy/planner/3d-navi/3d-navi-ros2_v1/install/plan_env/lib:${LD_LIBRARY_PATH} PYTHONPATH=/home/rizy/planner/3d-navi/3d-navi-ros2_v1/install/traj_utils/local/lib/python3.10/dist-packages:/home/rizy/planner/3d-navi/3d-navi-ros2_v1/install/traj_utils/lib/python3.10/site-packages:${PYTHONPATH} /usr/bin/cmake --install /home/rizy/planner/3d-navi/3d-navi-ros2_v1/build/bspline_opt
