[0.044s] Invoking command in '/home/rizy/planner/3d-navi/3d-navi-ros2_v1/build/plan_env': CMAKE_PREFIX_PATH=${CMAKE_PREFIX_PATH}:/home/rizy/planner/3d-navi/3d-navi-ros2_v1/install/nav_integration:/opt/ros/humble CONDA_PROMPT_MODIFIER=(myenv) /usr/bin/cmake /home/rizy/planner/3d-navi/3d-navi-ros2_v1/src/planner/plan_env -DCMAKE_INSTALL_PREFIX=/home/rizy/planner/3d-navi/3d-navi-ros2_v1/install/plan_env
[0.232s] -- Found ament_cmake: 1.3.12 (/opt/ros/humble/share/ament_cmake/cmake)
[0.232s] -- Override CMake install command with custom implementation using symlinks instead of copying resources
[0.232s] -- Found rclcpp: 16.0.16 (/opt/ros/humble/share/rclcpp/cmake)
[0.232s] -- Found rosidl_generator_c: 3.1.7 (/opt/ros/humble/share/rosidl_generator_c/cmake)
[0.232s] -- Found rosidl_adapter: 3.1.7 (/opt/ros/humble/share/rosidl_adapter/cmake)
[0.232s] -- Found rosidl_generator_cpp: 3.1.7 (/opt/ros/humble/share/rosidl_generator_cpp/cmake)
[0.232s] -- Using all available rosidl_typesupport_c: rosidl_typesupport_fastrtps_c;rosidl_typesupport_introspection_c
[0.237s] -- Using all available rosidl_typesupport_cpp: rosidl_typesupport_fastrtps_cpp;rosidl_typesupport_introspection_cpp
[0.267s] -- Found rmw_implementation_cmake: 6.1.2 (/opt/ros/humble/share/rmw_implementation_cmake/cmake)
[0.270s] -- Found rmw_cyclonedds_cpp: 1.3.4 (/opt/ros/humble/share/rmw_cyclonedds_cpp/cmake)
[0.289s] -- Using RMW implementation 'rmw_cyclonedds_cpp' as default
[0.327s] -- Found rclpy: 3.3.19 (/opt/ros/humble/share/rclpy/cmake)
[0.328s] -- Found visualization_msgs: 4.9.0 (/opt/ros/humble/share/visualization_msgs/cmake)
[0.364s] -- Found nav_msgs: 4.9.0 (/opt/ros/humble/share/nav_msgs/cmake)
[0.375s] -- Found cv_bridge: 3.2.1 (/opt/ros/humble/share/cv_bridge/cmake)
[0.380s] -- Found message_filters: 4.3.11 (/opt/ros/humble/share/message_filters/cmake)
[0.395s] -- Eigen found (include: /usr/include/eigen3, version: 3.4.0)
[0.442s] -- FLANN found (include: /usr/include, lib: /usr/lib/x86_64-linux-gnu/libflann_cpp.so)
[0.791s] -- OpenNI found (version: 1.5.4.0, include: /usr/include/ni, lib: /usr/lib/libOpenNI.so;libusb::libusb)
[0.796s] -- OpenNI2 found (version: 2.2.0.33, include: /usr/include/openni2, lib: /usr/lib/x86_64-linux-gnu/libOpenNI2.so;libusb::libusb)
[0.797s] [0m** WARNING ** io features related to pcap will be disabled[0m
[0.920s] -- Eigen found (include: /usr/include/eigen3, version: 3.4.0)
[0.928s] -- OpenNI found (version: 1.5.4.0, include: /usr/include/ni, lib: /usr/lib/libOpenNI.so;libusb::libusb)
[0.934s] -- OpenNI2 found (version: 2.2.0.33, include: /usr/include/openni2, lib: /usr/lib/x86_64-linux-gnu/libOpenNI2.so;libusb::libusb)
[1.055s] -- Found Qhull version 8.0.2
[1.172s] -- OpenNI found (version: 1.5.4.0, include: /usr/include/ni, lib: /usr/lib/libOpenNI.so;libusb::libusb)
[1.312s] -- looking for PCL_COMMON
[1.312s] -- looking for PCL_KDTREE
[1.312s] -- looking for PCL_OCTREE
[1.312s] -- looking for PCL_SEARCH
[1.313s] -- looking for PCL_SAMPLE_CONSENSUS
[1.313s] -- looking for PCL_FILTERS
[1.313s] -- looking for PCL_2D
[1.313s] -- looking for PCL_GEOMETRY
[1.313s] -- looking for PCL_IO
[1.313s] -- looking for PCL_FEATURES
[1.313s] -- looking for PCL_ML
[1.313s] -- looking for PCL_SEGMENTATION
[1.313s] -- looking for PCL_VISUALIZATION
[1.314s] -- looking for PCL_SURFACE
[1.314s] -- looking for PCL_REGISTRATION
[1.314s] -- looking for PCL_KEYPOINTS
[1.316s] -- looking for PCL_TRACKING
[1.316s] -- looking for PCL_RECOGNITION
[1.316s] -- looking for PCL_STEREO
[1.316s] -- looking for PCL_APPS
[1.316s] -- looking for PCL_IN_HAND_SCANNER
[1.317s] -- looking for PCL_MODELER
[1.317s] -- looking for PCL_POINT_CLOUD_EDITOR
[1.317s] -- looking for PCL_OUTOFCORE
[1.317s] -- looking for PCL_PEOPLE
[1.317s] -- Found pcl_conversions: 2.4.5 (/opt/ros/humble/share/pcl_conversions/cmake)
[1.330s] -- Found ament_lint_auto: 0.12.14 (/opt/ros/humble/share/ament_lint_auto/cmake)
[1.402s] -- Added test 'cppcheck' to perform static code analysis on C / C++ code
[1.402s] -- Configured cppcheck include dirs: /home/rizy/planner/3d-navi/3d-navi-ros2_v1/src/planner/plan_env/include
[1.402s] -- Configured cppcheck exclude dirs and/or files: 
[1.402s] -- Added test 'lint_cmake' to check CMake code style
[1.403s] -- Added test 'uncrustify' to check C / C++ code style
[1.403s] -- Configured uncrustify additional arguments: 
[1.403s] -- Added test 'xmllint' to check XML markup files
[1.405s] -- Configuring done
[1.468s] -- Generating done
[1.479s] -- Build files have been written to: /home/rizy/planner/3d-navi/3d-navi-ros2_v1/build/plan_env
[1.493s] Invoked command in '/home/rizy/planner/3d-navi/3d-navi-ros2_v1/build/plan_env' returned '0': CMAKE_PREFIX_PATH=${CMAKE_PREFIX_PATH}:/home/rizy/planner/3d-navi/3d-navi-ros2_v1/install/nav_integration:/opt/ros/humble CONDA_PROMPT_MODIFIER=(myenv) /usr/bin/cmake /home/rizy/planner/3d-navi/3d-navi-ros2_v1/src/planner/plan_env -DCMAKE_INSTALL_PREFIX=/home/rizy/planner/3d-navi/3d-navi-ros2_v1/install/plan_env
[1.494s] Invoking command in '/home/rizy/planner/3d-navi/3d-navi-ros2_v1/build/plan_env': CMAKE_PREFIX_PATH=${CMAKE_PREFIX_PATH}:/home/rizy/planner/3d-navi/3d-navi-ros2_v1/install/nav_integration:/opt/ros/humble CONDA_PROMPT_MODIFIER=(myenv) /usr/bin/cmake --build /home/rizy/planner/3d-navi/3d-navi-ros2_v1/build/plan_env -- -j32 -l32
[1.540s] [35m[1mConsolidate compiler generated dependencies of target obj_generator[0m
[1.543s] [35m[1mConsolidate compiler generated dependencies of target plan_env[0m
[1.573s] [ 33%] Built target obj_generator
[1.575s] [100%] Built target plan_env
[1.588s] Invoked command in '/home/rizy/planner/3d-navi/3d-navi-ros2_v1/build/plan_env' returned '0': CMAKE_PREFIX_PATH=${CMAKE_PREFIX_PATH}:/home/rizy/planner/3d-navi/3d-navi-ros2_v1/install/nav_integration:/opt/ros/humble CONDA_PROMPT_MODIFIER=(myenv) /usr/bin/cmake --build /home/rizy/planner/3d-navi/3d-navi-ros2_v1/build/plan_env -- -j32 -l32
[1.589s] Invoking command in '/home/rizy/planner/3d-navi/3d-navi-ros2_v1/build/plan_env': CMAKE_PREFIX_PATH=${CMAKE_PREFIX_PATH}:/home/rizy/planner/3d-navi/3d-navi-ros2_v1/install/nav_integration:/opt/ros/humble CONDA_PROMPT_MODIFIER=(myenv) /usr/bin/cmake --install /home/rizy/planner/3d-navi/3d-navi-ros2_v1/build/plan_env
[1.596s] -- Install configuration: "Release"
[1.596s] -- Execute custom install script
[1.596s] -- Up-to-date symlink: /home/rizy/planner/3d-navi/3d-navi-ros2_v1/install/plan_env/lib/libplan_env.so
[1.596s] -- Up-to-date symlink: /home/rizy/planner/3d-navi/3d-navi-ros2_v1/install/plan_env/lib/plan_env/obj_generator
[1.597s] -- Up-to-date symlink: /home/rizy/planner/3d-navi/3d-navi-ros2_v1/install/plan_env/include/plan_env/grid_map.h
[1.597s] -- Up-to-date symlink: /home/rizy/planner/3d-navi/3d-navi-ros2_v1/install/plan_env/include/plan_env/linear_obj_model.hpp
[1.597s] -- Up-to-date symlink: /home/rizy/planner/3d-navi/3d-navi-ros2_v1/install/plan_env/include/plan_env/obj_predictor.h
[1.597s] -- Up-to-date symlink: /home/rizy/planner/3d-navi/3d-navi-ros2_v1/install/plan_env/include/plan_env/raycast.h
[1.597s] -- Up-to-date symlink: /home/rizy/planner/3d-navi/3d-navi-ros2_v1/install/plan_env/share/plan_env/environment/library_path.sh
[1.597s] -- Up-to-date symlink: /home/rizy/planner/3d-navi/3d-navi-ros2_v1/install/plan_env/share/plan_env/environment/library_path.dsv
[1.597s] -- Up-to-date symlink: /home/rizy/planner/3d-navi/3d-navi-ros2_v1/install/plan_env/share/ament_index/resource_index/package_run_dependencies/plan_env
[1.597s] -- Up-to-date symlink: /home/rizy/planner/3d-navi/3d-navi-ros2_v1/install/plan_env/share/ament_index/resource_index/parent_prefix_path/plan_env
[1.598s] -- Up-to-date symlink: /home/rizy/planner/3d-navi/3d-navi-ros2_v1/install/plan_env/share/plan_env/environment/ament_prefix_path.sh
[1.598s] -- Up-to-date symlink: /home/rizy/planner/3d-navi/3d-navi-ros2_v1/install/plan_env/share/plan_env/environment/ament_prefix_path.dsv
[1.598s] -- Up-to-date symlink: /home/rizy/planner/3d-navi/3d-navi-ros2_v1/install/plan_env/share/plan_env/environment/path.sh
[1.598s] -- Up-to-date symlink: /home/rizy/planner/3d-navi/3d-navi-ros2_v1/install/plan_env/share/plan_env/environment/path.dsv
[1.598s] -- Up-to-date symlink: /home/rizy/planner/3d-navi/3d-navi-ros2_v1/install/plan_env/share/plan_env/local_setup.bash
[1.598s] -- Up-to-date symlink: /home/rizy/planner/3d-navi/3d-navi-ros2_v1/install/plan_env/share/plan_env/local_setup.sh
[1.598s] -- Up-to-date symlink: /home/rizy/planner/3d-navi/3d-navi-ros2_v1/install/plan_env/share/plan_env/local_setup.zsh
[1.598s] -- Up-to-date symlink: /home/rizy/planner/3d-navi/3d-navi-ros2_v1/install/plan_env/share/plan_env/local_setup.dsv
[1.598s] -- Symlinking: /home/rizy/planner/3d-navi/3d-navi-ros2_v1/install/plan_env/share/plan_env/package.dsv
[1.611s] -- Up-to-date symlink: /home/rizy/planner/3d-navi/3d-navi-ros2_v1/install/plan_env/share/ament_index/resource_index/packages/plan_env
[1.612s] -- Up-to-date symlink: /home/rizy/planner/3d-navi/3d-navi-ros2_v1/install/plan_env/share/plan_env/cmake/ament_cmake_export_include_directories-extras.cmake
[1.612s] -- Up-to-date symlink: /home/rizy/planner/3d-navi/3d-navi-ros2_v1/install/plan_env/share/plan_env/cmake/ament_cmake_export_libraries-extras.cmake
[1.612s] -- Up-to-date symlink: /home/rizy/planner/3d-navi/3d-navi-ros2_v1/install/plan_env/share/plan_env/cmake/plan_envConfig.cmake
[1.612s] -- Up-to-date symlink: /home/rizy/planner/3d-navi/3d-navi-ros2_v1/install/plan_env/share/plan_env/cmake/plan_envConfig-version.cmake
[1.612s] -- Up-to-date symlink: /home/rizy/planner/3d-navi/3d-navi-ros2_v1/install/plan_env/share/plan_env/package.xml
[1.623s] Invoked command in '/home/rizy/planner/3d-navi/3d-navi-ros2_v1/build/plan_env' returned '0': CMAKE_PREFIX_PATH=${CMAKE_PREFIX_PATH}:/home/rizy/planner/3d-navi/3d-navi-ros2_v1/install/nav_integration:/opt/ros/humble CONDA_PROMPT_MODIFIER=(myenv) /usr/bin/cmake --install /home/rizy/planner/3d-navi/3d-navi-ros2_v1/build/plan_env
