[0.000000] (-) TimerEvent: {}
[0.000140] (-) JobUnselected: {'identifier': 'bspline_opt'}
[0.000173] (-) JobUnselected: {'identifier': 'cmake_utils'}
[0.000423] (-) JobUnselected: {'identifier': 'drone_detect'}
[0.000628] (-) JobUnselected: {'identifier': 'ego_planner'}
[0.000648] (-) JobUnselected: {'identifier': 'local_sensing'}
[0.000662] (-) JobUnselected: {'identifier': 'map_generator'}
[0.000674] (-) JobUnselected: {'identifier': 'mockamap'}
[0.000690] (-) JobUnselected: {'identifier': 'multi_map_server'}
[0.000704] (-) JobUnselected: {'identifier': 'odom_visualization'}
[0.000724] (-) JobUnselected: {'identifier': 'path_searching'}
[0.000731] (-) JobUnselected: {'identifier': 'plan_env'}
[0.000738] (-) JobUnselected: {'identifier': 'planning_core'}
[0.001061] (-) JobUnselected: {'identifier': 'poscmd_2_odom'}
[0.001070] (-) JobUnselected: {'identifier': 'pose_utils'}
[0.001077] (-) JobUnselected: {'identifier': 'quadrotor_msgs'}
[0.001085] (-) JobUnselected: {'identifier': 'rosmsg_tcp_bridge'}
[0.001092] (-) JobUnselected: {'identifier': 'so3_control'}
[0.001099] (-) JobUnselected: {'identifier': 'so3_quadrotor_simulator'}
[0.001109] (-) JobUnselected: {'identifier': 'traj_utils'}
[0.001119] (-) JobUnselected: {'identifier': 'uav_utils'}
[0.001126] (-) JobUnselected: {'identifier': 'waypoint_generator'}
[0.001140] (nav_integration) JobQueued: {'identifier': 'nav_integration', 'dependencies': OrderedDict()}
[0.001161] (nav_integration) JobStarted: {'identifier': 'nav_integration'}
[0.099302] (-) TimerEvent: {}
[0.200492] (-) TimerEvent: {}
[0.301350] (-) TimerEvent: {}
[0.401832] (-) TimerEvent: {}
[0.502059] (-) TimerEvent: {}
[0.602381] (-) TimerEvent: {}
[0.702711] (-) TimerEvent: {}
[0.783347] (nav_integration) Command: {'cmd': ['/usr/bin/python3', '-W', 'ignore:setup.py install is deprecated', '-W', 'ignore:easy_install command is deprecated', 'setup.py', 'develop', '--editable', '--build-directory', '/home/rizy/planner/3d-navi/3d-navi-ros2_v1/build/nav_integration/build', '--no-deps', 'symlink_data', '--force'], 'cwd': '/home/rizy/planner/3d-navi/3d-navi-ros2_v1/build/nav_integration', 'env': {'LESSOPEN': '| /usr/bin/lesspipe %s', 'VSCODE_CWD': '/home/rizy', 'VSCODE_ESM_ENTRYPOINT': 'vs/workbench/api/node/extensionHostProcess', 'CONDA_PROMPT_MODIFIER': '(myenv)', 'LANGUAGE': 'zh_CN:en', 'USER': 'rizy', 'LC_TIME': 'zh_CN.UTF-8', 'VSCODE_NLS_CONFIG': '{"userLocale":"zh-cn","osLocale":"zh-cn","resolvedLanguage":"zh-cn","defaultMessagesFile":"/usr/share/cursor/resources/app/out/nls.messages.json","languagePack":{"translationsConfigFile":"/home/rizy/.config/Cursor/clp/3bfb7f1471a52e527cfc1587dd57c7c1.zh-cn/tcf.json","messagesFile":"/home/rizy/.config/Cursor/clp/3bfb7f1471a52e527cfc1587dd57c7c1.zh-cn/20adc1003928b0f1b99305dbaf845656ff81f5d0/nls.messages.json","corruptMarkerFile":"/home/rizy/.config/Cursor/clp/3bfb7f1471a52e527cfc1587dd57c7c1.zh-cn/corrupted.info"},"locale":"zh-cn","availableLanguages":{"*":"zh-cn"},"_languagePackId":"3bfb7f1471a52e527cfc1587dd57c7c1.zh-cn","_languagePackSupport":true,"_translationsConfigFile":"/home/rizy/.config/Cursor/clp/3bfb7f1471a52e527cfc1587dd57c7c1.zh-cn/tcf.json","_cacheRoot":"/home/rizy/.config/Cursor/clp/3bfb7f1471a52e527cfc1587dd57c7c1.zh-cn","_resolvedLanguagePackCoreLocation":"/home/rizy/.config/Cursor/clp/3bfb7f1471a52e527cfc1587dd57c7c1.zh-cn/20adc1003928b0f1b99305dbaf845656ff81f5d0","_corruptedFile":"/home/rizy/.config/Cursor/clp/3bfb7f1471a52e527cfc1587dd57c7c1.zh-cn/corrupted.info"}', 'VSCODE_HANDLES_UNCAUGHT_ERRORS': 'true', 'XDG_SESSION_TYPE': 'wayland', 'SHLVL': '1', 'LD_LIBRARY_PATH': '/usr/local/cuda-12.8/lib64:/home/rizy/planner/3d-navi/3d-navi-ros2_v1/install/bspline_opt/lib:/home/rizy/planner/3d-navi/3d-navi-ros2_v1/install/traj_utils/lib:/home/rizy/planner/3d-navi/3d-navi-ros2_v1/install/so3_control/lib:/home/rizy/planner/3d-navi/3d-navi-ros2_v1/install/multi_map_server/lib:/home/rizy/planner/3d-navi/3d-navi-ros2_v1/install/quadrotor_msgs/lib:/home/rizy/planner/3d-navi/3d-navi-ros2_v1/install/pose_utils/lib:/home/rizy/planner/3d-navi/3d-navi-ros2_v1/install/path_searching/lib:/home/rizy/planner/3d-navi/3d-navi-ros2_v1/install/plan_env/lib:/home/rizy/planner/tron1/limx_ws/install/tron1_ctrl_ros2/lib:/home/rizy/planner/tron1/limx_ws/install/robot_controllers/lib:/home/rizy/planner/tron1/limx_ws/install/pointfoot_gazebo/lib:/home/rizy/planner/tron1/limx_ws/install/mrosbridger/lib:/home/rizy/planner/tron1/limx_ws/install/limxsdk_sim/lib:/home/rizy/planner/tron1/limx_ws/install/limxsdk_lowlevel/lib:/home/rizy/planner/tron1/limx_ws/install/controller_msgs/lib:/usr/local/cuda-12.8/lib64:/usr/lib/x86_64-linux-gnu/gazebo-11/plugins:/opt/ros/humble/opt/rviz_ogre_vendor/lib:/opt/ros/humble/lib/x86_64-linux-gnu:/opt/ros/humble/lib:/usr/share/gazebo/../../lib/x86_64-linux-gnu/gazebo-11/plugins::/usr/share/gazebo/../../lib/x86_64-linux-gnu/gazebo-11/plugins:/usr/share/gazebo/../../lib/x86_64-linux-gnu/gazebo-11/plugins:', 'HOME': '/home/rizy', 'CHROME_DESKTOP': 'cursor.desktop', 'CONDA_SHLVL': '4', 'DESKTOP_SESSION': 'ubuntu-wayland', 'VSCODE_IPC_HOOK': '/run/user/1000/vscode-48ac9a66-2.2.-main.sock', 'GIO_LAUNCHED_DESKTOP_FILE': '/usr/share/applications/cursor.desktop', 'GAZEBO_MASTER_URI': 'http://localhost:11345', 'ROS_PYTHON_VERSION': '3', 'GNOME_SHELL_SESSION_MODE': 'ubuntu', 'GTK_MODULES': 'gail:atk-bridge', 'LC_MONETARY': 'zh_CN.UTF-8', 'MANAGERPID': '1934', 'DBUS_STARTER_BUS_TYPE': 'session', 'SYSTEMD_EXEC_PID': '2073', 'IM_CONFIG_CHECK_ENV': '1', 'NO_COLOR': '1', 'DBUS_SESSION_BUS_ADDRESS': 'unix:path=/run/user/1000/bus,guid=08084cc8cf2c41447c70422669650723', '_CE_M': '', '_CONDA_ROOT': '/home/rizy/anaconda3', 'GIO_LAUNCHED_DESKTOP_FILE_PID': '51490', 'ROBOT_TYPE': 'WF_TRON1B', 'VSCODE_CRASH_REPORTER_PROCESS_TYPE': 'extensionHost', 'IM_CONFIG_PHASE': '1', 'WAYLAND_DISPLAY': 'wayland-0', 'VSCODE_L10N_BUNDLE_LOCATION': 'file:///home/rizy/.cursor/extensions/ms-ceintl.vscode-language-pack-zh-hans-1.105.0-universal/translations/extensions/vscode.json-language-features.i18n.json', 'COLCON_PREFIX_PATH': '/home/rizy/planner/tron1/limx_ws/install:/home/rizy/planner/3d-navi/3d-navi-ros2_v1/install', 'ROS_DISTRO': 'humble', 'LOGNAME': 'rizy', 'FORCE_COLOR': '0', 'RL_TYPE': 'isaacgym', 'JOURNAL_STREAM': '8:25388', '_': '/usr/bin/colcon', 'ROS_VERSION': '2', 'XDG_SESSION_CLASS': 'user', 'USERNAME': 'rizy', 'TERM': 'dumb', 'EVERYSPHERE_RIPGREP_PATH': '/usr/share/cursor/resources/app/node_modules/@vscode/ripgrep/bin/rg', 'GAZEBO_MODEL_PATH': '/usr/share/gazebo/../../share/gazebo-11/models:/usr/share/gazebo/../../share/gazebo-11/models:', 'GNOME_DESKTOP_SESSION_ID': 'this-is-deprecated', '_CE_CONDA': '', 'ROS_LOCALHOST_ONLY': '0', 'COMPOSER_NO_INTERACTION': '1', 'OGRE_RESOURCE_PATH': '/usr/lib/x86_64-linux-gnu/OGRE-1.9.0', 'PATH': '/home/rizy/.local/bin:/home/rizy/anaconda3/envs/myenv/bin:/usr/local/cuda-12.8/bin:/home/rizy/.local/bin:/home/rizy/planner/tron1/limx_ws/install/mrosbridger/bin:/home/rizy/anaconda3/bin:/home/rizy/anaconda3/condabin:/home/rizy/anaconda3/bin:/usr/local/cuda-12.8/bin:/opt/ros/humble/bin:/home/rizy/.local/bin:/usr/local/sbin:/usr/local/bin:/usr/sbin:/usr/bin:/sbin:/bin:/usr/games:/usr/local/games:/snap/bin:/snap/bin:/home/rizy/.fishros/bin:/home/rizy/.fishros/bin/', 'SESSION_MANAGER': 'local/rizy:@/tmp/.ICE-unix/2073,unix/rizy:/tmp/.ICE-unix/2073', 'INVOCATION_ID': '98b7a5d7bcfd4144953f609ffcf5b43a', 'PAPERSIZE': 'a4', 'XDG_MENU_PREFIX': 'gnome-', 'LC_ADDRESS': 'zh_CN.UTF-8', 'VSCODE_PROCESS_TITLE': 'extension-host  [1-1]', 'GNOME_SETUP_DISPLAY': ':2', 'XDG_RUNTIME_DIR': '/run/user/1000', 'GDK_BACKEND': 'x11', 'CURSOR_AGENT': '1', 'DISPLAY': ':1', 'LANG': 'zh_CN.UTF-8', 'XDG_CURRENT_DESKTOP': 'Unity', 'LC_TELEPHONE': 'zh_CN.UTF-8', 'CONDA_PREFIX_1': '/home/rizy/anaconda3', 'RMW_IMPLEMENTATION': 'rmw_cyclonedds_cpp', 'XMODIFIERS': '@im=ibus', 'XDG_SESSION_DESKTOP': 'ubuntu-wayland', 'XAUTHORITY': '/run/user/1000/.mutter-Xwaylandauth.ZOOXI3', 'LS_COLORS': '', 'CONDA_PREFIX_2': '/home/rizy/anaconda3/envs/myenv', 'CURSOR_TRACE_ID': '2e10d3df5c814da1bddd11facbecbebe', 'SSH_AGENT_LAUNCHER': 'gnome-keyring', 'SSH_AUTH_SOCK': '/run/user/1000/keyring/ssh', 'AMENT_PREFIX_PATH': '/home/rizy/planner/3d-navi/3d-navi-ros2_v1/install/waypoint_generator:/home/rizy/planner/3d-navi/3d-navi-ros2_v1/install/so3_quadrotor_simulator:/home/rizy/planner/3d-navi/3d-navi-ros2_v1/install/uav_utils:/home/rizy/planner/3d-navi/3d-navi-ros2_v1/install/rosmsg_tcp_bridge:/home/rizy/planner/3d-navi/3d-navi-ros2_v1/install/ego_planner:/home/rizy/planner/3d-navi/3d-navi-ros2_v1/install/bspline_opt:/home/rizy/planner/3d-navi/3d-navi-ros2_v1/install/traj_utils:/home/rizy/planner/3d-navi/3d-navi-ros2_v1/install/so3_control:/home/rizy/planner/3d-navi/3d-navi-ros2_v1/install/poscmd_2_odom:/home/rizy/planner/3d-navi/3d-navi-ros2_v1/install/odom_visualization:/home/rizy/planner/3d-navi/3d-navi-ros2_v1/install/multi_map_server:/home/rizy/planner/3d-navi/3d-navi-ros2_v1/install/local_sensing:/home/rizy/planner/3d-navi/3d-navi-ros2_v1/install/quadrotor_msgs:/home/rizy/planner/3d-navi/3d-navi-ros2_v1/install/pose_utils:/home/rizy/planner/3d-navi/3d-navi-ros2_v1/install/path_searching:/home/rizy/planner/3d-navi/3d-navi-ros2_v1/install/plan_env:/home/rizy/planner/3d-navi/3d-navi-ros2_v1/install/nav_integration:/home/rizy/planner/3d-navi/3d-navi-ros2_v1/install/mockamap:/home/rizy/planner/3d-navi/3d-navi-ros2_v1/install/map_generator:/home/rizy/planner/3d-navi/3d-navi-ros2_v1/install/drone_detect:/home/rizy/planner/3d-navi/3d-navi-ros2_v1/install/cmake_utils:/home/rizy/planner/tron1/limx_ws/install/tron1_nav2:/home/rizy/planner/tron1/limx_ws/install/tron1_ctrl_ros2:/home/rizy/planner/tron1/limx_ws/install/robot_visualization:/home/rizy/planner/tron1/limx_ws/install/robot_hw:/home/rizy/planner/tron1/limx_ws/install/robot_description:/home/rizy/planner/tron1/limx_ws/install/robot_controllers:/home/rizy/planner/tron1/limx_ws/install/pointfoot_gazebo:/home/rizy/planner/tron1/limx_ws/install/mrosbridger:/home/rizy/planner/tron1/limx_ws/install/limxsdk_sim:/home/rizy/planner/tron1/limx_ws/install/limxsdk_lowlevel:/home/rizy/planner/tron1/limx_ws/install/controller_msgs:/opt/ros/humble', 'CONDA_PYTHON_EXE': '/home/rizy/anaconda3/bin/python', 'ORIGINAL_XDG_CURRENT_DESKTOP': 'ubuntu:GNOME', 'CONDA_PREFIX_3': '/home/rizy/anaconda3', 'SHELL': '/bin/bash', 'LC_NAME': 'zh_CN.UTF-8', 'QT_ACCESSIBILITY': '1', 'GDMSESSION': 'ubuntu-wayland', 'LESSCLOSE': '/usr/bin/lesspipe %s %s', 'CONDA_DEFAULT_ENV': 'myenv', 'LC_MEASUREMENT': 'zh_CN.UTF-8', 'GAZEBO_RESOURCE_PATH': '/usr/share/gazebo/../../share/gazebo-11:/usr/share/gazebo/../../share/gazebo-11:', '_CONDA_EXE': '/home/rizy/anaconda3/bin/conda', 'LC_IDENTIFICATION': 'zh_CN.UTF-8', 'GAZEBO_MODEL_DATABASE_URI': 'http://models.gazebosim.org', 'QT_IM_MODULE': 'ibus', 'PWD': '/home/rizy/planner/3d-navi/3d-navi-ros2_v1/build/nav_integration', 'QT_QPA_PLATFORM': 'xcb', 'LC_ALL': 'en_US.UTF-8', 'XDG_CONFIG_DIRS': '/etc/xdg/xdg-ubuntu-wayland:/etc/xdg', 'CONDA_EXE': '/home/rizy/anaconda3/bin/conda', 'VSCODE_CODE_CACHE_PATH': '/home/rizy/.config/Cursor/CachedData/20adc1003928b0f1b99305dbaf845656ff81f5d0', 'GAZEBO_PLUGIN_PATH': '/usr/share/gazebo/../../lib/x86_64-linux-gnu/gazebo-11/plugins:/usr/share/gazebo/../../lib/x86_64-linux-gnu/gazebo-11/plugins:', 'DBUS_STARTER_ADDRESS': 'unix:path=/run/user/1000/bus,guid=08084cc8cf2c41447c70422669650723', 'XDG_DATA_DIRS': '/usr/share/ubuntu-wayland:/usr/local/share/:/usr/share/:/var/lib/snapd/desktop', 'PYTHONPATH': '/home/rizy/planner/3d-navi/3d-navi-ros2_v1/build/nav_integration/prefix_override:/usr/lib/python3/dist-packages/colcon_core/task/python/colcon_distutils_commands:/home/rizy/planner/3d-navi/3d-navi-ros2_v1/install/nav_integration/lib/python3.10/site-packages:/home/rizy/planner/3d-navi/3d-navi-ros2_v1/install/traj_utils/local/lib/python3.10/dist-packages:/home/rizy/planner/3d-navi/3d-navi-ros2_v1/install/traj_utils/lib/python3.10/site-packages:/home/rizy/planner/3d-navi/3d-navi-ros2_v1/install/multi_map_server/local/lib/python3.10/dist-packages:/home/rizy/planner/3d-navi/3d-navi-ros2_v1/install/multi_map_server/lib/python3.10/site-packages:/home/rizy/planner/3d-navi/3d-navi-ros2_v1/install/quadrotor_msgs/local/lib/python3.10/dist-packages:/home/rizy/planner/3d-navi/3d-navi-ros2_v1/install/quadrotor_msgs/lib/python3.10/site-packages:/home/rizy/planner/3d-navi/3d-navi-ros2_v1/install/nav_integration/lib/python3.10/site-packages:/home/rizy/planner/tron1/limx_ws/install/tron1_ctrl_ros2/local/lib/python3.10/dist-packages:/home/rizy/planner/tron1/limx_ws/install/mrosbridger/local/lib/python3.10/dist-packages:/home/rizy/planner/tron1/limx_ws/install/controller_msgs/local/lib/python3.10/dist-packages:/opt/ros/humble/lib/python3.10/site-packages:/opt/ros/humble/local/lib/python3.10/dist-packages', 'LC_NUMERIC': 'zh_CN.UTF-8', 'CONDA_PREFIX': '/home/rizy/anaconda3/envs/myenv', 'LC_PAPER': 'zh_CN.UTF-8', 'COLCON': '1', '_ZO_DOCTOR': '0', 'CMAKE_PREFIX_PATH': '/home/rizy/planner/3d-navi/3d-navi-ros2_v1/install/waypoint_generator:/home/rizy/planner/3d-navi/3d-navi-ros2_v1/install/so3_quadrotor_simulator:/home/rizy/planner/3d-navi/3d-navi-ros2_v1/install/uav_utils:/home/rizy/planner/3d-navi/3d-navi-ros2_v1/install/rosmsg_tcp_bridge:/home/rizy/planner/3d-navi/3d-navi-ros2_v1/install/ego_planner:/home/rizy/planner/3d-navi/3d-navi-ros2_v1/install/bspline_opt:/home/rizy/planner/3d-navi/3d-navi-ros2_v1/install/traj_utils:/home/rizy/planner/3d-navi/3d-navi-ros2_v1/install/so3_control:/home/rizy/planner/3d-navi/3d-navi-ros2_v1/install/poscmd_2_odom:/home/rizy/planner/3d-navi/3d-navi-ros2_v1/install/odom_visualization:/home/rizy/planner/3d-navi/3d-navi-ros2_v1/install/multi_map_server:/home/rizy/planner/3d-navi/3d-navi-ros2_v1/install/local_sensing:/home/rizy/planner/3d-navi/3d-navi-ros2_v1/install/quadrotor_msgs:/home/rizy/planner/3d-navi/3d-navi-ros2_v1/install/pose_utils:/home/rizy/planner/3d-navi/3d-navi-ros2_v1/install/path_searching:/home/rizy/planner/3d-navi/3d-navi-ros2_v1/install/plan_env:/home/rizy/planner/3d-navi/3d-navi-ros2_v1/install/mockamap:/home/rizy/planner/3d-navi/3d-navi-ros2_v1/install/map_generator:/home/rizy/planner/3d-navi/3d-navi-ros2_v1/install/drone_detect:/home/rizy/planner/3d-navi/3d-navi-ros2_v1/install/cmake_utils:/home/rizy/planner/tron1/limx_ws/install/tron1_nav2:/home/rizy/planner/tron1/limx_ws/install/tron1_ctrl_ros2:/home/rizy/planner/tron1/limx_ws/install/robot_visualization:/home/rizy/planner/tron1/limx_ws/install/robot_hw:/home/rizy/planner/tron1/limx_ws/install/robot_description:/home/rizy/planner/tron1/limx_ws/install/robot_controllers:/home/rizy/planner/tron1/limx_ws/install/pointfoot_gazebo:/home/rizy/planner/tron1/limx_ws/install/mrosbridger:/home/rizy/planner/tron1/limx_ws/install/limxsdk_sim:/home/rizy/planner/tron1/limx_ws/install/limxsdk_lowlevel:/home/rizy/planner/tron1/limx_ws/install/controller_msgs', 'VSCODE_PID': '51490'}, 'shell': False}
[0.802781] (-) TimerEvent: {}
[0.903602] (-) TimerEvent: {}
[0.920455] (nav_integration) StderrLine: {'line': b"/home/rizy/.local/lib/python3.10/site-packages/setuptools/_distutils/dist.py:289: UserWarning: Unknown distribution option: 'tests_require'\n"}
[0.920822] (nav_integration) StderrLine: {'line': b'  warnings.warn(msg)\n'}
[1.003595] (-) TimerEvent: {}
[1.066898] (nav_integration) StdoutLine: {'line': b'running develop\n'}
[1.103760] (-) TimerEvent: {}
[1.204521] (-) TimerEvent: {}
[1.225777] (nav_integration) StdoutLine: {'line': b'running egg_info\n'}
[1.237543] (nav_integration) StdoutLine: {'line': b'writing nav_integration.egg-info/PKG-INFO\n'}
[1.239126] (nav_integration) StdoutLine: {'line': b'writing dependency_links to nav_integration.egg-info/dependency_links.txt\n'}
[1.240015] (nav_integration) StdoutLine: {'line': b'writing entry points to nav_integration.egg-info/entry_points.txt\n'}
[1.240131] (nav_integration) StdoutLine: {'line': b'writing requirements to nav_integration.egg-info/requires.txt\n'}
[1.240180] (nav_integration) StdoutLine: {'line': b'writing top-level names to nav_integration.egg-info/top_level.txt\n'}
[1.264261] (nav_integration) StdoutLine: {'line': b"reading manifest file 'nav_integration.egg-info/SOURCES.txt'\n"}
[1.265454] (nav_integration) StdoutLine: {'line': b"writing manifest file 'nav_integration.egg-info/SOURCES.txt'\n"}
[1.304671] (-) TimerEvent: {}
[1.321204] (nav_integration) StdoutLine: {'line': b'running build_ext\n'}
[1.321686] (nav_integration) StdoutLine: {'line': b'Creating /home/rizy/planner/3d-navi/3d-navi-ros2_v1/install/nav_integration/lib/python3.10/site-packages/nav-integration.egg-link (link to .)\n'}
[1.322759] (nav_integration) StdoutLine: {'line': b'Installing map_server script to /home/rizy/planner/3d-navi/3d-navi-ros2_v1/install/nav_integration/lib/nav_integration\n'}
[1.323918] (nav_integration) StdoutLine: {'line': b'Installing simple_path_follower script to /home/rizy/planner/3d-navi/3d-navi-ros2_v1/install/nav_integration/lib/nav_integration\n'}
[1.324776] (nav_integration) StdoutLine: {'line': b'\n'}
[1.324964] (nav_integration) StdoutLine: {'line': b'Installed /home/rizy/planner/3d-navi/3d-navi-ros2_v1/build/nav_integration\n'}
[1.325014] (nav_integration) StdoutLine: {'line': b'running symlink_data\n'}
[1.325374] (nav_integration) StdoutLine: {'line': b'symbolically linking /home/rizy/planner/3d-navi/3d-navi-ros2_v1/build/nav_integration/resource/nav_integration -> /home/rizy/planner/3d-navi/3d-navi-ros2_v1/install/nav_integration/share/ament_index/resource_index/packages\n'}
[1.326182] (nav_integration) StdoutLine: {'line': b'symbolically linking /home/rizy/planner/3d-navi/3d-navi-ros2_v1/build/nav_integration/package.xml -> /home/rizy/planner/3d-navi/3d-navi-ros2_v1/install/nav_integration/share/nav_integration\n'}
[1.326540] (nav_integration) StdoutLine: {'line': b'symbolically linking /home/rizy/planner/3d-navi/3d-navi-ros2_v1/build/nav_integration/launch/run_pct.launch.py -> /home/rizy/planner/3d-navi/3d-navi-ros2_v1/install/nav_integration/share/nav_integration/launch\n'}
[1.326940] (nav_integration) StdoutLine: {'line': b'symbolically linking /home/rizy/planner/3d-navi/3d-navi-ros2_v1/build/nav_integration/launch/simulation_phase1.launch.py -> /home/rizy/planner/3d-navi/3d-navi-ros2_v1/install/nav_integration/share/nav_integration/launch\n'}
[1.327244] (nav_integration) StdoutLine: {'line': b'symbolically linking /home/rizy/planner/3d-navi/3d-navi-ros2_v1/build/nav_integration/launch/bringup_map.launch.py -> /home/rizy/planner/3d-navi/3d-navi-ros2_v1/install/nav_integration/share/nav_integration/launch\n'}
[1.327367] (nav_integration) StdoutLine: {'line': b'symbolically linking /home/rizy/planner/3d-navi/3d-navi-ros2_v1/build/nav_integration/urdf/robot.urdf -> /home/rizy/planner/3d-navi/3d-navi-ros2_v1/install/nav_integration/share/nav_integration/urdf\n'}
[1.327402] (nav_integration) StdoutLine: {'line': b'symbolically linking /home/rizy/planner/3d-navi/3d-navi-ros2_v1/build/nav_integration/rviz/nav.rviz -> /home/rizy/planner/3d-navi/3d-navi-ros2_v1/install/nav_integration/share/nav_integration/rviz\n'}
[1.404817] (-) TimerEvent: {}
[1.405869] (nav_integration) CommandEnded: {'returncode': 0}
[1.424212] (nav_integration) JobEnded: {'identifier': 'nav_integration', 'rc': 0}
[1.424521] (-) EventReactorShutdown: {}
