[0.016s] Invoking command in '/home/rizy/planner/3d-navi/3d-navi-ros2_v1/build/rosmsg_tcp_bridge': AMENT_PREFIX_PATH=/home/rizy/planner/3d-navi/3d-navi-ros2_v1/install/traj_utils:${AMENT_PREFIX_PATH} CMAKE_PREFIX_PATH=/home/rizy/planner/3d-navi/3d-navi-ros2_v1/install/traj_utils:/opt/ros/humble CONDA_PROMPT_MODIFIER=(myenv) LD_LIBRARY_PATH=/home/rizy/planner/3d-navi/3d-navi-ros2_v1/install/traj_utils/lib:${LD_LIBRARY_PATH} PYTHONPATH=/home/rizy/planner/3d-navi/3d-navi-ros2_v1/install/traj_utils/lib/python3.10/site-packages:${PYTHONPATH} /usr/bin/cmake /home/rizy/planner/3d-navi/3d-navi-ros2_v1/src/planner/rosmsg_tcp_bridge -DAMENT_CMAKE_SYMLINK_INSTALL=1 -DCMAKE_INSTALL_PREFIX=/home/rizy/planner/3d-navi/3d-navi-ros2_v1/install/rosmsg_tcp_bridge
[0.070s] -- The C compiler identification is GNU 11.4.0
[0.130s] -- The CXX compiler identification is GNU 11.4.0
[0.136s] -- Detecting C compiler ABI info
[0.197s] -- Detecting C compiler ABI info - done
[0.201s] -- Check for working C compiler: /usr/bin/cc - skipped
[0.202s] -- Detecting C compile features
[0.202s] -- Detecting C compile features - done
[0.204s] -- Detecting CXX compiler ABI info
[0.282s] -- Detecting CXX compiler ABI info - done
[0.286s] -- Check for working CXX compiler: /usr/bin/c++ - skipped
[0.286s] -- Detecting CXX compile features
[0.287s] -- Detecting CXX compile features - done
[0.289s] -- Found ament_cmake: 1.3.12 (/opt/ros/humble/share/ament_cmake/cmake)
[0.569s] -- Found Python3: /home/rizy/anaconda3/envs/myenv/bin/python3 (found version "3.10.19") found components: Interpreter 
[0.606s] -- Override CMake install command with custom implementation using symlinks instead of copying resources
[0.628s] -- Found rclcpp: 16.0.16 (/opt/ros/humble/share/rclcpp/cmake)
[0.663s] -- Found rosidl_generator_c: 3.1.7 (/opt/ros/humble/share/rosidl_generator_c/cmake)
[0.666s] -- Found rosidl_adapter: 3.1.7 (/opt/ros/humble/share/rosidl_adapter/cmake)
[0.671s] -- Found rosidl_generator_cpp: 3.1.7 (/opt/ros/humble/share/rosidl_generator_cpp/cmake)
[0.678s] -- Using all available rosidl_typesupport_c: rosidl_typesupport_fastrtps_c;rosidl_typesupport_introspection_c
[0.687s] -- Using all available rosidl_typesupport_cpp: rosidl_typesupport_fastrtps_cpp;rosidl_typesupport_introspection_cpp
[0.713s] -- Found rmw_implementation_cmake: 6.1.2 (/opt/ros/humble/share/rmw_implementation_cmake/cmake)
[0.715s] -- Found rmw_cyclonedds_cpp: 1.3.4 (/opt/ros/humble/share/rmw_cyclonedds_cpp/cmake)
[0.727s] -- Using RMW implementation 'rmw_cyclonedds_cpp' as default
[0.734s] -- Looking for pthread.h
[0.794s] -- Looking for pthread.h - found
[0.794s] -- Performing Test CMAKE_HAVE_LIBC_PTHREAD
[0.844s] -- Performing Test CMAKE_HAVE_LIBC_PTHREAD - Success
[0.845s] -- Found Threads: TRUE  
[0.880s] -- Found geometry_msgs: 4.9.0 (/opt/ros/humble/share/geometry_msgs/cmake)
[0.887s] -- Found nav_msgs: 4.9.0 (/opt/ros/humble/share/nav_msgs/cmake)
[0.896s] -- Found traj_utils: 0.0.0 (/home/rizy/planner/3d-navi/3d-navi-ros2_v1/install/traj_utils/share/traj_utils/cmake)
[0.917s] -- Found Boost: /usr/lib/x86_64-linux-gnu/cmake/Boost-1.74.0/BoostConfig.cmake (found version "1.74.0") found components: thread 
[0.925s] -- Found ament_lint_auto: 0.12.14 (/opt/ros/humble/share/ament_lint_auto/cmake)
[1.003s] -- Added test 'cppcheck' to perform static code analysis on C / C++ code
[1.003s] -- Configured cppcheck include dirs: /home/rizy/planner/3d-navi/3d-navi-ros2_v1/src/planner/rosmsg_tcp_bridge/include
[1.003s] -- Configured cppcheck exclude dirs and/or files: 
[1.003s] -- Added test 'flake8' to check Python code syntax and style conventions
[1.003s] -- Added test 'lint_cmake' to check CMake code style
[1.004s] -- Added test 'pep257' to check Python code against some of the docstring style conventions in PEP 257
[1.004s] -- Added test 'uncrustify' to check C / C++ code style
[1.004s] -- Configured uncrustify additional arguments: 
[1.004s] -- Added test 'xmllint' to check XML markup files
[1.005s] -- Configuring done
[1.012s] [33mCMake Warning at CMakeLists.txt:44 (add_executable):
[1.012s]   Cannot generate a safe runtime search path for target bridge_node because
[1.012s]   files in some directories may conflict with libraries in implicit
[1.012s]   directories:
[1.012s] 
[1.012s]     runtime library [libpython3.10.so.1.0] in /usr/lib/x86_64-linux-gnu may be hidden by files in:
[1.012s]       /home/rizy/anaconda3/envs/myenv/lib
[1.012s] 
[1.012s]   Some of these libraries may not be found correctly.
[1.012s] 
[1.012s] [0m
[1.012s] -- Generating done
[1.014s] -- Build files have been written to: /home/rizy/planner/3d-navi/3d-navi-ros2_v1/build/rosmsg_tcp_bridge
