[100%] Built target path_searching
-- Install configuration: "Release"
-- Execute custom install script
-- Up-to-date symlink: /home/rizy/planner/3d-navi/3d-navi-ros2_v1/install/path_searching/lib/libpath_searching.so
-- Up-to-date symlink: /home/rizy/planner/3d-navi/3d-navi-ros2_v1/install/path_searching/include/path_searching/dyn_a_star.h
-- Up-to-date symlink: /home/rizy/planner/3d-navi/3d-navi-ros2_v1/install/path_searching/share/path_searching/environment/library_path.sh
-- Up-to-date symlink: /home/rizy/planner/3d-navi/3d-navi-ros2_v1/install/path_searching/share/path_searching/environment/library_path.dsv
-- Up-to-date symlink: /home/rizy/planner/3d-navi/3d-navi-ros2_v1/install/path_searching/share/ament_index/resource_index/package_run_dependencies/path_searching
-- Up-to-date symlink: /home/rizy/planner/3d-navi/3d-navi-ros2_v1/install/path_searching/share/ament_index/resource_index/parent_prefix_path/path_searching
-- Up-to-date symlink: /home/rizy/planner/3d-navi/3d-navi-ros2_v1/install/path_searching/share/path_searching/environment/ament_prefix_path.sh
-- Up-to-date symlink: /home/rizy/planner/3d-navi/3d-navi-ros2_v1/install/path_searching/share/path_searching/environment/ament_prefix_path.dsv
-- Up-to-date symlink: /home/rizy/planner/3d-navi/3d-navi-ros2_v1/install/path_searching/share/path_searching/environment/path.sh
-- Up-to-date symlink: /home/rizy/planner/3d-navi/3d-navi-ros2_v1/install/path_searching/share/path_searching/environment/path.dsv
-- Up-to-date symlink: /home/rizy/planner/3d-navi/3d-navi-ros2_v1/install/path_searching/share/path_searching/local_setup.bash
-- Up-to-date symlink: /home/rizy/planner/3d-navi/3d-navi-ros2_v1/install/path_searching/share/path_searching/local_setup.sh
-- Up-to-date symlink: /home/rizy/planner/3d-navi/3d-navi-ros2_v1/install/path_searching/share/path_searching/local_setup.zsh
-- Up-to-date symlink: /home/rizy/planner/3d-navi/3d-navi-ros2_v1/install/path_searching/share/path_searching/local_setup.dsv
-- Symlinking: /home/rizy/planner/3d-navi/3d-navi-ros2_v1/install/path_searching/share/path_searching/package.dsv
-- Up-to-date symlink: /home/rizy/planner/3d-navi/3d-navi-ros2_v1/install/path_searching/share/ament_index/resource_index/packages/path_searching
-- Up-to-date symlink: /home/rizy/planner/3d-navi/3d-navi-ros2_v1/install/path_searching/share/path_searching/cmake/ament_cmake_export_include_directories-extras.cmake
-- Up-to-date symlink: /home/rizy/planner/3d-navi/3d-navi-ros2_v1/install/path_searching/share/path_searching/cmake/ament_cmake_export_libraries-extras.cmake
-- Up-to-date symlink: /home/rizy/planner/3d-navi/3d-navi-ros2_v1/install/path_searching/share/path_searching/cmake/path_searchingConfig.cmake
-- Up-to-date symlink: /home/rizy/planner/3d-navi/3d-navi-ros2_v1/install/path_searching/share/path_searching/cmake/path_searchingConfig-version.cmake
-- Up-to-date symlink: /home/rizy/planner/3d-navi/3d-navi-ros2_v1/install/path_searching/share/path_searching/package.xml
