[0.042s] Invoking command in '/home/rizy/planner/3d-navi/3d-navi-ros2_v1/build/path_searching': AMENT_PREFIX_PATH=/home/rizy/planner/3d-navi/3d-navi-ros2_v1/install/plan_env:${AMENT_PREFIX_PATH} CMAKE_PREFIX_PATH=/home/rizy/planner/3d-navi/3d-navi-ros2_v1/install/plan_env:/opt/ros/humble CONDA_PROMPT_MODIFIER=(myenv) LD_LIBRARY_PATH=/home/rizy/planner/3d-navi/3d-navi-ros2_v1/install/plan_env/lib:${LD_LIBRARY_PATH} /usr/bin/cmake --build /home/rizy/planner/3d-navi/3d-navi-ros2_v1/build/path_searching -- -j32 -l32
[0.119s] [100%] Built target path_searching
[0.130s] Invoked command in '/home/rizy/planner/3d-navi/3d-navi-ros2_v1/build/path_searching' returned '0': AMENT_PREFIX_PATH=/home/rizy/planner/3d-navi/3d-navi-ros2_v1/install/plan_env:${AMENT_PREFIX_PATH} CMAKE_PREFIX_PATH=/home/rizy/planner/3d-navi/3d-navi-ros2_v1/install/plan_env:/opt/ros/humble CONDA_PROMPT_MODIFIER=(myenv) LD_LIBRARY_PATH=/home/rizy/planner/3d-navi/3d-navi-ros2_v1/install/plan_env/lib:${LD_LIBRARY_PATH} /usr/bin/cmake --build /home/rizy/planner/3d-navi/3d-navi-ros2_v1/build/path_searching -- -j32 -l32
[0.132s] Invoking command in '/home/rizy/planner/3d-navi/3d-navi-ros2_v1/build/path_searching': AMENT_PREFIX_PATH=/home/rizy/planner/3d-navi/3d-navi-ros2_v1/install/plan_env:${AMENT_PREFIX_PATH} CMAKE_PREFIX_PATH=/home/rizy/planner/3d-navi/3d-navi-ros2_v1/install/plan_env:/opt/ros/humble CONDA_PROMPT_MODIFIER=(myenv) LD_LIBRARY_PATH=/home/rizy/planner/3d-navi/3d-navi-ros2_v1/install/plan_env/lib:${LD_LIBRARY_PATH} /usr/bin/cmake --install /home/rizy/planner/3d-navi/3d-navi-ros2_v1/build/path_searching
[0.139s] -- Install configuration: "Release"
[0.139s] -- Execute custom install script
[0.139s] -- Up-to-date symlink: /home/rizy/planner/3d-navi/3d-navi-ros2_v1/install/path_searching/lib/libpath_searching.so
[0.139s] -- Up-to-date symlink: /home/rizy/planner/3d-navi/3d-navi-ros2_v1/install/path_searching/include/path_searching/dyn_a_star.h
[0.140s] -- Up-to-date symlink: /home/rizy/planner/3d-navi/3d-navi-ros2_v1/install/path_searching/share/path_searching/environment/library_path.sh
[0.140s] -- Up-to-date symlink: /home/rizy/planner/3d-navi/3d-navi-ros2_v1/install/path_searching/share/path_searching/environment/library_path.dsv
[0.140s] -- Up-to-date symlink: /home/rizy/planner/3d-navi/3d-navi-ros2_v1/install/path_searching/share/ament_index/resource_index/package_run_dependencies/path_searching
[0.140s] -- Up-to-date symlink: /home/rizy/planner/3d-navi/3d-navi-ros2_v1/install/path_searching/share/ament_index/resource_index/parent_prefix_path/path_searching
[0.140s] -- Up-to-date symlink: /home/rizy/planner/3d-navi/3d-navi-ros2_v1/install/path_searching/share/path_searching/environment/ament_prefix_path.sh
[0.140s] -- Up-to-date symlink: /home/rizy/planner/3d-navi/3d-navi-ros2_v1/install/path_searching/share/path_searching/environment/ament_prefix_path.dsv
[0.140s] -- Up-to-date symlink: /home/rizy/planner/3d-navi/3d-navi-ros2_v1/install/path_searching/share/path_searching/environment/path.sh
[0.140s] -- Up-to-date symlink: /home/rizy/planner/3d-navi/3d-navi-ros2_v1/install/path_searching/share/path_searching/environment/path.dsv
[0.140s] -- Up-to-date symlink: /home/rizy/planner/3d-navi/3d-navi-ros2_v1/install/path_searching/share/path_searching/local_setup.bash
[0.140s] -- Up-to-date symlink: /home/rizy/planner/3d-navi/3d-navi-ros2_v1/install/path_searching/share/path_searching/local_setup.sh
[0.140s] -- Up-to-date symlink: /home/rizy/planner/3d-navi/3d-navi-ros2_v1/install/path_searching/share/path_searching/local_setup.zsh
[0.141s] -- Up-to-date symlink: /home/rizy/planner/3d-navi/3d-navi-ros2_v1/install/path_searching/share/path_searching/local_setup.dsv
[0.141s] -- Symlinking: /home/rizy/planner/3d-navi/3d-navi-ros2_v1/install/path_searching/share/path_searching/package.dsv
[0.147s] -- Up-to-date symlink: /home/rizy/planner/3d-navi/3d-navi-ros2_v1/install/path_searching/share/ament_index/resource_index/packages/path_searching
[0.147s] -- Up-to-date symlink: /home/rizy/planner/3d-navi/3d-navi-ros2_v1/install/path_searching/share/path_searching/cmake/ament_cmake_export_include_directories-extras.cmake
[0.147s] -- Up-to-date symlink: /home/rizy/planner/3d-navi/3d-navi-ros2_v1/install/path_searching/share/path_searching/cmake/ament_cmake_export_libraries-extras.cmake
[0.147s] -- Up-to-date symlink: /home/rizy/planner/3d-navi/3d-navi-ros2_v1/install/path_searching/share/path_searching/cmake/path_searchingConfig.cmake
[0.147s] -- Up-to-date symlink: /home/rizy/planner/3d-navi/3d-navi-ros2_v1/install/path_searching/share/path_searching/cmake/path_searchingConfig-version.cmake
[0.148s] -- Up-to-date symlink: /home/rizy/planner/3d-navi/3d-navi-ros2_v1/install/path_searching/share/path_searching/package.xml
[0.150s] Invoked command in '/home/rizy/planner/3d-navi/3d-navi-ros2_v1/build/path_searching' returned '0': AMENT_PREFIX_PATH=/home/rizy/planner/3d-navi/3d-navi-ros2_v1/install/plan_env:${AMENT_PREFIX_PATH} CMAKE_PREFIX_PATH=/home/rizy/planner/3d-navi/3d-navi-ros2_v1/install/plan_env:/opt/ros/humble CONDA_PROMPT_MODIFIER=(myenv) LD_LIBRARY_PATH=/home/rizy/planner/3d-navi/3d-navi-ros2_v1/install/plan_env/lib:${LD_LIBRARY_PATH} /usr/bin/cmake --install /home/rizy/planner/3d-navi/3d-navi-ros2_v1/build/path_searching
