[0.038s] Invoking command in '/home/rizy/planner/3d-navi/3d-navi-ros2_v1/build/drone_detect': CMAKE_PREFIX_PATH=${CMAKE_PREFIX_PATH}:/home/rizy/planner/3d-navi/3d-navi-ros2_v1/install/nav_integration:/opt/ros/humble CONDA_PROMPT_MODIFIER=(myenv) /usr/bin/cmake /home/rizy/planner/3d-navi/3d-navi-ros2_v1/src/planner/drone_detect -DCMAKE_INSTALL_PREFIX=/home/rizy/planner/3d-navi/3d-navi-ros2_v1/install/drone_detect
[0.222s] -- Found ament_cmake: 1.3.12 (/opt/ros/humble/share/ament_cmake/cmake)
[0.223s] -- Override CMake install command with custom implementation using symlinks instead of copying resources
[0.223s] -- Found rclcpp: 16.0.16 (/opt/ros/humble/share/rclcpp/cmake)
[0.223s] -- Found rosidl_generator_c: 3.1.7 (/opt/ros/humble/share/rosidl_generator_c/cmake)
[0.223s] -- Found rosidl_adapter: 3.1.7 (/opt/ros/humble/share/rosidl_adapter/cmake)
[0.223s] -- Found rosidl_generator_cpp: 3.1.7 (/opt/ros/humble/share/rosidl_generator_cpp/cmake)
[0.223s] -- Using all available rosidl_typesupport_c: rosidl_typesupport_fastrtps_c;rosidl_typesupport_introspection_c
[0.226s] -- Using all available rosidl_typesupport_cpp: rosidl_typesupport_fastrtps_cpp;rosidl_typesupport_introspection_cpp
[0.256s] -- Found rmw_implementation_cmake: 6.1.2 (/opt/ros/humble/share/rmw_implementation_cmake/cmake)
[0.259s] -- Found rmw_cyclonedds_cpp: 1.3.4 (/opt/ros/humble/share/rmw_cyclonedds_cpp/cmake)
[0.278s] -- Using RMW implementation 'rmw_cyclonedds_cpp' as default
[0.318s] -- Found sensor_msgs: 4.9.0 (/opt/ros/humble/share/sensor_msgs/cmake)
[0.338s] -- Found nav_msgs: 4.9.0 (/opt/ros/humble/share/nav_msgs/cmake)
[0.348s] -- Found std_srvs: 4.9.0 (/opt/ros/humble/share/std_srvs/cmake)
[0.359s] -- Found cv_bridge: 3.2.1 (/opt/ros/humble/share/cv_bridge/cmake)
[0.372s] -- Found message_filters: 4.3.11 (/opt/ros/humble/share/message_filters/cmake)
[0.373s] -- Found ament_lint_auto: 0.12.14 (/opt/ros/humble/share/ament_lint_auto/cmake)
[0.451s] -- Added test 'cppcheck' to perform static code analysis on C / C++ code
[0.451s] -- Configured cppcheck include dirs: /home/rizy/planner/3d-navi/3d-navi-ros2_v1/src/planner/drone_detect/include
[0.451s] -- Configured cppcheck exclude dirs and/or files: 
[0.451s] -- Added test 'flake8' to check Python code syntax and style conventions
[0.452s] -- Added test 'lint_cmake' to check CMake code style
[0.452s] -- Added test 'pep257' to check Python code against some of the docstring style conventions in PEP 257
[0.453s] -- Added test 'uncrustify' to check C / C++ code style
[0.453s] -- Configured uncrustify additional arguments: 
[0.453s] -- Added test 'xmllint' to check XML markup files
[0.454s] -- Configuring done
[0.468s] -- Generating done
[0.471s] -- Build files have been written to: /home/rizy/planner/3d-navi/3d-navi-ros2_v1/build/drone_detect
[0.484s] Invoked command in '/home/rizy/planner/3d-navi/3d-navi-ros2_v1/build/drone_detect' returned '0': CMAKE_PREFIX_PATH=${CMAKE_PREFIX_PATH}:/home/rizy/planner/3d-navi/3d-navi-ros2_v1/install/nav_integration:/opt/ros/humble CONDA_PROMPT_MODIFIER=(myenv) /usr/bin/cmake /home/rizy/planner/3d-navi/3d-navi-ros2_v1/src/planner/drone_detect -DCMAKE_INSTALL_PREFIX=/home/rizy/planner/3d-navi/3d-navi-ros2_v1/install/drone_detect
[0.488s] Invoking command in '/home/rizy/planner/3d-navi/3d-navi-ros2_v1/build/drone_detect': CMAKE_PREFIX_PATH=${CMAKE_PREFIX_PATH}:/home/rizy/planner/3d-navi/3d-navi-ros2_v1/install/nav_integration:/opt/ros/humble CONDA_PROMPT_MODIFIER=(myenv) /usr/bin/cmake --build /home/rizy/planner/3d-navi/3d-navi-ros2_v1/build/drone_detect -- -j32 -l32
[0.556s] [35m[1mConsolidate compiler generated dependencies of target drone_detect[0m
[0.613s] [100%] Built target drone_detect
[0.628s] Invoked command in '/home/rizy/planner/3d-navi/3d-navi-ros2_v1/build/drone_detect' returned '0': CMAKE_PREFIX_PATH=${CMAKE_PREFIX_PATH}:/home/rizy/planner/3d-navi/3d-navi-ros2_v1/install/nav_integration:/opt/ros/humble CONDA_PROMPT_MODIFIER=(myenv) /usr/bin/cmake --build /home/rizy/planner/3d-navi/3d-navi-ros2_v1/build/drone_detect -- -j32 -l32
[0.629s] Invoking command in '/home/rizy/planner/3d-navi/3d-navi-ros2_v1/build/drone_detect': CMAKE_PREFIX_PATH=${CMAKE_PREFIX_PATH}:/home/rizy/planner/3d-navi/3d-navi-ros2_v1/install/nav_integration:/opt/ros/humble CONDA_PROMPT_MODIFIER=(myenv) /usr/bin/cmake --install /home/rizy/planner/3d-navi/3d-navi-ros2_v1/build/drone_detect
[0.637s] -- Install configuration: "Release"
[0.637s] -- Execute custom install script
[0.637s] -- Up-to-date symlink: /home/rizy/planner/3d-navi/3d-navi-ros2_v1/install/drone_detect/lib/drone_detect/drone_detect
[0.638s] -- Up-to-date symlink: /home/rizy/planner/3d-navi/3d-navi-ros2_v1/install/drone_detect/share/drone_detect/doc/demo.jpg
[0.638s] -- Up-to-date symlink: /home/rizy/planner/3d-navi/3d-navi-ros2_v1/install/drone_detect/share/drone_detect/doc/example.jpg
[0.638s] -- Up-to-date symlink: /home/rizy/planner/3d-navi/3d-navi-ros2_v1/install/drone_detect/share/drone_detect/launch/drone_detect.launch.py
[0.638s] -- Up-to-date symlink: /home/rizy/planner/3d-navi/3d-navi-ros2_v1/install/drone_detect/share/drone_detect/launch/ros_package_template_overlying_params.launch.py
[0.638s] -- Up-to-date symlink: /home/rizy/planner/3d-navi/3d-navi-ros2_v1/install/drone_detect/share/drone_detect/config/camera.yaml
[0.638s] -- Up-to-date symlink: /home/rizy/planner/3d-navi/3d-navi-ros2_v1/install/drone_detect/share/drone_detect/config/default.yaml
[0.638s] -- Up-to-date symlink: /home/rizy/planner/3d-navi/3d-navi-ros2_v1/install/drone_detect/share/ament_index/resource_index/package_run_dependencies/drone_detect
[0.638s] -- Up-to-date symlink: /home/rizy/planner/3d-navi/3d-navi-ros2_v1/install/drone_detect/share/ament_index/resource_index/parent_prefix_path/drone_detect
[0.639s] -- Up-to-date symlink: /home/rizy/planner/3d-navi/3d-navi-ros2_v1/install/drone_detect/share/drone_detect/environment/ament_prefix_path.sh
[0.639s] -- Up-to-date symlink: /home/rizy/planner/3d-navi/3d-navi-ros2_v1/install/drone_detect/share/drone_detect/environment/ament_prefix_path.dsv
[0.639s] -- Up-to-date symlink: /home/rizy/planner/3d-navi/3d-navi-ros2_v1/install/drone_detect/share/drone_detect/environment/path.sh
[0.639s] -- Up-to-date symlink: /home/rizy/planner/3d-navi/3d-navi-ros2_v1/install/drone_detect/share/drone_detect/environment/path.dsv
[0.639s] -- Up-to-date symlink: /home/rizy/planner/3d-navi/3d-navi-ros2_v1/install/drone_detect/share/drone_detect/local_setup.bash
[0.639s] -- Up-to-date symlink: /home/rizy/planner/3d-navi/3d-navi-ros2_v1/install/drone_detect/share/drone_detect/local_setup.sh
[0.639s] -- Up-to-date symlink: /home/rizy/planner/3d-navi/3d-navi-ros2_v1/install/drone_detect/share/drone_detect/local_setup.zsh
[0.639s] -- Up-to-date symlink: /home/rizy/planner/3d-navi/3d-navi-ros2_v1/install/drone_detect/share/drone_detect/local_setup.dsv
[0.639s] -- Symlinking: /home/rizy/planner/3d-navi/3d-navi-ros2_v1/install/drone_detect/share/drone_detect/package.dsv
[0.651s] -- Up-to-date symlink: /home/rizy/planner/3d-navi/3d-navi-ros2_v1/install/drone_detect/share/ament_index/resource_index/packages/drone_detect
[0.652s] -- Up-to-date symlink: /home/rizy/planner/3d-navi/3d-navi-ros2_v1/install/drone_detect/share/drone_detect/cmake/drone_detectConfig.cmake
[0.652s] -- Up-to-date symlink: /home/rizy/planner/3d-navi/3d-navi-ros2_v1/install/drone_detect/share/drone_detect/cmake/drone_detectConfig-version.cmake
[0.652s] -- Up-to-date symlink: /home/rizy/planner/3d-navi/3d-navi-ros2_v1/install/drone_detect/share/drone_detect/package.xml
[0.652s] -- Up-to-date: /home/rizy/planner/3d-navi/3d-navi-ros2_v1/install/drone_detect/include/drone_detect
[0.652s] -- Up-to-date: /home/rizy/planner/3d-navi/3d-navi-ros2_v1/install/drone_detect/include/drone_detect/drone_detector.h
[0.654s] Invoked command in '/home/rizy/planner/3d-navi/3d-navi-ros2_v1/build/drone_detect' returned '0': CMAKE_PREFIX_PATH=${CMAKE_PREFIX_PATH}:/home/rizy/planner/3d-navi/3d-navi-ros2_v1/install/nav_integration:/opt/ros/humble CONDA_PROMPT_MODIFIER=(myenv) /usr/bin/cmake --install /home/rizy/planner/3d-navi/3d-navi-ros2_v1/build/drone_detect
