[0.033s] Invoking command in '/home/rizy/planner/3d-navi/3d-navi-ros2_v1/build/plan_env': CMAKE_PREFIX_PATH=/opt/ros/humble CONDA_PROMPT_MODIFIER=(myenv) /usr/bin/cmake --build /home/rizy/planner/3d-navi/3d-navi-ros2_v1/build/plan_env -- -j32 -l32
[0.074s] [35m[1mConsolidate compiler generated dependencies of target plan_env[0m
[0.074s] [35m[1mConsolidate compiler generated dependencies of target obj_generator[0m
[0.113s] [ 66%] Built target plan_env
[0.116s] [100%] Built target obj_generator
[0.162s] Invoked command in '/home/rizy/planner/3d-navi/3d-navi-ros2_v1/build/plan_env' returned '0': CMAKE_PREFIX_PATH=/opt/ros/humble CONDA_PROMPT_MODIFIER=(myenv) /usr/bin/cmake --build /home/rizy/planner/3d-navi/3d-navi-ros2_v1/build/plan_env -- -j32 -l32
[0.165s] Invoking command in '/home/rizy/planner/3d-navi/3d-navi-ros2_v1/build/plan_env': CMAKE_PREFIX_PATH=/opt/ros/humble CONDA_PROMPT_MODIFIER=(myenv) /usr/bin/cmake --install /home/rizy/planner/3d-navi/3d-navi-ros2_v1/build/plan_env
[0.171s] -- Install configuration: "Release"
[0.171s] -- Execute custom install script
[0.171s] -- Symlinking: /home/rizy/planner/3d-navi/3d-navi-ros2_v1/install/plan_env/lib/libplan_env.so
[0.180s] -- Symlinking: /home/rizy/planner/3d-navi/3d-navi-ros2_v1/install/plan_env/lib/plan_env/obj_generator
[0.198s] -- Symlinking: /home/rizy/planner/3d-navi/3d-navi-ros2_v1/install/plan_env/include/plan_env/grid_map.h
[0.200s] -- Symlinking: /home/rizy/planner/3d-navi/3d-navi-ros2_v1/install/plan_env/include/plan_env/linear_obj_model.hpp
[0.207s] -- Symlinking: /home/rizy/planner/3d-navi/3d-navi-ros2_v1/install/plan_env/include/plan_env/obj_predictor.h
[0.216s] -- Symlinking: /home/rizy/planner/3d-navi/3d-navi-ros2_v1/install/plan_env/include/plan_env/raycast.h
[0.232s] -- Symlinking: /home/rizy/planner/3d-navi/3d-navi-ros2_v1/install/plan_env/share/plan_env/environment/library_path.sh
[0.241s] -- Symlinking: /home/rizy/planner/3d-navi/3d-navi-ros2_v1/install/plan_env/share/plan_env/environment/library_path.dsv
[0.252s] -- Symlinking: /home/rizy/planner/3d-navi/3d-navi-ros2_v1/install/plan_env/share/ament_index/resource_index/package_run_dependencies/plan_env
[0.266s] -- Symlinking: /home/rizy/planner/3d-navi/3d-navi-ros2_v1/install/plan_env/share/ament_index/resource_index/parent_prefix_path/plan_env
[0.280s] -- Symlinking: /home/rizy/planner/3d-navi/3d-navi-ros2_v1/install/plan_env/share/plan_env/environment/ament_prefix_path.sh
[0.289s] -- Symlinking: /home/rizy/planner/3d-navi/3d-navi-ros2_v1/install/plan_env/share/plan_env/environment/ament_prefix_path.dsv
[0.304s] -- Symlinking: /home/rizy/planner/3d-navi/3d-navi-ros2_v1/install/plan_env/share/plan_env/environment/path.sh
[0.320s] -- Symlinking: /home/rizy/planner/3d-navi/3d-navi-ros2_v1/install/plan_env/share/plan_env/environment/path.dsv
[0.331s] -- Symlinking: /home/rizy/planner/3d-navi/3d-navi-ros2_v1/install/plan_env/share/plan_env/local_setup.bash
[0.346s] -- Symlinking: /home/rizy/planner/3d-navi/3d-navi-ros2_v1/install/plan_env/share/plan_env/local_setup.sh
[0.356s] -- Symlinking: /home/rizy/planner/3d-navi/3d-navi-ros2_v1/install/plan_env/share/plan_env/local_setup.zsh
[0.368s] -- Symlinking: /home/rizy/planner/3d-navi/3d-navi-ros2_v1/install/plan_env/share/plan_env/local_setup.dsv
[0.377s] -- Symlinking: /home/rizy/planner/3d-navi/3d-navi-ros2_v1/install/plan_env/share/plan_env/package.dsv
[0.387s] -- Symlinking: /home/rizy/planner/3d-navi/3d-navi-ros2_v1/install/plan_env/share/ament_index/resource_index/packages/plan_env
[0.391s] -- Symlinking: /home/rizy/planner/3d-navi/3d-navi-ros2_v1/install/plan_env/share/plan_env/cmake/ament_cmake_export_include_directories-extras.cmake
[0.399s] -- Symlinking: /home/rizy/planner/3d-navi/3d-navi-ros2_v1/install/plan_env/share/plan_env/cmake/ament_cmake_export_libraries-extras.cmake
[0.408s] -- Symlinking: /home/rizy/planner/3d-navi/3d-navi-ros2_v1/install/plan_env/share/plan_env/cmake/plan_envConfig.cmake
[0.414s] -- Symlinking: /home/rizy/planner/3d-navi/3d-navi-ros2_v1/install/plan_env/share/plan_env/cmake/plan_envConfig-version.cmake
[0.421s] -- Symlinking: /home/rizy/planner/3d-navi/3d-navi-ros2_v1/install/plan_env/share/plan_env/package.xml
[0.436s] Invoked command in '/home/rizy/planner/3d-navi/3d-navi-ros2_v1/build/plan_env' returned '0': CMAKE_PREFIX_PATH=/opt/ros/humble CONDA_PROMPT_MODIFIER=(myenv) /usr/bin/cmake --install /home/rizy/planner/3d-navi/3d-navi-ros2_v1/build/plan_env
