[0.032s] Invoking command in '/home/rizy/planner/3d-navi/3d-navi-ros2_v1/build/map_generator': CMAKE_PREFIX_PATH=/opt/ros/humble CONDA_PROMPT_MODIFIER=(myenv) /usr/bin/cmake /home/rizy/planner/3d-navi/3d-navi-ros2_v1/src/uav_simulator/map_generator -DPython3_EXECUTABLE=/usr/bin/python3 -Dfmt_DIR=/usr/lib/x86_64-linux-gnu/cmake/fmt -DAMENT_CMAKE_SYMLINK_INSTALL=1 -DCMAKE_INSTALL_PREFIX=/home/rizy/planner/3d-navi/3d-navi-ros2_v1/install/map_generator
[0.092s] -- The C compiler identification is GNU 11.4.0
[0.155s] -- The CXX compiler identification is GNU 11.4.0
[0.161s] -- Detecting C compiler ABI info
[0.247s] -- Detecting C compiler ABI info - done
[0.251s] -- Check for working C compiler: /usr/bin/cc - skipped
[0.251s] -- Detecting C compile features
[0.252s] -- Detecting C compile features - done
[0.255s] -- Detecting CXX compiler ABI info
[0.354s] -- Detecting CXX compiler ABI info - done
[0.365s] -- Check for working CXX compiler: /usr/bin/c++ - skipped
[0.365s] -- Detecting CXX compile features
[0.365s] -- Detecting CXX compile features - done
[0.366s] -- Found ament_cmake: 1.3.12 (/opt/ros/humble/share/ament_cmake/cmake)
[0.714s] -- Found Python3: /usr/bin/python3 (found version "3.10.12") found components: Interpreter 
[0.781s] -- Override CMake install command with custom implementation using symlinks instead of copying resources
[0.807s] -- Found rclcpp: 16.0.16 (/opt/ros/humble/share/rclcpp/cmake)
[0.845s] -- Found rosidl_generator_c: 3.1.7 (/opt/ros/humble/share/rosidl_generator_c/cmake)
[0.850s] -- Found rosidl_adapter: 3.1.7 (/opt/ros/humble/share/rosidl_adapter/cmake)
[0.857s] -- Found rosidl_generator_cpp: 3.1.7 (/opt/ros/humble/share/rosidl_generator_cpp/cmake)
[0.865s] -- Using all available rosidl_typesupport_c: rosidl_typesupport_fastrtps_c;rosidl_typesupport_introspection_c
[0.875s] -- Using all available rosidl_typesupport_cpp: rosidl_typesupport_fastrtps_cpp;rosidl_typesupport_introspection_cpp
[0.903s] -- Found rmw_implementation_cmake: 6.1.2 (/opt/ros/humble/share/rmw_implementation_cmake/cmake)
[0.905s] -- Found rmw_cyclonedds_cpp: 1.3.4 (/opt/ros/humble/share/rmw_cyclonedds_cpp/cmake)
[0.917s] -- Using RMW implementation 'rmw_cyclonedds_cpp' as default
[0.925s] -- Looking for pthread.h
[1.032s] -- Looking for pthread.h - found
[1.032s] -- Performing Test CMAKE_HAVE_LIBC_PTHREAD
[1.124s] -- Performing Test CMAKE_HAVE_LIBC_PTHREAD - Success
[1.125s] -- Found Threads: TRUE  
[1.170s] -- Found rclpy: 3.3.19 (/opt/ros/humble/share/rclpy/cmake)
[1.171s] -- Found geometry_msgs: 4.9.0 (/opt/ros/humble/share/geometry_msgs/cmake)
[1.199s] -- Checking for module 'eigen3'
[1.219s] --   Found eigen3, version 3.4.0
[1.262s] -- Found Eigen: /usr/include/eigen3 (Required is at least version "3.1") 
[1.262s] -- Eigen found (include: /usr/include/eigen3, version: 3.4.0)
[1.283s] -- Found Boost: /usr/lib/x86_64-linux-gnu/cmake/Boost-1.74.0/BoostConfig.cmake (found suitable version "1.74.0", minimum required is "1.65.0") found components: system filesystem date_time iostreams serialization 
[1.298s] -- Checking for module 'flann'
[1.313s] --   Found flann, version 1.9.1
[1.382s] -- Found FLANN: /usr/lib/x86_64-linux-gnu/libflann_cpp.so  
[1.382s] -- FLANN found (include: /usr/include, lib: /usr/lib/x86_64-linux-gnu/libflann_cpp.so)
[1.408s] -- Found GLEW: /usr/lib/x86_64-linux-gnu/libGLEW.so  
[1.419s] -- Found OpenGL: /usr/lib/x86_64-linux-gnu/libOpenGL.so  found components: OpenGL GLX 
[1.621s] -- Found MPI_C: /usr/lib/x86_64-linux-gnu/libmpi.so (found version "3.1") 
[1.621s] -- Found MPI: TRUE (found version "3.1") found components: C 
[1.624s] -- Found JsonCpp: /usr/lib/x86_64-linux-gnu/libjsoncpp.so (found suitable version "1.9.5", minimum required is "0.7.0") 
[1.636s] -- Found ZLIB: /usr/lib/x86_64-linux-gnu/libz.so (found version "1.2.11") 
[1.654s] -- Found PNG: /usr/lib/x86_64-linux-gnu/libpng.so (found version "1.6.37") 
[1.663s] -- Found Eigen3: /usr/include/eigen3 (found version "3.4.0") 
[1.797s] -- Found X11: /usr/include   
[1.797s] -- Looking for XOpenDisplay in /usr/lib/x86_64-linux-gnu/libX11.so;/usr/lib/x86_64-linux-gnu/libXext.so
[1.900s] -- Looking for XOpenDisplay in /usr/lib/x86_64-linux-gnu/libX11.so;/usr/lib/x86_64-linux-gnu/libXext.so - found
[1.900s] -- Looking for gethostbyname
[1.991s] -- Looking for gethostbyname - found
[1.991s] -- Looking for connect
[2.076s] -- Looking for connect - found
[2.076s] -- Looking for remove
[2.173s] -- Looking for remove - found
[2.173s] -- Looking for shmat
[2.256s] -- Looking for shmat - found
[2.257s] -- Looking for IceConnectionNumber in ICE
[2.350s] -- Looking for IceConnectionNumber in ICE - found
[2.488s] -- Found EXPAT: /usr/lib/x86_64-linux-gnu/libexpat.so (found version "2.4.7") 
[2.492s] -- Found double-conversion: /usr/lib/x86_64-linux-gnu/libdouble-conversion.so  
[2.495s] -- Found LZ4: /usr/lib/x86_64-linux-gnu/liblz4.so (found version "1.9.3") 
[2.496s] -- Found LZMA: /usr/lib/x86_64-linux-gnu/liblzma.so (found version "5.2.5") 
[2.513s] -- Found JPEG: /usr/lib/x86_64-linux-gnu/libjpeg.so (found version "80") 
[2.524s] -- Found TIFF: /usr/lib/x86_64-linux-gnu/libtiff.so (found version "4.3.0")  
[2.527s] -- Found Freetype: /usr/lib/x86_64-linux-gnu/libfreetype.so (found version "2.11.1") 
[2.532s] -- Found utf8cpp: /usr/include/utf8cpp  
[2.635s] -- Checking for module 'libusb-1.0'
[2.654s] --   Found libusb-1.0, version 1.0.25
[2.711s] -- Found libusb: /usr/lib/x86_64-linux-gnu/libusb-1.0.so  
[2.713s] -- Found OpenNI: /usr/lib/libOpenNI.so;libusb::libusb (found version "1.5.4.0") 
[2.713s] -- OpenNI found (version: 1.5.4.0, include: /usr/include/ni, lib: /usr/lib/libOpenNI.so;libusb::libusb)
[2.781s] -- Found OpenNI2: /usr/lib/x86_64-linux-gnu/libOpenNI2.so;libusb::libusb (found version "2.2.0.33") 
[2.781s] -- OpenNI2 found (version: 2.2.0.33, include: /usr/include/openni2, lib: /usr/lib/x86_64-linux-gnu/libOpenNI2.so;libusb::libusb)
[2.782s] ** WARNING ** io features related to pcap will be disabled
[2.956s] -- Eigen found (include: /usr/include/eigen3, version: 3.4.0)
[2.961s] -- OpenNI found (version: 1.5.4.0, include: /usr/include/ni, lib: /usr/lib/libOpenNI.so;libusb::libusb)
[2.969s] -- OpenNI2 found (version: 2.2.0.33, include: /usr/include/openni2, lib: /usr/lib/x86_64-linux-gnu/libOpenNI2.so;libusb::libusb)
[3.122s] -- Found Qhull version 8.0.2
[3.291s] -- OpenNI found (version: 1.5.4.0, include: /usr/include/ni, lib: /usr/lib/libOpenNI.so;libusb::libusb)
[3.445s] -- looking for PCL_COMMON
[3.446s] -- Found PCL_COMMON: /usr/lib/x86_64-linux-gnu/libpcl_common.so  
[3.446s] -- looking for PCL_KDTREE
[3.447s] -- Found PCL_KDTREE: /usr/lib/x86_64-linux-gnu/libpcl_kdtree.so  
[3.447s] -- looking for PCL_OCTREE
[3.448s] -- Found PCL_OCTREE: /usr/lib/x86_64-linux-gnu/libpcl_octree.so  
[3.448s] -- looking for PCL_SEARCH
[3.449s] -- Found PCL_SEARCH: /usr/lib/x86_64-linux-gnu/libpcl_search.so  
[3.449s] -- looking for PCL_SAMPLE_CONSENSUS
[3.449s] -- Found PCL_SAMPLE_CONSENSUS: /usr/lib/x86_64-linux-gnu/libpcl_sample_consensus.so  
[3.449s] -- looking for PCL_FILTERS
[3.450s] -- Found PCL_FILTERS: /usr/lib/x86_64-linux-gnu/libpcl_filters.so  
[3.450s] -- looking for PCL_2D
[3.450s] -- Found PCL_2D: /usr/include/pcl-1.12  
[3.450s] -- looking for PCL_GEOMETRY
[3.450s] -- Found PCL_GEOMETRY: /usr/include/pcl-1.12  
[3.450s] -- looking for PCL_IO
[3.450s] -- Found PCL_IO: /usr/lib/x86_64-linux-gnu/libpcl_io.so  
[3.451s] -- looking for PCL_FEATURES
[3.451s] -- Found PCL_FEATURES: /usr/lib/x86_64-linux-gnu/libpcl_features.so  
[3.451s] -- looking for PCL_ML
[3.452s] -- Found PCL_ML: /usr/lib/x86_64-linux-gnu/libpcl_ml.so  
[3.452s] -- looking for PCL_SEGMENTATION
[3.452s] -- Found PCL_SEGMENTATION: /usr/lib/x86_64-linux-gnu/libpcl_segmentation.so  
[3.452s] -- looking for PCL_VISUALIZATION
[3.453s] -- Found PCL_VISUALIZATION: /usr/lib/x86_64-linux-gnu/libpcl_visualization.so  
[3.453s] -- looking for PCL_SURFACE
[3.453s] -- Found PCL_SURFACE: /usr/lib/x86_64-linux-gnu/libpcl_surface.so  
[3.453s] -- looking for PCL_REGISTRATION
[3.454s] -- Found PCL_REGISTRATION: /usr/lib/x86_64-linux-gnu/libpcl_registration.so  
[3.454s] -- looking for PCL_KEYPOINTS
[3.454s] -- Found PCL_KEYPOINTS: /usr/lib/x86_64-linux-gnu/libpcl_keypoints.so  
[3.455s] -- looking for PCL_TRACKING
[3.455s] -- Found PCL_TRACKING: /usr/lib/x86_64-linux-gnu/libpcl_tracking.so  
[3.456s] -- looking for PCL_RECOGNITION
[3.457s] -- Found PCL_RECOGNITION: /usr/lib/x86_64-linux-gnu/libpcl_recognition.so  
[3.457s] -- looking for PCL_STEREO
[3.457s] -- Found PCL_STEREO: /usr/lib/x86_64-linux-gnu/libpcl_stereo.so  
[3.457s] -- looking for PCL_APPS
[3.458s] -- Found PCL_APPS: /usr/lib/x86_64-linux-gnu/libpcl_apps.so  
[3.459s] -- looking for PCL_IN_HAND_SCANNER
[3.459s] -- Found PCL_IN_HAND_SCANNER: /usr/include/pcl-1.12  
[3.459s] -- looking for PCL_MODELER
[3.459s] -- Found PCL_MODELER: /usr/include/pcl-1.12  
[3.459s] -- looking for PCL_POINT_CLOUD_EDITOR
[3.459s] -- Found PCL_POINT_CLOUD_EDITOR: /usr/include/pcl-1.12  
[3.459s] -- looking for PCL_OUTOFCORE
[3.459s] -- Found PCL_OUTOFCORE: /usr/lib/x86_64-linux-gnu/libpcl_outofcore.so  
[3.460s] -- looking for PCL_PEOPLE
[3.460s] -- Found PCL_PEOPLE: /usr/lib/x86_64-linux-gnu/libpcl_people.so  
[3.460s] -- Found PCL: pcl_common;pcl_kdtree;pcl_octree;pcl_search;pcl_sample_consensus;pcl_filters;pcl_io;pcl_features;pcl_ml;pcl_segmentation;pcl_visualization;pcl_surface;pcl_registration;pcl_keypoints;pcl_tracking;pcl_recognition;pcl_stereo;pcl_apps;pcl_outofcore;pcl_people;Boost::system;Boost::filesystem;Boost::date_time;Boost::iostreams;Boost::serialization;/usr/lib/libOpenNI.so;libusb::libusb;/usr/lib/x86_64-linux-gnu/libOpenNI2.so;libusb::libusb;VTK::ChartsCore;VTK::CommonColor;VTK::CommonComputationalGeometry;VTK::CommonCore;VTK::CommonDataModel;VTK::CommonExecutionModel;VTK::CommonMath;VTK::CommonMisc;VTK::CommonTransforms;VTK::FiltersCore;VTK::FiltersExtraction;VTK::FiltersGeneral;VTK::FiltersGeometry;VTK::FiltersModeling;VTK::FiltersSources;VTK::ImagingCore;VTK::ImagingSources;VTK::InteractionImage;VTK::InteractionStyle;VTK::InteractionWidgets;VTK::IOCore;VTK::IOGeometry;VTK::IOImage;VTK::IOLegacy;VTK::IOPLY;VTK::RenderingAnnotation;VTK::RenderingCore;VTK::RenderingContext2D;VTK::RenderingLOD;VTK::RenderingFreeType;VTK::ViewsCore;VTK::ViewsContext2D;VTK::RenderingOpenGL2;VTK::GUISupportQt;FLANN::FLANN;QHULL::QHULL  
[3.462s] -- Found pcl_conversions: 2.4.5 (/opt/ros/humble/share/pcl_conversions/cmake)
[3.506s] -- Found nav_msgs: 4.9.0 (/opt/ros/humble/share/nav_msgs/cmake)
[3.534s] -- Found ament_lint_auto: 0.12.14 (/opt/ros/humble/share/ament_lint_auto/cmake)
[3.638s] -- Added test 'cppcheck' to perform static code analysis on C / C++ code
[3.638s] -- Configured cppcheck include dirs: 
[3.638s] -- Configured cppcheck exclude dirs and/or files: 
[3.638s] -- Added test 'lint_cmake' to check CMake code style
[3.639s] -- Added test 'uncrustify' to check C / C++ code style
[3.639s] -- Configured uncrustify additional arguments: 
[3.639s] -- Added test 'xmllint' to check XML markup files
[3.640s] -- Configuring done
[3.689s] -- Generating done
[3.703s] -- Build files have been written to: /home/rizy/planner/3d-navi/3d-navi-ros2_v1/build/map_generator
[3.764s] Invoked command in '/home/rizy/planner/3d-navi/3d-navi-ros2_v1/build/map_generator' returned '0': CMAKE_PREFIX_PATH=/opt/ros/humble CONDA_PROMPT_MODIFIER=(myenv) /usr/bin/cmake /home/rizy/planner/3d-navi/3d-navi-ros2_v1/src/uav_simulator/map_generator -DPython3_EXECUTABLE=/usr/bin/python3 -Dfmt_DIR=/usr/lib/x86_64-linux-gnu/cmake/fmt -DAMENT_CMAKE_SYMLINK_INSTALL=1 -DCMAKE_INSTALL_PREFIX=/home/rizy/planner/3d-navi/3d-navi-ros2_v1/install/map_generator
[3.767s] Invoking command in '/home/rizy/planner/3d-navi/3d-navi-ros2_v1/build/map_generator': CMAKE_PREFIX_PATH=/opt/ros/humble CONDA_PROMPT_MODIFIER=(myenv) /usr/bin/cmake --build /home/rizy/planner/3d-navi/3d-navi-ros2_v1/build/map_generator -- -j32 -l32
[3.853s] Consolidate compiler generated dependencies of target random_forest
[3.883s] [ 50%] Linking CXX executable random_forest
[4.573s] [100%] Built target random_forest
[4.620s] Invoked command in '/home/rizy/planner/3d-navi/3d-navi-ros2_v1/build/map_generator' returned '0': CMAKE_PREFIX_PATH=/opt/ros/humble CONDA_PROMPT_MODIFIER=(myenv) /usr/bin/cmake --build /home/rizy/planner/3d-navi/3d-navi-ros2_v1/build/map_generator -- -j32 -l32
[4.621s] Invoking command in '/home/rizy/planner/3d-navi/3d-navi-ros2_v1/build/map_generator': CMAKE_PREFIX_PATH=/opt/ros/humble CONDA_PROMPT_MODIFIER=(myenv) /usr/bin/cmake --install /home/rizy/planner/3d-navi/3d-navi-ros2_v1/build/map_generator
[4.630s] -- Install configuration: "Release"
[4.640s] -- Execute custom install script
[4.641s] -- Up-to-date symlink: /home/rizy/planner/3d-navi/3d-navi-ros2_v1/install/map_generator/lib/map_generator/random_forest
[4.641s] -- Up-to-date symlink: /home/rizy/planner/3d-navi/3d-navi-ros2_v1/install/map_generator/share/ament_index/resource_index/package_run_dependencies/map_generator
[4.641s] -- Up-to-date symlink: /home/rizy/planner/3d-navi/3d-navi-ros2_v1/install/map_generator/share/ament_index/resource_index/parent_prefix_path/map_generator
[4.641s] -- Up-to-date symlink: /home/rizy/planner/3d-navi/3d-navi-ros2_v1/install/map_generator/share/map_generator/environment/ament_prefix_path.sh
[4.641s] -- Up-to-date symlink: /home/rizy/planner/3d-navi/3d-navi-ros2_v1/install/map_generator/share/map_generator/environment/ament_prefix_path.dsv
[4.641s] -- Up-to-date symlink: /home/rizy/planner/3d-navi/3d-navi-ros2_v1/install/map_generator/share/map_generator/environment/path.sh
[4.641s] -- Up-to-date symlink: /home/rizy/planner/3d-navi/3d-navi-ros2_v1/install/map_generator/share/map_generator/environment/path.dsv
[4.641s] -- Up-to-date symlink: /home/rizy/planner/3d-navi/3d-navi-ros2_v1/install/map_generator/share/map_generator/local_setup.bash
[4.642s] -- Up-to-date symlink: /home/rizy/planner/3d-navi/3d-navi-ros2_v1/install/map_generator/share/map_generator/local_setup.sh
[4.642s] -- Up-to-date symlink: /home/rizy/planner/3d-navi/3d-navi-ros2_v1/install/map_generator/share/map_generator/local_setup.zsh
[4.642s] -- Up-to-date symlink: /home/rizy/planner/3d-navi/3d-navi-ros2_v1/install/map_generator/share/map_generator/local_setup.dsv
[4.642s] -- Symlinking: /home/rizy/planner/3d-navi/3d-navi-ros2_v1/install/map_generator/share/map_generator/package.dsv
[4.673s] -- Up-to-date symlink: /home/rizy/planner/3d-navi/3d-navi-ros2_v1/install/map_generator/share/ament_index/resource_index/packages/map_generator
[4.673s] -- Up-to-date symlink: /home/rizy/planner/3d-navi/3d-navi-ros2_v1/install/map_generator/share/map_generator/cmake/map_generatorConfig.cmake
[4.674s] -- Up-to-date symlink: /home/rizy/planner/3d-navi/3d-navi-ros2_v1/install/map_generator/share/map_generator/cmake/map_generatorConfig-version.cmake
[4.676s] -- Up-to-date symlink: /home/rizy/planner/3d-navi/3d-navi-ros2_v1/install/map_generator/share/map_generator/package.xml
[4.696s] Invoked command in '/home/rizy/planner/3d-navi/3d-navi-ros2_v1/build/map_generator' returned '0': CMAKE_PREFIX_PATH=/opt/ros/humble CONDA_PROMPT_MODIFIER=(myenv) /usr/bin/cmake --install /home/rizy/planner/3d-navi/3d-navi-ros2_v1/build/map_generator
