-- Found ament_cmake: 1.3.12 (/opt/ros/humble/share/ament_cmake/cmake)
-- Override CMake install command with custom implementation using symlinks instead of copying resources
-- Found rclcpp: 16.0.16 (/opt/ros/humble/share/rclcpp/cmake)
-- Found rosidl_generator_c: 3.1.7 (/opt/ros/humble/share/rosidl_generator_c/cmake)
-- Found rosidl_adapter: 3.1.7 (/opt/ros/humble/share/rosidl_adapter/cmake)
-- Found rosidl_generator_cpp: 3.1.7 (/opt/ros/humble/share/rosidl_generator_cpp/cmake)
-- Using all available rosidl_typesupport_c: rosidl_typesupport_fastrtps_c;rosidl_typesupport_introspection_c
-- Using all available rosidl_typesupport_cpp: rosidl_typesupport_fastrtps_cpp;rosidl_typesupport_introspection_cpp
-- Found rmw_implementation_cmake: 6.1.2 (/opt/ros/humble/share/rmw_implementation_cmake/cmake)
-- Found rmw_cyclonedds_cpp: 1.3.4 (/opt/ros/humble/share/rmw_cyclonedds_cpp/cmake)
-- Using RMW implementation 'rmw_cyclonedds_cpp' as default
-- Found geometry_msgs: 4.9.0 (/opt/ros/humble/share/geometry_msgs/cmake)
-- Found visualization_msgs: 4.9.0 (/opt/ros/humble/share/visualization_msgs/cmake)
-- Found nav_msgs: 4.9.0 (/opt/ros/humble/share/nav_msgs/cmake)
-- Found pose_utils: 0.0.0 (/home/rizy/planner/3d-navi/3d-navi-ros2_v1/install/pose_utils/share/pose_utils/cmake)
-- Found tf2: 0.25.17 (/opt/ros/humble/share/tf2/cmake)
-- Found tf2_geometry_msgs: 0.25.17 (/opt/ros/humble/share/tf2_geometry_msgs/cmake)
-- Found eigen3_cmake_module: 0.1.1 (/opt/ros/humble/share/eigen3_cmake_module/cmake)
-- Ensuring Eigen3 include directory is part of orocos-kdl CMake target
-- Found quadrotor_msgs: 0.0.0 (/home/rizy/planner/3d-navi/3d-navi-ros2_v1/install/quadrotor_msgs/share/quadrotor_msgs/cmake)
-- Found laser_geometry: 2.4.1 (/opt/ros/humble/share/laser_geometry/cmake)
-- Found rosidl_default_generators: 1.2.0 (/opt/ros/humble/share/rosidl_default_generators/cmake)
-- Found ament_cmake_ros: 0.10.0 (/opt/ros/humble/share/ament_cmake_ros/cmake)
-- Using all available rosidl_typesupport_c: rosidl_typesupport_fastrtps_c;rosidl_typesupport_introspection_c
-- Using all available rosidl_typesupport_cpp: rosidl_typesupport_fastrtps_cpp;rosidl_typesupport_introspection_cpp
-- Found python_cmake_module: 0.10.0 (/opt/ros/humble/share/python_cmake_module/cmake)
-- Using PYTHON_EXECUTABLE: /home/rizy/anaconda3/envs/myenv/bin/python3
-- Using PYTHON_INCLUDE_DIRS: /home/rizy/anaconda3/envs/myenv/include/python3.10
-- Using PYTHON_LIBRARIES: /home/rizy/anaconda3/envs/myenv/lib/libpython3.10.so
-- Using numpy include directory: /home/rizy/.local/lib/python3.10/site-packages/numpy/core/include
-- Found ament_lint_auto: 0.12.14 (/opt/ros/humble/share/ament_lint_auto/cmake)
-- Added test 'cppcheck' to perform static code analysis on C / C++ code
-- Configured cppcheck include dirs: /home/rizy/planner/3d-navi/3d-navi-ros2_v1/src/uav_simulator/Utils/multi_map_server/include
-- Configured cppcheck exclude dirs and/or files: 
-- Added test 'lint_cmake' to check CMake code style
-- Added test 'uncrustify' to check C / C++ code style
-- Configured uncrustify additional arguments: 
-- Added test 'xmllint' to check XML markup files
-- Configuring done
[33mCMake Warning at /opt/ros/humble/share/rosidl_generator_py/cmake/rosidl_generator_py_generate_interfaces.cmake:166 (add_library):
  Cannot generate a safe runtime search path for target
  multi_map_server__rosidl_generator_py because files in some directories may
  conflict with libraries in implicit directories:

    runtime library [libpython3.10.so.1.0] in /usr/lib/x86_64-linux-gnu may be hidden by files in:
      /home/rizy/anaconda3/envs/myenv/lib

  Some of these libraries may not be found correctly.
Call Stack (most recent call first):
  /opt/ros/humble/share/ament_cmake_core/cmake/core/ament_execute_extensions.cmake:48 (include)
  /opt/ros/humble/share/rosidl_cmake/cmake/rosidl_generate_interfaces.cmake:286 (ament_execute_extensions)
  CMakeLists.txt:31 (rosidl_generate_interfaces)

[0m
[33mCMake Warning at /opt/ros/humble/share/rosidl_generator_py/cmake/rosidl_generator_py_generate_interfaces.cmake:226 (add_library):
  Cannot generate a safe runtime search path for target
  multi_map_server__rosidl_typesupport_fastrtps_c__pyext because files in
  some directories may conflict with libraries in implicit directories:

    runtime library [libpython3.10.so.1.0] in /usr/lib/x86_64-linux-gnu may be hidden by files in:
      /home/rizy/anaconda3/envs/myenv/lib

  Some of these libraries may not be found correctly.
Call Stack (most recent call first):
  /opt/ros/humble/share/ament_cmake_core/cmake/core/ament_execute_extensions.cmake:48 (include)
  /opt/ros/humble/share/rosidl_cmake/cmake/rosidl_generate_interfaces.cmake:286 (ament_execute_extensions)
  CMakeLists.txt:31 (rosidl_generate_interfaces)

[0m
[33mCMake Warning at /opt/ros/humble/share/rosidl_generator_py/cmake/rosidl_generator_py_generate_interfaces.cmake:226 (add_library):
  Cannot generate a safe runtime search path for target
  multi_map_server__rosidl_typesupport_introspection_c__pyext because files
  in some directories may conflict with libraries in implicit directories:

    runtime library [libpython3.10.so.1.0] in /usr/lib/x86_64-linux-gnu may be hidden by files in:
      /home/rizy/anaconda3/envs/myenv/lib

  Some of these libraries may not be found correctly.
Call Stack (most recent call first):
  /opt/ros/humble/share/ament_cmake_core/cmake/core/ament_execute_extensions.cmake:48 (include)
  /opt/ros/humble/share/rosidl_cmake/cmake/rosidl_generate_interfaces.cmake:286 (ament_execute_extensions)
  CMakeLists.txt:31 (rosidl_generate_interfaces)

[0m
[33mCMake Warning at /opt/ros/humble/share/rosidl_generator_py/cmake/rosidl_generator_py_generate_interfaces.cmake:226 (add_library):
  Cannot generate a safe runtime search path for target
  multi_map_server__rosidl_typesupport_c__pyext because files in some
  directories may conflict with libraries in implicit directories:

    runtime library [libpython3.10.so.1.0] in /usr/lib/x86_64-linux-gnu may be hidden by files in:
      /home/rizy/anaconda3/envs/myenv/lib

  Some of these libraries may not be found correctly.
Call Stack (most recent call first):
  /opt/ros/humble/share/ament_cmake_core/cmake/core/ament_execute_extensions.cmake:48 (include)
  /opt/ros/humble/share/rosidl_cmake/cmake/rosidl_generate_interfaces.cmake:286 (ament_execute_extensions)
  CMakeLists.txt:31 (rosidl_generate_interfaces)

[0m
-- Generating done
-- Build files have been written to: /home/rizy/planner/3d-navi/3d-navi-ros2_v1/build/multi_map_server
[35m[1mConsolidate compiler generated dependencies of target multi_map_server__rosidl_generator_c[0m
[  1%] Built target multi_map_server__cpp
[  1%] Built target ament_cmake_python_symlink_multi_map_server
[35m[1mConsolidate compiler generated dependencies of target multi_map_server__rosidl_typesupport_fastrtps_cpp[0m
[ 12%] Built target multi_map_server__rosidl_generator_c
[35m[1mConsolidate compiler generated dependencies of target multi_map_server__rosidl_typesupport_introspection_cpp[0m
[35m[1mConsolidate compiler generated dependencies of target multi_map_server__rosidl_typesupport_cpp[0m
[35m[1mConsolidate compiler generated dependencies of target multi_map_server__rosidl_typesupport_introspection_c[0m
[35m[1mConsolidate compiler generated dependencies of target multi_map_server__rosidl_typesupport_c[0m
[35m[1mConsolidate compiler generated dependencies of target multi_map_server__rosidl_typesupport_fastrtps_c[0m
[ 33%] Built target multi_map_server__rosidl_typesupport_fastrtps_cpp
[ 33%] Built target multi_map_server__rosidl_typesupport_introspection_cpp
[ 43%] Built target multi_map_server__rosidl_typesupport_cpp
[ 54%] Built target multi_map_server__rosidl_typesupport_c
[ 64%] Built target multi_map_server__rosidl_typesupport_introspection_c
[ 75%] Built target multi_map_server__rosidl_typesupport_fastrtps_c
[35m[1mConsolidate compiler generated dependencies of target multi_map_visualization[0m
[ 75%] Built target multi_map_server
[ 78%] Built target multi_map_visualization
[ 80%] Built target multi_map_server__py
[35m[1mConsolidate compiler generated dependencies of target multi_map_server__rosidl_generator_py[0m
[ 89%] Built target multi_map_server__rosidl_generator_py
[35m[1mConsolidate compiler generated dependencies of target multi_map_server__rosidl_typesupport_introspection_c__pyext[0m
[35m[1mConsolidate compiler generated dependencies of target multi_map_server__rosidl_typesupport_fastrtps_c__pyext[0m
[35m[1mConsolidate compiler generated dependencies of target multi_map_server__rosidl_typesupport_c__pyext[0m
[ 92%] Built target multi_map_server__rosidl_typesupport_introspection_c__pyext
[ 96%] Built target multi_map_server__rosidl_typesupport_c__pyext
[100%] Built target multi_map_server__rosidl_typesupport_fastrtps_c__pyext
running egg_info
writing multi_map_server.egg-info/PKG-INFO
writing dependency_links to multi_map_server.egg-info/dependency_links.txt
writing top-level names to multi_map_server.egg-info/top_level.txt
reading manifest file 'multi_map_server.egg-info/SOURCES.txt'
writing manifest file 'multi_map_server.egg-info/SOURCES.txt'
[100%] Built target ament_cmake_python_build_multi_map_server_egg
-- Install configuration: "Release"
-- Execute custom install script
-- Up-to-date symlink: /home/rizy/planner/3d-navi/3d-navi-ros2_v1/install/multi_map_server/share/ament_index/resource_index/rosidl_interfaces/multi_map_server
-- Up-to-date symlink: /home/rizy/planner/3d-navi/3d-navi-ros2_v1/install/multi_map_server/include/multi_map_server/multi_map_server/msg/detail/multi_occupancy_grid__functions.h
-- Up-to-date symlink: /home/rizy/planner/3d-navi/3d-navi-ros2_v1/install/multi_map_server/include/multi_map_server/multi_map_server/msg/detail/multi_occupancy_grid__struct.h
-- Up-to-date symlink: /home/rizy/planner/3d-navi/3d-navi-ros2_v1/install/multi_map_server/include/multi_map_server/multi_map_server/msg/detail/multi_occupancy_grid__type_support.h
-- Up-to-date symlink: /home/rizy/planner/3d-navi/3d-navi-ros2_v1/install/multi_map_server/include/multi_map_server/multi_map_server/msg/detail/multi_sparse_map3_d__functions.h
-- Up-to-date symlink: /home/rizy/planner/3d-navi/3d-navi-ros2_v1/install/multi_map_server/include/multi_map_server/multi_map_server/msg/detail/multi_sparse_map3_d__struct.h
-- Up-to-date symlink: /home/rizy/planner/3d-navi/3d-navi-ros2_v1/install/multi_map_server/include/multi_map_server/multi_map_server/msg/detail/multi_sparse_map3_d__type_support.h
-- Up-to-date symlink: /home/rizy/planner/3d-navi/3d-navi-ros2_v1/install/multi_map_server/include/multi_map_server/multi_map_server/msg/detail/sparse_map3_d__functions.h
-- Up-to-date symlink: /home/rizy/planner/3d-navi/3d-navi-ros2_v1/install/multi_map_server/include/multi_map_server/multi_map_server/msg/detail/sparse_map3_d__struct.h
-- Up-to-date symlink: /home/rizy/planner/3d-navi/3d-navi-ros2_v1/install/multi_map_server/include/multi_map_server/multi_map_server/msg/detail/sparse_map3_d__type_support.h
-- Up-to-date symlink: /home/rizy/planner/3d-navi/3d-navi-ros2_v1/install/multi_map_server/include/multi_map_server/multi_map_server/msg/detail/vertical_occupancy_grid_list__functions.h
-- Up-to-date symlink: /home/rizy/planner/3d-navi/3d-navi-ros2_v1/install/multi_map_server/include/multi_map_server/multi_map_server/msg/detail/vertical_occupancy_grid_list__struct.h
-- Up-to-date symlink: /home/rizy/planner/3d-navi/3d-navi-ros2_v1/install/multi_map_server/include/multi_map_server/multi_map_server/msg/detail/vertical_occupancy_grid_list__type_support.h
-- Up-to-date symlink: /home/rizy/planner/3d-navi/3d-navi-ros2_v1/install/multi_map_server/include/multi_map_server/multi_map_server/msg/multi_occupancy_grid.h
-- Up-to-date symlink: /home/rizy/planner/3d-navi/3d-navi-ros2_v1/install/multi_map_server/include/multi_map_server/multi_map_server/msg/multi_sparse_map3_d.h
-- Up-to-date symlink: /home/rizy/planner/3d-navi/3d-navi-ros2_v1/install/multi_map_server/include/multi_map_server/multi_map_server/msg/rosidl_generator_c__visibility_control.h
-- Up-to-date symlink: /home/rizy/planner/3d-navi/3d-navi-ros2_v1/install/multi_map_server/include/multi_map_server/multi_map_server/msg/sparse_map3_d.h
-- Up-to-date symlink: /home/rizy/planner/3d-navi/3d-navi-ros2_v1/install/multi_map_server/include/multi_map_server/multi_map_server/msg/vertical_occupancy_grid_list.h
-- Up-to-date symlink: /home/rizy/planner/3d-navi/3d-navi-ros2_v1/install/multi_map_server/share/multi_map_server/environment/library_path.sh
-- Up-to-date symlink: /home/rizy/planner/3d-navi/3d-navi-ros2_v1/install/multi_map_server/share/multi_map_server/environment/library_path.dsv
-- Up-to-date symlink: /home/rizy/planner/3d-navi/3d-navi-ros2_v1/install/multi_map_server/include/multi_map_server/multi_map_server/msg/detail/multi_occupancy_grid__rosidl_typesupport_fastrtps_c.h
-- Up-to-date symlink: /home/rizy/planner/3d-navi/3d-navi-ros2_v1/install/multi_map_server/include/multi_map_server/multi_map_server/msg/detail/multi_sparse_map3_d__rosidl_typesupport_fastrtps_c.h
-- Up-to-date symlink: /home/rizy/planner/3d-navi/3d-navi-ros2_v1/install/multi_map_server/include/multi_map_server/multi_map_server/msg/detail/sparse_map3_d__rosidl_typesupport_fastrtps_c.h
-- Up-to-date symlink: /home/rizy/planner/3d-navi/3d-navi-ros2_v1/install/multi_map_server/include/multi_map_server/multi_map_server/msg/detail/vertical_occupancy_grid_list__rosidl_typesupport_fastrtps_c.h
-- Up-to-date symlink: /home/rizy/planner/3d-navi/3d-navi-ros2_v1/install/multi_map_server/include/multi_map_server/multi_map_server/msg/rosidl_typesupport_fastrtps_c__visibility_control.h
-- Up-to-date symlink: /home/rizy/planner/3d-navi/3d-navi-ros2_v1/install/multi_map_server/include/multi_map_server/multi_map_server/msg/detail/multi_occupancy_grid__builder.hpp
-- Up-to-date symlink: /home/rizy/planner/3d-navi/3d-navi-ros2_v1/install/multi_map_server/include/multi_map_server/multi_map_server/msg/detail/multi_occupancy_grid__struct.hpp
-- Up-to-date symlink: /home/rizy/planner/3d-navi/3d-navi-ros2_v1/install/multi_map_server/include/multi_map_server/multi_map_server/msg/detail/multi_occupancy_grid__traits.hpp
-- Up-to-date symlink: /home/rizy/planner/3d-navi/3d-navi-ros2_v1/install/multi_map_server/include/multi_map_server/multi_map_server/msg/detail/multi_occupancy_grid__type_support.hpp
-- Up-to-date symlink: /home/rizy/planner/3d-navi/3d-navi-ros2_v1/install/multi_map_server/include/multi_map_server/multi_map_server/msg/detail/multi_sparse_map3_d__builder.hpp
-- Up-to-date symlink: /home/rizy/planner/3d-navi/3d-navi-ros2_v1/install/multi_map_server/include/multi_map_server/multi_map_server/msg/detail/multi_sparse_map3_d__struct.hpp
-- Up-to-date symlink: /home/rizy/planner/3d-navi/3d-navi-ros2_v1/install/multi_map_server/include/multi_map_server/multi_map_server/msg/detail/multi_sparse_map3_d__traits.hpp
-- Up-to-date symlink: /home/rizy/planner/3d-navi/3d-navi-ros2_v1/install/multi_map_server/include/multi_map_server/multi_map_server/msg/detail/multi_sparse_map3_d__type_support.hpp
-- Up-to-date symlink: /home/rizy/planner/3d-navi/3d-navi-ros2_v1/install/multi_map_server/include/multi_map_server/multi_map_server/msg/detail/sparse_map3_d__builder.hpp
-- Up-to-date symlink: /home/rizy/planner/3d-navi/3d-navi-ros2_v1/install/multi_map_server/include/multi_map_server/multi_map_server/msg/detail/sparse_map3_d__struct.hpp
-- Up-to-date symlink: /home/rizy/planner/3d-navi/3d-navi-ros2_v1/install/multi_map_server/include/multi_map_server/multi_map_server/msg/detail/sparse_map3_d__traits.hpp
-- Up-to-date symlink: /home/rizy/planner/3d-navi/3d-navi-ros2_v1/install/multi_map_server/include/multi_map_server/multi_map_server/msg/detail/sparse_map3_d__type_support.hpp
-- Up-to-date symlink: /home/rizy/planner/3d-navi/3d-navi-ros2_v1/install/multi_map_server/include/multi_map_server/multi_map_server/msg/detail/vertical_occupancy_grid_list__builder.hpp
-- Up-to-date symlink: /home/rizy/planner/3d-navi/3d-navi-ros2_v1/install/multi_map_server/include/multi_map_server/multi_map_server/msg/detail/vertical_occupancy_grid_list__struct.hpp
-- Up-to-date symlink: /home/rizy/planner/3d-navi/3d-navi-ros2_v1/install/multi_map_server/include/multi_map_server/multi_map_server/msg/detail/vertical_occupancy_grid_list__traits.hpp
-- Up-to-date symlink: /home/rizy/planner/3d-navi/3d-navi-ros2_v1/install/multi_map_server/include/multi_map_server/multi_map_server/msg/detail/vertical_occupancy_grid_list__type_support.hpp
-- Up-to-date symlink: /home/rizy/planner/3d-navi/3d-navi-ros2_v1/install/multi_map_server/include/multi_map_server/multi_map_server/msg/multi_occupancy_grid.hpp
-- Up-to-date symlink: /home/rizy/planner/3d-navi/3d-navi-ros2_v1/install/multi_map_server/include/multi_map_server/multi_map_server/msg/multi_sparse_map3_d.hpp
-- Up-to-date symlink: /home/rizy/planner/3d-navi/3d-navi-ros2_v1/install/multi_map_server/include/multi_map_server/multi_map_server/msg/rosidl_generator_cpp__visibility_control.hpp
-- Up-to-date symlink: /home/rizy/planner/3d-navi/3d-navi-ros2_v1/install/multi_map_server/include/multi_map_server/multi_map_server/msg/sparse_map3_d.hpp
-- Up-to-date symlink: /home/rizy/planner/3d-navi/3d-navi-ros2_v1/install/multi_map_server/include/multi_map_server/multi_map_server/msg/vertical_occupancy_grid_list.hpp
-- Up-to-date symlink: /home/rizy/planner/3d-navi/3d-navi-ros2_v1/install/multi_map_server/include/multi_map_server/multi_map_server/msg/detail/multi_occupancy_grid__rosidl_typesupport_fastrtps_cpp.hpp
-- Up-to-date symlink: /home/rizy/planner/3d-navi/3d-navi-ros2_v1/install/multi_map_server/include/multi_map_server/multi_map_server/msg/detail/multi_sparse_map3_d__rosidl_typesupport_fastrtps_cpp.hpp
-- Up-to-date symlink: /home/rizy/planner/3d-navi/3d-navi-ros2_v1/install/multi_map_server/include/multi_map_server/multi_map_server/msg/detail/sparse_map3_d__rosidl_typesupport_fastrtps_cpp.hpp
-- Up-to-date symlink: /home/rizy/planner/3d-navi/3d-navi-ros2_v1/install/multi_map_server/include/multi_map_server/multi_map_server/msg/detail/vertical_occupancy_grid_list__rosidl_typesupport_fastrtps_cpp.hpp
-- Up-to-date symlink: /home/rizy/planner/3d-navi/3d-navi-ros2_v1/install/multi_map_server/include/multi_map_server/multi_map_server/msg/rosidl_typesupport_fastrtps_cpp__visibility_control.h
-- Up-to-date symlink: /home/rizy/planner/3d-navi/3d-navi-ros2_v1/install/multi_map_server/include/multi_map_server/multi_map_server/msg/detail/multi_occupancy_grid__rosidl_typesupport_introspection_c.h
-- Up-to-date symlink: /home/rizy/planner/3d-navi/3d-navi-ros2_v1/install/multi_map_server/include/multi_map_server/multi_map_server/msg/detail/multi_sparse_map3_d__rosidl_typesupport_introspection_c.h
-- Up-to-date symlink: /home/rizy/planner/3d-navi/3d-navi-ros2_v1/install/multi_map_server/include/multi_map_server/multi_map_server/msg/detail/sparse_map3_d__rosidl_typesupport_introspection_c.h
-- Up-to-date symlink: /home/rizy/planner/3d-navi/3d-navi-ros2_v1/install/multi_map_server/include/multi_map_server/multi_map_server/msg/detail/vertical_occupancy_grid_list__rosidl_typesupport_introspection_c.h
-- Up-to-date symlink: /home/rizy/planner/3d-navi/3d-navi-ros2_v1/install/multi_map_server/include/multi_map_server/multi_map_server/msg/rosidl_typesupport_introspection_c__visibility_control.h
-- Up-to-date symlink: /home/rizy/planner/3d-navi/3d-navi-ros2_v1/install/multi_map_server/include/multi_map_server/multi_map_server/msg/detail/multi_occupancy_grid__rosidl_typesupport_introspection_cpp.hpp
-- Up-to-date symlink: /home/rizy/planner/3d-navi/3d-navi-ros2_v1/install/multi_map_server/include/multi_map_server/multi_map_server/msg/detail/multi_sparse_map3_d__rosidl_typesupport_introspection_cpp.hpp
-- Up-to-date symlink: /home/rizy/planner/3d-navi/3d-navi-ros2_v1/install/multi_map_server/include/multi_map_server/multi_map_server/msg/detail/sparse_map3_d__rosidl_typesupport_introspection_cpp.hpp
-- Up-to-date symlink: /home/rizy/planner/3d-navi/3d-navi-ros2_v1/install/multi_map_server/include/multi_map_server/multi_map_server/msg/detail/vertical_occupancy_grid_list__rosidl_typesupport_introspection_cpp.hpp
-- Up-to-date symlink: /home/rizy/planner/3d-navi/3d-navi-ros2_v1/install/multi_map_server/share/multi_map_server/environment/pythonpath.sh
-- Up-to-date symlink: /home/rizy/planner/3d-navi/3d-navi-ros2_v1/install/multi_map_server/share/multi_map_server/environment/pythonpath.dsv
-- Up-to-date symlink: /home/rizy/planner/3d-navi/3d-navi-ros2_v1/install/multi_map_server/local/lib/python3.10/dist-packages/multi_map_server-0.0.0-py3.10.egg-info/PKG-INFO
-- Up-to-date symlink: /home/rizy/planner/3d-navi/3d-navi-ros2_v1/install/multi_map_server/local/lib/python3.10/dist-packages/multi_map_server-0.0.0-py3.10.egg-info/SOURCES.txt
-- Up-to-date symlink: /home/rizy/planner/3d-navi/3d-navi-ros2_v1/install/multi_map_server/local/lib/python3.10/dist-packages/multi_map_server-0.0.0-py3.10.egg-info/dependency_links.txt
-- Up-to-date symlink: /home/rizy/planner/3d-navi/3d-navi-ros2_v1/install/multi_map_server/local/lib/python3.10/dist-packages/multi_map_server-0.0.0-py3.10.egg-info/top_level.txt
-- Up-to-date symlink: /home/rizy/planner/3d-navi/3d-navi-ros2_v1/install/multi_map_server/local/lib/python3.10/dist-packages/multi_map_server/__init__.py
-- Up-to-date symlink: /home/rizy/planner/3d-navi/3d-navi-ros2_v1/install/multi_map_server/local/lib/python3.10/dist-packages/multi_map_server/_multi_map_server_s.ep.rosidl_typesupport_c.c
-- Up-to-date symlink: /home/rizy/planner/3d-navi/3d-navi-ros2_v1/install/multi_map_server/local/lib/python3.10/dist-packages/multi_map_server/_multi_map_server_s.ep.rosidl_typesupport_fastrtps_c.c
-- Up-to-date symlink: /home/rizy/planner/3d-navi/3d-navi-ros2_v1/install/multi_map_server/local/lib/python3.10/dist-packages/multi_map_server/_multi_map_server_s.ep.rosidl_typesupport_introspection_c.c
-- Up-to-date symlink: /home/rizy/planner/3d-navi/3d-navi-ros2_v1/install/multi_map_server/local/lib/python3.10/dist-packages/multi_map_server/libmulti_map_server__rosidl_generator_py.so
-- Up-to-date symlink: /home/rizy/planner/3d-navi/3d-navi-ros2_v1/install/multi_map_server/local/lib/python3.10/dist-packages/multi_map_server/msg/__init__.py
-- Up-to-date symlink: /home/rizy/planner/3d-navi/3d-navi-ros2_v1/install/multi_map_server/local/lib/python3.10/dist-packages/multi_map_server/msg/_multi_occupancy_grid.py
-- Up-to-date symlink: /home/rizy/planner/3d-navi/3d-navi-ros2_v1/install/multi_map_server/local/lib/python3.10/dist-packages/multi_map_server/msg/_multi_occupancy_grid_s.c
-- Up-to-date symlink: /home/rizy/planner/3d-navi/3d-navi-ros2_v1/install/multi_map_server/local/lib/python3.10/dist-packages/multi_map_server/msg/_multi_sparse_map3_d.py
-- Up-to-date symlink: /home/rizy/planner/3d-navi/3d-navi-ros2_v1/install/multi_map_server/local/lib/python3.10/dist-packages/multi_map_server/msg/_multi_sparse_map3_d_s.c
-- Up-to-date symlink: /home/rizy/planner/3d-navi/3d-navi-ros2_v1/install/multi_map_server/local/lib/python3.10/dist-packages/multi_map_server/msg/_sparse_map3_d.py
-- Up-to-date symlink: /home/rizy/planner/3d-navi/3d-navi-ros2_v1/install/multi_map_server/local/lib/python3.10/dist-packages/multi_map_server/msg/_sparse_map3_d_s.c
-- Up-to-date symlink: /home/rizy/planner/3d-navi/3d-navi-ros2_v1/install/multi_map_server/local/lib/python3.10/dist-packages/multi_map_server/msg/_vertical_occupancy_grid_list.py
-- Up-to-date symlink: /home/rizy/planner/3d-navi/3d-navi-ros2_v1/install/multi_map_server/local/lib/python3.10/dist-packages/multi_map_server/msg/_vertical_occupancy_grid_list_s.c
-- Up-to-date symlink: /home/rizy/planner/3d-navi/3d-navi-ros2_v1/install/multi_map_server/local/lib/python3.10/dist-packages/multi_map_server/multi_map_server_s__rosidl_typesupport_c.cpython-310-x86_64-linux-gnu.so
-- Up-to-date symlink: /home/rizy/planner/3d-navi/3d-navi-ros2_v1/install/multi_map_server/local/lib/python3.10/dist-packages/multi_map_server/multi_map_server_s__rosidl_typesupport_fastrtps_c.cpython-310-x86_64-linux-gnu.so
-- Up-to-date symlink: /home/rizy/planner/3d-navi/3d-navi-ros2_v1/install/multi_map_server/local/lib/python3.10/dist-packages/multi_map_server/multi_map_server_s__rosidl_typesupport_introspection_c.cpython-310-x86_64-linux-gnu.so
-- Up-to-date symlink: /home/rizy/planner/3d-navi/3d-navi-ros2_v1/install/multi_map_server/local/lib/python3.10/dist-packages/multi_map_server/multi_map_server_s__rosidl_typesupport_fastrtps_c.cpython-310-x86_64-linux-gnu.so
-- Up-to-date symlink: /home/rizy/planner/3d-navi/3d-navi-ros2_v1/install/multi_map_server/local/lib/python3.10/dist-packages/multi_map_server/multi_map_server_s__rosidl_typesupport_introspection_c.cpython-310-x86_64-linux-gnu.so
-- Up-to-date symlink: /home/rizy/planner/3d-navi/3d-navi-ros2_v1/install/multi_map_server/local/lib/python3.10/dist-packages/multi_map_server/multi_map_server_s__rosidl_typesupport_c.cpython-310-x86_64-linux-gnu.so
-- Up-to-date symlink: /home/rizy/planner/3d-navi/3d-navi-ros2_v1/install/multi_map_server/share/multi_map_server/msg/MultiOccupancyGrid.idl
-- Up-to-date symlink: /home/rizy/planner/3d-navi/3d-navi-ros2_v1/install/multi_map_server/share/multi_map_server/msg/MultiSparseMap3D.idl
-- Up-to-date symlink: /home/rizy/planner/3d-navi/3d-navi-ros2_v1/install/multi_map_server/share/multi_map_server/msg/SparseMap3D.idl
-- Up-to-date symlink: /home/rizy/planner/3d-navi/3d-navi-ros2_v1/install/multi_map_server/share/multi_map_server/msg/VerticalOccupancyGridList.idl
-- Up-to-date symlink: /home/rizy/planner/3d-navi/3d-navi-ros2_v1/install/multi_map_server/share/multi_map_server/msg/MultiOccupancyGrid.msg
-- Up-to-date symlink: /home/rizy/planner/3d-navi/3d-navi-ros2_v1/install/multi_map_server/share/multi_map_server/msg/MultiSparseMap3D.msg
-- Up-to-date symlink: /home/rizy/planner/3d-navi/3d-navi-ros2_v1/install/multi_map_server/share/multi_map_server/msg/SparseMap3D.msg
-- Up-to-date symlink: /home/rizy/planner/3d-navi/3d-navi-ros2_v1/install/multi_map_server/share/multi_map_server/msg/VerticalOccupancyGridList.msg
-- Up-to-date symlink: /home/rizy/planner/3d-navi/3d-navi-ros2_v1/install/multi_map_server/lib/multi_map_server/multi_map_visualization
-- Up-to-date symlink: /home/rizy/planner/3d-navi/3d-navi-ros2_v1/install/multi_map_server/share/ament_index/resource_index/package_run_dependencies/multi_map_server
-- Up-to-date symlink: /home/rizy/planner/3d-navi/3d-navi-ros2_v1/install/multi_map_server/share/ament_index/resource_index/parent_prefix_path/multi_map_server
-- Up-to-date symlink: /home/rizy/planner/3d-navi/3d-navi-ros2_v1/install/multi_map_server/share/multi_map_server/environment/ament_prefix_path.sh
-- Up-to-date symlink: /home/rizy/planner/3d-navi/3d-navi-ros2_v1/install/multi_map_server/share/multi_map_server/environment/ament_prefix_path.dsv
-- Up-to-date symlink: /home/rizy/planner/3d-navi/3d-navi-ros2_v1/install/multi_map_server/share/multi_map_server/environment/path.sh
-- Up-to-date symlink: /home/rizy/planner/3d-navi/3d-navi-ros2_v1/install/multi_map_server/share/multi_map_server/environment/path.dsv
-- Up-to-date symlink: /home/rizy/planner/3d-navi/3d-navi-ros2_v1/install/multi_map_server/share/multi_map_server/local_setup.bash
-- Up-to-date symlink: /home/rizy/planner/3d-navi/3d-navi-ros2_v1/install/multi_map_server/share/multi_map_server/local_setup.sh
-- Up-to-date symlink: /home/rizy/planner/3d-navi/3d-navi-ros2_v1/install/multi_map_server/share/multi_map_server/local_setup.zsh
-- Up-to-date symlink: /home/rizy/planner/3d-navi/3d-navi-ros2_v1/install/multi_map_server/share/multi_map_server/local_setup.dsv
-- Symlinking: /home/rizy/planner/3d-navi/3d-navi-ros2_v1/install/multi_map_server/share/multi_map_server/package.dsv
-- Up-to-date symlink: /home/rizy/planner/3d-navi/3d-navi-ros2_v1/install/multi_map_server/share/ament_index/resource_index/packages/multi_map_server
-- Up-to-date symlink: /home/rizy/planner/3d-navi/3d-navi-ros2_v1/install/multi_map_server/share/multi_map_server/cmake/rosidl_cmake-extras.cmake
-- Up-to-date symlink: /home/rizy/planner/3d-navi/3d-navi-ros2_v1/install/multi_map_server/share/multi_map_server/cmake/ament_cmake_export_dependencies-extras.cmake
-- Up-to-date symlink: /home/rizy/planner/3d-navi/3d-navi-ros2_v1/install/multi_map_server/share/multi_map_server/cmake/ament_cmake_export_include_directories-extras.cmake
-- Up-to-date symlink: /home/rizy/planner/3d-navi/3d-navi-ros2_v1/install/multi_map_server/share/multi_map_server/cmake/ament_cmake_export_libraries-extras.cmake
-- Up-to-date symlink: /home/rizy/planner/3d-navi/3d-navi-ros2_v1/install/multi_map_server/share/multi_map_server/cmake/ament_cmake_export_targets-extras.cmake
-- Up-to-date symlink: /home/rizy/planner/3d-navi/3d-navi-ros2_v1/install/multi_map_server/share/multi_map_server/cmake/rosidl_cmake_export_typesupport_targets-extras.cmake
-- Up-to-date symlink: /home/rizy/planner/3d-navi/3d-navi-ros2_v1/install/multi_map_server/share/multi_map_server/cmake/rosidl_cmake_export_typesupport_libraries-extras.cmake
-- Up-to-date symlink: /home/rizy/planner/3d-navi/3d-navi-ros2_v1/install/multi_map_server/share/multi_map_server/cmake/multi_map_serverConfig.cmake
-- Up-to-date symlink: /home/rizy/planner/3d-navi/3d-navi-ros2_v1/install/multi_map_server/share/multi_map_server/cmake/multi_map_serverConfig-version.cmake
-- Up-to-date symlink: /home/rizy/planner/3d-navi/3d-navi-ros2_v1/install/multi_map_server/share/multi_map_server/package.xml
-- Up-to-date: /home/rizy/planner/3d-navi/3d-navi-ros2_v1/install/multi_map_server/lib/libmulti_map_server__rosidl_generator_c.so
-- Up-to-date: /home/rizy/planner/3d-navi/3d-navi-ros2_v1/install/multi_map_server/lib/libmulti_map_server__rosidl_typesupport_fastrtps_c.so
-- Up-to-date: /home/rizy/planner/3d-navi/3d-navi-ros2_v1/install/multi_map_server/lib/libmulti_map_server__rosidl_typesupport_fastrtps_cpp.so
-- Up-to-date: /home/rizy/planner/3d-navi/3d-navi-ros2_v1/install/multi_map_server/lib/libmulti_map_server__rosidl_typesupport_introspection_c.so
-- Up-to-date: /home/rizy/planner/3d-navi/3d-navi-ros2_v1/install/multi_map_server/lib/libmulti_map_server__rosidl_typesupport_c.so
-- Up-to-date: /home/rizy/planner/3d-navi/3d-navi-ros2_v1/install/multi_map_server/lib/libmulti_map_server__rosidl_typesupport_introspection_cpp.so
-- Up-to-date: /home/rizy/planner/3d-navi/3d-navi-ros2_v1/install/multi_map_server/lib/libmulti_map_server__rosidl_typesupport_cpp.so
Listing '/home/rizy/planner/3d-navi/3d-navi-ros2_v1/install/multi_map_server/local/lib/python3.10/dist-packages/multi_map_server'...
Compiling '/home/rizy/planner/3d-navi/3d-navi-ros2_v1/install/multi_map_server/local/lib/python3.10/dist-packages/multi_map_server/__init__.py'...
Listing '/home/rizy/planner/3d-navi/3d-navi-ros2_v1/install/multi_map_server/local/lib/python3.10/dist-packages/multi_map_server/msg'...
-- Up-to-date: /home/rizy/planner/3d-navi/3d-navi-ros2_v1/install/multi_map_server/lib/libmulti_map_server__rosidl_generator_py.so
-- Up-to-date: /home/rizy/planner/3d-navi/3d-navi-ros2_v1/install/multi_map_server/share/multi_map_server/cmake/export_multi_map_server__rosidl_generator_cExport.cmake
-- Up-to-date: /home/rizy/planner/3d-navi/3d-navi-ros2_v1/install/multi_map_server/share/multi_map_server/cmake/export_multi_map_server__rosidl_generator_cExport-release.cmake
-- Up-to-date: /home/rizy/planner/3d-navi/3d-navi-ros2_v1/install/multi_map_server/share/multi_map_server/cmake/export_multi_map_server__rosidl_typesupport_fastrtps_cExport.cmake
-- Up-to-date: /home/rizy/planner/3d-navi/3d-navi-ros2_v1/install/multi_map_server/share/multi_map_server/cmake/export_multi_map_server__rosidl_typesupport_fastrtps_cExport-release.cmake
-- Up-to-date: /home/rizy/planner/3d-navi/3d-navi-ros2_v1/install/multi_map_server/share/multi_map_server/cmake/export_multi_map_server__rosidl_generator_cppExport.cmake
-- Up-to-date: /home/rizy/planner/3d-navi/3d-navi-ros2_v1/install/multi_map_server/share/multi_map_server/cmake/export_multi_map_server__rosidl_typesupport_fastrtps_cppExport.cmake
-- Up-to-date: /home/rizy/planner/3d-navi/3d-navi-ros2_v1/install/multi_map_server/share/multi_map_server/cmake/export_multi_map_server__rosidl_typesupport_fastrtps_cppExport-release.cmake
-- Up-to-date: /home/rizy/planner/3d-navi/3d-navi-ros2_v1/install/multi_map_server/share/multi_map_server/cmake/multi_map_server__rosidl_typesupport_introspection_cExport.cmake
-- Up-to-date: /home/rizy/planner/3d-navi/3d-navi-ros2_v1/install/multi_map_server/share/multi_map_server/cmake/multi_map_server__rosidl_typesupport_introspection_cExport-release.cmake
-- Up-to-date: /home/rizy/planner/3d-navi/3d-navi-ros2_v1/install/multi_map_server/share/multi_map_server/cmake/multi_map_server__rosidl_typesupport_cExport.cmake
-- Up-to-date: /home/rizy/planner/3d-navi/3d-navi-ros2_v1/install/multi_map_server/share/multi_map_server/cmake/multi_map_server__rosidl_typesupport_cExport-release.cmake
-- Up-to-date: /home/rizy/planner/3d-navi/3d-navi-ros2_v1/install/multi_map_server/share/multi_map_server/cmake/multi_map_server__rosidl_typesupport_introspection_cppExport.cmake
-- Up-to-date: /home/rizy/planner/3d-navi/3d-navi-ros2_v1/install/multi_map_server/share/multi_map_server/cmake/multi_map_server__rosidl_typesupport_introspection_cppExport-release.cmake
-- Up-to-date: /home/rizy/planner/3d-navi/3d-navi-ros2_v1/install/multi_map_server/share/multi_map_server/cmake/multi_map_server__rosidl_typesupport_cppExport.cmake
-- Up-to-date: /home/rizy/planner/3d-navi/3d-navi-ros2_v1/install/multi_map_server/share/multi_map_server/cmake/multi_map_server__rosidl_typesupport_cppExport-release.cmake
-- Up-to-date: /home/rizy/planner/3d-navi/3d-navi-ros2_v1/install/multi_map_server/share/multi_map_server/cmake/export_multi_map_server__rosidl_generator_pyExport.cmake
-- Up-to-date: /home/rizy/planner/3d-navi/3d-navi-ros2_v1/install/multi_map_server/share/multi_map_server/cmake/export_multi_map_server__rosidl_generator_pyExport-release.cmake
