[0.017s] Invoking command in '/home/rizy/planner/3d-navi/3d-navi-ros2_v1/build/multi_map_server': AMENT_PREFIX_PATH=/home/rizy/planner/3d-navi/3d-navi-ros2_v1/install/quadrotor_msgs:/home/rizy/planner/3d-navi/3d-navi-ros2_v1/install/pose_utils:${AMENT_PREFIX_PATH} CMAKE_PREFIX_PATH=/home/rizy/planner/3d-navi/3d-navi-ros2_v1/install/quadrotor_msgs:/home/rizy/planner/3d-navi/3d-navi-ros2_v1/install/pose_utils:/opt/ros/humble CONDA_PROMPT_MODIFIER=(myenv) LD_LIBRARY_PATH=/home/rizy/planner/3d-navi/3d-navi-ros2_v1/install/quadrotor_msgs/lib:/home/rizy/planner/3d-navi/3d-navi-ros2_v1/install/pose_utils/lib:${LD_LIBRARY_PATH} PYTHONPATH=/home/rizy/planner/3d-navi/3d-navi-ros2_v1/install/quadrotor_msgs/local/lib/python3.10/dist-packages:/home/rizy/planner/3d-navi/3d-navi-ros2_v1/install/quadrotor_msgs/lib/python3.10/site-packages:${PYTHONPATH} /usr/bin/cmake /home/rizy/planner/3d-navi/3d-navi-ros2_v1/src/uav_simulator/Utils/multi_map_server -DAMENT_CMAKE_SYMLINK_INSTALL=1 -DCMAKE_INSTALL_PREFIX=/home/rizy/planner/3d-navi/3d-navi-ros2_v1/install/multi_map_server
[0.035s] -- Found ament_cmake: 1.3.12 (/opt/ros/humble/share/ament_cmake/cmake)
[0.135s] -- Override CMake install command with custom implementation using symlinks instead of copying resources
[0.139s] -- Found rclcpp: 16.0.16 (/opt/ros/humble/share/rclcpp/cmake)
[0.158s] -- Found rosidl_generator_c: 3.1.7 (/opt/ros/humble/share/rosidl_generator_c/cmake)
[0.159s] -- Found rosidl_adapter: 3.1.7 (/opt/ros/humble/share/rosidl_adapter/cmake)
[0.163s] -- Found rosidl_generator_cpp: 3.1.7 (/opt/ros/humble/share/rosidl_generator_cpp/cmake)
[0.169s] -- Using all available rosidl_typesupport_c: rosidl_typesupport_fastrtps_c;rosidl_typesupport_introspection_c
[0.176s] -- Using all available rosidl_typesupport_cpp: rosidl_typesupport_fastrtps_cpp;rosidl_typesupport_introspection_cpp
[0.192s] -- Found rmw_implementation_cmake: 6.1.2 (/opt/ros/humble/share/rmw_implementation_cmake/cmake)
[0.193s] -- Found rmw_cyclonedds_cpp: 1.3.4 (/opt/ros/humble/share/rmw_cyclonedds_cpp/cmake)
[0.203s] -- Using RMW implementation 'rmw_cyclonedds_cpp' as default
[0.237s] -- Found geometry_msgs: 4.9.0 (/opt/ros/humble/share/geometry_msgs/cmake)
[0.246s] -- Found visualization_msgs: 4.9.0 (/opt/ros/humble/share/visualization_msgs/cmake)
[0.277s] -- Found nav_msgs: 4.9.0 (/opt/ros/humble/share/nav_msgs/cmake)
[0.292s] -- Found pose_utils: 0.0.0 (/home/rizy/planner/3d-navi/3d-navi-ros2_v1/install/pose_utils/share/pose_utils/cmake)
[0.293s] -- Found tf2: 0.25.17 (/opt/ros/humble/share/tf2/cmake)
[0.295s] -- Found tf2_geometry_msgs: 0.25.17 (/opt/ros/humble/share/tf2_geometry_msgs/cmake)
[0.298s] -- Found eigen3_cmake_module: 0.1.1 (/opt/ros/humble/share/eigen3_cmake_module/cmake)
[0.298s] -- Ensuring Eigen3 include directory is part of orocos-kdl CMake target
[0.347s] -- Found quadrotor_msgs: 0.0.0 (/home/rizy/planner/3d-navi/3d-navi-ros2_v1/install/quadrotor_msgs/share/quadrotor_msgs/cmake)
[0.362s] -- Found laser_geometry: 2.4.1 (/opt/ros/humble/share/laser_geometry/cmake)
[0.365s] -- Found rosidl_default_generators: 1.2.0 (/opt/ros/humble/share/rosidl_default_generators/cmake)
[0.622s] -- Found ament_cmake_ros: 0.10.0 (/opt/ros/humble/share/ament_cmake_ros/cmake)
[0.948s] -- Using all available rosidl_typesupport_c: rosidl_typesupport_fastrtps_c;rosidl_typesupport_introspection_c
[1.085s] -- Using all available rosidl_typesupport_cpp: rosidl_typesupport_fastrtps_cpp;rosidl_typesupport_introspection_cpp
[1.098s] -- Found python_cmake_module: 0.10.0 (/opt/ros/humble/share/python_cmake_module/cmake)
[1.109s] -- Using PYTHON_EXECUTABLE: /home/rizy/anaconda3/envs/myenv/bin/python3
[1.109s] -- Using PYTHON_INCLUDE_DIRS: /home/rizy/anaconda3/envs/myenv/include/python3.10
[1.109s] -- Using PYTHON_LIBRARIES: /home/rizy/anaconda3/envs/myenv/lib/libpython3.10.so
[1.242s] -- Using numpy include directory: /home/rizy/.local/lib/python3.10/site-packages/numpy/core/include
[1.251s] -- Found ament_lint_auto: 0.12.14 (/opt/ros/humble/share/ament_lint_auto/cmake)
[1.258s] -- Added test 'cppcheck' to perform static code analysis on C / C++ code
[1.258s] -- Configured cppcheck include dirs: /home/rizy/planner/3d-navi/3d-navi-ros2_v1/src/uav_simulator/Utils/multi_map_server/include
[1.258s] -- Configured cppcheck exclude dirs and/or files: 
[1.258s] -- Added test 'lint_cmake' to check CMake code style
[1.259s] -- Added test 'uncrustify' to check C / C++ code style
[1.259s] -- Configured uncrustify additional arguments: 
[1.259s] -- Added test 'xmllint' to check XML markup files
[1.261s] -- Configuring done
[1.291s] [33mCMake Warning at /opt/ros/humble/share/rosidl_generator_py/cmake/rosidl_generator_py_generate_interfaces.cmake:166 (add_library):
[1.292s]   Cannot generate a safe runtime search path for target
[1.292s]   multi_map_server__rosidl_generator_py because files in some directories may
[1.292s]   conflict with libraries in implicit directories:
[1.292s] 
[1.292s]     runtime library [libpython3.10.so.1.0] in /usr/lib/x86_64-linux-gnu may be hidden by files in:
[1.292s]       /home/rizy/anaconda3/envs/myenv/lib
[1.292s] 
[1.292s]   Some of these libraries may not be found correctly.
[1.292s] Call Stack (most recent call first):
[1.292s]   /opt/ros/humble/share/ament_cmake_core/cmake/core/ament_execute_extensions.cmake:48 (include)
[1.292s]   /opt/ros/humble/share/rosidl_cmake/cmake/rosidl_generate_interfaces.cmake:286 (ament_execute_extensions)
[1.292s]   CMakeLists.txt:31 (rosidl_generate_interfaces)
[1.292s] 
[1.292s] [0m
[1.294s] [33mCMake Warning at /opt/ros/humble/share/rosidl_generator_py/cmake/rosidl_generator_py_generate_interfaces.cmake:226 (add_library):
[1.294s]   Cannot generate a safe runtime search path for target
[1.294s]   multi_map_server__rosidl_typesupport_fastrtps_c__pyext because files in
[1.294s]   some directories may conflict with libraries in implicit directories:
[1.294s] 
[1.294s]     runtime library [libpython3.10.so.1.0] in /usr/lib/x86_64-linux-gnu may be hidden by files in:
[1.294s]       /home/rizy/anaconda3/envs/myenv/lib
[1.294s] 
[1.294s]   Some of these libraries may not be found correctly.
[1.294s] Call Stack (most recent call first):
[1.295s]   /opt/ros/humble/share/ament_cmake_core/cmake/core/ament_execute_extensions.cmake:48 (include)
[1.295s]   /opt/ros/humble/share/rosidl_cmake/cmake/rosidl_generate_interfaces.cmake:286 (ament_execute_extensions)
[1.295s]   CMakeLists.txt:31 (rosidl_generate_interfaces)
[1.295s] 
[1.295s] [0m
[1.296s] [33mCMake Warning at /opt/ros/humble/share/rosidl_generator_py/cmake/rosidl_generator_py_generate_interfaces.cmake:226 (add_library):
[1.296s]   Cannot generate a safe runtime search path for target
[1.296s]   multi_map_server__rosidl_typesupport_introspection_c__pyext because files
[1.296s]   in some directories may conflict with libraries in implicit directories:
[1.296s] 
[1.296s]     runtime library [libpython3.10.so.1.0] in /usr/lib/x86_64-linux-gnu may be hidden by files in:
[1.296s]       /home/rizy/anaconda3/envs/myenv/lib
[1.296s] 
[1.296s]   Some of these libraries may not be found correctly.
[1.296s] Call Stack (most recent call first):
[1.296s]   /opt/ros/humble/share/ament_cmake_core/cmake/core/ament_execute_extensions.cmake:48 (include)
[1.296s]   /opt/ros/humble/share/rosidl_cmake/cmake/rosidl_generate_interfaces.cmake:286 (ament_execute_extensions)
[1.296s]   CMakeLists.txt:31 (rosidl_generate_interfaces)
[1.297s] 
[1.297s] [0m
[1.299s] [33mCMake Warning at /opt/ros/humble/share/rosidl_generator_py/cmake/rosidl_generator_py_generate_interfaces.cmake:226 (add_library):
[1.299s]   Cannot generate a safe runtime search path for target
[1.299s]   multi_map_server__rosidl_typesupport_c__pyext because files in some
[1.299s]   directories may conflict with libraries in implicit directories:
[1.299s] 
[1.299s]     runtime library [libpython3.10.so.1.0] in /usr/lib/x86_64-linux-gnu may be hidden by files in:
[1.299s]       /home/rizy/anaconda3/envs/myenv/lib
[1.299s] 
[1.299s]   Some of these libraries may not be found correctly.
[1.299s] Call Stack (most recent call first):
[1.299s]   /opt/ros/humble/share/ament_cmake_core/cmake/core/ament_execute_extensions.cmake:48 (include)
[1.299s]   /opt/ros/humble/share/rosidl_cmake/cmake/rosidl_generate_interfaces.cmake:286 (ament_execute_extensions)
[1.299s]   CMakeLists.txt:31 (rosidl_generate_interfaces)
[1.299s] 
[1.299s] [0m
[1.305s] -- Generating done
[1.316s] -- Build files have been written to: /home/rizy/planner/3d-navi/3d-navi-ros2_v1/build/multi_map_server
[1.327s] Invoked command in '/home/rizy/planner/3d-navi/3d-navi-ros2_v1/build/multi_map_server' returned '0': AMENT_PREFIX_PATH=/home/rizy/planner/3d-navi/3d-navi-ros2_v1/install/quadrotor_msgs:/home/rizy/planner/3d-navi/3d-navi-ros2_v1/install/pose_utils:${AMENT_PREFIX_PATH} CMAKE_PREFIX_PATH=/home/rizy/planner/3d-navi/3d-navi-ros2_v1/install/quadrotor_msgs:/home/rizy/planner/3d-navi/3d-navi-ros2_v1/install/pose_utils:/opt/ros/humble CONDA_PROMPT_MODIFIER=(myenv) LD_LIBRARY_PATH=/home/rizy/planner/3d-navi/3d-navi-ros2_v1/install/quadrotor_msgs/lib:/home/rizy/planner/3d-navi/3d-navi-ros2_v1/install/pose_utils/lib:${LD_LIBRARY_PATH} PYTHONPATH=/home/rizy/planner/3d-navi/3d-navi-ros2_v1/install/quadrotor_msgs/local/lib/python3.10/dist-packages:/home/rizy/planner/3d-navi/3d-navi-ros2_v1/install/quadrotor_msgs/lib/python3.10/site-packages:${PYTHONPATH} /usr/bin/cmake /home/rizy/planner/3d-navi/3d-navi-ros2_v1/src/uav_simulator/Utils/multi_map_server -DAMENT_CMAKE_SYMLINK_INSTALL=1 -DCMAKE_INSTALL_PREFIX=/home/rizy/planner/3d-navi/3d-navi-ros2_v1/install/multi_map_server
[1.328s] Invoking command in '/home/rizy/planner/3d-navi/3d-navi-ros2_v1/build/multi_map_server': AMENT_PREFIX_PATH=/home/rizy/planner/3d-navi/3d-navi-ros2_v1/install/quadrotor_msgs:/home/rizy/planner/3d-navi/3d-navi-ros2_v1/install/pose_utils:${AMENT_PREFIX_PATH} CMAKE_PREFIX_PATH=/home/rizy/planner/3d-navi/3d-navi-ros2_v1/install/quadrotor_msgs:/home/rizy/planner/3d-navi/3d-navi-ros2_v1/install/pose_utils:/opt/ros/humble CONDA_PROMPT_MODIFIER=(myenv) LD_LIBRARY_PATH=/home/rizy/planner/3d-navi/3d-navi-ros2_v1/install/quadrotor_msgs/lib:/home/rizy/planner/3d-navi/3d-navi-ros2_v1/install/pose_utils/lib:${LD_LIBRARY_PATH} PYTHONPATH=/home/rizy/planner/3d-navi/3d-navi-ros2_v1/install/quadrotor_msgs/local/lib/python3.10/dist-packages:/home/rizy/planner/3d-navi/3d-navi-ros2_v1/install/quadrotor_msgs/lib/python3.10/site-packages:${PYTHONPATH} /usr/bin/cmake --build /home/rizy/planner/3d-navi/3d-navi-ros2_v1/build/multi_map_server -- -j32 -l32
[1.367s] [35m[1mConsolidate compiler generated dependencies of target multi_map_server__rosidl_generator_c[0m
[1.374s] [  1%] Built target multi_map_server__cpp
[1.383s] [  1%] Built target ament_cmake_python_symlink_multi_map_server
[1.386s] [35m[1mConsolidate compiler generated dependencies of target multi_map_server__rosidl_typesupport_fastrtps_cpp[0m
[1.386s] [ 12%] Built target multi_map_server__rosidl_generator_c
[1.387s] [35m[1mConsolidate compiler generated dependencies of target multi_map_server__rosidl_typesupport_introspection_cpp[0m
[1.390s] [35m[1mConsolidate compiler generated dependencies of target multi_map_server__rosidl_typesupport_cpp[0m
[1.395s] [35m[1mConsolidate compiler generated dependencies of target multi_map_server__rosidl_typesupport_introspection_c[0m
[1.395s] [35m[1mConsolidate compiler generated dependencies of target multi_map_server__rosidl_typesupport_c[0m
[1.395s] [35m[1mConsolidate compiler generated dependencies of target multi_map_server__rosidl_typesupport_fastrtps_c[0m
[1.398s] [ 33%] Built target multi_map_server__rosidl_typesupport_fastrtps_cpp
[1.398s] [ 33%] Built target multi_map_server__rosidl_typesupport_introspection_cpp
[1.401s] [ 43%] Built target multi_map_server__rosidl_typesupport_cpp
[1.403s] [ 54%] Built target multi_map_server__rosidl_typesupport_c
[1.404s] [ 64%] Built target multi_map_server__rosidl_typesupport_introspection_c
[1.407s] [ 75%] Built target multi_map_server__rosidl_typesupport_fastrtps_c
[1.409s] [35m[1mConsolidate compiler generated dependencies of target multi_map_visualization[0m
[1.421s] [ 75%] Built target multi_map_server
[1.427s] [ 78%] Built target multi_map_visualization
[1.437s] [ 80%] Built target multi_map_server__py
[1.445s] [35m[1mConsolidate compiler generated dependencies of target multi_map_server__rosidl_generator_py[0m
[1.457s] [ 89%] Built target multi_map_server__rosidl_generator_py
[1.466s] [35m[1mConsolidate compiler generated dependencies of target multi_map_server__rosidl_typesupport_introspection_c__pyext[0m
[1.466s] [35m[1mConsolidate compiler generated dependencies of target multi_map_server__rosidl_typesupport_fastrtps_c__pyext[0m
[1.466s] [35m[1mConsolidate compiler generated dependencies of target multi_map_server__rosidl_typesupport_c__pyext[0m
[1.484s] [ 92%] Built target multi_map_server__rosidl_typesupport_introspection_c__pyext
[1.484s] [ 96%] Built target multi_map_server__rosidl_typesupport_c__pyext
[1.485s] [100%] Built target multi_map_server__rosidl_typesupport_fastrtps_c__pyext
[1.507s] running egg_info
[1.515s] writing multi_map_server.egg-info/PKG-INFO
[1.515s] writing dependency_links to multi_map_server.egg-info/dependency_links.txt
[1.515s] writing top-level names to multi_map_server.egg-info/top_level.txt
[1.536s] reading manifest file 'multi_map_server.egg-info/SOURCES.txt'
[1.537s] writing manifest file 'multi_map_server.egg-info/SOURCES.txt'
[1.555s] [100%] Built target ament_cmake_python_build_multi_map_server_egg
[1.566s] Invoked command in '/home/rizy/planner/3d-navi/3d-navi-ros2_v1/build/multi_map_server' returned '0': AMENT_PREFIX_PATH=/home/rizy/planner/3d-navi/3d-navi-ros2_v1/install/quadrotor_msgs:/home/rizy/planner/3d-navi/3d-navi-ros2_v1/install/pose_utils:${AMENT_PREFIX_PATH} CMAKE_PREFIX_PATH=/home/rizy/planner/3d-navi/3d-navi-ros2_v1/install/quadrotor_msgs:/home/rizy/planner/3d-navi/3d-navi-ros2_v1/install/pose_utils:/opt/ros/humble CONDA_PROMPT_MODIFIER=(myenv) LD_LIBRARY_PATH=/home/rizy/planner/3d-navi/3d-navi-ros2_v1/install/quadrotor_msgs/lib:/home/rizy/planner/3d-navi/3d-navi-ros2_v1/install/pose_utils/lib:${LD_LIBRARY_PATH} PYTHONPATH=/home/rizy/planner/3d-navi/3d-navi-ros2_v1/install/quadrotor_msgs/local/lib/python3.10/dist-packages:/home/rizy/planner/3d-navi/3d-navi-ros2_v1/install/quadrotor_msgs/lib/python3.10/site-packages:${PYTHONPATH} /usr/bin/cmake --build /home/rizy/planner/3d-navi/3d-navi-ros2_v1/build/multi_map_server -- -j32 -l32
[1.570s] Invoking command in '/home/rizy/planner/3d-navi/3d-navi-ros2_v1/build/multi_map_server': AMENT_PREFIX_PATH=/home/rizy/planner/3d-navi/3d-navi-ros2_v1/install/quadrotor_msgs:/home/rizy/planner/3d-navi/3d-navi-ros2_v1/install/pose_utils:${AMENT_PREFIX_PATH} CMAKE_PREFIX_PATH=/home/rizy/planner/3d-navi/3d-navi-ros2_v1/install/quadrotor_msgs:/home/rizy/planner/3d-navi/3d-navi-ros2_v1/install/pose_utils:/opt/ros/humble CONDA_PROMPT_MODIFIER=(myenv) LD_LIBRARY_PATH=/home/rizy/planner/3d-navi/3d-navi-ros2_v1/install/quadrotor_msgs/lib:/home/rizy/planner/3d-navi/3d-navi-ros2_v1/install/pose_utils/lib:${LD_LIBRARY_PATH} PYTHONPATH=/home/rizy/planner/3d-navi/3d-navi-ros2_v1/install/quadrotor_msgs/local/lib/python3.10/dist-packages:/home/rizy/planner/3d-navi/3d-navi-ros2_v1/install/quadrotor_msgs/lib/python3.10/site-packages:${PYTHONPATH} /usr/bin/cmake --install /home/rizy/planner/3d-navi/3d-navi-ros2_v1/build/multi_map_server
[1.575s] -- Install configuration: "Release"
[1.575s] -- Execute custom install script
[1.575s] -- Up-to-date symlink: /home/rizy/planner/3d-navi/3d-navi-ros2_v1/install/multi_map_server/share/ament_index/resource_index/rosidl_interfaces/multi_map_server
[1.576s] -- Up-to-date symlink: /home/rizy/planner/3d-navi/3d-navi-ros2_v1/install/multi_map_server/include/multi_map_server/multi_map_server/msg/detail/multi_occupancy_grid__functions.h
[1.576s] -- Up-to-date symlink: /home/rizy/planner/3d-navi/3d-navi-ros2_v1/install/multi_map_server/include/multi_map_server/multi_map_server/msg/detail/multi_occupancy_grid__struct.h
[1.577s] -- Up-to-date symlink: /home/rizy/planner/3d-navi/3d-navi-ros2_v1/install/multi_map_server/include/multi_map_server/multi_map_server/msg/detail/multi_occupancy_grid__type_support.h
[1.577s] -- Up-to-date symlink: /home/rizy/planner/3d-navi/3d-navi-ros2_v1/install/multi_map_server/include/multi_map_server/multi_map_server/msg/detail/multi_sparse_map3_d__functions.h
[1.577s] -- Up-to-date symlink: /home/rizy/planner/3d-navi/3d-navi-ros2_v1/install/multi_map_server/include/multi_map_server/multi_map_server/msg/detail/multi_sparse_map3_d__struct.h
[1.577s] -- Up-to-date symlink: /home/rizy/planner/3d-navi/3d-navi-ros2_v1/install/multi_map_server/include/multi_map_server/multi_map_server/msg/detail/multi_sparse_map3_d__type_support.h
[1.577s] -- Up-to-date symlink: /home/rizy/planner/3d-navi/3d-navi-ros2_v1/install/multi_map_server/include/multi_map_server/multi_map_server/msg/detail/sparse_map3_d__functions.h
[1.577s] -- Up-to-date symlink: /home/rizy/planner/3d-navi/3d-navi-ros2_v1/install/multi_map_server/include/multi_map_server/multi_map_server/msg/detail/sparse_map3_d__struct.h
[1.577s] -- Up-to-date symlink: /home/rizy/planner/3d-navi/3d-navi-ros2_v1/install/multi_map_server/include/multi_map_server/multi_map_server/msg/detail/sparse_map3_d__type_support.h
[1.577s] -- Up-to-date symlink: /home/rizy/planner/3d-navi/3d-navi-ros2_v1/install/multi_map_server/include/multi_map_server/multi_map_server/msg/detail/vertical_occupancy_grid_list__functions.h
[1.577s] -- Up-to-date symlink: /home/rizy/planner/3d-navi/3d-navi-ros2_v1/install/multi_map_server/include/multi_map_server/multi_map_server/msg/detail/vertical_occupancy_grid_list__struct.h
[1.578s] -- Up-to-date symlink: /home/rizy/planner/3d-navi/3d-navi-ros2_v1/install/multi_map_server/include/multi_map_server/multi_map_server/msg/detail/vertical_occupancy_grid_list__type_support.h
[1.578s] -- Up-to-date symlink: /home/rizy/planner/3d-navi/3d-navi-ros2_v1/install/multi_map_server/include/multi_map_server/multi_map_server/msg/multi_occupancy_grid.h
[1.578s] -- Up-to-date symlink: /home/rizy/planner/3d-navi/3d-navi-ros2_v1/install/multi_map_server/include/multi_map_server/multi_map_server/msg/multi_sparse_map3_d.h
[1.578s] -- Up-to-date symlink: /home/rizy/planner/3d-navi/3d-navi-ros2_v1/install/multi_map_server/include/multi_map_server/multi_map_server/msg/rosidl_generator_c__visibility_control.h
[1.578s] -- Up-to-date symlink: /home/rizy/planner/3d-navi/3d-navi-ros2_v1/install/multi_map_server/include/multi_map_server/multi_map_server/msg/sparse_map3_d.h
[1.578s] -- Up-to-date symlink: /home/rizy/planner/3d-navi/3d-navi-ros2_v1/install/multi_map_server/include/multi_map_server/multi_map_server/msg/vertical_occupancy_grid_list.h
[1.578s] -- Up-to-date symlink: /home/rizy/planner/3d-navi/3d-navi-ros2_v1/install/multi_map_server/share/multi_map_server/environment/library_path.sh
[1.578s] -- Up-to-date symlink: /home/rizy/planner/3d-navi/3d-navi-ros2_v1/install/multi_map_server/share/multi_map_server/environment/library_path.dsv
[1.579s] -- Up-to-date symlink: /home/rizy/planner/3d-navi/3d-navi-ros2_v1/install/multi_map_server/include/multi_map_server/multi_map_server/msg/detail/multi_occupancy_grid__rosidl_typesupport_fastrtps_c.h
[1.579s] -- Up-to-date symlink: /home/rizy/planner/3d-navi/3d-navi-ros2_v1/install/multi_map_server/include/multi_map_server/multi_map_server/msg/detail/multi_sparse_map3_d__rosidl_typesupport_fastrtps_c.h
[1.579s] -- Up-to-date symlink: /home/rizy/planner/3d-navi/3d-navi-ros2_v1/install/multi_map_server/include/multi_map_server/multi_map_server/msg/detail/sparse_map3_d__rosidl_typesupport_fastrtps_c.h
[1.579s] -- Up-to-date symlink: /home/rizy/planner/3d-navi/3d-navi-ros2_v1/install/multi_map_server/include/multi_map_server/multi_map_server/msg/detail/vertical_occupancy_grid_list__rosidl_typesupport_fastrtps_c.h
[1.579s] -- Up-to-date symlink: /home/rizy/planner/3d-navi/3d-navi-ros2_v1/install/multi_map_server/include/multi_map_server/multi_map_server/msg/rosidl_typesupport_fastrtps_c__visibility_control.h
[1.579s] -- Up-to-date symlink: /home/rizy/planner/3d-navi/3d-navi-ros2_v1/install/multi_map_server/include/multi_map_server/multi_map_server/msg/detail/multi_occupancy_grid__builder.hpp
[1.579s] -- Up-to-date symlink: /home/rizy/planner/3d-navi/3d-navi-ros2_v1/install/multi_map_server/include/multi_map_server/multi_map_server/msg/detail/multi_occupancy_grid__struct.hpp
[1.579s] -- Up-to-date symlink: /home/rizy/planner/3d-navi/3d-navi-ros2_v1/install/multi_map_server/include/multi_map_server/multi_map_server/msg/detail/multi_occupancy_grid__traits.hpp
[1.579s] -- Up-to-date symlink: /home/rizy/planner/3d-navi/3d-navi-ros2_v1/install/multi_map_server/include/multi_map_server/multi_map_server/msg/detail/multi_occupancy_grid__type_support.hpp
[1.580s] -- Up-to-date symlink: /home/rizy/planner/3d-navi/3d-navi-ros2_v1/install/multi_map_server/include/multi_map_server/multi_map_server/msg/detail/multi_sparse_map3_d__builder.hpp
[1.580s] -- Up-to-date symlink: /home/rizy/planner/3d-navi/3d-navi-ros2_v1/install/multi_map_server/include/multi_map_server/multi_map_server/msg/detail/multi_sparse_map3_d__struct.hpp
[1.580s] -- Up-to-date symlink: /home/rizy/planner/3d-navi/3d-navi-ros2_v1/install/multi_map_server/include/multi_map_server/multi_map_server/msg/detail/multi_sparse_map3_d__traits.hpp
[1.580s] -- Up-to-date symlink: /home/rizy/planner/3d-navi/3d-navi-ros2_v1/install/multi_map_server/include/multi_map_server/multi_map_server/msg/detail/multi_sparse_map3_d__type_support.hpp
[1.580s] -- Up-to-date symlink: /home/rizy/planner/3d-navi/3d-navi-ros2_v1/install/multi_map_server/include/multi_map_server/multi_map_server/msg/detail/sparse_map3_d__builder.hpp
[1.580s] -- Up-to-date symlink: /home/rizy/planner/3d-navi/3d-navi-ros2_v1/install/multi_map_server/include/multi_map_server/multi_map_server/msg/detail/sparse_map3_d__struct.hpp
[1.580s] -- Up-to-date symlink: /home/rizy/planner/3d-navi/3d-navi-ros2_v1/install/multi_map_server/include/multi_map_server/multi_map_server/msg/detail/sparse_map3_d__traits.hpp
[1.580s] -- Up-to-date symlink: /home/rizy/planner/3d-navi/3d-navi-ros2_v1/install/multi_map_server/include/multi_map_server/multi_map_server/msg/detail/sparse_map3_d__type_support.hpp
[1.580s] -- Up-to-date symlink: /home/rizy/planner/3d-navi/3d-navi-ros2_v1/install/multi_map_server/include/multi_map_server/multi_map_server/msg/detail/vertical_occupancy_grid_list__builder.hpp
[1.580s] -- Up-to-date symlink: /home/rizy/planner/3d-navi/3d-navi-ros2_v1/install/multi_map_server/include/multi_map_server/multi_map_server/msg/detail/vertical_occupancy_grid_list__struct.hpp
[1.580s] -- Up-to-date symlink: /home/rizy/planner/3d-navi/3d-navi-ros2_v1/install/multi_map_server/include/multi_map_server/multi_map_server/msg/detail/vertical_occupancy_grid_list__traits.hpp
[1.580s] -- Up-to-date symlink: /home/rizy/planner/3d-navi/3d-navi-ros2_v1/install/multi_map_server/include/multi_map_server/multi_map_server/msg/detail/vertical_occupancy_grid_list__type_support.hpp
[1.580s] -- Up-to-date symlink: /home/rizy/planner/3d-navi/3d-navi-ros2_v1/install/multi_map_server/include/multi_map_server/multi_map_server/msg/multi_occupancy_grid.hpp
[1.580s] -- Up-to-date symlink: /home/rizy/planner/3d-navi/3d-navi-ros2_v1/install/multi_map_server/include/multi_map_server/multi_map_server/msg/multi_sparse_map3_d.hpp
[1.580s] -- Up-to-date symlink: /home/rizy/planner/3d-navi/3d-navi-ros2_v1/install/multi_map_server/include/multi_map_server/multi_map_server/msg/rosidl_generator_cpp__visibility_control.hpp
[1.580s] -- Up-to-date symlink: /home/rizy/planner/3d-navi/3d-navi-ros2_v1/install/multi_map_server/include/multi_map_server/multi_map_server/msg/sparse_map3_d.hpp
[1.581s] -- Up-to-date symlink: /home/rizy/planner/3d-navi/3d-navi-ros2_v1/install/multi_map_server/include/multi_map_server/multi_map_server/msg/vertical_occupancy_grid_list.hpp
[1.581s] -- Up-to-date symlink: /home/rizy/planner/3d-navi/3d-navi-ros2_v1/install/multi_map_server/include/multi_map_server/multi_map_server/msg/detail/multi_occupancy_grid__rosidl_typesupport_fastrtps_cpp.hpp
[1.581s] -- Up-to-date symlink: /home/rizy/planner/3d-navi/3d-navi-ros2_v1/install/multi_map_server/include/multi_map_server/multi_map_server/msg/detail/multi_sparse_map3_d__rosidl_typesupport_fastrtps_cpp.hpp
[1.581s] -- Up-to-date symlink: /home/rizy/planner/3d-navi/3d-navi-ros2_v1/install/multi_map_server/include/multi_map_server/multi_map_server/msg/detail/sparse_map3_d__rosidl_typesupport_fastrtps_cpp.hpp
[1.581s] -- Up-to-date symlink: /home/rizy/planner/3d-navi/3d-navi-ros2_v1/install/multi_map_server/include/multi_map_server/multi_map_server/msg/detail/vertical_occupancy_grid_list__rosidl_typesupport_fastrtps_cpp.hpp
[1.581s] -- Up-to-date symlink: /home/rizy/planner/3d-navi/3d-navi-ros2_v1/install/multi_map_server/include/multi_map_server/multi_map_server/msg/rosidl_typesupport_fastrtps_cpp__visibility_control.h
[1.581s] -- Up-to-date symlink: /home/rizy/planner/3d-navi/3d-navi-ros2_v1/install/multi_map_server/include/multi_map_server/multi_map_server/msg/detail/multi_occupancy_grid__rosidl_typesupport_introspection_c.h
[1.581s] -- Up-to-date symlink: /home/rizy/planner/3d-navi/3d-navi-ros2_v1/install/multi_map_server/include/multi_map_server/multi_map_server/msg/detail/multi_sparse_map3_d__rosidl_typesupport_introspection_c.h
[1.581s] -- Up-to-date symlink: /home/rizy/planner/3d-navi/3d-navi-ros2_v1/install/multi_map_server/include/multi_map_server/multi_map_server/msg/detail/sparse_map3_d__rosidl_typesupport_introspection_c.h
[1.582s] -- Up-to-date symlink: /home/rizy/planner/3d-navi/3d-navi-ros2_v1/install/multi_map_server/include/multi_map_server/multi_map_server/msg/detail/vertical_occupancy_grid_list__rosidl_typesupport_introspection_c.h
[1.582s] -- Up-to-date symlink: /home/rizy/planner/3d-navi/3d-navi-ros2_v1/install/multi_map_server/include/multi_map_server/multi_map_server/msg/rosidl_typesupport_introspection_c__visibility_control.h
[1.582s] -- Up-to-date symlink: /home/rizy/planner/3d-navi/3d-navi-ros2_v1/install/multi_map_server/include/multi_map_server/multi_map_server/msg/detail/multi_occupancy_grid__rosidl_typesupport_introspection_cpp.hpp
[1.582s] -- Up-to-date symlink: /home/rizy/planner/3d-navi/3d-navi-ros2_v1/install/multi_map_server/include/multi_map_server/multi_map_server/msg/detail/multi_sparse_map3_d__rosidl_typesupport_introspection_cpp.hpp
[1.582s] -- Up-to-date symlink: /home/rizy/planner/3d-navi/3d-navi-ros2_v1/install/multi_map_server/include/multi_map_server/multi_map_server/msg/detail/sparse_map3_d__rosidl_typesupport_introspection_cpp.hpp
[1.582s] -- Up-to-date symlink: /home/rizy/planner/3d-navi/3d-navi-ros2_v1/install/multi_map_server/include/multi_map_server/multi_map_server/msg/detail/vertical_occupancy_grid_list__rosidl_typesupport_introspection_cpp.hpp
[1.582s] -- Up-to-date symlink: /home/rizy/planner/3d-navi/3d-navi-ros2_v1/install/multi_map_server/share/multi_map_server/environment/pythonpath.sh
[1.582s] -- Up-to-date symlink: /home/rizy/planner/3d-navi/3d-navi-ros2_v1/install/multi_map_server/share/multi_map_server/environment/pythonpath.dsv
[1.582s] -- Up-to-date symlink: /home/rizy/planner/3d-navi/3d-navi-ros2_v1/install/multi_map_server/local/lib/python3.10/dist-packages/multi_map_server-0.0.0-py3.10.egg-info/PKG-INFO
[1.582s] -- Up-to-date symlink: /home/rizy/planner/3d-navi/3d-navi-ros2_v1/install/multi_map_server/local/lib/python3.10/dist-packages/multi_map_server-0.0.0-py3.10.egg-info/SOURCES.txt
[1.582s] -- Up-to-date symlink: /home/rizy/planner/3d-navi/3d-navi-ros2_v1/install/multi_map_server/local/lib/python3.10/dist-packages/multi_map_server-0.0.0-py3.10.egg-info/dependency_links.txt
[1.583s] -- Up-to-date symlink: /home/rizy/planner/3d-navi/3d-navi-ros2_v1/install/multi_map_server/local/lib/python3.10/dist-packages/multi_map_server-0.0.0-py3.10.egg-info/top_level.txt
[1.583s] -- Up-to-date symlink: /home/rizy/planner/3d-navi/3d-navi-ros2_v1/install/multi_map_server/local/lib/python3.10/dist-packages/multi_map_server/__init__.py
[1.583s] -- Up-to-date symlink: /home/rizy/planner/3d-navi/3d-navi-ros2_v1/install/multi_map_server/local/lib/python3.10/dist-packages/multi_map_server/_multi_map_server_s.ep.rosidl_typesupport_c.c
[1.583s] -- Up-to-date symlink: /home/rizy/planner/3d-navi/3d-navi-ros2_v1/install/multi_map_server/local/lib/python3.10/dist-packages/multi_map_server/_multi_map_server_s.ep.rosidl_typesupport_fastrtps_c.c
[1.583s] -- Up-to-date symlink: /home/rizy/planner/3d-navi/3d-navi-ros2_v1/install/multi_map_server/local/lib/python3.10/dist-packages/multi_map_server/_multi_map_server_s.ep.rosidl_typesupport_introspection_c.c
[1.583s] -- Up-to-date symlink: /home/rizy/planner/3d-navi/3d-navi-ros2_v1/install/multi_map_server/local/lib/python3.10/dist-packages/multi_map_server/libmulti_map_server__rosidl_generator_py.so
[1.583s] -- Up-to-date symlink: /home/rizy/planner/3d-navi/3d-navi-ros2_v1/install/multi_map_server/local/lib/python3.10/dist-packages/multi_map_server/msg/__init__.py
[1.583s] -- Up-to-date symlink: /home/rizy/planner/3d-navi/3d-navi-ros2_v1/install/multi_map_server/local/lib/python3.10/dist-packages/multi_map_server/msg/_multi_occupancy_grid.py
[1.583s] -- Up-to-date symlink: /home/rizy/planner/3d-navi/3d-navi-ros2_v1/install/multi_map_server/local/lib/python3.10/dist-packages/multi_map_server/msg/_multi_occupancy_grid_s.c
[1.583s] -- Up-to-date symlink: /home/rizy/planner/3d-navi/3d-navi-ros2_v1/install/multi_map_server/local/lib/python3.10/dist-packages/multi_map_server/msg/_multi_sparse_map3_d.py
[1.584s] -- Up-to-date symlink: /home/rizy/planner/3d-navi/3d-navi-ros2_v1/install/multi_map_server/local/lib/python3.10/dist-packages/multi_map_server/msg/_multi_sparse_map3_d_s.c
[1.584s] -- Up-to-date symlink: /home/rizy/planner/3d-navi/3d-navi-ros2_v1/install/multi_map_server/local/lib/python3.10/dist-packages/multi_map_server/msg/_sparse_map3_d.py
[1.584s] -- Up-to-date symlink: /home/rizy/planner/3d-navi/3d-navi-ros2_v1/install/multi_map_server/local/lib/python3.10/dist-packages/multi_map_server/msg/_sparse_map3_d_s.c
[1.584s] -- Up-to-date symlink: /home/rizy/planner/3d-navi/3d-navi-ros2_v1/install/multi_map_server/local/lib/python3.10/dist-packages/multi_map_server/msg/_vertical_occupancy_grid_list.py
[1.584s] -- Up-to-date symlink: /home/rizy/planner/3d-navi/3d-navi-ros2_v1/install/multi_map_server/local/lib/python3.10/dist-packages/multi_map_server/msg/_vertical_occupancy_grid_list_s.c
[1.584s] -- Up-to-date symlink: /home/rizy/planner/3d-navi/3d-navi-ros2_v1/install/multi_map_server/local/lib/python3.10/dist-packages/multi_map_server/multi_map_server_s__rosidl_typesupport_c.cpython-310-x86_64-linux-gnu.so
[1.584s] -- Up-to-date symlink: /home/rizy/planner/3d-navi/3d-navi-ros2_v1/install/multi_map_server/local/lib/python3.10/dist-packages/multi_map_server/multi_map_server_s__rosidl_typesupport_fastrtps_c.cpython-310-x86_64-linux-gnu.so
[1.584s] -- Up-to-date symlink: /home/rizy/planner/3d-navi/3d-navi-ros2_v1/install/multi_map_server/local/lib/python3.10/dist-packages/multi_map_server/multi_map_server_s__rosidl_typesupport_introspection_c.cpython-310-x86_64-linux-gnu.so
[1.584s] -- Up-to-date symlink: /home/rizy/planner/3d-navi/3d-navi-ros2_v1/install/multi_map_server/local/lib/python3.10/dist-packages/multi_map_server/multi_map_server_s__rosidl_typesupport_fastrtps_c.cpython-310-x86_64-linux-gnu.so
[1.584s] -- Up-to-date symlink: /home/rizy/planner/3d-navi/3d-navi-ros2_v1/install/multi_map_server/local/lib/python3.10/dist-packages/multi_map_server/multi_map_server_s__rosidl_typesupport_introspection_c.cpython-310-x86_64-linux-gnu.so
[1.584s] -- Up-to-date symlink: /home/rizy/planner/3d-navi/3d-navi-ros2_v1/install/multi_map_server/local/lib/python3.10/dist-packages/multi_map_server/multi_map_server_s__rosidl_typesupport_c.cpython-310-x86_64-linux-gnu.so
[1.584s] -- Up-to-date symlink: /home/rizy/planner/3d-navi/3d-navi-ros2_v1/install/multi_map_server/share/multi_map_server/msg/MultiOccupancyGrid.idl
[1.585s] -- Up-to-date symlink: /home/rizy/planner/3d-navi/3d-navi-ros2_v1/install/multi_map_server/share/multi_map_server/msg/MultiSparseMap3D.idl
[1.585s] -- Up-to-date symlink: /home/rizy/planner/3d-navi/3d-navi-ros2_v1/install/multi_map_server/share/multi_map_server/msg/SparseMap3D.idl
[1.585s] -- Up-to-date symlink: /home/rizy/planner/3d-navi/3d-navi-ros2_v1/install/multi_map_server/share/multi_map_server/msg/VerticalOccupancyGridList.idl
[1.585s] -- Up-to-date symlink: /home/rizy/planner/3d-navi/3d-navi-ros2_v1/install/multi_map_server/share/multi_map_server/msg/MultiOccupancyGrid.msg
[1.585s] -- Up-to-date symlink: /home/rizy/planner/3d-navi/3d-navi-ros2_v1/install/multi_map_server/share/multi_map_server/msg/MultiSparseMap3D.msg
[1.585s] -- Up-to-date symlink: /home/rizy/planner/3d-navi/3d-navi-ros2_v1/install/multi_map_server/share/multi_map_server/msg/SparseMap3D.msg
[1.585s] -- Up-to-date symlink: /home/rizy/planner/3d-navi/3d-navi-ros2_v1/install/multi_map_server/share/multi_map_server/msg/VerticalOccupancyGridList.msg
[1.585s] -- Up-to-date symlink: /home/rizy/planner/3d-navi/3d-navi-ros2_v1/install/multi_map_server/lib/multi_map_server/multi_map_visualization
[1.585s] -- Up-to-date symlink: /home/rizy/planner/3d-navi/3d-navi-ros2_v1/install/multi_map_server/share/ament_index/resource_index/package_run_dependencies/multi_map_server
[1.585s] -- Up-to-date symlink: /home/rizy/planner/3d-navi/3d-navi-ros2_v1/install/multi_map_server/share/ament_index/resource_index/parent_prefix_path/multi_map_server
[1.585s] -- Up-to-date symlink: /home/rizy/planner/3d-navi/3d-navi-ros2_v1/install/multi_map_server/share/multi_map_server/environment/ament_prefix_path.sh
[1.585s] -- Up-to-date symlink: /home/rizy/planner/3d-navi/3d-navi-ros2_v1/install/multi_map_server/share/multi_map_server/environment/ament_prefix_path.dsv
[1.586s] -- Up-to-date symlink: /home/rizy/planner/3d-navi/3d-navi-ros2_v1/install/multi_map_server/share/multi_map_server/environment/path.sh
[1.586s] -- Up-to-date symlink: /home/rizy/planner/3d-navi/3d-navi-ros2_v1/install/multi_map_server/share/multi_map_server/environment/path.dsv
[1.586s] -- Up-to-date symlink: /home/rizy/planner/3d-navi/3d-navi-ros2_v1/install/multi_map_server/share/multi_map_server/local_setup.bash
[1.586s] -- Up-to-date symlink: /home/rizy/planner/3d-navi/3d-navi-ros2_v1/install/multi_map_server/share/multi_map_server/local_setup.sh
[1.586s] -- Up-to-date symlink: /home/rizy/planner/3d-navi/3d-navi-ros2_v1/install/multi_map_server/share/multi_map_server/local_setup.zsh
[1.586s] -- Up-to-date symlink: /home/rizy/planner/3d-navi/3d-navi-ros2_v1/install/multi_map_server/share/multi_map_server/local_setup.dsv
[1.586s] -- Symlinking: /home/rizy/planner/3d-navi/3d-navi-ros2_v1/install/multi_map_server/share/multi_map_server/package.dsv
[1.592s] -- Up-to-date symlink: /home/rizy/planner/3d-navi/3d-navi-ros2_v1/install/multi_map_server/share/ament_index/resource_index/packages/multi_map_server
[1.592s] -- Up-to-date symlink: /home/rizy/planner/3d-navi/3d-navi-ros2_v1/install/multi_map_server/share/multi_map_server/cmake/rosidl_cmake-extras.cmake
[1.592s] -- Up-to-date symlink: /home/rizy/planner/3d-navi/3d-navi-ros2_v1/install/multi_map_server/share/multi_map_server/cmake/ament_cmake_export_dependencies-extras.cmake
[1.592s] -- Up-to-date symlink: /home/rizy/planner/3d-navi/3d-navi-ros2_v1/install/multi_map_server/share/multi_map_server/cmake/ament_cmake_export_include_directories-extras.cmake
[1.592s] -- Up-to-date symlink: /home/rizy/planner/3d-navi/3d-navi-ros2_v1/install/multi_map_server/share/multi_map_server/cmake/ament_cmake_export_libraries-extras.cmake
[1.593s] -- Up-to-date symlink: /home/rizy/planner/3d-navi/3d-navi-ros2_v1/install/multi_map_server/share/multi_map_server/cmake/ament_cmake_export_targets-extras.cmake
[1.593s] -- Up-to-date symlink: /home/rizy/planner/3d-navi/3d-navi-ros2_v1/install/multi_map_server/share/multi_map_server/cmake/rosidl_cmake_export_typesupport_targets-extras.cmake
[1.593s] -- Up-to-date symlink: /home/rizy/planner/3d-navi/3d-navi-ros2_v1/install/multi_map_server/share/multi_map_server/cmake/rosidl_cmake_export_typesupport_libraries-extras.cmake
[1.593s] -- Up-to-date symlink: /home/rizy/planner/3d-navi/3d-navi-ros2_v1/install/multi_map_server/share/multi_map_server/cmake/multi_map_serverConfig.cmake
[1.593s] -- Up-to-date symlink: /home/rizy/planner/3d-navi/3d-navi-ros2_v1/install/multi_map_server/share/multi_map_server/cmake/multi_map_serverConfig-version.cmake
[1.593s] -- Up-to-date symlink: /home/rizy/planner/3d-navi/3d-navi-ros2_v1/install/multi_map_server/share/multi_map_server/package.xml
[1.593s] -- Up-to-date: /home/rizy/planner/3d-navi/3d-navi-ros2_v1/install/multi_map_server/lib/libmulti_map_server__rosidl_generator_c.so
[1.593s] -- Up-to-date: /home/rizy/planner/3d-navi/3d-navi-ros2_v1/install/multi_map_server/lib/libmulti_map_server__rosidl_typesupport_fastrtps_c.so
[1.593s] -- Up-to-date: /home/rizy/planner/3d-navi/3d-navi-ros2_v1/install/multi_map_server/lib/libmulti_map_server__rosidl_typesupport_fastrtps_cpp.so
[1.594s] -- Up-to-date: /home/rizy/planner/3d-navi/3d-navi-ros2_v1/install/multi_map_server/lib/libmulti_map_server__rosidl_typesupport_introspection_c.so
[1.594s] -- Up-to-date: /home/rizy/planner/3d-navi/3d-navi-ros2_v1/install/multi_map_server/lib/libmulti_map_server__rosidl_typesupport_c.so
[1.594s] -- Up-to-date: /home/rizy/planner/3d-navi/3d-navi-ros2_v1/install/multi_map_server/lib/libmulti_map_server__rosidl_typesupport_introspection_cpp.so
[1.594s] -- Up-to-date: /home/rizy/planner/3d-navi/3d-navi-ros2_v1/install/multi_map_server/lib/libmulti_map_server__rosidl_typesupport_cpp.so
[1.614s] Listing '/home/rizy/planner/3d-navi/3d-navi-ros2_v1/install/multi_map_server/local/lib/python3.10/dist-packages/multi_map_server'...
[1.614s] Compiling '/home/rizy/planner/3d-navi/3d-navi-ros2_v1/install/multi_map_server/local/lib/python3.10/dist-packages/multi_map_server/__init__.py'...
[1.614s] Listing '/home/rizy/planner/3d-navi/3d-navi-ros2_v1/install/multi_map_server/local/lib/python3.10/dist-packages/multi_map_server/msg'...
[1.617s] -- Up-to-date: /home/rizy/planner/3d-navi/3d-navi-ros2_v1/install/multi_map_server/lib/libmulti_map_server__rosidl_generator_py.so
[1.617s] -- Up-to-date: /home/rizy/planner/3d-navi/3d-navi-ros2_v1/install/multi_map_server/share/multi_map_server/cmake/export_multi_map_server__rosidl_generator_cExport.cmake
[1.617s] -- Up-to-date: /home/rizy/planner/3d-navi/3d-navi-ros2_v1/install/multi_map_server/share/multi_map_server/cmake/export_multi_map_server__rosidl_generator_cExport-release.cmake
[1.617s] -- Up-to-date: /home/rizy/planner/3d-navi/3d-navi-ros2_v1/install/multi_map_server/share/multi_map_server/cmake/export_multi_map_server__rosidl_typesupport_fastrtps_cExport.cmake
[1.617s] -- Up-to-date: /home/rizy/planner/3d-navi/3d-navi-ros2_v1/install/multi_map_server/share/multi_map_server/cmake/export_multi_map_server__rosidl_typesupport_fastrtps_cExport-release.cmake
[1.617s] -- Up-to-date: /home/rizy/planner/3d-navi/3d-navi-ros2_v1/install/multi_map_server/share/multi_map_server/cmake/export_multi_map_server__rosidl_generator_cppExport.cmake
[1.617s] -- Up-to-date: /home/rizy/planner/3d-navi/3d-navi-ros2_v1/install/multi_map_server/share/multi_map_server/cmake/export_multi_map_server__rosidl_typesupport_fastrtps_cppExport.cmake
[1.617s] -- Up-to-date: /home/rizy/planner/3d-navi/3d-navi-ros2_v1/install/multi_map_server/share/multi_map_server/cmake/export_multi_map_server__rosidl_typesupport_fastrtps_cppExport-release.cmake
[1.617s] -- Up-to-date: /home/rizy/planner/3d-navi/3d-navi-ros2_v1/install/multi_map_server/share/multi_map_server/cmake/multi_map_server__rosidl_typesupport_introspection_cExport.cmake
[1.618s] -- Up-to-date: /home/rizy/planner/3d-navi/3d-navi-ros2_v1/install/multi_map_server/share/multi_map_server/cmake/multi_map_server__rosidl_typesupport_introspection_cExport-release.cmake
[1.618s] -- Up-to-date: /home/rizy/planner/3d-navi/3d-navi-ros2_v1/install/multi_map_server/share/multi_map_server/cmake/multi_map_server__rosidl_typesupport_cExport.cmake
[1.618s] -- Up-to-date: /home/rizy/planner/3d-navi/3d-navi-ros2_v1/install/multi_map_server/share/multi_map_server/cmake/multi_map_server__rosidl_typesupport_cExport-release.cmake
[1.618s] -- Up-to-date: /home/rizy/planner/3d-navi/3d-navi-ros2_v1/install/multi_map_server/share/multi_map_server/cmake/multi_map_server__rosidl_typesupport_introspection_cppExport.cmake
[1.618s] -- Up-to-date: /home/rizy/planner/3d-navi/3d-navi-ros2_v1/install/multi_map_server/share/multi_map_server/cmake/multi_map_server__rosidl_typesupport_introspection_cppExport-release.cmake
[1.618s] -- Up-to-date: /home/rizy/planner/3d-navi/3d-navi-ros2_v1/install/multi_map_server/share/multi_map_server/cmake/multi_map_server__rosidl_typesupport_cppExport.cmake
[1.618s] -- Up-to-date: /home/rizy/planner/3d-navi/3d-navi-ros2_v1/install/multi_map_server/share/multi_map_server/cmake/multi_map_server__rosidl_typesupport_cppExport-release.cmake
[1.618s] -- Up-to-date: /home/rizy/planner/3d-navi/3d-navi-ros2_v1/install/multi_map_server/share/multi_map_server/cmake/export_multi_map_server__rosidl_generator_pyExport.cmake
[1.618s] -- Up-to-date: /home/rizy/planner/3d-navi/3d-navi-ros2_v1/install/multi_map_server/share/multi_map_server/cmake/export_multi_map_server__rosidl_generator_pyExport-release.cmake
[1.620s] Invoked command in '/home/rizy/planner/3d-navi/3d-navi-ros2_v1/build/multi_map_server' returned '0': AMENT_PREFIX_PATH=/home/rizy/planner/3d-navi/3d-navi-ros2_v1/install/quadrotor_msgs:/home/rizy/planner/3d-navi/3d-navi-ros2_v1/install/pose_utils:${AMENT_PREFIX_PATH} CMAKE_PREFIX_PATH=/home/rizy/planner/3d-navi/3d-navi-ros2_v1/install/quadrotor_msgs:/home/rizy/planner/3d-navi/3d-navi-ros2_v1/install/pose_utils:/opt/ros/humble CONDA_PROMPT_MODIFIER=(myenv) LD_LIBRARY_PATH=/home/rizy/planner/3d-navi/3d-navi-ros2_v1/install/quadrotor_msgs/lib:/home/rizy/planner/3d-navi/3d-navi-ros2_v1/install/pose_utils/lib:${LD_LIBRARY_PATH} PYTHONPATH=/home/rizy/planner/3d-navi/3d-navi-ros2_v1/install/quadrotor_msgs/local/lib/python3.10/dist-packages:/home/rizy/planner/3d-navi/3d-navi-ros2_v1/install/quadrotor_msgs/lib/python3.10/site-packages:${PYTHONPATH} /usr/bin/cmake --install /home/rizy/planner/3d-navi/3d-navi-ros2_v1/build/multi_map_server
