[0.019s] Invoking command in '/home/rizy/planner/3d-navi/3d-navi-ros2_v1/build/poscmd_2_odom': AMENT_PREFIX_PATH=/home/rizy/planner/3d-navi/3d-navi-ros2_v1/install/quadrotor_msgs:${AMENT_PREFIX_PATH} CMAKE_PREFIX_PATH=/home/rizy/planner/3d-navi/3d-navi-ros2_v1/install/quadrotor_msgs:/opt/ros/humble CONDA_PROMPT_MODIFIER=(myenv) LD_LIBRARY_PATH=/home/rizy/planner/3d-navi/3d-navi-ros2_v1/install/quadrotor_msgs/lib:${LD_LIBRARY_PATH} PYTHONPATH=/home/rizy/planner/3d-navi/3d-navi-ros2_v1/install/quadrotor_msgs/local/lib/python3.10/dist-packages:/home/rizy/planner/3d-navi/3d-navi-ros2_v1/install/quadrotor_msgs/lib/python3.10/site-packages:${PYTHONPATH} /usr/bin/cmake --build /home/rizy/planner/3d-navi/3d-navi-ros2_v1/build/poscmd_2_odom -- -j32 -l32
[0.072s] [100%] Built target poscmd_2_odom
[0.086s] Invoked command in '/home/rizy/planner/3d-navi/3d-navi-ros2_v1/build/poscmd_2_odom' returned '0': AMENT_PREFIX_PATH=/home/rizy/planner/3d-navi/3d-navi-ros2_v1/install/quadrotor_msgs:${AMENT_PREFIX_PATH} CMAKE_PREFIX_PATH=/home/rizy/planner/3d-navi/3d-navi-ros2_v1/install/quadrotor_msgs:/opt/ros/humble CONDA_PROMPT_MODIFIER=(myenv) LD_LIBRARY_PATH=/home/rizy/planner/3d-navi/3d-navi-ros2_v1/install/quadrotor_msgs/lib:${LD_LIBRARY_PATH} PYTHONPATH=/home/rizy/planner/3d-navi/3d-navi-ros2_v1/install/quadrotor_msgs/local/lib/python3.10/dist-packages:/home/rizy/planner/3d-navi/3d-navi-ros2_v1/install/quadrotor_msgs/lib/python3.10/site-packages:${PYTHONPATH} /usr/bin/cmake --build /home/rizy/planner/3d-navi/3d-navi-ros2_v1/build/poscmd_2_odom -- -j32 -l32
[0.087s] Invoking command in '/home/rizy/planner/3d-navi/3d-navi-ros2_v1/build/poscmd_2_odom': AMENT_PREFIX_PATH=/home/rizy/planner/3d-navi/3d-navi-ros2_v1/install/quadrotor_msgs:${AMENT_PREFIX_PATH} CMAKE_PREFIX_PATH=/home/rizy/planner/3d-navi/3d-navi-ros2_v1/install/quadrotor_msgs:/opt/ros/humble CONDA_PROMPT_MODIFIER=(myenv) LD_LIBRARY_PATH=/home/rizy/planner/3d-navi/3d-navi-ros2_v1/install/quadrotor_msgs/lib:${LD_LIBRARY_PATH} PYTHONPATH=/home/rizy/planner/3d-navi/3d-navi-ros2_v1/install/quadrotor_msgs/local/lib/python3.10/dist-packages:/home/rizy/planner/3d-navi/3d-navi-ros2_v1/install/quadrotor_msgs/lib/python3.10/site-packages:${PYTHONPATH} /usr/bin/cmake --install /home/rizy/planner/3d-navi/3d-navi-ros2_v1/build/poscmd_2_odom
[0.094s] -- Install configuration: "Release"
[0.094s] -- Execute custom install script
[0.094s] -- Up-to-date symlink: /home/rizy/planner/3d-navi/3d-navi-ros2_v1/install/poscmd_2_odom/lib/poscmd_2_odom/poscmd_2_odom
[0.094s] -- Up-to-date symlink: /home/rizy/planner/3d-navi/3d-navi-ros2_v1/install/poscmd_2_odom/share/ament_index/resource_index/package_run_dependencies/poscmd_2_odom
[0.094s] -- Up-to-date symlink: /home/rizy/planner/3d-navi/3d-navi-ros2_v1/install/poscmd_2_odom/share/ament_index/resource_index/parent_prefix_path/poscmd_2_odom
[0.094s] -- Up-to-date symlink: /home/rizy/planner/3d-navi/3d-navi-ros2_v1/install/poscmd_2_odom/share/poscmd_2_odom/environment/ament_prefix_path.sh
[0.094s] -- Up-to-date symlink: /home/rizy/planner/3d-navi/3d-navi-ros2_v1/install/poscmd_2_odom/share/poscmd_2_odom/environment/ament_prefix_path.dsv
[0.094s] -- Up-to-date symlink: /home/rizy/planner/3d-navi/3d-navi-ros2_v1/install/poscmd_2_odom/share/poscmd_2_odom/environment/path.sh
[0.094s] -- Up-to-date symlink: /home/rizy/planner/3d-navi/3d-navi-ros2_v1/install/poscmd_2_odom/share/poscmd_2_odom/environment/path.dsv
[0.094s] -- Up-to-date symlink: /home/rizy/planner/3d-navi/3d-navi-ros2_v1/install/poscmd_2_odom/share/poscmd_2_odom/local_setup.bash
[0.094s] -- Up-to-date symlink: /home/rizy/planner/3d-navi/3d-navi-ros2_v1/install/poscmd_2_odom/share/poscmd_2_odom/local_setup.sh
[0.094s] -- Up-to-date symlink: /home/rizy/planner/3d-navi/3d-navi-ros2_v1/install/poscmd_2_odom/share/poscmd_2_odom/local_setup.zsh
[0.094s] -- Up-to-date symlink: /home/rizy/planner/3d-navi/3d-navi-ros2_v1/install/poscmd_2_odom/share/poscmd_2_odom/local_setup.dsv
[0.095s] -- Symlinking: /home/rizy/planner/3d-navi/3d-navi-ros2_v1/install/poscmd_2_odom/share/poscmd_2_odom/package.dsv
[0.100s] -- Up-to-date symlink: /home/rizy/planner/3d-navi/3d-navi-ros2_v1/install/poscmd_2_odom/share/ament_index/resource_index/packages/poscmd_2_odom
[0.100s] -- Up-to-date symlink: /home/rizy/planner/3d-navi/3d-navi-ros2_v1/install/poscmd_2_odom/share/poscmd_2_odom/cmake/poscmd_2_odomConfig.cmake
[0.101s] -- Up-to-date symlink: /home/rizy/planner/3d-navi/3d-navi-ros2_v1/install/poscmd_2_odom/share/poscmd_2_odom/cmake/poscmd_2_odomConfig-version.cmake
[0.101s] -- Up-to-date symlink: /home/rizy/planner/3d-navi/3d-navi-ros2_v1/install/poscmd_2_odom/share/poscmd_2_odom/package.xml
[0.126s] Invoked command in '/home/rizy/planner/3d-navi/3d-navi-ros2_v1/build/poscmd_2_odom' returned '0': AMENT_PREFIX_PATH=/home/rizy/planner/3d-navi/3d-navi-ros2_v1/install/quadrotor_msgs:${AMENT_PREFIX_PATH} CMAKE_PREFIX_PATH=/home/rizy/planner/3d-navi/3d-navi-ros2_v1/install/quadrotor_msgs:/opt/ros/humble CONDA_PROMPT_MODIFIER=(myenv) LD_LIBRARY_PATH=/home/rizy/planner/3d-navi/3d-navi-ros2_v1/install/quadrotor_msgs/lib:${LD_LIBRARY_PATH} PYTHONPATH=/home/rizy/planner/3d-navi/3d-navi-ros2_v1/install/quadrotor_msgs/local/lib/python3.10/dist-packages:/home/rizy/planner/3d-navi/3d-navi-ros2_v1/install/quadrotor_msgs/lib/python3.10/site-packages:${PYTHONPATH} /usr/bin/cmake --install /home/rizy/planner/3d-navi/3d-navi-ros2_v1/build/poscmd_2_odom
