[0.031s] Invoking command in '/home/rizy/planner/3d-navi/3d-navi-ros2_v1/build/drone_detect': CMAKE_PREFIX_PATH=/opt/ros/humble CONDA_PROMPT_MODIFIER=(myenv) /usr/bin/cmake /home/rizy/planner/3d-navi/3d-navi-ros2_v1/src/planner/drone_detect -DAMENT_CMAKE_SYMLINK_INSTALL=1 -DCMAKE_INSTALL_PREFIX=/home/rizy/planner/3d-navi/3d-navi-ros2_v1/install/drone_detect
[0.049s] -- Found ament_cmake: 1.3.12 (/opt/ros/humble/share/ament_cmake/cmake)
[0.142s] -- Override CMake install command with custom implementation using symlinks instead of copying resources
[0.146s] -- Found rclcpp: 16.0.16 (/opt/ros/humble/share/rclcpp/cmake)
[0.163s] -- Found rosidl_generator_c: 3.1.7 (/opt/ros/humble/share/rosidl_generator_c/cmake)
[0.165s] -- Found rosidl_adapter: 3.1.7 (/opt/ros/humble/share/rosidl_adapter/cmake)
[0.167s] -- Found rosidl_generator_cpp: 3.1.7 (/opt/ros/humble/share/rosidl_generator_cpp/cmake)
[0.172s] -- Using all available rosidl_typesupport_c: rosidl_typesupport_fastrtps_c;rosidl_typesupport_introspection_c
[0.179s] -- Using all available rosidl_typesupport_cpp: rosidl_typesupport_fastrtps_cpp;rosidl_typesupport_introspection_cpp
[0.195s] -- Found rmw_implementation_cmake: 6.1.2 (/opt/ros/humble/share/rmw_implementation_cmake/cmake)
[0.195s] -- Found rmw_cyclonedds_cpp: 1.3.4 (/opt/ros/humble/share/rmw_cyclonedds_cpp/cmake)
[0.205s] -- Using RMW implementation 'rmw_cyclonedds_cpp' as default
[0.233s] -- Found sensor_msgs: 4.9.0 (/opt/ros/humble/share/sensor_msgs/cmake)
[0.249s] -- Found nav_msgs: 4.9.0 (/opt/ros/humble/share/nav_msgs/cmake)
[0.257s] -- Found std_srvs: 4.9.0 (/opt/ros/humble/share/std_srvs/cmake)
[0.262s] -- Found cv_bridge: 3.2.1 (/opt/ros/humble/share/cv_bridge/cmake)
[0.271s] -- Found message_filters: 4.3.11 (/opt/ros/humble/share/message_filters/cmake)
[0.273s] -- Found ament_lint_auto: 0.12.14 (/opt/ros/humble/share/ament_lint_auto/cmake)
[0.330s] -- Added test 'cppcheck' to perform static code analysis on C / C++ code
[0.330s] -- Configured cppcheck include dirs: /home/rizy/planner/3d-navi/3d-navi-ros2_v1/src/planner/drone_detect/include
[0.330s] -- Configured cppcheck exclude dirs and/or files: 
[0.330s] -- Added test 'flake8' to check Python code syntax and style conventions
[0.331s] -- Added test 'lint_cmake' to check CMake code style
[0.331s] -- Added test 'pep257' to check Python code against some of the docstring style conventions in PEP 257
[0.332s] -- Added test 'uncrustify' to check C / C++ code style
[0.332s] -- Configured uncrustify additional arguments: 
[0.332s] -- Added test 'xmllint' to check XML markup files
[0.333s] -- Configuring done
[0.344s] -- Generating done
[0.350s] -- Build files have been written to: /home/rizy/planner/3d-navi/3d-navi-ros2_v1/build/drone_detect
[0.359s] Invoked command in '/home/rizy/planner/3d-navi/3d-navi-ros2_v1/build/drone_detect' returned '0': CMAKE_PREFIX_PATH=/opt/ros/humble CONDA_PROMPT_MODIFIER=(myenv) /usr/bin/cmake /home/rizy/planner/3d-navi/3d-navi-ros2_v1/src/planner/drone_detect -DAMENT_CMAKE_SYMLINK_INSTALL=1 -DCMAKE_INSTALL_PREFIX=/home/rizy/planner/3d-navi/3d-navi-ros2_v1/install/drone_detect
[0.361s] Invoking command in '/home/rizy/planner/3d-navi/3d-navi-ros2_v1/build/drone_detect': CMAKE_PREFIX_PATH=/opt/ros/humble CONDA_PROMPT_MODIFIER=(myenv) /usr/bin/cmake --build /home/rizy/planner/3d-navi/3d-navi-ros2_v1/build/drone_detect -- -j32 -l32
[0.397s] [35m[1mConsolidate compiler generated dependencies of target drone_detect[0m
[0.437s] [100%] Built target drone_detect
[0.451s] Invoked command in '/home/rizy/planner/3d-navi/3d-navi-ros2_v1/build/drone_detect' returned '0': CMAKE_PREFIX_PATH=/opt/ros/humble CONDA_PROMPT_MODIFIER=(myenv) /usr/bin/cmake --build /home/rizy/planner/3d-navi/3d-navi-ros2_v1/build/drone_detect -- -j32 -l32
[0.452s] Invoking command in '/home/rizy/planner/3d-navi/3d-navi-ros2_v1/build/drone_detect': CMAKE_PREFIX_PATH=/opt/ros/humble CONDA_PROMPT_MODIFIER=(myenv) /usr/bin/cmake --install /home/rizy/planner/3d-navi/3d-navi-ros2_v1/build/drone_detect
[0.457s] -- Install configuration: "Release"
[0.457s] -- Execute custom install script
[0.458s] -- Up-to-date symlink: /home/rizy/planner/3d-navi/3d-navi-ros2_v1/install/drone_detect/lib/drone_detect/drone_detect
[0.458s] -- Up-to-date symlink: /home/rizy/planner/3d-navi/3d-navi-ros2_v1/install/drone_detect/share/drone_detect/doc/demo.jpg
[0.458s] -- Up-to-date symlink: /home/rizy/planner/3d-navi/3d-navi-ros2_v1/install/drone_detect/share/drone_detect/doc/example.jpg
[0.458s] -- Up-to-date symlink: /home/rizy/planner/3d-navi/3d-navi-ros2_v1/install/drone_detect/share/drone_detect/launch/drone_detect.launch.py
[0.458s] -- Up-to-date symlink: /home/rizy/planner/3d-navi/3d-navi-ros2_v1/install/drone_detect/share/drone_detect/launch/ros_package_template_overlying_params.launch.py
[0.458s] -- Up-to-date symlink: /home/rizy/planner/3d-navi/3d-navi-ros2_v1/install/drone_detect/share/drone_detect/config/camera.yaml
[0.458s] -- Up-to-date symlink: /home/rizy/planner/3d-navi/3d-navi-ros2_v1/install/drone_detect/share/drone_detect/config/default.yaml
[0.458s] -- Up-to-date symlink: /home/rizy/planner/3d-navi/3d-navi-ros2_v1/install/drone_detect/share/ament_index/resource_index/package_run_dependencies/drone_detect
[0.459s] -- Up-to-date symlink: /home/rizy/planner/3d-navi/3d-navi-ros2_v1/install/drone_detect/share/ament_index/resource_index/parent_prefix_path/drone_detect
[0.459s] -- Up-to-date symlink: /home/rizy/planner/3d-navi/3d-navi-ros2_v1/install/drone_detect/share/drone_detect/environment/ament_prefix_path.sh
[0.459s] -- Up-to-date symlink: /home/rizy/planner/3d-navi/3d-navi-ros2_v1/install/drone_detect/share/drone_detect/environment/ament_prefix_path.dsv
[0.459s] -- Up-to-date symlink: /home/rizy/planner/3d-navi/3d-navi-ros2_v1/install/drone_detect/share/drone_detect/environment/path.sh
[0.459s] -- Up-to-date symlink: /home/rizy/planner/3d-navi/3d-navi-ros2_v1/install/drone_detect/share/drone_detect/environment/path.dsv
[0.459s] -- Up-to-date symlink: /home/rizy/planner/3d-navi/3d-navi-ros2_v1/install/drone_detect/share/drone_detect/local_setup.bash
[0.459s] -- Up-to-date symlink: /home/rizy/planner/3d-navi/3d-navi-ros2_v1/install/drone_detect/share/drone_detect/local_setup.sh
[0.459s] -- Up-to-date symlink: /home/rizy/planner/3d-navi/3d-navi-ros2_v1/install/drone_detect/share/drone_detect/local_setup.zsh
[0.459s] -- Up-to-date symlink: /home/rizy/planner/3d-navi/3d-navi-ros2_v1/install/drone_detect/share/drone_detect/local_setup.dsv
[0.459s] -- Symlinking: /home/rizy/planner/3d-navi/3d-navi-ros2_v1/install/drone_detect/share/drone_detect/package.dsv
[0.468s] -- Up-to-date symlink: /home/rizy/planner/3d-navi/3d-navi-ros2_v1/install/drone_detect/share/ament_index/resource_index/packages/drone_detect
[0.468s] -- Up-to-date symlink: /home/rizy/planner/3d-navi/3d-navi-ros2_v1/install/drone_detect/share/drone_detect/cmake/drone_detectConfig.cmake
[0.468s] -- Up-to-date symlink: /home/rizy/planner/3d-navi/3d-navi-ros2_v1/install/drone_detect/share/drone_detect/cmake/drone_detectConfig-version.cmake
[0.469s] -- Up-to-date symlink: /home/rizy/planner/3d-navi/3d-navi-ros2_v1/install/drone_detect/share/drone_detect/package.xml
[0.469s] -- Up-to-date: /home/rizy/planner/3d-navi/3d-navi-ros2_v1/install/drone_detect/include/drone_detect
[0.469s] -- Up-to-date: /home/rizy/planner/3d-navi/3d-navi-ros2_v1/install/drone_detect/include/drone_detect/drone_detector.h
[0.473s] Invoked command in '/home/rizy/planner/3d-navi/3d-navi-ros2_v1/build/drone_detect' returned '0': CMAKE_PREFIX_PATH=/opt/ros/humble CONDA_PROMPT_MODIFIER=(myenv) /usr/bin/cmake --install /home/rizy/planner/3d-navi/3d-navi-ros2_v1/build/drone_detect
