[0.021s] Invoking command in '/home/rizy/planner/3d-navi/3d-navi-ros2_v1/build/odom_visualization': AMENT_PREFIX_PATH=/home/rizy/planner/3d-navi/3d-navi-ros2_v1/install/quadrotor_msgs:/home/rizy/planner/3d-navi/3d-navi-ros2_v1/install/pose_utils:${AMENT_PREFIX_PATH} CMAKE_PREFIX_PATH=/home/rizy/planner/3d-navi/3d-navi-ros2_v1/install/quadrotor_msgs:/home/rizy/planner/3d-navi/3d-navi-ros2_v1/install/pose_utils:/opt/ros/humble CONDA_PROMPT_MODIFIER=(myenv) LD_LIBRARY_PATH=/home/rizy/planner/3d-navi/3d-navi-ros2_v1/install/quadrotor_msgs/lib:/home/rizy/planner/3d-navi/3d-navi-ros2_v1/install/pose_utils/lib:${LD_LIBRARY_PATH} PYTHONPATH=/home/rizy/planner/3d-navi/3d-navi-ros2_v1/install/quadrotor_msgs/lib/python3.10/site-packages:${PYTHONPATH} /usr/bin/cmake /home/rizy/planner/3d-navi/3d-navi-ros2_v1/src/uav_simulator/Utils/odom_visualization -DAMENT_CMAKE_SYMLINK_INSTALL=1 -DCMAKE_INSTALL_PREFIX=/home/rizy/planner/3d-navi/3d-navi-ros2_v1/install/odom_visualization
[0.102s] -- The C compiler identification is GNU 11.4.0
[0.153s] -- The CXX compiler identification is GNU 11.4.0
[0.161s] -- Detecting C compiler ABI info
[0.238s] -- Detecting C compiler ABI info - done
[0.245s] -- Check for working C compiler: /usr/bin/cc - skipped
[0.245s] -- Detecting C compile features
[0.245s] -- Detecting C compile features - done
[0.248s] -- Detecting CXX compiler ABI info
[0.344s] -- Detecting CXX compiler ABI info - done
[0.351s] -- Check for working CXX compiler: /usr/bin/c++ - skipped
[0.351s] -- Detecting CXX compile features
[0.351s] -- Detecting CXX compile features - done
[0.354s] -- Found ament_cmake: 1.3.12 (/opt/ros/humble/share/ament_cmake/cmake)
[0.788s] -- Found Python3: /home/rizy/anaconda3/envs/myenv/bin/python3 (found version "3.10.19") found components: Interpreter 
[0.850s] -- Override CMake install command with custom implementation using symlinks instead of copying resources
[0.885s] -- Found rclcpp: 16.0.16 (/opt/ros/humble/share/rclcpp/cmake)
[0.925s] -- Found rosidl_generator_c: 3.1.7 (/opt/ros/humble/share/rosidl_generator_c/cmake)
[0.930s] -- Found rosidl_adapter: 3.1.7 (/opt/ros/humble/share/rosidl_adapter/cmake)
[0.937s] -- Found rosidl_generator_cpp: 3.1.7 (/opt/ros/humble/share/rosidl_generator_cpp/cmake)
[0.948s] -- Using all available rosidl_typesupport_c: rosidl_typesupport_fastrtps_c;rosidl_typesupport_introspection_c
[0.965s] -- Using all available rosidl_typesupport_cpp: rosidl_typesupport_fastrtps_cpp;rosidl_typesupport_introspection_cpp
[1.009s] -- Found rmw_implementation_cmake: 6.1.2 (/opt/ros/humble/share/rmw_implementation_cmake/cmake)
[1.012s] -- Found rmw_cyclonedds_cpp: 1.3.4 (/opt/ros/humble/share/rmw_cyclonedds_cpp/cmake)
[1.032s] -- Using RMW implementation 'rmw_cyclonedds_cpp' as default
[1.044s] -- Looking for pthread.h
[1.133s] -- Looking for pthread.h - found
[1.133s] -- Performing Test CMAKE_HAVE_LIBC_PTHREAD
[1.218s] -- Performing Test CMAKE_HAVE_LIBC_PTHREAD - Success
[1.219s] -- Found Threads: TRUE  
[1.256s] -- Found sensor_msgs: 4.9.0 (/opt/ros/humble/share/sensor_msgs/cmake)
[1.277s] -- Found nav_msgs: 4.9.0 (/opt/ros/humble/share/nav_msgs/cmake)
[1.287s] -- Found visualization_msgs: 4.9.0 (/opt/ros/humble/share/visualization_msgs/cmake)
[1.298s] -- Found quadrotor_msgs: 0.0.0 (/home/rizy/planner/3d-navi/3d-navi-ros2_v1/install/quadrotor_msgs/share/quadrotor_msgs/cmake)
[1.314s] -- Found tf2: 0.25.17 (/opt/ros/humble/share/tf2/cmake)
[1.326s] -- Found Armadillo: /usr/include (found version "10.8.2") 
[1.327s] -- Found pose_utils: 0.0.0 (/home/rizy/planner/3d-navi/3d-navi-ros2_v1/install/pose_utils/share/pose_utils/cmake)
[1.329s] -- Found tf2_ros: 0.25.17 (/opt/ros/humble/share/tf2_ros/cmake)
[1.389s] -- Found ament_lint_auto: 0.12.14 (/opt/ros/humble/share/ament_lint_auto/cmake)
[1.498s] -- Added test 'cppcheck' to perform static code analysis on C / C++ code
[1.498s] -- Configured cppcheck include dirs: /home/rizy/planner/3d-navi/3d-navi-ros2_v1/src/uav_simulator/Utils/odom_visualization/include
[1.499s] -- Configured cppcheck exclude dirs and/or files: 
[1.499s] -- Added test 'lint_cmake' to check CMake code style
[1.500s] -- Added test 'uncrustify' to check C / C++ code style
[1.500s] -- Configured uncrustify additional arguments: 
[1.500s] -- Added test 'xmllint' to check XML markup files
[1.502s] -- Configuring done
[1.517s] [33mCMake Warning at CMakeLists.txt:44 (add_executable):
[1.517s]   Cannot generate a safe runtime search path for target odom_visualization
[1.518s]   because files in some directories may conflict with libraries in implicit
[1.518s]   directories:
[1.518s] 
[1.518s]     runtime library [libpython3.10.so.1.0] in /usr/lib/x86_64-linux-gnu may be hidden by files in:
[1.518s]       /home/rizy/anaconda3/envs/myenv/lib
[1.518s] 
[1.518s]   Some of these libraries may not be found correctly.
[1.518s] 
[1.518s] [0m
[1.519s] -- Generating done
[1.523s] -- Build files have been written to: /home/rizy/planner/3d-navi/3d-navi-ros2_v1/build/odom_visualization
[1.540s] Invoked command in '/home/rizy/planner/3d-navi/3d-navi-ros2_v1/build/odom_visualization' returned '0': AMENT_PREFIX_PATH=/home/rizy/planner/3d-navi/3d-navi-ros2_v1/install/quadrotor_msgs:/home/rizy/planner/3d-navi/3d-navi-ros2_v1/install/pose_utils:${AMENT_PREFIX_PATH} CMAKE_PREFIX_PATH=/home/rizy/planner/3d-navi/3d-navi-ros2_v1/install/quadrotor_msgs:/home/rizy/planner/3d-navi/3d-navi-ros2_v1/install/pose_utils:/opt/ros/humble CONDA_PROMPT_MODIFIER=(myenv) LD_LIBRARY_PATH=/home/rizy/planner/3d-navi/3d-navi-ros2_v1/install/quadrotor_msgs/lib:/home/rizy/planner/3d-navi/3d-navi-ros2_v1/install/pose_utils/lib:${LD_LIBRARY_PATH} PYTHONPATH=/home/rizy/planner/3d-navi/3d-navi-ros2_v1/install/quadrotor_msgs/lib/python3.10/site-packages:${PYTHONPATH} /usr/bin/cmake /home/rizy/planner/3d-navi/3d-navi-ros2_v1/src/uav_simulator/Utils/odom_visualization -DAMENT_CMAKE_SYMLINK_INSTALL=1 -DCMAKE_INSTALL_PREFIX=/home/rizy/planner/3d-navi/3d-navi-ros2_v1/install/odom_visualization
[1.542s] Invoking command in '/home/rizy/planner/3d-navi/3d-navi-ros2_v1/build/odom_visualization': AMENT_PREFIX_PATH=/home/rizy/planner/3d-navi/3d-navi-ros2_v1/install/quadrotor_msgs:/home/rizy/planner/3d-navi/3d-navi-ros2_v1/install/pose_utils:${AMENT_PREFIX_PATH} CMAKE_PREFIX_PATH=/home/rizy/planner/3d-navi/3d-navi-ros2_v1/install/quadrotor_msgs:/home/rizy/planner/3d-navi/3d-navi-ros2_v1/install/pose_utils:/opt/ros/humble CONDA_PROMPT_MODIFIER=(myenv) LD_LIBRARY_PATH=/home/rizy/planner/3d-navi/3d-navi-ros2_v1/install/quadrotor_msgs/lib:/home/rizy/planner/3d-navi/3d-navi-ros2_v1/install/pose_utils/lib:${LD_LIBRARY_PATH} PYTHONPATH=/home/rizy/planner/3d-navi/3d-navi-ros2_v1/install/quadrotor_msgs/lib/python3.10/site-packages:${PYTHONPATH} /usr/bin/cmake --build /home/rizy/planner/3d-navi/3d-navi-ros2_v1/build/odom_visualization -- -j32 -l32
[1.621s] [ 50%] [32mBuilding CXX object CMakeFiles/odom_visualization.dir/src/odom_visualization.cpp.o[0m
[29.187s] [100%] [32m[1mLinking CXX executable odom_visualization[0m
[29.512s] [100%] Built target odom_visualization
