[0.012s] Invoking command in '/home/rizy/planner/3d-navi/3d-navi-ros2_v1/build/rosmsg_tcp_bridge': AMENT_PREFIX_PATH=/home/rizy/planner/3d-navi/3d-navi-ros2_v1/install/traj_utils:${AMENT_PREFIX_PATH} CMAKE_PREFIX_PATH=/home/rizy/planner/3d-navi/3d-navi-ros2_v1/install/traj_utils:/opt/ros/humble CONDA_PROMPT_MODIFIER=(myenv) LD_LIBRARY_PATH=/home/rizy/planner/3d-navi/3d-navi-ros2_v1/install/traj_utils/lib:${LD_LIBRARY_PATH} PYTHONPATH=/home/rizy/planner/3d-navi/3d-navi-ros2_v1/install/traj_utils/local/lib/python3.10/dist-packages:/home/rizy/planner/3d-navi/3d-navi-ros2_v1/install/traj_utils/lib/python3.10/site-packages:${PYTHONPATH} /usr/bin/cmake /home/rizy/planner/3d-navi/3d-navi-ros2_v1/src/planner/rosmsg_tcp_bridge -DPython3_EXECUTABLE=/usr/bin/python3 -Dfmt_DIR=/usr/lib/x86_64-linux-gnu/cmake/fmt -DAMENT_CMAKE_SYMLINK_INSTALL=1 -DCMAKE_INSTALL_PREFIX=/home/rizy/planner/3d-navi/3d-navi-ros2_v1/install/rosmsg_tcp_bridge
[0.076s] -- The C compiler identification is GNU 11.4.0
[0.136s] -- The CXX compiler identification is GNU 11.4.0
[0.145s] -- Detecting C compiler ABI info
[0.238s] -- Detecting C compiler ABI info - done
[0.243s] -- Check for working C compiler: /usr/bin/cc - skipped
[0.243s] -- Detecting C compile features
[0.243s] -- Detecting C compile features - done
[0.249s] -- Detecting CXX compiler ABI info
[0.331s] -- Detecting CXX compiler ABI info - done
[0.337s] -- Check for working CXX compiler: /usr/bin/c++ - skipped
[0.337s] -- Detecting CXX compile features
[0.337s] -- Detecting CXX compile features - done
[0.340s] -- Found ament_cmake: 1.3.12 (/opt/ros/humble/share/ament_cmake/cmake)
[0.750s] -- Found Python3: /usr/bin/python3 (found version "3.10.12") found components: Interpreter 
[0.837s] -- Override CMake install command with custom implementation using symlinks instead of copying resources
[0.869s] -- Found rclcpp: 16.0.16 (/opt/ros/humble/share/rclcpp/cmake)
[0.905s] -- Found rosidl_generator_c: 3.1.7 (/opt/ros/humble/share/rosidl_generator_c/cmake)
[0.910s] -- Found rosidl_adapter: 3.1.7 (/opt/ros/humble/share/rosidl_adapter/cmake)
[0.919s] -- Found rosidl_generator_cpp: 3.1.7 (/opt/ros/humble/share/rosidl_generator_cpp/cmake)
[0.927s] -- Using all available rosidl_typesupport_c: rosidl_typesupport_fastrtps_c;rosidl_typesupport_introspection_c
[0.937s] -- Using all available rosidl_typesupport_cpp: rosidl_typesupport_fastrtps_cpp;rosidl_typesupport_introspection_cpp
[0.968s] -- Found rmw_implementation_cmake: 6.1.2 (/opt/ros/humble/share/rmw_implementation_cmake/cmake)
[0.969s] -- Found rmw_cyclonedds_cpp: 1.3.4 (/opt/ros/humble/share/rmw_cyclonedds_cpp/cmake)
[0.983s] -- Using RMW implementation 'rmw_cyclonedds_cpp' as default
[0.991s] -- Looking for pthread.h
[1.085s] -- Looking for pthread.h - found
[1.085s] -- Performing Test CMAKE_HAVE_LIBC_PTHREAD
[1.199s] -- Performing Test CMAKE_HAVE_LIBC_PTHREAD - Success
[1.199s] -- Found Threads: TRUE  
[1.246s] -- Found geometry_msgs: 4.9.0 (/opt/ros/humble/share/geometry_msgs/cmake)
[1.255s] -- Found nav_msgs: 4.9.0 (/opt/ros/humble/share/nav_msgs/cmake)
[1.268s] -- Found traj_utils: 0.0.0 (/home/rizy/planner/3d-navi/3d-navi-ros2_v1/install/traj_utils/share/traj_utils/cmake)
[1.291s] -- Found Boost: /usr/lib/x86_64-linux-gnu/cmake/Boost-1.74.0/BoostConfig.cmake (found version "1.74.0") found components: thread 
[1.302s] -- Found ament_lint_auto: 0.12.14 (/opt/ros/humble/share/ament_lint_auto/cmake)
[1.426s] -- Added test 'cppcheck' to perform static code analysis on C / C++ code
[1.426s] -- Configured cppcheck include dirs: /home/rizy/planner/3d-navi/3d-navi-ros2_v1/src/planner/rosmsg_tcp_bridge/include
[1.426s] -- Configured cppcheck exclude dirs and/or files: 
[1.426s] -- Added test 'flake8' to check Python code syntax and style conventions
[1.426s] -- Added test 'lint_cmake' to check CMake code style
[1.426s] -- Added test 'pep257' to check Python code against some of the docstring style conventions in PEP 257
[1.427s] -- Added test 'uncrustify' to check C / C++ code style
[1.428s] -- Configured uncrustify additional arguments: 
[1.428s] -- Added test 'xmllint' to check XML markup files
[1.429s] -- Configuring done
[1.442s] CMake Warning at CMakeLists.txt:44 (add_executable):
[1.442s]   Cannot generate a safe runtime search path for target bridge_node because
[1.442s]   files in some directories may conflict with libraries in implicit
[1.442s]   directories:
[1.442s] 
[1.442s]     runtime library [libpython3.10.so.1.0] in /usr/lib/x86_64-linux-gnu may be hidden by files in:
[1.442s]       /home/rizy/anaconda3/envs/myenv/lib
[1.442s] 
[1.442s]   Some of these libraries may not be found correctly.
[1.442s] 
[1.442s] 
[1.443s] -- Generating done
[1.445s] -- Build files have been written to: /home/rizy/planner/3d-navi/3d-navi-ros2_v1/build/rosmsg_tcp_bridge
[1.456s] Invoked command in '/home/rizy/planner/3d-navi/3d-navi-ros2_v1/build/rosmsg_tcp_bridge' returned '0': AMENT_PREFIX_PATH=/home/rizy/planner/3d-navi/3d-navi-ros2_v1/install/traj_utils:${AMENT_PREFIX_PATH} CMAKE_PREFIX_PATH=/home/rizy/planner/3d-navi/3d-navi-ros2_v1/install/traj_utils:/opt/ros/humble CONDA_PROMPT_MODIFIER=(myenv) LD_LIBRARY_PATH=/home/rizy/planner/3d-navi/3d-navi-ros2_v1/install/traj_utils/lib:${LD_LIBRARY_PATH} PYTHONPATH=/home/rizy/planner/3d-navi/3d-navi-ros2_v1/install/traj_utils/local/lib/python3.10/dist-packages:/home/rizy/planner/3d-navi/3d-navi-ros2_v1/install/traj_utils/lib/python3.10/site-packages:${PYTHONPATH} /usr/bin/cmake /home/rizy/planner/3d-navi/3d-navi-ros2_v1/src/planner/rosmsg_tcp_bridge -DPython3_EXECUTABLE=/usr/bin/python3 -Dfmt_DIR=/usr/lib/x86_64-linux-gnu/cmake/fmt -DAMENT_CMAKE_SYMLINK_INSTALL=1 -DCMAKE_INSTALL_PREFIX=/home/rizy/planner/3d-navi/3d-navi-ros2_v1/install/rosmsg_tcp_bridge
[1.457s] Invoking command in '/home/rizy/planner/3d-navi/3d-navi-ros2_v1/build/rosmsg_tcp_bridge': AMENT_PREFIX_PATH=/home/rizy/planner/3d-navi/3d-navi-ros2_v1/install/traj_utils:${AMENT_PREFIX_PATH} CMAKE_PREFIX_PATH=/home/rizy/planner/3d-navi/3d-navi-ros2_v1/install/traj_utils:/opt/ros/humble CONDA_PROMPT_MODIFIER=(myenv) LD_LIBRARY_PATH=/home/rizy/planner/3d-navi/3d-navi-ros2_v1/install/traj_utils/lib:${LD_LIBRARY_PATH} PYTHONPATH=/home/rizy/planner/3d-navi/3d-navi-ros2_v1/install/traj_utils/local/lib/python3.10/dist-packages:/home/rizy/planner/3d-navi/3d-navi-ros2_v1/install/traj_utils/lib/python3.10/site-packages:${PYTHONPATH} /usr/bin/cmake --build /home/rizy/planner/3d-navi/3d-navi-ros2_v1/build/rosmsg_tcp_bridge -- -j32 -l32
[1.519s] [ 50%] Building CXX object CMakeFiles/bridge_node.dir/src/bridge_node.cpp.o
[6.793s] /home/rizy/planner/3d-navi/3d-navi-ros2_v1/src/planner/rosmsg_tcp_bridge/src/bridge_node.cpp: In function ‘int wait_connection_from_previous_drone(int, int&, int&)’:
[6.794s] /home/rizy/planner/3d-navi/3d-navi-ros2_v1/src/planner/rosmsg_tcp_bridge/src/bridge_node.cpp:118:51: warning: unused parameter ‘port’ [-Wunused-parameter]
[6.794s]   118 | int wait_connection_from_previous_drone(const int port, int &server_fd, int &new_socket)
[6.794s]       |                                         ~~~~~~~~~~^~~~
[6.798s] /home/rizy/planner/3d-navi/3d-navi-ros2_v1/src/planner/rosmsg_tcp_bridge/src/bridge_node.cpp: In function ‘int serializeStop(const std::shared_ptr<const std_msgs::msg::Empty_<std::allocator<void> > >&)’:
[6.798s] /home/rizy/planner/3d-navi/3d-navi-ros2_v1/src/planner/rosmsg_tcp_bridge/src/bridge_node.cpp:362:70: warning: unused parameter ‘msg’ [-Wunused-parameter]
[6.798s]   362 | int serializeStop(const std::shared_ptr<const std_msgs::msg::Empty> &msg)
[6.798s]       |                   ~~~~~~~~~~~~~~~~~~~~~~~~~~~~~~~~~~~~~~~~~~~~~~~~~~~^~~
[6.800s] /home/rizy/planner/3d-navi/3d-navi-ros2_v1/src/planner/rosmsg_tcp_bridge/src/bridge_node.cpp: In function ‘int deserializeStop(std::shared_ptr<std_msgs::msg::Empty_<std::allocator<void> > >&)’:
[6.800s] /home/rizy/planner/3d-navi/3d-navi-ros2_v1/src/planner/rosmsg_tcp_bridge/src/bridge_node.cpp:483:60: warning: unused parameter ‘msg’ [-Wunused-parameter]
[6.800s]   483 | int deserializeStop(std::shared_ptr<std_msgs::msg::Empty> &msg)
[6.800s]       |                     ~~~~~~~~~~~~~~~~~~~~~~~~~~~~~~~~~~~~~~~^~~
[26.793s] [100%] Linking CXX executable bridge_node
[27.109s] [100%] Built target bridge_node
[27.121s] Invoked command in '/home/rizy/planner/3d-navi/3d-navi-ros2_v1/build/rosmsg_tcp_bridge' returned '0': AMENT_PREFIX_PATH=/home/rizy/planner/3d-navi/3d-navi-ros2_v1/install/traj_utils:${AMENT_PREFIX_PATH} CMAKE_PREFIX_PATH=/home/rizy/planner/3d-navi/3d-navi-ros2_v1/install/traj_utils:/opt/ros/humble CONDA_PROMPT_MODIFIER=(myenv) LD_LIBRARY_PATH=/home/rizy/planner/3d-navi/3d-navi-ros2_v1/install/traj_utils/lib:${LD_LIBRARY_PATH} PYTHONPATH=/home/rizy/planner/3d-navi/3d-navi-ros2_v1/install/traj_utils/local/lib/python3.10/dist-packages:/home/rizy/planner/3d-navi/3d-navi-ros2_v1/install/traj_utils/lib/python3.10/site-packages:${PYTHONPATH} /usr/bin/cmake --build /home/rizy/planner/3d-navi/3d-navi-ros2_v1/build/rosmsg_tcp_bridge -- -j32 -l32
[27.125s] Invoking command in '/home/rizy/planner/3d-navi/3d-navi-ros2_v1/build/rosmsg_tcp_bridge': AMENT_PREFIX_PATH=/home/rizy/planner/3d-navi/3d-navi-ros2_v1/install/traj_utils:${AMENT_PREFIX_PATH} CMAKE_PREFIX_PATH=/home/rizy/planner/3d-navi/3d-navi-ros2_v1/install/traj_utils:/opt/ros/humble CONDA_PROMPT_MODIFIER=(myenv) LD_LIBRARY_PATH=/home/rizy/planner/3d-navi/3d-navi-ros2_v1/install/traj_utils/lib:${LD_LIBRARY_PATH} PYTHONPATH=/home/rizy/planner/3d-navi/3d-navi-ros2_v1/install/traj_utils/local/lib/python3.10/dist-packages:/home/rizy/planner/3d-navi/3d-navi-ros2_v1/install/traj_utils/lib/python3.10/site-packages:${PYTHONPATH} /usr/bin/cmake --install /home/rizy/planner/3d-navi/3d-navi-ros2_v1/build/rosmsg_tcp_bridge
[27.135s] -- Install configuration: "Release"
[27.136s] -- Execute custom install script
[27.137s] -- Symlinking: /home/rizy/planner/3d-navi/3d-navi-ros2_v1/install/rosmsg_tcp_bridge/lib/rosmsg_tcp_bridge/bridge_node
[27.159s] -- Symlinking: /home/rizy/planner/3d-navi/3d-navi-ros2_v1/install/rosmsg_tcp_bridge/share/rosmsg_tcp_bridge/launch/bridge.launch.py
[27.166s] -- Symlinking: /home/rizy/planner/3d-navi/3d-navi-ros2_v1/install/rosmsg_tcp_bridge/share/ament_index/resource_index/package_run_dependencies/rosmsg_tcp_bridge
[27.173s] -- Symlinking: /home/rizy/planner/3d-navi/3d-navi-ros2_v1/install/rosmsg_tcp_bridge/share/ament_index/resource_index/parent_prefix_path/rosmsg_tcp_bridge
[27.178s] -- Symlinking: /home/rizy/planner/3d-navi/3d-navi-ros2_v1/install/rosmsg_tcp_bridge/share/rosmsg_tcp_bridge/environment/ament_prefix_path.sh
[27.184s] -- Symlinking: /home/rizy/planner/3d-navi/3d-navi-ros2_v1/install/rosmsg_tcp_bridge/share/rosmsg_tcp_bridge/environment/ament_prefix_path.dsv
[27.191s] -- Symlinking: /home/rizy/planner/3d-navi/3d-navi-ros2_v1/install/rosmsg_tcp_bridge/share/rosmsg_tcp_bridge/environment/path.sh
[27.197s] -- Symlinking: /home/rizy/planner/3d-navi/3d-navi-ros2_v1/install/rosmsg_tcp_bridge/share/rosmsg_tcp_bridge/environment/path.dsv
[27.204s] -- Symlinking: /home/rizy/planner/3d-navi/3d-navi-ros2_v1/install/rosmsg_tcp_bridge/share/rosmsg_tcp_bridge/local_setup.bash
[27.210s] -- Symlinking: /home/rizy/planner/3d-navi/3d-navi-ros2_v1/install/rosmsg_tcp_bridge/share/rosmsg_tcp_bridge/local_setup.sh
[27.217s] -- Symlinking: /home/rizy/planner/3d-navi/3d-navi-ros2_v1/install/rosmsg_tcp_bridge/share/rosmsg_tcp_bridge/local_setup.zsh
[27.223s] -- Symlinking: /home/rizy/planner/3d-navi/3d-navi-ros2_v1/install/rosmsg_tcp_bridge/share/rosmsg_tcp_bridge/local_setup.dsv
[27.229s] -- Symlinking: /home/rizy/planner/3d-navi/3d-navi-ros2_v1/install/rosmsg_tcp_bridge/share/rosmsg_tcp_bridge/package.dsv
[27.240s] -- Symlinking: /home/rizy/planner/3d-navi/3d-navi-ros2_v1/install/rosmsg_tcp_bridge/share/ament_index/resource_index/packages/rosmsg_tcp_bridge
[27.263s] -- Symlinking: /home/rizy/planner/3d-navi/3d-navi-ros2_v1/install/rosmsg_tcp_bridge/share/rosmsg_tcp_bridge/cmake/rosmsg_tcp_bridgeConfig.cmake
[27.269s] -- Symlinking: /home/rizy/planner/3d-navi/3d-navi-ros2_v1/install/rosmsg_tcp_bridge/share/rosmsg_tcp_bridge/cmake/rosmsg_tcp_bridgeConfig-version.cmake
[27.275s] -- Symlinking: /home/rizy/planner/3d-navi/3d-navi-ros2_v1/install/rosmsg_tcp_bridge/share/rosmsg_tcp_bridge/package.xml
[27.283s] Invoked command in '/home/rizy/planner/3d-navi/3d-navi-ros2_v1/build/rosmsg_tcp_bridge' returned '0': AMENT_PREFIX_PATH=/home/rizy/planner/3d-navi/3d-navi-ros2_v1/install/traj_utils:${AMENT_PREFIX_PATH} CMAKE_PREFIX_PATH=/home/rizy/planner/3d-navi/3d-navi-ros2_v1/install/traj_utils:/opt/ros/humble CONDA_PROMPT_MODIFIER=(myenv) LD_LIBRARY_PATH=/home/rizy/planner/3d-navi/3d-navi-ros2_v1/install/traj_utils/lib:${LD_LIBRARY_PATH} PYTHONPATH=/home/rizy/planner/3d-navi/3d-navi-ros2_v1/install/traj_utils/local/lib/python3.10/dist-packages:/home/rizy/planner/3d-navi/3d-navi-ros2_v1/install/traj_utils/lib/python3.10/site-packages:${PYTHONPATH} /usr/bin/cmake --install /home/rizy/planner/3d-navi/3d-navi-ros2_v1/build/rosmsg_tcp_bridge
