[0.022s] Invoking command in '/home/rizy/planner/3d-navi/3d-navi-ros2_v1/build/multi_map_server': AMENT_PREFIX_PATH=/home/rizy/planner/3d-navi/3d-navi-ros2_v1/install/quadrotor_msgs:/home/rizy/planner/3d-navi/3d-navi-ros2_v1/install/pose_utils:${AMENT_PREFIX_PATH} CMAKE_PREFIX_PATH=/home/rizy/planner/3d-navi/3d-navi-ros2_v1/install/quadrotor_msgs:/home/rizy/planner/3d-navi/3d-navi-ros2_v1/install/pose_utils:/opt/ros/humble CONDA_PROMPT_MODIFIER=(myenv) LD_LIBRARY_PATH=/home/rizy/planner/3d-navi/3d-navi-ros2_v1/install/quadrotor_msgs/lib:/home/rizy/planner/3d-navi/3d-navi-ros2_v1/install/pose_utils/lib:${LD_LIBRARY_PATH} PYTHONPATH=/home/rizy/planner/3d-navi/3d-navi-ros2_v1/install/quadrotor_msgs/lib/python3.10/site-packages:${PYTHONPATH} /usr/bin/cmake /home/rizy/planner/3d-navi/3d-navi-ros2_v1/src/uav_simulator/Utils/multi_map_server -DAMENT_CMAKE_SYMLINK_INSTALL=1 -DCMAKE_INSTALL_PREFIX=/home/rizy/planner/3d-navi/3d-navi-ros2_v1/install/multi_map_server
[0.100s] -- The C compiler identification is GNU 11.4.0
[0.153s] -- The CXX compiler identification is GNU 11.4.0
[0.161s] -- Detecting C compiler ABI info
[0.242s] -- Detecting C compiler ABI info - done
[0.246s] -- Check for working C compiler: /usr/bin/cc - skipped
[0.246s] -- Detecting C compile features
[0.246s] -- Detecting C compile features - done
[0.248s] -- Detecting CXX compiler ABI info
[0.341s] -- Detecting CXX compiler ABI info - done
[0.346s] -- Check for working CXX compiler: /usr/bin/c++ - skipped
[0.346s] -- Detecting CXX compile features
[0.346s] -- Detecting CXX compile features - done
[0.348s] -- Found ament_cmake: 1.3.12 (/opt/ros/humble/share/ament_cmake/cmake)
[0.780s] -- Found Python3: /home/rizy/anaconda3/envs/myenv/bin/python3 (found version "3.10.19") found components: Interpreter 
[0.845s] -- Override CMake install command with custom implementation using symlinks instead of copying resources
[0.885s] -- Found rclcpp: 16.0.16 (/opt/ros/humble/share/rclcpp/cmake)
[0.928s] -- Found rosidl_generator_c: 3.1.7 (/opt/ros/humble/share/rosidl_generator_c/cmake)
[0.934s] -- Found rosidl_adapter: 3.1.7 (/opt/ros/humble/share/rosidl_adapter/cmake)
[0.942s] -- Found rosidl_generator_cpp: 3.1.7 (/opt/ros/humble/share/rosidl_generator_cpp/cmake)
[0.953s] -- Using all available rosidl_typesupport_c: rosidl_typesupport_fastrtps_c;rosidl_typesupport_introspection_c
[0.969s] -- Using all available rosidl_typesupport_cpp: rosidl_typesupport_fastrtps_cpp;rosidl_typesupport_introspection_cpp
[1.012s] -- Found rmw_implementation_cmake: 6.1.2 (/opt/ros/humble/share/rmw_implementation_cmake/cmake)
[1.015s] -- Found rmw_cyclonedds_cpp: 1.3.4 (/opt/ros/humble/share/rmw_cyclonedds_cpp/cmake)
[1.035s] -- Using RMW implementation 'rmw_cyclonedds_cpp' as default
[1.048s] -- Looking for pthread.h
[1.142s] -- Looking for pthread.h - found
[1.142s] -- Performing Test CMAKE_HAVE_LIBC_PTHREAD
[1.243s] -- Performing Test CMAKE_HAVE_LIBC_PTHREAD - Success
[1.244s] -- Found Threads: TRUE  
[1.291s] -- Found geometry_msgs: 4.9.0 (/opt/ros/humble/share/geometry_msgs/cmake)
[1.302s] -- Found visualization_msgs: 4.9.0 (/opt/ros/humble/share/visualization_msgs/cmake)
[1.334s] -- Found nav_msgs: 4.9.0 (/opt/ros/humble/share/nav_msgs/cmake)
[1.348s] -- Found pose_utils: 0.0.0 (/home/rizy/planner/3d-navi/3d-navi-ros2_v1/install/pose_utils/share/pose_utils/cmake)
[1.351s] -- Found tf2: 0.25.17 (/opt/ros/humble/share/tf2/cmake)
[1.364s] -- Found tf2_geometry_msgs: 0.25.17 (/opt/ros/humble/share/tf2_geometry_msgs/cmake)
[1.386s] -- Found eigen3_cmake_module: 0.1.1 (/opt/ros/humble/share/eigen3_cmake_module/cmake)
[1.387s] -- Found Eigen3: TRUE (found version "3.4.0") 
[1.387s] -- Ensuring Eigen3 include directory is part of orocos-kdl CMake target
[1.454s] -- Found quadrotor_msgs: 0.0.0 (/home/rizy/planner/3d-navi/3d-navi-ros2_v1/install/quadrotor_msgs/share/quadrotor_msgs/cmake)
[1.473s] -- Found laser_geometry: 2.4.1 (/opt/ros/humble/share/laser_geometry/cmake)
[1.477s] -- Found rosidl_default_generators: 1.2.0 (/opt/ros/humble/share/rosidl_default_generators/cmake)
[1.486s] -- Found Armadillo: /usr/include (found version "10.8.2") 
[1.913s] -- Found ament_cmake_ros: 0.10.0 (/opt/ros/humble/share/ament_cmake_ros/cmake)
[2.436s] -- Using all available rosidl_typesupport_c: rosidl_typesupport_fastrtps_c;rosidl_typesupport_introspection_c
[2.637s] -- Using all available rosidl_typesupport_cpp: rosidl_typesupport_fastrtps_cpp;rosidl_typesupport_introspection_cpp
[2.658s] -- Found PythonInterp: /home/rizy/anaconda3/envs/myenv/bin/python3 (found suitable version "3.10.19", minimum required is "3.6") 
[2.661s] -- Found python_cmake_module: 0.10.0 (/opt/ros/humble/share/python_cmake_module/cmake)
[2.695s] -- Found PythonLibs: /home/rizy/anaconda3/envs/myenv/lib/libpython3.10.so (found suitable version "3.10.19", minimum required is "3.5") 
[2.695s] -- Using PYTHON_EXECUTABLE: /home/rizy/anaconda3/envs/myenv/bin/python3
[2.695s] -- Using PYTHON_INCLUDE_DIRS: /home/rizy/anaconda3/envs/myenv/include/python3.10
[2.695s] -- Using PYTHON_LIBRARIES: /home/rizy/anaconda3/envs/myenv/lib/libpython3.10.so
[2.716s] -- Found PythonExtra: .so  
[2.999s] -- Using numpy include directory: /home/rizy/.local/lib/python3.10/site-packages/numpy/core/include
[3.016s] -- Found ament_lint_auto: 0.12.14 (/opt/ros/humble/share/ament_lint_auto/cmake)
[3.040s] -- Added test 'cppcheck' to perform static code analysis on C / C++ code
[3.040s] -- Configured cppcheck include dirs: /home/rizy/planner/3d-navi/3d-navi-ros2_v1/src/uav_simulator/Utils/multi_map_server/include
[3.040s] -- Configured cppcheck exclude dirs and/or files: 
[3.041s] -- Added test 'lint_cmake' to check CMake code style
[3.042s] -- Added test 'uncrustify' to check C / C++ code style
[3.042s] -- Configured uncrustify additional arguments: 
[3.042s] -- Added test 'xmllint' to check XML markup files
[3.045s] -- Configuring done
[3.079s] [33mCMake Warning at /opt/ros/humble/share/rosidl_generator_py/cmake/rosidl_generator_py_generate_interfaces.cmake:166 (add_library):
[3.079s]   Cannot generate a safe runtime search path for target
[3.079s]   multi_map_server__rosidl_generator_py because files in some directories may
[3.079s]   conflict with libraries in implicit directories:
[3.079s] 
[3.079s]     runtime library [libpython3.10.so.1.0] in /usr/lib/x86_64-linux-gnu may be hidden by files in:
[3.079s]       /home/rizy/anaconda3/envs/myenv/lib
[3.079s] 
[3.079s]   Some of these libraries may not be found correctly.
[3.079s] Call Stack (most recent call first):
[3.079s]   /opt/ros/humble/share/ament_cmake_core/cmake/core/ament_execute_extensions.cmake:48 (include)
[3.079s]   /opt/ros/humble/share/rosidl_cmake/cmake/rosidl_generate_interfaces.cmake:286 (ament_execute_extensions)
[3.079s]   CMakeLists.txt:31 (rosidl_generate_interfaces)
[3.079s] 
[3.079s] [0m
[3.083s] [33mCMake Warning at /opt/ros/humble/share/rosidl_generator_py/cmake/rosidl_generator_py_generate_interfaces.cmake:226 (add_library):
[3.083s]   Cannot generate a safe runtime search path for target
[3.083s]   multi_map_server__rosidl_typesupport_fastrtps_c__pyext because files in
[3.083s]   some directories may conflict with libraries in implicit directories:
[3.083s] 
[3.083s]     runtime library [libpython3.10.so.1.0] in /usr/lib/x86_64-linux-gnu may be hidden by files in:
[3.083s]       /home/rizy/anaconda3/envs/myenv/lib
[3.083s] 
[3.083s]   Some of these libraries may not be found correctly.
[3.083s] Call Stack (most recent call first):
[3.083s]   /opt/ros/humble/share/ament_cmake_core/cmake/core/ament_execute_extensions.cmake:48 (include)
[3.083s]   /opt/ros/humble/share/rosidl_cmake/cmake/rosidl_generate_interfaces.cmake:286 (ament_execute_extensions)
[3.083s]   CMakeLists.txt:31 (rosidl_generate_interfaces)
[3.084s] 
[3.084s] [0m
[3.087s] [33mCMake Warning at /opt/ros/humble/share/rosidl_generator_py/cmake/rosidl_generator_py_generate_interfaces.cmake:226 (add_library):
[3.088s]   Cannot generate a safe runtime search path for target
[3.088s]   multi_map_server__rosidl_typesupport_introspection_c__pyext because files
[3.088s]   in some directories may conflict with libraries in implicit directories:
[3.088s] 
[3.088s]     runtime library [libpython3.10.so.1.0] in /usr/lib/x86_64-linux-gnu may be hidden by files in:
[3.088s]       /home/rizy/anaconda3/envs/myenv/lib
[3.088s] 
[3.088s]   Some of these libraries may not be found correctly.
[3.088s] Call Stack (most recent call first):
[3.088s]   /opt/ros/humble/share/ament_cmake_core/cmake/core/ament_execute_extensions.cmake:48 (include)
[3.088s]   /opt/ros/humble/share/rosidl_cmake/cmake/rosidl_generate_interfaces.cmake:286 (ament_execute_extensions)
[3.088s]   CMakeLists.txt:31 (rosidl_generate_interfaces)
[3.088s] 
[3.088s] [0m
[3.098s] [33mCMake Warning at /opt/ros/humble/share/rosidl_generator_py/cmake/rosidl_generator_py_generate_interfaces.cmake:226 (add_library):
[3.099s]   Cannot generate a safe runtime search path for target
[3.099s]   multi_map_server__rosidl_typesupport_c__pyext because files in some
[3.099s]   directories may conflict with libraries in implicit directories:
[3.099s] 
[3.099s]     runtime library [libpython3.10.so.1.0] in /usr/lib/x86_64-linux-gnu may be hidden by files in:
[3.099s]       /home/rizy/anaconda3/envs/myenv/lib
[3.099s] 
[3.099s]   Some of these libraries may not be found correctly.
[3.099s] Call Stack (most recent call first):
[3.099s]   /opt/ros/humble/share/ament_cmake_core/cmake/core/ament_execute_extensions.cmake:48 (include)
[3.099s]   /opt/ros/humble/share/rosidl_cmake/cmake/rosidl_generate_interfaces.cmake:286 (ament_execute_extensions)
[3.099s]   CMakeLists.txt:31 (rosidl_generate_interfaces)
[3.099s] 
[3.099s] [0m
[3.108s] -- Generating done
[3.122s] -- Build files have been written to: /home/rizy/planner/3d-navi/3d-navi-ros2_v1/build/multi_map_server
[3.157s] Invoked command in '/home/rizy/planner/3d-navi/3d-navi-ros2_v1/build/multi_map_server' returned '0': AMENT_PREFIX_PATH=/home/rizy/planner/3d-navi/3d-navi-ros2_v1/install/quadrotor_msgs:/home/rizy/planner/3d-navi/3d-navi-ros2_v1/install/pose_utils:${AMENT_PREFIX_PATH} CMAKE_PREFIX_PATH=/home/rizy/planner/3d-navi/3d-navi-ros2_v1/install/quadrotor_msgs:/home/rizy/planner/3d-navi/3d-navi-ros2_v1/install/pose_utils:/opt/ros/humble CONDA_PROMPT_MODIFIER=(myenv) LD_LIBRARY_PATH=/home/rizy/planner/3d-navi/3d-navi-ros2_v1/install/quadrotor_msgs/lib:/home/rizy/planner/3d-navi/3d-navi-ros2_v1/install/pose_utils/lib:${LD_LIBRARY_PATH} PYTHONPATH=/home/rizy/planner/3d-navi/3d-navi-ros2_v1/install/quadrotor_msgs/lib/python3.10/site-packages:${PYTHONPATH} /usr/bin/cmake /home/rizy/planner/3d-navi/3d-navi-ros2_v1/src/uav_simulator/Utils/multi_map_server -DAMENT_CMAKE_SYMLINK_INSTALL=1 -DCMAKE_INSTALL_PREFIX=/home/rizy/planner/3d-navi/3d-navi-ros2_v1/install/multi_map_server
[3.159s] Invoking command in '/home/rizy/planner/3d-navi/3d-navi-ros2_v1/build/multi_map_server': AMENT_PREFIX_PATH=/home/rizy/planner/3d-navi/3d-navi-ros2_v1/install/quadrotor_msgs:/home/rizy/planner/3d-navi/3d-navi-ros2_v1/install/pose_utils:${AMENT_PREFIX_PATH} CMAKE_PREFIX_PATH=/home/rizy/planner/3d-navi/3d-navi-ros2_v1/install/quadrotor_msgs:/home/rizy/planner/3d-navi/3d-navi-ros2_v1/install/pose_utils:/opt/ros/humble CONDA_PROMPT_MODIFIER=(myenv) LD_LIBRARY_PATH=/home/rizy/planner/3d-navi/3d-navi-ros2_v1/install/quadrotor_msgs/lib:/home/rizy/planner/3d-navi/3d-navi-ros2_v1/install/pose_utils/lib:${LD_LIBRARY_PATH} PYTHONPATH=/home/rizy/planner/3d-navi/3d-navi-ros2_v1/install/quadrotor_msgs/lib/python3.10/site-packages:${PYTHONPATH} /usr/bin/cmake --build /home/rizy/planner/3d-navi/3d-navi-ros2_v1/build/multi_map_server -- -j32 -l32
[3.226s] [  1%] [34m[1mGenerating C code for ROS interfaces[0m
[3.234s] [  3%] [34m[1mGenerating C++ code for ROS interfaces[0m
[3.247s] [  3%] Built target ament_cmake_python_symlink_multi_map_server
[3.449s] running egg_info
[3.456s] creating multi_map_server.egg-info
[3.456s] writing multi_map_server.egg-info/PKG-INFO
[3.456s] writing dependency_links to multi_map_server.egg-info/dependency_links.txt
[3.456s] writing top-level names to multi_map_server.egg-info/top_level.txt
[3.457s] writing manifest file 'multi_map_server.egg-info/SOURCES.txt'
[3.479s] reading manifest file 'multi_map_server.egg-info/SOURCES.txt'
[3.480s] writing manifest file 'multi_map_server.egg-info/SOURCES.txt'
[3.544s] [  3%] Built target ament_cmake_python_build_multi_map_server_egg
[3.550s] [  3%] Built target multi_map_server__cpp
[3.562s] [  7%] [34m[1mGenerating C++ type support dispatch for ROS interfaces[0m
[3.562s] [  7%] [34m[1mGenerating C++ introspection for ROS interfaces[0m
[3.563s] [  8%] [34m[1mGenerating C++ type support for eProsima Fast-RTPS[0m
[3.697s] [ 15%] [32mBuilding C object CMakeFiles/multi_map_server__rosidl_generator_c.dir/rosidl_generator_c/multi_map_server/msg/detail/multi_sparse_map3_d__functions.c.o[0m
[3.698s] [ 15%] [32mBuilding C object CMakeFiles/multi_map_server__rosidl_generator_c.dir/rosidl_generator_c/multi_map_server/msg/detail/vertical_occupancy_grid_list__functions.c.o[0m
[3.698s] [ 15%] [32mBuilding C object CMakeFiles/multi_map_server__rosidl_generator_c.dir/rosidl_generator_c/multi_map_server/msg/detail/multi_occupancy_grid__functions.c.o[0m
[3.698s] [ 15%] [32mBuilding C object CMakeFiles/multi_map_server__rosidl_generator_c.dir/rosidl_generator_c/multi_map_server/msg/detail/sparse_map3_d__functions.c.o[0m
[3.825s] [ 17%] [32m[1mLinking C shared library libmulti_map_server__rosidl_generator_c.so[0m
[3.900s] [ 17%] Built target multi_map_server__rosidl_generator_c
[3.919s] [ 19%] [34m[1mGenerating C type support dispatch for ROS interfaces[0m
[3.922s] [ 22%] [34m[1mGenerating C type support for eProsima Fast-RTPS[0m
[3.922s] [ 22%] [34m[1mGenerating C introspection for ROS interfaces[0m
[3.941s] [ 24%] [32mBuilding CXX object CMakeFiles/multi_map_server__rosidl_typesupport_cpp.dir/rosidl_typesupport_cpp/multi_map_server/msg/multi_occupancy_grid__type_support.cpp.o[0m
[3.942s] [ 26%] [32mBuilding CXX object CMakeFiles/multi_map_server__rosidl_typesupport_cpp.dir/rosidl_typesupport_cpp/multi_map_server/msg/vertical_occupancy_grid_list__type_support.cpp.o[0m
[3.943s] [ 28%] [32mBuilding CXX object CMakeFiles/multi_map_server__rosidl_typesupport_cpp.dir/rosidl_typesupport_cpp/multi_map_server/msg/multi_sparse_map3_d__type_support.cpp.o[0m
[3.948s] [ 29%] [32mBuilding CXX object CMakeFiles/multi_map_server__rosidl_typesupport_cpp.dir/rosidl_typesupport_cpp/multi_map_server/msg/sparse_map3_d__type_support.cpp.o[0m
[3.970s] [ 33%] [32mBuilding CXX object CMakeFiles/multi_map_server__rosidl_typesupport_fastrtps_cpp.dir/rosidl_typesupport_fastrtps_cpp/multi_map_server/msg/detail/dds_fastrtps/multi_sparse_map3_d__type_support.cpp.o[0m
[3.970s] [ 33%] [32mBuilding CXX object CMakeFiles/multi_map_server__rosidl_typesupport_fastrtps_cpp.dir/rosidl_typesupport_fastrtps_cpp/multi_map_server/msg/detail/dds_fastrtps/multi_occupancy_grid__type_support.cpp.o[0m
[3.974s] [ 35%] [32mBuilding CXX object CMakeFiles/multi_map_server__rosidl_typesupport_fastrtps_cpp.dir/rosidl_typesupport_fastrtps_cpp/multi_map_server/msg/detail/dds_fastrtps/sparse_map3_d__type_support.cpp.o[0m
[3.981s] [ 36%] [32mBuilding CXX object CMakeFiles/multi_map_server__rosidl_typesupport_fastrtps_cpp.dir/rosidl_typesupport_fastrtps_cpp/multi_map_server/msg/detail/dds_fastrtps/vertical_occupancy_grid_list__type_support.cpp.o[0m
[4.015s] [ 40%] [32mBuilding CXX object CMakeFiles/multi_map_server__rosidl_typesupport_introspection_cpp.dir/rosidl_typesupport_introspection_cpp/multi_map_server/msg/detail/multi_sparse_map3_d__type_support.cpp.o[0m
[4.016s] [ 40%] [32mBuilding CXX object CMakeFiles/multi_map_server__rosidl_typesupport_introspection_cpp.dir/rosidl_typesupport_introspection_cpp/multi_map_server/msg/detail/vertical_occupancy_grid_list__type_support.cpp.o[0m
[4.030s] [ 43%] [32mBuilding CXX object CMakeFiles/multi_map_server__rosidl_typesupport_introspection_cpp.dir/rosidl_typesupport_introspection_cpp/multi_map_server/msg/detail/sparse_map3_d__type_support.cpp.o[0m
[4.031s] [ 43%] [32mBuilding CXX object CMakeFiles/multi_map_server__rosidl_typesupport_introspection_cpp.dir/rosidl_typesupport_introspection_cpp/multi_map_server/msg/detail/multi_occupancy_grid__type_support.cpp.o[0m
[4.376s] [ 45%] [32m[1mLinking CXX shared library libmulti_map_server__rosidl_typesupport_cpp.so[0m
[4.386s] [ 47%] [32mBuilding CXX object CMakeFiles/multi_map_server__rosidl_typesupport_c.dir/rosidl_typesupport_c/multi_map_server/msg/sparse_map3_d__type_support.cpp.o[0m
[4.390s] [ 49%] [32mBuilding CXX object CMakeFiles/multi_map_server__rosidl_typesupport_c.dir/rosidl_typesupport_c/multi_map_server/msg/multi_occupancy_grid__type_support.cpp.o[0m
[4.394s] [ 50%] [32mBuilding CXX object CMakeFiles/multi_map_server__rosidl_typesupport_c.dir/rosidl_typesupport_c/multi_map_server/msg/multi_sparse_map3_d__type_support.cpp.o[0m
[4.412s] [ 52%] [32mBuilding CXX object CMakeFiles/multi_map_server__rosidl_typesupport_c.dir/rosidl_typesupport_c/multi_map_server/msg/vertical_occupancy_grid_list__type_support.cpp.o[0m
[4.461s] [ 54%] [32mBuilding C object CMakeFiles/multi_map_server__rosidl_typesupport_introspection_c.dir/rosidl_typesupport_introspection_c/multi_map_server/msg/detail/multi_sparse_map3_d__type_support.c.o[0m
[4.461s] [ 57%] [32mBuilding C object CMakeFiles/multi_map_server__rosidl_typesupport_introspection_c.dir/rosidl_typesupport_introspection_c/multi_map_server/msg/detail/multi_occupancy_grid__type_support.c.o[0m
[4.461s] [ 57%] [32mBuilding CXX object CMakeFiles/multi_map_server__rosidl_typesupport_fastrtps_c.dir/rosidl_typesupport_fastrtps_c/multi_map_server/msg/detail/multi_occupancy_grid__type_support_c.cpp.o[0m
[4.463s] [ 59%] [32mBuilding C object CMakeFiles/multi_map_server__rosidl_typesupport_introspection_c.dir/rosidl_typesupport_introspection_c/multi_map_server/msg/detail/vertical_occupancy_grid_list__type_support.c.o[0m
[4.469s] [ 61%] [32mBuilding C object CMakeFiles/multi_map_server__rosidl_typesupport_introspection_c.dir/rosidl_typesupport_introspection_c/multi_map_server/msg/detail/sparse_map3_d__type_support.c.o[0m
[4.469s] [ 63%] [32mBuilding CXX object CMakeFiles/multi_map_server__rosidl_typesupport_fastrtps_c.dir/rosidl_typesupport_fastrtps_c/multi_map_server/msg/detail/vertical_occupancy_grid_list__type_support_c.cpp.o[0m
[4.470s] [ 64%] [32mBuilding CXX object CMakeFiles/multi_map_server__rosidl_typesupport_fastrtps_c.dir/rosidl_typesupport_fastrtps_c/multi_map_server/msg/detail/sparse_map3_d__type_support_c.cpp.o[0m
[4.471s] [ 66%] [32mBuilding CXX object CMakeFiles/multi_map_server__rosidl_typesupport_fastrtps_c.dir/rosidl_typesupport_fastrtps_c/multi_map_server/msg/detail/multi_sparse_map3_d__type_support_c.cpp.o[0m
[4.481s] [ 68%] [32m[1mLinking CXX shared library libmulti_map_server__rosidl_typesupport_c.so[0m
[4.481s] [ 68%] Built target multi_map_server__rosidl_typesupport_cpp
[4.559s] [ 70%] [32mBuilding CXX object CMakeFiles/multi_map_visualization.dir/src/multi_map_visualization.cc.o[0m
[4.584s] [ 71%] [32m[1mLinking C shared library libmulti_map_server__rosidl_typesupport_introspection_c.so[0m
[4.612s] [ 71%] Built target multi_map_server__rosidl_typesupport_c
[4.670s] [ 71%] Built target multi_map_server__rosidl_typesupport_introspection_c
[4.911s] [ 73%] [32m[1mLinking CXX shared library libmulti_map_server__rosidl_typesupport_fastrtps_cpp.so[0m
[5.035s] [ 75%] [32m[1mLinking CXX shared library libmulti_map_server__rosidl_typesupport_fastrtps_c.so[0m
[5.074s] [ 75%] Built target multi_map_server__rosidl_typesupport_fastrtps_cpp
[5.132s] [ 77%] [32m[1mLinking CXX shared library libmulti_map_server__rosidl_typesupport_introspection_cpp.so[0m
[5.155s] [ 77%] Built target multi_map_server__rosidl_typesupport_fastrtps_c
[5.319s] [ 77%] Built target multi_map_server__rosidl_typesupport_introspection_cpp
[5.350s] [ 77%] Built target multi_map_server
[5.386s] [ 78%] [34m[1mGenerating Python code for ROS interfaces[0m
[5.797s] [ 78%] Built target multi_map_server__py
[5.833s] [ 80%] [32mBuilding C object CMakeFiles/multi_map_server__rosidl_generator_py.dir/rosidl_generator_py/multi_map_server/msg/_vertical_occupancy_grid_list_s.c.o[0m
[5.833s] [ 85%] [32mBuilding C object CMakeFiles/multi_map_server__rosidl_generator_py.dir/rosidl_generator_py/multi_map_server/msg/_multi_sparse_map3_d_s.c.o[0m
[5.834s] [ 85%] [32mBuilding C object CMakeFiles/multi_map_server__rosidl_generator_py.dir/rosidl_generator_py/multi_map_server/msg/_multi_occupancy_grid_s.c.o[0m
[5.834s] [ 85%] [32mBuilding C object CMakeFiles/multi_map_server__rosidl_generator_py.dir/rosidl_generator_py/multi_map_server/msg/_sparse_map3_d_s.c.o[0m
[6.050s] [ 87%] [32m[1mLinking C shared library rosidl_generator_py/multi_map_server/libmulti_map_server__rosidl_generator_py.so[0m
[6.122s] [ 87%] Built target multi_map_server__rosidl_generator_py
[6.148s] [ 91%] [32mBuilding C object CMakeFiles/multi_map_server__rosidl_typesupport_introspection_c__pyext.dir/rosidl_generator_py/multi_map_server/_multi_map_server_s.ep.rosidl_typesupport_introspection_c.c.o[0m
[6.148s] [ 91%] [32mBuilding C object CMakeFiles/multi_map_server__rosidl_typesupport_fastrtps_c__pyext.dir/rosidl_generator_py/multi_map_server/_multi_map_server_s.ep.rosidl_typesupport_fastrtps_c.c.o[0m
[6.153s] [ 92%] [32mBuilding C object CMakeFiles/multi_map_server__rosidl_typesupport_c__pyext.dir/rosidl_generator_py/multi_map_server/_multi_map_server_s.ep.rosidl_typesupport_c.c.o[0m
[6.338s] [ 96%] [32m[1mLinking C shared library rosidl_generator_py/multi_map_server/multi_map_server_s__rosidl_typesupport_introspection_c.cpython-310-x86_64-linux-gnu.so[0m
[6.338s] [ 96%] [32m[1mLinking C shared library rosidl_generator_py/multi_map_server/multi_map_server_s__rosidl_typesupport_fastrtps_c.cpython-310-x86_64-linux-gnu.so[0m
[6.338s] [ 98%] [32m[1mLinking C shared library rosidl_generator_py/multi_map_server/multi_map_server_s__rosidl_typesupport_c.cpython-310-x86_64-linux-gnu.so[0m
[6.408s] [ 98%] Built target multi_map_server__rosidl_typesupport_introspection_c__pyext
[6.413s] [ 98%] Built target multi_map_server__rosidl_typesupport_c__pyext
[6.413s] [ 98%] Built target multi_map_server__rosidl_typesupport_fastrtps_c__pyext
[10.415s] [01m[K/home/rizy/planner/3d-navi/3d-navi-ros2_v1/src/uav_simulator/Utils/multi_map_server/src/multi_map_visualization.cc:18:84:[m[K [01;35m[Kwarning: [m[K‘[01m[Kmulti_map_server::msg::MultiOccupancyGrid_<std::allocator<void> >::ConstPtr[m[K’ is deprecated [[01;35m[K]8;;https://gcc.gnu.org/onlinedocs/gcc/Warning-Options.html#index-Wdeprecated-declarations-Wdeprecated-declarations]8;;[m[K]
[10.416s]    18 | void maps2d_callback(const multi_map_server::msg::MultiOccupancyGrid::ConstPtr &msg[01;35m[K)[m[K
[10.416s]       |                                                                                    [01;35m[K^[m[K
[10.416s] In file included from [01m[K/home/rizy/planner/3d-navi/3d-navi-ros2_v1/build/multi_map_server/rosidl_generator_cpp/multi_map_server/msg/multi_occupancy_grid.hpp:7[m[K,
[10.416s]                  from [01m[K/home/rizy/planner/3d-navi/3d-navi-ros2_v1/src/uav_simulator/Utils/multi_map_server/src/multi_map_visualization.cc:5[m[K:
[10.416s] [01m[K/home/rizy/planner/3d-navi/3d-navi-ros2_v1/build/multi_map_server/rosidl_generator_cpp/multi_map_server/msg/detail/multi_occupancy_grid__struct.hpp:112:5:[m[K [01;36m[Knote: [m[Kdeclared here
[10.416s]   112 |     [01;36m[KConstPtr[m[K;
[10.416s]       |     [01;36m[K^~~~~~~~[m[K
[10.417s] [01m[K/home/rizy/planner/3d-navi/3d-navi-ros2_v1/src/uav_simulator/Utils/multi_map_server/src/multi_map_visualization.cc:37:82:[m[K [01;35m[Kwarning: [m[K‘[01m[Kmulti_map_server::msg::MultiSparseMap3D_<std::allocator<void> >::ConstPtr[m[K’ is deprecated [[01;35m[K]8;;https://gcc.gnu.org/onlinedocs/gcc/Warning-Options.html#index-Wdeprecated-declarations-Wdeprecated-declarations]8;;[m[K]
[10.418s]    37 | void maps3d_callback(const multi_map_server::msg::MultiSparseMap3D::ConstPtr &msg[01;35m[K)[m[K
[10.418s]       |                                                                                  [01;35m[K^[m[K
[10.418s] In file included from [01m[K/home/rizy/planner/3d-navi/3d-navi-ros2_v1/build/multi_map_server/rosidl_generator_cpp/multi_map_server/msg/multi_sparse_map3_d.hpp:7[m[K,
[10.418s]                  from [01m[K/home/rizy/planner/3d-navi/3d-navi-ros2_v1/src/uav_simulator/Utils/multi_map_server/src/multi_map_visualization.cc:6[m[K:
[10.418s] [01m[K/home/rizy/planner/3d-navi/3d-navi-ros2_v1/build/multi_map_server/rosidl_generator_cpp/multi_map_server/msg/detail/multi_sparse_map3_d__struct.hpp:112:5:[m[K [01;36m[Knote: [m[Kdeclared here
[10.418s]   112 |     [01;36m[KConstPtr[m[K;
[10.418s]       |     [01;36m[K^~~~~~~~[m[K
[27.860s] [100%] [32m[1mLinking CXX executable multi_map_visualization[0m
[28.159s] [100%] Built target multi_map_visualization
