[0.034s] Invoking command in '/home/rizy/planner/3d-navi/3d-navi-ros2_v1/build/traj_utils': CMAKE_PREFIX_PATH=/opt/ros/humble CONDA_PROMPT_MODIFIER=(myenv) /usr/bin/cmake --build /home/rizy/planner/3d-navi/3d-navi-ros2_v1/build/traj_utils -- -j32 -l32
[0.089s] [  2%] Built target traj_utils__cpp
[0.090s] [ 12%] Built target traj_utils__rosidl_generator_c
[0.098s] [ 12%] Built target ament_cmake_python_symlink_traj_utils
[0.104s] [ 18%] Built target traj_utils_lib
[0.121s] [ 28%] Built target traj_utils__rosidl_typesupport_cpp
[0.122s] [ 38%] Built target traj_utils__rosidl_typesupport_fastrtps_cpp
[0.122s] [ 48%] Built target traj_utils__rosidl_typesupport_fastrtps_c
[0.122s] [ 60%] Built target traj_utils__rosidl_typesupport_introspection_cpp
[0.122s] [ 68%] Built target traj_utils__rosidl_typesupport_c
[0.122s] [ 78%] Built target traj_utils__rosidl_typesupport_introspection_c
[0.148s] [ 78%] Built target traj_utils
[0.164s] [ 80%] Built target traj_utils__py
[0.180s] [ 88%] Built target traj_utils__rosidl_generator_py
[0.202s] [ 96%] Built target traj_utils__rosidl_typesupport_introspection_c__pyext
[0.202s] [ 96%] Built target traj_utils__rosidl_typesupport_c__pyext
[0.206s] [100%] Built target traj_utils__rosidl_typesupport_fastrtps_c__pyext
[0.267s] running egg_info
[0.274s] writing traj_utils.egg-info/PKG-INFO
[0.274s] writing dependency_links to traj_utils.egg-info/dependency_links.txt
[0.275s] writing top-level names to traj_utils.egg-info/top_level.txt
[0.300s] reading manifest file 'traj_utils.egg-info/SOURCES.txt'
[0.302s] writing manifest file 'traj_utils.egg-info/SOURCES.txt'
[0.351s] [100%] Built target ament_cmake_python_build_traj_utils_egg
[0.374s] Invoked command in '/home/rizy/planner/3d-navi/3d-navi-ros2_v1/build/traj_utils' returned '0': CMAKE_PREFIX_PATH=/opt/ros/humble CONDA_PROMPT_MODIFIER=(myenv) /usr/bin/cmake --build /home/rizy/planner/3d-navi/3d-navi-ros2_v1/build/traj_utils -- -j32 -l32
[0.376s] Invoking command in '/home/rizy/planner/3d-navi/3d-navi-ros2_v1/build/traj_utils': CMAKE_PREFIX_PATH=/opt/ros/humble CONDA_PROMPT_MODIFIER=(myenv) /usr/bin/cmake --install /home/rizy/planner/3d-navi/3d-navi-ros2_v1/build/traj_utils
[0.384s] -- Install configuration: "Release"
[0.385s] -- Execute custom install script
[0.385s] -- Up-to-date symlink: /home/rizy/planner/3d-navi/3d-navi-ros2_v1/install/traj_utils/share/ament_index/resource_index/rosidl_interfaces/traj_utils
[0.385s] -- Up-to-date symlink: /home/rizy/planner/3d-navi/3d-navi-ros2_v1/install/traj_utils/include/traj_utils/traj_utils/msg/bspline.h
[0.385s] -- Up-to-date symlink: /home/rizy/planner/3d-navi/3d-navi-ros2_v1/install/traj_utils/include/traj_utils/traj_utils/msg/data_disp.h
[0.385s] -- Up-to-date symlink: /home/rizy/planner/3d-navi/3d-navi-ros2_v1/install/traj_utils/include/traj_utils/traj_utils/msg/detail/bspline__functions.h
[0.386s] -- Up-to-date symlink: /home/rizy/planner/3d-navi/3d-navi-ros2_v1/install/traj_utils/include/traj_utils/traj_utils/msg/detail/bspline__struct.h
[0.386s] -- Up-to-date symlink: /home/rizy/planner/3d-navi/3d-navi-ros2_v1/install/traj_utils/include/traj_utils/traj_utils/msg/detail/bspline__type_support.h
[0.386s] -- Up-to-date symlink: /home/rizy/planner/3d-navi/3d-navi-ros2_v1/install/traj_utils/include/traj_utils/traj_utils/msg/detail/data_disp__functions.h
[0.386s] -- Up-to-date symlink: /home/rizy/planner/3d-navi/3d-navi-ros2_v1/install/traj_utils/include/traj_utils/traj_utils/msg/detail/data_disp__struct.h
[0.386s] -- Up-to-date symlink: /home/rizy/planner/3d-navi/3d-navi-ros2_v1/install/traj_utils/include/traj_utils/traj_utils/msg/detail/data_disp__type_support.h
[0.386s] -- Up-to-date symlink: /home/rizy/planner/3d-navi/3d-navi-ros2_v1/install/traj_utils/include/traj_utils/traj_utils/msg/detail/multi_bsplines__functions.h
[0.386s] -- Up-to-date symlink: /home/rizy/planner/3d-navi/3d-navi-ros2_v1/install/traj_utils/include/traj_utils/traj_utils/msg/detail/multi_bsplines__struct.h
[0.386s] -- Up-to-date symlink: /home/rizy/planner/3d-navi/3d-navi-ros2_v1/install/traj_utils/include/traj_utils/traj_utils/msg/detail/multi_bsplines__type_support.h
[0.386s] -- Up-to-date symlink: /home/rizy/planner/3d-navi/3d-navi-ros2_v1/install/traj_utils/include/traj_utils/traj_utils/msg/multi_bsplines.h
[0.386s] -- Up-to-date symlink: /home/rizy/planner/3d-navi/3d-navi-ros2_v1/install/traj_utils/include/traj_utils/traj_utils/msg/rosidl_generator_c__visibility_control.h
[0.386s] -- Up-to-date symlink: /home/rizy/planner/3d-navi/3d-navi-ros2_v1/install/traj_utils/share/traj_utils/environment/library_path.sh
[0.387s] -- Up-to-date symlink: /home/rizy/planner/3d-navi/3d-navi-ros2_v1/install/traj_utils/share/traj_utils/environment/library_path.dsv
[0.387s] -- Up-to-date symlink: /home/rizy/planner/3d-navi/3d-navi-ros2_v1/install/traj_utils/include/traj_utils/traj_utils/msg/detail/bspline__rosidl_typesupport_fastrtps_c.h
[0.387s] -- Up-to-date symlink: /home/rizy/planner/3d-navi/3d-navi-ros2_v1/install/traj_utils/include/traj_utils/traj_utils/msg/detail/data_disp__rosidl_typesupport_fastrtps_c.h
[0.387s] -- Up-to-date symlink: /home/rizy/planner/3d-navi/3d-navi-ros2_v1/install/traj_utils/include/traj_utils/traj_utils/msg/detail/multi_bsplines__rosidl_typesupport_fastrtps_c.h
[0.387s] -- Up-to-date symlink: /home/rizy/planner/3d-navi/3d-navi-ros2_v1/install/traj_utils/include/traj_utils/traj_utils/msg/rosidl_typesupport_fastrtps_c__visibility_control.h
[0.388s] -- Up-to-date symlink: /home/rizy/planner/3d-navi/3d-navi-ros2_v1/install/traj_utils/include/traj_utils/traj_utils/msg/bspline.hpp
[0.388s] -- Up-to-date symlink: /home/rizy/planner/3d-navi/3d-navi-ros2_v1/install/traj_utils/include/traj_utils/traj_utils/msg/data_disp.hpp
[0.388s] -- Up-to-date symlink: /home/rizy/planner/3d-navi/3d-navi-ros2_v1/install/traj_utils/include/traj_utils/traj_utils/msg/detail/bspline__builder.hpp
[0.388s] -- Up-to-date symlink: /home/rizy/planner/3d-navi/3d-navi-ros2_v1/install/traj_utils/include/traj_utils/traj_utils/msg/detail/bspline__struct.hpp
[0.388s] -- Up-to-date symlink: /home/rizy/planner/3d-navi/3d-navi-ros2_v1/install/traj_utils/include/traj_utils/traj_utils/msg/detail/bspline__traits.hpp
[0.388s] -- Up-to-date symlink: /home/rizy/planner/3d-navi/3d-navi-ros2_v1/install/traj_utils/include/traj_utils/traj_utils/msg/detail/bspline__type_support.hpp
[0.389s] -- Up-to-date symlink: /home/rizy/planner/3d-navi/3d-navi-ros2_v1/install/traj_utils/include/traj_utils/traj_utils/msg/detail/data_disp__builder.hpp
[0.389s] -- Up-to-date symlink: /home/rizy/planner/3d-navi/3d-navi-ros2_v1/install/traj_utils/include/traj_utils/traj_utils/msg/detail/data_disp__struct.hpp
[0.389s] -- Up-to-date symlink: /home/rizy/planner/3d-navi/3d-navi-ros2_v1/install/traj_utils/include/traj_utils/traj_utils/msg/detail/data_disp__traits.hpp
[0.389s] -- Up-to-date symlink: /home/rizy/planner/3d-navi/3d-navi-ros2_v1/install/traj_utils/include/traj_utils/traj_utils/msg/detail/data_disp__type_support.hpp
[0.389s] -- Up-to-date symlink: /home/rizy/planner/3d-navi/3d-navi-ros2_v1/install/traj_utils/include/traj_utils/traj_utils/msg/detail/multi_bsplines__builder.hpp
[0.389s] -- Up-to-date symlink: /home/rizy/planner/3d-navi/3d-navi-ros2_v1/install/traj_utils/include/traj_utils/traj_utils/msg/detail/multi_bsplines__struct.hpp
[0.389s] -- Up-to-date symlink: /home/rizy/planner/3d-navi/3d-navi-ros2_v1/install/traj_utils/include/traj_utils/traj_utils/msg/detail/multi_bsplines__traits.hpp
[0.389s] -- Up-to-date symlink: /home/rizy/planner/3d-navi/3d-navi-ros2_v1/install/traj_utils/include/traj_utils/traj_utils/msg/detail/multi_bsplines__type_support.hpp
[0.389s] -- Up-to-date symlink: /home/rizy/planner/3d-navi/3d-navi-ros2_v1/install/traj_utils/include/traj_utils/traj_utils/msg/multi_bsplines.hpp
[0.389s] -- Up-to-date symlink: /home/rizy/planner/3d-navi/3d-navi-ros2_v1/install/traj_utils/include/traj_utils/traj_utils/msg/rosidl_generator_cpp__visibility_control.hpp
[0.390s] -- Up-to-date symlink: /home/rizy/planner/3d-navi/3d-navi-ros2_v1/install/traj_utils/include/traj_utils/traj_utils/msg/detail/bspline__rosidl_typesupport_fastrtps_cpp.hpp
[0.390s] -- Up-to-date symlink: /home/rizy/planner/3d-navi/3d-navi-ros2_v1/install/traj_utils/include/traj_utils/traj_utils/msg/detail/data_disp__rosidl_typesupport_fastrtps_cpp.hpp
[0.390s] -- Up-to-date symlink: /home/rizy/planner/3d-navi/3d-navi-ros2_v1/install/traj_utils/include/traj_utils/traj_utils/msg/detail/multi_bsplines__rosidl_typesupport_fastrtps_cpp.hpp
[0.390s] -- Up-to-date symlink: /home/rizy/planner/3d-navi/3d-navi-ros2_v1/install/traj_utils/include/traj_utils/traj_utils/msg/rosidl_typesupport_fastrtps_cpp__visibility_control.h
[0.390s] -- Up-to-date symlink: /home/rizy/planner/3d-navi/3d-navi-ros2_v1/install/traj_utils/include/traj_utils/traj_utils/msg/detail/bspline__rosidl_typesupport_introspection_c.h
[0.390s] -- Up-to-date symlink: /home/rizy/planner/3d-navi/3d-navi-ros2_v1/install/traj_utils/include/traj_utils/traj_utils/msg/detail/data_disp__rosidl_typesupport_introspection_c.h
[0.390s] -- Up-to-date symlink: /home/rizy/planner/3d-navi/3d-navi-ros2_v1/install/traj_utils/include/traj_utils/traj_utils/msg/detail/multi_bsplines__rosidl_typesupport_introspection_c.h
[0.390s] -- Up-to-date symlink: /home/rizy/planner/3d-navi/3d-navi-ros2_v1/install/traj_utils/include/traj_utils/traj_utils/msg/rosidl_typesupport_introspection_c__visibility_control.h
[0.391s] -- Up-to-date symlink: /home/rizy/planner/3d-navi/3d-navi-ros2_v1/install/traj_utils/include/traj_utils/traj_utils/msg/detail/bspline__rosidl_typesupport_introspection_cpp.hpp
[0.391s] -- Up-to-date symlink: /home/rizy/planner/3d-navi/3d-navi-ros2_v1/install/traj_utils/include/traj_utils/traj_utils/msg/detail/data_disp__rosidl_typesupport_introspection_cpp.hpp
[0.391s] -- Up-to-date symlink: /home/rizy/planner/3d-navi/3d-navi-ros2_v1/install/traj_utils/include/traj_utils/traj_utils/msg/detail/multi_bsplines__rosidl_typesupport_introspection_cpp.hpp
[0.391s] -- Up-to-date symlink: /home/rizy/planner/3d-navi/3d-navi-ros2_v1/install/traj_utils/share/traj_utils/environment/pythonpath.sh
[0.391s] -- Up-to-date symlink: /home/rizy/planner/3d-navi/3d-navi-ros2_v1/install/traj_utils/share/traj_utils/environment/pythonpath.dsv
[0.391s] -- Up-to-date symlink: /home/rizy/planner/3d-navi/3d-navi-ros2_v1/install/traj_utils/local/lib/python3.10/dist-packages/traj_utils-0.0.0-py3.10.egg-info/PKG-INFO
[0.391s] -- Up-to-date symlink: /home/rizy/planner/3d-navi/3d-navi-ros2_v1/install/traj_utils/local/lib/python3.10/dist-packages/traj_utils-0.0.0-py3.10.egg-info/SOURCES.txt
[0.391s] -- Up-to-date symlink: /home/rizy/planner/3d-navi/3d-navi-ros2_v1/install/traj_utils/local/lib/python3.10/dist-packages/traj_utils-0.0.0-py3.10.egg-info/dependency_links.txt
[0.391s] -- Up-to-date symlink: /home/rizy/planner/3d-navi/3d-navi-ros2_v1/install/traj_utils/local/lib/python3.10/dist-packages/traj_utils-0.0.0-py3.10.egg-info/top_level.txt
[0.391s] -- Up-to-date symlink: /home/rizy/planner/3d-navi/3d-navi-ros2_v1/install/traj_utils/local/lib/python3.10/dist-packages/traj_utils/__init__.py
[0.391s] -- Up-to-date symlink: /home/rizy/planner/3d-navi/3d-navi-ros2_v1/install/traj_utils/local/lib/python3.10/dist-packages/traj_utils/_traj_utils_s.ep.rosidl_typesupport_c.c
[0.391s] -- Up-to-date symlink: /home/rizy/planner/3d-navi/3d-navi-ros2_v1/install/traj_utils/local/lib/python3.10/dist-packages/traj_utils/_traj_utils_s.ep.rosidl_typesupport_fastrtps_c.c
[0.391s] -- Up-to-date symlink: /home/rizy/planner/3d-navi/3d-navi-ros2_v1/install/traj_utils/local/lib/python3.10/dist-packages/traj_utils/_traj_utils_s.ep.rosidl_typesupport_introspection_c.c
[0.391s] -- Up-to-date symlink: /home/rizy/planner/3d-navi/3d-navi-ros2_v1/install/traj_utils/local/lib/python3.10/dist-packages/traj_utils/libtraj_utils__rosidl_generator_py.so
[0.391s] -- Up-to-date symlink: /home/rizy/planner/3d-navi/3d-navi-ros2_v1/install/traj_utils/local/lib/python3.10/dist-packages/traj_utils/msg/__init__.py
[0.391s] -- Up-to-date symlink: /home/rizy/planner/3d-navi/3d-navi-ros2_v1/install/traj_utils/local/lib/python3.10/dist-packages/traj_utils/msg/_bspline.py
[0.391s] -- Up-to-date symlink: /home/rizy/planner/3d-navi/3d-navi-ros2_v1/install/traj_utils/local/lib/python3.10/dist-packages/traj_utils/msg/_bspline_s.c
[0.392s] -- Up-to-date symlink: /home/rizy/planner/3d-navi/3d-navi-ros2_v1/install/traj_utils/local/lib/python3.10/dist-packages/traj_utils/msg/_data_disp.py
[0.392s] -- Up-to-date symlink: /home/rizy/planner/3d-navi/3d-navi-ros2_v1/install/traj_utils/local/lib/python3.10/dist-packages/traj_utils/msg/_data_disp_s.c
[0.392s] -- Up-to-date symlink: /home/rizy/planner/3d-navi/3d-navi-ros2_v1/install/traj_utils/local/lib/python3.10/dist-packages/traj_utils/msg/_multi_bsplines.py
[0.392s] -- Up-to-date symlink: /home/rizy/planner/3d-navi/3d-navi-ros2_v1/install/traj_utils/local/lib/python3.10/dist-packages/traj_utils/msg/_multi_bsplines_s.c
[0.392s] -- Up-to-date symlink: /home/rizy/planner/3d-navi/3d-navi-ros2_v1/install/traj_utils/local/lib/python3.10/dist-packages/traj_utils/traj_utils_s__rosidl_typesupport_c.cpython-310-x86_64-linux-gnu.so
[0.392s] -- Up-to-date symlink: /home/rizy/planner/3d-navi/3d-navi-ros2_v1/install/traj_utils/local/lib/python3.10/dist-packages/traj_utils/traj_utils_s__rosidl_typesupport_fastrtps_c.cpython-310-x86_64-linux-gnu.so
[0.392s] -- Up-to-date symlink: /home/rizy/planner/3d-navi/3d-navi-ros2_v1/install/traj_utils/local/lib/python3.10/dist-packages/traj_utils/traj_utils_s__rosidl_typesupport_introspection_c.cpython-310-x86_64-linux-gnu.so
[0.392s] -- Up-to-date symlink: /home/rizy/planner/3d-navi/3d-navi-ros2_v1/install/traj_utils/local/lib/python3.10/dist-packages/traj_utils/traj_utils_s__rosidl_typesupport_fastrtps_c.cpython-310-x86_64-linux-gnu.so
[0.392s] -- Up-to-date symlink: /home/rizy/planner/3d-navi/3d-navi-ros2_v1/install/traj_utils/local/lib/python3.10/dist-packages/traj_utils/traj_utils_s__rosidl_typesupport_introspection_c.cpython-310-x86_64-linux-gnu.so
[0.392s] -- Up-to-date symlink: /home/rizy/planner/3d-navi/3d-navi-ros2_v1/install/traj_utils/local/lib/python3.10/dist-packages/traj_utils/traj_utils_s__rosidl_typesupport_c.cpython-310-x86_64-linux-gnu.so
[0.392s] -- Up-to-date symlink: /home/rizy/planner/3d-navi/3d-navi-ros2_v1/install/traj_utils/share/traj_utils/msg/Bspline.idl
[0.392s] -- Up-to-date symlink: /home/rizy/planner/3d-navi/3d-navi-ros2_v1/install/traj_utils/share/traj_utils/msg/DataDisp.idl
[0.393s] -- Up-to-date symlink: /home/rizy/planner/3d-navi/3d-navi-ros2_v1/install/traj_utils/share/traj_utils/msg/MultiBsplines.idl
[0.393s] -- Up-to-date symlink: /home/rizy/planner/3d-navi/3d-navi-ros2_v1/install/traj_utils/share/traj_utils/msg/Bspline.msg
[0.393s] -- Up-to-date symlink: /home/rizy/planner/3d-navi/3d-navi-ros2_v1/install/traj_utils/share/traj_utils/msg/DataDisp.msg
[0.393s] -- Up-to-date symlink: /home/rizy/planner/3d-navi/3d-navi-ros2_v1/install/traj_utils/share/traj_utils/msg/MultiBsplines.msg
[0.393s] -- Up-to-date symlink: /home/rizy/planner/3d-navi/3d-navi-ros2_v1/install/traj_utils/lib/libtraj_utils_lib.so
[0.393s] -- Up-to-date symlink: /home/rizy/planner/3d-navi/3d-navi-ros2_v1/install/traj_utils/include/traj_utils/traj_utils/plan_container.hpp
[0.393s] -- Up-to-date symlink: /home/rizy/planner/3d-navi/3d-navi-ros2_v1/install/traj_utils/include/traj_utils/traj_utils/planning_visualization.h
[0.393s] -- Up-to-date symlink: /home/rizy/planner/3d-navi/3d-navi-ros2_v1/install/traj_utils/include/traj_utils/traj_utils/polynomial_traj.h
[0.393s] -- Up-to-date symlink: /home/rizy/planner/3d-navi/3d-navi-ros2_v1/install/traj_utils/share/ament_index/resource_index/package_run_dependencies/traj_utils
[0.393s] -- Up-to-date symlink: /home/rizy/planner/3d-navi/3d-navi-ros2_v1/install/traj_utils/share/ament_index/resource_index/parent_prefix_path/traj_utils
[0.393s] -- Up-to-date symlink: /home/rizy/planner/3d-navi/3d-navi-ros2_v1/install/traj_utils/share/traj_utils/environment/ament_prefix_path.sh
[0.394s] -- Up-to-date symlink: /home/rizy/planner/3d-navi/3d-navi-ros2_v1/install/traj_utils/share/traj_utils/environment/ament_prefix_path.dsv
[0.394s] -- Up-to-date symlink: /home/rizy/planner/3d-navi/3d-navi-ros2_v1/install/traj_utils/share/traj_utils/environment/path.sh
[0.394s] -- Up-to-date symlink: /home/rizy/planner/3d-navi/3d-navi-ros2_v1/install/traj_utils/share/traj_utils/environment/path.dsv
[0.394s] -- Up-to-date symlink: /home/rizy/planner/3d-navi/3d-navi-ros2_v1/install/traj_utils/share/traj_utils/local_setup.bash
[0.394s] -- Up-to-date symlink: /home/rizy/planner/3d-navi/3d-navi-ros2_v1/install/traj_utils/share/traj_utils/local_setup.sh
[0.394s] -- Up-to-date symlink: /home/rizy/planner/3d-navi/3d-navi-ros2_v1/install/traj_utils/share/traj_utils/local_setup.zsh
[0.394s] -- Up-to-date symlink: /home/rizy/planner/3d-navi/3d-navi-ros2_v1/install/traj_utils/share/traj_utils/local_setup.dsv
[0.394s] -- Symlinking: /home/rizy/planner/3d-navi/3d-navi-ros2_v1/install/traj_utils/share/traj_utils/package.dsv
[0.401s] -- Up-to-date symlink: /home/rizy/planner/3d-navi/3d-navi-ros2_v1/install/traj_utils/share/ament_index/resource_index/packages/traj_utils
[0.401s] -- Up-to-date symlink: /home/rizy/planner/3d-navi/3d-navi-ros2_v1/install/traj_utils/share/traj_utils/cmake/rosidl_cmake-extras.cmake
[0.401s] -- Up-to-date symlink: /home/rizy/planner/3d-navi/3d-navi-ros2_v1/install/traj_utils/share/traj_utils/cmake/ament_cmake_export_dependencies-extras.cmake
[0.402s] -- Up-to-date symlink: /home/rizy/planner/3d-navi/3d-navi-ros2_v1/install/traj_utils/share/traj_utils/cmake/ament_cmake_export_include_directories-extras.cmake
[0.402s] -- Up-to-date symlink: /home/rizy/planner/3d-navi/3d-navi-ros2_v1/install/traj_utils/share/traj_utils/cmake/ament_cmake_export_libraries-extras.cmake
[0.402s] -- Up-to-date symlink: /home/rizy/planner/3d-navi/3d-navi-ros2_v1/install/traj_utils/share/traj_utils/cmake/ament_cmake_export_targets-extras.cmake
[0.402s] -- Up-to-date symlink: /home/rizy/planner/3d-navi/3d-navi-ros2_v1/install/traj_utils/share/traj_utils/cmake/rosidl_cmake_export_typesupport_targets-extras.cmake
[0.402s] -- Up-to-date symlink: /home/rizy/planner/3d-navi/3d-navi-ros2_v1/install/traj_utils/share/traj_utils/cmake/rosidl_cmake_export_typesupport_libraries-extras.cmake
[0.402s] -- Up-to-date symlink: /home/rizy/planner/3d-navi/3d-navi-ros2_v1/install/traj_utils/share/traj_utils/cmake/traj_utilsConfig.cmake
[0.402s] -- Up-to-date symlink: /home/rizy/planner/3d-navi/3d-navi-ros2_v1/install/traj_utils/share/traj_utils/cmake/traj_utilsConfig-version.cmake
[0.402s] -- Up-to-date symlink: /home/rizy/planner/3d-navi/3d-navi-ros2_v1/install/traj_utils/share/traj_utils/package.xml
[0.402s] -- Up-to-date: /home/rizy/planner/3d-navi/3d-navi-ros2_v1/install/traj_utils/lib/libtraj_utils__rosidl_generator_c.so
[0.402s] -- Up-to-date: /home/rizy/planner/3d-navi/3d-navi-ros2_v1/install/traj_utils/lib/libtraj_utils__rosidl_typesupport_fastrtps_c.so
[0.402s] -- Up-to-date: /home/rizy/planner/3d-navi/3d-navi-ros2_v1/install/traj_utils/lib/libtraj_utils__rosidl_typesupport_fastrtps_cpp.so
[0.402s] -- Up-to-date: /home/rizy/planner/3d-navi/3d-navi-ros2_v1/install/traj_utils/lib/libtraj_utils__rosidl_typesupport_introspection_c.so
[0.402s] -- Up-to-date: /home/rizy/planner/3d-navi/3d-navi-ros2_v1/install/traj_utils/lib/libtraj_utils__rosidl_typesupport_c.so
[0.403s] -- Up-to-date: /home/rizy/planner/3d-navi/3d-navi-ros2_v1/install/traj_utils/lib/libtraj_utils__rosidl_typesupport_introspection_cpp.so
[0.403s] -- Up-to-date: /home/rizy/planner/3d-navi/3d-navi-ros2_v1/install/traj_utils/lib/libtraj_utils__rosidl_typesupport_cpp.so
[0.427s] Listing '/home/rizy/planner/3d-navi/3d-navi-ros2_v1/install/traj_utils/local/lib/python3.10/dist-packages/traj_utils'...
[0.427s] Listing '/home/rizy/planner/3d-navi/3d-navi-ros2_v1/install/traj_utils/local/lib/python3.10/dist-packages/traj_utils/msg'...
[0.430s] -- Up-to-date: /home/rizy/planner/3d-navi/3d-navi-ros2_v1/install/traj_utils/lib/libtraj_utils__rosidl_generator_py.so
[0.430s] -- Up-to-date: /home/rizy/planner/3d-navi/3d-navi-ros2_v1/install/traj_utils/share/traj_utils/cmake/export_traj_utils__rosidl_generator_cExport.cmake
[0.431s] -- Up-to-date: /home/rizy/planner/3d-navi/3d-navi-ros2_v1/install/traj_utils/share/traj_utils/cmake/export_traj_utils__rosidl_generator_cExport-release.cmake
[0.431s] -- Up-to-date: /home/rizy/planner/3d-navi/3d-navi-ros2_v1/install/traj_utils/share/traj_utils/cmake/export_traj_utils__rosidl_typesupport_fastrtps_cExport.cmake
[0.431s] -- Up-to-date: /home/rizy/planner/3d-navi/3d-navi-ros2_v1/install/traj_utils/share/traj_utils/cmake/export_traj_utils__rosidl_typesupport_fastrtps_cExport-release.cmake
[0.431s] -- Up-to-date: /home/rizy/planner/3d-navi/3d-navi-ros2_v1/install/traj_utils/share/traj_utils/cmake/export_traj_utils__rosidl_generator_cppExport.cmake
[0.431s] -- Up-to-date: /home/rizy/planner/3d-navi/3d-navi-ros2_v1/install/traj_utils/share/traj_utils/cmake/export_traj_utils__rosidl_typesupport_fastrtps_cppExport.cmake
[0.431s] -- Up-to-date: /home/rizy/planner/3d-navi/3d-navi-ros2_v1/install/traj_utils/share/traj_utils/cmake/export_traj_utils__rosidl_typesupport_fastrtps_cppExport-release.cmake
[0.431s] -- Up-to-date: /home/rizy/planner/3d-navi/3d-navi-ros2_v1/install/traj_utils/share/traj_utils/cmake/traj_utils__rosidl_typesupport_introspection_cExport.cmake
[0.431s] -- Up-to-date: /home/rizy/planner/3d-navi/3d-navi-ros2_v1/install/traj_utils/share/traj_utils/cmake/traj_utils__rosidl_typesupport_introspection_cExport-release.cmake
[0.431s] -- Up-to-date: /home/rizy/planner/3d-navi/3d-navi-ros2_v1/install/traj_utils/share/traj_utils/cmake/traj_utils__rosidl_typesupport_cExport.cmake
[0.431s] -- Up-to-date: /home/rizy/planner/3d-navi/3d-navi-ros2_v1/install/traj_utils/share/traj_utils/cmake/traj_utils__rosidl_typesupport_cExport-release.cmake
[0.431s] -- Up-to-date: /home/rizy/planner/3d-navi/3d-navi-ros2_v1/install/traj_utils/share/traj_utils/cmake/traj_utils__rosidl_typesupport_introspection_cppExport.cmake
[0.431s] -- Up-to-date: /home/rizy/planner/3d-navi/3d-navi-ros2_v1/install/traj_utils/share/traj_utils/cmake/traj_utils__rosidl_typesupport_introspection_cppExport-release.cmake
[0.431s] -- Up-to-date: /home/rizy/planner/3d-navi/3d-navi-ros2_v1/install/traj_utils/share/traj_utils/cmake/traj_utils__rosidl_typesupport_cppExport.cmake
[0.431s] -- Up-to-date: /home/rizy/planner/3d-navi/3d-navi-ros2_v1/install/traj_utils/share/traj_utils/cmake/traj_utils__rosidl_typesupport_cppExport-release.cmake
[0.431s] -- Up-to-date: /home/rizy/planner/3d-navi/3d-navi-ros2_v1/install/traj_utils/share/traj_utils/cmake/export_traj_utils__rosidl_generator_pyExport.cmake
[0.431s] -- Up-to-date: /home/rizy/planner/3d-navi/3d-navi-ros2_v1/install/traj_utils/share/traj_utils/cmake/export_traj_utils__rosidl_generator_pyExport-release.cmake
[0.433s] Invoked command in '/home/rizy/planner/3d-navi/3d-navi-ros2_v1/build/traj_utils' returned '0': CMAKE_PREFIX_PATH=/opt/ros/humble CONDA_PROMPT_MODIFIER=(myenv) /usr/bin/cmake --install /home/rizy/planner/3d-navi/3d-navi-ros2_v1/build/traj_utils
