[0.034s] Invoking command in '/home/rizy/planner/3d-navi/3d-navi-ros2_v1/build/drone_detect': CMAKE_PREFIX_PATH=/opt/ros/humble CONDA_PROMPT_MODIFIER=(myenv) /usr/bin/cmake /home/rizy/planner/3d-navi/3d-navi-ros2_v1/src/planner/drone_detect -DPython3_EXECUTABLE=/usr/bin/python3 -Dfmt_DIR=/usr/lib/x86_64-linux-gnu/cmake/fmt -DAMENT_CMAKE_SYMLINK_INSTALL=1 -DCMAKE_INSTALL_PREFIX=/home/rizy/planner/3d-navi/3d-navi-ros2_v1/install/drone_detect
[0.090s] -- The C compiler identification is GNU 11.4.0
[0.154s] -- The CXX compiler identification is GNU 11.4.0
[0.167s] -- Detecting C compiler ABI info
[0.247s] -- Detecting C compiler ABI info - done
[0.252s] -- Check for working C compiler: /usr/bin/cc - skipped
[0.252s] -- Detecting C compile features
[0.252s] -- Detecting C compile features - done
[0.254s] -- Detecting CXX compiler ABI info
[0.356s] -- Detecting CXX compiler ABI info - done
[0.360s] -- Check for working CXX compiler: /usr/bin/c++ - skipped
[0.360s] -- Detecting CXX compile features
[0.360s] -- Detecting CXX compile features - done
[0.363s] -- Found ament_cmake: 1.3.12 (/opt/ros/humble/share/ament_cmake/cmake)
[0.782s] -- Found Python3: /usr/bin/python3 (found version "3.10.12") found components: Interpreter 
[0.856s] -- Override CMake install command with custom implementation using symlinks instead of copying resources
[0.881s] -- Found rclcpp: 16.0.16 (/opt/ros/humble/share/rclcpp/cmake)
[0.925s] -- Found rosidl_generator_c: 3.1.7 (/opt/ros/humble/share/rosidl_generator_c/cmake)
[0.929s] -- Found rosidl_adapter: 3.1.7 (/opt/ros/humble/share/rosidl_adapter/cmake)
[0.934s] -- Found rosidl_generator_cpp: 3.1.7 (/opt/ros/humble/share/rosidl_generator_cpp/cmake)
[0.942s] -- Using all available rosidl_typesupport_c: rosidl_typesupport_fastrtps_c;rosidl_typesupport_introspection_c
[0.952s] -- Using all available rosidl_typesupport_cpp: rosidl_typesupport_fastrtps_cpp;rosidl_typesupport_introspection_cpp
[0.982s] -- Found rmw_implementation_cmake: 6.1.2 (/opt/ros/humble/share/rmw_implementation_cmake/cmake)
[0.982s] -- Found rmw_cyclonedds_cpp: 1.3.4 (/opt/ros/humble/share/rmw_cyclonedds_cpp/cmake)
[0.996s] -- Using RMW implementation 'rmw_cyclonedds_cpp' as default
[1.006s] -- Looking for pthread.h
[1.093s] -- Looking for pthread.h - found
[1.093s] -- Performing Test CMAKE_HAVE_LIBC_PTHREAD
[1.199s] -- Performing Test CMAKE_HAVE_LIBC_PTHREAD - Success
[1.200s] -- Found Threads: TRUE  
[1.232s] -- Found sensor_msgs: 4.9.0 (/opt/ros/humble/share/sensor_msgs/cmake)
[1.256s] -- Found nav_msgs: 4.9.0 (/opt/ros/humble/share/nav_msgs/cmake)
[1.270s] -- Found std_srvs: 4.9.0 (/opt/ros/humble/share/std_srvs/cmake)
[1.276s] -- Found cv_bridge: 3.2.1 (/opt/ros/humble/share/cv_bridge/cmake)
[1.295s] -- Found OpenCV: /usr (found version "4.5.4") 
[1.305s] -- Found Boost: /usr/lib/x86_64-linux-gnu/cmake/Boost-1.74.0/BoostConfig.cmake (found version "1.74.0")  
[1.307s] -- Found message_filters: 4.3.11 (/opt/ros/humble/share/message_filters/cmake)
[1.310s] -- Found ament_lint_auto: 0.12.14 (/opt/ros/humble/share/ament_lint_auto/cmake)
[1.411s] -- Added test 'cppcheck' to perform static code analysis on C / C++ code
[1.411s] -- Configured cppcheck include dirs: /home/rizy/planner/3d-navi/3d-navi-ros2_v1/src/planner/drone_detect/include
[1.411s] -- Configured cppcheck exclude dirs and/or files: 
[1.411s] -- Added test 'flake8' to check Python code syntax and style conventions
[1.412s] -- Added test 'lint_cmake' to check CMake code style
[1.412s] -- Added test 'pep257' to check Python code against some of the docstring style conventions in PEP 257
[1.413s] -- Added test 'uncrustify' to check C / C++ code style
[1.413s] -- Configured uncrustify additional arguments: 
[1.413s] -- Added test 'xmllint' to check XML markup files
[1.414s] -- Configuring done
[1.430s] -- Generating done
[1.447s] -- Build files have been written to: /home/rizy/planner/3d-navi/3d-navi-ros2_v1/build/drone_detect
[1.458s] Invoked command in '/home/rizy/planner/3d-navi/3d-navi-ros2_v1/build/drone_detect' returned '0': CMAKE_PREFIX_PATH=/opt/ros/humble CONDA_PROMPT_MODIFIER=(myenv) /usr/bin/cmake /home/rizy/planner/3d-navi/3d-navi-ros2_v1/src/planner/drone_detect -DPython3_EXECUTABLE=/usr/bin/python3 -Dfmt_DIR=/usr/lib/x86_64-linux-gnu/cmake/fmt -DAMENT_CMAKE_SYMLINK_INSTALL=1 -DCMAKE_INSTALL_PREFIX=/home/rizy/planner/3d-navi/3d-navi-ros2_v1/install/drone_detect
[1.461s] Invoking command in '/home/rizy/planner/3d-navi/3d-navi-ros2_v1/build/drone_detect': CMAKE_PREFIX_PATH=/opt/ros/humble CONDA_PROMPT_MODIFIER=(myenv) /usr/bin/cmake --build /home/rizy/planner/3d-navi/3d-navi-ros2_v1/build/drone_detect -- -j32 -l32
[1.519s] Consolidate compiler generated dependencies of target drone_detect
[1.539s] [100%] Built target drone_detect
[1.558s] Invoked command in '/home/rizy/planner/3d-navi/3d-navi-ros2_v1/build/drone_detect' returned '0': CMAKE_PREFIX_PATH=/opt/ros/humble CONDA_PROMPT_MODIFIER=(myenv) /usr/bin/cmake --build /home/rizy/planner/3d-navi/3d-navi-ros2_v1/build/drone_detect -- -j32 -l32
[1.560s] Invoking command in '/home/rizy/planner/3d-navi/3d-navi-ros2_v1/build/drone_detect': CMAKE_PREFIX_PATH=/opt/ros/humble CONDA_PROMPT_MODIFIER=(myenv) /usr/bin/cmake --install /home/rizy/planner/3d-navi/3d-navi-ros2_v1/build/drone_detect
[1.573s] -- Install configuration: "Release"
[1.573s] -- Execute custom install script
[1.573s] -- Up-to-date symlink: /home/rizy/planner/3d-navi/3d-navi-ros2_v1/install/drone_detect/lib/drone_detect/drone_detect
[1.573s] -- Up-to-date symlink: /home/rizy/planner/3d-navi/3d-navi-ros2_v1/install/drone_detect/share/drone_detect/doc/demo.jpg
[1.573s] -- Up-to-date symlink: /home/rizy/planner/3d-navi/3d-navi-ros2_v1/install/drone_detect/share/drone_detect/doc/example.jpg
[1.574s] -- Up-to-date symlink: /home/rizy/planner/3d-navi/3d-navi-ros2_v1/install/drone_detect/share/drone_detect/launch/drone_detect.launch.py
[1.574s] -- Up-to-date symlink: /home/rizy/planner/3d-navi/3d-navi-ros2_v1/install/drone_detect/share/drone_detect/launch/ros_package_template_overlying_params.launch.py
[1.574s] -- Up-to-date symlink: /home/rizy/planner/3d-navi/3d-navi-ros2_v1/install/drone_detect/share/drone_detect/config/camera.yaml
[1.574s] -- Up-to-date symlink: /home/rizy/planner/3d-navi/3d-navi-ros2_v1/install/drone_detect/share/drone_detect/config/default.yaml
[1.575s] -- Up-to-date symlink: /home/rizy/planner/3d-navi/3d-navi-ros2_v1/install/drone_detect/share/ament_index/resource_index/package_run_dependencies/drone_detect
[1.575s] -- Up-to-date symlink: /home/rizy/planner/3d-navi/3d-navi-ros2_v1/install/drone_detect/share/ament_index/resource_index/parent_prefix_path/drone_detect
[1.575s] -- Up-to-date symlink: /home/rizy/planner/3d-navi/3d-navi-ros2_v1/install/drone_detect/share/drone_detect/environment/ament_prefix_path.sh
[1.575s] -- Up-to-date symlink: /home/rizy/planner/3d-navi/3d-navi-ros2_v1/install/drone_detect/share/drone_detect/environment/ament_prefix_path.dsv
[1.575s] -- Up-to-date symlink: /home/rizy/planner/3d-navi/3d-navi-ros2_v1/install/drone_detect/share/drone_detect/environment/path.sh
[1.575s] -- Up-to-date symlink: /home/rizy/planner/3d-navi/3d-navi-ros2_v1/install/drone_detect/share/drone_detect/environment/path.dsv
[1.575s] -- Up-to-date symlink: /home/rizy/planner/3d-navi/3d-navi-ros2_v1/install/drone_detect/share/drone_detect/local_setup.bash
[1.575s] -- Up-to-date symlink: /home/rizy/planner/3d-navi/3d-navi-ros2_v1/install/drone_detect/share/drone_detect/local_setup.sh
[1.575s] -- Up-to-date symlink: /home/rizy/planner/3d-navi/3d-navi-ros2_v1/install/drone_detect/share/drone_detect/local_setup.zsh
[1.575s] -- Up-to-date symlink: /home/rizy/planner/3d-navi/3d-navi-ros2_v1/install/drone_detect/share/drone_detect/local_setup.dsv
[1.575s] -- Symlinking: /home/rizy/planner/3d-navi/3d-navi-ros2_v1/install/drone_detect/share/drone_detect/package.dsv
[1.592s] -- Up-to-date symlink: /home/rizy/planner/3d-navi/3d-navi-ros2_v1/install/drone_detect/share/ament_index/resource_index/packages/drone_detect
[1.593s] -- Up-to-date symlink: /home/rizy/planner/3d-navi/3d-navi-ros2_v1/install/drone_detect/share/drone_detect/cmake/drone_detectConfig.cmake
[1.593s] -- Up-to-date symlink: /home/rizy/planner/3d-navi/3d-navi-ros2_v1/install/drone_detect/share/drone_detect/cmake/drone_detectConfig-version.cmake
[1.593s] -- Up-to-date symlink: /home/rizy/planner/3d-navi/3d-navi-ros2_v1/install/drone_detect/share/drone_detect/package.xml
[1.593s] -- Up-to-date: /home/rizy/planner/3d-navi/3d-navi-ros2_v1/install/drone_detect/include/drone_detect
[1.593s] -- Up-to-date: /home/rizy/planner/3d-navi/3d-navi-ros2_v1/install/drone_detect/include/drone_detect/drone_detector.h
[1.593s] Invoked command in '/home/rizy/planner/3d-navi/3d-navi-ros2_v1/build/drone_detect' returned '0': CMAKE_PREFIX_PATH=/opt/ros/humble CONDA_PROMPT_MODIFIER=(myenv) /usr/bin/cmake --install /home/rizy/planner/3d-navi/3d-navi-ros2_v1/build/drone_detect
