[35m[1mConsolidate compiler generated dependencies of target odom_visualization[0m
[100%] Built target odom_visualization
-- Install configuration: ""
-- Execute custom install script
-- Symlinking: /home/rizy/planner/3d-navi/3d-navi-ros2_v1/install/odom_visualization/share/odom_visualization/meshes/hummingbird.mesh
-- Symlinking: /home/rizy/planner/3d-navi/3d-navi-ros2_v1/install/odom_visualization/lib/odom_visualization/odom_visualization
-- Symlinking: /home/rizy/planner/3d-navi/3d-navi-ros2_v1/install/odom_visualization/share/ament_index/resource_index/package_run_dependencies/odom_visualization
-- Symlinking: /home/rizy/planner/3d-navi/3d-navi-ros2_v1/install/odom_visualization/share/ament_index/resource_index/parent_prefix_path/odom_visualization
-- Symlinking: /home/rizy/planner/3d-navi/3d-navi-ros2_v1/install/odom_visualization/share/odom_visualization/environment/ament_prefix_path.sh
-- Symlinking: /home/rizy/planner/3d-navi/3d-navi-ros2_v1/install/odom_visualization/share/odom_visualization/environment/ament_prefix_path.dsv
-- Symlinking: /home/rizy/planner/3d-navi/3d-navi-ros2_v1/install/odom_visualization/share/odom_visualization/environment/path.sh
-- Symlinking: /home/rizy/planner/3d-navi/3d-navi-ros2_v1/install/odom_visualization/share/odom_visualization/environment/path.dsv
-- Symlinking: /home/rizy/planner/3d-navi/3d-navi-ros2_v1/install/odom_visualization/share/odom_visualization/local_setup.bash
-- Symlinking: /home/rizy/planner/3d-navi/3d-navi-ros2_v1/install/odom_visualization/share/odom_visualization/local_setup.sh
-- Symlinking: /home/rizy/planner/3d-navi/3d-navi-ros2_v1/install/odom_visualization/share/odom_visualization/local_setup.zsh
-- Symlinking: /home/rizy/planner/3d-navi/3d-navi-ros2_v1/install/odom_visualization/share/odom_visualization/local_setup.dsv
-- Symlinking: /home/rizy/planner/3d-navi/3d-navi-ros2_v1/install/odom_visualization/share/odom_visualization/package.dsv
-- Symlinking: /home/rizy/planner/3d-navi/3d-navi-ros2_v1/install/odom_visualization/share/ament_index/resource_index/packages/odom_visualization
-- Symlinking: /home/rizy/planner/3d-navi/3d-navi-ros2_v1/install/odom_visualization/share/odom_visualization/cmake/odom_visualizationConfig.cmake
-- Symlinking: /home/rizy/planner/3d-navi/3d-navi-ros2_v1/install/odom_visualization/share/odom_visualization/cmake/odom_visualizationConfig-version.cmake
-- Symlinking: /home/rizy/planner/3d-navi/3d-navi-ros2_v1/install/odom_visualization/share/odom_visualization/package.xml
