[33mCMake Warning at CMakeLists.txt:53 (add_executable):
  Cannot generate a safe runtime search path for target mockamap_node because
  files in some directories may conflict with libraries in implicit
  directories:

    runtime library [libpng16.so.16] in /usr/lib/x86_64-linux-gnu may be hidden by files in:
      /home/rizy/anaconda3/lib
    runtime library [libz.so.1] in /usr/lib/x86_64-linux-gnu may be hidden by files in:
      /home/rizy/anaconda3/lib
    runtime library [libfreetype.so.6] in /usr/lib/x86_64-linux-gnu may be hidden by files in:
      /home/rizy/anaconda3/lib
    runtime library [libX11.so.6] in /usr/lib/x86_64-linux-gnu may be hidden by files in:
      /home/rizy/anaconda3/lib
    runtime library [libQt5OpenGL.so.5] in /usr/lib/x86_64-linux-gnu may be hidden by files in:
      /home/rizy/anaconda3/lib
    runtime library [libQt5Widgets.so.5] in /usr/lib/x86_64-linux-gnu may be hidden by files in:
      /home/rizy/anaconda3/lib
    runtime library [libQt5Gui.so.5] in /usr/lib/x86_64-linux-gnu may be hidden by files in:
      /home/rizy/anaconda3/lib
    runtime library [libEGL.so.1] in /usr/lib/x86_64-linux-gnu may be hidden by files in:
      /home/rizy/anaconda3/lib
    runtime library [libGL.so.1] in /usr/lib/x86_64-linux-gnu may be hidden by files in:
      /home/rizy/anaconda3/lib
    runtime library [libQt5Core.so.5] in /usr/lib/x86_64-linux-gnu may be hidden by files in:
      /home/rizy/anaconda3/lib
    runtime library [libtbb.so.12] in /usr/lib/x86_64-linux-gnu may be hidden by files in:
      /home/rizy/anaconda3/lib

  Some of these libraries may not be found correctly.

[0m
[33mCMake Warning at CMakeLists.txt:53 (add_executable):
  Cannot generate a safe dependent library path for target mockamap_node
  because files in some directories may conflict with libraries in implicit
  directories:

    runtime library [libEGL.so.1] in /usr/lib/x86_64-linux-gnu may be hidden by files in:
      /home/rizy/anaconda3/lib
    runtime library [libGL.so.1] in /usr/lib/x86_64-linux-gnu may be hidden by files in:
      /home/rizy/anaconda3/lib

  Some of these libraries may not be found correctly.

[0m
