[0.028s] Invoking command in '/home/rizy/planner/3d-navi/3d-navi-ros2_v1/build/multi_map_server': CMAKE_PREFIX_PATH=/home/rizy/planner/3d-navi/3d-navi-ros2_v1/install/quadrotor_msgs:/home/rizy/planner/3d-navi/3d-navi-ros2_v1/install/pose_utils:/home/rizy/planner/3d-navi/3d-navi-ros2_v1/install/waypoint_generator:/home/rizy/planner/3d-navi/3d-navi-ros2_v1/install/so3_quadrotor_simulator:/home/rizy/planner/3d-navi/3d-navi-ros2_v1/install/uav_utils:/home/rizy/planner/3d-navi/3d-navi-ros2_v1/install/rosmsg_tcp_bridge:/home/rizy/planner/3d-navi/3d-navi-ros2_v1/install/ego_planner:/home/rizy/planner/3d-navi/3d-navi-ros2_v1/install/bspline_opt:/home/rizy/planner/3d-navi/3d-navi-ros2_v1/install/traj_utils:/home/rizy/planner/3d-navi/3d-navi-ros2_v1/install/so3_control:/home/rizy/planner/3d-navi/3d-navi-ros2_v1/install/poscmd_2_odom:/home/rizy/planner/3d-navi/3d-navi-ros2_v1/install/odom_visualization:/home/rizy/planner/3d-navi/3d-navi-ros2_v1/install/multi_map_server:/home/rizy/planner/3d-navi/3d-navi-ros2_v1/install/local_sensing:/home/rizy/planner/3d-navi/3d-navi-ros2_v1/install/path_searching:/home/rizy/planner/3d-navi/3d-navi-ros2_v1/install/plan_env:/home/rizy/planner/3d-navi/3d-navi-ros2_v1/install/mockamap:/home/rizy/planner/3d-navi/3d-navi-ros2_v1/install/map_generator:/home/rizy/planner/3d-navi/3d-navi-ros2_v1/install/drone_detect:/home/rizy/planner/3d-navi/3d-navi-ros2_v1/install/cmake_utils:/home/rizy/planner/tron1/limx_ws/install/tron1_nav2:/home/rizy/planner/tron1/limx_ws/install/tron1_ctrl_ros2:/home/rizy/planner/tron1/limx_ws/install/robot_visualization:/home/rizy/planner/tron1/limx_ws/install/robot_hw:/home/rizy/planner/tron1/limx_ws/install/robot_description:/home/rizy/planner/tron1/limx_ws/install/robot_controllers:/home/rizy/planner/tron1/limx_ws/install/pointfoot_gazebo:/home/rizy/planner/tron1/limx_ws/install/mrosbridger:/home/rizy/planner/tron1/limx_ws/install/limxsdk_sim:/home/rizy/planner/tron1/limx_ws/install/limxsdk_lowlevel:/home/rizy/planner/tron1/limx_ws/install/controller_msgs:/home/rizy/planner/3d-navi/3d-navi-ros2_v1/install/nav_integration:/opt/ros/humble CONDA_PROMPT_MODIFIER=(myenv) LD_LIBRARY_PATH=/home/rizy/planner/3d-navi/3d-navi-ros2_v1/install/quadrotor_msgs/lib:/home/rizy/planner/3d-navi/3d-navi-ros2_v1/install/pose_utils/lib:/usr/local/cuda-12.8/lib64:/home/rizy/planner/3d-navi/3d-navi-ros2_v1/install/bspline_opt/lib:/home/rizy/planner/3d-navi/3d-navi-ros2_v1/install/traj_utils/lib:/home/rizy/planner/3d-navi/3d-navi-ros2_v1/install/so3_control/lib:/home/rizy/planner/3d-navi/3d-navi-ros2_v1/install/multi_map_server/lib:/home/rizy/planner/3d-navi/3d-navi-ros2_v1/install/path_searching/lib:/home/rizy/planner/3d-navi/3d-navi-ros2_v1/install/plan_env/lib:/home/rizy/planner/tron1/limx_ws/install/tron1_ctrl_ros2/lib:/home/rizy/planner/tron1/limx_ws/install/robot_controllers/lib:/home/rizy/planner/tron1/limx_ws/install/pointfoot_gazebo/lib:/home/rizy/planner/tron1/limx_ws/install/mrosbridger/lib:/home/rizy/planner/tron1/limx_ws/install/limxsdk_sim/lib:/home/rizy/planner/tron1/limx_ws/install/limxsdk_lowlevel/lib:/home/rizy/planner/tron1/limx_ws/install/controller_msgs/lib:/usr/local/cuda-12.8/lib64:/usr/lib/x86_64-linux-gnu/gazebo-11/plugins:/opt/ros/humble/opt/rviz_ogre_vendor/lib:/opt/ros/humble/lib/x86_64-linux-gnu:/opt/ros/humble/lib:/usr/share/gazebo/../../lib/x86_64-linux-gnu/gazebo-11/plugins:/usr/share/gazebo/../../lib/x86_64-linux-gnu/gazebo-11/plugins:/usr/share/gazebo/../../lib/x86_64-linux-gnu/gazebo-11/plugins PYTHONPATH=/home/rizy/planner/3d-navi/3d-navi-ros2_v1/install/quadrotor_msgs/lib/python3.10/site-packages:/home/rizy/planner/3d-navi/3d-navi-ros2_v1/install/traj_utils/local/lib/python3.10/dist-packages:/home/rizy/planner/3d-navi/3d-navi-ros2_v1/install/traj_utils/lib/python3.10/site-packages:/home/rizy/planner/3d-navi/3d-navi-ros2_v1/install/multi_map_server/local/lib/python3.10/dist-packages:/home/rizy/planner/3d-navi/3d-navi-ros2_v1/install/multi_map_server/lib/python3.10/site-packages:/home/rizy/planner/3d-navi/3d-navi-ros2_v1/install/quadrotor_msgs/local/lib/python3.10/dist-packages:/home/rizy/planner/3d-navi/3d-navi-ros2_v1/install/nav_integration/lib/python3.10/site-packages:/home/rizy/planner/tron1/limx_ws/install/tron1_ctrl_ros2/local/lib/python3.10/dist-packages:/home/rizy/planner/tron1/limx_ws/install/mrosbridger/local/lib/python3.10/dist-packages:/home/rizy/planner/tron1/limx_ws/install/controller_msgs/local/lib/python3.10/dist-packages:/opt/ros/humble/lib/python3.10/site-packages:/opt/ros/humble/local/lib/python3.10/dist-packages /usr/bin/cmake /home/rizy/planner/3d-navi/3d-navi-ros2_v1/src/uav_simulator/Utils/multi_map_server -DCMAKE_INSTALL_PREFIX=/home/rizy/planner/3d-navi/3d-navi-ros2_v1/install/multi_map_server
[0.040s] -- Found ament_cmake: 1.3.12 (/opt/ros/humble/share/ament_cmake/cmake)
[0.150s] -- Override CMake install command with custom implementation using symlinks instead of copying resources
[0.156s] -- Found rclcpp: 16.0.16 (/opt/ros/humble/share/rclcpp/cmake)
[0.178s] -- Found rosidl_generator_c: 3.1.7 (/opt/ros/humble/share/rosidl_generator_c/cmake)
[0.179s] -- Found rosidl_adapter: 3.1.7 (/opt/ros/humble/share/rosidl_adapter/cmake)
[0.182s] -- Found rosidl_generator_cpp: 3.1.7 (/opt/ros/humble/share/rosidl_generator_cpp/cmake)
[0.189s] -- Using all available rosidl_typesupport_c: rosidl_typesupport_fastrtps_c;rosidl_typesupport_introspection_c
[0.199s] -- Using all available rosidl_typesupport_cpp: rosidl_typesupport_fastrtps_cpp;rosidl_typesupport_introspection_cpp
[0.219s] -- Found rmw_implementation_cmake: 6.1.2 (/opt/ros/humble/share/rmw_implementation_cmake/cmake)
[0.220s] -- Found rmw_cyclonedds_cpp: 1.3.4 (/opt/ros/humble/share/rmw_cyclonedds_cpp/cmake)
[0.234s] -- Using RMW implementation 'rmw_cyclonedds_cpp' as default
[0.273s] -- Found geometry_msgs: 4.9.0 (/opt/ros/humble/share/geometry_msgs/cmake)
[0.282s] -- Found visualization_msgs: 4.9.0 (/opt/ros/humble/share/visualization_msgs/cmake)
[0.312s] -- Found nav_msgs: 4.9.0 (/opt/ros/humble/share/nav_msgs/cmake)
[0.325s] -- Found pose_utils: 0.0.0 (/home/rizy/planner/3d-navi/3d-navi-ros2_v1/install/pose_utils/share/pose_utils/cmake)
[0.329s] -- Found tf2: 0.25.17 (/opt/ros/humble/share/tf2/cmake)
[0.329s] -- Found tf2_geometry_msgs: 0.25.17 (/opt/ros/humble/share/tf2_geometry_msgs/cmake)
[0.331s] -- Found eigen3_cmake_module: 0.1.1 (/opt/ros/humble/share/eigen3_cmake_module/cmake)
[0.332s] -- Ensuring Eigen3 include directory is part of orocos-kdl CMake target
[0.380s] -- Found quadrotor_msgs: 0.0.0 (/home/rizy/planner/3d-navi/3d-navi-ros2_v1/install/quadrotor_msgs/share/quadrotor_msgs/cmake)
[0.396s] -- Found laser_geometry: 2.4.1 (/opt/ros/humble/share/laser_geometry/cmake)
[0.399s] -- Found rosidl_default_generators: 1.2.0 (/opt/ros/humble/share/rosidl_default_generators/cmake)
[0.680s] -- Found ament_cmake_ros: 0.10.0 (/opt/ros/humble/share/ament_cmake_ros/cmake)
[1.086s] -- Using all available rosidl_typesupport_c: rosidl_typesupport_fastrtps_c;rosidl_typesupport_introspection_c
[1.233s] -- Using all available rosidl_typesupport_cpp: rosidl_typesupport_fastrtps_cpp;rosidl_typesupport_introspection_cpp
[1.255s] -- Found python_cmake_module: 0.10.0 (/opt/ros/humble/share/python_cmake_module/cmake)
[1.273s] -- Using PYTHON_EXECUTABLE: /home/rizy/anaconda3/envs/myenv/bin/python3
[1.273s] -- Using PYTHON_INCLUDE_DIRS: /home/rizy/anaconda3/envs/myenv/include/python3.10
[1.273s] -- Using PYTHON_LIBRARIES: /home/rizy/anaconda3/envs/myenv/lib/libpython3.10.so
[1.425s] -- Using numpy include directory: /home/rizy/.local/lib/python3.10/site-packages/numpy/core/include
[1.453s] -- Found ament_lint_auto: 0.12.14 (/opt/ros/humble/share/ament_lint_auto/cmake)
[1.462s] -- Added test 'cppcheck' to perform static code analysis on C / C++ code
[1.462s] -- Configured cppcheck include dirs: /home/rizy/planner/3d-navi/3d-navi-ros2_v1/src/uav_simulator/Utils/multi_map_server/include
[1.462s] -- Configured cppcheck exclude dirs and/or files: 
[1.463s] -- Added test 'lint_cmake' to check CMake code style
[1.464s] -- Added test 'uncrustify' to check C / C++ code style
[1.464s] -- Configured uncrustify additional arguments: 
[1.464s] -- Added test 'xmllint' to check XML markup files
[1.465s] -- Configuring done
[1.492s] [33mCMake Warning at /opt/ros/humble/share/rosidl_generator_py/cmake/rosidl_generator_py_generate_interfaces.cmake:166 (add_library):
[1.492s]   Cannot generate a safe runtime search path for target
[1.492s]   multi_map_server__rosidl_generator_py because files in some directories may
[1.492s]   conflict with libraries in implicit directories:
[1.492s] 
[1.493s]     runtime library [libpython3.10.so.1.0] in /usr/lib/x86_64-linux-gnu may be hidden by files in:
[1.493s]       /home/rizy/anaconda3/envs/myenv/lib
[1.493s] 
[1.493s]   Some of these libraries may not be found correctly.
[1.493s] Call Stack (most recent call first):
[1.493s]   /opt/ros/humble/share/ament_cmake_core/cmake/core/ament_execute_extensions.cmake:48 (include)
[1.493s]   /opt/ros/humble/share/rosidl_cmake/cmake/rosidl_generate_interfaces.cmake:286 (ament_execute_extensions)
[1.493s]   CMakeLists.txt:31 (rosidl_generate_interfaces)
[1.493s] 
[1.493s] [0m
[1.495s] [33mCMake Warning at /opt/ros/humble/share/rosidl_generator_py/cmake/rosidl_generator_py_generate_interfaces.cmake:226 (add_library):
[1.495s]   Cannot generate a safe runtime search path for target
[1.495s]   multi_map_server__rosidl_typesupport_fastrtps_c__pyext because files in
[1.496s]   some directories may conflict with libraries in implicit directories:
[1.496s] 
[1.496s]     runtime library [libpython3.10.so.1.0] in /usr/lib/x86_64-linux-gnu may be hidden by files in:
[1.496s]       /home/rizy/anaconda3/envs/myenv/lib
[1.496s] 
[1.496s]   Some of these libraries may not be found correctly.
[1.496s] Call Stack (most recent call first):
[1.496s]   /opt/ros/humble/share/ament_cmake_core/cmake/core/ament_execute_extensions.cmake:48 (include)
[1.496s]   /opt/ros/humble/share/rosidl_cmake/cmake/rosidl_generate_interfaces.cmake:286 (ament_execute_extensions)
[1.496s]   CMakeLists.txt:31 (rosidl_generate_interfaces)
[1.496s] 
[1.496s] [0m
[1.498s] [33mCMake Warning at /opt/ros/humble/share/rosidl_generator_py/cmake/rosidl_generator_py_generate_interfaces.cmake:226 (add_library):
[1.498s]   Cannot generate a safe runtime search path for target
[1.498s]   multi_map_server__rosidl_typesupport_introspection_c__pyext because files
[1.498s]   in some directories may conflict with libraries in implicit directories:
[1.499s] 
[1.499s]     runtime library [libpython3.10.so.1.0] in /usr/lib/x86_64-linux-gnu may be hidden by files in:
[1.499s]       /home/rizy/anaconda3/envs/myenv/lib
[1.499s] 
[1.499s]   Some of these libraries may not be found correctly.
[1.499s] Call Stack (most recent call first):
[1.499s]   /opt/ros/humble/share/ament_cmake_core/cmake/core/ament_execute_extensions.cmake:48 (include)
[1.499s]   /opt/ros/humble/share/rosidl_cmake/cmake/rosidl_generate_interfaces.cmake:286 (ament_execute_extensions)
[1.499s]   CMakeLists.txt:31 (rosidl_generate_interfaces)
[1.499s] 
[1.499s] [0m
[1.501s] [33mCMake Warning at /opt/ros/humble/share/rosidl_generator_py/cmake/rosidl_generator_py_generate_interfaces.cmake:226 (add_library):
[1.501s]   Cannot generate a safe runtime search path for target
[1.501s]   multi_map_server__rosidl_typesupport_c__pyext because files in some
[1.501s]   directories may conflict with libraries in implicit directories:
[1.501s] 
[1.501s]     runtime library [libpython3.10.so.1.0] in /usr/lib/x86_64-linux-gnu may be hidden by files in:
[1.501s]       /home/rizy/anaconda3/envs/myenv/lib
[1.501s] 
[1.501s]   Some of these libraries may not be found correctly.
[1.501s] Call Stack (most recent call first):
[1.501s]   /opt/ros/humble/share/ament_cmake_core/cmake/core/ament_execute_extensions.cmake:48 (include)
[1.501s]   /opt/ros/humble/share/rosidl_cmake/cmake/rosidl_generate_interfaces.cmake:286 (ament_execute_extensions)
[1.501s]   CMakeLists.txt:31 (rosidl_generate_interfaces)
[1.501s] 
[1.501s] [0m
[1.509s] -- Generating done
[1.524s] -- Build files have been written to: /home/rizy/planner/3d-navi/3d-navi-ros2_v1/build/multi_map_server
[1.538s] Invoked command in '/home/rizy/planner/3d-navi/3d-navi-ros2_v1/build/multi_map_server' returned '0': CMAKE_PREFIX_PATH=/home/rizy/planner/3d-navi/3d-navi-ros2_v1/install/quadrotor_msgs:/home/rizy/planner/3d-navi/3d-navi-ros2_v1/install/pose_utils:/home/rizy/planner/3d-navi/3d-navi-ros2_v1/install/waypoint_generator:/home/rizy/planner/3d-navi/3d-navi-ros2_v1/install/so3_quadrotor_simulator:/home/rizy/planner/3d-navi/3d-navi-ros2_v1/install/uav_utils:/home/rizy/planner/3d-navi/3d-navi-ros2_v1/install/rosmsg_tcp_bridge:/home/rizy/planner/3d-navi/3d-navi-ros2_v1/install/ego_planner:/home/rizy/planner/3d-navi/3d-navi-ros2_v1/install/bspline_opt:/home/rizy/planner/3d-navi/3d-navi-ros2_v1/install/traj_utils:/home/rizy/planner/3d-navi/3d-navi-ros2_v1/install/so3_control:/home/rizy/planner/3d-navi/3d-navi-ros2_v1/install/poscmd_2_odom:/home/rizy/planner/3d-navi/3d-navi-ros2_v1/install/odom_visualization:/home/rizy/planner/3d-navi/3d-navi-ros2_v1/install/multi_map_server:/home/rizy/planner/3d-navi/3d-navi-ros2_v1/install/local_sensing:/home/rizy/planner/3d-navi/3d-navi-ros2_v1/install/path_searching:/home/rizy/planner/3d-navi/3d-navi-ros2_v1/install/plan_env:/home/rizy/planner/3d-navi/3d-navi-ros2_v1/install/mockamap:/home/rizy/planner/3d-navi/3d-navi-ros2_v1/install/map_generator:/home/rizy/planner/3d-navi/3d-navi-ros2_v1/install/drone_detect:/home/rizy/planner/3d-navi/3d-navi-ros2_v1/install/cmake_utils:/home/rizy/planner/tron1/limx_ws/install/tron1_nav2:/home/rizy/planner/tron1/limx_ws/install/tron1_ctrl_ros2:/home/rizy/planner/tron1/limx_ws/install/robot_visualization:/home/rizy/planner/tron1/limx_ws/install/robot_hw:/home/rizy/planner/tron1/limx_ws/install/robot_description:/home/rizy/planner/tron1/limx_ws/install/robot_controllers:/home/rizy/planner/tron1/limx_ws/install/pointfoot_gazebo:/home/rizy/planner/tron1/limx_ws/install/mrosbridger:/home/rizy/planner/tron1/limx_ws/install/limxsdk_sim:/home/rizy/planner/tron1/limx_ws/install/limxsdk_lowlevel:/home/rizy/planner/tron1/limx_ws/install/controller_msgs:/home/rizy/planner/3d-navi/3d-navi-ros2_v1/install/nav_integration:/opt/ros/humble CONDA_PROMPT_MODIFIER=(myenv) LD_LIBRARY_PATH=/home/rizy/planner/3d-navi/3d-navi-ros2_v1/install/quadrotor_msgs/lib:/home/rizy/planner/3d-navi/3d-navi-ros2_v1/install/pose_utils/lib:/usr/local/cuda-12.8/lib64:/home/rizy/planner/3d-navi/3d-navi-ros2_v1/install/bspline_opt/lib:/home/rizy/planner/3d-navi/3d-navi-ros2_v1/install/traj_utils/lib:/home/rizy/planner/3d-navi/3d-navi-ros2_v1/install/so3_control/lib:/home/rizy/planner/3d-navi/3d-navi-ros2_v1/install/multi_map_server/lib:/home/rizy/planner/3d-navi/3d-navi-ros2_v1/install/path_searching/lib:/home/rizy/planner/3d-navi/3d-navi-ros2_v1/install/plan_env/lib:/home/rizy/planner/tron1/limx_ws/install/tron1_ctrl_ros2/lib:/home/rizy/planner/tron1/limx_ws/install/robot_controllers/lib:/home/rizy/planner/tron1/limx_ws/install/pointfoot_gazebo/lib:/home/rizy/planner/tron1/limx_ws/install/mrosbridger/lib:/home/rizy/planner/tron1/limx_ws/install/limxsdk_sim/lib:/home/rizy/planner/tron1/limx_ws/install/limxsdk_lowlevel/lib:/home/rizy/planner/tron1/limx_ws/install/controller_msgs/lib:/usr/local/cuda-12.8/lib64:/usr/lib/x86_64-linux-gnu/gazebo-11/plugins:/opt/ros/humble/opt/rviz_ogre_vendor/lib:/opt/ros/humble/lib/x86_64-linux-gnu:/opt/ros/humble/lib:/usr/share/gazebo/../../lib/x86_64-linux-gnu/gazebo-11/plugins:/usr/share/gazebo/../../lib/x86_64-linux-gnu/gazebo-11/plugins:/usr/share/gazebo/../../lib/x86_64-linux-gnu/gazebo-11/plugins PYTHONPATH=/home/rizy/planner/3d-navi/3d-navi-ros2_v1/install/quadrotor_msgs/lib/python3.10/site-packages:/home/rizy/planner/3d-navi/3d-navi-ros2_v1/install/traj_utils/local/lib/python3.10/dist-packages:/home/rizy/planner/3d-navi/3d-navi-ros2_v1/install/traj_utils/lib/python3.10/site-packages:/home/rizy/planner/3d-navi/3d-navi-ros2_v1/install/multi_map_server/local/lib/python3.10/dist-packages:/home/rizy/planner/3d-navi/3d-navi-ros2_v1/install/multi_map_server/lib/python3.10/site-packages:/home/rizy/planner/3d-navi/3d-navi-ros2_v1/install/quadrotor_msgs/local/lib/python3.10/dist-packages:/home/rizy/planner/3d-navi/3d-navi-ros2_v1/install/nav_integration/lib/python3.10/site-packages:/home/rizy/planner/tron1/limx_ws/install/tron1_ctrl_ros2/local/lib/python3.10/dist-packages:/home/rizy/planner/tron1/limx_ws/install/mrosbridger/local/lib/python3.10/dist-packages:/home/rizy/planner/tron1/limx_ws/install/controller_msgs/local/lib/python3.10/dist-packages:/opt/ros/humble/lib/python3.10/site-packages:/opt/ros/humble/local/lib/python3.10/dist-packages /usr/bin/cmake /home/rizy/planner/3d-navi/3d-navi-ros2_v1/src/uav_simulator/Utils/multi_map_server -DCMAKE_INSTALL_PREFIX=/home/rizy/planner/3d-navi/3d-navi-ros2_v1/install/multi_map_server
[1.539s] Invoking command in '/home/rizy/planner/3d-navi/3d-navi-ros2_v1/build/multi_map_server': CMAKE_PREFIX_PATH=/home/rizy/planner/3d-navi/3d-navi-ros2_v1/install/quadrotor_msgs:/home/rizy/planner/3d-navi/3d-navi-ros2_v1/install/pose_utils:/home/rizy/planner/3d-navi/3d-navi-ros2_v1/install/waypoint_generator:/home/rizy/planner/3d-navi/3d-navi-ros2_v1/install/so3_quadrotor_simulator:/home/rizy/planner/3d-navi/3d-navi-ros2_v1/install/uav_utils:/home/rizy/planner/3d-navi/3d-navi-ros2_v1/install/rosmsg_tcp_bridge:/home/rizy/planner/3d-navi/3d-navi-ros2_v1/install/ego_planner:/home/rizy/planner/3d-navi/3d-navi-ros2_v1/install/bspline_opt:/home/rizy/planner/3d-navi/3d-navi-ros2_v1/install/traj_utils:/home/rizy/planner/3d-navi/3d-navi-ros2_v1/install/so3_control:/home/rizy/planner/3d-navi/3d-navi-ros2_v1/install/poscmd_2_odom:/home/rizy/planner/3d-navi/3d-navi-ros2_v1/install/odom_visualization:/home/rizy/planner/3d-navi/3d-navi-ros2_v1/install/multi_map_server:/home/rizy/planner/3d-navi/3d-navi-ros2_v1/install/local_sensing:/home/rizy/planner/3d-navi/3d-navi-ros2_v1/install/path_searching:/home/rizy/planner/3d-navi/3d-navi-ros2_v1/install/plan_env:/home/rizy/planner/3d-navi/3d-navi-ros2_v1/install/mockamap:/home/rizy/planner/3d-navi/3d-navi-ros2_v1/install/map_generator:/home/rizy/planner/3d-navi/3d-navi-ros2_v1/install/drone_detect:/home/rizy/planner/3d-navi/3d-navi-ros2_v1/install/cmake_utils:/home/rizy/planner/tron1/limx_ws/install/tron1_nav2:/home/rizy/planner/tron1/limx_ws/install/tron1_ctrl_ros2:/home/rizy/planner/tron1/limx_ws/install/robot_visualization:/home/rizy/planner/tron1/limx_ws/install/robot_hw:/home/rizy/planner/tron1/limx_ws/install/robot_description:/home/rizy/planner/tron1/limx_ws/install/robot_controllers:/home/rizy/planner/tron1/limx_ws/install/pointfoot_gazebo:/home/rizy/planner/tron1/limx_ws/install/mrosbridger:/home/rizy/planner/tron1/limx_ws/install/limxsdk_sim:/home/rizy/planner/tron1/limx_ws/install/limxsdk_lowlevel:/home/rizy/planner/tron1/limx_ws/install/controller_msgs:/home/rizy/planner/3d-navi/3d-navi-ros2_v1/install/nav_integration:/opt/ros/humble CONDA_PROMPT_MODIFIER=(myenv) LD_LIBRARY_PATH=/home/rizy/planner/3d-navi/3d-navi-ros2_v1/install/quadrotor_msgs/lib:/home/rizy/planner/3d-navi/3d-navi-ros2_v1/install/pose_utils/lib:/usr/local/cuda-12.8/lib64:/home/rizy/planner/3d-navi/3d-navi-ros2_v1/install/bspline_opt/lib:/home/rizy/planner/3d-navi/3d-navi-ros2_v1/install/traj_utils/lib:/home/rizy/planner/3d-navi/3d-navi-ros2_v1/install/so3_control/lib:/home/rizy/planner/3d-navi/3d-navi-ros2_v1/install/multi_map_server/lib:/home/rizy/planner/3d-navi/3d-navi-ros2_v1/install/path_searching/lib:/home/rizy/planner/3d-navi/3d-navi-ros2_v1/install/plan_env/lib:/home/rizy/planner/tron1/limx_ws/install/tron1_ctrl_ros2/lib:/home/rizy/planner/tron1/limx_ws/install/robot_controllers/lib:/home/rizy/planner/tron1/limx_ws/install/pointfoot_gazebo/lib:/home/rizy/planner/tron1/limx_ws/install/mrosbridger/lib:/home/rizy/planner/tron1/limx_ws/install/limxsdk_sim/lib:/home/rizy/planner/tron1/limx_ws/install/limxsdk_lowlevel/lib:/home/rizy/planner/tron1/limx_ws/install/controller_msgs/lib:/usr/local/cuda-12.8/lib64:/usr/lib/x86_64-linux-gnu/gazebo-11/plugins:/opt/ros/humble/opt/rviz_ogre_vendor/lib:/opt/ros/humble/lib/x86_64-linux-gnu:/opt/ros/humble/lib:/usr/share/gazebo/../../lib/x86_64-linux-gnu/gazebo-11/plugins:/usr/share/gazebo/../../lib/x86_64-linux-gnu/gazebo-11/plugins:/usr/share/gazebo/../../lib/x86_64-linux-gnu/gazebo-11/plugins PYTHONPATH=/home/rizy/planner/3d-navi/3d-navi-ros2_v1/install/quadrotor_msgs/lib/python3.10/site-packages:/home/rizy/planner/3d-navi/3d-navi-ros2_v1/install/traj_utils/local/lib/python3.10/dist-packages:/home/rizy/planner/3d-navi/3d-navi-ros2_v1/install/traj_utils/lib/python3.10/site-packages:/home/rizy/planner/3d-navi/3d-navi-ros2_v1/install/multi_map_server/local/lib/python3.10/dist-packages:/home/rizy/planner/3d-navi/3d-navi-ros2_v1/install/multi_map_server/lib/python3.10/site-packages:/home/rizy/planner/3d-navi/3d-navi-ros2_v1/install/quadrotor_msgs/local/lib/python3.10/dist-packages:/home/rizy/planner/3d-navi/3d-navi-ros2_v1/install/nav_integration/lib/python3.10/site-packages:/home/rizy/planner/tron1/limx_ws/install/tron1_ctrl_ros2/local/lib/python3.10/dist-packages:/home/rizy/planner/tron1/limx_ws/install/mrosbridger/local/lib/python3.10/dist-packages:/home/rizy/planner/tron1/limx_ws/install/controller_msgs/local/lib/python3.10/dist-packages:/opt/ros/humble/lib/python3.10/site-packages:/opt/ros/humble/local/lib/python3.10/dist-packages /usr/bin/cmake --build /home/rizy/planner/3d-navi/3d-navi-ros2_v1/build/multi_map_server -- -j32 -l32
[1.584s] [35m[1mConsolidate compiler generated dependencies of target multi_map_server__rosidl_generator_c[0m
[1.594s] [  1%] Built target multi_map_server__cpp
[1.596s] [ 12%] Built target multi_map_server__rosidl_generator_c
[1.602s] [ 12%] Built target ament_cmake_python_symlink_multi_map_server
[1.605s] [35m[1mConsolidate compiler generated dependencies of target multi_map_server__rosidl_typesupport_cpp[0m
[1.605s] [35m[1mConsolidate compiler generated dependencies of target multi_map_server__rosidl_typesupport_introspection_cpp[0m
[1.606s] [35m[1mConsolidate compiler generated dependencies of target multi_map_server__rosidl_typesupport_fastrtps_cpp[0m
[1.606s] [35m[1mConsolidate compiler generated dependencies of target multi_map_server__rosidl_typesupport_c[0m
[1.606s] [35m[1mConsolidate compiler generated dependencies of target multi_map_server__rosidl_typesupport_introspection_c[0m
[1.607s] [35m[1mConsolidate compiler generated dependencies of target multi_map_server__rosidl_typesupport_fastrtps_c[0m
[1.618s] [ 22%] Built target multi_map_server__rosidl_typesupport_c
[1.619s] [ 33%] Built target multi_map_server__rosidl_typesupport_cpp
[1.619s] [ 43%] Built target multi_map_server__rosidl_typesupport_introspection_c
[1.620s] [ 54%] Built target multi_map_server__rosidl_typesupport_introspection_cpp
[1.620s] [ 64%] Built target multi_map_server__rosidl_typesupport_fastrtps_cpp
[1.622s] [ 75%] Built target multi_map_server__rosidl_typesupport_fastrtps_c
[1.629s] [35m[1mConsolidate compiler generated dependencies of target multi_map_visualization[0m
[1.640s] [ 75%] Built target multi_map_server
[1.649s] [ 78%] Built target multi_map_visualization
[1.662s] [ 80%] Built target multi_map_server__py
[1.674s] [35m[1mConsolidate compiler generated dependencies of target multi_map_server__rosidl_generator_py[0m
[1.688s] [ 89%] Built target multi_map_server__rosidl_generator_py
[1.699s] [35m[1mConsolidate compiler generated dependencies of target multi_map_server__rosidl_typesupport_c__pyext[0m
[1.699s] [35m[1mConsolidate compiler generated dependencies of target multi_map_server__rosidl_typesupport_fastrtps_c__pyext[0m
[1.699s] [35m[1mConsolidate compiler generated dependencies of target multi_map_server__rosidl_typesupport_introspection_c__pyext[0m
[1.711s] [100%] Built target multi_map_server__rosidl_typesupport_introspection_c__pyext
[1.712s] [100%] Built target multi_map_server__rosidl_typesupport_fastrtps_c__pyext
[1.712s] [100%] Built target multi_map_server__rosidl_typesupport_c__pyext
[1.739s] running egg_info
[1.748s] writing multi_map_server.egg-info/PKG-INFO
[1.748s] writing dependency_links to multi_map_server.egg-info/dependency_links.txt
[1.748s] writing top-level names to multi_map_server.egg-info/top_level.txt
[1.773s] reading manifest file 'multi_map_server.egg-info/SOURCES.txt'
[1.774s] writing manifest file 'multi_map_server.egg-info/SOURCES.txt'
[1.796s] [100%] Built target ament_cmake_python_build_multi_map_server_egg
[1.806s] Invoked command in '/home/rizy/planner/3d-navi/3d-navi-ros2_v1/build/multi_map_server' returned '0': CMAKE_PREFIX_PATH=/home/rizy/planner/3d-navi/3d-navi-ros2_v1/install/quadrotor_msgs:/home/rizy/planner/3d-navi/3d-navi-ros2_v1/install/pose_utils:/home/rizy/planner/3d-navi/3d-navi-ros2_v1/install/waypoint_generator:/home/rizy/planner/3d-navi/3d-navi-ros2_v1/install/so3_quadrotor_simulator:/home/rizy/planner/3d-navi/3d-navi-ros2_v1/install/uav_utils:/home/rizy/planner/3d-navi/3d-navi-ros2_v1/install/rosmsg_tcp_bridge:/home/rizy/planner/3d-navi/3d-navi-ros2_v1/install/ego_planner:/home/rizy/planner/3d-navi/3d-navi-ros2_v1/install/bspline_opt:/home/rizy/planner/3d-navi/3d-navi-ros2_v1/install/traj_utils:/home/rizy/planner/3d-navi/3d-navi-ros2_v1/install/so3_control:/home/rizy/planner/3d-navi/3d-navi-ros2_v1/install/poscmd_2_odom:/home/rizy/planner/3d-navi/3d-navi-ros2_v1/install/odom_visualization:/home/rizy/planner/3d-navi/3d-navi-ros2_v1/install/multi_map_server:/home/rizy/planner/3d-navi/3d-navi-ros2_v1/install/local_sensing:/home/rizy/planner/3d-navi/3d-navi-ros2_v1/install/path_searching:/home/rizy/planner/3d-navi/3d-navi-ros2_v1/install/plan_env:/home/rizy/planner/3d-navi/3d-navi-ros2_v1/install/mockamap:/home/rizy/planner/3d-navi/3d-navi-ros2_v1/install/map_generator:/home/rizy/planner/3d-navi/3d-navi-ros2_v1/install/drone_detect:/home/rizy/planner/3d-navi/3d-navi-ros2_v1/install/cmake_utils:/home/rizy/planner/tron1/limx_ws/install/tron1_nav2:/home/rizy/planner/tron1/limx_ws/install/tron1_ctrl_ros2:/home/rizy/planner/tron1/limx_ws/install/robot_visualization:/home/rizy/planner/tron1/limx_ws/install/robot_hw:/home/rizy/planner/tron1/limx_ws/install/robot_description:/home/rizy/planner/tron1/limx_ws/install/robot_controllers:/home/rizy/planner/tron1/limx_ws/install/pointfoot_gazebo:/home/rizy/planner/tron1/limx_ws/install/mrosbridger:/home/rizy/planner/tron1/limx_ws/install/limxsdk_sim:/home/rizy/planner/tron1/limx_ws/install/limxsdk_lowlevel:/home/rizy/planner/tron1/limx_ws/install/controller_msgs:/home/rizy/planner/3d-navi/3d-navi-ros2_v1/install/nav_integration:/opt/ros/humble CONDA_PROMPT_MODIFIER=(myenv) LD_LIBRARY_PATH=/home/rizy/planner/3d-navi/3d-navi-ros2_v1/install/quadrotor_msgs/lib:/home/rizy/planner/3d-navi/3d-navi-ros2_v1/install/pose_utils/lib:/usr/local/cuda-12.8/lib64:/home/rizy/planner/3d-navi/3d-navi-ros2_v1/install/bspline_opt/lib:/home/rizy/planner/3d-navi/3d-navi-ros2_v1/install/traj_utils/lib:/home/rizy/planner/3d-navi/3d-navi-ros2_v1/install/so3_control/lib:/home/rizy/planner/3d-navi/3d-navi-ros2_v1/install/multi_map_server/lib:/home/rizy/planner/3d-navi/3d-navi-ros2_v1/install/path_searching/lib:/home/rizy/planner/3d-navi/3d-navi-ros2_v1/install/plan_env/lib:/home/rizy/planner/tron1/limx_ws/install/tron1_ctrl_ros2/lib:/home/rizy/planner/tron1/limx_ws/install/robot_controllers/lib:/home/rizy/planner/tron1/limx_ws/install/pointfoot_gazebo/lib:/home/rizy/planner/tron1/limx_ws/install/mrosbridger/lib:/home/rizy/planner/tron1/limx_ws/install/limxsdk_sim/lib:/home/rizy/planner/tron1/limx_ws/install/limxsdk_lowlevel/lib:/home/rizy/planner/tron1/limx_ws/install/controller_msgs/lib:/usr/local/cuda-12.8/lib64:/usr/lib/x86_64-linux-gnu/gazebo-11/plugins:/opt/ros/humble/opt/rviz_ogre_vendor/lib:/opt/ros/humble/lib/x86_64-linux-gnu:/opt/ros/humble/lib:/usr/share/gazebo/../../lib/x86_64-linux-gnu/gazebo-11/plugins:/usr/share/gazebo/../../lib/x86_64-linux-gnu/gazebo-11/plugins:/usr/share/gazebo/../../lib/x86_64-linux-gnu/gazebo-11/plugins PYTHONPATH=/home/rizy/planner/3d-navi/3d-navi-ros2_v1/install/quadrotor_msgs/lib/python3.10/site-packages:/home/rizy/planner/3d-navi/3d-navi-ros2_v1/install/traj_utils/local/lib/python3.10/dist-packages:/home/rizy/planner/3d-navi/3d-navi-ros2_v1/install/traj_utils/lib/python3.10/site-packages:/home/rizy/planner/3d-navi/3d-navi-ros2_v1/install/multi_map_server/local/lib/python3.10/dist-packages:/home/rizy/planner/3d-navi/3d-navi-ros2_v1/install/multi_map_server/lib/python3.10/site-packages:/home/rizy/planner/3d-navi/3d-navi-ros2_v1/install/quadrotor_msgs/local/lib/python3.10/dist-packages:/home/rizy/planner/3d-navi/3d-navi-ros2_v1/install/nav_integration/lib/python3.10/site-packages:/home/rizy/planner/tron1/limx_ws/install/tron1_ctrl_ros2/local/lib/python3.10/dist-packages:/home/rizy/planner/tron1/limx_ws/install/mrosbridger/local/lib/python3.10/dist-packages:/home/rizy/planner/tron1/limx_ws/install/controller_msgs/local/lib/python3.10/dist-packages:/opt/ros/humble/lib/python3.10/site-packages:/opt/ros/humble/local/lib/python3.10/dist-packages /usr/bin/cmake --build /home/rizy/planner/3d-navi/3d-navi-ros2_v1/build/multi_map_server -- -j32 -l32
[1.808s] Invoking command in '/home/rizy/planner/3d-navi/3d-navi-ros2_v1/build/multi_map_server': CMAKE_PREFIX_PATH=/home/rizy/planner/3d-navi/3d-navi-ros2_v1/install/quadrotor_msgs:/home/rizy/planner/3d-navi/3d-navi-ros2_v1/install/pose_utils:/home/rizy/planner/3d-navi/3d-navi-ros2_v1/install/waypoint_generator:/home/rizy/planner/3d-navi/3d-navi-ros2_v1/install/so3_quadrotor_simulator:/home/rizy/planner/3d-navi/3d-navi-ros2_v1/install/uav_utils:/home/rizy/planner/3d-navi/3d-navi-ros2_v1/install/rosmsg_tcp_bridge:/home/rizy/planner/3d-navi/3d-navi-ros2_v1/install/ego_planner:/home/rizy/planner/3d-navi/3d-navi-ros2_v1/install/bspline_opt:/home/rizy/planner/3d-navi/3d-navi-ros2_v1/install/traj_utils:/home/rizy/planner/3d-navi/3d-navi-ros2_v1/install/so3_control:/home/rizy/planner/3d-navi/3d-navi-ros2_v1/install/poscmd_2_odom:/home/rizy/planner/3d-navi/3d-navi-ros2_v1/install/odom_visualization:/home/rizy/planner/3d-navi/3d-navi-ros2_v1/install/multi_map_server:/home/rizy/planner/3d-navi/3d-navi-ros2_v1/install/local_sensing:/home/rizy/planner/3d-navi/3d-navi-ros2_v1/install/path_searching:/home/rizy/planner/3d-navi/3d-navi-ros2_v1/install/plan_env:/home/rizy/planner/3d-navi/3d-navi-ros2_v1/install/mockamap:/home/rizy/planner/3d-navi/3d-navi-ros2_v1/install/map_generator:/home/rizy/planner/3d-navi/3d-navi-ros2_v1/install/drone_detect:/home/rizy/planner/3d-navi/3d-navi-ros2_v1/install/cmake_utils:/home/rizy/planner/tron1/limx_ws/install/tron1_nav2:/home/rizy/planner/tron1/limx_ws/install/tron1_ctrl_ros2:/home/rizy/planner/tron1/limx_ws/install/robot_visualization:/home/rizy/planner/tron1/limx_ws/install/robot_hw:/home/rizy/planner/tron1/limx_ws/install/robot_description:/home/rizy/planner/tron1/limx_ws/install/robot_controllers:/home/rizy/planner/tron1/limx_ws/install/pointfoot_gazebo:/home/rizy/planner/tron1/limx_ws/install/mrosbridger:/home/rizy/planner/tron1/limx_ws/install/limxsdk_sim:/home/rizy/planner/tron1/limx_ws/install/limxsdk_lowlevel:/home/rizy/planner/tron1/limx_ws/install/controller_msgs:/home/rizy/planner/3d-navi/3d-navi-ros2_v1/install/nav_integration:/opt/ros/humble CONDA_PROMPT_MODIFIER=(myenv) LD_LIBRARY_PATH=/home/rizy/planner/3d-navi/3d-navi-ros2_v1/install/quadrotor_msgs/lib:/home/rizy/planner/3d-navi/3d-navi-ros2_v1/install/pose_utils/lib:/usr/local/cuda-12.8/lib64:/home/rizy/planner/3d-navi/3d-navi-ros2_v1/install/bspline_opt/lib:/home/rizy/planner/3d-navi/3d-navi-ros2_v1/install/traj_utils/lib:/home/rizy/planner/3d-navi/3d-navi-ros2_v1/install/so3_control/lib:/home/rizy/planner/3d-navi/3d-navi-ros2_v1/install/multi_map_server/lib:/home/rizy/planner/3d-navi/3d-navi-ros2_v1/install/path_searching/lib:/home/rizy/planner/3d-navi/3d-navi-ros2_v1/install/plan_env/lib:/home/rizy/planner/tron1/limx_ws/install/tron1_ctrl_ros2/lib:/home/rizy/planner/tron1/limx_ws/install/robot_controllers/lib:/home/rizy/planner/tron1/limx_ws/install/pointfoot_gazebo/lib:/home/rizy/planner/tron1/limx_ws/install/mrosbridger/lib:/home/rizy/planner/tron1/limx_ws/install/limxsdk_sim/lib:/home/rizy/planner/tron1/limx_ws/install/limxsdk_lowlevel/lib:/home/rizy/planner/tron1/limx_ws/install/controller_msgs/lib:/usr/local/cuda-12.8/lib64:/usr/lib/x86_64-linux-gnu/gazebo-11/plugins:/opt/ros/humble/opt/rviz_ogre_vendor/lib:/opt/ros/humble/lib/x86_64-linux-gnu:/opt/ros/humble/lib:/usr/share/gazebo/../../lib/x86_64-linux-gnu/gazebo-11/plugins:/usr/share/gazebo/../../lib/x86_64-linux-gnu/gazebo-11/plugins:/usr/share/gazebo/../../lib/x86_64-linux-gnu/gazebo-11/plugins PYTHONPATH=/home/rizy/planner/3d-navi/3d-navi-ros2_v1/install/quadrotor_msgs/lib/python3.10/site-packages:/home/rizy/planner/3d-navi/3d-navi-ros2_v1/install/traj_utils/local/lib/python3.10/dist-packages:/home/rizy/planner/3d-navi/3d-navi-ros2_v1/install/traj_utils/lib/python3.10/site-packages:/home/rizy/planner/3d-navi/3d-navi-ros2_v1/install/multi_map_server/local/lib/python3.10/dist-packages:/home/rizy/planner/3d-navi/3d-navi-ros2_v1/install/multi_map_server/lib/python3.10/site-packages:/home/rizy/planner/3d-navi/3d-navi-ros2_v1/install/quadrotor_msgs/local/lib/python3.10/dist-packages:/home/rizy/planner/3d-navi/3d-navi-ros2_v1/install/nav_integration/lib/python3.10/site-packages:/home/rizy/planner/tron1/limx_ws/install/tron1_ctrl_ros2/local/lib/python3.10/dist-packages:/home/rizy/planner/tron1/limx_ws/install/mrosbridger/local/lib/python3.10/dist-packages:/home/rizy/planner/tron1/limx_ws/install/controller_msgs/local/lib/python3.10/dist-packages:/opt/ros/humble/lib/python3.10/site-packages:/opt/ros/humble/local/lib/python3.10/dist-packages /usr/bin/cmake --install /home/rizy/planner/3d-navi/3d-navi-ros2_v1/build/multi_map_server
[1.815s] -- Install configuration: "Release"
[1.816s] -- Execute custom install script
[1.816s] -- Up-to-date symlink: /home/rizy/planner/3d-navi/3d-navi-ros2_v1/install/multi_map_server/share/ament_index/resource_index/rosidl_interfaces/multi_map_server
[1.816s] -- Up-to-date symlink: /home/rizy/planner/3d-navi/3d-navi-ros2_v1/install/multi_map_server/include/multi_map_server/multi_map_server/msg/detail/multi_occupancy_grid__functions.h
[1.816s] -- Up-to-date symlink: /home/rizy/planner/3d-navi/3d-navi-ros2_v1/install/multi_map_server/include/multi_map_server/multi_map_server/msg/detail/multi_occupancy_grid__struct.h
[1.816s] -- Up-to-date symlink: /home/rizy/planner/3d-navi/3d-navi-ros2_v1/install/multi_map_server/include/multi_map_server/multi_map_server/msg/detail/multi_occupancy_grid__type_support.h
[1.816s] -- Up-to-date symlink: /home/rizy/planner/3d-navi/3d-navi-ros2_v1/install/multi_map_server/include/multi_map_server/multi_map_server/msg/detail/multi_sparse_map3_d__functions.h
[1.817s] -- Up-to-date symlink: /home/rizy/planner/3d-navi/3d-navi-ros2_v1/install/multi_map_server/include/multi_map_server/multi_map_server/msg/detail/multi_sparse_map3_d__struct.h
[1.817s] -- Up-to-date symlink: /home/rizy/planner/3d-navi/3d-navi-ros2_v1/install/multi_map_server/include/multi_map_server/multi_map_server/msg/detail/multi_sparse_map3_d__type_support.h
[1.817s] -- Up-to-date symlink: /home/rizy/planner/3d-navi/3d-navi-ros2_v1/install/multi_map_server/include/multi_map_server/multi_map_server/msg/detail/sparse_map3_d__functions.h
[1.817s] -- Up-to-date symlink: /home/rizy/planner/3d-navi/3d-navi-ros2_v1/install/multi_map_server/include/multi_map_server/multi_map_server/msg/detail/sparse_map3_d__struct.h
[1.817s] -- Up-to-date symlink: /home/rizy/planner/3d-navi/3d-navi-ros2_v1/install/multi_map_server/include/multi_map_server/multi_map_server/msg/detail/sparse_map3_d__type_support.h
[1.817s] -- Up-to-date symlink: /home/rizy/planner/3d-navi/3d-navi-ros2_v1/install/multi_map_server/include/multi_map_server/multi_map_server/msg/detail/vertical_occupancy_grid_list__functions.h
[1.817s] -- Up-to-date symlink: /home/rizy/planner/3d-navi/3d-navi-ros2_v1/install/multi_map_server/include/multi_map_server/multi_map_server/msg/detail/vertical_occupancy_grid_list__struct.h
[1.817s] -- Up-to-date symlink: /home/rizy/planner/3d-navi/3d-navi-ros2_v1/install/multi_map_server/include/multi_map_server/multi_map_server/msg/detail/vertical_occupancy_grid_list__type_support.h
[1.817s] -- Up-to-date symlink: /home/rizy/planner/3d-navi/3d-navi-ros2_v1/install/multi_map_server/include/multi_map_server/multi_map_server/msg/multi_occupancy_grid.h
[1.817s] -- Up-to-date symlink: /home/rizy/planner/3d-navi/3d-navi-ros2_v1/install/multi_map_server/include/multi_map_server/multi_map_server/msg/multi_sparse_map3_d.h
[1.817s] -- Up-to-date symlink: /home/rizy/planner/3d-navi/3d-navi-ros2_v1/install/multi_map_server/include/multi_map_server/multi_map_server/msg/rosidl_generator_c__visibility_control.h
[1.817s] -- Up-to-date symlink: /home/rizy/planner/3d-navi/3d-navi-ros2_v1/install/multi_map_server/include/multi_map_server/multi_map_server/msg/sparse_map3_d.h
[1.817s] -- Up-to-date symlink: /home/rizy/planner/3d-navi/3d-navi-ros2_v1/install/multi_map_server/include/multi_map_server/multi_map_server/msg/vertical_occupancy_grid_list.h
[1.817s] -- Up-to-date symlink: /home/rizy/planner/3d-navi/3d-navi-ros2_v1/install/multi_map_server/share/multi_map_server/environment/library_path.sh
[1.818s] -- Up-to-date symlink: /home/rizy/planner/3d-navi/3d-navi-ros2_v1/install/multi_map_server/share/multi_map_server/environment/library_path.dsv
[1.818s] -- Up-to-date symlink: /home/rizy/planner/3d-navi/3d-navi-ros2_v1/install/multi_map_server/include/multi_map_server/multi_map_server/msg/detail/multi_occupancy_grid__rosidl_typesupport_fastrtps_c.h
[1.818s] -- Up-to-date symlink: /home/rizy/planner/3d-navi/3d-navi-ros2_v1/install/multi_map_server/include/multi_map_server/multi_map_server/msg/detail/multi_sparse_map3_d__rosidl_typesupport_fastrtps_c.h
[1.818s] -- Up-to-date symlink: /home/rizy/planner/3d-navi/3d-navi-ros2_v1/install/multi_map_server/include/multi_map_server/multi_map_server/msg/detail/sparse_map3_d__rosidl_typesupport_fastrtps_c.h
[1.818s] -- Up-to-date symlink: /home/rizy/planner/3d-navi/3d-navi-ros2_v1/install/multi_map_server/include/multi_map_server/multi_map_server/msg/detail/vertical_occupancy_grid_list__rosidl_typesupport_fastrtps_c.h
[1.818s] -- Up-to-date symlink: /home/rizy/planner/3d-navi/3d-navi-ros2_v1/install/multi_map_server/include/multi_map_server/multi_map_server/msg/rosidl_typesupport_fastrtps_c__visibility_control.h
[1.819s] -- Up-to-date symlink: /home/rizy/planner/3d-navi/3d-navi-ros2_v1/install/multi_map_server/include/multi_map_server/multi_map_server/msg/detail/multi_occupancy_grid__builder.hpp
[1.819s] -- Up-to-date symlink: /home/rizy/planner/3d-navi/3d-navi-ros2_v1/install/multi_map_server/include/multi_map_server/multi_map_server/msg/detail/multi_occupancy_grid__struct.hpp
[1.819s] -- Up-to-date symlink: /home/rizy/planner/3d-navi/3d-navi-ros2_v1/install/multi_map_server/include/multi_map_server/multi_map_server/msg/detail/multi_occupancy_grid__traits.hpp
[1.819s] -- Up-to-date symlink: /home/rizy/planner/3d-navi/3d-navi-ros2_v1/install/multi_map_server/include/multi_map_server/multi_map_server/msg/detail/multi_occupancy_grid__type_support.hpp
[1.819s] -- Up-to-date symlink: /home/rizy/planner/3d-navi/3d-navi-ros2_v1/install/multi_map_server/include/multi_map_server/multi_map_server/msg/detail/multi_sparse_map3_d__builder.hpp
[1.819s] -- Up-to-date symlink: /home/rizy/planner/3d-navi/3d-navi-ros2_v1/install/multi_map_server/include/multi_map_server/multi_map_server/msg/detail/multi_sparse_map3_d__struct.hpp
[1.819s] -- Up-to-date symlink: /home/rizy/planner/3d-navi/3d-navi-ros2_v1/install/multi_map_server/include/multi_map_server/multi_map_server/msg/detail/multi_sparse_map3_d__traits.hpp
[1.819s] -- Up-to-date symlink: /home/rizy/planner/3d-navi/3d-navi-ros2_v1/install/multi_map_server/include/multi_map_server/multi_map_server/msg/detail/multi_sparse_map3_d__type_support.hpp
[1.819s] -- Up-to-date symlink: /home/rizy/planner/3d-navi/3d-navi-ros2_v1/install/multi_map_server/include/multi_map_server/multi_map_server/msg/detail/sparse_map3_d__builder.hpp
[1.819s] -- Up-to-date symlink: /home/rizy/planner/3d-navi/3d-navi-ros2_v1/install/multi_map_server/include/multi_map_server/multi_map_server/msg/detail/sparse_map3_d__struct.hpp
[1.819s] -- Up-to-date symlink: /home/rizy/planner/3d-navi/3d-navi-ros2_v1/install/multi_map_server/include/multi_map_server/multi_map_server/msg/detail/sparse_map3_d__traits.hpp
[1.819s] -- Up-to-date symlink: /home/rizy/planner/3d-navi/3d-navi-ros2_v1/install/multi_map_server/include/multi_map_server/multi_map_server/msg/detail/sparse_map3_d__type_support.hpp
[1.819s] -- Up-to-date symlink: /home/rizy/planner/3d-navi/3d-navi-ros2_v1/install/multi_map_server/include/multi_map_server/multi_map_server/msg/detail/vertical_occupancy_grid_list__builder.hpp
[1.820s] -- Up-to-date symlink: /home/rizy/planner/3d-navi/3d-navi-ros2_v1/install/multi_map_server/include/multi_map_server/multi_map_server/msg/detail/vertical_occupancy_grid_list__struct.hpp
[1.820s] -- Up-to-date symlink: /home/rizy/planner/3d-navi/3d-navi-ros2_v1/install/multi_map_server/include/multi_map_server/multi_map_server/msg/detail/vertical_occupancy_grid_list__traits.hpp
[1.820s] -- Up-to-date symlink: /home/rizy/planner/3d-navi/3d-navi-ros2_v1/install/multi_map_server/include/multi_map_server/multi_map_server/msg/detail/vertical_occupancy_grid_list__type_support.hpp
[1.820s] -- Up-to-date symlink: /home/rizy/planner/3d-navi/3d-navi-ros2_v1/install/multi_map_server/include/multi_map_server/multi_map_server/msg/multi_occupancy_grid.hpp
[1.820s] -- Up-to-date symlink: /home/rizy/planner/3d-navi/3d-navi-ros2_v1/install/multi_map_server/include/multi_map_server/multi_map_server/msg/multi_sparse_map3_d.hpp
[1.820s] -- Up-to-date symlink: /home/rizy/planner/3d-navi/3d-navi-ros2_v1/install/multi_map_server/include/multi_map_server/multi_map_server/msg/rosidl_generator_cpp__visibility_control.hpp
[1.820s] -- Up-to-date symlink: /home/rizy/planner/3d-navi/3d-navi-ros2_v1/install/multi_map_server/include/multi_map_server/multi_map_server/msg/sparse_map3_d.hpp
[1.820s] -- Up-to-date symlink: /home/rizy/planner/3d-navi/3d-navi-ros2_v1/install/multi_map_server/include/multi_map_server/multi_map_server/msg/vertical_occupancy_grid_list.hpp
[1.820s] -- Up-to-date symlink: /home/rizy/planner/3d-navi/3d-navi-ros2_v1/install/multi_map_server/include/multi_map_server/multi_map_server/msg/detail/multi_occupancy_grid__rosidl_typesupport_fastrtps_cpp.hpp
[1.820s] -- Up-to-date symlink: /home/rizy/planner/3d-navi/3d-navi-ros2_v1/install/multi_map_server/include/multi_map_server/multi_map_server/msg/detail/multi_sparse_map3_d__rosidl_typesupport_fastrtps_cpp.hpp
[1.821s] -- Up-to-date symlink: /home/rizy/planner/3d-navi/3d-navi-ros2_v1/install/multi_map_server/include/multi_map_server/multi_map_server/msg/detail/sparse_map3_d__rosidl_typesupport_fastrtps_cpp.hpp
[1.821s] -- Up-to-date symlink: /home/rizy/planner/3d-navi/3d-navi-ros2_v1/install/multi_map_server/include/multi_map_server/multi_map_server/msg/detail/vertical_occupancy_grid_list__rosidl_typesupport_fastrtps_cpp.hpp
[1.821s] -- Up-to-date symlink: /home/rizy/planner/3d-navi/3d-navi-ros2_v1/install/multi_map_server/include/multi_map_server/multi_map_server/msg/rosidl_typesupport_fastrtps_cpp__visibility_control.h
[1.821s] -- Up-to-date symlink: /home/rizy/planner/3d-navi/3d-navi-ros2_v1/install/multi_map_server/include/multi_map_server/multi_map_server/msg/detail/multi_occupancy_grid__rosidl_typesupport_introspection_c.h
[1.821s] -- Up-to-date symlink: /home/rizy/planner/3d-navi/3d-navi-ros2_v1/install/multi_map_server/include/multi_map_server/multi_map_server/msg/detail/multi_sparse_map3_d__rosidl_typesupport_introspection_c.h
[1.821s] -- Up-to-date symlink: /home/rizy/planner/3d-navi/3d-navi-ros2_v1/install/multi_map_server/include/multi_map_server/multi_map_server/msg/detail/sparse_map3_d__rosidl_typesupport_introspection_c.h
[1.821s] -- Up-to-date symlink: /home/rizy/planner/3d-navi/3d-navi-ros2_v1/install/multi_map_server/include/multi_map_server/multi_map_server/msg/detail/vertical_occupancy_grid_list__rosidl_typesupport_introspection_c.h
[1.821s] -- Up-to-date symlink: /home/rizy/planner/3d-navi/3d-navi-ros2_v1/install/multi_map_server/include/multi_map_server/multi_map_server/msg/rosidl_typesupport_introspection_c__visibility_control.h
[1.821s] -- Up-to-date symlink: /home/rizy/planner/3d-navi/3d-navi-ros2_v1/install/multi_map_server/include/multi_map_server/multi_map_server/msg/detail/multi_occupancy_grid__rosidl_typesupport_introspection_cpp.hpp
[1.822s] -- Up-to-date symlink: /home/rizy/planner/3d-navi/3d-navi-ros2_v1/install/multi_map_server/include/multi_map_server/multi_map_server/msg/detail/multi_sparse_map3_d__rosidl_typesupport_introspection_cpp.hpp
[1.822s] -- Up-to-date symlink: /home/rizy/planner/3d-navi/3d-navi-ros2_v1/install/multi_map_server/include/multi_map_server/multi_map_server/msg/detail/sparse_map3_d__rosidl_typesupport_introspection_cpp.hpp
[1.822s] -- Up-to-date symlink: /home/rizy/planner/3d-navi/3d-navi-ros2_v1/install/multi_map_server/include/multi_map_server/multi_map_server/msg/detail/vertical_occupancy_grid_list__rosidl_typesupport_introspection_cpp.hpp
[1.822s] -- Up-to-date symlink: /home/rizy/planner/3d-navi/3d-navi-ros2_v1/install/multi_map_server/share/multi_map_server/environment/pythonpath.sh
[1.822s] -- Up-to-date symlink: /home/rizy/planner/3d-navi/3d-navi-ros2_v1/install/multi_map_server/share/multi_map_server/environment/pythonpath.dsv
[1.822s] -- Up-to-date symlink: /home/rizy/planner/3d-navi/3d-navi-ros2_v1/install/multi_map_server/local/lib/python3.10/dist-packages/multi_map_server-0.0.0-py3.10.egg-info/PKG-INFO
[1.822s] -- Up-to-date symlink: /home/rizy/planner/3d-navi/3d-navi-ros2_v1/install/multi_map_server/local/lib/python3.10/dist-packages/multi_map_server-0.0.0-py3.10.egg-info/SOURCES.txt
[1.822s] -- Up-to-date symlink: /home/rizy/planner/3d-navi/3d-navi-ros2_v1/install/multi_map_server/local/lib/python3.10/dist-packages/multi_map_server-0.0.0-py3.10.egg-info/dependency_links.txt
[1.822s] -- Up-to-date symlink: /home/rizy/planner/3d-navi/3d-navi-ros2_v1/install/multi_map_server/local/lib/python3.10/dist-packages/multi_map_server-0.0.0-py3.10.egg-info/top_level.txt
[1.823s] -- Up-to-date symlink: /home/rizy/planner/3d-navi/3d-navi-ros2_v1/install/multi_map_server/local/lib/python3.10/dist-packages/multi_map_server/__init__.py
[1.823s] -- Up-to-date symlink: /home/rizy/planner/3d-navi/3d-navi-ros2_v1/install/multi_map_server/local/lib/python3.10/dist-packages/multi_map_server/_multi_map_server_s.ep.rosidl_typesupport_c.c
[1.823s] -- Up-to-date symlink: /home/rizy/planner/3d-navi/3d-navi-ros2_v1/install/multi_map_server/local/lib/python3.10/dist-packages/multi_map_server/_multi_map_server_s.ep.rosidl_typesupport_fastrtps_c.c
[1.823s] -- Up-to-date symlink: /home/rizy/planner/3d-navi/3d-navi-ros2_v1/install/multi_map_server/local/lib/python3.10/dist-packages/multi_map_server/_multi_map_server_s.ep.rosidl_typesupport_introspection_c.c
[1.823s] -- Up-to-date symlink: /home/rizy/planner/3d-navi/3d-navi-ros2_v1/install/multi_map_server/local/lib/python3.10/dist-packages/multi_map_server/libmulti_map_server__rosidl_generator_py.so
[1.823s] -- Up-to-date symlink: /home/rizy/planner/3d-navi/3d-navi-ros2_v1/install/multi_map_server/local/lib/python3.10/dist-packages/multi_map_server/msg/__init__.py
[1.823s] -- Up-to-date symlink: /home/rizy/planner/3d-navi/3d-navi-ros2_v1/install/multi_map_server/local/lib/python3.10/dist-packages/multi_map_server/msg/_multi_occupancy_grid.py
[1.823s] -- Up-to-date symlink: /home/rizy/planner/3d-navi/3d-navi-ros2_v1/install/multi_map_server/local/lib/python3.10/dist-packages/multi_map_server/msg/_multi_occupancy_grid_s.c
[1.823s] -- Up-to-date symlink: /home/rizy/planner/3d-navi/3d-navi-ros2_v1/install/multi_map_server/local/lib/python3.10/dist-packages/multi_map_server/msg/_multi_sparse_map3_d.py
[1.823s] -- Up-to-date symlink: /home/rizy/planner/3d-navi/3d-navi-ros2_v1/install/multi_map_server/local/lib/python3.10/dist-packages/multi_map_server/msg/_multi_sparse_map3_d_s.c
[1.823s] -- Up-to-date symlink: /home/rizy/planner/3d-navi/3d-navi-ros2_v1/install/multi_map_server/local/lib/python3.10/dist-packages/multi_map_server/msg/_sparse_map3_d.py
[1.823s] -- Up-to-date symlink: /home/rizy/planner/3d-navi/3d-navi-ros2_v1/install/multi_map_server/local/lib/python3.10/dist-packages/multi_map_server/msg/_sparse_map3_d_s.c
[1.824s] -- Up-to-date symlink: /home/rizy/planner/3d-navi/3d-navi-ros2_v1/install/multi_map_server/local/lib/python3.10/dist-packages/multi_map_server/msg/_vertical_occupancy_grid_list.py
[1.824s] -- Up-to-date symlink: /home/rizy/planner/3d-navi/3d-navi-ros2_v1/install/multi_map_server/local/lib/python3.10/dist-packages/multi_map_server/msg/_vertical_occupancy_grid_list_s.c
[1.824s] -- Up-to-date symlink: /home/rizy/planner/3d-navi/3d-navi-ros2_v1/install/multi_map_server/local/lib/python3.10/dist-packages/multi_map_server/multi_map_server_s__rosidl_typesupport_c.cpython-310-x86_64-linux-gnu.so
[1.824s] -- Up-to-date symlink: /home/rizy/planner/3d-navi/3d-navi-ros2_v1/install/multi_map_server/local/lib/python3.10/dist-packages/multi_map_server/multi_map_server_s__rosidl_typesupport_fastrtps_c.cpython-310-x86_64-linux-gnu.so
[1.824s] -- Up-to-date symlink: /home/rizy/planner/3d-navi/3d-navi-ros2_v1/install/multi_map_server/local/lib/python3.10/dist-packages/multi_map_server/multi_map_server_s__rosidl_typesupport_introspection_c.cpython-310-x86_64-linux-gnu.so
[1.824s] -- Up-to-date symlink: /home/rizy/planner/3d-navi/3d-navi-ros2_v1/install/multi_map_server/local/lib/python3.10/dist-packages/multi_map_server/multi_map_server_s__rosidl_typesupport_fastrtps_c.cpython-310-x86_64-linux-gnu.so
[1.824s] -- Up-to-date symlink: /home/rizy/planner/3d-navi/3d-navi-ros2_v1/install/multi_map_server/local/lib/python3.10/dist-packages/multi_map_server/multi_map_server_s__rosidl_typesupport_introspection_c.cpython-310-x86_64-linux-gnu.so
[1.824s] -- Up-to-date symlink: /home/rizy/planner/3d-navi/3d-navi-ros2_v1/install/multi_map_server/local/lib/python3.10/dist-packages/multi_map_server/multi_map_server_s__rosidl_typesupport_c.cpython-310-x86_64-linux-gnu.so
[1.824s] -- Up-to-date symlink: /home/rizy/planner/3d-navi/3d-navi-ros2_v1/install/multi_map_server/share/multi_map_server/msg/MultiOccupancyGrid.idl
[1.824s] -- Up-to-date symlink: /home/rizy/planner/3d-navi/3d-navi-ros2_v1/install/multi_map_server/share/multi_map_server/msg/MultiSparseMap3D.idl
[1.825s] -- Up-to-date symlink: /home/rizy/planner/3d-navi/3d-navi-ros2_v1/install/multi_map_server/share/multi_map_server/msg/SparseMap3D.idl
[1.825s] -- Up-to-date symlink: /home/rizy/planner/3d-navi/3d-navi-ros2_v1/install/multi_map_server/share/multi_map_server/msg/VerticalOccupancyGridList.idl
[1.825s] -- Up-to-date symlink: /home/rizy/planner/3d-navi/3d-navi-ros2_v1/install/multi_map_server/share/multi_map_server/msg/MultiOccupancyGrid.msg
[1.825s] -- Up-to-date symlink: /home/rizy/planner/3d-navi/3d-navi-ros2_v1/install/multi_map_server/share/multi_map_server/msg/MultiSparseMap3D.msg
[1.825s] -- Up-to-date symlink: /home/rizy/planner/3d-navi/3d-navi-ros2_v1/install/multi_map_server/share/multi_map_server/msg/SparseMap3D.msg
[1.825s] -- Up-to-date symlink: /home/rizy/planner/3d-navi/3d-navi-ros2_v1/install/multi_map_server/share/multi_map_server/msg/VerticalOccupancyGridList.msg
[1.825s] -- Up-to-date symlink: /home/rizy/planner/3d-navi/3d-navi-ros2_v1/install/multi_map_server/lib/multi_map_server/multi_map_visualization
[1.825s] -- Up-to-date symlink: /home/rizy/planner/3d-navi/3d-navi-ros2_v1/install/multi_map_server/share/ament_index/resource_index/package_run_dependencies/multi_map_server
[1.825s] -- Up-to-date symlink: /home/rizy/planner/3d-navi/3d-navi-ros2_v1/install/multi_map_server/share/ament_index/resource_index/parent_prefix_path/multi_map_server
[1.825s] -- Up-to-date symlink: /home/rizy/planner/3d-navi/3d-navi-ros2_v1/install/multi_map_server/share/multi_map_server/environment/ament_prefix_path.sh
[1.826s] -- Up-to-date symlink: /home/rizy/planner/3d-navi/3d-navi-ros2_v1/install/multi_map_server/share/multi_map_server/environment/ament_prefix_path.dsv
[1.826s] -- Up-to-date symlink: /home/rizy/planner/3d-navi/3d-navi-ros2_v1/install/multi_map_server/share/multi_map_server/environment/path.sh
[1.826s] -- Up-to-date symlink: /home/rizy/planner/3d-navi/3d-navi-ros2_v1/install/multi_map_server/share/multi_map_server/environment/path.dsv
[1.826s] -- Up-to-date symlink: /home/rizy/planner/3d-navi/3d-navi-ros2_v1/install/multi_map_server/share/multi_map_server/local_setup.bash
[1.826s] -- Up-to-date symlink: /home/rizy/planner/3d-navi/3d-navi-ros2_v1/install/multi_map_server/share/multi_map_server/local_setup.sh
[1.826s] -- Up-to-date symlink: /home/rizy/planner/3d-navi/3d-navi-ros2_v1/install/multi_map_server/share/multi_map_server/local_setup.zsh
[1.826s] -- Up-to-date symlink: /home/rizy/planner/3d-navi/3d-navi-ros2_v1/install/multi_map_server/share/multi_map_server/local_setup.dsv
[1.826s] -- Symlinking: /home/rizy/planner/3d-navi/3d-navi-ros2_v1/install/multi_map_server/share/multi_map_server/package.dsv
[1.834s] -- Up-to-date symlink: /home/rizy/planner/3d-navi/3d-navi-ros2_v1/install/multi_map_server/share/ament_index/resource_index/packages/multi_map_server
[1.834s] -- Up-to-date symlink: /home/rizy/planner/3d-navi/3d-navi-ros2_v1/install/multi_map_server/share/multi_map_server/cmake/rosidl_cmake-extras.cmake
[1.834s] -- Up-to-date symlink: /home/rizy/planner/3d-navi/3d-navi-ros2_v1/install/multi_map_server/share/multi_map_server/cmake/ament_cmake_export_dependencies-extras.cmake
[1.834s] -- Up-to-date symlink: /home/rizy/planner/3d-navi/3d-navi-ros2_v1/install/multi_map_server/share/multi_map_server/cmake/ament_cmake_export_include_directories-extras.cmake
[1.834s] -- Up-to-date symlink: /home/rizy/planner/3d-navi/3d-navi-ros2_v1/install/multi_map_server/share/multi_map_server/cmake/ament_cmake_export_libraries-extras.cmake
[1.834s] -- Up-to-date symlink: /home/rizy/planner/3d-navi/3d-navi-ros2_v1/install/multi_map_server/share/multi_map_server/cmake/ament_cmake_export_targets-extras.cmake
[1.834s] -- Up-to-date symlink: /home/rizy/planner/3d-navi/3d-navi-ros2_v1/install/multi_map_server/share/multi_map_server/cmake/rosidl_cmake_export_typesupport_targets-extras.cmake
[1.834s] -- Up-to-date symlink: /home/rizy/planner/3d-navi/3d-navi-ros2_v1/install/multi_map_server/share/multi_map_server/cmake/rosidl_cmake_export_typesupport_libraries-extras.cmake
[1.835s] -- Up-to-date symlink: /home/rizy/planner/3d-navi/3d-navi-ros2_v1/install/multi_map_server/share/multi_map_server/cmake/multi_map_serverConfig.cmake
[1.835s] -- Up-to-date symlink: /home/rizy/planner/3d-navi/3d-navi-ros2_v1/install/multi_map_server/share/multi_map_server/cmake/multi_map_serverConfig-version.cmake
[1.835s] -- Up-to-date symlink: /home/rizy/planner/3d-navi/3d-navi-ros2_v1/install/multi_map_server/share/multi_map_server/package.xml
[1.835s] -- Up-to-date: /home/rizy/planner/3d-navi/3d-navi-ros2_v1/install/multi_map_server/lib/libmulti_map_server__rosidl_generator_c.so
[1.835s] -- Up-to-date: /home/rizy/planner/3d-navi/3d-navi-ros2_v1/install/multi_map_server/lib/libmulti_map_server__rosidl_typesupport_fastrtps_c.so
[1.835s] -- Up-to-date: /home/rizy/planner/3d-navi/3d-navi-ros2_v1/install/multi_map_server/lib/libmulti_map_server__rosidl_typesupport_fastrtps_cpp.so
[1.835s] -- Up-to-date: /home/rizy/planner/3d-navi/3d-navi-ros2_v1/install/multi_map_server/lib/libmulti_map_server__rosidl_typesupport_introspection_c.so
[1.836s] -- Up-to-date: /home/rizy/planner/3d-navi/3d-navi-ros2_v1/install/multi_map_server/lib/libmulti_map_server__rosidl_typesupport_c.so
[1.836s] -- Up-to-date: /home/rizy/planner/3d-navi/3d-navi-ros2_v1/install/multi_map_server/lib/libmulti_map_server__rosidl_typesupport_introspection_cpp.so
[1.836s] -- Up-to-date: /home/rizy/planner/3d-navi/3d-navi-ros2_v1/install/multi_map_server/lib/libmulti_map_server__rosidl_typesupport_cpp.so
[1.861s] Listing '/home/rizy/planner/3d-navi/3d-navi-ros2_v1/install/multi_map_server/local/lib/python3.10/dist-packages/multi_map_server'...
[1.861s] Compiling '/home/rizy/planner/3d-navi/3d-navi-ros2_v1/install/multi_map_server/local/lib/python3.10/dist-packages/multi_map_server/__init__.py'...
[1.861s] Listing '/home/rizy/planner/3d-navi/3d-navi-ros2_v1/install/multi_map_server/local/lib/python3.10/dist-packages/multi_map_server/msg'...
[1.864s] -- Up-to-date: /home/rizy/planner/3d-navi/3d-navi-ros2_v1/install/multi_map_server/lib/libmulti_map_server__rosidl_generator_py.so
[1.864s] -- Up-to-date: /home/rizy/planner/3d-navi/3d-navi-ros2_v1/install/multi_map_server/share/multi_map_server/cmake/export_multi_map_server__rosidl_generator_cExport.cmake
[1.864s] -- Up-to-date: /home/rizy/planner/3d-navi/3d-navi-ros2_v1/install/multi_map_server/share/multi_map_server/cmake/export_multi_map_server__rosidl_generator_cExport-release.cmake
[1.864s] -- Up-to-date: /home/rizy/planner/3d-navi/3d-navi-ros2_v1/install/multi_map_server/share/multi_map_server/cmake/export_multi_map_server__rosidl_typesupport_fastrtps_cExport.cmake
[1.864s] -- Up-to-date: /home/rizy/planner/3d-navi/3d-navi-ros2_v1/install/multi_map_server/share/multi_map_server/cmake/export_multi_map_server__rosidl_typesupport_fastrtps_cExport-release.cmake
[1.864s] -- Up-to-date: /home/rizy/planner/3d-navi/3d-navi-ros2_v1/install/multi_map_server/share/multi_map_server/cmake/export_multi_map_server__rosidl_generator_cppExport.cmake
[1.864s] -- Up-to-date: /home/rizy/planner/3d-navi/3d-navi-ros2_v1/install/multi_map_server/share/multi_map_server/cmake/export_multi_map_server__rosidl_typesupport_fastrtps_cppExport.cmake
[1.864s] -- Up-to-date: /home/rizy/planner/3d-navi/3d-navi-ros2_v1/install/multi_map_server/share/multi_map_server/cmake/export_multi_map_server__rosidl_typesupport_fastrtps_cppExport-release.cmake
[1.864s] -- Up-to-date: /home/rizy/planner/3d-navi/3d-navi-ros2_v1/install/multi_map_server/share/multi_map_server/cmake/multi_map_server__rosidl_typesupport_introspection_cExport.cmake
[1.864s] -- Up-to-date: /home/rizy/planner/3d-navi/3d-navi-ros2_v1/install/multi_map_server/share/multi_map_server/cmake/multi_map_server__rosidl_typesupport_introspection_cExport-release.cmake
[1.864s] -- Up-to-date: /home/rizy/planner/3d-navi/3d-navi-ros2_v1/install/multi_map_server/share/multi_map_server/cmake/multi_map_server__rosidl_typesupport_cExport.cmake
[1.864s] -- Up-to-date: /home/rizy/planner/3d-navi/3d-navi-ros2_v1/install/multi_map_server/share/multi_map_server/cmake/multi_map_server__rosidl_typesupport_cExport-release.cmake
[1.864s] -- Up-to-date: /home/rizy/planner/3d-navi/3d-navi-ros2_v1/install/multi_map_server/share/multi_map_server/cmake/multi_map_server__rosidl_typesupport_introspection_cppExport.cmake
[1.864s] -- Up-to-date: /home/rizy/planner/3d-navi/3d-navi-ros2_v1/install/multi_map_server/share/multi_map_server/cmake/multi_map_server__rosidl_typesupport_introspection_cppExport-release.cmake
[1.865s] -- Up-to-date: /home/rizy/planner/3d-navi/3d-navi-ros2_v1/install/multi_map_server/share/multi_map_server/cmake/multi_map_server__rosidl_typesupport_cppExport.cmake
[1.865s] -- Up-to-date: /home/rizy/planner/3d-navi/3d-navi-ros2_v1/install/multi_map_server/share/multi_map_server/cmake/multi_map_server__rosidl_typesupport_cppExport-release.cmake
[1.865s] -- Up-to-date: /home/rizy/planner/3d-navi/3d-navi-ros2_v1/install/multi_map_server/share/multi_map_server/cmake/export_multi_map_server__rosidl_generator_pyExport.cmake
[1.865s] -- Up-to-date: /home/rizy/planner/3d-navi/3d-navi-ros2_v1/install/multi_map_server/share/multi_map_server/cmake/export_multi_map_server__rosidl_generator_pyExport-release.cmake
[1.867s] Invoked command in '/home/rizy/planner/3d-navi/3d-navi-ros2_v1/build/multi_map_server' returned '0': CMAKE_PREFIX_PATH=/home/rizy/planner/3d-navi/3d-navi-ros2_v1/install/quadrotor_msgs:/home/rizy/planner/3d-navi/3d-navi-ros2_v1/install/pose_utils:/home/rizy/planner/3d-navi/3d-navi-ros2_v1/install/waypoint_generator:/home/rizy/planner/3d-navi/3d-navi-ros2_v1/install/so3_quadrotor_simulator:/home/rizy/planner/3d-navi/3d-navi-ros2_v1/install/uav_utils:/home/rizy/planner/3d-navi/3d-navi-ros2_v1/install/rosmsg_tcp_bridge:/home/rizy/planner/3d-navi/3d-navi-ros2_v1/install/ego_planner:/home/rizy/planner/3d-navi/3d-navi-ros2_v1/install/bspline_opt:/home/rizy/planner/3d-navi/3d-navi-ros2_v1/install/traj_utils:/home/rizy/planner/3d-navi/3d-navi-ros2_v1/install/so3_control:/home/rizy/planner/3d-navi/3d-navi-ros2_v1/install/poscmd_2_odom:/home/rizy/planner/3d-navi/3d-navi-ros2_v1/install/odom_visualization:/home/rizy/planner/3d-navi/3d-navi-ros2_v1/install/multi_map_server:/home/rizy/planner/3d-navi/3d-navi-ros2_v1/install/local_sensing:/home/rizy/planner/3d-navi/3d-navi-ros2_v1/install/path_searching:/home/rizy/planner/3d-navi/3d-navi-ros2_v1/install/plan_env:/home/rizy/planner/3d-navi/3d-navi-ros2_v1/install/mockamap:/home/rizy/planner/3d-navi/3d-navi-ros2_v1/install/map_generator:/home/rizy/planner/3d-navi/3d-navi-ros2_v1/install/drone_detect:/home/rizy/planner/3d-navi/3d-navi-ros2_v1/install/cmake_utils:/home/rizy/planner/tron1/limx_ws/install/tron1_nav2:/home/rizy/planner/tron1/limx_ws/install/tron1_ctrl_ros2:/home/rizy/planner/tron1/limx_ws/install/robot_visualization:/home/rizy/planner/tron1/limx_ws/install/robot_hw:/home/rizy/planner/tron1/limx_ws/install/robot_description:/home/rizy/planner/tron1/limx_ws/install/robot_controllers:/home/rizy/planner/tron1/limx_ws/install/pointfoot_gazebo:/home/rizy/planner/tron1/limx_ws/install/mrosbridger:/home/rizy/planner/tron1/limx_ws/install/limxsdk_sim:/home/rizy/planner/tron1/limx_ws/install/limxsdk_lowlevel:/home/rizy/planner/tron1/limx_ws/install/controller_msgs:/home/rizy/planner/3d-navi/3d-navi-ros2_v1/install/nav_integration:/opt/ros/humble CONDA_PROMPT_MODIFIER=(myenv) LD_LIBRARY_PATH=/home/rizy/planner/3d-navi/3d-navi-ros2_v1/install/quadrotor_msgs/lib:/home/rizy/planner/3d-navi/3d-navi-ros2_v1/install/pose_utils/lib:/usr/local/cuda-12.8/lib64:/home/rizy/planner/3d-navi/3d-navi-ros2_v1/install/bspline_opt/lib:/home/rizy/planner/3d-navi/3d-navi-ros2_v1/install/traj_utils/lib:/home/rizy/planner/3d-navi/3d-navi-ros2_v1/install/so3_control/lib:/home/rizy/planner/3d-navi/3d-navi-ros2_v1/install/multi_map_server/lib:/home/rizy/planner/3d-navi/3d-navi-ros2_v1/install/path_searching/lib:/home/rizy/planner/3d-navi/3d-navi-ros2_v1/install/plan_env/lib:/home/rizy/planner/tron1/limx_ws/install/tron1_ctrl_ros2/lib:/home/rizy/planner/tron1/limx_ws/install/robot_controllers/lib:/home/rizy/planner/tron1/limx_ws/install/pointfoot_gazebo/lib:/home/rizy/planner/tron1/limx_ws/install/mrosbridger/lib:/home/rizy/planner/tron1/limx_ws/install/limxsdk_sim/lib:/home/rizy/planner/tron1/limx_ws/install/limxsdk_lowlevel/lib:/home/rizy/planner/tron1/limx_ws/install/controller_msgs/lib:/usr/local/cuda-12.8/lib64:/usr/lib/x86_64-linux-gnu/gazebo-11/plugins:/opt/ros/humble/opt/rviz_ogre_vendor/lib:/opt/ros/humble/lib/x86_64-linux-gnu:/opt/ros/humble/lib:/usr/share/gazebo/../../lib/x86_64-linux-gnu/gazebo-11/plugins:/usr/share/gazebo/../../lib/x86_64-linux-gnu/gazebo-11/plugins:/usr/share/gazebo/../../lib/x86_64-linux-gnu/gazebo-11/plugins PYTHONPATH=/home/rizy/planner/3d-navi/3d-navi-ros2_v1/install/quadrotor_msgs/lib/python3.10/site-packages:/home/rizy/planner/3d-navi/3d-navi-ros2_v1/install/traj_utils/local/lib/python3.10/dist-packages:/home/rizy/planner/3d-navi/3d-navi-ros2_v1/install/traj_utils/lib/python3.10/site-packages:/home/rizy/planner/3d-navi/3d-navi-ros2_v1/install/multi_map_server/local/lib/python3.10/dist-packages:/home/rizy/planner/3d-navi/3d-navi-ros2_v1/install/multi_map_server/lib/python3.10/site-packages:/home/rizy/planner/3d-navi/3d-navi-ros2_v1/install/quadrotor_msgs/local/lib/python3.10/dist-packages:/home/rizy/planner/3d-navi/3d-navi-ros2_v1/install/nav_integration/lib/python3.10/site-packages:/home/rizy/planner/tron1/limx_ws/install/tron1_ctrl_ros2/local/lib/python3.10/dist-packages:/home/rizy/planner/tron1/limx_ws/install/mrosbridger/local/lib/python3.10/dist-packages:/home/rizy/planner/tron1/limx_ws/install/controller_msgs/local/lib/python3.10/dist-packages:/opt/ros/humble/lib/python3.10/site-packages:/opt/ros/humble/local/lib/python3.10/dist-packages /usr/bin/cmake --install /home/rizy/planner/3d-navi/3d-navi-ros2_v1/build/multi_map_server
