[0.040s] Invoking command in '/home/rizy/planner/3d-navi/3d-navi-ros2_v1/build/map_generator': CMAKE_PREFIX_PATH=/opt/ros/humble CONDA_PROMPT_MODIFIER=(myenv) /usr/bin/cmake --build /home/rizy/planner/3d-navi/3d-navi-ros2_v1/build/map_generator -- -j32 -l32
[0.088s] [35m[1mConsolidate compiler generated dependencies of target random_forest[0m
[0.140s] [100%] Built target random_forest
[0.157s] Invoked command in '/home/rizy/planner/3d-navi/3d-navi-ros2_v1/build/map_generator' returned '0': CMAKE_PREFIX_PATH=/opt/ros/humble CONDA_PROMPT_MODIFIER=(myenv) /usr/bin/cmake --build /home/rizy/planner/3d-navi/3d-navi-ros2_v1/build/map_generator -- -j32 -l32
[0.159s] Invoking command in '/home/rizy/planner/3d-navi/3d-navi-ros2_v1/build/map_generator': CMAKE_PREFIX_PATH=/opt/ros/humble CONDA_PROMPT_MODIFIER=(myenv) /usr/bin/cmake --install /home/rizy/planner/3d-navi/3d-navi-ros2_v1/build/map_generator
[0.166s] -- Install configuration: "Release"
[0.166s] -- Execute custom install script
[0.166s] -- Up-to-date symlink: /home/rizy/planner/3d-navi/3d-navi-ros2_v1/install/map_generator/lib/map_generator/random_forest
[0.167s] -- Up-to-date symlink: /home/rizy/planner/3d-navi/3d-navi-ros2_v1/install/map_generator/share/ament_index/resource_index/package_run_dependencies/map_generator
[0.167s] -- Up-to-date symlink: /home/rizy/planner/3d-navi/3d-navi-ros2_v1/install/map_generator/share/ament_index/resource_index/parent_prefix_path/map_generator
[0.167s] -- Up-to-date symlink: /home/rizy/planner/3d-navi/3d-navi-ros2_v1/install/map_generator/share/map_generator/environment/ament_prefix_path.sh
[0.167s] -- Up-to-date symlink: /home/rizy/planner/3d-navi/3d-navi-ros2_v1/install/map_generator/share/map_generator/environment/ament_prefix_path.dsv
[0.167s] -- Up-to-date symlink: /home/rizy/planner/3d-navi/3d-navi-ros2_v1/install/map_generator/share/map_generator/environment/path.sh
[0.167s] -- Up-to-date symlink: /home/rizy/planner/3d-navi/3d-navi-ros2_v1/install/map_generator/share/map_generator/environment/path.dsv
[0.167s] -- Up-to-date symlink: /home/rizy/planner/3d-navi/3d-navi-ros2_v1/install/map_generator/share/map_generator/local_setup.bash
[0.167s] -- Up-to-date symlink: /home/rizy/planner/3d-navi/3d-navi-ros2_v1/install/map_generator/share/map_generator/local_setup.sh
[0.168s] -- Up-to-date symlink: /home/rizy/planner/3d-navi/3d-navi-ros2_v1/install/map_generator/share/map_generator/local_setup.zsh
[0.168s] -- Up-to-date symlink: /home/rizy/planner/3d-navi/3d-navi-ros2_v1/install/map_generator/share/map_generator/local_setup.dsv
[0.168s] -- Symlinking: /home/rizy/planner/3d-navi/3d-navi-ros2_v1/install/map_generator/share/map_generator/package.dsv
[0.178s] -- Up-to-date symlink: /home/rizy/planner/3d-navi/3d-navi-ros2_v1/install/map_generator/share/ament_index/resource_index/packages/map_generator
[0.178s] -- Up-to-date symlink: /home/rizy/planner/3d-navi/3d-navi-ros2_v1/install/map_generator/share/map_generator/cmake/map_generatorConfig.cmake
[0.178s] -- Up-to-date symlink: /home/rizy/planner/3d-navi/3d-navi-ros2_v1/install/map_generator/share/map_generator/cmake/map_generatorConfig-version.cmake
[0.179s] -- Up-to-date symlink: /home/rizy/planner/3d-navi/3d-navi-ros2_v1/install/map_generator/share/map_generator/package.xml
[0.201s] Invoked command in '/home/rizy/planner/3d-navi/3d-navi-ros2_v1/build/map_generator' returned '0': CMAKE_PREFIX_PATH=/opt/ros/humble CONDA_PROMPT_MODIFIER=(myenv) /usr/bin/cmake --install /home/rizy/planner/3d-navi/3d-navi-ros2_v1/build/map_generator
