[35m[1mConsolidate compiler generated dependencies of target quadrotor_dynamics[0m
[ 50%] Built target quadrotor_dynamics
[35m[1mConsolidate compiler generated dependencies of target so3_quadrotor_simulator[0m
[100%] Built target so3_quadrotor_simulator
-- Install configuration: ""
-- Execute custom install script
-- Symlinking: /home/rizy/planner/3d-navi/3d-navi-ros2_v1/install/so3_quadrotor_simulator/lib/so3_quadrotor_simulator/so3_quadrotor_simulator
-- Symlinking: /home/rizy/planner/3d-navi/3d-navi-ros2_v1/install/so3_quadrotor_simulator/share/so3_quadrotor_simulator/launch/simulator_example.launch.py
-- Symlinking: /home/rizy/planner/3d-navi/3d-navi-ros2_v1/install/so3_quadrotor_simulator/share/so3_quadrotor_simulator/config/rviz.rviz
-- Symlinking: /home/rizy/planner/3d-navi/3d-navi-ros2_v1/install/so3_quadrotor_simulator/share/ament_index/resource_index/package_run_dependencies/so3_quadrotor_simulator
-- Symlinking: /home/rizy/planner/3d-navi/3d-navi-ros2_v1/install/so3_quadrotor_simulator/share/ament_index/resource_index/parent_prefix_path/so3_quadrotor_simulator
-- Symlinking: /home/rizy/planner/3d-navi/3d-navi-ros2_v1/install/so3_quadrotor_simulator/share/so3_quadrotor_simulator/environment/ament_prefix_path.sh
-- Symlinking: /home/rizy/planner/3d-navi/3d-navi-ros2_v1/install/so3_quadrotor_simulator/share/so3_quadrotor_simulator/environment/ament_prefix_path.dsv
-- Symlinking: /home/rizy/planner/3d-navi/3d-navi-ros2_v1/install/so3_quadrotor_simulator/share/so3_quadrotor_simulator/environment/path.sh
-- Symlinking: /home/rizy/planner/3d-navi/3d-navi-ros2_v1/install/so3_quadrotor_simulator/share/so3_quadrotor_simulator/environment/path.dsv
-- Symlinking: /home/rizy/planner/3d-navi/3d-navi-ros2_v1/install/so3_quadrotor_simulator/share/so3_quadrotor_simulator/local_setup.bash
-- Symlinking: /home/rizy/planner/3d-navi/3d-navi-ros2_v1/install/so3_quadrotor_simulator/share/so3_quadrotor_simulator/local_setup.sh
-- Symlinking: /home/rizy/planner/3d-navi/3d-navi-ros2_v1/install/so3_quadrotor_simulator/share/so3_quadrotor_simulator/local_setup.zsh
-- Symlinking: /home/rizy/planner/3d-navi/3d-navi-ros2_v1/install/so3_quadrotor_simulator/share/so3_quadrotor_simulator/local_setup.dsv
-- Symlinking: /home/rizy/planner/3d-navi/3d-navi-ros2_v1/install/so3_quadrotor_simulator/share/so3_quadrotor_simulator/package.dsv
-- Symlinking: /home/rizy/planner/3d-navi/3d-navi-ros2_v1/install/so3_quadrotor_simulator/share/ament_index/resource_index/packages/so3_quadrotor_simulator
-- Symlinking: /home/rizy/planner/3d-navi/3d-navi-ros2_v1/install/so3_quadrotor_simulator/share/so3_quadrotor_simulator/cmake/so3_quadrotor_simulatorConfig.cmake
-- Symlinking: /home/rizy/planner/3d-navi/3d-navi-ros2_v1/install/so3_quadrotor_simulator/share/so3_quadrotor_simulator/cmake/so3_quadrotor_simulatorConfig-version.cmake
-- Symlinking: /home/rizy/planner/3d-navi/3d-navi-ros2_v1/install/so3_quadrotor_simulator/share/so3_quadrotor_simulator/package.xml
