CMake Warning at /opt/ros/humble/share/rosidl_generator_py/cmake/rosidl_generator_py_generate_interfaces.cmake:166 (add_library):
  Cannot generate a safe runtime search path for target
  multi_map_server__rosidl_generator_py because files in some directories may
  conflict with libraries in implicit directories:

    runtime library [libpython3.10.so.1.0] in /usr/lib/x86_64-linux-gnu may be hidden by files in:
      /home/rizy/anaconda3/envs/myenv/lib

  Some of these libraries may not be found correctly.
Call Stack (most recent call first):
  /opt/ros/humble/share/ament_cmake_core/cmake/core/ament_execute_extensions.cmake:48 (include)
  /opt/ros/humble/share/rosidl_cmake/cmake/rosidl_generate_interfaces.cmake:286 (ament_execute_extensions)
  CMakeLists.txt:31 (rosidl_generate_interfaces)


CMake Warning at /opt/ros/humble/share/rosidl_generator_py/cmake/rosidl_generator_py_generate_interfaces.cmake:226 (add_library):
  Cannot generate a safe runtime search path for target
  multi_map_server__rosidl_typesupport_fastrtps_c__pyext because files in
  some directories may conflict with libraries in implicit directories:

    runtime library [libpython3.10.so.1.0] in /usr/lib/x86_64-linux-gnu may be hidden by files in:
      /home/rizy/anaconda3/envs/myenv/lib

  Some of these libraries may not be found correctly.
Call Stack (most recent call first):
  /opt/ros/humble/share/ament_cmake_core/cmake/core/ament_execute_extensions.cmake:48 (include)
  /opt/ros/humble/share/rosidl_cmake/cmake/rosidl_generate_interfaces.cmake:286 (ament_execute_extensions)
  CMakeLists.txt:31 (rosidl_generate_interfaces)


CMake Warning at /opt/ros/humble/share/rosidl_generator_py/cmake/rosidl_generator_py_generate_interfaces.cmake:226 (add_library):
  Cannot generate a safe runtime search path for target
  multi_map_server__rosidl_typesupport_introspection_c__pyext because files
  in some directories may conflict with libraries in implicit directories:

    runtime library [libpython3.10.so.1.0] in /usr/lib/x86_64-linux-gnu may be hidden by files in:
      /home/rizy/anaconda3/envs/myenv/lib

  Some of these libraries may not be found correctly.
Call Stack (most recent call first):
  /opt/ros/humble/share/ament_cmake_core/cmake/core/ament_execute_extensions.cmake:48 (include)
  /opt/ros/humble/share/rosidl_cmake/cmake/rosidl_generate_interfaces.cmake:286 (ament_execute_extensions)
  CMakeLists.txt:31 (rosidl_generate_interfaces)


CMake Warning at /opt/ros/humble/share/rosidl_generator_py/cmake/rosidl_generator_py_generate_interfaces.cmake:226 (add_library):
  Cannot generate a safe runtime search path for target
  multi_map_server__rosidl_typesupport_c__pyext because files in some
  directories may conflict with libraries in implicit directories:

    runtime library [libpython3.10.so.1.0] in /usr/lib/x86_64-linux-gnu may be hidden by files in:
      /home/rizy/anaconda3/envs/myenv/lib

  Some of these libraries may not be found correctly.
Call Stack (most recent call first):
  /opt/ros/humble/share/ament_cmake_core/cmake/core/ament_execute_extensions.cmake:48 (include)
  /opt/ros/humble/share/rosidl_cmake/cmake/rosidl_generate_interfaces.cmake:286 (ament_execute_extensions)
  CMakeLists.txt:31 (rosidl_generate_interfaces)


/home/rizy/planner/3d-navi/3d-navi-ros2_v1/src/uav_simulator/Utils/multi_map_server/src/multi_map_visualization.cc:18:84: warning: ‘multi_map_server::msg::MultiOccupancyGrid_<std::allocator<void> >::ConstPtr’ is deprecated [-Wdeprecated-declarations]
   18 | void maps2d_callback(const multi_map_server::msg::MultiOccupancyGrid::ConstPtr &msg)
      |                                                                                    ^
In file included from /home/rizy/planner/3d-navi/3d-navi-ros2_v1/build/multi_map_server/rosidl_generator_cpp/multi_map_server/msg/multi_occupancy_grid.hpp:7,
                 from /home/rizy/planner/3d-navi/3d-navi-ros2_v1/src/uav_simulator/Utils/multi_map_server/src/multi_map_visualization.cc:5:
/home/rizy/planner/3d-navi/3d-navi-ros2_v1/build/multi_map_server/rosidl_generator_cpp/multi_map_server/msg/detail/multi_occupancy_grid__struct.hpp:112:5: note: declared here
  112 |     ConstPtr;
      |     ^~~~~~~~
/home/rizy/planner/3d-navi/3d-navi-ros2_v1/src/uav_simulator/Utils/multi_map_server/src/multi_map_visualization.cc:37:82: warning: ‘multi_map_server::msg::MultiSparseMap3D_<std::allocator<void> >::ConstPtr’ is deprecated [-Wdeprecated-declarations]
   37 | void maps3d_callback(const multi_map_server::msg::MultiSparseMap3D::ConstPtr &msg)
      |                                                                                  ^
In file included from /home/rizy/planner/3d-navi/3d-navi-ros2_v1/build/multi_map_server/rosidl_generator_cpp/multi_map_server/msg/multi_sparse_map3_d.hpp:7,
                 from /home/rizy/planner/3d-navi/3d-navi-ros2_v1/src/uav_simulator/Utils/multi_map_server/src/multi_map_visualization.cc:6:
/home/rizy/planner/3d-navi/3d-navi-ros2_v1/build/multi_map_server/rosidl_generator_cpp/multi_map_server/msg/detail/multi_sparse_map3_d__struct.hpp:112:5: note: declared here
  112 |     ConstPtr;
      |     ^~~~~~~~
