[0.036s] Invoking command in '/home/rizy/planner/3d-navi/3d-navi-ros2_v1/build/plan_env': CMAKE_PREFIX_PATH=/opt/ros/humble CONDA_PROMPT_MODIFIER=(myenv) /usr/bin/cmake /home/rizy/planner/3d-navi/3d-navi-ros2_v1/src/planner/plan_env -DPython3_EXECUTABLE=/usr/bin/python3 -Dfmt_DIR=/usr/lib/x86_64-linux-gnu/cmake/fmt -DAMENT_CMAKE_SYMLINK_INSTALL=1 -DCMAKE_INSTALL_PREFIX=/home/rizy/planner/3d-navi/3d-navi-ros2_v1/install/plan_env
[0.095s] -- The C compiler identification is GNU 11.4.0
[0.159s] -- The CXX compiler identification is GNU 11.4.0
[0.166s] -- Detecting C compiler ABI info
[0.260s] -- Detecting C compiler ABI info - done
[0.263s] -- Check for working C compiler: /usr/bin/cc - skipped
[0.264s] -- Detecting C compile features
[0.264s] -- Detecting C compile features - done
[0.267s] -- Detecting CXX compiler ABI info
[0.369s] -- Detecting CXX compiler ABI info - done
[0.374s] -- Check for working CXX compiler: /usr/bin/c++ - skipped
[0.374s] -- Detecting CXX compile features
[0.374s] -- Detecting CXX compile features - done
[0.378s] -- Found ament_cmake: 1.3.12 (/opt/ros/humble/share/ament_cmake/cmake)
[0.787s] -- Found Python3: /usr/bin/python3 (found version "3.10.12") found components: Interpreter 
[0.845s] -- Override CMake install command with custom implementation using symlinks instead of copying resources
[0.872s] -- Found rclcpp: 16.0.16 (/opt/ros/humble/share/rclcpp/cmake)
[0.906s] -- Found rosidl_generator_c: 3.1.7 (/opt/ros/humble/share/rosidl_generator_c/cmake)
[0.909s] -- Found rosidl_adapter: 3.1.7 (/opt/ros/humble/share/rosidl_adapter/cmake)
[0.915s] -- Found rosidl_generator_cpp: 3.1.7 (/opt/ros/humble/share/rosidl_generator_cpp/cmake)
[0.923s] -- Using all available rosidl_typesupport_c: rosidl_typesupport_fastrtps_c;rosidl_typesupport_introspection_c
[0.933s] -- Using all available rosidl_typesupport_cpp: rosidl_typesupport_fastrtps_cpp;rosidl_typesupport_introspection_cpp
[0.960s] -- Found rmw_implementation_cmake: 6.1.2 (/opt/ros/humble/share/rmw_implementation_cmake/cmake)
[0.962s] -- Found rmw_cyclonedds_cpp: 1.3.4 (/opt/ros/humble/share/rmw_cyclonedds_cpp/cmake)
[0.974s] -- Using RMW implementation 'rmw_cyclonedds_cpp' as default
[0.983s] -- Looking for pthread.h
[1.066s] -- Looking for pthread.h - found
[1.066s] -- Performing Test CMAKE_HAVE_LIBC_PTHREAD
[1.156s] -- Performing Test CMAKE_HAVE_LIBC_PTHREAD - Success
[1.157s] -- Found Threads: TRUE  
[1.200s] -- Found rclpy: 3.3.19 (/opt/ros/humble/share/rclpy/cmake)
[1.202s] -- Found visualization_msgs: 4.9.0 (/opt/ros/humble/share/visualization_msgs/cmake)
[1.233s] -- Found nav_msgs: 4.9.0 (/opt/ros/humble/share/nav_msgs/cmake)
[1.244s] -- Found cv_bridge: 3.2.1 (/opt/ros/humble/share/cv_bridge/cmake)
[1.259s] -- Found message_filters: 4.3.11 (/opt/ros/humble/share/message_filters/cmake)
[1.263s] -- Found OpenCV: /usr (found version "4.5.4") 
[1.290s] -- Checking for module 'eigen3'
[1.306s] --   Found eigen3, version 3.4.0
[1.352s] -- Found Eigen: /usr/include/eigen3 (Required is at least version "3.1") 
[1.352s] -- Eigen found (include: /usr/include/eigen3, version: 3.4.0)
[1.370s] -- Found Boost: /usr/lib/x86_64-linux-gnu/cmake/Boost-1.74.0/BoostConfig.cmake (found suitable version "1.74.0", minimum required is "1.65.0") found components: system filesystem date_time iostreams serialization 
[1.392s] -- Checking for module 'flann'
[1.414s] --   Found flann, version 1.9.1
[1.475s] -- Found FLANN: /usr/lib/x86_64-linux-gnu/libflann_cpp.so  
[1.475s] -- FLANN found (include: /usr/include, lib: /usr/lib/x86_64-linux-gnu/libflann_cpp.so)
[1.512s] -- Found GLEW: /usr/lib/x86_64-linux-gnu/libGLEW.so  
[1.514s] -- Found OpenGL: /usr/lib/x86_64-linux-gnu/libOpenGL.so  found components: OpenGL GLX 
[1.721s] -- Found MPI_C: /usr/lib/x86_64-linux-gnu/libmpi.so (found version "3.1") 
[1.721s] -- Found MPI: TRUE (found version "3.1") found components: C 
[1.725s] -- Found JsonCpp: /usr/lib/x86_64-linux-gnu/libjsoncpp.so (found suitable version "1.9.5", minimum required is "0.7.0") 
[1.736s] -- Found ZLIB: /usr/lib/x86_64-linux-gnu/libz.so (found version "1.2.11") 
[1.750s] -- Found PNG: /usr/lib/x86_64-linux-gnu/libpng.so (found version "1.6.37") 
[1.757s] -- Found Eigen3: /usr/include/eigen3 (found version "3.4.0") 
[1.866s] -- Found X11: /usr/include   
[1.866s] -- Looking for XOpenDisplay in /usr/lib/x86_64-linux-gnu/libX11.so;/usr/lib/x86_64-linux-gnu/libXext.so
[1.962s] -- Looking for XOpenDisplay in /usr/lib/x86_64-linux-gnu/libX11.so;/usr/lib/x86_64-linux-gnu/libXext.so - found
[1.962s] -- Looking for gethostbyname
[2.055s] -- Looking for gethostbyname - found
[2.056s] -- Looking for connect
[2.157s] -- Looking for connect - found
[2.157s] -- Looking for remove
[2.247s] -- Looking for remove - found
[2.248s] -- Looking for shmat
[2.341s] -- Looking for shmat - found
[2.343s] -- Looking for IceConnectionNumber in ICE
[2.452s] -- Looking for IceConnectionNumber in ICE - found
[2.543s] -- Found EXPAT: /usr/lib/x86_64-linux-gnu/libexpat.so (found version "2.4.7") 
[2.544s] -- Found double-conversion: /usr/lib/x86_64-linux-gnu/libdouble-conversion.so  
[2.546s] -- Found LZ4: /usr/lib/x86_64-linux-gnu/liblz4.so (found version "1.9.3") 
[2.547s] -- Found LZMA: /usr/lib/x86_64-linux-gnu/liblzma.so (found version "5.2.5") 
[2.560s] -- Found JPEG: /usr/lib/x86_64-linux-gnu/libjpeg.so (found version "80") 
[2.568s] -- Found TIFF: /usr/lib/x86_64-linux-gnu/libtiff.so (found version "4.3.0")  
[2.571s] -- Found Freetype: /usr/lib/x86_64-linux-gnu/libfreetype.so (found version "2.11.1") 
[2.574s] -- Found utf8cpp: /usr/include/utf8cpp  
[2.680s] -- Checking for module 'libusb-1.0'
[2.702s] --   Found libusb-1.0, version 1.0.25
[2.754s] -- Found libusb: /usr/lib/x86_64-linux-gnu/libusb-1.0.so  
[2.756s] -- Found OpenNI: /usr/lib/libOpenNI.so;libusb::libusb (found version "1.5.4.0") 
[2.756s] -- OpenNI found (version: 1.5.4.0, include: /usr/include/ni, lib: /usr/lib/libOpenNI.so;libusb::libusb)
[2.813s] -- Found OpenNI2: /usr/lib/x86_64-linux-gnu/libOpenNI2.so;libusb::libusb (found version "2.2.0.33") 
[2.813s] -- OpenNI2 found (version: 2.2.0.33, include: /usr/include/openni2, lib: /usr/lib/x86_64-linux-gnu/libOpenNI2.so;libusb::libusb)
[2.814s] ** WARNING ** io features related to pcap will be disabled
[2.983s] -- Eigen found (include: /usr/include/eigen3, version: 3.4.0)
[2.992s] -- OpenNI found (version: 1.5.4.0, include: /usr/include/ni, lib: /usr/lib/libOpenNI.so;libusb::libusb)
[3.002s] -- OpenNI2 found (version: 2.2.0.33, include: /usr/include/openni2, lib: /usr/lib/x86_64-linux-gnu/libOpenNI2.so;libusb::libusb)
[3.165s] -- Found Qhull version 8.0.2
[3.320s] -- OpenNI found (version: 1.5.4.0, include: /usr/include/ni, lib: /usr/lib/libOpenNI.so;libusb::libusb)
[3.479s] -- looking for PCL_COMMON
[3.482s] -- Found PCL_COMMON: /usr/lib/x86_64-linux-gnu/libpcl_common.so  
[3.482s] -- looking for PCL_KDTREE
[3.482s] -- Found PCL_KDTREE: /usr/lib/x86_64-linux-gnu/libpcl_kdtree.so  
[3.482s] -- looking for PCL_OCTREE
[3.483s] -- Found PCL_OCTREE: /usr/lib/x86_64-linux-gnu/libpcl_octree.so  
[3.483s] -- looking for PCL_SEARCH
[3.484s] -- Found PCL_SEARCH: /usr/lib/x86_64-linux-gnu/libpcl_search.so  
[3.484s] -- looking for PCL_SAMPLE_CONSENSUS
[3.484s] -- Found PCL_SAMPLE_CONSENSUS: /usr/lib/x86_64-linux-gnu/libpcl_sample_consensus.so  
[3.484s] -- looking for PCL_FILTERS
[3.485s] -- Found PCL_FILTERS: /usr/lib/x86_64-linux-gnu/libpcl_filters.so  
[3.485s] -- looking for PCL_2D
[3.485s] -- Found PCL_2D: /usr/include/pcl-1.12  
[3.485s] -- looking for PCL_GEOMETRY
[3.485s] -- Found PCL_GEOMETRY: /usr/include/pcl-1.12  
[3.485s] -- looking for PCL_IO
[3.486s] -- Found PCL_IO: /usr/lib/x86_64-linux-gnu/libpcl_io.so  
[3.486s] -- looking for PCL_FEATURES
[3.486s] -- Found PCL_FEATURES: /usr/lib/x86_64-linux-gnu/libpcl_features.so  
[3.486s] -- looking for PCL_ML
[3.487s] -- Found PCL_ML: /usr/lib/x86_64-linux-gnu/libpcl_ml.so  
[3.487s] -- looking for PCL_SEGMENTATION
[3.488s] -- Found PCL_SEGMENTATION: /usr/lib/x86_64-linux-gnu/libpcl_segmentation.so  
[3.490s] -- looking for PCL_VISUALIZATION
[3.490s] -- Found PCL_VISUALIZATION: /usr/lib/x86_64-linux-gnu/libpcl_visualization.so  
[3.490s] -- looking for PCL_SURFACE
[3.491s] -- Found PCL_SURFACE: /usr/lib/x86_64-linux-gnu/libpcl_surface.so  
[3.491s] -- looking for PCL_REGISTRATION
[3.491s] -- Found PCL_REGISTRATION: /usr/lib/x86_64-linux-gnu/libpcl_registration.so  
[3.492s] -- looking for PCL_KEYPOINTS
[3.492s] -- Found PCL_KEYPOINTS: /usr/lib/x86_64-linux-gnu/libpcl_keypoints.so  
[3.492s] -- looking for PCL_TRACKING
[3.492s] -- Found PCL_TRACKING: /usr/lib/x86_64-linux-gnu/libpcl_tracking.so  
[3.492s] -- looking for PCL_RECOGNITION
[3.493s] -- Found PCL_RECOGNITION: /usr/lib/x86_64-linux-gnu/libpcl_recognition.so  
[3.493s] -- looking for PCL_STEREO
[3.494s] -- Found PCL_STEREO: /usr/lib/x86_64-linux-gnu/libpcl_stereo.so  
[3.494s] -- looking for PCL_APPS
[3.494s] -- Found PCL_APPS: /usr/lib/x86_64-linux-gnu/libpcl_apps.so  
[3.495s] -- looking for PCL_IN_HAND_SCANNER
[3.496s] -- Found PCL_IN_HAND_SCANNER: /usr/include/pcl-1.12  
[3.497s] -- looking for PCL_MODELER
[3.497s] -- Found PCL_MODELER: /usr/include/pcl-1.12  
[3.497s] -- looking for PCL_POINT_CLOUD_EDITOR
[3.497s] -- Found PCL_POINT_CLOUD_EDITOR: /usr/include/pcl-1.12  
[3.497s] -- looking for PCL_OUTOFCORE
[3.500s] -- Found PCL_OUTOFCORE: /usr/lib/x86_64-linux-gnu/libpcl_outofcore.so  
[3.500s] -- looking for PCL_PEOPLE
[3.500s] -- Found PCL_PEOPLE: /usr/lib/x86_64-linux-gnu/libpcl_people.so  
[3.500s] -- Found PCL: pcl_common;pcl_kdtree;pcl_octree;pcl_search;pcl_sample_consensus;pcl_filters;pcl_io;pcl_features;pcl_ml;pcl_segmentation;pcl_visualization;pcl_surface;pcl_registration;pcl_keypoints;pcl_tracking;pcl_recognition;pcl_stereo;pcl_apps;pcl_outofcore;pcl_people;Boost::system;Boost::filesystem;Boost::date_time;Boost::iostreams;Boost::serialization;/usr/lib/libOpenNI.so;libusb::libusb;/usr/lib/x86_64-linux-gnu/libOpenNI2.so;libusb::libusb;VTK::ChartsCore;VTK::CommonColor;VTK::CommonComputationalGeometry;VTK::CommonCore;VTK::CommonDataModel;VTK::CommonExecutionModel;VTK::CommonMath;VTK::CommonMisc;VTK::CommonTransforms;VTK::FiltersCore;VTK::FiltersExtraction;VTK::FiltersGeneral;VTK::FiltersGeometry;VTK::FiltersModeling;VTK::FiltersSources;VTK::ImagingCore;VTK::ImagingSources;VTK::InteractionImage;VTK::InteractionStyle;VTK::InteractionWidgets;VTK::IOCore;VTK::IOGeometry;VTK::IOImage;VTK::IOLegacy;VTK::IOPLY;VTK::RenderingAnnotation;VTK::RenderingCore;VTK::RenderingContext2D;VTK::RenderingLOD;VTK::RenderingFreeType;VTK::ViewsCore;VTK::ViewsContext2D;VTK::RenderingOpenGL2;VTK::GUISupportQt;FLANN::FLANN;QHULL::QHULL  
[3.501s] -- Found pcl_conversions: 2.4.5 (/opt/ros/humble/share/pcl_conversions/cmake)
[3.524s] -- Found ament_lint_auto: 0.12.14 (/opt/ros/humble/share/ament_lint_auto/cmake)
[3.653s] -- Added test 'cppcheck' to perform static code analysis on C / C++ code
[3.653s] -- Configured cppcheck include dirs: /home/rizy/planner/3d-navi/3d-navi-ros2_v1/src/planner/plan_env/include
[3.653s] -- Configured cppcheck exclude dirs and/or files: 
[3.654s] -- Added test 'lint_cmake' to check CMake code style
[3.654s] -- Added test 'uncrustify' to check C / C++ code style
[3.654s] -- Configured uncrustify additional arguments: 
[3.655s] -- Added test 'xmllint' to check XML markup files
[3.657s] -- Configuring done
[3.733s] -- Generating done
[3.751s] -- Build files have been written to: /home/rizy/planner/3d-navi/3d-navi-ros2_v1/build/plan_env
[3.800s] Invoked command in '/home/rizy/planner/3d-navi/3d-navi-ros2_v1/build/plan_env' returned '0': CMAKE_PREFIX_PATH=/opt/ros/humble CONDA_PROMPT_MODIFIER=(myenv) /usr/bin/cmake /home/rizy/planner/3d-navi/3d-navi-ros2_v1/src/planner/plan_env -DPython3_EXECUTABLE=/usr/bin/python3 -Dfmt_DIR=/usr/lib/x86_64-linux-gnu/cmake/fmt -DAMENT_CMAKE_SYMLINK_INSTALL=1 -DCMAKE_INSTALL_PREFIX=/home/rizy/planner/3d-navi/3d-navi-ros2_v1/install/plan_env
[3.806s] Invoking command in '/home/rizy/planner/3d-navi/3d-navi-ros2_v1/build/plan_env': CMAKE_PREFIX_PATH=/opt/ros/humble CONDA_PROMPT_MODIFIER=(myenv) /usr/bin/cmake --build /home/rizy/planner/3d-navi/3d-navi-ros2_v1/build/plan_env -- -j32 -l32
[3.866s] Consolidate compiler generated dependencies of target obj_generator
[3.869s] Consolidate compiler generated dependencies of target plan_env
[3.891s] [ 16%] Linking CXX shared library libplan_env.so
[3.896s] [ 33%] Linking CXX executable obj_generator
[4.841s] [ 50%] Built target obj_generator
[6.818s] [100%] Built target plan_env
[6.835s] Invoked command in '/home/rizy/planner/3d-navi/3d-navi-ros2_v1/build/plan_env' returned '0': CMAKE_PREFIX_PATH=/opt/ros/humble CONDA_PROMPT_MODIFIER=(myenv) /usr/bin/cmake --build /home/rizy/planner/3d-navi/3d-navi-ros2_v1/build/plan_env -- -j32 -l32
[6.837s] Invoking command in '/home/rizy/planner/3d-navi/3d-navi-ros2_v1/build/plan_env': CMAKE_PREFIX_PATH=/opt/ros/humble CONDA_PROMPT_MODIFIER=(myenv) /usr/bin/cmake --install /home/rizy/planner/3d-navi/3d-navi-ros2_v1/build/plan_env
[6.845s] -- Install configuration: "Release"
[6.845s] -- Execute custom install script
[6.845s] -- Up-to-date symlink: /home/rizy/planner/3d-navi/3d-navi-ros2_v1/install/plan_env/lib/libplan_env.so
[6.845s] -- Up-to-date symlink: /home/rizy/planner/3d-navi/3d-navi-ros2_v1/install/plan_env/lib/plan_env/obj_generator
[6.846s] -- Up-to-date symlink: /home/rizy/planner/3d-navi/3d-navi-ros2_v1/install/plan_env/include/plan_env/grid_map.h
[6.846s] -- Up-to-date symlink: /home/rizy/planner/3d-navi/3d-navi-ros2_v1/install/plan_env/include/plan_env/linear_obj_model.hpp
[6.846s] -- Up-to-date symlink: /home/rizy/planner/3d-navi/3d-navi-ros2_v1/install/plan_env/include/plan_env/obj_predictor.h
[6.846s] -- Up-to-date symlink: /home/rizy/planner/3d-navi/3d-navi-ros2_v1/install/plan_env/include/plan_env/raycast.h
[6.846s] -- Up-to-date symlink: /home/rizy/planner/3d-navi/3d-navi-ros2_v1/install/plan_env/share/plan_env/environment/library_path.sh
[6.846s] -- Up-to-date symlink: /home/rizy/planner/3d-navi/3d-navi-ros2_v1/install/plan_env/share/plan_env/environment/library_path.dsv
[6.846s] -- Up-to-date symlink: /home/rizy/planner/3d-navi/3d-navi-ros2_v1/install/plan_env/share/ament_index/resource_index/package_run_dependencies/plan_env
[6.847s] -- Up-to-date symlink: /home/rizy/planner/3d-navi/3d-navi-ros2_v1/install/plan_env/share/ament_index/resource_index/parent_prefix_path/plan_env
[6.847s] -- Up-to-date symlink: /home/rizy/planner/3d-navi/3d-navi-ros2_v1/install/plan_env/share/plan_env/environment/ament_prefix_path.sh
[6.847s] -- Up-to-date symlink: /home/rizy/planner/3d-navi/3d-navi-ros2_v1/install/plan_env/share/plan_env/environment/ament_prefix_path.dsv
[6.847s] -- Up-to-date symlink: /home/rizy/planner/3d-navi/3d-navi-ros2_v1/install/plan_env/share/plan_env/environment/path.sh
[6.847s] -- Up-to-date symlink: /home/rizy/planner/3d-navi/3d-navi-ros2_v1/install/plan_env/share/plan_env/environment/path.dsv
[6.847s] -- Up-to-date symlink: /home/rizy/planner/3d-navi/3d-navi-ros2_v1/install/plan_env/share/plan_env/local_setup.bash
[6.847s] -- Up-to-date symlink: /home/rizy/planner/3d-navi/3d-navi-ros2_v1/install/plan_env/share/plan_env/local_setup.sh
[6.847s] -- Up-to-date symlink: /home/rizy/planner/3d-navi/3d-navi-ros2_v1/install/plan_env/share/plan_env/local_setup.zsh
[6.847s] -- Up-to-date symlink: /home/rizy/planner/3d-navi/3d-navi-ros2_v1/install/plan_env/share/plan_env/local_setup.dsv
[6.847s] -- Symlinking: /home/rizy/planner/3d-navi/3d-navi-ros2_v1/install/plan_env/share/plan_env/package.dsv
[6.863s] -- Up-to-date symlink: /home/rizy/planner/3d-navi/3d-navi-ros2_v1/install/plan_env/share/ament_index/resource_index/packages/plan_env
[6.863s] -- Up-to-date symlink: /home/rizy/planner/3d-navi/3d-navi-ros2_v1/install/plan_env/share/plan_env/cmake/ament_cmake_export_include_directories-extras.cmake
[6.863s] -- Up-to-date symlink: /home/rizy/planner/3d-navi/3d-navi-ros2_v1/install/plan_env/share/plan_env/cmake/ament_cmake_export_libraries-extras.cmake
[6.863s] -- Up-to-date symlink: /home/rizy/planner/3d-navi/3d-navi-ros2_v1/install/plan_env/share/plan_env/cmake/plan_envConfig.cmake
[6.863s] -- Up-to-date symlink: /home/rizy/planner/3d-navi/3d-navi-ros2_v1/install/plan_env/share/plan_env/cmake/plan_envConfig-version.cmake
[6.863s] -- Up-to-date symlink: /home/rizy/planner/3d-navi/3d-navi-ros2_v1/install/plan_env/share/plan_env/package.xml
[6.867s] Invoked command in '/home/rizy/planner/3d-navi/3d-navi-ros2_v1/build/plan_env' returned '0': CMAKE_PREFIX_PATH=/opt/ros/humble CONDA_PROMPT_MODIFIER=(myenv) /usr/bin/cmake --install /home/rizy/planner/3d-navi/3d-navi-ros2_v1/build/plan_env
