-- Found ament_lint_auto: 0.12.14 (/opt/ros/humble/share/ament_lint_auto/cmake)
-- Override CMake install command with custom implementation using symlinks instead of copying resources
-- Found ament_cmake: 1.3.12 (/opt/ros/humble/share/ament_cmake/cmake)
-- Found rclcpp: 16.0.16 (/opt/ros/humble/share/rclcpp/cmake)
-- Found rosidl_generator_c: 3.1.7 (/opt/ros/humble/share/rosidl_generator_c/cmake)
-- Found rosidl_adapter: 3.1.7 (/opt/ros/humble/share/rosidl_adapter/cmake)
-- Found rosidl_generator_cpp: 3.1.7 (/opt/ros/humble/share/rosidl_generator_cpp/cmake)
-- Using all available rosidl_typesupport_c: rosidl_typesupport_fastrtps_c;rosidl_typesupport_introspection_c
-- Using all available rosidl_typesupport_cpp: rosidl_typesupport_fastrtps_cpp;rosidl_typesupport_introspection_cpp
-- Found rmw_implementation_cmake: 6.1.2 (/opt/ros/humble/share/rmw_implementation_cmake/cmake)
-- Found rmw_cyclonedds_cpp: 1.3.4 (/opt/ros/humble/share/rmw_cyclonedds_cpp/cmake)
-- Using RMW implementation 'rmw_cyclonedds_cpp' as default
-- Found pcl_ros: 2.4.5 (/opt/ros/humble/share/pcl_ros/cmake)
-- Eigen found (include: /usr/include/eigen3, version: 3.4.0)
-- FLANN found (include: /usr/include, lib: /usr/lib/x86_64-linux-gnu/libflann_cpp.so)
-- OpenNI found (version: 1.5.4.0, include: /usr/include/ni, lib: /usr/lib/libOpenNI.so;libusb::libusb)
-- OpenNI2 found (version: 2.2.0.33, include: /usr/include/openni2, lib: /usr/lib/x86_64-linux-gnu/libOpenNI2.so;libusb::libusb)
-- Eigen found (include: /usr/include/eigen3, version: 3.4.0)
-- OpenNI found (version: 1.5.4.0, include: /usr/include/ni, lib: /usr/lib/libOpenNI.so;libusb::libusb)
-- OpenNI2 found (version: 2.2.0.33, include: /usr/include/openni2, lib: /usr/lib/x86_64-linux-gnu/libOpenNI2.so;libusb::libusb)
-- Found Qhull version 8.0.2
-- OpenNI found (version: 1.5.4.0, include: /usr/include/ni, lib: /usr/lib/libOpenNI.so;libusb::libusb)
-- Found eigen3_cmake_module: 0.1.1 (/opt/ros/humble/share/eigen3_cmake_module/cmake)
-- Ensuring Eigen3 include directory is part of orocos-kdl CMake target
-- Found nav_msgs: 4.9.0 (/opt/ros/humble/share/nav_msgs/cmake)
-- Found quadrotor_msgs: 0.0.0 (/home/rizy/planner/3d-navi/3d-navi-ros2_v1/install/quadrotor_msgs/share/quadrotor_msgs/cmake)
-- Added test 'cppcheck' to perform static code analysis on C / C++ code
-- Configured cppcheck include dirs: 
-- Configured cppcheck exclude dirs and/or files: 
-- Added test 'flake8' to check Python code syntax and style conventions
-- Added test 'lint_cmake' to check CMake code style
-- Added test 'pep257' to check Python code against some of the docstring style conventions in PEP 257
-- Added test 'uncrustify' to check C / C++ code style
-- Configured uncrustify additional arguments: 
-- Added test 'xmllint' to check XML markup files
-- Configuring done
[33mCMake Warning at CMakeLists.txt:127 (add_executable):
  Cannot generate a safe runtime search path for target pcl_render_node
  because files in some directories may conflict with libraries in implicit
  directories:

    runtime library [libz.so.1] in /usr/lib/x86_64-linux-gnu may be hidden by files in:
      /home/rizy/anaconda3/envs/myenv/lib
    runtime library [libX11.so.6] in /usr/lib/x86_64-linux-gnu may be hidden by files in:
      /home/rizy/anaconda3/envs/myenv/lib
    runtime library [libpython3.10.so.1.0] in /usr/lib/x86_64-linux-gnu may be hidden by files in:
      /home/rizy/anaconda3/envs/myenv/lib

  Some of these libraries may not be found correctly.

[0m
-- Generating done
-- Build files have been written to: /home/rizy/planner/3d-navi/3d-navi-ros2_v1/build/local_sensing
[35m[1mConsolidate compiler generated dependencies of target pcl_render_node[0m
[100%] Built target pcl_render_node
-- Install configuration: "Release"
-- Execute custom install script
-- Up-to-date symlink: /home/rizy/planner/3d-navi/3d-navi-ros2_v1/install/local_sensing/lib/local_sensing/pcl_render_node
-- Up-to-date symlink: /home/rizy/planner/3d-navi/3d-navi-ros2_v1/install/local_sensing/share/local_sensing/config/camera.yaml
-- Up-to-date symlink: /home/rizy/planner/3d-navi/3d-navi-ros2_v1/install/local_sensing/share/ament_index/resource_index/package_run_dependencies/local_sensing
-- Up-to-date symlink: /home/rizy/planner/3d-navi/3d-navi-ros2_v1/install/local_sensing/share/ament_index/resource_index/parent_prefix_path/local_sensing
-- Up-to-date symlink: /home/rizy/planner/3d-navi/3d-navi-ros2_v1/install/local_sensing/share/local_sensing/environment/ament_prefix_path.sh
-- Up-to-date symlink: /home/rizy/planner/3d-navi/3d-navi-ros2_v1/install/local_sensing/share/local_sensing/environment/ament_prefix_path.dsv
-- Up-to-date symlink: /home/rizy/planner/3d-navi/3d-navi-ros2_v1/install/local_sensing/share/local_sensing/environment/path.sh
-- Up-to-date symlink: /home/rizy/planner/3d-navi/3d-navi-ros2_v1/install/local_sensing/share/local_sensing/environment/path.dsv
-- Up-to-date symlink: /home/rizy/planner/3d-navi/3d-navi-ros2_v1/install/local_sensing/share/local_sensing/local_setup.bash
-- Up-to-date symlink: /home/rizy/planner/3d-navi/3d-navi-ros2_v1/install/local_sensing/share/local_sensing/local_setup.sh
-- Up-to-date symlink: /home/rizy/planner/3d-navi/3d-navi-ros2_v1/install/local_sensing/share/local_sensing/local_setup.zsh
-- Up-to-date symlink: /home/rizy/planner/3d-navi/3d-navi-ros2_v1/install/local_sensing/share/local_sensing/local_setup.dsv
-- Symlinking: /home/rizy/planner/3d-navi/3d-navi-ros2_v1/install/local_sensing/share/local_sensing/package.dsv
-- Up-to-date symlink: /home/rizy/planner/3d-navi/3d-navi-ros2_v1/install/local_sensing/share/ament_index/resource_index/packages/local_sensing
-- Up-to-date symlink: /home/rizy/planner/3d-navi/3d-navi-ros2_v1/install/local_sensing/share/local_sensing/cmake/local_sensingConfig.cmake
-- Up-to-date symlink: /home/rizy/planner/3d-navi/3d-navi-ros2_v1/install/local_sensing/share/local_sensing/cmake/local_sensingConfig-version.cmake
-- Up-to-date symlink: /home/rizy/planner/3d-navi/3d-navi-ros2_v1/install/local_sensing/share/local_sensing/package.xml
