[0.036s] Invoking command in '/home/rizy/planner/3d-navi/3d-navi-ros2_v1/build/cmake_utils': CMAKE_PREFIX_PATH=/opt/ros/humble CONDA_PROMPT_MODIFIER=(myenv) /usr/bin/cmake /home/rizy/planner/3d-navi/3d-navi-ros2_v1/src/uav_simulator/Utils/cmake_utils -DPython3_EXECUTABLE=/usr/bin/python3 -Dfmt_DIR=/usr/lib/x86_64-linux-gnu/cmake/fmt -DAMENT_CMAKE_SYMLINK_INSTALL=1 -DCMAKE_INSTALL_PREFIX=/home/rizy/planner/3d-navi/3d-navi-ros2_v1/install/cmake_utils
[0.106s] -- The C compiler identification is GNU 11.4.0
[0.167s] -- The CXX compiler identification is GNU 11.4.0
[0.175s] -- Detecting C compiler ABI info
[0.260s] -- Detecting C compiler ABI info - done
[0.264s] -- Check for working C compiler: /usr/bin/cc - skipped
[0.264s] -- Detecting C compile features
[0.265s] -- Detecting C compile features - done
[0.267s] -- Detecting CXX compiler ABI info
[0.369s] -- Detecting CXX compiler ABI info - done
[0.374s] -- Check for working CXX compiler: /usr/bin/c++ - skipped
[0.374s] -- Detecting CXX compile features
[0.374s] -- Detecting CXX compile features - done
[0.380s] -- Found ament_cmake: 1.3.12 (/opt/ros/humble/share/ament_cmake/cmake)
[0.773s] -- Found Python3: /usr/bin/python3 (found version "3.10.12") found components: Interpreter 
[0.848s] -- Override CMake install command with custom implementation using symlinks instead of copying resources
[0.879s] -- Found rclcpp: 16.0.16 (/opt/ros/humble/share/rclcpp/cmake)
[0.916s] -- Found rosidl_generator_c: 3.1.7 (/opt/ros/humble/share/rosidl_generator_c/cmake)
[0.922s] -- Found rosidl_adapter: 3.1.7 (/opt/ros/humble/share/rosidl_adapter/cmake)
[0.928s] -- Found rosidl_generator_cpp: 3.1.7 (/opt/ros/humble/share/rosidl_generator_cpp/cmake)
[0.940s] -- Using all available rosidl_typesupport_c: rosidl_typesupport_fastrtps_c;rosidl_typesupport_introspection_c
[0.954s] -- Using all available rosidl_typesupport_cpp: rosidl_typesupport_fastrtps_cpp;rosidl_typesupport_introspection_cpp
[0.991s] -- Found rmw_implementation_cmake: 6.1.2 (/opt/ros/humble/share/rmw_implementation_cmake/cmake)
[0.992s] -- Found rmw_cyclonedds_cpp: 1.3.4 (/opt/ros/humble/share/rmw_cyclonedds_cpp/cmake)
[1.005s] -- Using RMW implementation 'rmw_cyclonedds_cpp' as default
[1.013s] -- Looking for pthread.h
[1.111s] -- Looking for pthread.h - found
[1.112s] -- Performing Test CMAKE_HAVE_LIBC_PTHREAD
[1.212s] -- Performing Test CMAKE_HAVE_LIBC_PTHREAD - Success
[1.213s] -- Found Threads: TRUE  
[1.246s] -- Found ament_lint_auto: 0.12.14 (/opt/ros/humble/share/ament_lint_auto/cmake)
[1.342s] -- Added test 'lint_cmake' to check CMake code style
[1.343s] -- Added test 'xmllint' to check XML markup files
[1.344s] -- Configuring done
[1.350s] -- Generating done
[1.353s] -- Build files have been written to: /home/rizy/planner/3d-navi/3d-navi-ros2_v1/build/cmake_utils
[1.386s] Invoked command in '/home/rizy/planner/3d-navi/3d-navi-ros2_v1/build/cmake_utils' returned '0': CMAKE_PREFIX_PATH=/opt/ros/humble CONDA_PROMPT_MODIFIER=(myenv) /usr/bin/cmake /home/rizy/planner/3d-navi/3d-navi-ros2_v1/src/uav_simulator/Utils/cmake_utils -DPython3_EXECUTABLE=/usr/bin/python3 -Dfmt_DIR=/usr/lib/x86_64-linux-gnu/cmake/fmt -DAMENT_CMAKE_SYMLINK_INSTALL=1 -DCMAKE_INSTALL_PREFIX=/home/rizy/planner/3d-navi/3d-navi-ros2_v1/install/cmake_utils
[1.387s] Invoking command in '/home/rizy/planner/3d-navi/3d-navi-ros2_v1/build/cmake_utils': CMAKE_PREFIX_PATH=/opt/ros/humble CONDA_PROMPT_MODIFIER=(myenv) /usr/bin/cmake --build /home/rizy/planner/3d-navi/3d-navi-ros2_v1/build/cmake_utils -- -j32 -l32
[1.439s] Invoked command in '/home/rizy/planner/3d-navi/3d-navi-ros2_v1/build/cmake_utils' returned '0': CMAKE_PREFIX_PATH=/opt/ros/humble CONDA_PROMPT_MODIFIER=(myenv) /usr/bin/cmake --build /home/rizy/planner/3d-navi/3d-navi-ros2_v1/build/cmake_utils -- -j32 -l32
[1.453s] Invoking command in '/home/rizy/planner/3d-navi/3d-navi-ros2_v1/build/cmake_utils': CMAKE_PREFIX_PATH=/opt/ros/humble CONDA_PROMPT_MODIFIER=(myenv) /usr/bin/cmake --install /home/rizy/planner/3d-navi/3d-navi-ros2_v1/build/cmake_utils
[1.465s] -- Install configuration: ""
[1.465s] -- Execute custom install script
[1.466s] -- Up-to-date symlink: /home/rizy/planner/3d-navi/3d-navi-ros2_v1/install/cmake_utils/share/ament_index/resource_index/package_run_dependencies/cmake_utils
[1.466s] -- Up-to-date symlink: /home/rizy/planner/3d-navi/3d-navi-ros2_v1/install/cmake_utils/share/ament_index/resource_index/parent_prefix_path/cmake_utils
[1.466s] -- Up-to-date symlink: /home/rizy/planner/3d-navi/3d-navi-ros2_v1/install/cmake_utils/share/cmake_utils/environment/ament_prefix_path.sh
[1.466s] -- Up-to-date symlink: /home/rizy/planner/3d-navi/3d-navi-ros2_v1/install/cmake_utils/share/cmake_utils/environment/ament_prefix_path.dsv
[1.466s] -- Up-to-date symlink: /home/rizy/planner/3d-navi/3d-navi-ros2_v1/install/cmake_utils/share/cmake_utils/environment/path.sh
[1.466s] -- Up-to-date symlink: /home/rizy/planner/3d-navi/3d-navi-ros2_v1/install/cmake_utils/share/cmake_utils/environment/path.dsv
[1.466s] -- Up-to-date symlink: /home/rizy/planner/3d-navi/3d-navi-ros2_v1/install/cmake_utils/share/cmake_utils/local_setup.bash
[1.467s] -- Up-to-date symlink: /home/rizy/planner/3d-navi/3d-navi-ros2_v1/install/cmake_utils/share/cmake_utils/local_setup.sh
[1.467s] -- Up-to-date symlink: /home/rizy/planner/3d-navi/3d-navi-ros2_v1/install/cmake_utils/share/cmake_utils/local_setup.zsh
[1.467s] -- Up-to-date symlink: /home/rizy/planner/3d-navi/3d-navi-ros2_v1/install/cmake_utils/share/cmake_utils/local_setup.dsv
[1.467s] -- Symlinking: /home/rizy/planner/3d-navi/3d-navi-ros2_v1/install/cmake_utils/share/cmake_utils/package.dsv
[1.483s] -- Up-to-date symlink: /home/rizy/planner/3d-navi/3d-navi-ros2_v1/install/cmake_utils/share/ament_index/resource_index/packages/cmake_utils
[1.483s] -- Up-to-date symlink: /home/rizy/planner/3d-navi/3d-navi-ros2_v1/install/cmake_utils/share/cmake_utils/cmake/cmake_utilsConfig.cmake
[1.483s] -- Up-to-date symlink: /home/rizy/planner/3d-navi/3d-navi-ros2_v1/install/cmake_utils/share/cmake_utils/cmake/cmake_utilsConfig-version.cmake
[1.483s] -- Up-to-date symlink: /home/rizy/planner/3d-navi/3d-navi-ros2_v1/install/cmake_utils/share/cmake_utils/package.xml
[1.490s] Invoked command in '/home/rizy/planner/3d-navi/3d-navi-ros2_v1/build/cmake_utils' returned '0': CMAKE_PREFIX_PATH=/opt/ros/humble CONDA_PROMPT_MODIFIER=(myenv) /usr/bin/cmake --install /home/rizy/planner/3d-navi/3d-navi-ros2_v1/build/cmake_utils
